Generate Time:       70.57239
Build Time:          39.16987
Graph has 1073741820 nodes and 17022105300 undirected edges for degree: 15
Trial Time:          15.15665
Trial Time:          15.15860
Trial Time:          15.15814
Trial Time:          15.15310
Trial Time:          15.14892
Trial Time:          15.14971
Trial Time:          15.15214
Trial Time:          15.16191
Trial Time:          15.15147
Trial Time:          15.15248
Trial Time:          15.15304
Trial Time:          15.16457
Trial Time:          15.15852
Trial Time:          15.15290
Trial Time:          15.15922
Trial Time:          15.15779
Average Time:        15.15557
