Generate Time:       50.48900
Build Time:          29.57798
Graph has 1073741820 nodes and 17022105300 undirected edges for degree: 15
Trial Time:          12.09570
Trial Time:          12.10404
Trial Time:          12.10431
Trial Time:          12.11464
Trial Time:          12.11425
Trial Time:          12.11158
Trial Time:          12.10756
Trial Time:          12.11206
Trial Time:          12.10955
Trial Time:          12.10956
Trial Time:          12.11020
Trial Time:          12.11228
Trial Time:          12.10861
Trial Time:          12.10594
Trial Time:          12.11356
Trial Time:          12.10805
Average Time:        12.10887
