Generate Time:       40.16862
Build Time:          28.71385
Graph has 1073741820 nodes and 17022105300 undirected edges for degree: 15
Trial Time:          12.41081
Trial Time:          12.41404
Trial Time:          12.42092
Trial Time:          12.41428
Trial Time:          12.41280
Trial Time:          12.41832
Trial Time:          12.41816
Trial Time:          12.40633
Trial Time:          12.41301
Trial Time:          12.42220
Trial Time:          12.42110
Trial Time:          12.42106
Trial Time:          12.41627
Trial Time:          12.41231
Trial Time:          12.41591
Trial Time:          12.42268
Average Time:        12.41626
