---
Devices:
 0: Host CPU
CloverLeaf:
 - Ver.:     2.000
 - Deck:     /home/labpc/work/cipp/CloverLeaf/InputDecks/clover_bm256_300.in
 - Out:      clover.out
 - Profiler: deck-specified
MPI:
 - Enabled:     false
 - Total ranks: 1
 - Header device-awareness (CUDA-awareness):  unknown
 - Runtime device-awareness (CUDA-awareness): unknown
 - Host-Device halo exchange staging buffer:  true
Model:
 - Name:      OpenMP (CPU)
 - Execution: Host
# ---- 
Output: |+1
 Output file clover.out opened. All output will go there.
 Args: --file /home/labpc/work/cipp/CloverLeaf/InputDecks/clover_bm256_300.in
 Using input: `/home/labpc/work/cipp/CloverLeaf/InputDecks/clover_bm256_300.in`
 Problem initialised and generated
 Launching hydro
 Step 1 time 0 control sound timestep  0.000385161 1,1 x 0 y 0
 Wall clock 1.14763
 Average time per cell 4.86429e-09
  Step time per cell    4.86429e-09
 Step 2 time 0.000385161 control sound timestep  0.000235099 1,1 x 0 y 0
 Wall clock 2.28023
 Average time per cell 4.83244e-09
  Step time per cell    4.80035e-09
 Step 3 time 0.000620261 control sound timestep  0.000298723 1,1 x 0 y 0
 Wall clock 3.42598
 Average time per cell 4.8404e-09
  Step time per cell    4.856e-09
 Step 4 time 0.000918984 control sound timestep  0.000314746 1,1 x 0 y 0
 Wall clock 4.56844
 Average time per cell 4.8409e-09
  Step time per cell    4.84212e-09
 Step 5 time 0.00123373 control sound timestep  0.000346361 1,1 x 0 y 0
 Wall clock 5.71359
 Average time per cell 4.84347e-09
  Step time per cell    4.85348e-09
 Step 6 time 0.00158009 control sound timestep  0.00034558 1,1 x 0 y 0
 Wall clock 6.85452
 Average time per cell 4.84221e-09
  Step time per cell    4.8356e-09
 Step 7 time 0.00192567 control sound timestep  0.000352154 1,1 x 0 y 0
 Wall clock 7.99996
 Average time per cell 4.84404e-09
  Step time per cell    4.8547e-09
 Step 8 time 0.00227782 control sound timestep  0.000370384 1,1 x 0 y 0
 Wall clock 9.13945
 Average time per cell 4.84225e-09
  Step time per cell    4.82965e-09
 Step 9 time 0.00264821 control sound timestep  0.000366391 1,1 x 0 y 0
 Wall clock 10.2872
 Average time per cell 4.84477e-09
  Step time per cell    4.86458e-09
 Step 10 time 0.0030146 control sound timestep  0.000363789 1,1 x 0 y 0
 Wall clock 11.5289
 Average time per cell 4.88659e-09
  Step time per cell    5.26269e-09
 Step 11 time 0.00337839 control sound timestep  0.000361224 1,1 x 0 y 0
 Wall clock 12.6759
 Average time per cell 4.88432e-09
  Step time per cell    4.86156e-09
 Step 12 time 0.00373961 control sound timestep  0.000359796 1,1 x 0 y 0
 Wall clock 13.8198
 Average time per cell 4.88131e-09
  Step time per cell    4.84795e-09
 Step 13 time 0.00409941 control sound timestep  0.000360678 1,1 x 0 y 0
 Wall clock 14.9644
 Average time per cell 4.87902e-09
  Step time per cell    4.85119e-09
 Step 14 time 0.00446009 control sound timestep  0.000362113 1,1 x 0 y 0
 Wall clock 16.1069
 Average time per cell 4.87642e-09
  Step time per cell    4.84227e-09
 Step 15 time 0.0048222 control sound timestep  0.000362661 1,1 x 0 y 0
 Wall clock 17.254
 Average time per cell 4.87546e-09
  Step time per cell    4.86172e-09
 Step 16 time 0.00518486 control sound timestep  0.000362812 1,1 x 0 y 0
 Wall clock 18.3997
 Average time per cell 4.87425e-09
  Step time per cell    4.8561e-09
 Step 17 time 0.00554767 control sound timestep  0.000362988 1,1 x 0 y 0
 Wall clock 19.5471
 Average time per cell 4.87362e-09
  Step time per cell    4.86322e-09
 Step 18 time 0.00591066 control sound timestep  0.000363082 1,1 x 0 y 0
 Wall clock 20.6907
 Average time per cell 4.87215e-09
  Step time per cell    4.84676e-09
 Step 19 time 0.00627374 control sound timestep  0.000363112 1,1 x 0 y 0
 Wall clock 21.8424
 Average time per cell 4.87264e-09
  Step time per cell    4.88119e-09
 Step 20 time 0.00663686 control sound timestep  0.00036317 1,1 x 0 y 0
 Wall clock 23.0813
 Average time per cell 4.89156e-09
  Step time per cell    5.25082e-09
 Step 21 time 0.00700003 control sound timestep  0.000363365 1,1 x 0 y 0
 Wall clock 24.2257
 Average time per cell 4.88962e-09
  Step time per cell    4.85065e-09
 Step 22 time 0.00736339 control sound timestep  0.00036347 1,1 x 0 y 0
 Wall clock 25.371
 Average time per cell 4.88801e-09
  Step time per cell    4.85388e-09
 Step 23 time 0.00772686 control sound timestep  0.000363513 1,1 x 0 y 0
 Wall clock 26.5215
 Average time per cell 4.8875e-09
  Step time per cell    4.87608e-09
 Step 24 time 0.00809037 control sound timestep  0.000363629 1,1 x 0 y 0
 Wall clock 27.671
 Average time per cell 4.88687e-09
  Step time per cell    4.8721e-09
 Step 25 time 0.008454 control sound timestep  0.000363732 1,1 x 0 y 0
 Wall clock 28.8189
 Average time per cell 4.88601e-09
  Step time per cell    4.8651e-09
 Step 26 time 0.00881773 control sound timestep  0.000363825 1,1 x 0 y 0
 Wall clock 29.9619
 Average time per cell 4.88443e-09
  Step time per cell    4.8445e-09
 Step 27 time 0.00918156 control sound timestep  0.000363914 1,1 x 0 y 0
 Wall clock 31.1167
 Average time per cell 4.88481e-09
  Step time per cell    4.89437e-09
 Step 28 time 0.00954547 control sound timestep  0.000363943 1,1 x 0 y 0
 Wall clock 32.2658
 Average time per cell 4.88429e-09
  Step time per cell    4.87015e-09
 Step 29 time 0.00990942 control sound timestep  0.000363973 1,1 x 0 y 0
 Wall clock 33.4154
 Average time per cell 4.88389e-09
  Step time per cell    4.87232e-09
 Step 30 time 0.0102734 control sound timestep  0.000363988 1,1 x 0 y 0
 Wall clock 34.6593
 Average time per cell 4.89684e-09
  Step time per cell    5.27208e-09
 Step 31 time 0.0106374 control sound timestep  0.000364002 1,1 x 0 y 0
 Wall clock 35.8098
 Average time per cell 4.89618e-09
  Step time per cell    4.87631e-09
 Step 32 time 0.0110014 control sound timestep  0.000364043 1,1 x 0 y 0
 Wall clock 36.953
 Average time per cell 4.8946e-09
  Step time per cell    4.84539e-09
 Step 33 time 0.0113654 control sound timestep  0.000364085 1,1 x 0 y 0
 Wall clock 38.1082
 Average time per cell 4.89466e-09
  Step time per cell    4.89605e-09
 Step 34 time 0.0117295 control sound timestep  0.000364133 1,1 x 0 y 0
 Wall clock 39.2595
 Average time per cell 4.89422e-09
  Step time per cell    4.87952e-09
 Step 35 time 0.0120936 control sound timestep  0.000364198 1,1 x 0 y 0
 Wall clock 40.4094
 Average time per cell 4.89364e-09
  Step time per cell    4.87355e-09
 Step 36 time 0.0124578 control sound timestep  0.000364259 1,1 x 0 y 0
 Wall clock 41.5536
 Average time per cell 4.89242e-09
  Step time per cell    4.84948e-09
 Step 37 time 0.0128221 control sound timestep  0.000364318 1,1 x 0 y 0
 Wall clock 42.6992
 Average time per cell 4.89143e-09
  Step time per cell    4.85539e-09
 Step 38 time 0.0131864 control sound timestep  0.000364383 1,1 x 0 y 0
 Wall clock 43.8498
 Average time per cell 4.89104e-09
  Step time per cell    4.87648e-09
 Step 39 time 0.0135508 control sound timestep  0.000364422 1,1 x 0 y 0
 Wall clock 45.0046
 Average time per cell 4.89114e-09
  Step time per cell    4.89447e-09
 Step 40 time 0.0139152 control sound timestep  0.000364431 1,1 x 0 y 0
 Wall clock 46.2572
 Average time per cell 4.90159e-09
  Step time per cell    5.309e-09
 Step 41 time 0.0142797 control sound timestep  0.000364435 1,1 x 0 y 0
 Wall clock 47.4116
 Average time per cell 4.90138e-09
  Step time per cell    4.89281e-09
 Step 42 time 0.0146441 control sound timestep  0.000364445 1,1 x 0 y 0
 Wall clock 48.5536
 Average time per cell 4.89993e-09
  Step time per cell    4.84026e-09
 Step 43 time 0.0150085 control sound timestep  0.000364471 1,1 x 0 y 0
 Wall clock 49.7006
 Average time per cell 4.89904e-09
  Step time per cell    4.86128e-09
 Step 44 time 0.015373 control sound timestep  0.000364495 1,1 x 0 y 0
 Wall clock 50.852
 Average time per cell 4.89861e-09
  Step time per cell    4.87994e-09
 Step 45 time 0.0157375 control sound timestep  0.000364518 1,1 x 0 y 0
 Wall clock 52.0084
 Average time per cell 4.89868e-09
  Step time per cell    4.90125e-09
 Step 46 time 0.016102 control sound timestep  0.000364543 1,1 x 0 y 0
 Wall clock 53.1616
 Average time per cell 4.89844e-09
  Step time per cell    4.88767e-09
 Step 47 time 0.0164666 control sound timestep  0.000364585 1,1 x 0 y 0
 Wall clock 54.3167
 Average time per cell 4.89839e-09
  Step time per cell    4.89548e-09
 Step 48 time 0.0168311 control sound timestep  0.000364628 1,1 x 0 y 0
 Wall clock 55.4645
 Average time per cell 4.89769e-09
  Step time per cell    4.86455e-09
 Step 49 time 0.0171958 control sound timestep  0.000364667 1,1 x 0 y 0
 Wall clock 56.6248
 Average time per cell 4.89811e-09
  Step time per cell    4.91784e-09
 Step 50 time 0.0175604 control sound timestep  0.000364708 1,1 x 0 y 0
 Wall clock 57.8725
 Average time per cell 4.90591e-09
  Step time per cell    5.28817e-09
 Step 51 time 0.0179251 control sound timestep  0.000364758 1,1 x 0 y 0
 Wall clock 59.031
 Average time per cell 4.906e-09
  Step time per cell    4.91026e-09
 Step 52 time 0.0182899 control sound timestep  0.000364817 1,1 x 0 y 0
 Wall clock 60.1756
 Average time per cell 4.90495e-09
  Step time per cell    4.85128e-09
 Step 53 time 0.0186547 control sound timestep  0.000364826 1,1 x 0 y 0
 Wall clock 61.3328
 Average time per cell 4.90495e-09
  Step time per cell    4.90421e-09
 Step 54 time 0.0190195 control sound timestep  0.00036483 1,1 x 0 y 0
 Wall clock 62.4861
 Average time per cell 4.90464e-09
  Step time per cell    4.88825e-09
 Step 55 time 0.0193844 control sound timestep  0.000364831 1,1 x 0 y 0
 Wall clock 63.646
 Average time per cell 4.90485e-09
  Step time per cell    4.91596e-09
 Step 56 time 0.0197492 control sound timestep  0.000364846 1,1 x 0 y 0
 Wall clock 64.7909
 Average time per cell 4.90392e-09
  Step time per cell    4.85226e-09
 Step 57 time 0.0201141 control sound timestep  0.000364866 1,1 x 0 y 0
 Wall clock 65.941
 Average time per cell 4.90341e-09
  Step time per cell    4.87458e-09
 Step 58 time 0.0204789 control sound timestep  0.000364884 1,1 x 0 y 0
 Wall clock 67.0941
 Average time per cell 4.90314e-09
  Step time per cell    4.88742e-09
 Step 59 time 0.0208438 control sound timestep  0.000364902 1,1 x 0 y 0
 Wall clock 68.2512
 Average time per cell 4.90316e-09
  Step time per cell    4.90385e-09
 Step 60 time 0.0212087 control sound timestep  0.000364922 1,1 x 0 y 0
 Wall clock 69.503
 Average time per cell 4.90987e-09
  Step time per cell    5.30558e-09
 Step 61 time 0.0215736 control sound timestep  0.000364956 1,1 x 0 y 0
 Wall clock 70.6567
 Average time per cell 4.90955e-09
  Step time per cell    4.8902e-09
 Step 62 time 0.0219386 control sound timestep  0.000364991 1,1 x 0 y 0
 Wall clock 71.8126
 Average time per cell 4.90938e-09
  Step time per cell    4.89865e-09
 Step 63 time 0.0223036 control sound timestep  0.000365022 1,1 x 0 y 0
 Wall clock 72.9715
 Average time per cell 4.90942e-09
  Step time per cell    4.91178e-09
 Step 64 time 0.0226686 control sound timestep  0.000365056 1,1 x 0 y 0
 Wall clock 74.1233
 Average time per cell 4.90899e-09
  Step time per cell    4.88173e-09
 Step 65 time 0.0230337 control sound timestep  0.000365098 1,1 x 0 y 0
 Wall clock 75.2827
 Average time per cell 4.90907e-09
  Step time per cell    4.91397e-09
 Step 66 time 0.0233988 control sound timestep  0.000365146 1,1 x 0 y 0
 Wall clock 76.4324
 Average time per cell 4.90852e-09
  Step time per cell    4.87255e-09
 Step 67 time 0.0237639 control sound timestep  0.000365166 1,1 x 0 y 0
 Wall clock 77.5947
 Average time per cell 4.90879e-09
  Step time per cell    4.92639e-09
 Step 68 time 0.0241291 control sound timestep  0.000365169 1,1 x 0 y 0
 Wall clock 78.7448
 Average time per cell 4.90829e-09
  Step time per cell    4.87448e-09
 Step 69 time 0.0244942 control sound timestep  0.000365167 1,1 x 0 y 0
 Wall clock 79.8978
 Average time per cell 4.90799e-09
  Step time per cell    4.88678e-09
 Step 70 time 0.0248594 control sound timestep  0.000365177 1,1 x 0 y 0
 Wall clock 81.1507
 Average time per cell 4.91374e-09
  Step time per cell    5.31026e-09
 Step 71 time 0.0252246 control sound timestep  0.000365194 1,1 x 0 y 0
 Wall clock 82.3106
 Average time per cell 4.91377e-09
  Step time per cell    4.91617e-09
 Step 72 time 0.0255898 control sound timestep  0.000365209 1,1 x 0 y 0
 Wall clock 83.4665
 Average time per cell 4.91357e-09
  Step time per cell    4.89912e-09
 Step 73 time 0.025955 control sound timestep  0.000365223 1,1 x 0 y 0
 Wall clock 84.6236
 Average time per cell 4.91345e-09
  Step time per cell    4.90396e-09
 Step 74 time 0.0263202 control sound timestep  0.000365239 1,1 x 0 y 0
 Wall clock 85.7744
 Average time per cell 4.91297e-09
  Step time per cell    4.8776e-09
 Step 75 time 0.0266854 control sound timestep  0.000365263 1,1 x 0 y 0
 Wall clock 86.9278
 Average time per cell 4.91264e-09
  Step time per cell    4.88831e-09
 Step 76 time 0.0270507 control sound timestep  0.000365294 1,1 x 0 y 0
 Wall clock 88.0811
 Average time per cell 4.91232e-09
  Step time per cell    4.88786e-09
 Step 77 time 0.027416 control sound timestep  0.000365322 1,1 x 0 y 0
 Wall clock 89.2392
 Average time per cell 4.91227e-09
  Step time per cell    4.90837e-09
 Step 78 time 0.0277813 control sound timestep  0.000365349 1,1 x 0 y 0
 Wall clock 90.3907
 Average time per cell 4.91187e-09
  Step time per cell    4.88073e-09
 Step 79 time 0.0281467 control sound timestep  0.000365381 1,1 x 0 y 0
 Wall clock 91.5522
 Average time per cell 4.91201e-09
  Step time per cell    4.92255e-09
 Step 80 time 0.0285121 control sound timestep  0.000365421 1,1 x 0 y 0
 Wall clock 92.8041
 Average time per cell 4.91694e-09
  Step time per cell    5.30621e-09
 Step 81 time 0.0288775 control sound timestep  0.000365457 1,1 x 0 y 0
 Wall clock 93.963
 Average time per cell 4.91688e-09
  Step time per cell    4.9117e-09
 Step 82 time 0.0292429 control sound timestep  0.000365459 1,1 x 0 y 0
 Wall clock 95.114
 Average time per cell 4.91641e-09
  Step time per cell    4.87821e-09
 Step 83 time 0.0296084 control sound timestep  0.000365461 1,1 x 0 y 0
 Wall clock 96.277
 Average time per cell 4.91657e-09
  Step time per cell    4.92934e-09
 Step 84 time 0.0299738 control sound timestep  0.000365461 1,1 x 0 y 0
 Wall clock 97.4342
 Average time per cell 4.91643e-09
  Step time per cell    4.90432e-09
 Step 85 time 0.0303393 control sound timestep  0.000365475 1,1 x 0 y 0
 Wall clock 98.5957
 Average time per cell 4.91651e-09
  Step time per cell    4.92316e-09
 Step 86 time 0.0307048 control sound timestep  0.000365488 1,1 x 0 y 0
 Wall clock 99.7433
 Average time per cell 4.9159e-09
  Step time per cell    4.86375e-09
 Step 87 time 0.0310703 control sound timestep  0.0003655 1,1 x 0 y 0
 Wall clock 100.897
 Average time per cell 4.91558e-09
  Step time per cell    4.88799e-09
 Step 88 time 0.0314358 control sound timestep  0.000365513 1,1 x 0 y 0
 Wall clock 102.054
 Average time per cell 4.91549e-09
  Step time per cell    4.9072e-09
 Step 89 time 0.0318013 control sound timestep  0.000365528 1,1 x 0 y 0
 Wall clock 103.213
 Average time per cell 4.91543e-09
  Step time per cell    4.91034e-09
 Step 90 time 0.0321668 control sound timestep  0.000365555 1,1 x 0 y 0
 Wall clock 104.462
 Average time per cell 4.91963e-09
  Step time per cell    5.2923e-09
 Step 91 time 0.0325324 control sound timestep  0.00036558 1,1 x 0 y 0
 Wall clock 105.616
 Average time per cell 4.91931e-09
  Step time per cell    4.89059e-09
 Step 92 time 0.0328979 control sound timestep  0.000365603 1,1 x 0 y 0
 Wall clock 106.77
 Average time per cell 4.91903e-09
  Step time per cell    4.89383e-09
 Step 93 time 0.0332636 control sound timestep  0.000365628 1,1 x 0 y 0
 Wall clock 107.936
 Average time per cell 4.91926e-09
  Step time per cell    4.93957e-09
 Step 94 time 0.0336292 control sound timestep  0.000365659 1,1 x 0 y 0
 Wall clock 109.091
 Average time per cell 4.919e-09
  Step time per cell    4.89508e-09
 Step 95 time 0.0339948 control sound timestep  0.000365696 1,1 x 0 y 0
 Wall clock 110.254
 Average time per cell 4.91912e-09
  Step time per cell    4.92941e-09
 Step 96 time 0.0343605 control sound timestep  0.000365709 1,1 x 0 y 0
 Wall clock 111.412
 Average time per cell 4.91902e-09
  Step time per cell    4.90979e-09
 Step 97 time 0.0347262 control sound timestep  0.00036571 1,1 x 0 y 0
 Wall clock 112.574
 Average time per cell 4.91909e-09
  Step time per cell    4.92518e-09
 Step 98 time 0.035092 control sound timestep  0.000365708 1,1 x 0 y 0
 Wall clock 113.723
 Average time per cell 4.91856e-09
  Step time per cell    4.86726e-09
 Step 99 time 0.0354577 control sound timestep  0.000365716 1,1 x 0 y 0
 Wall clock 114.877
 Average time per cell 4.9183e-09
  Step time per cell    4.89211e-09
 Step 100 time 0.0358234 control sound timestep  0.000365728 1,1 x 0 y 0
 Wall clock 116.138
 Average time per cell 4.92257e-09
  Step time per cell    5.34504e-09
 Step 101 time 0.0361891 control sound timestep  0.000365739 1,1 x 0 y 0
 Wall clock 117.3
 Average time per cell 4.92261e-09
  Step time per cell    4.92679e-09
 Step 102 time 0.0365548 control sound timestep  0.000365749 1,1 x 0 y 0
 Wall clock 118.449
 Average time per cell 4.92209e-09
  Step time per cell    4.86886e-09
 Step 103 time 0.0369206 control sound timestep  0.000365761 1,1 x 0 y 0
 Wall clock 119.605
 Average time per cell 4.92185e-09
  Step time per cell    4.89738e-09
 Step 104 time 0.0372864 control sound timestep  0.00036578 1,1 x 0 y 0
 Wall clock 120.763
 Average time per cell 4.92175e-09
  Step time per cell    4.9113e-09
 Step 105 time 0.0376521 control sound timestep  0.000365803 1,1 x 0 y 0
 Wall clock 121.925
 Average time per cell 4.92176e-09
  Step time per cell    4.92237e-09
 Step 106 time 0.0380179 control sound timestep  0.000365823 1,1 x 0 y 0
 Wall clock 123.081
 Average time per cell 4.92155e-09
  Step time per cell    4.89905e-09
 Step 107 time 0.0383838 control sound timestep  0.000365844 1,1 x 0 y 0
 Wall clock 124.244
 Average time per cell 4.92163e-09
  Step time per cell    4.92983e-09
 Step 108 time 0.0387496 control sound timestep  0.000365869 1,1 x 0 y 0
 Wall clock 125.403
 Average time per cell 4.92155e-09
  Step time per cell    4.91313e-09
 Step 109 time 0.0391155 control sound timestep  0.000365899 1,1 x 0 y 0
 Wall clock 126.563
 Average time per cell 4.92149e-09
  Step time per cell    4.91394e-09
 Step 110 time 0.0394814 control sound timestep  0.000365927 1,1 x 0 y 0
 Wall clock 127.816
 Average time per cell 4.92506e-09
  Step time per cell    5.31465e-09
 Step 111 time 0.0398473 control sound timestep  0.000365928 1,1 x 0 y 0
 Wall clock 128.984
 Average time per cell 4.92528e-09
  Step time per cell    4.94886e-09
 Step 112 time 0.0402132 control sound timestep  0.000365927 1,1 x 0 y 0
 Wall clock 130.139
 Average time per cell 4.925e-09
  Step time per cell    4.89341e-09
 Step 113 time 0.0405792 control sound timestep  0.000365929 1,1 x 0 y 0
 Wall clock 131.299
 Average time per cell 4.92492e-09
  Step time per cell    4.91616e-09
 Step 114 time 0.0409451 control sound timestep  0.000365939 1,1 x 0 y 0
 Wall clock 132.45
 Average time per cell 4.92452e-09
  Step time per cell    4.87903e-09
 Step 115 time 0.041311 control sound timestep  0.000365949 1,1 x 0 y 0
 Wall clock 133.615
 Average time per cell 4.92463e-09
  Step time per cell    4.93667e-09
 Step 116 time 0.041677 control sound timestep  0.000365958 1,1 x 0 y 0
 Wall clock 134.776
 Average time per cell 4.9246e-09
  Step time per cell    4.92124e-09
 Step 117 time 0.0420429 control sound timestep  0.000365968 1,1 x 0 y 0
 Wall clock 135.936
 Average time per cell 4.92455e-09
  Step time per cell    4.91858e-09
 Step 118 time 0.0424089 control sound timestep  0.00036598 1,1 x 0 y 0
 Wall clock 137.096
 Average time per cell 4.92446e-09
  Step time per cell    4.91375e-09
 Step 119 time 0.0427749 control sound timestep  0.000366001 1,1 x 0 y 0
 Wall clock 138.258
 Average time per cell 4.92448e-09
  Step time per cell    4.92648e-09
 Step 120 time 0.0431409 control sound timestep  0.00036602 1,1 x 0 y 0
 Wall clock 139.517
 Average time per cell 4.92793e-09
  Step time per cell    5.33752e-09
 Step 121 time 0.0435069 control sound timestep  0.000366037 1,1 x 0 y 0
 Wall clock 140.682
 Average time per cell 4.928e-09
  Step time per cell    4.93659e-09
 Step 122 time 0.0438729 control sound timestep  0.000366057 1,1 x 0 y 0
 Wall clock 141.844
 Average time per cell 4.92798e-09
  Step time per cell    4.92482e-09
 Step 123 time 0.044239 control sound timestep  0.000366082 1,1 x 0 y 0
 Wall clock 143.007
 Average time per cell 4.928e-09
  Step time per cell    4.93044e-09
 Step 124 time 0.0446051 control sound timestep  0.000366111 1,1 x 0 y 0
 Wall clock 144.163
 Average time per cell 4.92775e-09
  Step time per cell    4.89681e-09
 Step 125 time 0.0449712 control sound timestep  0.000366119 1,1 x 0 y 0
 Wall clock 145.326
 Average time per cell 4.92776e-09
  Step time per cell    4.92899e-09
 Step 126 time 0.0453373 control sound timestep  0.00036612 1,1 x 0 y 0
 Wall clock 146.49
 Average time per cell 4.92782e-09
  Step time per cell    4.93493e-09
 Step 127 time 0.0457034 control sound timestep  0.000366118 1,1 x 0 y 0
 Wall clock 147.652
 Average time per cell 4.9278e-09
  Step time per cell    4.92457e-09
 Step 128 time 0.0460695 control sound timestep  0.000366125 1,1 x 0 y 0
 Wall clock 148.815
 Average time per cell 4.92781e-09
  Step time per cell    4.92842e-09
 Step 129 time 0.0464357 control sound timestep  0.000366134 1,1 x 0 y 0
 Wall clock 149.978
 Average time per cell 4.92784e-09
  Step time per cell    4.93139e-09
 Step 130 time 0.0468018 control sound timestep  0.000366143 1,1 x 0 y 0
 Wall clock 151.239
 Average time per cell 4.93103e-09
  Step time per cell    5.34276e-09
 Step 131 time 0.0471679 control sound timestep  0.000366151 1,1 x 0 y 0
 Wall clock 152.406
 Average time per cell 4.93114e-09
  Step time per cell    4.94563e-09
 Step 132 time 0.0475341 control sound timestep  0.00036616 1,1 x 0 y 0
 Wall clock 153.569
 Average time per cell 4.93114e-09
  Step time per cell    4.93039e-09
 Step 133 time 0.0479003 control sound timestep  0.000366177 1,1 x 0 y 0
 Wall clock 154.734
 Average time per cell 4.9312e-09
  Step time per cell    4.93952e-09
 Step 134 time 0.0482664 control sound timestep  0.000366195 1,1 x 0 y 0
 Wall clock 155.897
 Average time per cell 4.93117e-09
  Step time per cell    4.92628e-09
 Step 135 time 0.0486326 control sound timestep  0.000366211 1,1 x 0 y 0
 Wall clock 157.064
 Average time per cell 4.93128e-09
  Step time per cell    4.94526e-09
 Step 136 time 0.0489988 control sound timestep  0.000366227 1,1 x 0 y 0
 Wall clock 158.224
 Average time per cell 4.93119e-09
  Step time per cell    4.91906e-09
 Step 137 time 0.0493651 control sound timestep  0.000366248 1,1 x 0 y 0
 Wall clock 159.391
 Average time per cell 4.9313e-09
  Step time per cell    4.9465e-09
 Step 138 time 0.0497313 control sound timestep  0.000366273 1,1 x 0 y 0
 Wall clock 160.554
 Average time per cell 4.93128e-09
  Step time per cell    4.92736e-09
 Step 139 time 0.0500976 control sound timestep  0.000366291 1,1 x 0 y 0
 Wall clock 161.718
 Average time per cell 4.93129e-09
  Step time per cell    4.93244e-09
 Step 140 time 0.0504639 control sound timestep  0.000366292 1,1 x 0 y 0
 Wall clock 162.975
 Average time per cell 4.93412e-09
  Step time per cell    5.32729e-09
 Step 141 time 0.0508302 control sound timestep  0.000366288 1,1 x 0 y 0
 Wall clock 164.145
 Average time per cell 4.9343e-09
  Step time per cell    4.9601e-09
 Step 142 time 0.0511965 control sound timestep  0.000366292 1,1 x 0 y 0
 Wall clock 165.299
 Average time per cell 4.93401e-09
  Step time per cell    4.89269e-09
 Step 143 time 0.0515627 control sound timestep  0.000366301 1,1 x 0 y 0
 Wall clock 166.461
 Average time per cell 4.93395e-09
  Step time per cell    4.92431e-09
 Step 144 time 0.051929 control sound timestep  0.000366308 1,1 x 0 y 0
 Wall clock 167.624
 Average time per cell 4.93391e-09
  Step time per cell    4.9279e-09
 Step 145 time 0.0522954 control sound timestep  0.000366316 1,1 x 0 y 0
 Wall clock 168.793
 Average time per cell 4.93405e-09
  Step time per cell    4.95434e-09
 Step 146 time 0.0526617 control sound timestep  0.000366324 1,1 x 0 y 0
 Wall clock 169.953
 Average time per cell 4.93395e-09
  Step time per cell    4.91936e-09
 Step 147 time 0.053028 control sound timestep  0.000366336 1,1 x 0 y 0
 Wall clock 171.121
 Average time per cell 4.93404e-09
  Step time per cell    4.94667e-09
 Step 148 time 0.0533943 control sound timestep  0.000366353 1,1 x 0 y 0
 Wall clock 172.283
 Average time per cell 4.93399e-09
  Step time per cell    4.92723e-09
 Step 149 time 0.0537607 control sound timestep  0.000366368 1,1 x 0 y 0
 Wall clock 173.446
 Average time per cell 4.93397e-09
  Step time per cell    4.93013e-09
 Step 150 time 0.0541271 control sound timestep  0.000366382 1,1 x 0 y 0
 Wall clock 174.712
 Average time per cell 4.93683e-09
  Step time per cell    5.36245e-09
 Step 151 time 0.0544934 control sound timestep  0.000366399 1,1 x 0 y 0
 Wall clock 175.881
 Average time per cell 4.93695e-09
  Step time per cell    4.95562e-09
 Step 152 time 0.0548598 control sound timestep  0.000366421 1,1 x 0 y 0
 Wall clock 177.042
 Average time per cell 4.93684e-09
  Step time per cell    4.91965e-09
 Step 153 time 0.0552263 control sound timestep  0.000366444 1,1 x 0 y 0
 Wall clock 178.204
 Average time per cell 4.93677e-09
  Step time per cell    4.92624e-09
 Step 154 time 0.0555927 control sound timestep  0.000366446 1,1 x 0 y 0
 Wall clock 179.366
 Average time per cell 4.9367e-09
  Step time per cell    4.92532e-09
 Step 155 time 0.0559591 control sound timestep  0.000366445 1,1 x 0 y 0
 Wall clock 180.536
 Average time per cell 4.93684e-09
  Step time per cell    4.95774e-09
 Step 156 time 0.0563256 control sound timestep  0.000366445 1,1 x 0 y 0
 Wall clock 181.696
 Average time per cell 4.93671e-09
  Step time per cell    4.91694e-09
 Step 157 time 0.056692 control sound timestep  0.000366452 1,1 x 0 y 0
 Wall clock 182.865
 Average time per cell 4.93683e-09
  Step time per cell    4.95441e-09
 Step 158 time 0.0570585 control sound timestep  0.000366459 1,1 x 0 y 0
 Wall clock 184.026
 Average time per cell 4.93672e-09
  Step time per cell    4.91943e-09
 Step 159 time 0.0574249 control sound timestep  0.000366466 1,1 x 0 y 0
 Wall clock 185.19
 Average time per cell 4.93672e-09
  Step time per cell    4.93547e-09
 Step 160 time 0.0577914 control sound timestep  0.000366473 1,1 x 0 y 0
 Wall clock 186.455
 Average time per cell 4.93936e-09
  Step time per cell    5.35931e-09
 Step 161 time 0.0581579 control sound timestep  0.000366482 1,1 x 0 y 0
 Wall clock 187.622
 Average time per cell 4.93941e-09
  Step time per cell    4.94713e-09
 Step 162 time 0.0585244 control sound timestep  0.000366498 1,1 x 0 y 0
 Wall clock 188.782
 Average time per cell 4.93928e-09
  Step time per cell    4.91805e-09
 Step 163 time 0.0588909 control sound timestep  0.000366512 1,1 x 0 y 0
 Wall clock 189.952
 Average time per cell 4.93941e-09
  Step time per cell    4.95992e-09
 Step 164 time 0.0592574 control sound timestep  0.000366525 1,1 x 0 y 0
 Wall clock 191.117
 Average time per cell 4.93938e-09
  Step time per cell    4.93465e-09
 Step 165 time 0.0596239 control sound timestep  0.000366539 1,1 x 0 y 0
 Wall clock 192.289
 Average time per cell 4.93957e-09
  Step time per cell    4.97003e-09
 Step 166 time 0.0599904 control sound timestep  0.000366558 1,1 x 0 y 0
 Wall clock 193.456
 Average time per cell 4.93961e-09
  Step time per cell    4.94589e-09
 Step 167 time 0.060357 control sound timestep  0.00036658 1,1 x 0 y 0
 Wall clock 194.624
 Average time per cell 4.93966e-09
  Step time per cell    4.94914e-09
 Step 168 time 0.0607236 control sound timestep  0.000366586 1,1 x 0 y 0
 Wall clock 195.791
 Average time per cell 4.93969e-09
  Step time per cell    4.94423e-09
 Step 169 time 0.0610902 control sound timestep  0.000366586 1,1 x 0 y 0
 Wall clock 196.964
 Average time per cell 4.93989e-09
  Step time per cell    4.97301e-09
 Step 170 time 0.0614568 control sound timestep  0.000366585 1,1 x 0 y 0
 Wall clock 198.228
 Average time per cell 4.94235e-09
  Step time per cell    5.35687e-09
 Step 171 time 0.0618233 control sound timestep  0.00036659 1,1 x 0 y 0
 Wall clock 199.404
 Average time per cell 4.94259e-09
  Step time per cell    4.98328e-09
 Step 172 time 0.0621899 control sound timestep  0.000366597 1,1 x 0 y 0
 Wall clock 200.573
 Average time per cell 4.94267e-09
  Step time per cell    4.95604e-09
 Step 173 time 0.0625565 control sound timestep  0.000366603 1,1 x 0 y 0
 Wall clock 201.747
 Average time per cell 4.94285e-09
  Step time per cell    4.97435e-09
 Step 174 time 0.0629231 control sound timestep  0.000366609 1,1 x 0 y 0
 Wall clock 202.913
 Average time per cell 4.94287e-09
  Step time per cell    4.9453e-09
 Step 175 time 0.0632897 control sound timestep  0.000366616 1,1 x 0 y 0
 Wall clock 204.081
 Average time per cell 4.94291e-09
  Step time per cell    4.94913e-09
 Step 176 time 0.0636564 control sound timestep  0.000366631 1,1 x 0 y 0
 Wall clock 205.25
 Average time per cell 4.94297e-09
  Step time per cell    4.95375e-09
 Step 177 time 0.064023 control sound timestep  0.000366644 1,1 x 0 y 0
 Wall clock 206.424
 Average time per cell 4.94316e-09
  Step time per cell    4.97742e-09
 Step 178 time 0.0643896 control sound timestep  0.000366656 1,1 x 0 y 0
 Wall clock 207.59
 Average time per cell 4.94314e-09
  Step time per cell    4.93894e-09
 Step 179 time 0.0647563 control sound timestep  0.000366668 1,1 x 0 y 0
 Wall clock 208.766
 Average time per cell 4.94337e-09
  Step time per cell    4.98443e-09
 Step 180 time 0.065123 control sound timestep  0.000366685 1,1 x 0 y 0
 Wall clock 210.034
 Average time per cell 4.94578e-09
  Step time per cell    5.37541e-09
 Step 181 time 0.0654896 control sound timestep  0.000366704 1,1 x 0 y 0
 Wall clock 211.207
 Average time per cell 4.94592e-09
  Step time per cell    4.97107e-09
 Step 182 time 0.0658563 control sound timestep  0.000366715 1,1 x 0 y 0
 Wall clock 212.37
 Average time per cell 4.94584e-09
  Step time per cell    4.93087e-09
 Step 183 time 0.0662231 control sound timestep  0.000366716 1,1 x 0 y 0
 Wall clock 213.539
 Average time per cell 4.94587e-09
  Step time per cell    4.952e-09
 Step 184 time 0.0665898 control sound timestep  0.000366713 1,1 x 0 y 0
 Wall clock 214.708
 Average time per cell 4.94594e-09
  Step time per cell    4.95729e-09
 Step 185 time 0.0669565 control sound timestep  0.000366717 1,1 x 0 y 0
 Wall clock 215.884
 Average time per cell 4.94614e-09
  Step time per cell    4.98287e-09
 Step 186 time 0.0673232 control sound timestep  0.000366724 1,1 x 0 y 0
 Wall clock 217.049
 Average time per cell 4.94609e-09
  Step time per cell    4.93788e-09
 Step 187 time 0.0676899 control sound timestep  0.000366729 1,1 x 0 y 0
 Wall clock 218.223
 Average time per cell 4.94626e-09
  Step time per cell    4.97731e-09
 Step 188 time 0.0680567 control sound timestep  0.000366735 1,1 x 0 y 0
 Wall clock 219.391
 Average time per cell 4.94627e-09
  Step time per cell    4.94815e-09
 Step 189 time 0.0684234 control sound timestep  0.000366742 1,1 x 0 y 0
 Wall clock 220.556
 Average time per cell 4.94623e-09
  Step time per cell    4.93788e-09
 Step 190 time 0.0687901 control sound timestep  0.000366754 1,1 x 0 y 0
 Wall clock 221.828
 Average time per cell 4.94859e-09
  Step time per cell    5.39334e-09
 Step 191 time 0.0691569 control sound timestep  0.000366766 1,1 x 0 y 0
 Wall clock 222.999
 Average time per cell 4.94866e-09
  Step time per cell    4.96215e-09
 Step 192 time 0.0695237 control sound timestep  0.000366777 1,1 x 0 y 0
 Wall clock 224.172
 Average time per cell 4.94877e-09
  Step time per cell    4.96916e-09
 Step 193 time 0.0698904 control sound timestep  0.000366789 1,1 x 0 y 0
 Wall clock 225.349
 Average time per cell 4.94898e-09
  Step time per cell    4.99082e-09
 Step 194 time 0.0702572 control sound timestep  0.000366803 1,1 x 0 y 0
 Wall clock 226.517
 Average time per cell 4.949e-09
  Step time per cell    4.95185e-09
 Step 195 time 0.070624 control sound timestep  0.000366821 1,1 x 0 y 0
 Wall clock 227.694
 Average time per cell 4.9492e-09
  Step time per cell    4.98695e-09
 Step 196 time 0.0709908 control sound timestep  0.000366835 1,1 x 0 y 0
 Wall clock 228.855
 Average time per cell 4.94905e-09
  Step time per cell    4.92051e-09
 Step 197 time 0.0713577 control sound timestep  0.000366836 1,1 x 0 y 0
 Wall clock 230.036
 Average time per cell 4.94934e-09
  Step time per cell    5.00454e-09
 Step 198 time 0.0717245 control sound timestep  0.000366833 1,1 x 0 y 0
 Wall clock 231.209
 Average time per cell 4.94945e-09
  Step time per cell    4.97099e-09
 Step 199 time 0.0720913 control sound timestep  0.000366836 1,1 x 0 y 0
 Wall clock 232.385
 Average time per cell 4.94962e-09
  Step time per cell    4.98314e-09
 Step 200 time 0.0724582 control sound timestep  0.000366842 1,1 x 0 y 0
 Wall clock 233.646
 Average time per cell 4.95161e-09
  Step time per cell    5.34846e-09
 Step 201 time 0.072825 control sound timestep  0.000366847 1,1 x 0 y 0
 Wall clock 234.823
 Average time per cell 4.95179e-09
  Step time per cell    4.98709e-09
 Step 202 time 0.0731919 control sound timestep  0.000366853 1,1 x 0 y 0
 Wall clock 235.993
 Average time per cell 4.95183e-09
  Step time per cell    4.95874e-09
 Step 203 time 0.0735587 control sound timestep  0.000366859 1,1 x 0 y 0
 Wall clock 237.165
 Average time per cell 4.95191e-09
  Step time per cell    4.96834e-09
 Step 204 time 0.0739256 control sound timestep  0.000366869 1,1 x 0 y 0
 Wall clock 238.333
 Average time per cell 4.95189e-09
  Step time per cell    4.9474e-09
 Step 205 time 0.0742925 control sound timestep  0.000366881 1,1 x 0 y 0
 Wall clock 239.511
 Average time per cell 4.95209e-09
  Step time per cell    4.99361e-09
 Step 206 time 0.0746593 control sound timestep  0.000366892 1,1 x 0 y 0
 Wall clock 240.681
 Average time per cell 4.95214e-09
  Step time per cell    4.96142e-09
 Step 207 time 0.0750262 control sound timestep  0.000366902 1,1 x 0 y 0
 Wall clock 241.863
 Average time per cell 4.95241e-09
  Step time per cell    5.00859e-09
 Step 208 time 0.0753931 control sound timestep  0.000366915 1,1 x 0 y 0
 Wall clock 243.032
 Average time per cell 4.95242e-09
  Step time per cell    4.95413e-09
 Step 209 time 0.07576 control sound timestep  0.000366932 1,1 x 0 y 0
 Wall clock 244.198
 Average time per cell 4.95238e-09
  Step time per cell    4.94354e-09
 Step 210 time 0.076127 control sound timestep  0.000366947 1,1 x 0 y 0
 Wall clock 245.472
 Average time per cell 4.9545e-09
  Step time per cell    5.39595e-09
 Step 211 time 0.0764939 control sound timestep  0.000366948 1,1 x 0 y 0
 Wall clock 246.647
 Average time per cell 4.95462e-09
  Step time per cell    4.98138e-09
 Step 212 time 0.0768609 control sound timestep  0.000366945 1,1 x 0 y 0
 Wall clock 247.82
 Average time per cell 4.95471e-09
  Step time per cell    4.97317e-09
 Step 213 time 0.0772278 control sound timestep  0.000366947 1,1 x 0 y 0
 Wall clock 248.998
 Average time per cell 4.95489e-09
  Step time per cell    4.99109e-09
 Step 214 time 0.0775948 control sound timestep  0.000366952 1,1 x 0 y 0
 Wall clock 250.167
 Average time per cell 4.95489e-09
  Step time per cell    4.95516e-09
 Step 215 time 0.0779617 control sound timestep  0.000366958 1,1 x 0 y 0
 Wall clock 251.344
 Average time per cell 4.95505e-09
  Step time per cell    4.99001e-09
 Step 216 time 0.0783287 control sound timestep  0.000366963 1,1 x 0 y 0
 Wall clock 252.509
 Average time per cell 4.95497e-09
  Step time per cell    4.93721e-09
 Step 217 time 0.0786956 control sound timestep  0.000366968 1,1 x 0 y 0
 Wall clock 253.687
 Average time per cell 4.95513e-09
  Step time per cell    4.9899e-09
 Step 218 time 0.0790626 control sound timestep  0.000366977 1,1 x 0 y 0
 Wall clock 254.859
 Average time per cell 4.95519e-09
  Step time per cell    4.96812e-09
 Step 219 time 0.0794296 control sound timestep  0.000366989 1,1 x 0 y 0
 Wall clock 256.039
 Average time per cell 4.95542e-09
  Step time per cell    5.00387e-09
 Step 220 time 0.0797966 control sound timestep  0.000366999 1,1 x 0 y 0
 Wall clock 257.314
 Average time per cell 4.95746e-09
  Step time per cell    5.40326e-09
 Step 221 time 0.0801636 control sound timestep  0.000367009 1,1 x 0 y 0
 Wall clock 258.491
 Average time per cell 4.95759e-09
  Step time per cell    4.98777e-09
 Step 222 time 0.0805306 control sound timestep  0.000367021 1,1 x 0 y 0
 Wall clock 259.659
 Average time per cell 4.95757e-09
  Step time per cell    4.95145e-09
 Step 223 time 0.0808976 control sound timestep  0.000367036 1,1 x 0 y 0
 Wall clock 260.835
 Average time per cell 4.95767e-09
  Step time per cell    4.98072e-09
 Step 224 time 0.0812646 control sound timestep  0.000367052 1,1 x 0 y 0
 Wall clock 262.01
 Average time per cell 4.95777e-09
  Step time per cell    4.98e-09
 Step 225 time 0.0816317 control sound timestep  0.000367052 1,1 x 0 y 0
 Wall clock 263.191
 Average time per cell 4.95799e-09
  Step time per cell    5.00681e-09
 Step 226 time 0.0819987 control sound timestep  0.00036705 1,1 x 0 y 0
 Wall clock 264.366
 Average time per cell 4.95809e-09
  Step time per cell    4.98053e-09
 Step 227 time 0.0823658 control sound timestep  0.000367051 1,1 x 0 y 0
 Wall clock 265.542
 Average time per cell 4.9582e-09
  Step time per cell    4.98258e-09
 Step 228 time 0.0827328 control sound timestep  0.000367056 1,1 x 0 y 0
 Wall clock 266.717
 Average time per cell 4.95831e-09
  Step time per cell    4.98172e-09
 Step 229 time 0.0830999 control sound timestep  0.000367062 1,1 x 0 y 0
 Wall clock 267.899
 Average time per cell 4.95853e-09
  Step time per cell    5.00961e-09
 Step 230 time 0.083467 control sound timestep  0.000367066 1,1 x 0 y 0
 Wall clock 269.169
 Average time per cell 4.96037e-09
  Step time per cell    5.38085e-09
 Step 231 time 0.083834 control sound timestep  0.000367071 1,1 x 0 y 0
 Wall clock 270.352
 Average time per cell 4.9606e-09
  Step time per cell    5.01434e-09
 Step 232 time 0.0842011 control sound timestep  0.000367079 1,1 x 0 y 0
 Wall clock 271.525
 Average time per cell 4.96066e-09
  Step time per cell    4.97328e-09
 Step 233 time 0.0845682 control sound timestep  0.000367091 1,1 x 0 y 0
 Wall clock 272.705
 Average time per cell 4.96083e-09
  Step time per cell    4.99948e-09
 Step 234 time 0.0849353 control sound timestep  0.0003671 1,1 x 0 y 0
 Wall clock 273.877
 Average time per cell 4.96086e-09
  Step time per cell    4.96816e-09
 Step 235 time 0.0853024 control sound timestep  0.00036711 1,1 x 0 y 0
 Wall clock 275.059
 Average time per cell 4.96108e-09
  Step time per cell    5.01173e-09
 Step 236 time 0.0856695 control sound timestep  0.000367121 1,1 x 0 y 0
 Wall clock 276.235
 Average time per cell 4.96116e-09
  Step time per cell    4.98107e-09
 Step 237 time 0.0860366 control sound timestep  0.000367135 1,1 x 0 y 0
 Wall clock 277.417
 Average time per cell 4.96137e-09
  Step time per cell    5.0101e-09
 Step 238 time 0.0864037 control sound timestep  0.000367151 1,1 x 0 y 0
 Wall clock 278.591
 Average time per cell 4.96144e-09
  Step time per cell    4.97756e-09
 Step 239 time 0.0867709 control sound timestep  0.000367151 1,1 x 0 y 0
 Wall clock 279.763
 Average time per cell 4.96146e-09
  Step time per cell    4.96586e-09
 Step 240 time 0.087138 control sound timestep  0.00036715 1,1 x 0 y 0
 Wall clock 281.04
 Average time per cell 4.96335e-09
  Step time per cell    5.41408e-09
 Step 241 time 0.0875052 control sound timestep  0.00036715 1,1 x 0 y 0
 Wall clock 282.216
 Average time per cell 4.96344e-09
  Step time per cell    4.98466e-09
 Step 242 time 0.0878723 control sound timestep  0.000367155 1,1 x 0 y 0
 Wall clock 283.391
 Average time per cell 4.96351e-09
  Step time per cell    4.98043e-09
 Step 243 time 0.0882395 control sound timestep  0.00036716 1,1 x 0 y 0
 Wall clock 284.57
 Average time per cell 4.96364e-09
  Step time per cell    4.99407e-09
 Step 244 time 0.0886066 control sound timestep  0.000367164 1,1 x 0 y 0
 Wall clock 285.746
 Average time per cell 4.96373e-09
  Step time per cell    4.98565e-09
 Step 245 time 0.0889738 control sound timestep  0.000367169 1,1 x 0 y 0
 Wall clock 286.923
 Average time per cell 4.96384e-09
  Step time per cell    4.98998e-09
 Step 246 time 0.089341 control sound timestep  0.000367177 1,1 x 0 y 0
 Wall clock 288.1
 Average time per cell 4.96393e-09
  Step time per cell    4.98727e-09
 Step 247 time 0.0897082 control sound timestep  0.000367187 1,1 x 0 y 0
 Wall clock 289.282
 Average time per cell 4.96412e-09
  Step time per cell    5.00964e-09
 Step 248 time 0.0900753 control sound timestep  0.000367197 1,1 x 0 y 0
 Wall clock 290.456
 Average time per cell 4.96416e-09
  Step time per cell    4.97507e-09
 Step 249 time 0.0904425 control sound timestep  0.000367205 1,1 x 0 y 0
 Wall clock 291.638
 Average time per cell 4.96435e-09
  Step time per cell    5.00928e-09
 Step 250 time 0.0908097 control sound timestep  0.000367216 1,1 x 0 y 0
 Wall clock 292.916
 Average time per cell 4.96616e-09
  Step time per cell    5.41666e-09
 Step 251 time 0.091177 control sound timestep  0.000367229 1,1 x 0 y 0
 Wall clock 294.098
 Average time per cell 4.96633e-09
  Step time per cell    5.01084e-09
 Step 252 time 0.0915442 control sound timestep  0.000367244 1,1 x 0 y 0
 Wall clock 295.267
 Average time per cell 4.96629e-09
  Step time per cell    4.95488e-09
 Step 253 time 0.0919114 control sound timestep  0.000367245 1,1 x 0 y 0
 Wall clock 296.45
 Average time per cell 4.96648e-09
  Step time per cell    5.01396e-09
 Step 254 time 0.0922787 control sound timestep  0.000367243 1,1 x 0 y 0
 Wall clock 297.627
 Average time per cell 4.96657e-09
  Step time per cell    4.98806e-09
 Step 255 time 0.0926459 control sound timestep  0.000367244 1,1 x 0 y 0
 Wall clock 298.812
 Average time per cell 4.96679e-09
  Step time per cell    5.02241e-09
 Step 256 time 0.0930132 control sound timestep  0.000367248 1,1 x 0 y 0
 Wall clock 299.987
 Average time per cell 4.96683e-09
  Step time per cell    4.97845e-09
 Step 257 time 0.0933804 control sound timestep  0.000367253 1,1 x 0 y 0
 Wall clock 301.171
 Average time per cell 4.96703e-09
  Step time per cell    5.01818e-09
 Step 258 time 0.0937477 control sound timestep  0.000367257 1,1 x 0 y 0
 Wall clock 302.348
 Average time per cell 4.96713e-09
  Step time per cell    4.99073e-09
 Step 259 time 0.0941149 control sound timestep  0.000367262 1,1 x 0 y 0
 Wall clock 303.534
 Average time per cell 4.96736e-09
  Step time per cell    5.02761e-09
 Step 260 time 0.0944822 control sound timestep  0.000367269 1,1 x 0 y 0
 Wall clock 304.813
 Average time per cell 4.9691e-09
  Step time per cell    5.41823e-09
 Step 261 time 0.0948495 control sound timestep  0.000367279 1,1 x 0 y 0
 Wall clock 305.996
 Average time per cell 4.96927e-09
  Step time per cell    5.01452e-09
 Step 262 time 0.0952167 control sound timestep  0.000367288 1,1 x 0 y 0
 Wall clock 307.172
 Average time per cell 4.96933e-09
  Step time per cell    4.98475e-09
 Step 263 time 0.095584 control sound timestep  0.000367297 1,1 x 0 y 0
 Wall clock 308.346
 Average time per cell 4.96936e-09
  Step time per cell    4.97677e-09
 Step 264 time 0.0959513 control sound timestep  0.000367307 1,1 x 0 y 0
 Wall clock 309.526
 Average time per cell 4.96948e-09
  Step time per cell    5.00007e-09
 Step 265 time 0.0963186 control sound timestep  0.00036732 1,1 x 0 y 0
 Wall clock 310.708
 Average time per cell 4.96963e-09
  Step time per cell    5.00943e-09
 Step 266 time 0.0966859 control sound timestep  0.000367334 1,1 x 0 y 0
 Wall clock 311.878
 Average time per cell 4.9696e-09
  Step time per cell    4.96029e-09
 Step 267 time 0.0970533 control sound timestep  0.000367334 1,1 x 0 y 0
 Wall clock 313.056
 Average time per cell 4.96968e-09
  Step time per cell    4.99099e-09
 Step 268 time 0.0974206 control sound timestep  0.000367332 1,1 x 0 y 0
 Wall clock 314.234
 Average time per cell 4.96977e-09
  Step time per cell    4.99415e-09
 Step 269 time 0.0977879 control sound timestep  0.000367333 1,1 x 0 y 0
 Wall clock 315.418
 Average time per cell 4.96995e-09
  Step time per cell    5.01778e-09
 Step 270 time 0.0981553 control sound timestep  0.000367338 1,1 x 0 y 0
 Wall clock 316.693
 Average time per cell 4.97155e-09
  Step time per cell    5.40192e-09
 Step 271 time 0.0985226 control sound timestep  0.000367342 1,1 x 0 y 0
 Wall clock 317.877
 Average time per cell 4.97172e-09
  Step time per cell    5.01835e-09
 Step 272 time 0.09889 control sound timestep  0.000367346 1,1 x 0 y 0
 Wall clock 319.055
 Average time per cell 4.97181e-09
  Step time per cell    4.99584e-09
 Step 273 time 0.0992573 control sound timestep  0.00036735 1,1 x 0 y 0
 Wall clock 320.234
 Average time per cell 4.97191e-09
  Step time per cell    4.99713e-09
 Step 274 time 0.0996247 control sound timestep  0.000367358 1,1 x 0 y 0
 Wall clock 321.416
 Average time per cell 4.97203e-09
  Step time per cell    5.00586e-09
 Step 275 time 0.099992 control sound timestep  0.000367367 1,1 x 0 y 0
 Wall clock 322.599
 Average time per cell 4.97219e-09
  Step time per cell    5.01494e-09
 Step 276 time 0.100359 control sound timestep  0.000367376 1,1 x 0 y 0
 Wall clock 323.777
 Average time per cell 4.97226e-09
  Step time per cell    4.99258e-09
 Step 277 time 0.100727 control sound timestep  0.000367384 1,1 x 0 y 0
 Wall clock 324.956
 Average time per cell 4.97236e-09
  Step time per cell    4.99864e-09
 Step 278 time 0.101094 control sound timestep  0.000367394 1,1 x 0 y 0
 Wall clock 326.139
 Average time per cell 4.9725e-09
  Step time per cell    5.01186e-09
 Step 279 time 0.101462 control sound timestep  0.000367406 1,1 x 0 y 0
 Wall clock 327.32
 Average time per cell 4.97263e-09
  Step time per cell    5.00838e-09
 Step 280 time 0.101829 control sound timestep  0.000367419 1,1 x 0 y 0
 Wall clock 328.595
 Average time per cell 4.97416e-09
  Step time per cell    5.40073e-09
 Step 281 time 0.102196 control sound timestep  0.000367419 1,1 x 0 y 0
 Wall clock 329.781
 Average time per cell 4.97435e-09
  Step time per cell    5.02622e-09
 Step 282 time 0.102564 control sound timestep  0.000367417 1,1 x 0 y 0
 Wall clock 330.955
 Average time per cell 4.97436e-09
  Step time per cell    4.97841e-09
 Step 283 time 0.102931 control sound timestep  0.000367418 1,1 x 0 y 0
 Wall clock 332.138
 Average time per cell 4.9745e-09
  Step time per cell    5.0111e-09
 Step 284 time 0.103299 control sound timestep  0.000367423 1,1 x 0 y 0
 Wall clock 333.312
 Average time per cell 4.97451e-09
  Step time per cell    4.9774e-09
 Step 285 time 0.103666 control sound timestep  0.000367427 1,1 x 0 y 0
 Wall clock 334.498
 Average time per cell 4.97469e-09
  Step time per cell    5.02688e-09
 Step 286 time 0.104033 control sound timestep  0.000367431 1,1 x 0 y 0
 Wall clock 335.675
 Average time per cell 4.97475e-09
  Step time per cell    4.9896e-09
 Step 287 time 0.104401 control sound timestep  0.000367435 1,1 x 0 y 0
 Wall clock 336.858
 Average time per cell 4.97489e-09
  Step time per cell    5.01482e-09
 Step 288 time 0.104768 control sound timestep  0.000367442 1,1 x 0 y 0
 Wall clock 338.03
 Average time per cell 4.97486e-09
  Step time per cell    4.96741e-09
 Step 289 time 0.105136 control sound timestep  0.000367452 1,1 x 0 y 0
 Wall clock 339.218
 Average time per cell 4.97507e-09
  Step time per cell    5.03475e-09
 Step 290 time 0.105503 control sound timestep  0.00036746 1,1 x 0 y 0
 Wall clock 340.493
 Average time per cell 4.97654e-09
  Step time per cell    5.40095e-09
 Step 291 time 0.105871 control sound timestep  0.000367468 1,1 x 0 y 0
 Wall clock 341.676
 Average time per cell 4.97667e-09
  Step time per cell    5.01586e-09
 Step 292 time 0.106238 control sound timestep  0.000367477 1,1 x 0 y 0
 Wall clock 342.857
 Average time per cell 4.97678e-09
  Step time per cell    5.00611e-09
 Step 293 time 0.106606 control sound timestep  0.00036749 1,1 x 0 y 0
 Wall clock 344.043
 Average time per cell 4.97694e-09
  Step time per cell    5.02578e-09
 Step 294 time 0.106973 control sound timestep  0.0003675 1,1 x 0 y 0
 Wall clock 345.218
 Average time per cell 4.97695e-09
  Step time per cell    4.97921e-09
 Step 295 time 0.107341 control sound timestep  0.000367501 1,1 x 0 y 0
 Wall clock 346.402
 Average time per cell 4.97709e-09
  Step time per cell    5.0181e-09
 Step 296 time 0.107708 control sound timestep  0.000367498 1,1 x 0 y 0
 Wall clock 347.584
 Average time per cell 4.97721e-09
  Step time per cell    5.01014e-09
 Step 297 time 0.108076 control sound timestep  0.0003675 1,1 x 0 y 0
 Wall clock 348.77
 Average time per cell 4.97737e-09
  Step time per cell    5.02502e-09
 Step 298 time 0.108443 control sound timestep  0.000367504 1,1 x 0 y 0
 Wall clock 349.944
 Average time per cell 4.97738e-09
  Step time per cell    4.97921e-09
 Step 299 time 0.108811 control sound timestep  0.000367508 1,1 x 0 y 0
 Wall clock 351.131
 Average time per cell 4.97755e-09
  Step time per cell    5.02781e-09
 Step 300 time 0.109178 control sound timestep  0.000367512 1,1 x 0 y 0
 Wall clock 352.515
 First step overhead 0
Result:
 - Problem: none
 - Outcome: PASSED
