-------------------------------------------------------------
STREAM version $Revision: 5.10 $
-------------------------------------------------------------
This system uses 8 bytes per array element.
-------------------------------------------------------------
Array size = 1000000000 (elements), Offset = 0 (elements)
Memory per array = 7629.4 MiB (= 7.5 GiB).
Total memory required = 22888.2 MiB (= 22.4 GiB).
Each kernel will be executed 750 times.
 The *best* time for each kernel (excluding the first iteration)
 will be used to compute the reported bandwidth.
-------------------------------------------------------------
Number of Threads requested = 128
Number of Threads counted = 128
-------------------------------------------------------------
Your clock granularity/precision appears to be 1 microseconds.
Each test below will take on the order of 40407 microseconds.
   (= 40407 clock ticks)
Increase the size of the arrays if this shows that
you are not getting at least 20 clock ticks per test.
-------------------------------------------------------------
WARNING -- The above is only a rough guideline.
For best results, please be sure you know the
precision of your system timer.
-------------------------------------------------------------
Function    Best Rate MB/s  Avg time     Min time     Max time
Copy:          451036.8     0.035930     0.035474     0.040213
Scale:         445917.9     0.036479     0.035881     0.040857
Add:           463931.1     0.051951     0.051732     0.057714
Triad:         468218.8     0.051502     0.051258     0.056427
-------------------------------------------------------------
Solution Validates: avg error less than 1.000000e-13 on all three arrays
-------------------------------------------------------------
