---
Devices:
 0: Host CPU
CloverLeaf:
 - Ver.:     2.000
 - Deck:     /home/labpc/work/cipp/CloverLeaf/InputDecks/clover_bm256_300.in
 - Out:      clover.out
 - Profiler: deck-specified
MPI:
 - Enabled:     false
 - Total ranks: 1
 - Header device-awareness (CUDA-awareness):  unknown
 - Runtime device-awareness (CUDA-awareness): unknown
 - Host-Device halo exchange staging buffer:  true
Model:
 - Name:      OpenMP (CPU)
 - Execution: Host
# ---- 
Output: |+1
 Output file clover.out opened. All output will go there.
 Args: --file /home/labpc/work/cipp/CloverLeaf/InputDecks/clover_bm256_300.in
 Using input: `/home/labpc/work/cipp/CloverLeaf/InputDecks/clover_bm256_300.in`
 Problem initialised and generated
 Launching hydro
 Step 1 time 0 control sound timestep  0.000385161 1,1 x 0 y 0
 Wall clock 1.02643
 Average time per cell 4.35057e-09
  Step time per cell    4.35057e-09
 Step 2 time 0.000385161 control sound timestep  0.000235099 1,1 x 0 y 0
 Wall clock 2.04389
 Average time per cell 4.33157e-09
  Step time per cell    4.31243e-09
 Step 3 time 0.000620261 control sound timestep  0.000298723 1,1 x 0 y 0
 Wall clock 3.07214
 Average time per cell 4.34047e-09
  Step time per cell    4.35817e-09
 Step 4 time 0.000918984 control sound timestep  0.000314746 1,1 x 0 y 0
 Wall clock 4.095
 Average time per cell 4.33922e-09
  Step time per cell    4.33539e-09
 Step 5 time 0.00123373 control sound timestep  0.000346361 1,1 x 0 y 0
 Wall clock 5.12866
 Average time per cell 4.34762e-09
  Step time per cell    4.38113e-09
 Step 6 time 0.00158009 control sound timestep  0.00034558 1,1 x 0 y 0
 Wall clock 6.1456
 Average time per cell 4.3414e-09
  Step time per cell    4.31023e-09
 Step 7 time 0.00192567 control sound timestep  0.000352154 1,1 x 0 y 0
 Wall clock 7.18269
 Average time per cell 4.34917e-09
  Step time per cell    4.39568e-09
 Step 8 time 0.00227782 control sound timestep  0.000370384 1,1 x 0 y 0
 Wall clock 8.20335
 Average time per cell 4.34629e-09
  Step time per cell    4.32604e-09
 Step 9 time 0.00264821 control sound timestep  0.000366391 1,1 x 0 y 0
 Wall clock 9.24439
 Average time per cell 4.35365e-09
  Step time per cell    4.41241e-09
 Step 10 time 0.0030146 control sound timestep  0.000363789 1,1 x 0 y 0
 Wall clock 10.336
 Average time per cell 4.38096e-09
  Step time per cell    4.62666e-09
 Step 11 time 0.00337839 control sound timestep  0.000361224 1,1 x 0 y 0
 Wall clock 11.3718
 Average time per cell 4.38183e-09
  Step time per cell    4.39051e-09
 Step 12 time 0.00373961 control sound timestep  0.000359796 1,1 x 0 y 0
 Wall clock 12.4013
 Average time per cell 4.3803e-09
  Step time per cell    4.36337e-09
 Step 13 time 0.00409941 control sound timestep  0.000360678 1,1 x 0 y 0
 Wall clock 13.4323
 Average time per cell 4.37949e-09
  Step time per cell    4.36972e-09
 Step 14 time 0.00446009 control sound timestep  0.000362113 1,1 x 0 y 0
 Wall clock 14.4625
 Average time per cell 4.37857e-09
  Step time per cell    4.36621e-09
 Step 15 time 0.0048222 control sound timestep  0.000362661 1,1 x 0 y 0
 Wall clock 15.4939
 Average time per cell 4.3781e-09
  Step time per cell    4.37129e-09
 Step 16 time 0.00518486 control sound timestep  0.000362812 1,1 x 0 y 0
 Wall clock 16.524
 Average time per cell 4.37735e-09
  Step time per cell    4.36581e-09
 Step 17 time 0.00554767 control sound timestep  0.000362988 1,1 x 0 y 0
 Wall clock 17.5555
 Average time per cell 4.37706e-09
  Step time per cell    4.37197e-09
 Step 18 time 0.00591066 control sound timestep  0.000363082 1,1 x 0 y 0
 Wall clock 18.5885
 Average time per cell 4.37713e-09
  Step time per cell    4.37837e-09
 Step 19 time 0.00627374 control sound timestep  0.000363112 1,1 x 0 y 0
 Wall clock 19.6206
 Average time per cell 4.37699e-09
  Step time per cell    4.37428e-09
 Step 20 time 0.00663686 control sound timestep  0.00036317 1,1 x 0 y 0
 Wall clock 20.7166
 Average time per cell 4.39042e-09
  Step time per cell    4.64536e-09
 Step 21 time 0.00700003 control sound timestep  0.000363365 1,1 x 0 y 0
 Wall clock 21.7621
 Average time per cell 4.39236e-09
  Step time per cell    4.4311e-09
 Step 22 time 0.00736339 control sound timestep  0.00036347 1,1 x 0 y 0
 Wall clock 22.7957
 Average time per cell 4.39185e-09
  Step time per cell    4.38076e-09
 Step 23 time 0.00772686 control sound timestep  0.000363513 1,1 x 0 y 0
 Wall clock 23.8408
 Average time per cell 4.3935e-09
  Step time per cell    4.4295e-09
 Step 24 time 0.00809037 control sound timestep  0.000363629 1,1 x 0 y 0
 Wall clock 24.8744
 Average time per cell 4.39298e-09
  Step time per cell    4.38055e-09
 Step 25 time 0.008454 control sound timestep  0.000363732 1,1 x 0 y 0
 Wall clock 25.9172
 Average time per cell 4.39405e-09
  Step time per cell    4.4196e-09
 Step 26 time 0.00881773 control sound timestep  0.000363825 1,1 x 0 y 0
 Wall clock 26.9416
 Average time per cell 4.39206e-09
  Step time per cell    4.34223e-09
 Step 27 time 0.00918156 control sound timestep  0.000363914 1,1 x 0 y 0
 Wall clock 27.9781
 Average time per cell 4.3921e-09
  Step time per cell    4.39278e-09
 Step 28 time 0.00954547 control sound timestep  0.000363943 1,1 x 0 y 0
 Wall clock 29.0031
 Average time per cell 4.3904e-09
  Step time per cell    4.34441e-09
 Step 29 time 0.00990942 control sound timestep  0.000363973 1,1 x 0 y 0
 Wall clock 30.037
 Average time per cell 4.39011e-09
  Step time per cell    4.38168e-09
 Step 30 time 0.0102734 control sound timestep  0.000363988 1,1 x 0 y 0
 Wall clock 31.1296
 Average time per cell 4.39814e-09
  Step time per cell    4.63075e-09
 Step 31 time 0.0106374 control sound timestep  0.000364002 1,1 x 0 y 0
 Wall clock 32.1661
 Average time per cell 4.39799e-09
  Step time per cell    4.39348e-09
 Step 32 time 0.0110014 control sound timestep  0.000364043 1,1 x 0 y 0
 Wall clock 33.2005
 Average time per cell 4.39756e-09
  Step time per cell    4.38379e-09
 Step 33 time 0.0113654 control sound timestep  0.000364085 1,1 x 0 y 0
 Wall clock 34.2368
 Average time per cell 4.3974e-09
  Step time per cell    4.39205e-09
 Step 34 time 0.0117295 control sound timestep  0.000364133 1,1 x 0 y 0
 Wall clock 35.2697
 Average time per cell 4.39684e-09
  Step time per cell    4.37805e-09
 Step 35 time 0.0120936 control sound timestep  0.000364198 1,1 x 0 y 0
 Wall clock 36.3094
 Average time per cell 4.39712e-09
  Step time per cell    4.40643e-09
 Step 36 time 0.0124578 control sound timestep  0.000364259 1,1 x 0 y 0
 Wall clock 37.3388
 Average time per cell 4.39618e-09
  Step time per cell    4.36306e-09
 Step 37 time 0.0128221 control sound timestep  0.000364318 1,1 x 0 y 0
 Wall clock 38.3784
 Average time per cell 4.39646e-09
  Step time per cell    4.40626e-09
 Step 38 time 0.0131864 control sound timestep  0.000364383 1,1 x 0 y 0
 Wall clock 39.4114
 Average time per cell 4.39598e-09
  Step time per cell    4.37803e-09
 Step 39 time 0.0135508 control sound timestep  0.000364422 1,1 x 0 y 0
 Wall clock 40.4533
 Average time per cell 4.3965e-09
  Step time per cell    4.41585e-09
 Step 40 time 0.0139152 control sound timestep  0.000364431 1,1 x 0 y 0
 Wall clock 41.5491
 Average time per cell 4.4027e-09
  Step time per cell    4.64424e-09
 Step 41 time 0.0142797 control sound timestep  0.000364435 1,1 x 0 y 0
 Wall clock 42.5925
 Average time per cell 4.40318e-09
  Step time per cell    4.42237e-09
 Step 42 time 0.0146441 control sound timestep  0.000364445 1,1 x 0 y 0
 Wall clock 43.6205
 Average time per cell 4.40209e-09
  Step time per cell    4.35724e-09
 Step 43 time 0.0150085 control sound timestep  0.000364471 1,1 x 0 y 0
 Wall clock 44.6574
 Average time per cell 4.40193e-09
  Step time per cell    4.39454e-09
 Step 44 time 0.015373 control sound timestep  0.000364495 1,1 x 0 y 0
 Wall clock 45.686
 Average time per cell 4.40097e-09
  Step time per cell    4.35947e-09
 Step 45 time 0.0157375 control sound timestep  0.000364518 1,1 x 0 y 0
 Wall clock 46.7226
 Average time per cell 4.40081e-09
  Step time per cell    4.39352e-09
 Step 46 time 0.016102 control sound timestep  0.000364543 1,1 x 0 y 0
 Wall clock 47.7534
 Average time per cell 4.40012e-09
  Step time per cell    4.36883e-09
 Step 47 time 0.0164666 control sound timestep  0.000364585 1,1 x 0 y 0
 Wall clock 48.7916
 Average time per cell 4.40013e-09
  Step time per cell    4.39999e-09
 Step 48 time 0.0168311 control sound timestep  0.000364628 1,1 x 0 y 0
 Wall clock 49.822
 Average time per cell 4.39944e-09
  Step time per cell    4.36702e-09
 Step 49 time 0.0171958 control sound timestep  0.000364667 1,1 x 0 y 0
 Wall clock 50.86
 Average time per cell 4.39945e-09
  Step time per cell    4.39952e-09
 Step 50 time 0.0175604 control sound timestep  0.000364708 1,1 x 0 y 0
 Wall clock 51.9555
 Average time per cell 4.40432e-09
  Step time per cell    4.64297e-09
 Step 51 time 0.0179251 control sound timestep  0.000364758 1,1 x 0 y 0
 Wall clock 52.9956
 Average time per cell 4.40441e-09
  Step time per cell    4.4086e-09
 Step 52 time 0.0182899 control sound timestep  0.000364817 1,1 x 0 y 0
 Wall clock 54.0285
 Average time per cell 4.4039e-09
  Step time per cell    4.37759e-09
 Step 53 time 0.0186547 control sound timestep  0.000364826 1,1 x 0 y 0
 Wall clock 55.0724
 Average time per cell 4.40429e-09
  Step time per cell    4.42415e-09
 Step 54 time 0.0190195 control sound timestep  0.00036483 1,1 x 0 y 0
 Wall clock 56.1086
 Average time per cell 4.40406e-09
  Step time per cell    4.39181e-09
 Step 55 time 0.0193844 control sound timestep  0.000364831 1,1 x 0 y 0
 Wall clock 57.1489
 Average time per cell 4.40416e-09
  Step time per cell    4.40904e-09
 Step 56 time 0.0197492 control sound timestep  0.000364846 1,1 x 0 y 0
 Wall clock 58.1839
 Average time per cell 4.40385e-09
  Step time per cell    4.38665e-09
 Step 57 time 0.0201141 control sound timestep  0.000364866 1,1 x 0 y 0
 Wall clock 59.2323
 Average time per cell 4.40455e-09
  Step time per cell    4.44347e-09
 Step 58 time 0.0204789 control sound timestep  0.000364884 1,1 x 0 y 0
 Wall clock 60.2739
 Average time per cell 4.40472e-09
  Step time per cell    4.41421e-09
 Step 59 time 0.0208438 control sound timestep  0.000364902 1,1 x 0 y 0
 Wall clock 61.3234
 Average time per cell 4.40546e-09
  Step time per cell    4.448e-09
 Step 60 time 0.0212087 control sound timestep  0.000364922 1,1 x 0 y 0
 Wall clock 62.4202
 Average time per cell 4.40952e-09
  Step time per cell    4.64856e-09
 Step 61 time 0.0215736 control sound timestep  0.000364956 1,1 x 0 y 0
 Wall clock 63.4575
 Average time per cell 4.40931e-09
  Step time per cell    4.39666e-09
 Step 62 time 0.0219386 control sound timestep  0.000364991 1,1 x 0 y 0
 Wall clock 64.4951
 Average time per cell 4.40913e-09
  Step time per cell    4.39774e-09
 Step 63 time 0.0223036 control sound timestep  0.000365022 1,1 x 0 y 0
 Wall clock 65.5382
 Average time per cell 4.40932e-09
  Step time per cell    4.42095e-09
 Step 64 time 0.0226686 control sound timestep  0.000365056 1,1 x 0 y 0
 Wall clock 66.5703
 Average time per cell 4.40877e-09
  Step time per cell    4.37406e-09
 Step 65 time 0.0230337 control sound timestep  0.000365098 1,1 x 0 y 0
 Wall clock 67.6127
 Average time per cell 4.40892e-09
  Step time per cell    4.41819e-09
 Step 66 time 0.0233988 control sound timestep  0.000365146 1,1 x 0 y 0
 Wall clock 68.6443
 Average time per cell 4.40837e-09
  Step time per cell    4.37214e-09
 Step 67 time 0.0237639 control sound timestep  0.000365166 1,1 x 0 y 0
 Wall clock 69.6869
 Average time per cell 4.40853e-09
  Step time per cell    4.41899e-09
 Step 68 time 0.0241291 control sound timestep  0.000365169 1,1 x 0 y 0
 Wall clock 70.722
 Average time per cell 4.40822e-09
  Step time per cell    4.38688e-09
 Step 69 time 0.0244942 control sound timestep  0.000365167 1,1 x 0 y 0
 Wall clock 71.7631
 Average time per cell 4.40828e-09
  Step time per cell    4.41233e-09
 Step 70 time 0.0248594 control sound timestep  0.000365177 1,1 x 0 y 0
 Wall clock 72.8713
 Average time per cell 4.41241e-09
  Step time per cell    4.69675e-09
 Step 71 time 0.0252246 control sound timestep  0.000365194 1,1 x 0 y 0
 Wall clock 73.9121
 Average time per cell 4.4124e-09
  Step time per cell    4.41153e-09
 Step 72 time 0.0255898 control sound timestep  0.000365209 1,1 x 0 y 0
 Wall clock 74.9418
 Average time per cell 4.41173e-09
  Step time per cell    4.36421e-09
 Step 73 time 0.025955 control sound timestep  0.000365223 1,1 x 0 y 0
 Wall clock 75.9829
 Average time per cell 4.41175e-09
  Step time per cell    4.41253e-09
 Step 74 time 0.0263202 control sound timestep  0.000365239 1,1 x 0 y 0
 Wall clock 77.0292
 Average time per cell 4.41206e-09
  Step time per cell    4.43467e-09
 Step 75 time 0.0266854 control sound timestep  0.000365263 1,1 x 0 y 0
 Wall clock 78.0696
 Average time per cell 4.41203e-09
  Step time per cell    4.40957e-09
 Step 76 time 0.0270507 control sound timestep  0.000365294 1,1 x 0 y 0
 Wall clock 79.1062
 Average time per cell 4.41179e-09
  Step time per cell    4.39345e-09
 Step 77 time 0.027416 control sound timestep  0.000365322 1,1 x 0 y 0
 Wall clock 80.1507
 Average time per cell 4.41198e-09
  Step time per cell    4.42672e-09
 Step 78 time 0.0277813 control sound timestep  0.000365349 1,1 x 0 y 0
 Wall clock 81.1829
 Average time per cell 4.41151e-09
  Step time per cell    4.3747e-09
 Step 79 time 0.0281467 control sound timestep  0.000365381 1,1 x 0 y 0
 Wall clock 82.2264
 Average time per cell 4.41166e-09
  Step time per cell    4.42293e-09
 Step 80 time 0.0285121 control sound timestep  0.000365421 1,1 x 0 y 0
 Wall clock 83.3249
 Average time per cell 4.41471e-09
  Step time per cell    4.65554e-09
 Step 81 time 0.0288775 control sound timestep  0.000365457 1,1 x 0 y 0
 Wall clock 84.3768
 Average time per cell 4.41525e-09
  Step time per cell    4.45869e-09
 Step 82 time 0.0292429 control sound timestep  0.000365459 1,1 x 0 y 0
 Wall clock 85.4092
 Average time per cell 4.41477e-09
  Step time per cell    4.37568e-09
 Step 83 time 0.0296084 control sound timestep  0.000365461 1,1 x 0 y 0
 Wall clock 86.4486
 Average time per cell 4.41466e-09
  Step time per cell    4.40532e-09
 Step 84 time 0.0299738 control sound timestep  0.000365461 1,1 x 0 y 0
 Wall clock 87.4809
 Average time per cell 4.4142e-09
  Step time per cell    4.37522e-09
 Step 85 time 0.0303393 control sound timestep  0.000365475 1,1 x 0 y 0
 Wall clock 88.52
 Average time per cell 4.41408e-09
  Step time per cell    4.404e-09
 Step 86 time 0.0307048 control sound timestep  0.000365488 1,1 x 0 y 0
 Wall clock 89.5532
 Average time per cell 4.41367e-09
  Step time per cell    4.3789e-09
 Step 87 time 0.0310703 control sound timestep  0.0003655 1,1 x 0 y 0
 Wall clock 90.5932
 Average time per cell 4.41361e-09
  Step time per cell    4.40786e-09
 Step 88 time 0.0314358 control sound timestep  0.000365513 1,1 x 0 y 0
 Wall clock 91.632
 Average time per cell 4.41349e-09
  Step time per cell    4.40284e-09
 Step 89 time 0.0318013 control sound timestep  0.000365528 1,1 x 0 y 0
 Wall clock 92.6791
 Average time per cell 4.41377e-09
  Step time per cell    4.43807e-09
 Step 90 time 0.0321668 control sound timestep  0.000365555 1,1 x 0 y 0
 Wall clock 93.7889
 Average time per cell 4.41699e-09
  Step time per cell    4.70339e-09
 Step 91 time 0.0325324 control sound timestep  0.00036558 1,1 x 0 y 0
 Wall clock 94.8322
 Average time per cell 4.41705e-09
  Step time per cell    4.4222e-09
 Step 92 time 0.0328979 control sound timestep  0.000365603 1,1 x 0 y 0
 Wall clock 95.8759
 Average time per cell 4.41712e-09
  Step time per cell    4.42337e-09
 Step 93 time 0.0332636 control sound timestep  0.000365628 1,1 x 0 y 0
 Wall clock 96.9286
 Average time per cell 4.4176e-09
  Step time per cell    4.46176e-09
 Step 94 time 0.0336292 control sound timestep  0.000365659 1,1 x 0 y 0
 Wall clock 97.9633
 Average time per cell 4.41726e-09
  Step time per cell    4.38502e-09
 Step 95 time 0.0339948 control sound timestep  0.000365696 1,1 x 0 y 0
 Wall clock 99.0044
 Average time per cell 4.41721e-09
  Step time per cell    4.41254e-09
 Step 96 time 0.0343605 control sound timestep  0.000365709 1,1 x 0 y 0
 Wall clock 100.04
 Average time per cell 4.41691e-09
  Step time per cell    4.38822e-09
 Step 97 time 0.0347262 control sound timestep  0.00036571 1,1 x 0 y 0
 Wall clock 101.081
 Average time per cell 4.41689e-09
  Step time per cell    4.41463e-09
 Step 98 time 0.035092 control sound timestep  0.000365708 1,1 x 0 y 0
 Wall clock 102.115
 Average time per cell 4.41654e-09
  Step time per cell    4.38204e-09
 Step 99 time 0.0354577 control sound timestep  0.000365716 1,1 x 0 y 0
 Wall clock 103.158
 Average time per cell 4.41658e-09
  Step time per cell    4.42067e-09
 Step 100 time 0.0358234 control sound timestep  0.000365728 1,1 x 0 y 0
 Wall clock 104.273
 Average time per cell 4.41968e-09
  Step time per cell    4.72577e-09
 Step 101 time 0.0361891 control sound timestep  0.000365739 1,1 x 0 y 0
 Wall clock 105.318
 Average time per cell 4.41976e-09
  Step time per cell    4.42816e-09
 Step 102 time 0.0365548 control sound timestep  0.000365749 1,1 x 0 y 0
 Wall clock 106.365
 Average time per cell 4.41993e-09
  Step time per cell    4.43684e-09
 Step 103 time 0.0369206 control sound timestep  0.000365761 1,1 x 0 y 0
 Wall clock 107.422
 Average time per cell 4.4205e-09
  Step time per cell    4.47826e-09
 Step 104 time 0.0372864 control sound timestep  0.00036578 1,1 x 0 y 0
 Wall clock 108.462
 Average time per cell 4.42039e-09
  Step time per cell    4.38861e-09
 Step 105 time 0.0376521 control sound timestep  0.000365803 1,1 x 0 y 0
 Wall clock 109.503
 Average time per cell 4.42034e-09
  Step time per cell    4.415e-09
 Step 106 time 0.0380179 control sound timestep  0.000365823 1,1 x 0 y 0
 Wall clock 110.542
 Average time per cell 4.42018e-09
  Step time per cell    4.40253e-09
 Step 107 time 0.0383838 control sound timestep  0.000365844 1,1 x 0 y 0
 Wall clock 111.587
 Average time per cell 4.42024e-09
  Step time per cell    4.42606e-09
 Step 108 time 0.0387496 control sound timestep  0.000365869 1,1 x 0 y 0
 Wall clock 112.628
 Average time per cell 4.42016e-09
  Step time per cell    4.41221e-09
 Step 109 time 0.0391155 control sound timestep  0.000365899 1,1 x 0 y 0
 Wall clock 113.675
 Average time per cell 4.42034e-09
  Step time per cell    4.4392e-09
 Step 110 time 0.0394814 control sound timestep  0.000365927 1,1 x 0 y 0
 Wall clock 114.786
 Average time per cell 4.42295e-09
  Step time per cell    4.70723e-09
 Step 111 time 0.0398473 control sound timestep  0.000365928 1,1 x 0 y 0
 Wall clock 115.838
 Average time per cell 4.42329e-09
  Step time per cell    4.46052e-09
 Step 112 time 0.0402132 control sound timestep  0.000365927 1,1 x 0 y 0
 Wall clock 116.883
 Average time per cell 4.42333e-09
  Step time per cell    4.42744e-09
 Step 113 time 0.0405792 control sound timestep  0.000365929 1,1 x 0 y 0
 Wall clock 117.935
 Average time per cell 4.42366e-09
  Step time per cell    4.46015e-09
 Step 114 time 0.0409451 control sound timestep  0.000365939 1,1 x 0 y 0
 Wall clock 118.972
 Average time per cell 4.42342e-09
  Step time per cell    4.39625e-09
 Step 115 time 0.041311 control sound timestep  0.000365949 1,1 x 0 y 0
 Wall clock 120.016
 Average time per cell 4.42343e-09
  Step time per cell    4.42394e-09
 Step 116 time 0.041677 control sound timestep  0.000365958 1,1 x 0 y 0
 Wall clock 121.053
 Average time per cell 4.42317e-09
  Step time per cell    4.39376e-09
 Step 117 time 0.0420429 control sound timestep  0.000365968 1,1 x 0 y 0
 Wall clock 122.097
 Average time per cell 4.42321e-09
  Step time per cell    4.42736e-09
 Step 118 time 0.0424089 control sound timestep  0.00036598 1,1 x 0 y 0
 Wall clock 123.146
 Average time per cell 4.42338e-09
  Step time per cell    4.44308e-09
 Step 119 time 0.0427749 control sound timestep  0.000366001 1,1 x 0 y 0
 Wall clock 124.193
 Average time per cell 4.42351e-09
  Step time per cell    4.43847e-09
 Step 120 time 0.0431409 control sound timestep  0.00036602 1,1 x 0 y 0
 Wall clock 125.3
 Average time per cell 4.42574e-09
  Step time per cell    4.69112e-09
 Step 121 time 0.0435069 control sound timestep  0.000366037 1,1 x 0 y 0
 Wall clock 126.357
 Average time per cell 4.42619e-09
  Step time per cell    4.47965e-09
 Step 122 time 0.0438729 control sound timestep  0.000366057 1,1 x 0 y 0
 Wall clock 127.399
 Average time per cell 4.42613e-09
  Step time per cell    4.41828e-09
 Step 123 time 0.044239 control sound timestep  0.000366082 1,1 x 0 y 0
 Wall clock 128.443
 Average time per cell 4.4261e-09
  Step time per cell    4.42245e-09
 Step 124 time 0.0446051 control sound timestep  0.000366111 1,1 x 0 y 0
 Wall clock 129.483
 Average time per cell 4.42598e-09
  Step time per cell    4.41149e-09
 Step 125 time 0.0449712 control sound timestep  0.000366119 1,1 x 0 y 0
 Wall clock 130.526
 Average time per cell 4.42592e-09
  Step time per cell    4.41718e-09
 Step 126 time 0.0453373 control sound timestep  0.00036612 1,1 x 0 y 0
 Wall clock 131.567
 Average time per cell 4.42584e-09
  Step time per cell    4.41553e-09
 Step 127 time 0.0457034 control sound timestep  0.000366118 1,1 x 0 y 0
 Wall clock 132.617
 Average time per cell 4.42601e-09
  Step time per cell    4.44758e-09
 Step 128 time 0.0460695 control sound timestep  0.000366125 1,1 x 0 y 0
 Wall clock 133.66
 Average time per cell 4.42597e-09
  Step time per cell    4.42093e-09
 Step 129 time 0.0464357 control sound timestep  0.000366134 1,1 x 0 y 0
 Wall clock 134.714
 Average time per cell 4.4263e-09
  Step time per cell    4.46793e-09
 Step 130 time 0.0468018 control sound timestep  0.000366143 1,1 x 0 y 0
 Wall clock 135.82
 Average time per cell 4.4283e-09
  Step time per cell    4.6855e-09
 Step 131 time 0.0471679 control sound timestep  0.000366151 1,1 x 0 y 0
 Wall clock 136.874
 Average time per cell 4.4286e-09
  Step time per cell    4.46805e-09
 Step 132 time 0.0475341 control sound timestep  0.00036616 1,1 x 0 y 0
 Wall clock 137.913
 Average time per cell 4.42842e-09
  Step time per cell    4.40456e-09
 Step 133 time 0.0479003 control sound timestep  0.000366177 1,1 x 0 y 0
 Wall clock 138.96
 Average time per cell 4.42848e-09
  Step time per cell    4.43653e-09
 Step 134 time 0.0482664 control sound timestep  0.000366195 1,1 x 0 y 0
 Wall clock 140.006
 Average time per cell 4.42854e-09
  Step time per cell    4.43553e-09
 Step 135 time 0.0486326 control sound timestep  0.000366211 1,1 x 0 y 0
 Wall clock 141.061
 Average time per cell 4.42884e-09
  Step time per cell    4.46878e-09
 Step 136 time 0.0489988 control sound timestep  0.000366227 1,1 x 0 y 0
 Wall clock 142.103
 Average time per cell 4.42877e-09
  Step time per cell    4.41898e-09
 Step 137 time 0.0493651 control sound timestep  0.000366248 1,1 x 0 y 0
 Wall clock 143.155
 Average time per cell 4.42897e-09
  Step time per cell    4.45562e-09
 Step 138 time 0.0497313 control sound timestep  0.000366273 1,1 x 0 y 0
 Wall clock 144.195
 Average time per cell 4.42884e-09
  Step time per cell    4.41138e-09
 Step 139 time 0.0500976 control sound timestep  0.000366291 1,1 x 0 y 0
 Wall clock 145.246
 Average time per cell 4.42903e-09
  Step time per cell    4.45438e-09
 Step 140 time 0.0504639 control sound timestep  0.000366292 1,1 x 0 y 0
 Wall clock 146.368
 Average time per cell 4.43136e-09
  Step time per cell    4.75507e-09
 Step 141 time 0.0508302 control sound timestep  0.000366288 1,1 x 0 y 0
 Wall clock 147.415
 Average time per cell 4.4314e-09
  Step time per cell    4.43787e-09
 Step 142 time 0.0511965 control sound timestep  0.000366292 1,1 x 0 y 0
 Wall clock 148.464
 Average time per cell 4.43151e-09
  Step time per cell    4.4459e-09
 Step 143 time 0.0515627 control sound timestep  0.000366301 1,1 x 0 y 0
 Wall clock 149.513
 Average time per cell 4.43161e-09
  Step time per cell    4.44572e-09
 Step 144 time 0.051929 control sound timestep  0.000366308 1,1 x 0 y 0
 Wall clock 150.552
 Average time per cell 4.4314e-09
  Step time per cell    4.40166e-09
 Step 145 time 0.0522954 control sound timestep  0.000366316 1,1 x 0 y 0
 Wall clock 151.607
 Average time per cell 4.43168e-09
  Step time per cell    4.47157e-09
 Step 146 time 0.0526617 control sound timestep  0.000366324 1,1 x 0 y 0
 Wall clock 152.653
 Average time per cell 4.4317e-09
  Step time per cell    4.43456e-09
 Step 147 time 0.053028 control sound timestep  0.000366336 1,1 x 0 y 0
 Wall clock 153.704
 Average time per cell 4.43184e-09
  Step time per cell    4.45204e-09
 Step 148 time 0.0533943 control sound timestep  0.000366353 1,1 x 0 y 0
 Wall clock 154.755
 Average time per cell 4.43202e-09
  Step time per cell    4.45738e-09
 Step 149 time 0.0537607 control sound timestep  0.000366368 1,1 x 0 y 0
 Wall clock 155.81
 Average time per cell 4.43228e-09
  Step time per cell    4.4711e-09
 Step 150 time 0.0541271 control sound timestep  0.000366382 1,1 x 0 y 0
 Wall clock 156.919
 Average time per cell 4.43407e-09
  Step time per cell    4.69933e-09
 Step 151 time 0.0544934 control sound timestep  0.000366399 1,1 x 0 y 0
 Wall clock 157.972
 Average time per cell 4.43426e-09
  Step time per cell    4.46277e-09
 Step 152 time 0.0548598 control sound timestep  0.000366421 1,1 x 0 y 0
 Wall clock 159.015
 Average time per cell 4.43417e-09
  Step time per cell    4.42022e-09
 Step 153 time 0.0552263 control sound timestep  0.000366444 1,1 x 0 y 0
 Wall clock 160.066
 Average time per cell 4.43429e-09
  Step time per cell    4.45312e-09
 Step 154 time 0.0555927 control sound timestep  0.000366446 1,1 x 0 y 0
 Wall clock 161.114
 Average time per cell 4.43435e-09
  Step time per cell    4.44233e-09
 Step 155 time 0.0559591 control sound timestep  0.000366445 1,1 x 0 y 0
 Wall clock 162.171
 Average time per cell 4.43463e-09
  Step time per cell    4.47868e-09
 Step 156 time 0.0563256 control sound timestep  0.000366445 1,1 x 0 y 0
 Wall clock 163.209
 Average time per cell 4.43443e-09
  Step time per cell    4.40229e-09
 Step 157 time 0.056692 control sound timestep  0.000366452 1,1 x 0 y 0
 Wall clock 164.251
 Average time per cell 4.43432e-09
  Step time per cell    4.41633e-09
 Step 158 time 0.0570585 control sound timestep  0.000366459 1,1 x 0 y 0
 Wall clock 165.287
 Average time per cell 4.43404e-09
  Step time per cell    4.39008e-09
 Step 159 time 0.0574249 control sound timestep  0.000366466 1,1 x 0 y 0
 Wall clock 166.329
 Average time per cell 4.43392e-09
  Step time per cell    4.41559e-09
 Step 160 time 0.0577914 control sound timestep  0.000366473 1,1 x 0 y 0
 Wall clock 167.431
 Average time per cell 4.43539e-09
  Step time per cell    4.66896e-09
 Step 161 time 0.0581579 control sound timestep  0.000366482 1,1 x 0 y 0
 Wall clock 168.477
 Average time per cell 4.43539e-09
  Step time per cell    4.43394e-09
 Step 162 time 0.0585244 control sound timestep  0.000366498 1,1 x 0 y 0
 Wall clock 169.516
 Average time per cell 4.43519e-09
  Step time per cell    4.40337e-09
 Step 163 time 0.0588909 control sound timestep  0.000366512 1,1 x 0 y 0
 Wall clock 170.565
 Average time per cell 4.43528e-09
  Step time per cell    4.44896e-09
 Step 164 time 0.0592574 control sound timestep  0.000366525 1,1 x 0 y 0
 Wall clock 171.612
 Average time per cell 4.43529e-09
  Step time per cell    4.43729e-09
 Step 165 time 0.0596239 control sound timestep  0.000366539 1,1 x 0 y 0
 Wall clock 172.67
 Average time per cell 4.43558e-09
  Step time per cell    4.48329e-09
 Step 166 time 0.0599904 control sound timestep  0.000366558 1,1 x 0 y 0
 Wall clock 173.713
 Average time per cell 4.43548e-09
  Step time per cell    4.41848e-09
 Step 167 time 0.060357 control sound timestep  0.00036658 1,1 x 0 y 0
 Wall clock 174.756
 Average time per cell 4.43541e-09
  Step time per cell    4.42348e-09
 Step 168 time 0.0607236 control sound timestep  0.000366586 1,1 x 0 y 0
 Wall clock 175.796
 Average time per cell 4.43525e-09
  Step time per cell    4.40831e-09
 Step 169 time 0.0610902 control sound timestep  0.000366586 1,1 x 0 y 0
 Wall clock 176.84
 Average time per cell 4.43517e-09
  Step time per cell    4.42199e-09
 Step 170 time 0.0614568 control sound timestep  0.000366585 1,1 x 0 y 0
 Wall clock 177.947
 Average time per cell 4.4367e-09
  Step time per cell    4.69501e-09
 Step 171 time 0.0618233 control sound timestep  0.00036659 1,1 x 0 y 0
 Wall clock 179.001
 Average time per cell 4.43687e-09
  Step time per cell    4.46439e-09
 Step 172 time 0.0621899 control sound timestep  0.000366597 1,1 x 0 y 0
 Wall clock 180.052
 Average time per cell 4.43698e-09
  Step time per cell    4.4561e-09
 Step 173 time 0.0625565 control sound timestep  0.000366603 1,1 x 0 y 0
 Wall clock 181.108
 Average time per cell 4.4372e-09
  Step time per cell    4.47523e-09
 Step 174 time 0.0629231 control sound timestep  0.000366609 1,1 x 0 y 0
 Wall clock 182.15
 Average time per cell 4.43709e-09
  Step time per cell    4.41759e-09
 Step 175 time 0.0632897 control sound timestep  0.000366616 1,1 x 0 y 0
 Wall clock 183.195
 Average time per cell 4.43705e-09
  Step time per cell    4.42854e-09
 Step 176 time 0.0636564 control sound timestep  0.000366631 1,1 x 0 y 0
 Wall clock 184.233
 Average time per cell 4.43683e-09
  Step time per cell    4.39864e-09
 Step 177 time 0.064023 control sound timestep  0.000366644 1,1 x 0 y 0
 Wall clock 185.278
 Average time per cell 4.43678e-09
  Step time per cell    4.42759e-09
 Step 178 time 0.0643896 control sound timestep  0.000366656 1,1 x 0 y 0
 Wall clock 186.318
 Average time per cell 4.43663e-09
  Step time per cell    4.40979e-09
 Step 179 time 0.0647563 control sound timestep  0.000366668 1,1 x 0 y 0
 Wall clock 187.362
 Average time per cell 4.43656e-09
  Step time per cell    4.42358e-09
 Step 180 time 0.065123 control sound timestep  0.000366685 1,1 x 0 y 0
 Wall clock 188.473
 Average time per cell 4.43807e-09
  Step time per cell    4.70909e-09
 Step 181 time 0.0654896 control sound timestep  0.000366704 1,1 x 0 y 0
 Wall clock 189.528
 Average time per cell 4.43826e-09
  Step time per cell    4.47275e-09
 Step 182 time 0.0658563 control sound timestep  0.000366715 1,1 x 0 y 0
 Wall clock 190.571
 Average time per cell 4.43817e-09
  Step time per cell    4.41995e-09
 Step 183 time 0.0662231 control sound timestep  0.000366716 1,1 x 0 y 0
 Wall clock 191.624
 Average time per cell 4.43831e-09
  Step time per cell    4.46394e-09
 Step 184 time 0.0665898 control sound timestep  0.000366713 1,1 x 0 y 0
 Wall clock 192.661
 Average time per cell 4.43806e-09
  Step time per cell    4.3919e-09
 Step 185 time 0.0669565 control sound timestep  0.000366717 1,1 x 0 y 0
 Wall clock 193.706
 Average time per cell 4.43801e-09
  Step time per cell    4.42999e-09
 Step 186 time 0.0673232 control sound timestep  0.000366724 1,1 x 0 y 0
 Wall clock 194.743
 Average time per cell 4.4378e-09
  Step time per cell    4.39755e-09
 Step 187 time 0.0676899 control sound timestep  0.000366729 1,1 x 0 y 0
 Wall clock 195.788
 Average time per cell 4.43775e-09
  Step time per cell    4.42859e-09
 Step 188 time 0.0680567 control sound timestep  0.000366735 1,1 x 0 y 0
 Wall clock 196.828
 Average time per cell 4.43758e-09
  Step time per cell    4.40487e-09
 Step 189 time 0.0684234 control sound timestep  0.000366742 1,1 x 0 y 0
 Wall clock 197.872
 Average time per cell 4.43752e-09
  Step time per cell    4.42647e-09
 Step 190 time 0.0687901 control sound timestep  0.000366754 1,1 x 0 y 0
 Wall clock 198.978
 Average time per cell 4.43883e-09
  Step time per cell    4.68655e-09
 Step 191 time 0.0691569 control sound timestep  0.000366766 1,1 x 0 y 0
 Wall clock 200.036
 Average time per cell 4.43907e-09
  Step time per cell    4.48387e-09
 Step 192 time 0.0695237 control sound timestep  0.000366777 1,1 x 0 y 0
 Wall clock 201.077
 Average time per cell 4.43894e-09
  Step time per cell    4.41502e-09
 Step 193 time 0.0698904 control sound timestep  0.000366789 1,1 x 0 y 0
 Wall clock 202.128
 Average time per cell 4.43903e-09
  Step time per cell    4.45457e-09
 Step 194 time 0.0702572 control sound timestep  0.000366803 1,1 x 0 y 0
 Wall clock 203.168
 Average time per cell 4.43885e-09
  Step time per cell    4.40511e-09
 Step 195 time 0.070624 control sound timestep  0.000366821 1,1 x 0 y 0
 Wall clock 204.213
 Average time per cell 4.4388e-09
  Step time per cell    4.42871e-09
 Step 196 time 0.0709908 control sound timestep  0.000366835 1,1 x 0 y 0
 Wall clock 205.255
 Average time per cell 4.43868e-09
  Step time per cell    4.41523e-09
 Step 197 time 0.0713577 control sound timestep  0.000366836 1,1 x 0 y 0
 Wall clock 206.299
 Average time per cell 4.43864e-09
  Step time per cell    4.42875e-09
 Step 198 time 0.0717245 control sound timestep  0.000366833 1,1 x 0 y 0
 Wall clock 207.344
 Average time per cell 4.43859e-09
  Step time per cell    4.42865e-09
 Step 199 time 0.0720913 control sound timestep  0.000366836 1,1 x 0 y 0
 Wall clock 208.39
 Average time per cell 4.43855e-09
  Step time per cell    4.43013e-09
 Step 200 time 0.0724582 control sound timestep  0.000366842 1,1 x 0 y 0
 Wall clock 209.496
 Average time per cell 4.43979e-09
  Step time per cell    4.68799e-09
 Step 201 time 0.072825 control sound timestep  0.000366847 1,1 x 0 y 0
 Wall clock 210.549
 Average time per cell 4.43992e-09
  Step time per cell    4.46462e-09
 Step 202 time 0.0731919 control sound timestep  0.000366853 1,1 x 0 y 0
 Wall clock 211.589
 Average time per cell 4.43977e-09
  Step time per cell    4.40898e-09
 Step 203 time 0.0735587 control sound timestep  0.000366859 1,1 x 0 y 0
 Wall clock 212.637
 Average time per cell 4.43978e-09
  Step time per cell    4.4413e-09
 Step 204 time 0.0739256 control sound timestep  0.000366869 1,1 x 0 y 0
 Wall clock 213.675
 Average time per cell 4.43957e-09
  Step time per cell    4.39711e-09
 Step 205 time 0.0742925 control sound timestep  0.000366881 1,1 x 0 y 0
 Wall clock 214.72
 Average time per cell 4.43953e-09
  Step time per cell    4.43125e-09
 Step 206 time 0.0746593 control sound timestep  0.000366892 1,1 x 0 y 0
 Wall clock 215.766
 Average time per cell 4.43949e-09
  Step time per cell    4.43174e-09
 Step 207 time 0.0750262 control sound timestep  0.000366902 1,1 x 0 y 0
 Wall clock 216.811
 Average time per cell 4.43944e-09
  Step time per cell    4.42819e-09
 Step 208 time 0.0753931 control sound timestep  0.000366915 1,1 x 0 y 0
 Wall clock 217.851
 Average time per cell 4.43928e-09
  Step time per cell    4.40713e-09
 Step 209 time 0.07576 control sound timestep  0.000366932 1,1 x 0 y 0
 Wall clock 218.898
 Average time per cell 4.43929e-09
  Step time per cell    4.44099e-09
 Step 210 time 0.076127 control sound timestep  0.000366947 1,1 x 0 y 0
 Wall clock 220.006
 Average time per cell 4.4405e-09
  Step time per cell    4.6928e-09
 Step 211 time 0.0764939 control sound timestep  0.000366948 1,1 x 0 y 0
 Wall clock 221.12
 Average time per cell 4.44184e-09
  Step time per cell    4.72228e-09
 Step 212 time 0.0768609 control sound timestep  0.000366945 1,1 x 0 y 0
 Wall clock 222.165
 Average time per cell 4.44178e-09
  Step time per cell    4.42939e-09
 Step 213 time 0.0772278 control sound timestep  0.000366947 1,1 x 0 y 0
 Wall clock 223.22
 Average time per cell 4.44193e-09
  Step time per cell    4.4731e-09
 Step 214 time 0.0775948 control sound timestep  0.000366952 1,1 x 0 y 0
 Wall clock 224.261
 Average time per cell 4.44179e-09
  Step time per cell    4.41252e-09
 Step 215 time 0.0779617 control sound timestep  0.000366958 1,1 x 0 y 0
 Wall clock 225.311
 Average time per cell 4.44182e-09
  Step time per cell    4.44655e-09
 Step 216 time 0.0783287 control sound timestep  0.000366963 1,1 x 0 y 0
 Wall clock 226.356
 Average time per cell 4.44177e-09
  Step time per cell    4.43135e-09
 Step 217 time 0.0786956 control sound timestep  0.000366968 1,1 x 0 y 0
 Wall clock 227.412
 Average time per cell 4.44192e-09
  Step time per cell    4.47481e-09
 Step 218 time 0.0790626 control sound timestep  0.000366977 1,1 x 0 y 0
 Wall clock 228.46
 Average time per cell 4.44192e-09
  Step time per cell    4.44072e-09
 Step 219 time 0.0794296 control sound timestep  0.000366989 1,1 x 0 y 0
 Wall clock 229.508
 Average time per cell 4.44192e-09
  Step time per cell    4.44235e-09
 Step 220 time 0.0797966 control sound timestep  0.000366999 1,1 x 0 y 0
 Wall clock 230.616
 Average time per cell 4.44309e-09
  Step time per cell    4.69802e-09
 Step 221 time 0.0801636 control sound timestep  0.000367009 1,1 x 0 y 0
 Wall clock 231.665
 Average time per cell 4.44309e-09
  Step time per cell    4.44434e-09
 Step 222 time 0.0805306 control sound timestep  0.000367021 1,1 x 0 y 0
 Wall clock 232.706
 Average time per cell 4.44296e-09
  Step time per cell    4.41377e-09
 Step 223 time 0.0808976 control sound timestep  0.000367036 1,1 x 0 y 0
 Wall clock 233.757
 Average time per cell 4.44301e-09
  Step time per cell    4.45252e-09
 Step 224 time 0.0812646 control sound timestep  0.000367052 1,1 x 0 y 0
 Wall clock 234.807
 Average time per cell 4.44304e-09
  Step time per cell    4.44895e-09
 Step 225 time 0.0816317 control sound timestep  0.000367052 1,1 x 0 y 0
 Wall clock 235.867
 Average time per cell 4.44327e-09
  Step time per cell    4.49575e-09
 Step 226 time 0.0819987 control sound timestep  0.00036705 1,1 x 0 y 0
 Wall clock 236.907
 Average time per cell 4.4431e-09
  Step time per cell    4.40428e-09
 Step 227 time 0.0823658 control sound timestep  0.000367051 1,1 x 0 y 0
 Wall clock 237.955
 Average time per cell 4.44311e-09
  Step time per cell    4.44463e-09
 Step 228 time 0.0827328 control sound timestep  0.000367056 1,1 x 0 y 0
 Wall clock 239.001
 Average time per cell 4.44306e-09
  Step time per cell    4.43106e-09
 Step 229 time 0.0830999 control sound timestep  0.000367062 1,1 x 0 y 0
 Wall clock 240.052
 Average time per cell 4.44311e-09
  Step time per cell    4.45552e-09
 Step 230 time 0.083467 control sound timestep  0.000367066 1,1 x 0 y 0
 Wall clock 241.169
 Average time per cell 4.44439e-09
  Step time per cell    4.73557e-09
 Step 231 time 0.083834 control sound timestep  0.000367071 1,1 x 0 y 0
 Wall clock 242.227
 Average time per cell 4.44455e-09
  Step time per cell    4.482e-09
 Step 232 time 0.0842011 control sound timestep  0.000367079 1,1 x 0 y 0
 Wall clock 243.274
 Average time per cell 4.44452e-09
  Step time per cell    4.43815e-09
 Step 233 time 0.0845682 control sound timestep  0.000367091 1,1 x 0 y 0
 Wall clock 244.325
 Average time per cell 4.44457e-09
  Step time per cell    4.45558e-09
 Step 234 time 0.0849353 control sound timestep  0.0003671 1,1 x 0 y 0
 Wall clock 245.371
 Average time per cell 4.44452e-09
  Step time per cell    4.43247e-09
 Step 235 time 0.0853024 control sound timestep  0.00036711 1,1 x 0 y 0
 Wall clock 246.423
 Average time per cell 4.44458e-09
  Step time per cell    4.45841e-09
 Step 236 time 0.0856695 control sound timestep  0.000367121 1,1 x 0 y 0
 Wall clock 247.47
 Average time per cell 4.44456e-09
  Step time per cell    4.43908e-09
 Step 237 time 0.0860366 control sound timestep  0.000367135 1,1 x 0 y 0
 Wall clock 248.521
 Average time per cell 4.44459e-09
  Step time per cell    4.45269e-09
 Step 238 time 0.0864037 control sound timestep  0.000367151 1,1 x 0 y 0
 Wall clock 249.562
 Average time per cell 4.44446e-09
  Step time per cell    4.41229e-09
 Step 239 time 0.0867709 control sound timestep  0.000367151 1,1 x 0 y 0
 Wall clock 250.611
 Average time per cell 4.44447e-09
  Step time per cell    4.44757e-09
 Step 240 time 0.087138 control sound timestep  0.00036715 1,1 x 0 y 0
 Wall clock 251.724
 Average time per cell 4.44561e-09
  Step time per cell    4.71733e-09
 Step 241 time 0.0875052 control sound timestep  0.00036715 1,1 x 0 y 0
 Wall clock 252.774
 Average time per cell 4.44562e-09
  Step time per cell    4.44728e-09
 Step 242 time 0.0878723 control sound timestep  0.000367155 1,1 x 0 y 0
 Wall clock 253.817
 Average time per cell 4.44553e-09
  Step time per cell    4.42337e-09
 Step 243 time 0.0882395 control sound timestep  0.00036716 1,1 x 0 y 0
 Wall clock 254.867
 Average time per cell 4.44555e-09
  Step time per cell    4.45047e-09
 Step 244 time 0.0886066 control sound timestep  0.000367164 1,1 x 0 y 0
 Wall clock 255.914
 Average time per cell 4.44551e-09
  Step time per cell    4.43639e-09
 Step 245 time 0.0889738 control sound timestep  0.000367169 1,1 x 0 y 0
 Wall clock 256.965
 Average time per cell 4.44555e-09
  Step time per cell    4.45338e-09
 Step 246 time 0.089341 control sound timestep  0.000367177 1,1 x 0 y 0
 Wall clock 258.005
 Average time per cell 4.4454e-09
  Step time per cell    4.40973e-09
 Step 247 time 0.0897082 control sound timestep  0.000367187 1,1 x 0 y 0
 Wall clock 259.059
 Average time per cell 4.44549e-09
  Step time per cell    4.4664e-09
 Step 248 time 0.0900753 control sound timestep  0.000367197 1,1 x 0 y 0
 Wall clock 260.106
 Average time per cell 4.44546e-09
  Step time per cell    4.4385e-09
 Step 249 time 0.0904425 control sound timestep  0.000367205 1,1 x 0 y 0
 Wall clock 261.163
 Average time per cell 4.44559e-09
  Step time per cell    4.47745e-09
 Step 250 time 0.0908097 control sound timestep  0.000367216 1,1 x 0 y 0
 Wall clock 262.282
 Average time per cell 4.44678e-09
  Step time per cell    4.74196e-09
 Step 251 time 0.091177 control sound timestep  0.000367229 1,1 x 0 y 0
 Wall clock 263.334
 Average time per cell 4.44684e-09
  Step time per cell    4.4616e-09
 Step 252 time 0.0915442 control sound timestep  0.000367244 1,1 x 0 y 0
 Wall clock 264.376
 Average time per cell 4.44671e-09
  Step time per cell    4.41445e-09
 Step 253 time 0.0919114 control sound timestep  0.000367245 1,1 x 0 y 0
 Wall clock 265.425
 Average time per cell 4.44672e-09
  Step time per cell    4.44825e-09
 Step 254 time 0.0922787 control sound timestep  0.000367243 1,1 x 0 y 0
 Wall clock 266.468
 Average time per cell 4.44661e-09
  Step time per cell    4.4191e-09
 Step 255 time 0.0926459 control sound timestep  0.000367244 1,1 x 0 y 0
 Wall clock 267.52
 Average time per cell 4.44665e-09
  Step time per cell    4.45716e-09
 Step 256 time 0.0930132 control sound timestep  0.000367248 1,1 x 0 y 0
 Wall clock 268.571
 Average time per cell 4.44668e-09
  Step time per cell    4.45387e-09
 Step 257 time 0.0933804 control sound timestep  0.000367253 1,1 x 0 y 0
 Wall clock 269.627
 Average time per cell 4.4468e-09
  Step time per cell    4.47765e-09
 Step 258 time 0.0937477 control sound timestep  0.000367257 1,1 x 0 y 0
 Wall clock 270.674
 Average time per cell 4.44677e-09
  Step time per cell    4.43721e-09
 Step 259 time 0.0941149 control sound timestep  0.000367262 1,1 x 0 y 0
 Wall clock 271.722
 Average time per cell 4.44675e-09
  Step time per cell    4.4419e-09
 Step 260 time 0.0944822 control sound timestep  0.000367269 1,1 x 0 y 0
 Wall clock 272.836
 Average time per cell 4.4478e-09
  Step time per cell    4.71998e-09
 Step 261 time 0.0948495 control sound timestep  0.000367279 1,1 x 0 y 0
 Wall clock 273.886
 Average time per cell 4.44782e-09
  Step time per cell    4.45253e-09
 Step 262 time 0.0952167 control sound timestep  0.000367288 1,1 x 0 y 0
 Wall clock 274.932
 Average time per cell 4.44777e-09
  Step time per cell    4.43371e-09
 Step 263 time 0.095584 control sound timestep  0.000367297 1,1 x 0 y 0
 Wall clock 275.991
 Average time per cell 4.44792e-09
  Step time per cell    4.48688e-09
 Step 264 time 0.0959513 control sound timestep  0.000367307 1,1 x 0 y 0
 Wall clock 277.039
 Average time per cell 4.4479e-09
  Step time per cell    4.442e-09
 Step 265 time 0.0963186 control sound timestep  0.00036732 1,1 x 0 y 0
 Wall clock 278.092
 Average time per cell 4.44795e-09
  Step time per cell    4.4632e-09
 Step 266 time 0.0966859 control sound timestep  0.000367334 1,1 x 0 y 0
 Wall clock 279.138
 Average time per cell 4.44789e-09
  Step time per cell    4.43084e-09
 Step 267 time 0.0970533 control sound timestep  0.000367334 1,1 x 0 y 0
 Wall clock 280.187
 Average time per cell 4.4479e-09
  Step time per cell    4.44958e-09
 Step 268 time 0.0974206 control sound timestep  0.000367332 1,1 x 0 y 0
 Wall clock 281.233
 Average time per cell 4.44784e-09
  Step time per cell    4.43315e-09
 Step 269 time 0.0977879 control sound timestep  0.000367333 1,1 x 0 y 0
 Wall clock 282.285
 Average time per cell 4.44788e-09
  Step time per cell    4.45826e-09
 Step 270 time 0.0981553 control sound timestep  0.000367338 1,1 x 0 y 0
 Wall clock 283.393
 Average time per cell 4.4488e-09
  Step time per cell    4.69578e-09
 Step 271 time 0.0985226 control sound timestep  0.000367342 1,1 x 0 y 0
 Wall clock 284.451
 Average time per cell 4.44894e-09
  Step time per cell    4.48499e-09
 Step 272 time 0.09889 control sound timestep  0.000367346 1,1 x 0 y 0
 Wall clock 285.498
 Average time per cell 4.44888e-09
  Step time per cell    4.43386e-09
 Step 273 time 0.0992573 control sound timestep  0.00036735 1,1 x 0 y 0
 Wall clock 286.546
 Average time per cell 4.44887e-09
  Step time per cell    4.44556e-09
 Step 274 time 0.0996247 control sound timestep  0.000367358 1,1 x 0 y 0
 Wall clock 287.593
 Average time per cell 4.44883e-09
  Step time per cell    4.43625e-09
 Step 275 time 0.099992 control sound timestep  0.000367367 1,1 x 0 y 0
 Wall clock 288.643
 Average time per cell 4.44884e-09
  Step time per cell    4.45092e-09
 Step 276 time 0.100359 control sound timestep  0.000367376 1,1 x 0 y 0
 Wall clock 289.69
 Average time per cell 4.44879e-09
  Step time per cell    4.43592e-09
 Step 277 time 0.100727 control sound timestep  0.000367384 1,1 x 0 y 0
 Wall clock 290.74
 Average time per cell 4.4488e-09
  Step time per cell    4.45226e-09
 Step 278 time 0.101094 control sound timestep  0.000367394 1,1 x 0 y 0
 Wall clock 291.784
 Average time per cell 4.44872e-09
  Step time per cell    4.42409e-09
 Step 279 time 0.101462 control sound timestep  0.000367406 1,1 x 0 y 0
 Wall clock 292.836
 Average time per cell 4.44875e-09
  Step time per cell    4.45833e-09
 Step 280 time 0.101829 control sound timestep  0.000367419 1,1 x 0 y 0
 Wall clock 293.956
 Average time per cell 4.44981e-09
  Step time per cell    4.7458e-09
 Step 281 time 0.102196 control sound timestep  0.000367419 1,1 x 0 y 0
 Wall clock 295.007
 Average time per cell 4.44983e-09
  Step time per cell    4.45308e-09
 Step 282 time 0.102564 control sound timestep  0.000367417 1,1 x 0 y 0
 Wall clock 296.053
 Average time per cell 4.44978e-09
  Step time per cell    4.43691e-09
 Step 283 time 0.102931 control sound timestep  0.000367418 1,1 x 0 y 0
 Wall clock 297.105
 Average time per cell 4.44981e-09
  Step time per cell    4.45754e-09
 Step 284 time 0.103299 control sound timestep  0.000367423 1,1 x 0 y 0
 Wall clock 298.146
 Average time per cell 4.44967e-09
  Step time per cell    4.41034e-09
 Step 285 time 0.103666 control sound timestep  0.000367427 1,1 x 0 y 0
 Wall clock 299.2
 Average time per cell 4.44973e-09
  Step time per cell    4.46643e-09
 Step 286 time 0.104033 control sound timestep  0.000367431 1,1 x 0 y 0
 Wall clock 300.247
 Average time per cell 4.44969e-09
  Step time per cell    4.4372e-09
 Step 287 time 0.104401 control sound timestep  0.000367435 1,1 x 0 y 0
 Wall clock 301.307
 Average time per cell 4.44985e-09
  Step time per cell    4.49597e-09
 Step 288 time 0.104768 control sound timestep  0.000367442 1,1 x 0 y 0
 Wall clock 302.357
 Average time per cell 4.44984e-09
  Step time per cell    4.44689e-09
 Step 289 time 0.105136 control sound timestep  0.000367452 1,1 x 0 y 0
 Wall clock 303.407
 Average time per cell 4.44985e-09
  Step time per cell    4.45212e-09
 Step 290 time 0.105503 control sound timestep  0.00036746 1,1 x 0 y 0
 Wall clock 304.517
 Average time per cell 4.45073e-09
  Step time per cell    4.70531e-09
 Step 291 time 0.105871 control sound timestep  0.000367468 1,1 x 0 y 0
 Wall clock 305.567
 Average time per cell 4.45073e-09
  Step time per cell    4.45095e-09
 Step 292 time 0.106238 control sound timestep  0.000367477 1,1 x 0 y 0
 Wall clock 306.609
 Average time per cell 4.45062e-09
  Step time per cell    4.41625e-09
 Step 293 time 0.106606 control sound timestep  0.00036749 1,1 x 0 y 0
 Wall clock 307.66
 Average time per cell 4.45063e-09
  Step time per cell    4.45392e-09
 Step 294 time 0.106973 control sound timestep  0.0003675 1,1 x 0 y 0
 Wall clock 308.712
 Average time per cell 4.45065e-09
  Step time per cell    4.45763e-09
 Step 295 time 0.107341 control sound timestep  0.000367501 1,1 x 0 y 0
 Wall clock 309.768
 Average time per cell 4.45074e-09
  Step time per cell    4.47451e-09
 Step 296 time 0.107708 control sound timestep  0.000367498 1,1 x 0 y 0
 Wall clock 310.816
 Average time per cell 4.45071e-09
  Step time per cell    4.44178e-09
 Step 297 time 0.108076 control sound timestep  0.0003675 1,1 x 0 y 0
 Wall clock 311.865
 Average time per cell 4.45069e-09
  Step time per cell    4.44701e-09
 Step 298 time 0.108443 control sound timestep  0.000367504 1,1 x 0 y 0
 Wall clock 312.913
 Average time per cell 4.45066e-09
  Step time per cell    4.44157e-09
 Step 299 time 0.108811 control sound timestep  0.000367508 1,1 x 0 y 0
 Wall clock 313.967
 Average time per cell 4.45072e-09
  Step time per cell    4.46705e-09
 Step 300 time 0.109178 control sound timestep  0.000367512 1,1 x 0 y 0
 Wall clock 315.149
 First step overhead 0
Result:
 - Problem: none
 - Outcome: PASSED
