Generate Time:       107.36405
Build Time:          68.94615
Graph has 1073741820 nodes and 17022105300 undirected edges for degree: 15
Trial Time:          29.36939
Trial Time:          29.36632
Trial Time:          29.37209
Trial Time:          29.36180
Trial Time:          29.36464
Trial Time:          29.36610
Trial Time:          29.37145
Trial Time:          29.36547
Trial Time:          29.36786
Trial Time:          29.37512
Trial Time:          29.37510
Trial Time:          29.37067
Trial Time:          29.37502
Trial Time:          29.37442
Trial Time:          29.37187
Trial Time:          29.36373
Average Time:        29.36944
