Local 694 Remote 820
Local 542 Remote 820
Local 629 Remote 820
Local 545 Remote 820
Local 588 Remote 820
Local 964 Remote 820
Local 693 Remote 820
Local 882 Remote 820
Local 2316 Remote 820
Local 1445 Remote 820
Local 1069 Remote 820
Local 1136 Remote 820
Local 1155 Remote 820
Local 1158 Remote 820
Local 975 Remote 820
Local 1195 Remote 820
Local 879 Remote 820
Local 795 Remote 820
Local 949 Remote 820
Local 868 Remote 820
Local 739 Remote 820
Local 1162 Remote 820
Local 1384 Remote 820
Local 1169 Remote 820
Local 1212 Remote 820
Local 1478 Remote 820
Local 1246 Remote 820
Local 890 Remote 820
Local 797 Remote 820
Local 917 Remote 820
Local 759 Remote 820
Local 743 Remote 820
Local 1244 Remote 820
Local 1466 Remote 820
Local 1241 Remote 820
Local 1885 Remote 820
Local 1500 Remote 820
Local 865 Remote 820
Local 922 Remote 820
Local 823 Remote 820
Local 1053 Remote 820
Local 1417 Remote 820
Local 1085 Remote 820
Local 1418 Remote 820
Local 997 Remote 820
Local 1184 Remote 820
Local 1031 Remote 820
Local 1229 Remote 820
Local 2779 Remote 820
Local 1382 Remote 820
Local 1448 Remote 820
Local 1369 Remote 820
Local 1026 Remote 820
Local 1054 Remote 820
Local 993 Remote 820
Local 1041 Remote 820
Local 743 Remote 820
Local 710 Remote 820
Local 947 Remote 820
Local 804 Remote 820
Local 674 Remote 820
Local 1380 Remote 820
Local 1965 Remote 820
Local 1581 Remote 820
Local 902 Remote 820
Local 843 Remote 820
Local 863 Remote 820
Local 881 Remote 820
Local 3166 Remote 820
Local 1999 Remote 820
Local 1027 Remote 820
Local 727 Remote 820
Local 1237 Remote 820
Local 979 Remote 820
Local 827 Remote 820
Local 1176 Remote 820
Local 1085 Remote 820
Local 1211 Remote 820
Local 1282 Remote 820
Local 1412 Remote 820
Local 1275 Remote 820
Local 857 Remote 820
Local 982 Remote 820
Local 750 Remote 820
Local 752 Remote 820
Local 1037 Remote 820
Local 867 Remote 820
Local 1079 Remote 820
Local 1237 Remote 820
Local 1319 Remote 820
Local 1411 Remote 820
Local 918 Remote 820
Local 1043 Remote 820
Local 1168 Remote 820
Local 1021 Remote 820
Local 1243 Remote 820
Local 928 Remote 820
Local 1020 Remote 820
Local 732 Remote 820
Local 997 Remote 820
Local 976 Remote 820
Local 1130 Remote 820
Local 1745 Remote 820
Local 1240 Remote 820
Local 1123 Remote 820
Local 1448 Remote 820
Local 1476 Remote 820
Local 992 Remote 820
Local 1361 Remote 820
Local 1477 Remote 820
Local 794 Remote 820
Local 662 Remote 820
Local 1085 Remote 820
Local 870 Remote 820
Local 1133 Remote 820
Local 1994 Remote 820
Local 1292 Remote 820
Local 1513 Remote 820
Local 1209 Remote 820
Local 971 Remote 820
Local 1061 Remote 820
Local 861 Remote 820
Local 903 Remote 820
Local 801 Remote 820
Local 864 Remote 820
Local 947 Remote 820
Local 715 Remote 820
Local 1010 Remote 820
Local 1176 Remote 820
Local 1704 Remote 820
Local 1356 Remote 820
Local 1222 Remote 820
Local 1431 Remote 820
Local 1274 Remote 820
Local 866 Remote 820
Local 845 Remote 820
Local 859 Remote 820
Local 752 Remote 820
Local 566 Remote 820
Local 609 Remote 820
Local 1069 Remote 820
Local 1126 Remote 820
Local 1387 Remote 820
Local 2066 Remote 820
Local 1378 Remote 820
Local 1119 Remote 820
Local 1036 Remote 820
Local 986 Remote 820
Local 1031 Remote 820
Local 905 Remote 820
Local 1277 Remote 820
Local 726 Remote 820
Local 677 Remote 820
Local 804 Remote 820
Local 1053 Remote 820
Local 976 Remote 820
Local 1220 Remote 820
Local 1348 Remote 820
Local 1399 Remote 820
Local 1335 Remote 820
Local 1410 Remote 820
Local 1182 Remote 820
Local 975 Remote 820
Local 1389 Remote 820
Local 1167 Remote 820
Local 1192 Remote 820
Local 1022 Remote 820
Local 832 Remote 820
Local 1037 Remote 820
Local 1291 Remote 820
Local 1599 Remote 820
Local 1195 Remote 820
Local 931 Remote 820
Local 993 Remote 820
Local 1207 Remote 820
Local 1306 Remote 820
Local 1367 Remote 820
Local 952 Remote 820
Local 713 Remote 820
Local 682 Remote 820
Local 1147 Remote 820
Local 1150 Remote 820
Local 1119 Remote 820
Local 2732 Remote 820
Local 1614 Remote 820
Local 1129 Remote 820
Local 1166 Remote 820
Local 1269 Remote 820
Local 869 Remote 820
Local 927 Remote 820
Local 952 Remote 820
Local 693 Remote 820
Local 664 Remote 820
Local 1177 Remote 820
Local 840 Remote 820
Local 791 Remote 820
Local 979 Remote 820
Local 1923 Remote 820
Local 1271 Remote 820
Local 828 Remote 820
Local 905 Remote 820
Local 968 Remote 820
Local 1138 Remote 820
Local 1294 Remote 820
Local 953 Remote 820
Local 842 Remote 820
Local 664 Remote 820
Local 777 Remote 820
Local 753 Remote 820
Local 1058 Remote 820
Local 1159 Remote 820
Local 1107 Remote 820
Local 1002 Remote 820
Local 1268 Remote 820
Local 1295 Remote 820
Local 849 Remote 820
Local 1013 Remote 820
Local 813 Remote 820
Local 681 Remote 820
Local 629 Remote 820
Local 928 Remote 820
Local 804 Remote 820
Local 1071 Remote 820
Local 1546 Remote 820
Local 1459 Remote 820
Local 1079 Remote 820
Local 1041 Remote 820
Local 888 Remote 820
Local 981 Remote 820
Local 1054 Remote 820
Local 1025 Remote 820
Local 637 Remote 820
Local 618 Remote 820
Local 769 Remote 820
Local 769 Remote 820
Local 756 Remote 820
Local 1284 Remote 820
Local 1403 Remote 820
Local 1351 Remote 820
Local 1069 Remote 820
Local 1296 Remote 820
Local 1170 Remote 820
Local 808 Remote 820
Local 993 Remote 820
Local 836 Remote 820
Local 736 Remote 820
Local 615 Remote 820
Local 882 Remote 820
Local 1207 Remote 820
Local 1177 Remote 820
Local 1367 Remote 820
Local 900 Remote 820
Local 879 Remote 820
Local 738 Remote 820
Local 875 Remote 820
Local 921 Remote 820
Local 1315 Remote 820
Local 1786 Remote 820
Local 1028 Remote 820
Local 752 Remote 820
Local 1586 Remote 820
Local 1187 Remote 820
Local 1120 Remote 820
Local 1251 Remote 820
Local 1147 Remote 820
Local 1208 Remote 820
Local 1250 Remote 820
Local 1288 Remote 820
Local 1129 Remote 820
Local 935 Remote 820
Local 1151 Remote 820
Local 928 Remote 820
Local 780 Remote 820
Local 705 Remote 820
Local 1027 Remote 820
Local 1208 Remote 820
Local 1001 Remote 820
Local 1250 Remote 820
Local 4335 Remote 820
Local 2067 Remote 820
Local 1636 Remote 820
Local 1393 Remote 820
Local 1360 Remote 820
Local 1177 Remote 820
Local 1323 Remote 820
Local 1078 Remote 820
Local 880 Remote 820
Local 928 Remote 820
Local 1896 Remote 820
Local 1267 Remote 820
Local 1452 Remote 820
Local 1714 Remote 820
Local 1317 Remote 820
Local 1000 Remote 820
Local 1143 Remote 820
Local 1203 Remote 820
Local 801 Remote 820
Local 932 Remote 820
Local 1072 Remote 820
Local 779 Remote 820
Local 679 Remote 820
Local 999 Remote 820
Local 922 Remote 820
Local 1057 Remote 820
Local 1439 Remote 820
Local 1435 Remote 820
Local 901 Remote 820
Local 938 Remote 820
Local 988 Remote 820
Local 977 Remote 820
Local 984 Remote 820
Local 1141 Remote 820
Local 2611 Remote 820
Local 1241 Remote 820
Local 1158 Remote 820
Local 995 Remote 820
Local 799 Remote 820
Local 1260 Remote 820
Local 1540 Remote 820
Local 1189 Remote 820
Local 1067 Remote 820
Local 1298 Remote 820
Local 1325 Remote 820
Local 896 Remote 820
Local 983 Remote 820
Local 1015 Remote 820
Local 879 Remote 820
Local 669 Remote 820
Local 936 Remote 820
Local 941 Remote 820
Local 1177 Remote 820
Local 2183 Remote 820
Local 1400 Remote 820
Local 1006 Remote 820
Local 790 Remote 820
Local 1149 Remote 820
Local 1155 Remote 820
Local 1133 Remote 820
Local 1108 Remote 820
Local 664 Remote 820
Local 728 Remote 820
Local 1080 Remote 820
Local 885 Remote 820
Local 904 Remote 820
Local 2143 Remote 820
Local 1305 Remote 820
Local 1210 Remote 820
Local 1190 Remote 820
Local 1274 Remote 820
Local 1311 Remote 820
Local 967 Remote 820
Local 1112 Remote 820
Local 734 Remote 820
Local 772 Remote 820
Local 816 Remote 820
Local 823 Remote 820
Local 827 Remote 820
Local 1111 Remote 820
Local 1489 Remote 820
Local 1279 Remote 820
Local 942 Remote 820
Local 797 Remote 820
Local 1026 Remote 820
Local 1070 Remote 820
Local 950 Remote 820
Local 1210 Remote 820
Local 859 Remote 820
Local 722 Remote 820
Local 776 Remote 820
Local 1024 Remote 820
Local 890 Remote 820
Local 1393 Remote 820
Local 1779 Remote 820
Local 1348 Remote 820
Local 1144 Remote 820
Local 1318 Remote 820
Local 1286 Remote 820
Local 868 Remote 820
Local 845 Remote 820
Local 1118 Remote 820
Local 667 Remote 820
Local 644 Remote 820
Local 1028 Remote 820
Local 854 Remote 820
Local 1012 Remote 820
Local 2451 Remote 820
Local 2091 Remote 820
Local 1590 Remote 820
Local 945 Remote 820
Local 1060 Remote 820
Local 1190 Remote 820
Local 1047 Remote 820
Local 1180 Remote 820
Local 764 Remote 820
Local 612 Remote 820
Local 1023 Remote 820
Local 1202 Remote 820
Local 1026 Remote 820
Local 1413 Remote 820
Local 1303 Remote 820
Local 1310 Remote 820
Local 1021 Remote 820
Local 1347 Remote 820
Local 1393 Remote 820
Local 882 Remote 820
Local 1131 Remote 820
Local 934 Remote 820
Local 714 Remote 820
Local 609 Remote 820
Local 582 Remote 820
Local 830 Remote 820
Local 800 Remote 820
Local 1230 Remote 820
Local 2371 Remote 820
Local 1504 Remote 820
Local 986 Remote 820
Local 939 Remote 820
Local 1065 Remote 820
Local 2163 Remote 820
Local 1617 Remote 820
Local 1270 Remote 820
Local 787 Remote 820
Local 654 Remote 820
Local 791 Remote 820
Local 706 Remote 820
Local 1182 Remote 820
Local 1275 Remote 820
Local 2930 Remote 820
Local 1778 Remote 820
Local 1205 Remote 820
Local 1336 Remote 820
Local 1240 Remote 820
Local 902 Remote 820
Local 1006 Remote 820
Local 954 Remote 820
Local 722 Remote 820
Local 887 Remote 820
Local 862 Remote 820
Local 816 Remote 820
Local 1178 Remote 820
Local 3795 Remote 820
Local 1891 Remote 820
Local 1091 Remote 820
Local 812 Remote 820
Local 1074 Remote 820
Local 1122 Remote 820
Local 1155 Remote 820
Local 1160 Remote 820
Local 680 Remote 820
Local 670 Remote 820
Local 973 Remote 820
Local 816 Remote 820
Local 1024 Remote 820
Local 1554 Remote 820
Local 1135 Remote 820
Local 1072 Remote 820
Local 1026 Remote 820
Local 1334 Remote 820
Local 1276 Remote 820
Local 931 Remote 820
Local 1141 Remote 820
Local 882 Remote 820
Local 680 Remote 820
Local 913 Remote 820
Local 871 Remote 820
Local 745 Remote 820
Local 1324 Remote 820
Local 1779 Remote 820
Local 1620 Remote 820
Local 924 Remote 820
Local 873 Remote 820
Local 811 Remote 820
Local 918 Remote 820
Local 916 Remote 820
Local 1081 Remote 820
Local 655 Remote 820
Local 609 Remote 820
Local 990 Remote 820
Local 1176 Remote 820
Local 1062 Remote 820
Local 1342 Remote 820
Local 1328 Remote 820
Local 1260 Remote 820
Local 1289 Remote 820
Local 1171 Remote 820
Local 1170 Remote 820
Local 791 Remote 820
Local 954 Remote 820
Local 802 Remote 820
Local 745 Remote 820
Local 675 Remote 820
Local 1088 Remote 820
Local 1160 Remote 820
Local 1617 Remote 820
Local 1701 Remote 820
Local 1564 Remote 820
Local 993 Remote 820
Local 820 Remote 820
Local 851 Remote 820
Local 1085 Remote 820
Local 1023 Remote 820
Local 1115 Remote 820
Local 687 Remote 820
Local 647 Remote 820
Local 853 Remote 820
Local 1089 Remote 820
Local 1404 Remote 820
Local 1630 Remote 820
Local 1347 Remote 820
Local 978 Remote 820
Local 1186 Remote 820
Local 1075 Remote 820
Local 1226 Remote 820
Local 1037 Remote 820
Local 1268 Remote 820
Local 787 Remote 820
Local 731 Remote 820
Local 1408 Remote 820
Local 1714 Remote 820
Local 1125 Remote 820
Local 1735 Remote 820
Local 1505 Remote 820
Local 1244 Remote 820
Local 1088 Remote 820
Local 1178 Remote 820
Local 1190 Remote 820
Local 1391 Remote 820
Local 1474 Remote 820
Local 1139 Remote 820
Local 844 Remote 820
Local 1100 Remote 820
Local 2016 Remote 820
Local 1399 Remote 820
Local 2238 Remote 820
Local 3982 Remote 820
Local 1936 Remote 820
Local 1571 Remote 820
Local 1295 Remote 820
Local 1056 Remote 820
Local 1038 Remote 820
Local 1176 Remote 820
Local 1371 Remote 820
Local 963 Remote 820
Local 696 Remote 820
Local 1268 Remote 820
Local 954 Remote 820
Local 893 Remote 820
Local 1542 Remote 820
Local 1304 Remote 820
Local 994 Remote 820
Local 768 Remote 820
Local 1050 Remote 820
Local 1011 Remote 820
Local 1030 Remote 820
Local 1176 Remote 820
Local 942 Remote 820
Local 869 Remote 820
Local 955 Remote 820
Local 823 Remote 820
Local 997 Remote 820
Local 1087 Remote 820
Local 2450 Remote 820
Local 1502 Remote 820
Local 1093 Remote 820
Local 1493 Remote 820
Local 1253 Remote 820
Local 871 Remote 820
Local 954 Remote 820
Local 1120 Remote 820
Local 716 Remote 820
Local 688 Remote 820
Local 1207 Remote 820
Local 1020 Remote 820
Local 1149 Remote 820
Local 1852 Remote 820
Local 1365 Remote 820
Local 894 Remote 820
Local 934 Remote 820
Local 939 Remote 820
Local 1049 Remote 820
Local 967 Remote 820
Local 1429 Remote 820
Local 784 Remote 820
Local 835 Remote 820
Local 906 Remote 820
Local 790 Remote 820
Local 1030 Remote 820
Local 1231 Remote 820
Local 3916 Remote 820
Local 1978 Remote 820
Local 1365 Remote 820
Local 1430 Remote 820
Local 1248 Remote 820
Local 979 Remote 820
Local 1083 Remote 820
Local 696 Remote 820
Local 854 Remote 820
Local 955 Remote 820
Local 809 Remote 820
Local 709 Remote 820
Local 1312 Remote 820
Local 1382 Remote 820
Local 1311 Remote 820
Local 947 Remote 820
Local 724 Remote 820
Local 1013 Remote 820
Local 868 Remote 820
Local 1172 Remote 820
Local 973 Remote 820
Local 748 Remote 820
Local 654 Remote 820
Local 935 Remote 820
Local 901 Remote 820
Local 1093 Remote 820
Local 1336 Remote 820
Local 1115 Remote 820
Local 926 Remote 820
Local 1147 Remote 820
Local 1203 Remote 820
Local 842 Remote 820
Local 885 Remote 820
Local 966 Remote 820
Local 652 Remote 820
Local 698 Remote 820
Local 914 Remote 820
Local 1203 Remote 820
Local 1144 Remote 820
Local 1501 Remote 820
Local 1339 Remote 820
Local 847 Remote 820
Local 668 Remote 820
Local 751 Remote 820
Local 1042 Remote 820
Local 1148 Remote 820
Local 939 Remote 820
Local 619 Remote 820
Local 589 Remote 820
Local 975 Remote 820
Local 923 Remote 820
Local 1010 Remote 820
Local 1899 Remote 820
Local 1309 Remote 820
Local 1231 Remote 820
Local 1303 Remote 820
Local 1187 Remote 820
Local 1194 Remote 820
Local 1088 Remote 820
Local 1076 Remote 820
Local 3479 Remote 820
Local 1473 Remote 820
Local 1262 Remote 820
Local 1007 Remote 820
Local 1033 Remote 820
Local 1581 Remote 820
Local 1042 Remote 820
Local 952 Remote 820
Local 861 Remote 820
Local 986 Remote 820
Local 1064 Remote 820
Local 1242 Remote 820
Local 1354 Remote 820
Local 820 Remote 820
Local 797 Remote 820
Local 961 Remote 820
Local 890 Remote 820
Local 868 Remote 820
Local 1256 Remote 820
Local 1689 Remote 820
Local 1248 Remote 820
Local 1295 Remote 820
Local 1256 Remote 820
Local 1201 Remote 820
Local 935 Remote 820
Local 1175 Remote 820
Local 796 Remote 820
Local 568 Remote 820
Local 609 Remote 820
Local 940 Remote 820
Local 790 Remote 820
Local 1016 Remote 820
Local 1126 Remote 820
Local 1164 Remote 820
Local 1444 Remote 820
Local 969 Remote 820
Local 799 Remote 820
Local 937 Remote 820
Local 1174 Remote 820
Local 1455 Remote 820
Local 1147 Remote 820
Local 801 Remote 820
Local 903 Remote 820
Local 1087 Remote 820
Local 921 Remote 820
Local 1392 Remote 820
Local 2848 Remote 820
Local 1571 Remote 820
Local 1076 Remote 820
Local 1145 Remote 820
Local 1207 Remote 820
Local 851 Remote 820
Local 1069 Remote 820
Local 892 Remote 820
Local 755 Remote 820
Local 925 Remote 820
Local 1284 Remote 820
Local 1091 Remote 820
Local 1207 Remote 820
Local 2079 Remote 820
Local 1734 Remote 820
Local 1112 Remote 820
Local 959 Remote 820
Local 1034 Remote 820
Local 880 Remote 820
Local 1112 Remote 820
Local 1365 Remote 820
Local 799 Remote 820
Local 662 Remote 820
Local 920 Remote 820
Local 1312 Remote 820
Local 1098 Remote 820
Local 1347 Remote 820
Local 2239 Remote 820
Local 1546 Remote 820
Local 1367 Remote 820
Local 1429 Remote 820
Local 1389 Remote 820
Local 911 Remote 820
Local 1153 Remote 820
Local 909 Remote 820
Local 1472 Remote 820
Local 1231 Remote 820
Local 1525 Remote 820
Local 1176 Remote 820
Local 1331 Remote 820
Local 1615 Remote 820
Local 1244 Remote 820
Local 988 Remote 820
Local 1419 Remote 820
Local 984 Remote 820
Local 1510 Remote 820
Local 1164 Remote 820
Local 1317 Remote 820
Local 733 Remote 820
Local 823 Remote 820
Local 913 Remote 820
Local 653 Remote 820
Local 982 Remote 820
Local 1405 Remote 820
Local 1251 Remote 820
Local 1242 Remote 820
Local 1286 Remote 820
Local 1071 Remote 820
Local 982 Remote 820
Local 1031 Remote 820
Local 1267 Remote 820
Local 732 Remote 820
Local 742 Remote 820
Local 897 Remote 820
Local 799 Remote 820
Local 752 Remote 820
Local 1195 Remote 820
Local 1754 Remote 820
Local 1366 Remote 820
Local 813 Remote 820
Local 1061 Remote 820
Local 1286 Remote 820
Local 1341 Remote 820
Local 1454 Remote 820
Local 917 Remote 820
Local 830 Remote 820
Local 662 Remote 820
Local 800 Remote 820
Local 761 Remote 820
Local 1015 Remote 820
Local 2094 Remote 820
Local 1330 Remote 820
Local 985 Remote 820
Local 1080 Remote 820
Local 1182 Remote 820
Local 1230 Remote 820
Local 1091 Remote 820
Local 957 Remote 820
Local 785 Remote 820
Local 657 Remote 820
Local 1127 Remote 820
Local 1081 Remote 820
Local 1177 Remote 820
Local 1634 Remote 820
Local 1169 Remote 820
Local 1084 Remote 820
Local 808 Remote 820
Local 892 Remote 820
Local 1059 Remote 820
Local 1150 Remote 820
Local 1214 Remote 820
Local 741 Remote 820
Local 646 Remote 820
Local 1103 Remote 820
Local 1400 Remote 820
Local 1064 Remote 820
Local 2667 Remote 820
Local 1599 Remote 820
Local 1098 Remote 820
Local 1110 Remote 820
Local 1141 Remote 820
Local 817 Remote 820
Local 815 Remote 820
Local 981 Remote 820
Local 658 Remote 820
Local 522 Remote 820
Local 616 Remote 820
Local 1023 Remote 820
Local 896 Remote 820
Local 1029 Remote 820
Local 1892 Remote 820
Local 1320 Remote 820
Local 948 Remote 820
Local 895 Remote 820
Local 986 Remote 820
Local 997 Remote 820
Local 1155 Remote 820
Local 1362 Remote 820
Local 745 Remote 820
Local 714 Remote 820
Local 850 Remote 820
Local 817 Remote 820
Local 970 Remote 820
Local 1649 Remote 820
Local 1335 Remote 820
Local 1233 Remote 820
Local 1120 Remote 820
Local 1151 Remote 820
Local 1196 Remote 820
Local 797 Remote 820
Local 964 Remote 820
Local 989 Remote 820
Local 767 Remote 820
Local 676 Remote 820
Local 804 Remote 820
Local 840 Remote 820
Local 1188 Remote 820
Local 1220 Remote 820
Local 1526 Remote 820
Local 1186 Remote 820
Local 1087 Remote 820
Local 934 Remote 820
Local 1012 Remote 820
Local 1033 Remote 820
Local 1367 Remote 820
Local 855 Remote 820
Local 680 Remote 820
Local 877 Remote 820
Local 810 Remote 820
Local 811 Remote 820
Local 991 Remote 820
Local 1445 Remote 820
Local 1268 Remote 820
Local 1139 Remote 820
Local 1197 Remote 820
Local 1125 Remote 820
Local 1125 Remote 820
Local 1017 Remote 820
Local 645 Remote 820
Local 692 Remote 820
Local 911 Remote 820
Local 895 Remote 820
Local 739 Remote 820
Local 1114 Remote 820
Local 2270 Remote 820
Local 1688 Remote 820
Local 981 Remote 820
Local 844 Remote 820
Local 1142 Remote 820
Local 990 Remote 820
Local 1087 Remote 820
Local 973 Remote 820
Local 729 Remote 820
Local 760 Remote 820
Local 881 Remote 820
Local 735 Remote 820
Local 1063 Remote 820
Local 1441 Remote 820
Local 1187 Remote 820
Local 996 Remote 820
Local 1082 Remote 820
Local 1091 Remote 820
Local 1054 Remote 820
Local 1082 Remote 820
Local 1334 Remote 820
Local 777 Remote 820
Local 918 Remote 820
Local 918 Remote 820
Local 809 Remote 820
Local 1076 Remote 820
Local 1564 Remote 820
Local 1802 Remote 820
Local 2099 Remote 820
Local 1167 Remote 820
Local 1171 Remote 820
Local 905 Remote 820
Local 1091 Remote 820
Local 1299 Remote 820
Local 1502 Remote 820
Local 797 Remote 820
Local 732 Remote 820
Local 1047 Remote 820
Local 1151 Remote 820
Local 1023 Remote 820
Local 1151 Remote 820
Local 1323 Remote 820
Local 1245 Remote 820
Local 1099 Remote 820
Local 1251 Remote 820
Local 1291 Remote 820
Local 845 Remote 820
Local 1038 Remote 820
Local 921 Remote 820
Local 761 Remote 820
Local 644 Remote 820
Local 764 Remote 820
Local 757 Remote 820
Local 1026 Remote 820
Local 1482 Remote 820
Local 1062 Remote 820
Local 902 Remote 820
Local 1165 Remote 820
Local 995 Remote 820
Local 911 Remote 820
Local 1090 Remote 820
Local 1177 Remote 820
Local 725 Remote 820
Local 816 Remote 820
Local 1253 Remote 820
Local 916 Remote 820
Local 1204 Remote 820
Local 1279 Remote 820
Local 1357 Remote 820
Local 1155 Remote 820
Local 1261 Remote 820
Local 1387 Remote 820
Local 1303 Remote 820
Local 838 Remote 820
Local 1043 Remote 820
Local 816 Remote 820
Local 737 Remote 820
Local 660 Remote 820
Local 844 Remote 820
Local 721 Remote 820
Local 1233 Remote 820
Local 1046 Remote 820
Local 1986 Remote 820
Local 1332 Remote 820
Local 982 Remote 820
Local 874 Remote 820
Local 813 Remote 820
Local 1050 Remote 820
Local 1326 Remote 820
Local 1228 Remote 820
Local 725 Remote 820
Local 678 Remote 820
Local 884 Remote 820
Local 1094 Remote 820
Local 866 Remote 820
Local 1169 Remote 820
Local 1148 Remote 820
Local 1459 Remote 820
Local 1267 Remote 820
Local 1303 Remote 820
Local 1190 Remote 820
Local 763 Remote 820
Local 1125 Remote 820
Local 1122 Remote 820
Local 812 Remote 820
Local 894 Remote 820
Local 1077 Remote 820
Local 1321 Remote 820
Local 1409 Remote 820
Local 2480 Remote 820
Local 1700 Remote 820
Local 1039 Remote 820
Local 1042 Remote 820
Local 1125 Remote 820
Local 1306 Remote 820
Local 1231 Remote 820
Local 1495 Remote 820
Local 1496 Remote 820
Local 887 Remote 820
Local 1068 Remote 820
Local 1055 Remote 820
Local 1043 Remote 820
Local 1231 Remote 820
Local 1806 Remote 820
Local 1479 Remote 820
Local 1157 Remote 820
Local 1175 Remote 820
Local 1148 Remote 820
Local 1010 Remote 820
Local 1122 Remote 820
Local 1161 Remote 820
Local 752 Remote 820
Local 1162 Remote 820
Local 1059 Remote 820
Local 917 Remote 820
Local 1140 Remote 820
Local 2217 Remote 820
Local 1562 Remote 820
Local 894 Remote 820
Local 910 Remote 820
Local 994 Remote 820
Local 955 Remote 820
Local 906 Remote 820
Local 1354 Remote 820
Local 781 Remote 820
Local 685 Remote 820
Local 1031 Remote 820
Local 1191 Remote 820
Local 1201 Remote 820
Local 4061 Remote 820
Local 1886 Remote 820
Local 1122 Remote 820
Local 1400 Remote 820
Local 1302 Remote 820
Local 888 Remote 820
Local 947 Remote 820
Local 1066 Remote 820
Local 710 Remote 820
Local 635 Remote 820
Local 1259 Remote 820
Local 1477 Remote 820
Local 1296 Remote 820
Local 1496 Remote 820
Local 1177 Remote 820
Local 775 Remote 820
Local 967 Remote 820
Local 888 Remote 820
Local 1859 Remote 820
Local 1398 Remote 820
Local 1622 Remote 820
Local 872 Remote 820
Local 745 Remote 820
Local 1018 Remote 820
Local 873 Remote 820
Local 1027 Remote 820
Local 1783 Remote 820
Local 1345 Remote 820
Local 1355 Remote 820
Local 1259 Remote 820
Local 1237 Remote 820
Local 1220 Remote 820
Local 986 Remote 820
Local 988 Remote 820
Local 4337 Remote 820
Local 1870 Remote 820
Local 1202 Remote 820
Local 996 Remote 820
Local 883 Remote 820
Local 1721 Remote 820
Local 2065 Remote 820
Local 1420 Remote 820
Local 869 Remote 820
Local 933 Remote 820
Local 874 Remote 820
Local 1179 Remote 820
Local 1091 Remote 820
Local 1090 Remote 820
Local 672 Remote 820
Local 668 Remote 820
Local 1027 Remote 820
Local 811 Remote 820
Local 840 Remote 820
Local 1200 Remote 820
Local 5973 Remote 820
Local 3213 Remote 820
Local 1782 Remote 820
Local 1425 Remote 820
Local 1433 Remote 820
Local 945 Remote 820
Local 1014 Remote 820
Local 1538 Remote 820
Local 913 Remote 820
Local 703 Remote 820
Local 632 Remote 820
Local 925 Remote 820
Local 1229 Remote 820
Local 1074 Remote 820
Local 2177 Remote 820
Local 1571 Remote 820
Local 1157 Remote 820
Local 803 Remote 820
Local 844 Remote 820
Local 1001 Remote 820
Local 937 Remote 820
Local 1234 Remote 820
Local 704 Remote 820
Local 668 Remote 820
Local 804 Remote 820
Local 892 Remote 820
Local 849 Remote 820
Local 1172 Remote 820
Local 1360 Remote 820
Local 1229 Remote 820
Local 1295 Remote 820
Local 1163 Remote 820
Local 1196 Remote 820
Local 907 Remote 820
Local 982 Remote 820
Local 856 Remote 820
Local 777 Remote 820
Local 1290 Remote 820
Local 1201 Remote 820
Local 1229 Remote 820
Local 1318 Remote 820
Local 1979 Remote 820
Local 1654 Remote 820
Local 904 Remote 820
Local 700 Remote 820
Local 966 Remote 820
Local 855 Remote 820
Local 946 Remote 820
Local 1223 Remote 820
Local 765 Remote 820
Local 686 Remote 820
Local 940 Remote 820
Local 842 Remote 820
Local 1027 Remote 820
Local 1628 Remote 820
Local 1626 Remote 820
Local 1308 Remote 820
Local 1353 Remote 820
Local 1221 Remote 820
Local 1121 Remote 820
Local 906 Remote 820
Local 1316 Remote 820
Local 778 Remote 820
Local 620 Remote 820
Local 1014 Remote 820
Local 1457 Remote 820
Local 1128 Remote 820
Local 1503 Remote 820
Local 1109 Remote 820
Local 1035 Remote 820
Local 1642 Remote 820
Local 1167 Remote 820
Local 1095 Remote 820
Local 1128 Remote 820
Local 1378 Remote 820
Local 864 Remote 820
Local 676 Remote 820
Local 1002 Remote 820
Local 1283 Remote 820
Local 1177 Remote 820
Local 1635 Remote 820
Local 1225 Remote 820
Local 1218 Remote 820
Local 1166 Remote 820
Local 1452 Remote 820
Local 1295 Remote 820
Local 876 Remote 820
Local 959 Remote 820
Local 942 Remote 820
Local 700 Remote 820
Local 932 Remote 820
Local 900 Remote 820
Local 907 Remote 820
Local 1279 Remote 820
Local 1653 Remote 820
Local 1255 Remote 820
Local 953 Remote 820
Local 1228 Remote 820
Local 1257 Remote 820
Local 1184 Remote 820
Local 994 Remote 820
Local 1580 Remote 820
Local 814 Remote 820
Local 914 Remote 820
Local 964 Remote 820
Local 906 Remote 820
Local 754 Remote 820
Local 1051 Remote 820
Local 1459 Remote 820
Local 1244 Remote 820
Local 1237 Remote 820
Local 1189 Remote 820
Local 1258 Remote 820
Local 817 Remote 820
Local 1008 Remote 820
Local 1052 Remote 820
Local 727 Remote 820
Local 647 Remote 820
Local 1091 Remote 820
Local 955 Remote 820
Local 1229 Remote 820
Local 1155 Remote 820
Local 1209 Remote 820
Local 801 Remote 820
Local 717 Remote 820
Local 812 Remote 820
Local 986 Remote 820
Local 1148 Remote 820
Local 1468 Remote 820
Local 1459 Remote 820
Local 922 Remote 820
Local 970 Remote 820
Local 799 Remote 820
Local 777 Remote 820
Local 1405 Remote 820
Local 1592 Remote 820
Local 1325 Remote 820
Local 1129 Remote 820
Local 1281 Remote 820
Local 1161 Remote 820
Local 969 Remote 820
Local 1196 Remote 820
Local 816 Remote 820
Local 621 Remote 820
Local 637 Remote 820
Local 857 Remote 820
Local 847 Remote 820
Local 779 Remote 820
Local 1052 Remote 820
Local 1782 Remote 820
Local 1271 Remote 820
Local 808 Remote 820
Local 1003 Remote 820
Local 1210 Remote 820
Local 1144 Remote 820
Local 1242 Remote 820
Local 858 Remote 820
Local 756 Remote 820
Local 620 Remote 820
Local 988 Remote 820
Local 1394 Remote 820
Local 1388 Remote 820
Local 2225 Remote 820
Local 1519 Remote 820
Local 1180 Remote 820
Local 1098 Remote 820
Local 1135 Remote 820
Local 1000 Remote 820
Local 829 Remote 820
Local 1416 Remote 820
Local 861 Remote 820
Local 997 Remote 820
Local 1181 Remote 820
Local 821 Remote 820
Local 937 Remote 820
Local 1141 Remote 820
Local 2049 Remote 820
Local 1474 Remote 820
Local 867 Remote 820
Local 1089 Remote 820
Local 966 Remote 820
Local 1028 Remote 820
Local 1020 Remote 820
Local 1118 Remote 820
Local 1264 Remote 820
Local 864 Remote 820
Local 915 Remote 820
Local 797 Remote 820
Local 711 Remote 820
Local 1259 Remote 820
Local 2380 Remote 820
Local 1558 Remote 820
Local 1053 Remote 820
Local 1478 Remote 820
Local 1328 Remote 820
Local 897 Remote 820
Local 960 Remote 820
Local 1118 Remote 820
Local 748 Remote 820
Local 690 Remote 820
Local 977 Remote 820
Local 952 Remote 820
Local 1098 Remote 820
Local 1762 Remote 820
Local 1329 Remote 820
Local 1046 Remote 820
Local 1123 Remote 820
Local 963 Remote 820
Local 939 Remote 820
Local 1024 Remote 820
Local 1778 Remote 820
Local 876 Remote 820
Local 816 Remote 820
Local 900 Remote 820
Local 908 Remote 820
Local 760 Remote 820
Local 1214 Remote 820
Local 2680 Remote 820
Local 1685 Remote 820
Local 1235 Remote 820
Local 1255 Remote 820
Local 1156 Remote 820
Local 971 Remote 820
Local 1019 Remote 820
Local 672 Remote 820
Local 657 Remote 820
Local 859 Remote 820
Local 931 Remote 820
Local 898 Remote 820
Local 1236 Remote 820
Local 3688 Remote 820
Local 2073 Remote 820
Local 1297 Remote 820
Local 1233 Remote 820
Local 1261 Remote 820
Local 1267 Remote 820
Local 1323 Remote 820
Local 986 Remote 820
Local 1006 Remote 820
Local 793 Remote 820
Local 1153 Remote 820
Local 993 Remote 820
Local 959 Remote 820
Local 2392 Remote 820
Local 1291 Remote 820
Local 1264 Remote 820
Local 1115 Remote 820
Local 1299 Remote 820
Local 1253 Remote 820
Local 1184 Remote 820
Local 1079 Remote 820
Local 795 Remote 820
Local 646 Remote 820
Local 866 Remote 820
Local 840 Remote 820
Local 870 Remote 820
Local 1110 Remote 820
Local 2358 Remote 820
Local 1552 Remote 820
Local 912 Remote 820
Local 735 Remote 820
Local 1150 Remote 820
Local 1051 Remote 820
Local 1274 Remote 820
Local 946 Remote 820
Local 694 Remote 820
Local 637 Remote 820
Local 850 Remote 820
Local 1278 Remote 820
Local 1171 Remote 820
Local 1723 Remote 820
Local 1387 Remote 820
Local 1327 Remote 820
Local 1240 Remote 820
Local 1187 Remote 820
Local 1142 Remote 820
Local 965 Remote 820
Local 1169 Remote 820
Local 800 Remote 820
Local 883 Remote 820
Local 724 Remote 820
Local 888 Remote 820
Local 790 Remote 820
Local 843 Remote 820
Local 1228 Remote 820
Local 1569 Remote 820
Local 1209 Remote 820
Local 998 Remote 820
Local 793 Remote 820
Local 917 Remote 820
Local 1022 Remote 820
Local 1268 Remote 820
Local 1390 Remote 820
Local 815 Remote 820
Local 697 Remote 820
Local 1097 Remote 820
Local 986 Remote 820
Local 920 Remote 820
Local 1982 Remote 820
Local 1261 Remote 820
Local 1387 Remote 820
Local 1244 Remote 820
Local 1040 Remote 820
Local 1212 Remote 820
Local 990 Remote 820
Local 1055 Remote 820
Local 768 Remote 820
Local 668 Remote 820
Local 902 Remote 820
Local 1118 Remote 820
Local 1098 Remote 820
Local 1157 Remote 820
Local 2132 Remote 820
Local 1249 Remote 820
Local 899 Remote 820
Local 1179 Remote 820
Local 1235 Remote 820
Local 1342 Remote 820
Local 1566 Remote 820
Local 808 Remote 820
Local 801 Remote 820
Local 916 Remote 820
Local 849 Remote 820
Local 836 Remote 820
Local 1106 Remote 820
Local 1670 Remote 820
Local 1579 Remote 820
Local 1270 Remote 820
Local 1302 Remote 820
Local 1257 Remote 820
Local 865 Remote 820
Local 1081 Remote 820
Local 835 Remote 820
Local 782 Remote 820
Local 868 Remote 820
Local 822 Remote 820
Local 1096 Remote 820
Local 1126 Remote 820
Local 901 Remote 820
Local 998 Remote 820
Local 887 Remote 820
Local 950 Remote 820
Local 1052 Remote 820
Local 1036 Remote 820
Local 1184 Remote 820
Local 1386 Remote 820
Local 756 Remote 820
Local 715 Remote 820
Local 898 Remote 820
Local 1102 Remote 820
Local 941 Remote 820
Local 1103 Remote 820
Local 1661 Remote 820
Local 1231 Remote 820
Local 1272 Remote 820
Local 1329 Remote 820
Local 1220 Remote 820
Local 861 Remote 820
Local 1086 Remote 820
Local 855 Remote 820
Local 710 Remote 820
Local 622 Remote 820
Local 1019 Remote 820
Local 828 Remote 820
Local 1114 Remote 820
Local 1325 Remote 820
Local 1084 Remote 820
Local 851 Remote 820
Local 856 Remote 820
Local 885 Remote 820
Local 1051 Remote 820
Local 978 Remote 820
Local 1113 Remote 820
Local 804 Remote 820
Local 658 Remote 820
Local 1133 Remote 820
Local 1071 Remote 820
Local 1237 Remote 820
Local 3309 Remote 820
Local 1820 Remote 820
Local 1123 Remote 820
Local 1431 Remote 820
Local 1314 Remote 820
Local 854 Remote 820
Local 855 Remote 820
Local 867 Remote 820
Local 633 Remote 820
Local 567 Remote 820
Local 922 Remote 820
Local 1133 Remote 820
Local 1233 Remote 820
Local 1507 Remote 820
Local 1348 Remote 820
Local 958 Remote 820
Local 849 Remote 820
Local 774 Remote 820
Local 841 Remote 820
Local 1362 Remote 820
Local 955 Remote 820
Local 616 Remote 820
Local 641 Remote 820
Local 1073 Remote 820
Local 1105 Remote 820
Local 1250 Remote 820
Local 2007 Remote 820
Local 1365 Remote 820
Local 1169 Remote 820
Local 1446 Remote 820
Local 1338 Remote 820
Local 932 Remote 820
Local 879 Remote 820
Local 1018 Remote 820
Local 725 Remote 820
Local 597 Remote 820
Local 662 Remote 820
Local 914 Remote 820
Local 659 Remote 820
Local 991 Remote 820
Local 1533 Remote 820
Local 1341 Remote 820
Local 1031 Remote 820
Local 835 Remote 820
Local 779 Remote 820
Local 988 Remote 820
Local 987 Remote 820
Local 1459 Remote 820
Local 925 Remote 820
Local 701 Remote 820
Local 789 Remote 820
Local 756 Remote 820
Local 1012 Remote 820
Local 1748 Remote 820
Local 1901 Remote 820
Local 1463 Remote 820
Local 1332 Remote 820
Local 1173 Remote 820
Local 1199 Remote 820
Local 901 Remote 820
Local 985 Remote 820
Local 813 Remote 820
Local 631 Remote 820
Local 670 Remote 820
Local 877 Remote 820
Local 1009 Remote 820
Local 1153 Remote 820
Local 1068 Remote 820
Local 1069 Remote 820
Local 1186 Remote 820
Local 1482 Remote 820
Local 1259 Remote 820
Local 1100 Remote 820
Local 1015 Remote 820
Local 2225 Remote 820
Local 1088 Remote 820
Local 752 Remote 820
Local 1287 Remote 820
Local 1203 Remote 820
Local 1017 Remote 820
Local 1480 Remote 820
Local 2803 Remote 820
Local 1907 Remote 820
Local 1359 Remote 820
Local 1305 Remote 820
Local 1271 Remote 820
Local 1051 Remote 820
Local 1050 Remote 820
Local 866 Remote 820
Local 696 Remote 820
Local 913 Remote 820
Local 799 Remote 820
Local 820 Remote 820
Local 1045 Remote 820
Local 1198 Remote 820
Local 2329 Remote 820
Local 1252 Remote 820
Local 880 Remote 820
Local 746 Remote 820
Local 1318 Remote 820
Local 1226 Remote 820
Local 1530 Remote 820
Local 797 Remote 820
Local 675 Remote 820
Local 913 Remote 820
Local 748 Remote 820
Local 711 Remote 820
Local 1241 Remote 820
Local 1408 Remote 820
Local 1181 Remote 820
Local 986 Remote 820
Local 1468 Remote 820
Local 1312 Remote 820
Local 897 Remote 820
Local 999 Remote 820
Local 820 Remote 820
Local 1011 Remote 820
Local 700 Remote 820
Local 851 Remote 820
Local 733 Remote 820
Local 1117 Remote 820
Local 1413 Remote 820
Local 1213 Remote 820
Local 916 Remote 820
Local 734 Remote 820
Local 881 Remote 820
Local 944 Remote 820
Local 1214 Remote 820
Local 1176 Remote 820
Local 767 Remote 820
Local 627 Remote 820
Local 1205 Remote 820
Local 988 Remote 820
Local 961 Remote 820
Local 1381 Remote 820
Local 1536 Remote 820
Local 1443 Remote 820
Local 1383 Remote 820
Local 1421 Remote 820
Local 1211 Remote 820
Local 983 Remote 820
Local 1262 Remote 820
Local 1132 Remote 820
Local 777 Remote 820
Local 1182 Remote 820
Local 808 Remote 820
Local 1051 Remote 820
Local 1257 Remote 820
Local 2166 Remote 820
Local 1534 Remote 820
Local 885 Remote 820
Local 978 Remote 820
Local 983 Remote 820
Local 826 Remote 820
Local 983 Remote 820
Local 816 Remote 820
Local 679 Remote 820
Local 658 Remote 820
Local 920 Remote 820
Local 1391 Remote 820
Local 1310 Remote 820
Local 1970 Remote 820
Local 1334 Remote 820
Local 1013 Remote 820
Local 1169 Remote 820
Local 1231 Remote 820
Local 808 Remote 820
Local 1197 Remote 820
Local 887 Remote 820
Local 748 Remote 820
Local 666 Remote 820
Local 652 Remote 820
Local 952 Remote 820
Local 1445 Remote 820
Local 1212 Remote 820
Local 1853 Remote 820
Local 1268 Remote 820
Local 959 Remote 820
Local 830 Remote 820
Local 910 Remote 820
Local 1220 Remote 820
Local 1041 Remote 820
Local 1470 Remote 820
Local 778 Remote 820
Local 664 Remote 820
Local 894 Remote 820
Local 753 Remote 820
Local 705 Remote 820
Local 985 Remote 820
Local 1201 Remote 820
Local 1343 Remote 820
Local 1174 Remote 820
Local 1172 Remote 820
Local 1198 Remote 820
Local 866 Remote 820
Local 982 Remote 820
Local 859 Remote 820
Local 672 Remote 820
Local 916 Remote 820
Local 943 Remote 820
Local 964 Remote 820
Local 1009 Remote 820
Local 1529 Remote 820
Local 1170 Remote 820
Local 775 Remote 820
Local 760 Remote 820
Local 941 Remote 820
Local 899 Remote 820
Local 906 Remote 820
Local 1373 Remote 820
Local 841 Remote 820
Local 769 Remote 820
Local 1115 Remote 820
Local 871 Remote 820
Local 926 Remote 820
Local 1224 Remote 820
Local 966 Remote 820
Local 1087 Remote 820
Local 1003 Remote 820
Local 1232 Remote 820
Local 1111 Remote 820
Local 942 Remote 820
Local 928 Remote 820
Local 1263 Remote 820
Local 808 Remote 820
Local 912 Remote 820
Local 797 Remote 820
Local 764 Remote 820
Local 1088 Remote 820
Local 1921 Remote 820
Local 1313 Remote 820
Local 868 Remote 820
Local 796 Remote 820
Local 825 Remote 820
Local 1096 Remote 820
Local 1003 Remote 820
Local 1292 Remote 820
Local 728 Remote 820
Local 686 Remote 820
Local 882 Remote 820
Local 716 Remote 820
Local 699 Remote 820
Local 1102 Remote 820
Local 1973 Remote 820
Local 1482 Remote 820
Local 1280 Remote 820
Local 1431 Remote 820
Local 1309 Remote 820
Local 790 Remote 820
Local 1078 Remote 820
Local 979 Remote 820
Local 958 Remote 820
Local 787 Remote 820
Local 974 Remote 820
Local 1147 Remote 820
Local 1089 Remote 820
Local 2163 Remote 820
Local 1217 Remote 820
Local 1266 Remote 820
Local 1065 Remote 820
Local 1102 Remote 820
Local 1082 Remote 820
Local 998 Remote 820
Local 1221 Remote 820
Local 896 Remote 820
Local 764 Remote 820
Local 850 Remote 820
Local 768 Remote 820
Local 805 Remote 820
Local 1176 Remote 820
Local 2021 Remote 820
Local 1449 Remote 820
Local 1200 Remote 820
Local 1327 Remote 820
Local 1203 Remote 820
Local 954 Remote 820
Local 1051 Remote 820
Local 742 Remote 820
Local 718 Remote 820
Local 774 Remote 820
Local 817 Remote 820
Local 950 Remote 820
Local 1222 Remote 820
Local 1389 Remote 820
Local 1391 Remote 820
Local 842 Remote 820
Local 880 Remote 820
Local 1024 Remote 820
Local 877 Remote 820
Local 1231 Remote 820
Local 791 Remote 820
Local 698 Remote 820
Local 610 Remote 820
Local 1003 Remote 820
Local 911 Remote 820
Local 1186 Remote 820
Local 3280 Remote 820
Local 1730 Remote 820
Local 1172 Remote 820
Local 1450 Remote 820
Local 1330 Remote 820
Local 914 Remote 820
Local 1030 Remote 820
Local 1018 Remote 820
Local 902 Remote 820
Local 612 Remote 820
Local 697 Remote 820
Local 1011 Remote 820
Local 1243 Remote 820
Local 1341 Remote 820
Local 2576 Remote 820
Local 1182 Remote 820
Local 1150 Remote 820
Local 1102 Remote 820
Local 1026 Remote 820
Local 1109 Remote 820
Local 999 Remote 820
Local 1449 Remote 820
Local 887 Remote 820
Local 771 Remote 820
Local 1174 Remote 820
Local 940 Remote 820
Local 788 Remote 820
Local 1028 Remote 820
Local 1837 Remote 820
Local 1310 Remote 820
Local 1291 Remote 820
Local 1220 Remote 820
Local 1190 Remote 820
Local 816 Remote 820
Local 942 Remote 820
Local 790 Remote 820
Local 688 Remote 820
Local 610 Remote 820
Local 853 Remote 820
Local 1521 Remote 820
Local 1450 Remote 820
Local 1163 Remote 820
Local 1177 Remote 820
Local 934 Remote 820
Local 651 Remote 820
Local 722 Remote 820
Local 1184 Remote 820
Local 966 Remote 820
Local 1281 Remote 820
Local 718 Remote 820
Local 682 Remote 820
Local 896 Remote 820
Local 899 Remote 820
Local 813 Remote 820
Local 1163 Remote 820
Local 2160 Remote 820
Local 1417 Remote 820
Local 1398 Remote 820
Local 1321 Remote 820
Local 1232 Remote 820
Local 868 Remote 820
Local 980 Remote 820
Local 1098 Remote 820
Local 696 Remote 820
Local 705 Remote 820
Local 1143 Remote 820
Local 977 Remote 820
Local 1183 Remote 820
Local 2160 Remote 820
Local 1327 Remote 820
Local 976 Remote 820
Local 1078 Remote 820
Local 1016 Remote 820
Local 1057 Remote 820
Local 1261 Remote 820
Local 1108 Remote 820
Local 924 Remote 820
Local 729 Remote 820
Local 938 Remote 820
Local 719 Remote 820
Local 817 Remote 820
Local 1425 Remote 820
Local 1320 Remote 820
Local 1033 Remote 820
Local 967 Remote 820
Local 1255 Remote 820
Local 1271 Remote 820
Local 885 Remote 820
Local 845 Remote 820
Local 948 Remote 820
Local 821 Remote 820
Local 652 Remote 820
Local 1072 Remote 820
Local 784 Remote 820
Local 897 Remote 820
Local 1176 Remote 820
Local 2494 Remote 820
Local 1605 Remote 820
Local 1009 Remote 820
Local 864 Remote 820
Local 878 Remote 820
Local 1006 Remote 820
Local 1115 Remote 820
Local 1362 Remote 820
Local 745 Remote 820
Local 848 Remote 820
Local 1072 Remote 820
Local 883 Remote 820
Local 1147 Remote 820
Local 1324 Remote 820
Local 2076 Remote 820
Local 1534 Remote 820
Local 1255 Remote 820
Local 1192 Remote 820
Local 1180 Remote 820
Local 877 Remote 820
Local 977 Remote 820
Local 1006 Remote 820
Local 897 Remote 820
Local 669 Remote 820
Local 968 Remote 820
Local 1193 Remote 820
Local 1163 Remote 820
Local 1859 Remote 820
Local 1755 Remote 820
Local 1106 Remote 820
Local 954 Remote 820
Local 812 Remote 820
Local 978 Remote 820
Local 1097 Remote 820
Local 1496 Remote 820
Local 845 Remote 820
Local 658 Remote 820
Local 920 Remote 820
Local 796 Remote 820
Local 850 Remote 820
Local 1001 Remote 820
Local 1397 Remote 820
Local 1123 Remote 820
Local 968 Remote 820
Local 1329 Remote 820
Local 1265 Remote 820
Local 929 Remote 820
Local 869 Remote 820
Local 1048 Remote 820
Local 876 Remote 820
Local 676 Remote 820
Local 656 Remote 820
Local 1092 Remote 820
Local 884 Remote 820
Local 1264 Remote 820
Local 1266 Remote 820
Local 1347 Remote 820
Local 850 Remote 820
Local 697 Remote 820
Local 826 Remote 820
Local 1249 Remote 820
Local 1168 Remote 820
Local 1206 Remote 820
Local 774 Remote 820
Local 700 Remote 820
Local 795 Remote 820
Local 673 Remote 820
Local 746 Remote 820
Local 1371 Remote 820
Local 2254 Remote 820
Local 1678 Remote 820
Local 1530 Remote 820
Local 1257 Remote 820
Local 1223 Remote 820
Local 799 Remote 820
Local 1125 Remote 820
Local 1299 Remote 820
Local 861 Remote 820
Local 743 Remote 820
Local 786 Remote 820
Local 872 Remote 820
Local 1142 Remote 820
Local 964 Remote 820
Local 1003 Remote 820
Local 961 Remote 820
Local 988 Remote 820
Local 947 Remote 820
Local 843 Remote 820
Local 1084 Remote 820
Local 1117 Remote 820
Local 715 Remote 820
Local 609 Remote 820
Local 1114 Remote 820
Local 1006 Remote 820
Local 1219 Remote 820
Local 2542 Remote 820
Local 2445 Remote 820
Local 1728 Remote 820
Local 1238 Remote 820
Local 1302 Remote 820
Local 1233 Remote 820
Local 1101 Remote 820
Local 995 Remote 820
Local 760 Remote 820
Local 650 Remote 820
Local 874 Remote 820
Local 987 Remote 820
Local 869 Remote 820
Local 1172 Remote 820
Local 2349 Remote 820
Local 1613 Remote 820
Local 1084 Remote 820
Local 889 Remote 820
Local 1017 Remote 820
Local 1038 Remote 820
Local 1068 Remote 820
Local 1503 Remote 820
Local 1462 Remote 820
Local 1054 Remote 820
Local 967 Remote 820
Local 1019 Remote 820
Local 955 Remote 820
Local 1173 Remote 820
Local 1331 Remote 820
Local 1208 Remote 820
Local 1097 Remote 820
Local 1413 Remote 820
Local 1455 Remote 820
Local 943 Remote 820
Local 955 Remote 820
Local 985 Remote 820
Local 632 Remote 820
Local 614 Remote 820
Local 970 Remote 820
Local 1020 Remote 820
Local 873 Remote 820
Local 1611 Remote 820
Local 1236 Remote 820
Local 910 Remote 820
Local 1128 Remote 820
Local 920 Remote 820
Local 1354 Remote 820
Local 1280 Remote 820
Local 1412 Remote 820
Local 930 Remote 820
Local 740 Remote 820
Local 1103 Remote 820
Local 1933 Remote 820
Local 1478 Remote 820
Local 1604 Remote 820
Local 1206 Remote 820
Local 1223 Remote 820
Local 1307 Remote 820
Local 1185 Remote 820
Local 1036 Remote 820
Local 1087 Remote 820
Local 1220 Remote 820
Local 700 Remote 820
Local 648 Remote 820
Local 1061 Remote 820
Local 785 Remote 820
Local 1071 Remote 820
Local 1200 Remote 820
Local 1616 Remote 820
Local 1288 Remote 820
Local 1070 Remote 820
Local 857 Remote 820
Local 821 Remote 820
Local 1424 Remote 820
Local 1134 Remote 820
Local 1141 Remote 820
Local 970 Remote 820
Local 733 Remote 820
Local 1505 Remote 820
Local 915 Remote 820
Local 890 Remote 820
Local 1498 Remote 820
Local 1038 Remote 820
Local 1202 Remote 820
Local 1260 Remote 820
Local 1266 Remote 820
Local 1203 Remote 820
Local 968 Remote 820
Local 1585 Remote 820
Local 989 Remote 820
Local 771 Remote 820
Local 661 Remote 820
Local 789 Remote 820
Local 722 Remote 820
Local 757 Remote 820
Local 1309 Remote 820
Local 1290 Remote 820
Local 1061 Remote 820
Local 850 Remote 820
Local 851 Remote 820
Local 814 Remote 820
Local 901 Remote 820
Local 1017 Remote 820
Local 1313 Remote 820
Local 905 Remote 820
Local 726 Remote 820
Local 820 Remote 820
Local 765 Remote 820
Local 715 Remote 820
Local 1038 Remote 820
Local 1533 Remote 820
Local 1148 Remote 820
Local 962 Remote 820
Local 1224 Remote 820
Local 1177 Remote 820
Local 918 Remote 820
Local 863 Remote 820
Local 756 Remote 820
Local 607 Remote 820
Local 590 Remote 820
Local 882 Remote 820
Local 905 Remote 820
Local 989 Remote 820
Local 1493 Remote 820
Local 1161 Remote 820
Local 996 Remote 820
Local 983 Remote 820
Local 943 Remote 820
Local 1072 Remote 820
Local 1182 Remote 820
Local 1507 Remote 820
Local 795 Remote 820
Local 706 Remote 820
Local 814 Remote 820
Local 673 Remote 820
Local 1035 Remote 820
Local 1041 Remote 820
Local 1672 Remote 820
Local 1402 Remote 820
Local 1302 Remote 820
Local 1271 Remote 820
Local 1149 Remote 820
Local 957 Remote 820
Local 1092 Remote 820
Local 784 Remote 820
Local 671 Remote 820
Local 871 Remote 820
Local 798 Remote 820
Local 901 Remote 820
Local 1134 Remote 820
Local 1155 Remote 820
Local 1219 Remote 820
Local 754 Remote 820
Local 808 Remote 820
Local 875 Remote 820
Local 909 Remote 820
Local 883 Remote 820
Local 1454 Remote 820
Local 773 Remote 820
Local 659 Remote 820
Local 993 Remote 820
Local 815 Remote 820
Local 785 Remote 820
Local 1078 Remote 820
Local 3814 Remote 820
Local 1974 Remote 820
Local 1384 Remote 820
Local 1318 Remote 820
Local 1214 Remote 820
Local 861 Remote 820
Local 904 Remote 820
Local 883 Remote 820
Local 1122 Remote 820
Local 746 Remote 820
Local 884 Remote 820
Local 863 Remote 820
Local 1451 Remote 820
Local 5288 Remote 820
Local 2545 Remote 820
Local 1742 Remote 820
Local 1254 Remote 820
Local 891 Remote 820
Local 903 Remote 820
Local 1000 Remote 820
Local 1026 Remote 820
Local 700 Remote 820
Local 697 Remote 820
Local 975 Remote 820
Local 803 Remote 820
Local 997 Remote 820
Local 1230 Remote 820
Local 1039 Remote 820
Local 1128 Remote 820
Local 1054 Remote 820
Local 1106 Remote 820
Local 1061 Remote 820
Local 945 Remote 820
Local 1192 Remote 820
Local 859 Remote 820
Local 957 Remote 820
Local 853 Remote 820
Local 671 Remote 820
Local 799 Remote 820
Local 1482 Remote 820
Local 1316 Remote 820
Local 1163 Remote 820
Local 764 Remote 820
Local 634 Remote 820
Local 740 Remote 820
Local 815 Remote 820
Local 834 Remote 820
Local 1113 Remote 820
Local 733 Remote 820
Local 659 Remote 820
Local 1083 Remote 820
Local 877 Remote 820
Local 874 Remote 820
Local 1586 Remote 820
Local 1103 Remote 820
Local 1128 Remote 820
Local 1027 Remote 820
Local 1206 Remote 820
Local 1139 Remote 820
Local 952 Remote 820
Local 1059 Remote 820
Local 874 Remote 820
Local 614 Remote 820
Local 557 Remote 820
Local 801 Remote 820
Local 1068 Remote 820
Local 1501 Remote 820
Local 1318 Remote 820
Local 1723 Remote 820
Local 1537 Remote 820
Local 948 Remote 820
Local 1039 Remote 820
Local 888 Remote 820
Local 1242 Remote 820
Local 1243 Remote 820
Local 1317 Remote 820
Local 871 Remote 820
Local 674 Remote 820
Local 944 Remote 820
Local 766 Remote 820
Local 758 Remote 820
Local 1277 Remote 820
Local 3151 Remote 820
Local 1764 Remote 820
Local 1343 Remote 820
Local 1383 Remote 820
Local 1365 Remote 820
Local 886 Remote 820
Local 831 Remote 820
Local 950 Remote 820
Local 1042 Remote 820
Local 748 Remote 820
Local 982 Remote 820
Local 1187 Remote 820
Local 1286 Remote 820
Local 1995 Remote 820
Local 1191 Remote 820
Local 844 Remote 820
Local 643 Remote 820
Local 1281 Remote 820
Local 1106 Remote 820
Local 999 Remote 820
Local 1237 Remote 820
Local 739 Remote 820
Local 674 Remote 820
Local 1063 Remote 820
Local 958 Remote 820
Local 1051 Remote 820
Local 1696 Remote 820
Local 1471 Remote 820
Local 1410 Remote 820
Local 1489 Remote 820
Local 1436 Remote 820
Local 1236 Remote 820
Local 800 Remote 820
Local 1001 Remote 820
Local 790 Remote 820
Local 726 Remote 820
Local 632 Remote 820
Local 865 Remote 820
Local 932 Remote 820
Local 1113 Remote 820
Local 2015 Remote 820
Local 1537 Remote 820
Local 1067 Remote 820
Local 738 Remote 820
Local 795 Remote 820
Local 827 Remote 820
Local 821 Remote 820
Local 973 Remote 820
Local 672 Remote 820
Local 620 Remote 820
Local 1019 Remote 820
Local 819 Remote 820
Local 1139 Remote 820
Local 1914 Remote 820
Local 1355 Remote 820
Local 1124 Remote 820
Local 1268 Remote 820
Local 1288 Remote 820
Local 1133 Remote 820
Local 970 Remote 820
Local 964 Remote 820
Local 619 Remote 820
Local 631 Remote 820
Local 1007 Remote 820
Local 1054 Remote 820
Local 1139 Remote 820
Local 1714 Remote 820
Local 1233 Remote 820
Local 1006 Remote 820
Local 953 Remote 820
Local 883 Remote 820
Local 888 Remote 820
Local 1145 Remote 820
Local 1246 Remote 820
Local 736 Remote 820
Local 647 Remote 820
Local 908 Remote 820
Local 1237 Remote 820
Local 1289 Remote 820
Local 1334 Remote 820
Local 1238 Remote 820
Local 1056 Remote 820
Local 1223 Remote 820
Local 1153 Remote 820
Local 837 Remote 820
Local 996 Remote 820
Local 1213 Remote 820
Local 716 Remote 820
Local 702 Remote 820
Local 965 Remote 820
Local 1063 Remote 820
Local 1121 Remote 820
Local 1068 Remote 820
Local 1305 Remote 820
Local 890 Remote 820
Local 1325 Remote 820
Local 1011 Remote 820
Local 1055 Remote 820
Local 1273 Remote 820
Local 1385 Remote 820
Local 1045 Remote 820
Local 860 Remote 820
Local 841 Remote 820
Local 799 Remote 820
Local 711 Remote 820
Local 1217 Remote 820
Local 1198 Remote 820
Local 1096 Remote 820
Local 931 Remote 820
Local 1165 Remote 820
Local 1108 Remote 820
Local 1191 Remote 820
Local 1133 Remote 820
Local 849 Remote 820
Local 644 Remote 820
Local 581 Remote 820
Local 607 Remote 820
Local 1031 Remote 820
Local 1078 Remote 820
Local 1086 Remote 820
Local 2691 Remote 820
Local 1606 Remote 820
Local 1019 Remote 820
Local 1300 Remote 820
Local 997 Remote 820
Local 949 Remote 820
Local 1557 Remote 820
Local 1416 Remote 820
Local 1434 Remote 820
Local 989 Remote 820
Local 1027 Remote 820
Local 994 Remote 820
Local 897 Remote 820
Local 1293 Remote 820
Local 1211 Remote 820
Local 1173 Remote 820
Local 988 Remote 820
Local 1384 Remote 820
Local 1341 Remote 820
Local 928 Remote 820
Local 977 Remote 820
Local 989 Remote 820
Local 972 Remote 820
Local 712 Remote 820
Local 928 Remote 820
Local 730 Remote 820
Local 1367 Remote 820
Local 1440 Remote 820
Local 1387 Remote 820
Local 997 Remote 820
Local 919 Remote 820
Local 880 Remote 820
Local 938 Remote 820
Local 1029 Remote 820
Local 1454 Remote 820
Local 886 Remote 820
Local 710 Remote 820
Local 855 Remote 820
Local 826 Remote 820
Local 1615 Remote 820
Local 1453 Remote 820
Local 1722 Remote 820
Local 1274 Remote 820
Local 1001 Remote 820
Local 1272 Remote 820
Local 1181 Remote 820
Local 839 Remote 820
Local 934 Remote 820
Local 1360 Remote 820
Local 1190 Remote 820
Local 776 Remote 820
Local 932 Remote 820
Local 871 Remote 820
Local 1041 Remote 820
Local 1826 Remote 820
Local 1662 Remote 820
Local 1256 Remote 820
Local 810 Remote 820
Local 852 Remote 820
Local 870 Remote 820
Local 1262 Remote 820
Local 1476 Remote 820
Local 781 Remote 820
Local 673 Remote 820
Local 1191 Remote 820
Local 790 Remote 820
Local 998 Remote 820
Local 1460 Remote 820
Local 1255 Remote 820
Local 1213 Remote 820
Local 1106 Remote 820
Local 1099 Remote 820
Local 1024 Remote 820
Local 1049 Remote 820
Local 1615 Remote 820
Local 827 Remote 820
Local 750 Remote 820
Local 834 Remote 820
Local 906 Remote 820
Local 842 Remote 820
Local 1020 Remote 820
Local 5144 Remote 820
Local 2456 Remote 820
Local 1443 Remote 820
Local 914 Remote 820
Local 876 Remote 820
Local 948 Remote 820
Local 820 Remote 820
Local 1429 Remote 820
Local 877 Remote 820
Local 671 Remote 820
Local 839 Remote 820
Local 664 Remote 820
Local 1334 Remote 820
Local 1324 Remote 820
Local 1241 Remote 820
Local 1045 Remote 820
Local 953 Remote 820
Local 1242 Remote 820
Local 1242 Remote 820
Local 1005 Remote 820
Local 1233 Remote 820
Local 883 Remote 820
Local 721 Remote 820
Local 1083 Remote 820
Local 900 Remote 820
Local 1430 Remote 820
Local 1525 Remote 820
Local 2367 Remote 820
Local 2058 Remote 820
Local 1248 Remote 820
Local 984 Remote 820
Local 838 Remote 820
Local 1308 Remote 820
Local 984 Remote 820
Local 985 Remote 820
Local 657 Remote 820
Local 606 Remote 820
Local 906 Remote 820
Local 808 Remote 820
Local 1373 Remote 820
Local 1684 Remote 820
Local 1236 Remote 820
Local 1260 Remote 820
Local 1144 Remote 820
Local 1289 Remote 820
Local 1214 Remote 820
Local 929 Remote 820
Local 1056 Remote 820
Local 920 Remote 820
Local 868 Remote 820
Local 906 Remote 820
Local 1036 Remote 820
Local 932 Remote 820
Local 817 Remote 820
Local 1454 Remote 820
Local 2982 Remote 820
Local 1916 Remote 820
Local 2178 Remote 820
Local 1321 Remote 820
Local 1193 Remote 820
Local 973 Remote 820
Local 1072 Remote 820
Local 995 Remote 820
Local 688 Remote 820
Local 709 Remote 820
Local 1468 Remote 820
Local 1409 Remote 820
Local 1387 Remote 820
Local 1881 Remote 820
Local 1314 Remote 820
Local 1120 Remote 820
Local 1298 Remote 820
Local 1217 Remote 820
Local 880 Remote 820
Local 928 Remote 820
Local 1021 Remote 820
Local 655 Remote 820
Local 615 Remote 820
Local 865 Remote 820
Local 1329 Remote 820
Local 1146 Remote 820
Local 1014 Remote 820
Local 1079 Remote 820
Local 967 Remote 820
Local 933 Remote 820
Local 907 Remote 820
Local 1431 Remote 820
Local 1221 Remote 820
Local 1261 Remote 820
Local 863 Remote 820
Local 737 Remote 820
Local 760 Remote 820
Local 727 Remote 820
Local 757 Remote 820
Local 1375 Remote 820
Local 1602 Remote 820
Local 1319 Remote 820
Local 1502 Remote 820
Local 1356 Remote 820
Local 1322 Remote 820
Local 1046 Remote 820
Local 1015 Remote 820
Local 1164 Remote 820
Local 682 Remote 820
Local 656 Remote 820
Local 962 Remote 820
Local 883 Remote 820
Local 999 Remote 820
Local 1145 Remote 820
Local 1060 Remote 820
Local 1039 Remote 820
Local 817 Remote 820
Local 878 Remote 820
Local 1050 Remote 820
Local 1116 Remote 820
Local 1057 Remote 820
Local 846 Remote 820
Local 747 Remote 820
Local 845 Remote 820
Local 838 Remote 820
Local 781 Remote 820
Local 1322 Remote 820
Local 1654 Remote 820
Local 1279 Remote 820
Local 943 Remote 820
Local 1146 Remote 820
Local 1235 Remote 820
Local 842 Remote 820
Local 927 Remote 820
Local 982 Remote 820
Local 2743 Remote 820
Local 1316 Remote 820
Local 1140 Remote 820
Local 1240 Remote 820
Local 1176 Remote 820
Local 2239 Remote 820
Local 5257 Remote 820
Local 2391 Remote 820
Local 1365 Remote 820
Local 1101 Remote 820
Local 1010 Remote 820
Local 929 Remote 820
Local 926 Remote 820
Local 859 Remote 820
Local 760 Remote 820
Local 639 Remote 820
Local 1083 Remote 820
Local 1187 Remote 820
Local 1284 Remote 820
Local 1805 Remote 820
Local 1684 Remote 820
Local 1287 Remote 820
Local 1381 Remote 820
Local 1234 Remote 820
Local 874 Remote 820
Local 1058 Remote 820
Local 972 Remote 820
Local 872 Remote 820
Local 665 Remote 820
Local 861 Remote 820
Local 1262 Remote 820
Local 1212 Remote 820
Local 1590 Remote 820
Local 1431 Remote 820
Local 993 Remote 820
Local 1049 Remote 820
Local 934 Remote 820
Local 953 Remote 820
Local 1178 Remote 820
Local 1186 Remote 820
Local 893 Remote 820
Local 785 Remote 820
Local 832 Remote 820
Local 733 Remote 820
Local 775 Remote 820
Local 1532 Remote 820
Local 2603 Remote 820
Local 1553 Remote 820
Local 1270 Remote 820
Local 1431 Remote 820
Local 1332 Remote 820
Local 885 Remote 820
Local 1051 Remote 820
Local 964 Remote 820
Local 836 Remote 820
Local 742 Remote 820
Local 610 Remote 820
Local 1018 Remote 820
Local 816 Remote 820
Local 1102 Remote 820
Local 1696 Remote 820
Local 1454 Remote 820
Local 988 Remote 820
Local 687 Remote 820
Local 954 Remote 820
Local 1103 Remote 820
Local 1139 Remote 820
Local 1160 Remote 820
Local 938 Remote 820
Local 899 Remote 820
Local 891 Remote 820
Local 805 Remote 820
Local 721 Remote 820
Local 1165 Remote 820
Local 1653 Remote 820
Local 1428 Remote 820
Local 1109 Remote 820
Local 1267 Remote 820
Local 1141 Remote 820
Local 817 Remote 820
Local 956 Remote 820
Local 920 Remote 820
Local 604 Remote 820
Local 623 Remote 820
Local 1068 Remote 820
Local 872 Remote 820
Local 994 Remote 820
Local 2484 Remote 820
Local 1611 Remote 820
Local 997 Remote 820
Local 1306 Remote 820
Local 1013 Remote 820
Local 1096 Remote 820
Local 1072 Remote 820
Local 1100 Remote 820
Local 890 Remote 820
Local 791 Remote 820
Local 951 Remote 820
Local 742 Remote 820
Local 732 Remote 820
Local 1019 Remote 820
Local 1643 Remote 820
Local 1326 Remote 820
Local 1228 Remote 820
Local 1297 Remote 820
Local 1234 Remote 820
Local 813 Remote 820
Local 1078 Remote 820
Local 922 Remote 820
Local 684 Remote 820
Local 1136 Remote 820
Local 1103 Remote 820
Local 949 Remote 820
Local 1719 Remote 820
Local 2206 Remote 820
Local 1622 Remote 820
Local 971 Remote 820
Local 735 Remote 820
Local 841 Remote 820
Local 1127 Remote 820
Local 1166 Remote 820
Local 1233 Remote 820
Local 814 Remote 820
Local 766 Remote 820
Local 1220 Remote 820
Local 846 Remote 820
Local 1141 Remote 820
Local 1200 Remote 820
Local 1232 Remote 820
Local 1499 Remote 820
Local 1215 Remote 820
Local 1398 Remote 820
Local 1281 Remote 820
Local 848 Remote 820
Local 901 Remote 820
Local 892 Remote 820
Local 746 Remote 820
Local 625 Remote 820
Local 898 Remote 820
Local 841 Remote 820
Local 1161 Remote 820
Local 2966 Remote 820
Local 1718 Remote 820
Local 1114 Remote 820
Local 906 Remote 820
Local 912 Remote 820
Local 1124 Remote 820
Local 1025 Remote 820
Local 1337 Remote 820
Local 840 Remote 820
Local 780 Remote 820
Local 934 Remote 820
Local 886 Remote 820
Local 968 Remote 820
Local 1158 Remote 820
Local 3197 Remote 820
Local 2165 Remote 820
Local 1619 Remote 820
Local 1477 Remote 820
Local 1313 Remote 820
Local 919 Remote 820
Local 951 Remote 820
Local 1033 Remote 820
Local 943 Remote 820
Local 722 Remote 820
Local 1146 Remote 820
Local 907 Remote 820
Local 970 Remote 820
Local 1599 Remote 820
Local 2026 Remote 820
Local 1340 Remote 820
Local 958 Remote 820
Local 975 Remote 820
Local 1409 Remote 820
Local 1189 Remote 820
Local 1543 Remote 820
Local 903 Remote 820
Local 711 Remote 820
Local 1140 Remote 820
Local 833 Remote 820
Local 1036 Remote 820
Local 1250 Remote 820
Local 1882 Remote 820
Local 1441 Remote 820
Local 1006 Remote 820
Local 1193 Remote 820
Local 1351 Remote 820
Local 901 Remote 820
Local 1067 Remote 820
Local 1018 Remote 820
Local 777 Remote 820
Local 629 Remote 820
Local 652 Remote 820
Local 982 Remote 820
Local 963 Remote 820
Local 1183 Remote 820
Local 1471 Remote 820
Local 1635 Remote 820
Local 937 Remote 820
Local 705 Remote 820
Local 743 Remote 820
Local 958 Remote 820
Local 886 Remote 820
Local 1338 Remote 820
Local 891 Remote 820
Local 852 Remote 820
Local 1218 Remote 820
Local 1194 Remote 820
Local 1242 Remote 820
Local 1495 Remote 820
Local 1326 Remote 820
Local 1361 Remote 820
Local 1567 Remote 820
Local 1461 Remote 820
Local 1318 Remote 820
Local 964 Remote 820
Local 1308 Remote 820
Local 1052 Remote 820
Local 739 Remote 820
Local 857 Remote 820
Local 820 Remote 820
Local 1105 Remote 820
Local 1182 Remote 820
Local 1362 Remote 820
Local 1796 Remote 820
Local 1127 Remote 820
Local 882 Remote 820
Local 874 Remote 820
Local 958 Remote 820
Local 1061 Remote 820
Local 1051 Remote 820
Local 778 Remote 820
Local 718 Remote 820
Local 1032 Remote 820
Local 927 Remote 820
Local 1192 Remote 820
Local 2565 Remote 820
Local 1628 Remote 820
Local 1443 Remote 820
Local 1231 Remote 820
Local 1136 Remote 820
Local 1279 Remote 820
Local 845 Remote 820
Local 1179 Remote 820
Local 892 Remote 820
Local 757 Remote 820
Local 674 Remote 820
Local 938 Remote 820
Local 1229 Remote 820
Local 1197 Remote 820
Local 1841 Remote 820
Local 1104 Remote 820
Local 1157 Remote 820
Local 858 Remote 820
Local 1019 Remote 820
Local 1056 Remote 820
Local 905 Remote 820
Local 1006 Remote 820
Local 944 Remote 820
Local 781 Remote 820
Local 625 Remote 820
Local 975 Remote 820
Local 818 Remote 820
Local 1157 Remote 820
Local 1530 Remote 820
Local 1332 Remote 820
Local 994 Remote 820
Local 1201 Remote 820
Local 1264 Remote 820
Local 904 Remote 820
Local 943 Remote 820
Local 1010 Remote 820
Local 743 Remote 820
Local 632 Remote 820
Local 963 Remote 820
Local 937 Remote 820
Local 1471 Remote 820
Local 2874 Remote 820
Local 1578 Remote 820
Local 901 Remote 820
Local 817 Remote 820
Local 842 Remote 820
Local 1311 Remote 820
Local 1030 Remote 820
Local 1468 Remote 820
Local 811 Remote 820
Local 734 Remote 820
Local 842 Remote 820
Local 699 Remote 820
Local 657 Remote 820
Local 1331 Remote 820
Local 3044 Remote 820
Local 1631 Remote 820
Local 1084 Remote 820
Local 1339 Remote 820
Local 1304 Remote 820
Local 829 Remote 820
Local 1013 Remote 820
Local 896 Remote 820
Local 735 Remote 820
Local 671 Remote 820
Local 880 Remote 820
Local 1020 Remote 820
Local 1197 Remote 820
Local 1147 Remote 820
Local 1207 Remote 820
Local 943 Remote 820
Local 682 Remote 820
Local 809 Remote 820
Local 1148 Remote 820
Local 1046 Remote 820
Local 1574 Remote 820
Local 1092 Remote 820
Local 825 Remote 820
Local 1195 Remote 820
Local 821 Remote 820
Local 1751 Remote 820
Local 3162 Remote 820
Local 1898 Remote 820
Local 1459 Remote 820
Local 1418 Remote 820
Local 1141 Remote 820
Local 1045 Remote 820
Local 863 Remote 820
Local 1017 Remote 820
Local 686 Remote 820
Local 530 Remote 820
Local 604 Remote 820
Local 1187 Remote 820
Local 821 Remote 820
Local 1082 Remote 820
Local 1187 Remote 820
Local 1556 Remote 820
Local 1219 Remote 820
Local 910 Remote 820
Local 1021 Remote 820
Local 1326 Remote 820
Local 1341 Remote 820
Local 1458 Remote 820
Local 1060 Remote 820
Local 762 Remote 820
Local 648 Remote 820
Local 1235 Remote 820
Local 1137 Remote 820
Local 1353 Remote 820
Local 2086 Remote 820
Local 1332 Remote 820
Local 1107 Remote 820
Local 1311 Remote 820
Local 1365 Remote 820
Local 1069 Remote 820
Local 923 Remote 820
Local 860 Remote 820
Local 719 Remote 820
Local 659 Remote 820
Local 1251 Remote 820
Local 1180 Remote 820
Local 1244 Remote 820
Local 1511 Remote 820
Local 2204 Remote 820
Local 1167 Remote 820
Local 835 Remote 820
Local 963 Remote 820
Local 1081 Remote 820
Local 1307 Remote 820
Local 1415 Remote 820
Local 2644 Remote 820
Local 1257 Remote 820
Local 1318 Remote 820
Local 838 Remote 820
Local 945 Remote 820
Local 2363 Remote 820
Local 2123 Remote 820
Local 1646 Remote 820
Local 1406 Remote 820
Local 1329 Remote 820
Local 1353 Remote 820
Local 1162 Remote 820
Local 930 Remote 820
Local 788 Remote 820
Local 816 Remote 820
Local 691 Remote 820
Local 1270 Remote 820
Local 1219 Remote 820
Local 1300 Remote 820
Local 4634 Remote 820
Local 2136 Remote 820
Local 1350 Remote 820
Local 1012 Remote 820
Local 983 Remote 820
Local 1162 Remote 820
Local 1222 Remote 820
Local 1131 Remote 820
Local 931 Remote 820
Local 828 Remote 820
Local 861 Remote 820
Local 906 Remote 820
Local 744 Remote 820
Local 1234 Remote 820
Local 2136 Remote 820
Local 1490 Remote 820
Local 1047 Remote 820
Local 1302 Remote 820
Local 1390 Remote 820
Local 922 Remote 820
Local 947 Remote 820
Local 1030 Remote 820
Local 695 Remote 820
Local 624 Remote 820
Local 898 Remote 820
Local 673 Remote 820
Local 983 Remote 820
Local 1371 Remote 820
Local 1095 Remote 820
Local 941 Remote 820
Local 904 Remote 820
Local 955 Remote 820
Local 1178 Remote 820
Local 1090 Remote 820
Local 1503 Remote 820
Local 874 Remote 820
Local 725 Remote 820
Local 959 Remote 820
Local 802 Remote 820
Local 759 Remote 820
Local 1137 Remote 820
Local 1305 Remote 820
Local 1353 Remote 820
Local 1312 Remote 820
Local 1395 Remote 820
Local 1240 Remote 820
Local 1368 Remote 820
Local 1181 Remote 820
Local 895 Remote 820
Local 1008 Remote 820
Local 776 Remote 820
Local 811 Remote 820
Local 1149 Remote 820
Local 1232 Remote 820
Local 1790 Remote 820
Local 1660 Remote 820
Local 959 Remote 820
Local 761 Remote 820
Local 860 Remote 820
Local 1038 Remote 820
Local 932 Remote 820
Local 1264 Remote 820
Local 1751 Remote 820
Local 1072 Remote 820
Local 1074 Remote 820
Local 883 Remote 820
Local 745 Remote 820
Local 1005 Remote 820
Local 1575 Remote 820
Local 1298 Remote 820
Local 937 Remote 820
Local 1410 Remote 820
Local 1343 Remote 820
Local 925 Remote 820
Local 861 Remote 820
Local 1006 Remote 820
Local 807 Remote 820
Local 775 Remote 820
Local 802 Remote 820
Local 1203 Remote 820
Local 865 Remote 820
Local 956 Remote 820
Local 1640 Remote 820
Local 1482 Remote 820
Local 925 Remote 820
Local 826 Remote 820
Local 915 Remote 820
Local 1498 Remote 820
Local 1110 Remote 820
Local 1508 Remote 820
Local 790 Remote 820
Local 637 Remote 820
Local 1070 Remote 820
Local 910 Remote 820
Local 796 Remote 820
Local 983 Remote 820
Local 1313 Remote 820
Local 1302 Remote 820
Local 1656 Remote 820
Local 1566 Remote 820
Local 1315 Remote 820
Local 884 Remote 820
Local 1161 Remote 820
Local 889 Remote 820
Local 904 Remote 820
Local 734 Remote 820
Local 1230 Remote 820
Local 1212 Remote 820
Local 1268 Remote 820
Local 2380 Remote 820
Local 1490 Remote 820
Local 990 Remote 820
Local 978 Remote 820
Local 939 Remote 820
Local 1150 Remote 820
Local 934 Remote 820
Local 1371 Remote 820
Local 871 Remote 820
Local 826 Remote 820
Local 884 Remote 820
Local 942 Remote 820
Local 794 Remote 820
Local 1189 Remote 820
Local 1651 Remote 820
Local 1355 Remote 820
Local 1041 Remote 820
Local 1260 Remote 820
Local 1363 Remote 820
Local 883 Remote 820
Local 1077 Remote 820
Local 867 Remote 820
Local 825 Remote 820
Local 650 Remote 820
Local 1001 Remote 820
Local 880 Remote 820
Local 1054 Remote 820
Local 1735 Remote 820
Local 1431 Remote 820
Local 907 Remote 820
Local 783 Remote 820
Local 710 Remote 820
Local 1072 Remote 820
Local 1076 Remote 820
Local 1242 Remote 820
Local 1061 Remote 820
Local 827 Remote 820
Local 871 Remote 820
Local 896 Remote 820
Local 880 Remote 820
Local 1112 Remote 820
Local 1563 Remote 820
Local 1281 Remote 820
Local 1007 Remote 820
Local 1252 Remote 820
Local 1168 Remote 820
Local 874 Remote 820
Local 900 Remote 820
Local 1018 Remote 820
Local 680 Remote 820
Local 670 Remote 820
Local 1020 Remote 820
Local 883 Remote 820
Local 1224 Remote 820
Local 1397 Remote 820
Local 1044 Remote 820
Local 993 Remote 820
Local 944 Remote 820
Local 972 Remote 820
Local 904 Remote 820
Local 1519 Remote 820
Local 1624 Remote 820
Local 1004 Remote 820
Local 705 Remote 820
Local 883 Remote 820
Local 920 Remote 820
Local 1919 Remote 820
Local 1469 Remote 820
Local 1429 Remote 820
Local 1166 Remote 820
Local 924 Remote 820
Local 1330 Remote 820
Local 1310 Remote 820
Local 895 Remote 820
Local 1168 Remote 820
Local 997 Remote 820
Local 825 Remote 820
Local 656 Remote 820
Local 854 Remote 820
Local 1001 Remote 820
Local 1103 Remote 820
Local 1324 Remote 820
Local 1210 Remote 820
Local 922 Remote 820
Local 929 Remote 820
Local 772 Remote 820
Local 917 Remote 820
Local 888 Remote 820
Local 1209 Remote 820
Local 696 Remote 820
Local 705 Remote 820
Local 847 Remote 820
Local 730 Remote 820
Local 764 Remote 820
Local 1116 Remote 820
Local 1171 Remote 820
Local 992 Remote 820
Local 866 Remote 820
Local 1326 Remote 820
Local 1238 Remote 820
Local 837 Remote 820
Local 995 Remote 820
Local 733 Remote 820
Local 563 Remote 820
Local 1336 Remote 820
Local 1051 Remote 820
Local 913 Remote 820
Local 885 Remote 820
Local 1217 Remote 820
Local 1700 Remote 820
Local 1374 Remote 820
Local 1010 Remote 820
Local 973 Remote 820
Local 963 Remote 820
Local 1652 Remote 820
Local 1167 Remote 820
Local 1311 Remote 820
Local 1124 Remote 820
Local 790 Remote 820
Local 1118 Remote 820
Local 787 Remote 820
Local 1041 Remote 820
Local 1159 Remote 820
Local 1454 Remote 820
Local 1189 Remote 820
Local 982 Remote 820
Local 1228 Remote 820
Local 1196 Remote 820
Local 865 Remote 820
Local 973 Remote 820
Local 1119 Remote 820
Local 682 Remote 820
Local 711 Remote 820
Local 912 Remote 820
Local 911 Remote 820
Local 1012 Remote 820
Local 2092 Remote 820
Local 1251 Remote 820
Local 1006 Remote 820
Local 893 Remote 820
Local 960 Remote 820
Local 961 Remote 820
Local 1252 Remote 820
Local 1464 Remote 820
Local 1091 Remote 820
Local 832 Remote 820
Local 855 Remote 820
Local 793 Remote 820
Local 714 Remote 820
Local 1062 Remote 820
Local 2558 Remote 820
Local 1652 Remote 820
Local 1183 Remote 820
Local 1346 Remote 820
Local 1613 Remote 820
Local 953 Remote 820
Local 922 Remote 820
Local 1336 Remote 820
Local 955 Remote 820
Local 764 Remote 820
Local 1062 Remote 820
Local 946 Remote 820
Local 929 Remote 820
Local 2159 Remote 820
Local 1425 Remote 820
Local 1449 Remote 820
Local 1067 Remote 820
Local 976 Remote 820
Local 1127 Remote 820
Local 1121 Remote 820
Local 1321 Remote 820
Local 758 Remote 820
Local 714 Remote 820
Local 896 Remote 820
Local 731 Remote 820
Local 1056 Remote 820
Local 1317 Remote 820
Local 3206 Remote 820
Local 2016 Remote 820
Local 1445 Remote 820
Local 1400 Remote 820
Local 1229 Remote 820
Local 870 Remote 820
Local 982 Remote 820
Local 1032 Remote 820
Local 769 Remote 820
Local 676 Remote 820
Local 1000 Remote 820
Local 1054 Remote 820
Local 1167 Remote 820
Local 1361 Remote 820
Local 1127 Remote 820
Local 835 Remote 820
Local 973 Remote 820
Local 1040 Remote 820
Local 2101 Remote 820
Local 1140 Remote 820
Local 1398 Remote 820
Local 780 Remote 820
Local 697 Remote 820
Local 1193 Remote 820
Local 1422 Remote 820
Local 1332 Remote 820
Local 2468 Remote 820
Local 1504 Remote 820
Local 1513 Remote 820
Local 1592 Remote 820
Local 1371 Remote 820
Local 1317 Remote 820
Local 969 Remote 820
Local 1215 Remote 820
Local 798 Remote 820
Local 698 Remote 820
Local 1296 Remote 820
Local 963 Remote 820
Local 1007 Remote 820
Local 1374 Remote 820
Local 1486 Remote 820
Local 1160 Remote 820
Local 903 Remote 820
Local 815 Remote 820
Local 816 Remote 820
Local 844 Remote 820
Local 957 Remote 820
Local 993 Remote 820
Local 790 Remote 820
Local 807 Remote 820
Local 1302 Remote 820
Local 923 Remote 820
Local 938 Remote 820
Local 1104 Remote 820
Local 1122 Remote 820
Local 1248 Remote 820
Local 1124 Remote 820
Local 1269 Remote 820
Local 1259 Remote 820
Local 917 Remote 820
Local 1089 Remote 820
Local 941 Remote 820
Local 687 Remote 820
Local 583 Remote 820
Local 625 Remote 820
Local 757 Remote 820
Local 1410 Remote 820
Local 1335 Remote 820
Local 1230 Remote 820
Local 1105 Remote 820
Local 843 Remote 820
Local 1061 Remote 820
Local 927 Remote 820
Local 887 Remote 820
Local 1271 Remote 820
Local 1040 Remote 820
Local 661 Remote 820
Local 716 Remote 820
Local 935 Remote 820
Local 876 Remote 820
Local 1007 Remote 820
Local 1772 Remote 820
Local 1303 Remote 820
Local 1047 Remote 820
Local 1121 Remote 820
Local 1236 Remote 820
Local 937 Remote 820
Local 950 Remote 820
Local 1106 Remote 820
Local 707 Remote 820
Local 655 Remote 820
Local 803 Remote 820
Local 968 Remote 820
Local 1334 Remote 820
Local 2107 Remote 820
Local 1453 Remote 820
Local 957 Remote 820
Local 1164 Remote 820
Local 921 Remote 820
Local 1236 Remote 820
Local 1122 Remote 820
Local 1261 Remote 820
Local 746 Remote 820
Local 903 Remote 820
Local 944 Remote 820
Local 742 Remote 820
Local 1745 Remote 820
Local 1425 Remote 820
Local 2749 Remote 820
Local 1712 Remote 820
Local 1097 Remote 820
Local 1373 Remote 820
Local 1339 Remote 820
Local 894 Remote 820
Local 915 Remote 820
Local 1163 Remote 820
Local 727 Remote 820
Local 614 Remote 820
Local 965 Remote 820
Local 758 Remote 820
Local 1041 Remote 820
Local 2001 Remote 820
Local 1242 Remote 820
Local 923 Remote 820
Local 936 Remote 820
Local 765 Remote 820
Local 890 Remote 820
Local 823 Remote 820
Local 1408 Remote 820
Local 761 Remote 820
Local 688 Remote 820
Local 1049 Remote 820
Local 1106 Remote 820
Local 1276 Remote 820
Local 1515 Remote 820
Local 1398 Remote 820
Local 1425 Remote 820
Local 1482 Remote 820
Local 1294 Remote 820
Local 903 Remote 820
Local 1020 Remote 820
Local 940 Remote 820
Local 623 Remote 820
Local 630 Remote 820
Local 1099 Remote 820
Local 994 Remote 820
Local 898 Remote 820
Local 1785 Remote 820
Local 1369 Remote 820
Local 988 Remote 820
Local 916 Remote 820
Local 983 Remote 820
Local 1021 Remote 820
Local 829 Remote 820
Local 1373 Remote 820
Local 831 Remote 820
Local 684 Remote 820
Local 1127 Remote 820
Local 1197 Remote 820
Local 1028 Remote 820
Local 1265 Remote 820
Local 1771 Remote 820
Local 1357 Remote 820
Local 1186 Remote 820
Local 1254 Remote 820
Local 1301 Remote 820
Local 1044 Remote 820
Local 1093 Remote 820
Local 1353 Remote 820
Local 828 Remote 820
Local 645 Remote 820
Local 870 Remote 820
Local 772 Remote 820
Local 936 Remote 820
Local 1144 Remote 820
Local 1147 Remote 820
Local 1122 Remote 820
Local 825 Remote 820
Local 767 Remote 820
Local 788 Remote 820
Local 892 Remote 820
Local 1154 Remote 820
Local 1450 Remote 820
Local 772 Remote 820
Local 932 Remote 820
Local 963 Remote 820
Local 815 Remote 820
Local 881 Remote 820
Local 1473 Remote 820
Local 2346 Remote 820
Local 1545 Remote 820
Local 1038 Remote 820
Local 1308 Remote 820
Local 1240 Remote 820
Local 974 Remote 820
Local 918 Remote 820
Local 771 Remote 820
Local 652 Remote 820
Local 520 Remote 820
Local 586 Remote 820
Local 1220 Remote 820
Local 1142 Remote 820
Local 1047 Remote 820
Local 1295 Remote 820
Local 2147 Remote 820
Local 1134 Remote 820
Local 1059 Remote 820
Local 980 Remote 820
Local 1117 Remote 820
Local 824 Remote 820
Local 1086 Remote 820
Local 795 Remote 820
Local 710 Remote 820
Local 910 Remote 820
Local 752 Remote 820
Local 1038 Remote 820
Local 1187 Remote 820
Local 2587 Remote 820
Local 1978 Remote 820
Local 1231 Remote 820
Local 1374 Remote 820
Local 1382 Remote 820
Local 944 Remote 820
Local 964 Remote 820
Local 836 Remote 820
Local 634 Remote 820
Local 622 Remote 820
Local 1339 Remote 820
Local 896 Remote 820
Local 1284 Remote 820
Local 1404 Remote 820
Local 1600 Remote 820
Local 1304 Remote 820
Local 839 Remote 820
Local 748 Remote 820
Local 1010 Remote 820
Local 796 Remote 820
Local 1091 Remote 820
Local 1051 Remote 820
Local 839 Remote 820
Local 663 Remote 820
Local 885 Remote 820
Local 1002 Remote 820
Local 1324 Remote 820
Local 1813 Remote 820
Local 1308 Remote 820
Local 1309 Remote 820
Local 1263 Remote 820
Local 1171 Remote 820
Local 969 Remote 820
Local 1061 Remote 820
Local 938 Remote 820
Local 610 Remote 820
Local 637 Remote 820
Local 817 Remote 820
Local 795 Remote 820
Local 827 Remote 820
Local 1234 Remote 820
Local 3714 Remote 820
Local 1889 Remote 820
Local 1049 Remote 820
Local 2073 Remote 820
Local 1412 Remote 820
Local 1847 Remote 820
Local 1429 Remote 820
Local 903 Remote 820
Local 798 Remote 820
Local 943 Remote 820
Local 1072 Remote 820
Local 870 Remote 820
Local 1151 Remote 820
Local 1941 Remote 820
Local 1673 Remote 820
Local 1073 Remote 820
Local 1295 Remote 820
Local 1271 Remote 820
Local 913 Remote 820
Local 891 Remote 820
Local 1031 Remote 820
Local 774 Remote 820
Local 676 Remote 820
Local 1455 Remote 820
Local 1382 Remote 820
Local 1242 Remote 820
Local 1232 Remote 820
Local 1213 Remote 820
Local 925 Remote 820
Local 999 Remote 820
Local 787 Remote 820
Local 1021 Remote 820
Local 939 Remote 820
Local 1302 Remote 820
Local 725 Remote 820
Local 663 Remote 820
Local 877 Remote 820
Local 729 Remote 820
Local 968 Remote 820
Local 1207 Remote 820
Local 1708 Remote 820
Local 1493 Remote 820
Local 1250 Remote 820
Local 1380 Remote 820
Local 1353 Remote 820
Local 925 Remote 820
Local 1076 Remote 820
Local 1536 Remote 820
Local 954 Remote 820
Local 697 Remote 820
Local 1311 Remote 820
Local 1203 Remote 820
Local 1326 Remote 820
Local 1764 Remote 820
Local 1646 Remote 820
Local 1014 Remote 820
Local 758 Remote 820
Local 798 Remote 820
Local 1029 Remote 820
Local 1435 Remote 820
Local 1329 Remote 820
Local 1118 Remote 820
Local 718 Remote 820
Local 957 Remote 820
Local 835 Remote 820
Local 884 Remote 820
Local 997 Remote 820
Local 2965 Remote 820
Local 1777 Remote 820
Local 1423 Remote 820
Local 1295 Remote 820
Local 1435 Remote 820
Local 1221 Remote 820
Local 995 Remote 820
Local 1229 Remote 820
Local 898 Remote 820
Local 655 Remote 820
Local 642 Remote 820
Local 941 Remote 820
Local 775 Remote 820
Local 793 Remote 820
Local 998 Remote 820
Local 1344 Remote 820
Local 1158 Remote 820
Local 1056 Remote 820
Local 801 Remote 820
Local 821 Remote 820
Local 885 Remote 820
Local 966 Remote 820
Local 1158 Remote 820
Local 715 Remote 820
Local 748 Remote 820
Local 1038 Remote 820
Local 779 Remote 820
Local 982 Remote 820
Local 2367 Remote 820
Local 1355 Remote 820
Local 1494 Remote 820
Local 1252 Remote 820
Local 1487 Remote 820
Local 1391 Remote 820
Local 1175 Remote 820
Local 1182 Remote 820
Local 1132 Remote 820
Local 739 Remote 820
Local 651 Remote 820
Local 935 Remote 820
Local 1280 Remote 820
Local 1241 Remote 820
Local 3024 Remote 820
Local 1894 Remote 820
Local 1038 Remote 820
Local 817 Remote 820
Local 846 Remote 820
Local 821 Remote 820
Local 1106 Remote 820
Local 1617 Remote 820
Local 907 Remote 820
Local 710 Remote 820
Local 855 Remote 820
Local 830 Remote 820
Local 1082 Remote 820
Local 1230 Remote 820
Local 1191 Remote 820
Local 1070 Remote 820
Local 1109 Remote 820
Local 1281 Remote 820
Local 1090 Remote 820
Local 829 Remote 820
Local 897 Remote 820
Local 973 Remote 820
Local 677 Remote 820
Local 975 Remote 820
Local 1074 Remote 820
Local 1523 Remote 820
Local 1480 Remote 820
Local 1878 Remote 820
Local 1365 Remote 820
Local 994 Remote 820
Local 1146 Remote 820
Local 1083 Remote 820
Local 1210 Remote 820
Local 1134 Remote 820
Local 1466 Remote 820
Local 923 Remote 820
Local 624 Remote 820
Local 986 Remote 820
Local 841 Remote 820
Local 1037 Remote 820
Local 1252 Remote 820
Local 2135 Remote 820
Local 1369 Remote 820
Local 994 Remote 820
Local 1381 Remote 820
Local 1185 Remote 820
Local 889 Remote 820
Local 1012 Remote 820
Local 1186 Remote 820
Local 696 Remote 820
Local 854 Remote 820
Local 981 Remote 820
Local 1091 Remote 820
Local 1051 Remote 820
Local 1284 Remote 820
Local 1268 Remote 820
Local 941 Remote 820
Local 736 Remote 820
Local 847 Remote 820
Local 1235 Remote 820
Local 1263 Remote 820
Local 1632 Remote 820
Local 911 Remote 820
Local 730 Remote 820
Local 1000 Remote 820
Local 784 Remote 820
Local 837 Remote 820
Local 1034 Remote 820
Local 1092 Remote 820
Local 1371 Remote 820
Local 1269 Remote 820
Local 1263 Remote 820
Local 1316 Remote 820
Local 895 Remote 820
Local 1036 Remote 820
Local 920 Remote 820
Local 1020 Remote 820
Local 714 Remote 820
Local 1074 Remote 820
Local 1248 Remote 820
Local 1105 Remote 820
Local 1773 Remote 820
Local 1380 Remote 820
Local 876 Remote 820
Local 1163 Remote 820
Local 980 Remote 820
Local 1172 Remote 820
Local 1680 Remote 820
Local 1493 Remote 820
Local 1062 Remote 820
Local 766 Remote 820
Local 1177 Remote 820
Local 1269 Remote 820
Local 1125 Remote 820
Local 2219 Remote 820
Local 1137 Remote 820
Local 1294 Remote 820
Local 1399 Remote 820
Local 1428 Remote 820
Local 1215 Remote 820
Local 1083 Remote 820
Local 1142 Remote 820
Local 996 Remote 820
Local 723 Remote 820
Local 693 Remote 820
Local 880 Remote 820
Local 994 Remote 820
Local 951 Remote 820
Local 1097 Remote 820
Local 2308 Remote 820
Local 1570 Remote 820
Local 1073 Remote 820
Local 934 Remote 820
Local 1038 Remote 820
Local 1253 Remote 820
Local 1063 Remote 820
Local 1147 Remote 820
Local 934 Remote 820
Local 801 Remote 820
Local 856 Remote 820
Local 792 Remote 820
Local 1165 Remote 820
Local 1155 Remote 820
Local 1553 Remote 820
Local 1202 Remote 820
Local 1288 Remote 820
Local 1355 Remote 820
Local 1386 Remote 820
Local 910 Remote 820
Local 969 Remote 820
Local 1022 Remote 820
Local 701 Remote 820
Local 675 Remote 820
Local 922 Remote 820
Local 1261 Remote 820
Local 1351 Remote 820
Local 1500 Remote 820
Local 1047 Remote 820
Local 759 Remote 820
Local 826 Remote 820
Local 737 Remote 820
Local 834 Remote 820
Local 885 Remote 820
Local 1345 Remote 820
Local 739 Remote 820
Local 726 Remote 820
Local 924 Remote 820
Local 837 Remote 820
Local 718 Remote 820
Local 1049 Remote 820
Local 1356 Remote 820
Local 1307 Remote 820
Local 1281 Remote 820
Local 1489 Remote 820
Local 1282 Remote 820
Local 817 Remote 820
Local 1077 Remote 820
Local 842 Remote 820
Local 657 Remote 820
Local 704 Remote 820
Local 863 Remote 820
Local 1245 Remote 820
Local 1276 Remote 820
Local 1147 Remote 820
Local 1209 Remote 820
Local 910 Remote 820
Local 866 Remote 820
Local 938 Remote 820
Local 1070 Remote 820
Local 1040 Remote 820
Local 1529 Remote 820
Local 896 Remote 820
Local 716 Remote 820
Local 782 Remote 820
Local 1857 Remote 820
Local 1378 Remote 820
Local 2132 Remote 820
Local 1223 Remote 820
Local 1186 Remote 820
Local 1132 Remote 820
Local 1030 Remote 820
Local 1021 Remote 820
Local 1064 Remote 820
Local 1034 Remote 820
Local 640 Remote 820
Local 757 Remote 820
Local 896 Remote 820
Local 740 Remote 820
Local 1217 Remote 820
Local 1412 Remote 820
Local 1812 Remote 820
Local 1741 Remote 820
Local 1020 Remote 820
Local 1700 Remote 820
Local 1189 Remote 820
Local 1600 Remote 820
Local 1360 Remote 820
Local 886 Remote 820
Local 742 Remote 820
Local 848 Remote 820
Local 746 Remote 820
Local 812 Remote 820
Local 1068 Remote 820
Local 2336 Remote 820
Local 1468 Remote 820
Local 1021 Remote 820
Local 1347 Remote 820
Local 1220 Remote 820
Local 798 Remote 820
Local 850 Remote 820
Local 742 Remote 820
Local 698 Remote 820
Local 876 Remote 820
Local 1071 Remote 820
Local 1041 Remote 820
Local 1193 Remote 820
Local 1352 Remote 820
Local 1144 Remote 820
Local 856 Remote 820
Local 790 Remote 820
Local 879 Remote 820
Local 937 Remote 820
Local 1063 Remote 820
Local 1397 Remote 820
Local 990 Remote 820
Local 872 Remote 820
Local 1041 Remote 820
Local 830 Remote 820
Local 672 Remote 820
Local 1322 Remote 820
Local 1194 Remote 820
Local 1152 Remote 820
Local 952 Remote 820
Local 1255 Remote 820
Local 1185 Remote 820
Local 909 Remote 820
Local 882 Remote 820
Local 874 Remote 820
Local 769 Remote 820
Local 664 Remote 820
Local 655 Remote 820
Local 1245 Remote 820
Local 1121 Remote 820
Local 1175 Remote 820
Local 3102 Remote 820
Local 1629 Remote 820
Local 1051 Remote 820
Local 1058 Remote 820
Local 1015 Remote 820
Local 1130 Remote 820
Local 1529 Remote 820
Local 1378 Remote 820
Local 783 Remote 820
Local 660 Remote 820
Local 1042 Remote 820
Local 893 Remote 820
Local 854 Remote 820
Local 1027 Remote 820
Local 2684 Remote 820
Local 1679 Remote 820
Local 1242 Remote 820
Local 1325 Remote 820
Local 1167 Remote 820
Local 813 Remote 820
Local 838 Remote 820
Local 1036 Remote 820
Local 714 Remote 820
Local 638 Remote 820
Local 939 Remote 820
Local 1045 Remote 820
Local 1214 Remote 820
Local 2391 Remote 820
Local 1515 Remote 820
Local 1283 Remote 820
Local 989 Remote 820
Local 970 Remote 820
Local 1060 Remote 820
Local 1002 Remote 820
Local 1278 Remote 820
Local 996 Remote 820
Local 746 Remote 820
Local 799 Remote 820
Local 664 Remote 820
Local 986 Remote 820
Local 1396 Remote 820
Local 2180 Remote 820
Local 1536 Remote 820
Local 1100 Remote 820
Local 1464 Remote 820
Local 1285 Remote 820
Local 862 Remote 820
Local 879 Remote 820
Local 883 Remote 820
Local 705 Remote 820
Local 652 Remote 820
Local 980 Remote 820
Local 1443 Remote 820
Local 1517 Remote 820
Local 2876 Remote 820
Local 1663 Remote 820
Local 929 Remote 820
Local 933 Remote 820
Local 851 Remote 820
Local 1015 Remote 820
Local 951 Remote 820
Local 1006 Remote 820
Local 728 Remote 820
Local 659 Remote 820
Local 1234 Remote 820
Local 893 Remote 820
Local 1273 Remote 820
Local 2224 Remote 820
Local 1607 Remote 820
Local 1475 Remote 820
Local 1148 Remote 820
Local 1315 Remote 820
Local 1251 Remote 820
Local 943 Remote 820
Local 1022 Remote 820
Local 1033 Remote 820
Local 702 Remote 820
Local 875 Remote 820
Local 781 Remote 820
Local 856 Remote 820
Local 1249 Remote 820
Local 3831 Remote 820
Local 1914 Remote 820
Local 1248 Remote 820
Local 1750 Remote 820
Local 1371 Remote 820
Local 2440 Remote 820
Local 1633 Remote 820
Local 1384 Remote 820
Local 928 Remote 820
Local 790 Remote 820
Local 1137 Remote 820
Local 803 Remote 820
Local 995 Remote 820
Local 1128 Remote 820
Local 1770 Remote 820
Local 1414 Remote 820
Local 1076 Remote 820
Local 1319 Remote 820
Local 1232 Remote 820
Local 856 Remote 820
Local 838 Remote 820
Local 1311 Remote 820
Local 740 Remote 820
Local 729 Remote 820
Local 921 Remote 820
Local 774 Remote 820
Local 1030 Remote 820
Local 1408 Remote 820
Local 1285 Remote 820
Local 1424 Remote 820
Local 1293 Remote 820
Local 983 Remote 820
Local 1509 Remote 820
Local 1304 Remote 820
Local 1405 Remote 820
Local 779 Remote 820
Local 709 Remote 820
Local 826 Remote 820
Local 802 Remote 820
Local 958 Remote 820
Local 1030 Remote 820
Local 1070 Remote 820
Local 1003 Remote 820
Local 1008 Remote 820
Local 1161 Remote 820
Local 1227 Remote 820
Local 866 Remote 820
Local 1045 Remote 820
Local 847 Remote 820
Local 671 Remote 820
Local 989 Remote 820
Local 685 Remote 820
Local 949 Remote 820
Local 722 Remote 820
Local 1074 Remote 820
Local 1740 Remote 820
Local 1351 Remote 820
Local 916 Remote 820
Local 880 Remote 820
Local 812 Remote 820
Local 990 Remote 820
Local 844 Remote 820
Local 1475 Remote 820
Local 782 Remote 820
Local 730 Remote 820
Local 956 Remote 820
Local 1036 Remote 820
Local 1220 Remote 820
Local 1279 Remote 820
Local 1603 Remote 820
Local 1342 Remote 820
Local 1364 Remote 820
Local 1376 Remote 820
Local 1231 Remote 820
Local 1098 Remote 820
Local 932 Remote 820
Local 1170 Remote 820
Local 2479 Remote 820
Local 1173 Remote 820
Local 1085 Remote 820
Local 843 Remote 820
Local 867 Remote 820
Local 1192 Remote 820
Local 2059 Remote 820
Local 1671 Remote 820
Local 989 Remote 820
Local 1050 Remote 820
Local 1039 Remote 820
Local 880 Remote 820
Local 1329 Remote 820
Local 1030 Remote 820
Local 782 Remote 820
Local 626 Remote 820
Local 973 Remote 820
Local 874 Remote 820
Local 1092 Remote 820
Local 3235 Remote 820
Local 1515 Remote 820
Local 1118 Remote 820
Local 1251 Remote 820
Local 1191 Remote 820
Local 1116 Remote 820
Local 1096 Remote 820
Local 1527 Remote 820
Local 797 Remote 820
Local 691 Remote 820
Local 814 Remote 820
Local 815 Remote 820
Local 2691 Remote 820
Local 1957 Remote 820
Local 3336 Remote 820
Local 1676 Remote 820
Local 1056 Remote 820
Local 1058 Remote 820
Local 1204 Remote 820
Local 953 Remote 820
Local 1168 Remote 820
Local 1072 Remote 820
Local 661 Remote 820
Local 624 Remote 820
Local 892 Remote 820
Local 763 Remote 820
Local 871 Remote 820
Local 1790 Remote 820
Local 1243 Remote 820
Local 1208 Remote 820
Local 1175 Remote 820
Local 1424 Remote 820
Local 1273 Remote 820
Local 912 Remote 820
Local 981 Remote 820
Local 865 Remote 820
Local 895 Remote 820
Local 941 Remote 820
Local 861 Remote 820
Local 814 Remote 820
Local 1221 Remote 820
Local 1947 Remote 820
Local 1301 Remote 820
Local 886 Remote 820
Local 744 Remote 820
Local 880 Remote 820
Local 924 Remote 820
Local 978 Remote 820
Local 1100 Remote 820
Local 802 Remote 820
Local 756 Remote 820
Local 1245 Remote 820
Local 1321 Remote 820
Local 1090 Remote 820
Local 1881 Remote 820
Local 1183 Remote 820
Local 1256 Remote 820
Local 1095 Remote 820
Local 1059 Remote 820
Local 994 Remote 820
Local 1142 Remote 820
Local 1412 Remote 820
Local 2447 Remote 820
Local 1200 Remote 820
Local 1158 Remote 820
Local 975 Remote 820
Local 1330 Remote 820
Local 1420 Remote 820
Local 1563 Remote 820
Local 1318 Remote 820
Local 806 Remote 820
Local 849 Remote 820
Local 790 Remote 820
Local 918 Remote 820
Local 1625 Remote 820
Local 1415 Remote 820
Local 934 Remote 820
Local 682 Remote 820
Local 766 Remote 820
Local 895 Remote 820
Local 998 Remote 820
Local 1238 Remote 820
Local 1310 Remote 820
Local 1274 Remote 820
Local 1209 Remote 820
Local 1362 Remote 820
Local 1256 Remote 820
Local 804 Remote 820
Local 999 Remote 820
Local 849 Remote 820
Local 609 Remote 820
Local 553 Remote 820
Local 498 Remote 820
Local 475 Remote 820
Local 466 Remote 820
Local 462 Remote 820
Local 460 Remote 820
Local 460 Remote 820
