---
Devices:
 0: Host CPU
CloverLeaf:
 - Ver.:     2.000
 - Deck:     /home/labpc/work/cipp/CloverLeaf/InputDecks/clover_bm256_300.in
 - Out:      clover.out
 - Profiler: deck-specified
MPI:
 - Enabled:     false
 - Total ranks: 1
 - Header device-awareness (CUDA-awareness):  unknown
 - Runtime device-awareness (CUDA-awareness): unknown
 - Host-Device halo exchange staging buffer:  true
Model:
 - Name:      OpenMP (CPU)
 - Execution: Host
# ---- 
Output: |+1
 Output file clover.out opened. All output will go there.
 Args: --file /home/labpc/work/cipp/CloverLeaf/InputDecks/clover_bm256_300.in
 Using input: `/home/labpc/work/cipp/CloverLeaf/InputDecks/clover_bm256_300.in`
 Problem initialised and generated
 Launching hydro
 Step 1 time 0 control sound timestep  0.000385161 1,1 x 0 y 0
 Wall clock 1.70782
 Average time per cell 7.23869e-09
  Step time per cell    7.23869e-09
 Step 2 time 0.000385161 control sound timestep  0.000235099 1,1 x 0 y 0
 Wall clock 3.4069
 Average time per cell 7.22015e-09
  Step time per cell    7.20128e-09
 Step 3 time 0.000620261 control sound timestep  0.000298723 1,1 x 0 y 0
 Wall clock 5.11393
 Average time per cell 7.22522e-09
  Step time per cell    7.23503e-09
 Step 4 time 0.000918984 control sound timestep  0.000314746 1,1 x 0 y 0
 Wall clock 6.81886
 Average time per cell 7.22553e-09
  Step time per cell    7.22612e-09
 Step 5 time 0.00123373 control sound timestep  0.000346361 1,1 x 0 y 0
 Wall clock 8.53875
 Average time per cell 7.23839e-09
  Step time per cell    7.28949e-09
 Step 6 time 0.00158009 control sound timestep  0.00034558 1,1 x 0 y 0
 Wall clock 10.2255
 Average time per cell 7.22354e-09
  Step time per cell    7.14893e-09
 Step 7 time 0.00192567 control sound timestep  0.000352154 1,1 x 0 y 0
 Wall clock 11.8831
 Average time per cell 7.19533e-09
  Step time per cell    7.0258e-09
 Step 8 time 0.00227782 control sound timestep  0.000370384 1,1 x 0 y 0
 Wall clock 13.5087
 Average time per cell 7.15716e-09
  Step time per cell    6.8896e-09
 Step 9 time 0.00264821 control sound timestep  0.000366391 1,1 x 0 y 0
 Wall clock 15.1273
 Average time per cell 7.12421e-09
  Step time per cell    6.86028e-09
 Step 10 time 0.0030146 control sound timestep  0.000363789 1,1 x 0 y 0
 Wall clock 16.8468
 Average time per cell 7.1406e-09
  Step time per cell    7.28773e-09
 Step 11 time 0.00337839 control sound timestep  0.000361224 1,1 x 0 y 0
 Wall clock 18.4289
 Average time per cell 7.10108e-09
  Step time per cell    6.70578e-09
 Step 12 time 0.00373961 control sound timestep  0.000359796 1,1 x 0 y 0
 Wall clock 19.9921
 Average time per cell 7.06146e-09
  Step time per cell    6.62537e-09
 Step 13 time 0.00409941 control sound timestep  0.000360678 1,1 x 0 y 0
 Wall clock 21.5747
 Average time per cell 7.03426e-09
  Step time per cell    6.70749e-09
 Step 14 time 0.00446009 control sound timestep  0.000362113 1,1 x 0 y 0
 Wall clock 23.1402
 Average time per cell 7.00579e-09
  Step time per cell    6.63534e-09
 Step 15 time 0.0048222 control sound timestep  0.000362661 1,1 x 0 y 0
 Wall clock 24.7066
 Average time per cell 6.98134e-09
  Step time per cell    6.63865e-09
 Step 16 time 0.00518486 control sound timestep  0.000362812 1,1 x 0 y 0
 Wall clock 26.2622
 Average time per cell 6.95711e-09
  Step time per cell    6.59341e-09
 Step 17 time 0.00554767 control sound timestep  0.000362988 1,1 x 0 y 0
 Wall clock 27.839
 Average time per cell 6.941e-09
  Step time per cell    6.68277e-09
 Step 18 time 0.00591066 control sound timestep  0.000363082 1,1 x 0 y 0
 Wall clock 29.3906
 Average time per cell 6.92077e-09
  Step time per cell    6.5765e-09
 Step 19 time 0.00627374 control sound timestep  0.000363112 1,1 x 0 y 0
 Wall clock 30.9735
 Average time per cell 6.90962e-09
  Step time per cell    6.70862e-09
 Step 20 time 0.00663686 control sound timestep  0.00036317 1,1 x 0 y 0
 Wall clock 32.6334
 Average time per cell 6.91592e-09
  Step time per cell    7.03521e-09
 Step 21 time 0.00700003 control sound timestep  0.000363365 1,1 x 0 y 0
 Wall clock 34.1939
 Average time per cell 6.90156e-09
  Step time per cell    6.61432e-09
 Step 22 time 0.00736339 control sound timestep  0.00036347 1,1 x 0 y 0
 Wall clock 35.7533
 Average time per cell 6.88828e-09
  Step time per cell    6.60901e-09
 Step 23 time 0.00772686 control sound timestep  0.000363513 1,1 x 0 y 0
 Wall clock 37.3059
 Average time per cell 6.87492e-09
  Step time per cell    6.58067e-09
 Step 24 time 0.00809037 control sound timestep  0.000363629 1,1 x 0 y 0
 Wall clock 38.8495
 Average time per cell 6.86106e-09
  Step time per cell    6.54198e-09
 Step 25 time 0.008454 control sound timestep  0.000363732 1,1 x 0 y 0
 Wall clock 40.4149
 Average time per cell 6.85202e-09
  Step time per cell    6.63467e-09
 Step 26 time 0.00881773 control sound timestep  0.000363825 1,1 x 0 y 0
 Wall clock 41.9694
 Average time per cell 6.84191e-09
  Step time per cell    6.58876e-09
 Step 27 time 0.00918156 control sound timestep  0.000363914 1,1 x 0 y 0
 Wall clock 43.5385
 Average time per cell 6.83482e-09
  Step time per cell    6.65e-09
 Step 28 time 0.00954547 control sound timestep  0.000363943 1,1 x 0 y 0
 Wall clock 45.0999
 Average time per cell 6.82709e-09
  Step time per cell    6.61802e-09
 Step 29 time 0.00990942 control sound timestep  0.000363973 1,1 x 0 y 0
 Wall clock 46.6664
 Average time per cell 6.82063e-09
  Step time per cell    6.63941e-09
 Step 30 time 0.0102734 control sound timestep  0.000363988 1,1 x 0 y 0
 Wall clock 48.3435
 Average time per cell 6.83021e-09
  Step time per cell    7.10796e-09
 Step 31 time 0.0106374 control sound timestep  0.000364002 1,1 x 0 y 0
 Wall clock 49.9246
 Average time per cell 6.82606e-09
  Step time per cell    6.70134e-09
 Step 32 time 0.0110014 control sound timestep  0.000364043 1,1 x 0 y 0
 Wall clock 51.4792
 Average time per cell 6.81866e-09
  Step time per cell    6.5889e-09
 Step 33 time 0.0113654 control sound timestep  0.000364085 1,1 x 0 y 0
 Wall clock 53.0406
 Average time per cell 6.81259e-09
  Step time per cell    6.61791e-09
 Step 34 time 0.0117295 control sound timestep  0.000364133 1,1 x 0 y 0
 Wall clock 54.6001
 Average time per cell 6.80663e-09
  Step time per cell    6.60967e-09
 Step 35 time 0.0120936 control sound timestep  0.000364198 1,1 x 0 y 0
 Wall clock 56.1758
 Average time per cell 6.80298e-09
  Step time per cell    6.67846e-09
 Step 36 time 0.0124578 control sound timestep  0.000364259 1,1 x 0 y 0
 Wall clock 57.7367
 Average time per cell 6.79778e-09
  Step time per cell    6.61534e-09
 Step 37 time 0.0128221 control sound timestep  0.000364318 1,1 x 0 y 0
 Wall clock 59.3146
 Average time per cell 6.79481e-09
  Step time per cell    6.68768e-09
 Step 38 time 0.0131864 control sound timestep  0.000364383 1,1 x 0 y 0
 Wall clock 60.8719
 Average time per cell 6.7897e-09
  Step time per cell    6.60029e-09
 Step 39 time 0.0135508 control sound timestep  0.000364422 1,1 x 0 y 0
 Wall clock 62.4492
 Average time per cell 6.78703e-09
  Step time per cell    6.68508e-09
 Step 40 time 0.0139152 control sound timestep  0.000364431 1,1 x 0 y 0
 Wall clock 64.1321
 Average time per cell 6.79568e-09
  Step time per cell    7.13278e-09
 Step 41 time 0.0142797 control sound timestep  0.000364435 1,1 x 0 y 0
 Wall clock 65.718
 Average time per cell 6.79388e-09
  Step time per cell    6.72193e-09
 Step 42 time 0.0146441 control sound timestep  0.000364445 1,1 x 0 y 0
 Wall clock 67.2794
 Average time per cell 6.7897e-09
  Step time per cell    6.61772e-09
 Step 43 time 0.0150085 control sound timestep  0.000364471 1,1 x 0 y 0
 Wall clock 68.8628
 Average time per cell 6.78787e-09
  Step time per cell    6.71095e-09
 Step 44 time 0.015373 control sound timestep  0.000364495 1,1 x 0 y 0
 Wall clock 70.4208
 Average time per cell 6.78369e-09
  Step time per cell    6.6033e-09
 Step 45 time 0.0157375 control sound timestep  0.000364518 1,1 x 0 y 0
 Wall clock 71.9769
 Average time per cell 6.7795e-09
  Step time per cell    6.59516e-09
 Step 46 time 0.016102 control sound timestep  0.000364543 1,1 x 0 y 0
 Wall clock 73.5382
 Average time per cell 6.77599e-09
  Step time per cell    6.61754e-09
 Step 47 time 0.0164666 control sound timestep  0.000364585 1,1 x 0 y 0
 Wall clock 75.1042
 Average time per cell 6.77304e-09
  Step time per cell    6.63694e-09
 Step 48 time 0.0168311 control sound timestep  0.000364628 1,1 x 0 y 0
 Wall clock 76.6599
 Average time per cell 6.76931e-09
  Step time per cell    6.5935e-09
 Step 49 time 0.0171958 control sound timestep  0.000364667 1,1 x 0 y 0
 Wall clock 78.24
 Average time per cell 6.76785e-09
  Step time per cell    6.69723e-09
 Step 50 time 0.0175604 control sound timestep  0.000364708 1,1 x 0 y 0
 Wall clock 79.9282
 Average time per cell 6.77559e-09
  Step time per cell    7.13081e-09
 Step 51 time 0.0179251 control sound timestep  0.000364758 1,1 x 0 y 0
 Wall clock 81.5088
 Average time per cell 6.77411e-09
  Step time per cell    6.69977e-09
 Step 52 time 0.0182899 control sound timestep  0.000364817 1,1 x 0 y 0
 Wall clock 83.0607
 Average time per cell 6.77033e-09
  Step time per cell    6.57741e-09
 Step 53 time 0.0186547 control sound timestep  0.000364826 1,1 x 0 y 0
 Wall clock 84.6433
 Average time per cell 6.76915e-09
  Step time per cell    6.70752e-09
 Step 54 time 0.0190195 control sound timestep  0.00036483 1,1 x 0 y 0
 Wall clock 86.2135
 Average time per cell 6.76704e-09
  Step time per cell    6.65472e-09
 Step 55 time 0.0193844 control sound timestep  0.000364831 1,1 x 0 y 0
 Wall clock 87.7799
 Average time per cell 6.76472e-09
  Step time per cell    6.63898e-09
 Step 56 time 0.0197492 control sound timestep  0.000364846 1,1 x 0 y 0
 Wall clock 89.3488
 Average time per cell 6.76267e-09
  Step time per cell    6.64978e-09
 Step 57 time 0.0201141 control sound timestep  0.000364866 1,1 x 0 y 0
 Wall clock 90.9162
 Average time per cell 6.76058e-09
  Step time per cell    6.64282e-09
 Step 58 time 0.0204789 control sound timestep  0.000364884 1,1 x 0 y 0
 Wall clock 92.4766
 Average time per cell 6.75805e-09
  Step time per cell    6.61349e-09
 Step 59 time 0.0208438 control sound timestep  0.000364902 1,1 x 0 y 0
 Wall clock 94.0474
 Average time per cell 6.75636e-09
  Step time per cell    6.65794e-09
 Step 60 time 0.0212087 control sound timestep  0.000364922 1,1 x 0 y 0
 Wall clock 95.7306
 Average time per cell 6.76265e-09
  Step time per cell    7.13363e-09
 Step 61 time 0.0215736 control sound timestep  0.000364956 1,1 x 0 y 0
 Wall clock 97.2967
 Average time per cell 6.76061e-09
  Step time per cell    6.6377e-09
 Step 62 time 0.0219386 control sound timestep  0.000364991 1,1 x 0 y 0
 Wall clock 98.8595
 Average time per cell 6.7584e-09
  Step time per cell    6.62373e-09
 Step 63 time 0.0223036 control sound timestep  0.000365022 1,1 x 0 y 0
 Wall clock 100.445
 Average time per cell 6.75781e-09
  Step time per cell    6.72053e-09
 Step 64 time 0.0226686 control sound timestep  0.000365056 1,1 x 0 y 0
 Wall clock 102.006
 Average time per cell 6.75561e-09
  Step time per cell    6.61678e-09
 Step 65 time 0.0230337 control sound timestep  0.000365098 1,1 x 0 y 0
 Wall clock 103.586
 Average time per cell 6.75472e-09
  Step time per cell    6.69719e-09
 Step 66 time 0.0233988 control sound timestep  0.000365146 1,1 x 0 y 0
 Wall clock 105.147
 Average time per cell 6.75257e-09
  Step time per cell    6.61249e-09
 Step 67 time 0.0237639 control sound timestep  0.000365166 1,1 x 0 y 0
 Wall clock 106.719
 Average time per cell 6.75128e-09
  Step time per cell    6.6662e-09
 Step 68 time 0.0241291 control sound timestep  0.000365169 1,1 x 0 y 0
 Wall clock 108.282
 Average time per cell 6.74942e-09
  Step time per cell    6.62423e-09
 Step 69 time 0.0244942 control sound timestep  0.000365167 1,1 x 0 y 0
 Wall clock 109.855
 Average time per cell 6.74823e-09
  Step time per cell    6.66714e-09
 Step 70 time 0.0248594 control sound timestep  0.000365177 1,1 x 0 y 0
 Wall clock 111.557
 Average time per cell 6.75488e-09
  Step time per cell    7.21329e-09
 Step 71 time 0.0252246 control sound timestep  0.000365194 1,1 x 0 y 0
 Wall clock 113.114
 Average time per cell 6.75265e-09
  Step time per cell    6.59597e-09
 Step 72 time 0.0255898 control sound timestep  0.000365209 1,1 x 0 y 0
 Wall clock 114.681
 Average time per cell 6.75115e-09
  Step time per cell    6.64488e-09
 Step 73 time 0.025955 control sound timestep  0.000365223 1,1 x 0 y 0
 Wall clock 116.246
 Average time per cell 6.74953e-09
  Step time per cell    6.60974e-09
 Step 74 time 0.0263202 control sound timestep  0.000365239 1,1 x 0 y 0
 Wall clock 117.818
 Average time per cell 6.74832e-09
  Step time per cell    6.65992e-09
 Step 75 time 0.0266854 control sound timestep  0.000365263 1,1 x 0 y 0
 Wall clock 119.398
 Average time per cell 6.74768e-09
  Step time per cell    6.69965e-09
 Step 76 time 0.0270507 control sound timestep  0.000365294 1,1 x 0 y 0
 Wall clock 120.951
 Average time per cell 6.74551e-09
  Step time per cell    6.58221e-09
 Step 77 time 0.027416 control sound timestep  0.000365322 1,1 x 0 y 0
 Wall clock 122.532
 Average time per cell 6.74494e-09
  Step time per cell    6.70128e-09
 Step 78 time 0.0277813 control sound timestep  0.000365349 1,1 x 0 y 0
 Wall clock 124.082
 Average time per cell 6.74268e-09
  Step time per cell    6.56825e-09
 Step 79 time 0.0281467 control sound timestep  0.000365381 1,1 x 0 y 0
 Wall clock 125.641
 Average time per cell 6.74094e-09
  Step time per cell    6.60519e-09
 Step 80 time 0.0285121 control sound timestep  0.000365421 1,1 x 0 y 0
 Wall clock 127.34
 Average time per cell 6.74669e-09
  Step time per cell    7.20095e-09
 Step 81 time 0.0288775 control sound timestep  0.000365457 1,1 x 0 y 0
 Wall clock 128.91
 Average time per cell 6.74559e-09
  Step time per cell    6.65752e-09
 Step 82 time 0.0292429 control sound timestep  0.000365459 1,1 x 0 y 0
 Wall clock 130.48
 Average time per cell 6.74446e-09
  Step time per cell    6.65253e-09
 Step 83 time 0.0296084 control sound timestep  0.000365461 1,1 x 0 y 0
 Wall clock 132.054
 Average time per cell 6.74358e-09
  Step time per cell    6.67052e-09
 Step 84 time 0.0299738 control sound timestep  0.000365461 1,1 x 0 y 0
 Wall clock 133.611
 Average time per cell 6.74188e-09
  Step time per cell    6.60038e-09
 Step 85 time 0.0303393 control sound timestep  0.000365475 1,1 x 0 y 0
 Wall clock 135.188
 Average time per cell 6.74119e-09
  Step time per cell    6.68272e-09
 Step 86 time 0.0307048 control sound timestep  0.000365488 1,1 x 0 y 0
 Wall clock 136.74
 Average time per cell 6.73931e-09
  Step time per cell    6.57923e-09
 Step 87 time 0.0310703 control sound timestep  0.0003655 1,1 x 0 y 0
 Wall clock 138.255
 Average time per cell 6.73562e-09
  Step time per cell    6.41847e-09
 Step 88 time 0.0314358 control sound timestep  0.000365513 1,1 x 0 y 0
 Wall clock 139.753
 Average time per cell 6.73128e-09
  Step time per cell    6.35285e-09
 Step 89 time 0.0318013 control sound timestep  0.000365528 1,1 x 0 y 0
 Wall clock 141.26
 Average time per cell 6.72739e-09
  Step time per cell    6.38467e-09
 Step 90 time 0.0321668 control sound timestep  0.000365555 1,1 x 0 y 0
 Wall clock 142.887
 Average time per cell 6.72929e-09
  Step time per cell    6.89821e-09
 Step 91 time 0.0325324 control sound timestep  0.00036558 1,1 x 0 y 0
 Wall clock 144.391
 Average time per cell 6.72536e-09
  Step time per cell    6.37157e-09
 Step 92 time 0.0328979 control sound timestep  0.000365603 1,1 x 0 y 0
 Wall clock 145.885
 Average time per cell 6.72112e-09
  Step time per cell    6.3354e-09
 Step 93 time 0.0332636 control sound timestep  0.000365628 1,1 x 0 y 0
 Wall clock 147.39
 Average time per cell 6.7174e-09
  Step time per cell    6.37491e-09
 Step 94 time 0.0336292 control sound timestep  0.000365659 1,1 x 0 y 0
 Wall clock 148.949
 Average time per cell 6.71627e-09
  Step time per cell    6.6102e-09
 Step 95 time 0.0339948 control sound timestep  0.000365696 1,1 x 0 y 0
 Wall clock 150.546
 Average time per cell 6.71683e-09
  Step time per cell    6.7694e-09
 Step 96 time 0.0343605 control sound timestep  0.000365709 1,1 x 0 y 0
 Wall clock 152.117
 Average time per cell 6.71622e-09
  Step time per cell    6.65802e-09
 Step 97 time 0.0347262 control sound timestep  0.00036571 1,1 x 0 y 0
 Wall clock 153.704
 Average time per cell 6.71629e-09
  Step time per cell    6.72312e-09
 Step 98 time 0.035092 control sound timestep  0.000365708 1,1 x 0 y 0
 Wall clock 155.261
 Average time per cell 6.71511e-09
  Step time per cell    6.60015e-09
 Step 99 time 0.0354577 control sound timestep  0.000365716 1,1 x 0 y 0
 Wall clock 156.859
 Average time per cell 6.7157e-09
  Step time per cell    6.77322e-09
 Step 100 time 0.0358234 control sound timestep  0.000365728 1,1 x 0 y 0
 Wall clock 158.554
 Average time per cell 6.7204e-09
  Step time per cell    7.18494e-09
 Step 101 time 0.0361891 control sound timestep  0.000365739 1,1 x 0 y 0
 Wall clock 160.136
 Average time per cell 6.72025e-09
  Step time per cell    6.70526e-09
 Step 102 time 0.0365548 control sound timestep  0.000365749 1,1 x 0 y 0
 Wall clock 161.703
 Average time per cell 6.71946e-09
  Step time per cell    6.63978e-09
 Step 103 time 0.0369206 control sound timestep  0.000365761 1,1 x 0 y 0
 Wall clock 163.287
 Average time per cell 6.71943e-09
  Step time per cell    6.71529e-09
 Step 104 time 0.0372864 control sound timestep  0.00036578 1,1 x 0 y 0
 Wall clock 164.855
 Average time per cell 6.71871e-09
  Step time per cell    6.64445e-09
 Step 105 time 0.0376521 control sound timestep  0.000365803 1,1 x 0 y 0
 Wall clock 166.443
 Average time per cell 6.71885e-09
  Step time per cell    6.73287e-09
 Step 106 time 0.0380179 control sound timestep  0.000365823 1,1 x 0 y 0
 Wall clock 168
 Average time per cell 6.71769e-09
  Step time per cell    6.59576e-09
 Step 107 time 0.0383838 control sound timestep  0.000365844 1,1 x 0 y 0
 Wall clock 169.583
 Average time per cell 6.71762e-09
  Step time per cell    6.70948e-09
 Step 108 time 0.0387496 control sound timestep  0.000365869 1,1 x 0 y 0
 Wall clock 171.162
 Average time per cell 6.71739e-09
  Step time per cell    6.69236e-09
 Step 109 time 0.0391155 control sound timestep  0.000365899 1,1 x 0 y 0
 Wall clock 172.751
 Average time per cell 6.71758e-09
  Step time per cell    6.73807e-09
 Step 110 time 0.0394814 control sound timestep  0.000365927 1,1 x 0 y 0
 Wall clock 174.436
 Average time per cell 6.72144e-09
  Step time per cell    7.1416e-09
 Step 111 time 0.0398473 control sound timestep  0.000365928 1,1 x 0 y 0
 Wall clock 176.009
 Average time per cell 6.72093e-09
  Step time per cell    6.66517e-09
 Step 112 time 0.0402132 control sound timestep  0.000365927 1,1 x 0 y 0
 Wall clock 177.582
 Average time per cell 6.72045e-09
  Step time per cell    6.66707e-09
 Step 113 time 0.0405792 control sound timestep  0.000365929 1,1 x 0 y 0
 Wall clock 179.173
 Average time per cell 6.72064e-09
  Step time per cell    6.7412e-09
 Step 114 time 0.0409451 control sound timestep  0.000365939 1,1 x 0 y 0
 Wall clock 180.742
 Average time per cell 6.72006e-09
  Step time per cell    6.65404e-09
 Step 115 time 0.041311 control sound timestep  0.000365949 1,1 x 0 y 0
 Wall clock 182.332
 Average time per cell 6.72019e-09
  Step time per cell    6.73511e-09
 Step 116 time 0.041677 control sound timestep  0.000365958 1,1 x 0 y 0
 Wall clock 183.913
 Average time per cell 6.72004e-09
  Step time per cell    6.70179e-09
 Step 117 time 0.0420429 control sound timestep  0.000365968 1,1 x 0 y 0
 Wall clock 185.501
 Average time per cell 6.72015e-09
  Step time per cell    6.73329e-09
 Step 118 time 0.0424089 control sound timestep  0.00036598 1,1 x 0 y 0
 Wall clock 187.062
 Average time per cell 6.71926e-09
  Step time per cell    6.61445e-09
 Step 119 time 0.0427749 control sound timestep  0.000366001 1,1 x 0 y 0
 Wall clock 188.644
 Average time per cell 6.71915e-09
  Step time per cell    6.70577e-09
 Step 120 time 0.0431409 control sound timestep  0.00036602 1,1 x 0 y 0
 Wall clock 190.34
 Average time per cell 6.72305e-09
  Step time per cell    7.18677e-09
 Step 121 time 0.0435069 control sound timestep  0.000366037 1,1 x 0 y 0
 Wall clock 191.929
 Average time per cell 6.72316e-09
  Step time per cell    6.73643e-09
 Step 122 time 0.0438729 control sound timestep  0.000366057 1,1 x 0 y 0
 Wall clock 193.489
 Average time per cell 6.72224e-09
  Step time per cell    6.61051e-09
 Step 123 time 0.044239 control sound timestep  0.000366082 1,1 x 0 y 0
 Wall clock 195.073
 Average time per cell 6.72219e-09
  Step time per cell    6.71559e-09
 Step 124 time 0.0446051 control sound timestep  0.000366111 1,1 x 0 y 0
 Wall clock 196.645
 Average time per cell 6.72169e-09
  Step time per cell    6.66019e-09
 Step 125 time 0.0449712 control sound timestep  0.000366119 1,1 x 0 y 0
 Wall clock 198.236
 Average time per cell 6.72188e-09
  Step time per cell    6.74475e-09
 Step 126 time 0.0453373 control sound timestep  0.00036612 1,1 x 0 y 0
 Wall clock 199.804
 Average time per cell 6.72125e-09
  Step time per cell    6.64273e-09
 Step 127 time 0.0457034 control sound timestep  0.000366118 1,1 x 0 y 0
 Wall clock 201.378
 Average time per cell 6.72087e-09
  Step time per cell    6.67295e-09
 Step 128 time 0.0460695 control sound timestep  0.000366125 1,1 x 0 y 0
 Wall clock 202.957
 Average time per cell 6.72065e-09
  Step time per cell    6.69161e-09
 Step 129 time 0.0464357 control sound timestep  0.000366134 1,1 x 0 y 0
 Wall clock 204.548
 Average time per cell 6.72082e-09
  Step time per cell    6.74298e-09
 Step 130 time 0.0468018 control sound timestep  0.000366143 1,1 x 0 y 0
 Wall clock 206.238
 Average time per cell 6.72422e-09
  Step time per cell    7.16218e-09
 Step 131 time 0.0471679 control sound timestep  0.000366151 1,1 x 0 y 0
 Wall clock 207.815
 Average time per cell 6.72392e-09
  Step time per cell    6.68385e-09
 Step 132 time 0.0475341 control sound timestep  0.00036616 1,1 x 0 y 0
 Wall clock 209.449
 Average time per cell 6.72546e-09
  Step time per cell    6.92739e-09
 Step 133 time 0.0479003 control sound timestep  0.000366177 1,1 x 0 y 0
 Wall clock 211.105
 Average time per cell 6.72765e-09
  Step time per cell    7.01668e-09
 Step 134 time 0.0482664 control sound timestep  0.000366195 1,1 x 0 y 0
 Wall clock 212.754
 Average time per cell 6.72961e-09
  Step time per cell    6.98962e-09
 Step 135 time 0.0486326 control sound timestep  0.000366211 1,1 x 0 y 0
 Wall clock 214.437
 Average time per cell 6.73261e-09
  Step time per cell    7.1345e-09
 Step 136 time 0.0489988 control sound timestep  0.000366227 1,1 x 0 y 0
 Wall clock 216.07
 Average time per cell 6.73401e-09
  Step time per cell    6.92209e-09
 Step 137 time 0.0493651 control sound timestep  0.000366248 1,1 x 0 y 0
 Wall clock 217.735
 Average time per cell 6.73636e-09
  Step time per cell    7.05629e-09
 Step 138 time 0.0497313 control sound timestep  0.000366273 1,1 x 0 y 0
 Wall clock 219.384
 Average time per cell 6.7382e-09
  Step time per cell    6.99014e-09
 Step 139 time 0.0500976 control sound timestep  0.000366291 1,1 x 0 y 0
 Wall clock 221.065
 Average time per cell 6.74097e-09
  Step time per cell    7.1218e-09
 Step 140 time 0.0504639 control sound timestep  0.000366292 1,1 x 0 y 0
 Wall clock 222.806
 Average time per cell 6.74555e-09
  Step time per cell    7.38182e-09
 Step 141 time 0.0508302 control sound timestep  0.000366288 1,1 x 0 y 0
 Wall clock 224.446
 Average time per cell 6.747e-09
  Step time per cell    6.95092e-09
 Step 142 time 0.0511965 control sound timestep  0.000366292 1,1 x 0 y 0
 Wall clock 226.031
 Average time per cell 6.74678e-09
  Step time per cell    6.71512e-09
 Step 143 time 0.0515627 control sound timestep  0.000366301 1,1 x 0 y 0
 Wall clock 227.672
 Average time per cell 6.74826e-09
  Step time per cell    6.957e-09
 Step 144 time 0.051929 control sound timestep  0.000366308 1,1 x 0 y 0
 Wall clock 229.269
 Average time per cell 6.74839e-09
  Step time per cell    6.76695e-09
 Step 145 time 0.0522954 control sound timestep  0.000366316 1,1 x 0 y 0
 Wall clock 230.867
 Average time per cell 6.74855e-09
  Step time per cell    6.77183e-09
 Step 146 time 0.0526617 control sound timestep  0.000366324 1,1 x 0 y 0
 Wall clock 232.443
 Average time per cell 6.74809e-09
  Step time per cell    6.68047e-09
 Step 147 time 0.053028 control sound timestep  0.000366336 1,1 x 0 y 0
 Wall clock 234.029
 Average time per cell 6.74793e-09
  Step time per cell    6.72484e-09
 Step 148 time 0.0533943 control sound timestep  0.000366353 1,1 x 0 y 0
 Wall clock 235.616
 Average time per cell 6.74778e-09
  Step time per cell    6.72553e-09
 Step 149 time 0.0537607 control sound timestep  0.000366368 1,1 x 0 y 0
 Wall clock 237.21
 Average time per cell 6.74784e-09
  Step time per cell    6.75621e-09
 Step 150 time 0.0541271 control sound timestep  0.000366382 1,1 x 0 y 0
 Wall clock 238.915
 Average time per cell 6.75102e-09
  Step time per cell    7.22479e-09
 Step 151 time 0.0544934 control sound timestep  0.000366399 1,1 x 0 y 0
 Wall clock 240.518
 Average time per cell 6.75132e-09
  Step time per cell    6.79516e-09
 Step 152 time 0.0548598 control sound timestep  0.000366421 1,1 x 0 y 0
 Wall clock 242.092
 Average time per cell 6.75079e-09
  Step time per cell    6.6708e-09
 Step 153 time 0.0552263 control sound timestep  0.000366444 1,1 x 0 y 0
 Wall clock 243.682
 Average time per cell 6.75072e-09
  Step time per cell    6.73968e-09
 Step 154 time 0.0555927 control sound timestep  0.000366446 1,1 x 0 y 0
 Wall clock 245.267
 Average time per cell 6.75051e-09
  Step time per cell    6.71847e-09
 Step 155 time 0.0559591 control sound timestep  0.000366445 1,1 x 0 y 0
 Wall clock 246.866
 Average time per cell 6.75068e-09
  Step time per cell    6.77574e-09
 Step 156 time 0.0563256 control sound timestep  0.000366445 1,1 x 0 y 0
 Wall clock 248.444
 Average time per cell 6.75026e-09
  Step time per cell    6.68607e-09
 Step 157 time 0.056692 control sound timestep  0.000366452 1,1 x 0 y 0
 Wall clock 250.046
 Average time per cell 6.75052e-09
  Step time per cell    6.79023e-09
 Step 158 time 0.0570585 control sound timestep  0.000366459 1,1 x 0 y 0
 Wall clock 251.62
 Average time per cell 6.75003e-09
  Step time per cell    6.67244e-09
 Step 159 time 0.0574249 control sound timestep  0.000366466 1,1 x 0 y 0
 Wall clock 253.212
 Average time per cell 6.75001e-09
  Step time per cell    6.74655e-09
 Step 160 time 0.0577914 control sound timestep  0.000366473 1,1 x 0 y 0
 Wall clock 254.912
 Average time per cell 6.75286e-09
  Step time per cell    7.20593e-09
 Step 161 time 0.0581579 control sound timestep  0.000366482 1,1 x 0 y 0
 Wall clock 256.5
 Average time per cell 6.75273e-09
  Step time per cell    6.73165e-09
 Step 162 time 0.0585244 control sound timestep  0.000366498 1,1 x 0 y 0
 Wall clock 258.075
 Average time per cell 6.75226e-09
  Step time per cell    6.67642e-09
 Step 163 time 0.0588909 control sound timestep  0.000366512 1,1 x 0 y 0
 Wall clock 259.67
 Average time per cell 6.75229e-09
  Step time per cell    6.75691e-09
 Step 164 time 0.0592574 control sound timestep  0.000366525 1,1 x 0 y 0
 Wall clock 261.275
 Average time per cell 6.7526e-09
  Step time per cell    6.80248e-09
 Step 165 time 0.0596239 control sound timestep  0.000366539 1,1 x 0 y 0
 Wall clock 262.911
 Average time per cell 6.7537e-09
  Step time per cell    6.93416e-09
 Step 166 time 0.0599904 control sound timestep  0.000366558 1,1 x 0 y 0
 Wall clock 264.499
 Average time per cell 6.75358e-09
  Step time per cell    6.73223e-09
 Step 167 time 0.060357 control sound timestep  0.00036658 1,1 x 0 y 0
 Wall clock 266.139
 Average time per cell 6.75475e-09
  Step time per cell    6.94872e-09
 Step 168 time 0.0607236 control sound timestep  0.000366586 1,1 x 0 y 0
 Wall clock 267.73
 Average time per cell 6.75468e-09
  Step time per cell    6.74341e-09
 Step 169 time 0.0610902 control sound timestep  0.000366586 1,1 x 0 y 0
 Wall clock 269.351
 Average time per cell 6.75536e-09
  Step time per cell    6.86987e-09
 Step 170 time 0.0614568 control sound timestep  0.000366585 1,1 x 0 y 0
 Wall clock 271.077
 Average time per cell 6.75867e-09
  Step time per cell    7.31757e-09
 Step 171 time 0.0618233 control sound timestep  0.00036659 1,1 x 0 y 0
 Wall clock 272.7
 Average time per cell 6.75937e-09
  Step time per cell    6.87845e-09
 Step 172 time 0.0621899 control sound timestep  0.000366597 1,1 x 0 y 0
 Wall clock 274.282
 Average time per cell 6.75906e-09
  Step time per cell    6.70551e-09
 Step 173 time 0.0625565 control sound timestep  0.000366603 1,1 x 0 y 0
 Wall clock 275.907
 Average time per cell 6.7598e-09
  Step time per cell    6.88576e-09
 Step 174 time 0.0629231 control sound timestep  0.000366609 1,1 x 0 y 0
 Wall clock 277.498
 Average time per cell 6.75971e-09
  Step time per cell    6.74331e-09
 Step 175 time 0.0632897 control sound timestep  0.000366616 1,1 x 0 y 0
 Wall clock 279.123
 Average time per cell 6.76043e-09
  Step time per cell    6.88646e-09
 Step 176 time 0.0636564 control sound timestep  0.000366631 1,1 x 0 y 0
 Wall clock 280.709
 Average time per cell 6.76023e-09
  Step time per cell    6.72449e-09
 Step 177 time 0.064023 control sound timestep  0.000366644 1,1 x 0 y 0
 Wall clock 282.333
 Average time per cell 6.76092e-09
  Step time per cell    6.88207e-09
 Step 178 time 0.0643896 control sound timestep  0.000366656 1,1 x 0 y 0
 Wall clock 283.927
 Average time per cell 6.76091e-09
  Step time per cell    6.75827e-09
 Step 179 time 0.0647563 control sound timestep  0.000366668 1,1 x 0 y 0
 Wall clock 285.561
 Average time per cell 6.76183e-09
  Step time per cell    6.92489e-09
 Step 180 time 0.065123 control sound timestep  0.000366685 1,1 x 0 y 0
 Wall clock 287.258
 Average time per cell 6.76422e-09
  Step time per cell    7.19276e-09
 Step 181 time 0.0654896 control sound timestep  0.000366704 1,1 x 0 y 0
 Wall clock 288.87
 Average time per cell 6.76459e-09
  Step time per cell    6.83093e-09
 Step 182 time 0.0658563 control sound timestep  0.000366715 1,1 x 0 y 0
 Wall clock 290.473
 Average time per cell 6.76476e-09
  Step time per cell    6.79502e-09
 Step 183 time 0.0662231 control sound timestep  0.000366716 1,1 x 0 y 0
 Wall clock 292.091
 Average time per cell 6.76525e-09
  Step time per cell    6.85466e-09
 Step 184 time 0.0665898 control sound timestep  0.000366713 1,1 x 0 y 0
 Wall clock 293.667
 Average time per cell 6.76481e-09
  Step time per cell    6.6826e-09
 Step 185 time 0.0669565 control sound timestep  0.000366717 1,1 x 0 y 0
 Wall clock 295.282
 Average time per cell 6.76522e-09
  Step time per cell    6.84197e-09
 Step 186 time 0.0673232 control sound timestep  0.000366724 1,1 x 0 y 0
 Wall clock 296.869
 Average time per cell 6.76503e-09
  Step time per cell    6.72956e-09
 Step 187 time 0.0676899 control sound timestep  0.000366729 1,1 x 0 y 0
 Wall clock 298.51
 Average time per cell 6.76605e-09
  Step time per cell    6.95486e-09
 Step 188 time 0.0680567 control sound timestep  0.000366735 1,1 x 0 y 0
 Wall clock 300.101
 Average time per cell 6.76593e-09
  Step time per cell    6.74307e-09
 Step 189 time 0.0684234 control sound timestep  0.000366742 1,1 x 0 y 0
 Wall clock 301.721
 Average time per cell 6.76645e-09
  Step time per cell    6.86348e-09
 Step 190 time 0.0687901 control sound timestep  0.000366754 1,1 x 0 y 0
 Wall clock 303.441
 Average time per cell 6.76921e-09
  Step time per cell    7.29087e-09
 Step 191 time 0.0691569 control sound timestep  0.000366766 1,1 x 0 y 0
 Wall clock 305.059
 Average time per cell 6.76968e-09
  Step time per cell    6.85947e-09
 Step 192 time 0.0695237 control sound timestep  0.000366777 1,1 x 0 y 0
 Wall clock 306.791
 Average time per cell 6.77266e-09
  Step time per cell    7.34172e-09
 Step 193 time 0.0698904 control sound timestep  0.000366789 1,1 x 0 y 0
 Wall clock 308.498
 Average time per cell 6.77505e-09
  Step time per cell    7.23364e-09
 Step 194 time 0.0702572 control sound timestep  0.000366803 1,1 x 0 y 0
 Wall clock 310.168
 Average time per cell 6.77661e-09
  Step time per cell    7.07713e-09
 Step 195 time 0.070624 control sound timestep  0.000366821 1,1 x 0 y 0
 Wall clock 311.873
 Average time per cell 6.77892e-09
  Step time per cell    7.22557e-09
 Step 196 time 0.0709908 control sound timestep  0.000366835 1,1 x 0 y 0
 Wall clock 313.55
 Average time per cell 6.7806e-09
  Step time per cell    7.1074e-09
 Step 197 time 0.0713577 control sound timestep  0.000366836 1,1 x 0 y 0
 Wall clock 315.26
 Average time per cell 6.78297e-09
  Step time per cell    7.2489e-09
 Step 198 time 0.0717245 control sound timestep  0.000366833 1,1 x 0 y 0
 Wall clock 316.937
 Average time per cell 6.78463e-09
  Step time per cell    7.10956e-09
 Step 199 time 0.0720913 control sound timestep  0.000366836 1,1 x 0 y 0
 Wall clock 318.657
 Average time per cell 6.78716e-09
  Step time per cell    7.28781e-09
 Step 200 time 0.0724582 control sound timestep  0.000366842 1,1 x 0 y 0
 Wall clock 320.514
 Average time per cell 6.79258e-09
  Step time per cell    7.87259e-09
 Step 201 time 0.072825 control sound timestep  0.000366847 1,1 x 0 y 0
 Wall clock 322.272
 Average time per cell 6.79586e-09
  Step time per cell    7.45042e-09
 Step 202 time 0.0731919 control sound timestep  0.000366853 1,1 x 0 y 0
 Wall clock 323.993
 Average time per cell 6.79833e-09
  Step time per cell    7.29462e-09
 Step 203 time 0.0735587 control sound timestep  0.000366859 1,1 x 0 y 0
 Wall clock 325.737
 Average time per cell 6.80124e-09
  Step time per cell    7.38862e-09
 Step 204 time 0.0739256 control sound timestep  0.000366869 1,1 x 0 y 0
 Wall clock 327.435
 Average time per cell 6.8032e-09
  Step time per cell    7.20065e-09
 Step 205 time 0.0742925 control sound timestep  0.000366881 1,1 x 0 y 0
 Wall clock 329.191
 Average time per cell 6.80631e-09
  Step time per cell    7.44108e-09
 Step 206 time 0.0746593 control sound timestep  0.000366892 1,1 x 0 y 0
 Wall clock 330.896
 Average time per cell 6.80835e-09
  Step time per cell    7.22569e-09
 Step 207 time 0.0750262 control sound timestep  0.000366902 1,1 x 0 y 0
 Wall clock 332.62
 Average time per cell 6.81076e-09
  Step time per cell    7.30778e-09
 Step 208 time 0.0753931 control sound timestep  0.000366915 1,1 x 0 y 0
 Wall clock 334.29
 Average time per cell 6.81205e-09
  Step time per cell    7.07863e-09
 Step 209 time 0.07576 control sound timestep  0.000366932 1,1 x 0 y 0
 Wall clock 335.992
 Average time per cell 6.81398e-09
  Step time per cell    7.2143e-09
 Step 210 time 0.076127 control sound timestep  0.000366947 1,1 x 0 y 0
 Wall clock 337.781
 Average time per cell 6.81764e-09
  Step time per cell    7.58259e-09
 Step 211 time 0.0764939 control sound timestep  0.000366948 1,1 x 0 y 0
 Wall clock 339.481
 Average time per cell 6.81947e-09
  Step time per cell    7.20402e-09
 Step 212 time 0.0768609 control sound timestep  0.000366945 1,1 x 0 y 0
 Wall clock 341.151
 Average time per cell 6.8207e-09
  Step time per cell    7.07985e-09
 Step 213 time 0.0772278 control sound timestep  0.000366947 1,1 x 0 y 0
 Wall clock 342.86
 Average time per cell 6.82267e-09
  Step time per cell    7.24019e-09
 Step 214 time 0.0775948 control sound timestep  0.000366952 1,1 x 0 y 0
 Wall clock 344.527
 Average time per cell 6.8238e-09
  Step time per cell    7.0642e-09
 Step 215 time 0.0779617 control sound timestep  0.000366958 1,1 x 0 y 0
 Wall clock 346.226
 Average time per cell 6.82557e-09
  Step time per cell    7.2029e-09
 Step 216 time 0.0783287 control sound timestep  0.000366963 1,1 x 0 y 0
 Wall clock 347.898
 Average time per cell 6.82677e-09
  Step time per cell    7.08529e-09
 Step 217 time 0.0786956 control sound timestep  0.000366968 1,1 x 0 y 0
 Wall clock 349.606
 Average time per cell 6.82867e-09
  Step time per cell    7.23854e-09
 Step 218 time 0.0790626 control sound timestep  0.000366977 1,1 x 0 y 0
 Wall clock 351.274
 Average time per cell 6.82978e-09
  Step time per cell    7.06991e-09
 Step 219 time 0.0794296 control sound timestep  0.000366989 1,1 x 0 y 0
 Wall clock 352.98
 Average time per cell 6.83163e-09
  Step time per cell    7.23286e-09
 Step 220 time 0.0797966 control sound timestep  0.000366999 1,1 x 0 y 0
 Wall clock 354.777
 Average time per cell 6.83518e-09
  Step time per cell    7.61245e-09
 Step 221 time 0.0801636 control sound timestep  0.000367009 1,1 x 0 y 0
 Wall clock 356.475
 Average time per cell 6.83683e-09
  Step time per cell    7.19971e-09
 Step 222 time 0.0805306 control sound timestep  0.000367021 1,1 x 0 y 0
 Wall clock 358.167
 Average time per cell 6.83833e-09
  Step time per cell    7.1697e-09
 Step 223 time 0.0808976 control sound timestep  0.000367036 1,1 x 0 y 0
 Wall clock 359.871
 Average time per cell 6.84005e-09
  Step time per cell    7.22202e-09
 Step 224 time 0.0812646 control sound timestep  0.000367052 1,1 x 0 y 0
 Wall clock 361.568
 Average time per cell 6.84162e-09
  Step time per cell    7.19179e-09
 Step 225 time 0.0816317 control sound timestep  0.000367052 1,1 x 0 y 0
 Wall clock 363.288
 Average time per cell 6.84363e-09
  Step time per cell    7.29335e-09
 Step 226 time 0.0819987 control sound timestep  0.00036705 1,1 x 0 y 0
 Wall clock 364.965
 Average time per cell 6.84479e-09
  Step time per cell    7.10504e-09
 Step 227 time 0.0823658 control sound timestep  0.000367051 1,1 x 0 y 0
 Wall clock 366.686
 Average time per cell 6.84678e-09
  Step time per cell    7.29594e-09
 Step 228 time 0.0827328 control sound timestep  0.000367056 1,1 x 0 y 0
 Wall clock 368.36
 Average time per cell 6.84786e-09
  Step time per cell    7.0926e-09
 Step 229 time 0.0830999 control sound timestep  0.000367062 1,1 x 0 y 0
 Wall clock 370.071
 Average time per cell 6.84964e-09
  Step time per cell    7.25507e-09
 Step 230 time 0.083467 control sound timestep  0.000367066 1,1 x 0 y 0
 Wall clock 371.864
 Average time per cell 6.8529e-09
  Step time per cell    7.59967e-09
 Step 231 time 0.083834 control sound timestep  0.000367071 1,1 x 0 y 0
 Wall clock 373.575
 Average time per cell 6.85461e-09
  Step time per cell    7.24898e-09
 Step 232 time 0.0842011 control sound timestep  0.000367079 1,1 x 0 y 0
 Wall clock 375.247
 Average time per cell 6.85562e-09
  Step time per cell    7.08842e-09
 Step 233 time 0.0845682 control sound timestep  0.000367091 1,1 x 0 y 0
 Wall clock 376.946
 Average time per cell 6.8571e-09
  Step time per cell    7.19818e-09
 Step 234 time 0.0849353 control sound timestep  0.0003671 1,1 x 0 y 0
 Wall clock 378.62
 Average time per cell 6.85811e-09
  Step time per cell    7.09512e-09
 Step 235 time 0.0853024 control sound timestep  0.00036711 1,1 x 0 y 0
 Wall clock 380.337
 Average time per cell 6.8599e-09
  Step time per cell    7.27704e-09
 Step 236 time 0.0856695 control sound timestep  0.000367121 1,1 x 0 y 0
 Wall clock 382.006
 Average time per cell 6.86082e-09
  Step time per cell    7.07671e-09
 Step 237 time 0.0860366 control sound timestep  0.000367135 1,1 x 0 y 0
 Wall clock 383.721
 Average time per cell 6.86255e-09
  Step time per cell    7.27011e-09
 Step 238 time 0.0864037 control sound timestep  0.000367151 1,1 x 0 y 0
 Wall clock 385.387
 Average time per cell 6.86337e-09
  Step time per cell    7.05899e-09
 Step 239 time 0.0867709 control sound timestep  0.000367151 1,1 x 0 y 0
 Wall clock 387.097
 Average time per cell 6.86498e-09
  Step time per cell    7.24746e-09
 Step 240 time 0.087138 control sound timestep  0.00036715 1,1 x 0 y 0
 Wall clock 388.894
 Average time per cell 6.86811e-09
  Step time per cell    7.61503e-09
 Step 241 time 0.0875052 control sound timestep  0.00036715 1,1 x 0 y 0
 Wall clock 390.617
 Average time per cell 6.86993e-09
  Step time per cell    7.30643e-09
 Step 242 time 0.0878723 control sound timestep  0.000367155 1,1 x 0 y 0
 Wall clock 392.308
 Average time per cell 6.87114e-09
  Step time per cell    7.16357e-09
 Step 243 time 0.0882395 control sound timestep  0.00036716 1,1 x 0 y 0
 Wall clock 394.031
 Average time per cell 6.87293e-09
  Step time per cell    7.30557e-09
 Step 244 time 0.0886066 control sound timestep  0.000367164 1,1 x 0 y 0
 Wall clock 395.708
 Average time per cell 6.87388e-09
  Step time per cell    7.10456e-09
 Step 245 time 0.0889738 control sound timestep  0.000367169 1,1 x 0 y 0
 Wall clock 397.42
 Average time per cell 6.87544e-09
  Step time per cell    7.25605e-09
 Step 246 time 0.089341 control sound timestep  0.000367177 1,1 x 0 y 0
 Wall clock 399.112
 Average time per cell 6.87666e-09
  Step time per cell    7.17471e-09
 Step 247 time 0.0897082 control sound timestep  0.000367187 1,1 x 0 y 0
 Wall clock 400.828
 Average time per cell 6.87827e-09
  Step time per cell    7.27348e-09
 Step 248 time 0.0900753 control sound timestep  0.000367197 1,1 x 0 y 0
 Wall clock 402.521
 Average time per cell 6.87946e-09
  Step time per cell    7.17387e-09
 Step 249 time 0.0904425 control sound timestep  0.000367205 1,1 x 0 y 0
 Wall clock 404.247
 Average time per cell 6.88122e-09
  Step time per cell    7.31627e-09
 Step 250 time 0.0908097 control sound timestep  0.000367216 1,1 x 0 y 0
 Wall clock 406.059
 Average time per cell 6.8844e-09
  Step time per cell    7.67693e-09
 Step 251 time 0.091177 control sound timestep  0.000367229 1,1 x 0 y 0
 Wall clock 407.779
 Average time per cell 6.88603e-09
  Step time per cell    7.2922e-09
 Step 252 time 0.0915442 control sound timestep  0.000367244 1,1 x 0 y 0
 Wall clock 409.455
 Average time per cell 6.88689e-09
  Step time per cell    7.10414e-09
 Step 253 time 0.0919114 control sound timestep  0.000367245 1,1 x 0 y 0
 Wall clock 411.157
 Average time per cell 6.88818e-09
  Step time per cell    7.21168e-09
 Step 254 time 0.0922787 control sound timestep  0.000367243 1,1 x 0 y 0
 Wall clock 412.836
 Average time per cell 6.88908e-09
  Step time per cell    7.11534e-09
 Step 255 time 0.0926459 control sound timestep  0.000367244 1,1 x 0 y 0
 Wall clock 414.547
 Average time per cell 6.89051e-09
  Step time per cell    7.25457e-09
 Step 256 time 0.0930132 control sound timestep  0.000367248 1,1 x 0 y 0
 Wall clock 416.241
 Average time per cell 6.89163e-09
  Step time per cell    7.17791e-09
 Step 257 time 0.0933804 control sound timestep  0.000367253 1,1 x 0 y 0
 Wall clock 417.975
 Average time per cell 6.89342e-09
  Step time per cell    7.34988e-09
 Step 258 time 0.0937477 control sound timestep  0.000367257 1,1 x 0 y 0
 Wall clock 419.655
 Average time per cell 6.89431e-09
  Step time per cell    7.1227e-09
 Step 259 time 0.0941149 control sound timestep  0.000367262 1,1 x 0 y 0
 Wall clock 421.381
 Average time per cell 6.89593e-09
  Step time per cell    7.31509e-09
 Step 260 time 0.0944822 control sound timestep  0.000367269 1,1 x 0 y 0
 Wall clock 423.184
 Average time per cell 6.8988e-09
  Step time per cell    7.641e-09
 Step 261 time 0.0948495 control sound timestep  0.000367279 1,1 x 0 y 0
 Wall clock 424.898
 Average time per cell 6.9002e-09
  Step time per cell    7.26346e-09
 Step 262 time 0.0952167 control sound timestep  0.000367288 1,1 x 0 y 0
 Wall clock 426.576
 Average time per cell 6.90101e-09
  Step time per cell    7.11262e-09
 Step 263 time 0.095584 control sound timestep  0.000367297 1,1 x 0 y 0
 Wall clock 428.283
 Average time per cell 6.90228e-09
  Step time per cell    7.23436e-09
 Step 264 time 0.0959513 control sound timestep  0.000367307 1,1 x 0 y 0
 Wall clock 429.981
 Average time per cell 6.9034e-09
  Step time per cell    7.19857e-09
 Step 265 time 0.0963186 control sound timestep  0.00036732 1,1 x 0 y 0
 Wall clock 431.718
 Average time per cell 6.90513e-09
  Step time per cell    7.36055e-09
 Step 266 time 0.0966859 control sound timestep  0.000367334 1,1 x 0 y 0
 Wall clock 433.412
 Average time per cell 6.90617e-09
  Step time per cell    7.18068e-09
 Step 267 time 0.0970533 control sound timestep  0.000367334 1,1 x 0 y 0
 Wall clock 435.128
 Average time per cell 6.90755e-09
  Step time per cell    7.2741e-09
 Step 268 time 0.0974206 control sound timestep  0.000367332 1,1 x 0 y 0
 Wall clock 436.81
 Average time per cell 6.90837e-09
  Step time per cell    7.12834e-09
 Step 269 time 0.0977879 control sound timestep  0.000367333 1,1 x 0 y 0
 Wall clock 438.524
 Average time per cell 6.9097e-09
  Step time per cell    7.26471e-09
 Step 270 time 0.0981553 control sound timestep  0.000367338 1,1 x 0 y 0
 Wall clock 440.331
 Average time per cell 6.91247e-09
  Step time per cell    7.65678e-09
 Step 271 time 0.0985226 control sound timestep  0.000367342 1,1 x 0 y 0
 Wall clock 442.06
 Average time per cell 6.91401e-09
  Step time per cell    7.33017e-09
 Step 272 time 0.09889 control sound timestep  0.000367346 1,1 x 0 y 0
 Wall clock 443.739
 Average time per cell 6.91475e-09
  Step time per cell    7.1166e-09
 Step 273 time 0.0992573 control sound timestep  0.00036735 1,1 x 0 y 0
 Wall clock 445.46
 Average time per cell 6.91613e-09
  Step time per cell    7.2909e-09
 Step 274 time 0.0996247 control sound timestep  0.000367358 1,1 x 0 y 0
 Wall clock 447.139
 Average time per cell 6.91688e-09
  Step time per cell    7.11949e-09
 Step 275 time 0.099992 control sound timestep  0.000367367 1,1 x 0 y 0
 Wall clock 448.841
 Average time per cell 6.91795e-09
  Step time per cell    7.21093e-09
 Step 276 time 0.100359 control sound timestep  0.000367376 1,1 x 0 y 0
 Wall clock 450.502
 Average time per cell 6.91839e-09
  Step time per cell    7.03911e-09
 Step 277 time 0.100727 control sound timestep  0.000367384 1,1 x 0 y 0
 Wall clock 452.209
 Average time per cell 6.91953e-09
  Step time per cell    7.23563e-09
 Step 278 time 0.101094 control sound timestep  0.000367394 1,1 x 0 y 0
 Wall clock 453.88
 Average time per cell 6.92012e-09
  Step time per cell    7.08345e-09
 Step 279 time 0.101462 control sound timestep  0.000367406 1,1 x 0 y 0
 Wall clock 455.579
 Average time per cell 6.92114e-09
  Step time per cell    7.20221e-09
 Step 280 time 0.101829 control sound timestep  0.000367419 1,1 x 0 y 0
 Wall clock 457.377
 Average time per cell 6.92363e-09
  Step time per cell    7.62038e-09
 Step 281 time 0.102196 control sound timestep  0.000367419 1,1 x 0 y 0
 Wall clock 459.077
 Average time per cell 6.92464e-09
  Step time per cell    7.20624e-09
 Step 282 time 0.102564 control sound timestep  0.000367417 1,1 x 0 y 0
 Wall clock 460.74
 Average time per cell 6.92508e-09
  Step time per cell    7.04722e-09
 Step 283 time 0.102931 control sound timestep  0.000367418 1,1 x 0 y 0
 Wall clock 462.444
 Average time per cell 6.92612e-09
  Step time per cell    7.21953e-09
 Step 284 time 0.103299 control sound timestep  0.000367423 1,1 x 0 y 0
 Wall clock 464.118
 Average time per cell 6.92671e-09
  Step time per cell    7.09492e-09
 Step 285 time 0.103666 control sound timestep  0.000367427 1,1 x 0 y 0
 Wall clock 465.818
 Average time per cell 6.9277e-09
  Step time per cell    7.20693e-09
 Step 286 time 0.104033 control sound timestep  0.000367431 1,1 x 0 y 0
 Wall clock 467.488
 Average time per cell 6.92822e-09
  Step time per cell    7.07654e-09
 Step 287 time 0.104401 control sound timestep  0.000367435 1,1 x 0 y 0
 Wall clock 469.189
 Average time per cell 6.9292e-09
  Step time per cell    7.20991e-09
 Step 288 time 0.104768 control sound timestep  0.000367442 1,1 x 0 y 0
 Wall clock 470.861
 Average time per cell 6.92975e-09
  Step time per cell    7.08666e-09
 Step 289 time 0.105136 control sound timestep  0.000367452 1,1 x 0 y 0
 Wall clock 472.561
 Average time per cell 6.93071e-09
  Step time per cell    7.2079e-09
 Step 290 time 0.105503 control sound timestep  0.00036746 1,1 x 0 y 0
 Wall clock 474.351
 Average time per cell 6.93298e-09
  Step time per cell    7.58662e-09
 Step 291 time 0.105871 control sound timestep  0.000367468 1,1 x 0 y 0
 Wall clock 476.048
 Average time per cell 6.93386e-09
  Step time per cell    7.19073e-09
 Step 292 time 0.106238 control sound timestep  0.000367477 1,1 x 0 y 0
 Wall clock 477.72
 Average time per cell 6.93439e-09
  Step time per cell    7.08773e-09
 Step 293 time 0.106606 control sound timestep  0.00036749 1,1 x 0 y 0
 Wall clock 479.426
 Average time per cell 6.93539e-09
  Step time per cell    7.2278e-09
 Step 294 time 0.106973 control sound timestep  0.0003675 1,1 x 0 y 0
 Wall clock 481.091
 Average time per cell 6.93581e-09
  Step time per cell    7.05858e-09
 Step 295 time 0.107341 control sound timestep  0.000367501 1,1 x 0 y 0
 Wall clock 482.794
 Average time per cell 6.93677e-09
  Step time per cell    7.21677e-09
 Step 296 time 0.107708 control sound timestep  0.000367498 1,1 x 0 y 0
 Wall clock 484.469
 Average time per cell 6.93732e-09
  Step time per cell    7.10093e-09
 Step 297 time 0.108076 control sound timestep  0.0003675 1,1 x 0 y 0
 Wall clock 486.19
 Average time per cell 6.93853e-09
  Step time per cell    7.2961e-09
 Step 298 time 0.108443 control sound timestep  0.000367504 1,1 x 0 y 0
 Wall clock 487.854
 Average time per cell 6.93891e-09
  Step time per cell    7.04985e-09
 Step 299 time 0.108811 control sound timestep  0.000367508 1,1 x 0 y 0
 Wall clock 489.551
 Average time per cell 6.93975e-09
  Step time per cell    7.1913e-09
 Step 300 time 0.109178 control sound timestep  0.000367512 1,1 x 0 y 0
 Wall clock 491.477
 First step overhead 0
Result:
 - Problem: none
 - Outcome: PASSED
