-------------------------------------------------------------
STREAM version $Revision: 5.10 $
-------------------------------------------------------------
This system uses 8 bytes per array element.
-------------------------------------------------------------
Array size = 1000000000 (elements), Offset = 0 (elements)
Memory per array = 7629.4 MiB (= 7.5 GiB).
Total memory required = 22888.2 MiB (= 22.4 GiB).
Each kernel will be executed 750 times.
 The *best* time for each kernel (excluding the first iteration)
 will be used to compute the reported bandwidth.
-------------------------------------------------------------
Number of Threads requested = 64
Number of Threads counted = 64
-------------------------------------------------------------
Your clock granularity/precision appears to be 1 microseconds.
Each test below will take on the order of 48294 microseconds.
   (= 48294 clock ticks)
Increase the size of the arrays if this shows that
you are not getting at least 20 clock ticks per test.
-------------------------------------------------------------
WARNING -- The above is only a rough guideline.
For best results, please be sure you know the
precision of your system timer.
-------------------------------------------------------------
Function    Best Rate MB/s  Avg time     Min time     Max time
Copy:          475073.4     0.040663     0.033679     0.057136
Scale:         498176.5     0.043736     0.032117     0.060356
Add:           526545.0     0.050755     0.045580     0.072067
Triad:         533878.3     0.052402     0.044954     0.071395
-------------------------------------------------------------
Solution Validates: avg error less than 1.000000e-13 on all three arrays
-------------------------------------------------------------
