Local 556 Remote 499
Local 358 Remote 499
Local 364 Remote 499
Local 316 Remote 499
Local 540 Remote 499
Local 465 Remote 499
Local 450 Remote 499
Local 475 Remote 511
Local 488 Remote 500
Local 488 Remote 500
Local 461 Remote 500
Local 467 Remote 500
Local 483 Remote 500
Local 482 Remote 500
Local 469 Remote 500
Local 470 Remote 500
Local 482 Remote 500
Local 467 Remote 537
Local 546 Remote 500
Local 372 Remote 500
Local 332 Remote 500
Local 493 Remote 500
Local 508 Remote 500
Local 439 Remote 554
Local 446 Remote 500
Local 487 Remote 500
Local 510 Remote 500
Local 493 Remote 500
Local 507 Remote 500
Local 473 Remote 500
Local 425 Remote 500
Local 508 Remote 500
Local 487 Remote 535
Local 434 Remote 500
Local 518 Remote 500
Local 579 Remote 500
Local 460 Remote 500
Local 310 Remote 500
Local 475 Remote 500
Local 508 Remote 613
Local 501 Remote 500
Local 504 Remote 500
Local 455 Remote 500
Local 483 Remote 500
Local 473 Remote 500
Local 443 Remote 500
Local 453 Remote 500
Local 453 Remote 500
Local 477 Remote 500
Local 480 Remote 500
Local 473 Remote 500
Local 500 Remote 500
Local 523 Remote 500
Local 390 Remote 500
Local 359 Remote 500
Local 309 Remote 500
Local 540 Remote 500
Local 482 Remote 500
Local 414 Remote 500
Local 420 Remote 501
Local 465 Remote 500
Local 454 Remote 500
Local 457 Remote 500
Local 469 Remote 500
Local 493 Remote 500
Local 480 Remote 500
Local 467 Remote 538
Local 462 Remote 500
Local 471 Remote 500
Local 404 Remote 500
Local 627 Remote 500
Local 362 Remote 500
Local 306 Remote 500
Local 422 Remote 515
Local 430 Remote 527
Local 489 Remote 500
Local 483 Remote 500
Local 471 Remote 500
Local 473 Remote 500
Local 493 Remote 500
Local 490 Remote 500
Local 467 Remote 500
Local 478 Remote 500
Local 500 Remote 500
Local 489 Remote 500
Local 506 Remote 500
Local 461 Remote 500
Local 300 Remote 500
