Local 477 Remote 499
Local 477 Remote 499
Local 470 Remote 500
Local 476 Remote 500
Local 480 Remote 500
Local 483 Remote 500
Local 473 Remote 500
Local 485 Remote 500
Local 475 Remote 500
Local 473 Remote 500
Local 485 Remote 500
Local 493 Remote 500
Local 487 Remote 500
Local 493 Remote 500
Local 458 Remote 500
Local 473 Remote 500
Local 485 Remote 500
Local 489 Remote 500
Local 489 Remote 500
Local 485 Remote 500
Local 477 Remote 500
Local 488 Remote 500
Local 481 Remote 500
Local 441 Remote 500
Local 473 Remote 500
Local 489 Remote 500
Local 483 Remote 500
Local 484 Remote 500
Local 483 Remote 500
Local 484 Remote 500
Local 338 Remote 500
Local 493 Remote 500
Local 496 Remote 500
Local 479 Remote 517
Local 484 Remote 500
Local 498 Remote 500
Local 494 Remote 500
Local 483 Remote 500
Local 481 Remote 500
Local 481 Remote 500
Local 497 Remote 500
Local 484 Remote 500
Local 484 Remote 500
Local 471 Remote 500
Local 477 Remote 500
Local 490 Remote 500
Local 484 Remote 500
Local 483 Remote 500
Local 485 Remote 500
Local 480 Remote 500
Local 489 Remote 500
Local 473 Remote 500
Local 482 Remote 500
Local 478 Remote 500
Local 490 Remote 500
Local 465 Remote 500
Local 494 Remote 500
Local 485 Remote 500
Local 447 Remote 500
Local 484 Remote 500
Local 482 Remote 500
Local 489 Remote 500
Local 499 Remote 500
Local 484 Remote 500
Local 499 Remote 500
Local 495 Remote 500
Local 493 Remote 500
Local 486 Remote 500
Local 470 Remote 500
Local 473 Remote 500
Local 499 Remote 500
Local 485 Remote 500
Local 501 Remote 500
Local 501 Remote 500
Local 492 Remote 500
Local 485 Remote 500
Local 305 Remote 500
