pgdemote_kswapd 0
pgdemote_direct 0
pgdemote_khugepaged 0
pgmigrate_success 625480964
pgdemote_kswapd 0
pgdemote_direct 0
pgdemote_khugepaged 0
pgmigrate_success 625480964
pgdemote_kswapd 0
pgdemote_direct 0
pgdemote_khugepaged 0
pgmigrate_success 625481036
pgdemote_kswapd 0
pgdemote_direct 0
pgdemote_khugepaged 0
pgmigrate_success 625481093
pgdemote_kswapd 0
pgdemote_direct 0
pgdemote_khugepaged 0
pgmigrate_success 625546629
pgdemote_kswapd 0
pgdemote_direct 0
pgdemote_khugepaged 0
pgmigrate_success 625546629
pgdemote_kswapd 0
pgdemote_direct 0
pgdemote_khugepaged 0
pgmigrate_success 625546629
pgdemote_kswapd 0
pgdemote_direct 0
pgdemote_khugepaged 0
pgmigrate_success 625568133
pgdemote_kswapd 0
pgdemote_direct 0
pgdemote_khugepaged 0
pgmigrate_success 625568133
pgdemote_kswapd 0
pgdemote_direct 0
pgdemote_khugepaged 0
pgmigrate_success 625633669
pgdemote_kswapd 0
pgdemote_direct 0
pgdemote_khugepaged 0
pgmigrate_success 625633669
pgdemote_kswapd 0
pgdemote_direct 0
pgdemote_khugepaged 0
pgmigrate_success 625668485
pgdemote_kswapd 0
pgdemote_direct 0
pgdemote_khugepaged 0
pgmigrate_success 625668485
pgdemote_kswapd 0
pgdemote_direct 0
pgdemote_khugepaged 0
pgmigrate_success 625668485
pgdemote_kswapd 0
pgdemote_direct 0
pgdemote_khugepaged 0
pgmigrate_success 625720709
pgdemote_kswapd 0
pgdemote_direct 0
pgdemote_khugepaged 0
pgmigrate_success 625720709
pgdemote_kswapd 0
pgdemote_direct 0
pgdemote_khugepaged 0
pgmigrate_success 625786245
pgdemote_kswapd 0
pgdemote_direct 0
pgdemote_khugepaged 0
pgmigrate_success 625804165
pgdemote_kswapd 0
pgdemote_direct 0
pgdemote_khugepaged 0
pgmigrate_success 625869731
pgdemote_kswapd 0
pgdemote_direct 0
pgdemote_khugepaged 0
pgmigrate_success 625869731
pgdemote_kswapd 0
pgdemote_direct 0
pgdemote_khugepaged 0
pgmigrate_success 625935267
pgdemote_kswapd 0
pgdemote_direct 0
pgdemote_khugepaged 0
pgmigrate_success 625935267
pgdemote_kswapd 0
pgdemote_direct 0
pgdemote_khugepaged 0
pgmigrate_success 626000803
pgdemote_kswapd 0
pgdemote_direct 0
pgdemote_khugepaged 0
pgmigrate_success 626066580
pgdemote_kswapd 0
pgdemote_direct 0
pgdemote_khugepaged 0
pgmigrate_success 626066580
pgdemote_kswapd 0
pgdemote_direct 0
pgdemote_khugepaged 0
pgmigrate_success 626197652
pgdemote_kswapd 0
pgdemote_direct 0
pgdemote_khugepaged 0
pgmigrate_success 626197652
pgdemote_kswapd 0
pgdemote_direct 0
pgdemote_khugepaged 0
pgmigrate_success 626263188
pgdemote_kswapd 0
pgdemote_direct 0
pgdemote_khugepaged 0
pgmigrate_success 626394260
pgdemote_kswapd 0
pgdemote_direct 0
pgdemote_khugepaged 0
pgmigrate_success 626459796
pgdemote_kswapd 0
pgdemote_direct 0
pgdemote_khugepaged 0
pgmigrate_success 626525332
pgdemote_kswapd 0
pgdemote_direct 0
pgdemote_khugepaged 0
pgmigrate_success 626525332
pgdemote_kswapd 0
pgdemote_direct 0
pgdemote_khugepaged 0
pgmigrate_success 626589603
pgdemote_kswapd 0
pgdemote_direct 0
pgdemote_khugepaged 0
pgmigrate_success 626589603
pgdemote_kswapd 0
pgdemote_direct 0
pgdemote_khugepaged 0
pgmigrate_success 626589603
pgdemote_kswapd 0
pgdemote_direct 0
pgdemote_khugepaged 0
pgmigrate_success 626618275
pgdemote_kswapd 0
pgdemote_direct 0
pgdemote_khugepaged 0
pgmigrate_success 626620323
pgdemote_kswapd 0
pgdemote_direct 0
pgdemote_khugepaged 0
pgmigrate_success 626702243
pgdemote_kswapd 0
pgdemote_direct 0
pgdemote_khugepaged 0
pgmigrate_success 626706610
pgdemote_kswapd 0
pgdemote_direct 0
pgdemote_khugepaged 0
pgmigrate_success 626745010
pgdemote_kswapd 0
pgdemote_direct 0
pgdemote_khugepaged 0
pgmigrate_success 626772146
pgdemote_kswapd 0
pgdemote_direct 0
pgdemote_khugepaged 0
pgmigrate_success 626772146
pgdemote_kswapd 0
pgdemote_direct 0
pgdemote_khugepaged 0
pgmigrate_success 626772146
pgdemote_kswapd 0
pgdemote_direct 0
pgdemote_khugepaged 0
pgmigrate_success 626837682
pgdemote_kswapd 0
pgdemote_direct 0
pgdemote_khugepaged 0
pgmigrate_success 626837682
pgdemote_kswapd 0
pgdemote_direct 0
pgdemote_khugepaged 0
pgmigrate_success 626838947
pgdemote_kswapd 0
pgdemote_direct 0
pgdemote_khugepaged 0
pgmigrate_success 626904483
pgdemote_kswapd 0
pgdemote_direct 0
pgdemote_khugepaged 0
pgmigrate_success 626904483
pgdemote_kswapd 0
pgdemote_direct 0
pgdemote_khugepaged 0
pgmigrate_success 626904483
pgdemote_kswapd 0
pgdemote_direct 0
pgdemote_khugepaged 0
pgmigrate_success 626904483
pgdemote_kswapd 0
pgdemote_direct 0
pgdemote_khugepaged 0
pgmigrate_success 626904483
pgdemote_kswapd 0
pgdemote_direct 0
pgdemote_khugepaged 0
pgmigrate_success 626970019
pgdemote_kswapd 0
pgdemote_direct 0
pgdemote_khugepaged 0
pgmigrate_success 627027363
pgdemote_kswapd 0
pgdemote_direct 0
pgdemote_khugepaged 0
pgmigrate_success 627047843
pgdemote_kswapd 0
pgdemote_direct 0
pgdemote_khugepaged 0
pgmigrate_success 627110307
pgdemote_kswapd 0
pgdemote_direct 0
pgdemote_khugepaged 0
pgmigrate_success 627110307
pgdemote_kswapd 0
pgdemote_direct 0
pgdemote_khugepaged 0
pgmigrate_success 627175843
pgdemote_kswapd 0
pgdemote_direct 0
pgdemote_khugepaged 0
pgmigrate_success 627210147
pgdemote_kswapd 0
pgdemote_direct 0
pgdemote_khugepaged 0
pgmigrate_success 627210147
pgdemote_kswapd 0
pgdemote_direct 0
pgdemote_khugepaged 0
pgmigrate_success 627275954
pgdemote_kswapd 0
pgdemote_direct 0
pgdemote_khugepaged 0
pgmigrate_success 627341490
pgdemote_kswapd 0
pgdemote_direct 0
pgdemote_khugepaged 0
pgmigrate_success 627407026
pgdemote_kswapd 0
pgdemote_direct 0
pgdemote_khugepaged 0
pgmigrate_success 627407026
pgdemote_kswapd 0
pgdemote_direct 0
pgdemote_khugepaged 0
pgmigrate_success 627480754
pgdemote_kswapd 0
pgdemote_direct 0
pgdemote_khugepaged 0
pgmigrate_success 627597490
pgdemote_kswapd 0
pgdemote_direct 0
pgdemote_khugepaged 0
pgmigrate_success 627597490
pgdemote_kswapd 0
pgdemote_direct 0
pgdemote_khugepaged 0
pgmigrate_success 627816114
pgdemote_kswapd 0
pgdemote_direct 0
pgdemote_khugepaged 0
pgmigrate_success 627816114
pgdemote_kswapd 0
pgdemote_direct 0
pgdemote_khugepaged 0
pgmigrate_success 627874753
pgdemote_kswapd 0
pgdemote_direct 0
pgdemote_khugepaged 0
pgmigrate_success 627874753
pgdemote_kswapd 0
pgdemote_direct 0
pgdemote_khugepaged 0
pgmigrate_success 627874753
pgdemote_kswapd 0
pgdemote_direct 0
pgdemote_khugepaged 0
pgmigrate_success 627874753
pgdemote_kswapd 0
pgdemote_direct 0
pgdemote_khugepaged 0
pgmigrate_success 627874753
pgdemote_kswapd 0
pgdemote_direct 0
pgdemote_khugepaged 0
pgmigrate_success 628177345
pgdemote_kswapd 0
pgdemote_direct 0
pgdemote_khugepaged 0
pgmigrate_success 628218064
pgdemote_kswapd 0
pgdemote_direct 0
pgdemote_khugepaged 0
pgmigrate_success 628218064
pgdemote_kswapd 0
pgdemote_direct 0
pgdemote_khugepaged 0
pgmigrate_success 628270288
pgdemote_kswapd 0
pgdemote_direct 0
pgdemote_khugepaged 0
pgmigrate_success 628299984
pgdemote_kswapd 0
pgdemote_direct 0
pgdemote_khugepaged 0
pgmigrate_success 628335824
pgdemote_kswapd 0
pgdemote_direct 0
pgdemote_khugepaged 0
pgmigrate_success 628401360
pgdemote_kswapd 0
pgdemote_direct 0
pgdemote_khugepaged 0
pgmigrate_success 628401360
pgdemote_kswapd 0
pgdemote_direct 0
pgdemote_khugepaged 0
pgmigrate_success 628466896
pgdemote_kswapd 0
pgdemote_direct 0
pgdemote_khugepaged 0
pgmigrate_success 628532432
pgdemote_kswapd 0
pgdemote_direct 0
pgdemote_khugepaged 0
pgmigrate_success 628532432
pgdemote_kswapd 0
pgdemote_direct 0
pgdemote_khugepaged 0
pgmigrate_success 628532432
pgdemote_kswapd 0
pgdemote_direct 0
pgdemote_khugepaged 0
pgmigrate_success 628597968
pgdemote_kswapd 0
pgdemote_direct 0
pgdemote_khugepaged 0
pgmigrate_success 628666576
pgdemote_kswapd 0
pgdemote_direct 0
pgdemote_khugepaged 0
pgmigrate_success 628714975
pgdemote_kswapd 0
pgdemote_direct 0
pgdemote_khugepaged 0
pgmigrate_success 628746719
pgdemote_kswapd 0
pgdemote_direct 0
pgdemote_khugepaged 0
pgmigrate_success 628812255
pgdemote_kswapd 0
pgdemote_direct 0
pgdemote_khugepaged 0
pgmigrate_success 628812255
pgdemote_kswapd 0
pgdemote_direct 0
pgdemote_khugepaged 0
pgmigrate_success 628848095
pgdemote_kswapd 0
pgdemote_direct 0
pgdemote_khugepaged 0
pgmigrate_success 628848095
pgdemote_kswapd 0
pgdemote_direct 0
pgdemote_khugepaged 0
pgmigrate_success 628903120
pgdemote_kswapd 0
pgdemote_direct 0
pgdemote_khugepaged 0
pgmigrate_success 628903120
pgdemote_kswapd 0
pgdemote_direct 0
pgdemote_khugepaged 0
pgmigrate_success 628920528
pgdemote_kswapd 0
pgdemote_direct 0
pgdemote_khugepaged 0
pgmigrate_success 628920528
pgdemote_kswapd 0
pgdemote_direct 0
pgdemote_khugepaged 0
pgmigrate_success 628920528
pgdemote_kswapd 0
pgdemote_direct 0
pgdemote_khugepaged 0
pgmigrate_success 628928720
pgdemote_kswapd 0
pgdemote_direct 0
pgdemote_khugepaged 0
pgmigrate_success 628928720
pgdemote_kswapd 0
pgdemote_direct 0
pgdemote_khugepaged 0
pgmigrate_success 628928720
pgdemote_kswapd 0
pgdemote_direct 0
pgdemote_khugepaged 0
pgmigrate_success 628928720
pgdemote_kswapd 0
pgdemote_direct 0
pgdemote_khugepaged 0
pgmigrate_success 628928720
pgdemote_kswapd 0
pgdemote_direct 0
pgdemote_khugepaged 0
pgmigrate_success 629011363
pgdemote_kswapd 0
pgdemote_direct 0
pgdemote_khugepaged 0
pgmigrate_success 629011363
pgdemote_kswapd 0
pgdemote_direct 0
pgdemote_khugepaged 0
pgmigrate_success 629011363
pgdemote_kswapd 0
pgdemote_direct 0
pgdemote_khugepaged 0
pgmigrate_success 629076899
pgdemote_kswapd 0
pgdemote_direct 0
pgdemote_khugepaged 0
pgmigrate_success 629107619
pgdemote_kswapd 0
pgdemote_direct 0
pgdemote_khugepaged 0
pgmigrate_success 629138008
pgdemote_kswapd 0
pgdemote_direct 0
pgdemote_khugepaged 0
pgmigrate_success 629138008
pgdemote_kswapd 0
pgdemote_direct 0
pgdemote_khugepaged 0
pgmigrate_success 629138008
pgdemote_kswapd 0
pgdemote_direct 0
pgdemote_khugepaged 0
pgmigrate_success 629138008
pgdemote_kswapd 0
pgdemote_direct 0
pgdemote_khugepaged 0
pgmigrate_success 629138008
pgdemote_kswapd 0
pgdemote_direct 0
pgdemote_khugepaged 0
pgmigrate_success 629142104
pgdemote_kswapd 0
pgdemote_direct 0
pgdemote_khugepaged 0
pgmigrate_success 629142104
pgdemote_kswapd 0
pgdemote_direct 0
pgdemote_khugepaged 0
pgmigrate_success 629142104
pgdemote_kswapd 0
pgdemote_direct 0
pgdemote_khugepaged 0
pgmigrate_success 629142104
pgdemote_kswapd 0
pgdemote_direct 0
pgdemote_khugepaged 0
pgmigrate_success 629155928
pgdemote_kswapd 0
pgdemote_direct 0
pgdemote_khugepaged 0
pgmigrate_success 629164120
pgdemote_kswapd 0
pgdemote_direct 0
pgdemote_khugepaged 0
pgmigrate_success 629164120
pgdemote_kswapd 0
pgdemote_direct 0
pgdemote_khugepaged 0
pgmigrate_success 629164120
pgdemote_kswapd 0
pgdemote_direct 0
pgdemote_khugepaged 0
pgmigrate_success 629164120
pgdemote_kswapd 0
pgdemote_direct 0
pgdemote_khugepaged 0
pgmigrate_success 629178456
pgdemote_kswapd 0
pgdemote_direct 0
pgdemote_khugepaged 0
pgmigrate_success 629178456
pgdemote_kswapd 0
pgdemote_direct 0
pgdemote_khugepaged 0
pgmigrate_success 629201225
pgdemote_kswapd 0
pgdemote_direct 0
pgdemote_khugepaged 0
pgmigrate_success 629201225
pgdemote_kswapd 0
pgdemote_direct 0
pgdemote_khugepaged 0
pgmigrate_success 629201225
pgdemote_kswapd 0
pgdemote_direct 0
pgdemote_khugepaged 0
pgmigrate_success 629201225
pgdemote_kswapd 0
pgdemote_direct 0
pgdemote_khugepaged 0
pgmigrate_success 629267911
pgdemote_kswapd 0
pgdemote_direct 0
pgdemote_khugepaged 0
pgmigrate_success 629267914
pgdemote_kswapd 0
pgdemote_direct 0
pgdemote_khugepaged 0
pgmigrate_success 629288394
pgdemote_kswapd 0
pgdemote_direct 0
pgdemote_khugepaged 0
pgmigrate_success 629290442
pgdemote_kswapd 0
pgdemote_direct 0
pgdemote_khugepaged 0
pgmigrate_success 629290442
pgdemote_kswapd 0
pgdemote_direct 0
pgdemote_khugepaged 0
pgmigrate_success 629415581
pgdemote_kswapd 0
pgdemote_direct 0
pgdemote_khugepaged 0
pgmigrate_success 629415581
pgdemote_kswapd 0
pgdemote_direct 0
pgdemote_khugepaged 0
pgmigrate_success 629415581
pgdemote_kswapd 0
pgdemote_direct 0
pgdemote_khugepaged 0
pgmigrate_success 629467805
pgdemote_kswapd 0
pgdemote_direct 0
pgdemote_khugepaged 0
pgmigrate_success 629467805
pgdemote_kswapd 0
pgdemote_direct 0
pgdemote_khugepaged 0
pgmigrate_success 629534365
pgdemote_kswapd 0
pgdemote_direct 0
pgdemote_khugepaged 0
pgmigrate_success 629543581
pgdemote_kswapd 0
pgdemote_direct 0
pgdemote_khugepaged 0
pgmigrate_success 629562555
pgdemote_kswapd 0
pgdemote_direct 0
pgdemote_khugepaged 0
pgmigrate_success 629683387
pgdemote_kswapd 0
pgdemote_direct 0
pgdemote_khugepaged 0
pgmigrate_success 629685435
pgdemote_kswapd 0
pgdemote_direct 0
pgdemote_khugepaged 0
pgmigrate_success 629750971
pgdemote_kswapd 0
pgdemote_direct 0
pgdemote_khugepaged 0
pgmigrate_success 629812652
pgdemote_kswapd 0
pgdemote_direct 0
pgdemote_khugepaged 0
pgmigrate_success 629882284
pgdemote_kswapd 0
pgdemote_direct 0
pgdemote_khugepaged 0
pgmigrate_success 629947820
pgdemote_kswapd 0
pgdemote_direct 0
pgdemote_khugepaged 0
pgmigrate_success 630011308
pgdemote_kswapd 0
pgdemote_direct 0
pgdemote_khugepaged 0
pgmigrate_success 630013356
pgdemote_kswapd 0
pgdemote_direct 0
pgdemote_khugepaged 0
pgmigrate_success 630013356
pgdemote_kswapd 0
pgdemote_direct 0
pgdemote_khugepaged 0
pgmigrate_success 630142380
pgdemote_kswapd 0
pgdemote_direct 0
pgdemote_khugepaged 0
pgmigrate_success 630144428
pgdemote_kswapd 0
pgdemote_direct 0
pgdemote_khugepaged 0
pgmigrate_success 630207916
pgdemote_kswapd 0
pgdemote_direct 0
pgdemote_khugepaged 0
pgmigrate_success 630207916
pgdemote_kswapd 0
pgdemote_direct 0
pgdemote_khugepaged 0
pgmigrate_success 630207916
pgdemote_kswapd 0
pgdemote_direct 0
pgdemote_khugepaged 0
pgmigrate_success 630207916
pgdemote_kswapd 0
pgdemote_direct 0
pgdemote_khugepaged 0
pgmigrate_success 630207916
pgdemote_kswapd 0
pgdemote_direct 0
pgdemote_khugepaged 0
pgmigrate_success 630207916
pgdemote_kswapd 0
pgdemote_direct 0
pgdemote_khugepaged 0
pgmigrate_success 630275500
pgdemote_kswapd 0
pgdemote_direct 0
pgdemote_khugepaged 0
pgmigrate_success 630337723
pgdemote_kswapd 0
pgdemote_direct 0
pgdemote_khugepaged 0
pgmigrate_success 630337723
pgdemote_kswapd 0
pgdemote_direct 0
pgdemote_khugepaged 0
pgmigrate_success 630341307
pgdemote_kswapd 0
pgdemote_direct 0
pgdemote_khugepaged 0
pgmigrate_success 630341307
pgdemote_kswapd 0
pgdemote_direct 0
pgdemote_khugepaged 0
pgmigrate_success 630436027
pgdemote_kswapd 0
pgdemote_direct 0
pgdemote_khugepaged 0
pgmigrate_success 630454730
pgdemote_kswapd 0
pgdemote_direct 0
pgdemote_khugepaged 0
pgmigrate_success 630454730
pgdemote_kswapd 0
pgdemote_direct 0
pgdemote_khugepaged 0
pgmigrate_success 630520266
pgdemote_kswapd 0
pgdemote_direct 0
pgdemote_khugepaged 0
pgmigrate_success 630520266
pgdemote_kswapd 0
pgdemote_direct 0
pgdemote_khugepaged 0
pgmigrate_success 630522314
pgdemote_kswapd 0
pgdemote_direct 0
pgdemote_khugepaged 0
pgmigrate_success 630652603
pgdemote_kswapd 0
pgdemote_direct 0
pgdemote_khugepaged 0
pgmigrate_success 630697147
pgdemote_kswapd 0
pgdemote_direct 0
pgdemote_khugepaged 0
pgmigrate_success 630699195
pgdemote_kswapd 0
pgdemote_direct 0
pgdemote_khugepaged 0
pgmigrate_success 630716091
pgdemote_kswapd 0
pgdemote_direct 0
pgdemote_khugepaged 0
pgmigrate_success 630820539
pgdemote_kswapd 0
pgdemote_direct 0
pgdemote_khugepaged 0
pgmigrate_success 630902971
pgdemote_kswapd 0
pgdemote_direct 0
pgdemote_khugepaged 0
pgmigrate_success 630903483
pgdemote_kswapd 0
pgdemote_direct 0
pgdemote_khugepaged 0
pgmigrate_success 630970555
pgdemote_kswapd 0
pgdemote_direct 0
pgdemote_khugepaged 0
pgmigrate_success 631003835
pgdemote_kswapd 0
pgdemote_direct 0
pgdemote_khugepaged 0
pgmigrate_success 631003835
pgdemote_kswapd 0
pgdemote_direct 0
pgdemote_khugepaged 0
pgmigrate_success 631268298
pgdemote_kswapd 0
pgdemote_direct 0
pgdemote_khugepaged 0
pgmigrate_success 631323594
pgdemote_kswapd 0
pgdemote_direct 0
pgdemote_khugepaged 0
pgmigrate_success 631323594
pgdemote_kswapd 0
pgdemote_direct 0
pgdemote_khugepaged 0
pgmigrate_success 631323594
pgdemote_kswapd 0
pgdemote_direct 0
pgdemote_khugepaged 0
pgmigrate_success 631323594
pgdemote_kswapd 0
pgdemote_direct 0
pgdemote_khugepaged 0
pgmigrate_success 631379914
pgdemote_kswapd 0
pgdemote_direct 0
pgdemote_khugepaged 0
pgmigrate_success 631433162
pgdemote_kswapd 0
pgdemote_direct 0
pgdemote_khugepaged 0
pgmigrate_success 631433162
pgdemote_kswapd 0
pgdemote_direct 0
pgdemote_khugepaged 0
pgmigrate_success 631543754
pgdemote_kswapd 0
pgdemote_direct 0
pgdemote_khugepaged 0
pgmigrate_success 631609290
pgdemote_kswapd 0
pgdemote_direct 0
pgdemote_khugepaged 0
pgmigrate_success 631666122
pgdemote_kswapd 0
pgdemote_direct 0
pgdemote_khugepaged 0
pgmigrate_success 631764185
pgdemote_kswapd 0
pgdemote_direct 0
pgdemote_khugepaged 0
pgmigrate_success 631815385
pgdemote_kswapd 0
pgdemote_direct 0
pgdemote_khugepaged 0
pgmigrate_success 631880921
pgdemote_kswapd 0
pgdemote_direct 0
pgdemote_khugepaged 0
pgmigrate_success 631941849
pgdemote_kswapd 0
pgdemote_direct 0
pgdemote_khugepaged 0
pgmigrate_success 631941849
pgdemote_kswapd 0
pgdemote_direct 0
pgdemote_khugepaged 0
pgmigrate_success 632007511
pgdemote_kswapd 0
pgdemote_direct 0
pgdemote_khugepaged 0
pgmigrate_success 632007656
pgdemote_kswapd 0
pgdemote_direct 0
pgdemote_khugepaged 0
pgmigrate_success 632138728
pgdemote_kswapd 0
pgdemote_direct 0
pgdemote_khugepaged 0
pgmigrate_success 632204264
pgdemote_kswapd 0
pgdemote_direct 0
pgdemote_khugepaged 0
pgmigrate_success 632269800
pgdemote_kswapd 0
pgdemote_direct 0
pgdemote_khugepaged 0
pgmigrate_success 632277992
pgdemote_kswapd 0
pgdemote_direct 0
pgdemote_khugepaged 0
pgmigrate_success 632325096
pgdemote_kswapd 0
pgdemote_direct 0
pgdemote_khugepaged 0
pgmigrate_success 632343799
pgdemote_kswapd 0
pgdemote_direct 0
pgdemote_khugepaged 0
pgmigrate_success 632409335
pgdemote_kswapd 0
pgdemote_direct 0
pgdemote_khugepaged 0
pgmigrate_success 632459511
pgdemote_kswapd 0
pgdemote_direct 0
pgdemote_khugepaged 0
pgmigrate_success 632590583
pgdemote_kswapd 0
pgdemote_direct 0
pgdemote_khugepaged 0
pgmigrate_success 632656119
pgdemote_kswapd 0
pgdemote_direct 0
pgdemote_khugepaged 0
pgmigrate_success 632721655
pgdemote_kswapd 0
pgdemote_direct 0
pgdemote_khugepaged 0
pgmigrate_success 632747496
pgdemote_kswapd 0
pgdemote_direct 0
pgdemote_khugepaged 0
pgmigrate_success 633009640
pgdemote_kswapd 0
pgdemote_direct 0
pgdemote_khugepaged 0
pgmigrate_success 633009640
pgdemote_kswapd 0
pgdemote_direct 0
pgdemote_khugepaged 0
pgmigrate_success 633075176
pgdemote_kswapd 0
pgdemote_direct 0
pgdemote_khugepaged 0
pgmigrate_success 633075176
pgdemote_kswapd 0
pgdemote_direct 0
pgdemote_khugepaged 0
pgmigrate_success 633238504
pgdemote_kswapd 0
pgdemote_direct 0
pgdemote_khugepaged 0
pgmigrate_success 633304040
pgdemote_kswapd 0
pgdemote_direct 0
pgdemote_khugepaged 0
pgmigrate_success 633369576
pgdemote_kswapd 0
pgdemote_direct 0
pgdemote_khugepaged 0
pgmigrate_success 633435413
pgdemote_kswapd 0
pgdemote_direct 0
pgdemote_khugepaged 0
pgmigrate_success 633565973
pgdemote_kswapd 0
pgdemote_direct 0
pgdemote_khugepaged 0
pgmigrate_success 633614101
pgdemote_kswapd 0
pgdemote_direct 0
pgdemote_khugepaged 0
pgmigrate_success 633614101
pgdemote_kswapd 0
pgdemote_direct 0
pgdemote_khugepaged 0
pgmigrate_success 633720597
pgdemote_kswapd 0
pgdemote_direct 0
pgdemote_khugepaged 0
pgmigrate_success 633778182
pgdemote_kswapd 0
pgdemote_direct 0
pgdemote_khugepaged 0
pgmigrate_success 633778182
pgdemote_kswapd 0
pgdemote_direct 0
pgdemote_khugepaged 0
pgmigrate_success 633787398
pgdemote_kswapd 0
pgdemote_direct 0
pgdemote_khugepaged 0
pgmigrate_success 633787398
pgdemote_kswapd 0
pgdemote_direct 0
pgdemote_khugepaged 0
pgmigrate_success 633839622
pgdemote_kswapd 0
pgdemote_direct 0
pgdemote_khugepaged 0
pgmigrate_success 633856006
pgdemote_kswapd 0
pgdemote_direct 0
pgdemote_khugepaged 0
pgmigrate_success 633856006
pgdemote_kswapd 0
pgdemote_direct 0
pgdemote_khugepaged 0
pgmigrate_success 633856006
pgdemote_kswapd 0
pgdemote_direct 0
pgdemote_khugepaged 0
pgmigrate_success 633856006
pgdemote_kswapd 0
pgdemote_direct 0
pgdemote_khugepaged 0
pgmigrate_success 633961177
pgdemote_kswapd 0
pgdemote_direct 0
pgdemote_khugepaged 0
pgmigrate_success 633997017
pgdemote_kswapd 0
pgdemote_direct 0
pgdemote_khugepaged 0
pgmigrate_success 634051801
pgdemote_kswapd 0
pgdemote_direct 0
pgdemote_khugepaged 0
pgmigrate_success 634061017
pgdemote_kswapd 0
pgdemote_direct 0
pgdemote_khugepaged 0
pgmigrate_success 634093785
pgdemote_kswapd 0
pgdemote_direct 0
pgdemote_khugepaged 0
pgmigrate_success 634109326
pgdemote_kswapd 0
pgdemote_direct 0
pgdemote_khugepaged 0
pgmigrate_success 634174862
pgdemote_kswapd 0
pgdemote_direct 0
pgdemote_khugepaged 0
pgmigrate_success 634192782
pgdemote_kswapd 0
pgdemote_direct 0
pgdemote_khugepaged 0
pgmigrate_success 634258318
pgdemote_kswapd 0
pgdemote_direct 0
pgdemote_khugepaged 0
pgmigrate_success 634323854
pgdemote_kswapd 0
pgdemote_direct 0
pgdemote_khugepaged 0
pgmigrate_success 634323854
pgdemote_kswapd 0
pgdemote_direct 0
pgdemote_khugepaged 0
pgmigrate_success 634323854
pgdemote_kswapd 0
pgdemote_direct 0
pgdemote_khugepaged 0
pgmigrate_success 634331534
pgdemote_kswapd 0
pgdemote_direct 0
pgdemote_khugepaged 0
pgmigrate_success 634343310
pgdemote_kswapd 0
pgdemote_direct 0
pgdemote_khugepaged 0
pgmigrate_success 634378638
pgdemote_kswapd 0
pgdemote_direct 0
pgdemote_khugepaged 0
pgmigrate_success 634378638
pgdemote_kswapd 0
pgdemote_direct 0
pgdemote_khugepaged 0
pgmigrate_success 634378638
pgdemote_kswapd 0
pgdemote_direct 0
pgdemote_khugepaged 0
pgmigrate_success 634444174
pgdemote_kswapd 0
pgdemote_direct 0
pgdemote_khugepaged 0
pgmigrate_success 634509710
pgdemote_kswapd 0
pgdemote_direct 0
pgdemote_khugepaged 0
pgmigrate_success 634510222
pgdemote_kswapd 0
pgdemote_direct 0
pgdemote_khugepaged 0
pgmigrate_success 634518414
pgdemote_kswapd 0
pgdemote_direct 0
pgdemote_khugepaged 0
pgmigrate_success 634538894
pgdemote_kswapd 0
pgdemote_direct 0
pgdemote_khugepaged 0
pgmigrate_success 634604430
pgdemote_kswapd 0
pgdemote_direct 0
pgdemote_khugepaged 0
pgmigrate_success 634625151
pgdemote_kswapd 0
pgdemote_direct 0
pgdemote_khugepaged 0
pgmigrate_success 634814079
pgdemote_kswapd 0
pgdemote_direct 0
pgdemote_khugepaged 0
pgmigrate_success 634855234
pgdemote_kswapd 0
pgdemote_direct 0
pgdemote_khugepaged 0
pgmigrate_success 634855278
pgdemote_kswapd 0
pgdemote_direct 0
pgdemote_khugepaged 0
pgmigrate_success 634855278
pgdemote_kswapd 0
pgdemote_direct 0
pgdemote_khugepaged 0
pgmigrate_success 634920814
pgdemote_kswapd 0
pgdemote_direct 0
pgdemote_khugepaged 0
pgmigrate_success 634982254
pgdemote_kswapd 0
pgdemote_direct 0
pgdemote_khugepaged 0
pgmigrate_success 635047790
pgdemote_kswapd 0
pgdemote_direct 0
pgdemote_khugepaged 0
pgmigrate_success 635047790
pgdemote_kswapd 0
pgdemote_direct 0
pgdemote_khugepaged 0
pgmigrate_success 635157087
pgdemote_kswapd 0
pgdemote_direct 0
pgdemote_khugepaged 0
pgmigrate_success 635288159
pgdemote_kswapd 0
pgdemote_direct 0
pgdemote_khugepaged 0
pgmigrate_success 635288159
pgdemote_kswapd 0
pgdemote_direct 0
pgdemote_khugepaged 0
pgmigrate_success 635419502
pgdemote_kswapd 0
pgdemote_direct 0
pgdemote_khugepaged 0
pgmigrate_success 635419502
pgdemote_kswapd 0
pgdemote_direct 0
pgdemote_khugepaged 0
pgmigrate_success 635449710
pgdemote_kswapd 0
pgdemote_direct 0
pgdemote_khugepaged 0
pgmigrate_success 635558254
pgdemote_kswapd 0
pgdemote_direct 0
pgdemote_khugepaged 0
pgmigrate_success 635558254
pgdemote_kswapd 0
pgdemote_direct 0
pgdemote_khugepaged 0
pgmigrate_success 635623790
pgdemote_kswapd 0
pgdemote_direct 0
pgdemote_khugepaged 0
pgmigrate_success 635656558
pgdemote_kswapd 0
pgdemote_direct 0
pgdemote_khugepaged 0
pgmigrate_success 635738604
pgdemote_kswapd 0
pgdemote_direct 0
pgdemote_khugepaged 0
pgmigrate_success 635810284
pgdemote_kswapd 0
pgdemote_direct 0
pgdemote_khugepaged 0
pgmigrate_success 635810429
pgdemote_kswapd 0
pgdemote_direct 0
pgdemote_khugepaged 0
pgmigrate_success 635810429
pgdemote_kswapd 0
pgdemote_direct 0
pgdemote_khugepaged 0
pgmigrate_success 635884157
pgdemote_kswapd 0
pgdemote_direct 0
pgdemote_khugepaged 0
pgmigrate_success 635904637
pgdemote_kswapd 0
pgdemote_direct 0
pgdemote_khugepaged 0
pgmigrate_success 635996797
pgdemote_kswapd 0
pgdemote_direct 0
pgdemote_khugepaged 0
pgmigrate_success 636035709
pgdemote_kswapd 0
pgdemote_direct 0
pgdemote_khugepaged 0
pgmigrate_success 636101245
pgdemote_kswapd 0
pgdemote_direct 0
pgdemote_khugepaged 0
pgmigrate_success 636101245
pgdemote_kswapd 0
pgdemote_direct 0
pgdemote_khugepaged 0
pgmigrate_success 636152445
pgdemote_kswapd 0
pgdemote_direct 0
pgdemote_khugepaged 0
pgmigrate_success 636414589
pgdemote_kswapd 0
pgdemote_direct 0
pgdemote_khugepaged 0
pgmigrate_success 636419912
pgdemote_kswapd 0
pgdemote_direct 0
pgdemote_khugepaged 0
pgmigrate_success 636447560
pgdemote_kswapd 0
pgdemote_direct 0
pgdemote_khugepaged 0
pgmigrate_success 636508488
pgdemote_kswapd 0
pgdemote_direct 0
pgdemote_khugepaged 0
pgmigrate_success 636508488
pgdemote_kswapd 0
pgdemote_direct 0
pgdemote_khugepaged 0
pgmigrate_success 636508488
pgdemote_kswapd 0
pgdemote_direct 0
pgdemote_khugepaged 0
pgmigrate_success 636508488
pgdemote_kswapd 0
pgdemote_direct 0
pgdemote_khugepaged 0
pgmigrate_success 636519240
pgdemote_kswapd 0
pgdemote_direct 0
pgdemote_khugepaged 0
pgmigrate_success 636519240
pgdemote_kswapd 0
pgdemote_direct 0
pgdemote_khugepaged 0
pgmigrate_success 636519240
pgdemote_kswapd 0
pgdemote_direct 0
pgdemote_khugepaged 0
pgmigrate_success 636614472
pgdemote_kswapd 0
pgdemote_direct 0
pgdemote_khugepaged 0
pgmigrate_success 636649288
pgdemote_kswapd 0
pgdemote_direct 0
pgdemote_khugepaged 0
pgmigrate_success 636673352
pgdemote_kswapd 0
pgdemote_direct 0
pgdemote_khugepaged 0
pgmigrate_success 636729160
pgdemote_kswapd 0
pgdemote_direct 0
pgdemote_khugepaged 0
pgmigrate_success 636911432
pgdemote_kswapd 0
pgdemote_direct 0
pgdemote_khugepaged 0
pgmigrate_success 636922184
pgdemote_kswapd 0
pgdemote_direct 0
pgdemote_khugepaged 0
pgmigrate_success 636922184
pgdemote_kswapd 0
pgdemote_direct 0
pgdemote_khugepaged 0
pgmigrate_success 636959560
pgdemote_kswapd 0
pgdemote_direct 0
pgdemote_khugepaged 0
pgmigrate_success 636959560
pgdemote_kswapd 0
pgdemote_direct 0
pgdemote_khugepaged 0
pgmigrate_success 637116232
pgdemote_kswapd 0
pgdemote_direct 0
pgdemote_khugepaged 0
pgmigrate_success 637146952
pgdemote_kswapd 0
pgdemote_direct 0
pgdemote_khugepaged 0
pgmigrate_success 637151560
pgdemote_kswapd 0
pgdemote_direct 0
pgdemote_khugepaged 0
pgmigrate_success 637158216
pgdemote_kswapd 0
pgdemote_direct 0
pgdemote_khugepaged 0
pgmigrate_success 637231432
pgdemote_kswapd 0
pgdemote_direct 0
pgdemote_khugepaged 0
pgmigrate_success 637302603
pgdemote_kswapd 0
pgdemote_direct 0
pgdemote_khugepaged 0
pgmigrate_success 637369918
pgdemote_kswapd 0
pgdemote_direct 0
pgdemote_khugepaged 0
pgmigrate_success 637385278
pgdemote_kswapd 0
pgdemote_direct 0
pgdemote_khugepaged 0
pgmigrate_success 637385278
pgdemote_kswapd 0
pgdemote_direct 0
pgdemote_khugepaged 0
pgmigrate_success 637399614
pgdemote_kswapd 0
pgdemote_direct 0
pgdemote_khugepaged 0
pgmigrate_success 637446206
pgdemote_kswapd 0
pgdemote_direct 0
pgdemote_khugepaged 0
pgmigrate_success 637446206
pgdemote_kswapd 0
pgdemote_direct 0
pgdemote_khugepaged 0
pgmigrate_success 637522163
pgdemote_kswapd 0
pgdemote_direct 0
pgdemote_khugepaged 0
pgmigrate_success 637522197
pgdemote_kswapd 0
pgdemote_direct 0
pgdemote_khugepaged 0
pgmigrate_success 637522197
pgdemote_kswapd 0
pgdemote_direct 0
pgdemote_khugepaged 0
pgmigrate_success 637522197
pgdemote_kswapd 0
pgdemote_direct 0
pgdemote_khugepaged 0
pgmigrate_success 637587733
pgdemote_kswapd 0
pgdemote_direct 0
pgdemote_khugepaged 0
pgmigrate_success 637587733
pgdemote_kswapd 0
pgdemote_direct 0
pgdemote_khugepaged 0
pgmigrate_success 638115876
pgdemote_kswapd 0
pgdemote_direct 0
pgdemote_khugepaged 0
pgmigrate_success 638181412
pgdemote_kswapd 0
pgdemote_direct 0
pgdemote_khugepaged 0
pgmigrate_success 638295202
pgdemote_kswapd 0
pgdemote_direct 0
pgdemote_khugepaged 0
pgmigrate_success 638295202
pgdemote_kswapd 0
pgdemote_direct 0
pgdemote_khugepaged 0
pgmigrate_success 638309538
pgdemote_kswapd 0
pgdemote_direct 0
pgdemote_khugepaged 0
pgmigrate_success 638309538
pgdemote_kswapd 0
pgdemote_direct 0
pgdemote_khugepaged 0
pgmigrate_success 638341282
pgdemote_kswapd 0
pgdemote_direct 0
pgdemote_khugepaged 0
pgmigrate_success 638416034
pgdemote_kswapd 0
pgdemote_direct 0
pgdemote_khugepaged 0
pgmigrate_success 638538402
pgdemote_kswapd 0
pgdemote_direct 0
pgdemote_khugepaged 0
pgmigrate_success 638538402
pgdemote_kswapd 0
pgdemote_direct 0
pgdemote_khugepaged 0
pgmigrate_success 638654242
pgdemote_kswapd 0
pgdemote_direct 0
pgdemote_khugepaged 0
pgmigrate_success 638719951
pgdemote_kswapd 0
pgdemote_direct 0
pgdemote_khugepaged 0
pgmigrate_success 638719951
pgdemote_kswapd 0
pgdemote_direct 0
pgdemote_khugepaged 0
pgmigrate_success 638719951
pgdemote_kswapd 0
pgdemote_direct 0
pgdemote_khugepaged 0
pgmigrate_success 638730703
pgdemote_kswapd 0
pgdemote_direct 0
pgdemote_khugepaged 0
pgmigrate_success 638730703
pgdemote_kswapd 0
pgdemote_direct 0
pgdemote_khugepaged 0
pgmigrate_success 638801359
pgdemote_kswapd 0
pgdemote_direct 0
pgdemote_khugepaged 0
pgmigrate_success 638853794
pgdemote_kswapd 0
pgdemote_direct 0
pgdemote_khugepaged 0
pgmigrate_success 638919330
pgdemote_kswapd 0
pgdemote_direct 0
pgdemote_khugepaged 0
pgmigrate_success 639050402
pgdemote_kswapd 0
pgdemote_direct 0
pgdemote_khugepaged 0
pgmigrate_success 639067298
pgdemote_kswapd 0
pgdemote_direct 0
pgdemote_khugepaged 0
pgmigrate_success 639093922
pgdemote_kswapd 0
pgdemote_direct 0
pgdemote_khugepaged 0
pgmigrate_success 639105698
pgdemote_kswapd 0
pgdemote_direct 0
pgdemote_khugepaged 0
pgmigrate_success 639105698
pgdemote_kswapd 0
pgdemote_direct 0
pgdemote_khugepaged 0
pgmigrate_success 639105698
pgdemote_kswapd 0
pgdemote_direct 0
pgdemote_khugepaged 0
pgmigrate_success 639105698
pgdemote_kswapd 0
pgdemote_direct 0
pgdemote_khugepaged 0
pgmigrate_success 639236770
pgdemote_kswapd 0
pgdemote_direct 0
pgdemote_khugepaged 0
pgmigrate_success 639277730
pgdemote_kswapd 0
pgdemote_direct 0
pgdemote_khugepaged 0
pgmigrate_success 639343266
pgdemote_kswapd 0
pgdemote_direct 0
pgdemote_khugepaged 0
pgmigrate_success 639361427
pgdemote_kswapd 0
pgdemote_direct 0
pgdemote_khugepaged 0
pgmigrate_success 639376275
pgdemote_kswapd 0
pgdemote_direct 0
pgdemote_khugepaged 0
pgmigrate_success 639441811
pgdemote_kswapd 0
pgdemote_direct 0
pgdemote_khugepaged 0
pgmigrate_success 639460243
pgdemote_kswapd 0
pgdemote_direct 0
pgdemote_khugepaged 0
pgmigrate_success 639482771
pgdemote_kswapd 0
pgdemote_direct 0
pgdemote_khugepaged 0
pgmigrate_success 639482771
pgdemote_kswapd 0
pgdemote_direct 0
pgdemote_khugepaged 0
pgmigrate_success 639482771
pgdemote_kswapd 0
pgdemote_direct 0
pgdemote_khugepaged 0
pgmigrate_success 639482771
pgdemote_kswapd 0
pgdemote_direct 0
pgdemote_khugepaged 0
pgmigrate_success 639482771
pgdemote_kswapd 0
pgdemote_direct 0
pgdemote_khugepaged 0
pgmigrate_success 639482772
pgdemote_kswapd 0
pgdemote_direct 0
pgdemote_khugepaged 0
pgmigrate_success 639482773
pgdemote_kswapd 0
pgdemote_direct 0
pgdemote_khugepaged 0
pgmigrate_success 639482806
pgdemote_kswapd 0
pgdemote_direct 0
pgdemote_khugepaged 0
pgmigrate_success 639578581
pgdemote_kswapd 0
pgdemote_direct 0
pgdemote_khugepaged 0
pgmigrate_success 639644117
pgdemote_kswapd 0
pgdemote_direct 0
pgdemote_khugepaged 0
pgmigrate_success 639709653
pgdemote_kswapd 0
pgdemote_direct 0
pgdemote_khugepaged 0
pgmigrate_success 639775189
pgdemote_kswapd 0
pgdemote_direct 0
pgdemote_khugepaged 0
pgmigrate_success 639775189
pgdemote_kswapd 0
pgdemote_direct 0
pgdemote_khugepaged 0
pgmigrate_success 639922645
pgdemote_kswapd 0
pgdemote_direct 0
pgdemote_khugepaged 0
pgmigrate_success 639936981
pgdemote_kswapd 0
pgdemote_direct 0
pgdemote_khugepaged 0
pgmigrate_success 639936981
pgdemote_kswapd 0
pgdemote_direct 0
pgdemote_khugepaged 0
pgmigrate_success 640050133
pgdemote_kswapd 0
pgdemote_direct 0
pgdemote_khugepaged 0
pgmigrate_success 640050133
pgdemote_kswapd 0
pgdemote_direct 0
pgdemote_khugepaged 0
pgmigrate_success 640185427
pgdemote_kswapd 0
pgdemote_direct 0
pgdemote_khugepaged 0
pgmigrate_success 640250963
pgdemote_kswapd 0
pgdemote_direct 0
pgdemote_khugepaged 0
pgmigrate_success 640272467
pgdemote_kswapd 0
pgdemote_direct 0
pgdemote_khugepaged 0
pgmigrate_success 640338003
pgdemote_kswapd 0
pgdemote_direct 0
pgdemote_khugepaged 0
pgmigrate_success 640338003
pgdemote_kswapd 0
pgdemote_direct 0
pgdemote_khugepaged 0
pgmigrate_success 640454739
pgdemote_kswapd 0
pgdemote_direct 0
pgdemote_khugepaged 0
pgmigrate_success 640510615
pgdemote_kswapd 0
pgdemote_direct 0
pgdemote_khugepaged 0
pgmigrate_success 640641747
pgdemote_kswapd 0
pgdemote_direct 0
pgdemote_khugepaged 0
pgmigrate_success 640729299
pgdemote_kswapd 0
pgdemote_direct 0
pgdemote_khugepaged 0
pgmigrate_success 640758995
pgdemote_kswapd 0
pgdemote_direct 0
pgdemote_khugepaged 0
pgmigrate_success 640760802
pgdemote_kswapd 0
pgdemote_direct 0
pgdemote_khugepaged 0
pgmigrate_success 640760802
pgdemote_kswapd 0
pgdemote_direct 0
pgdemote_khugepaged 0
pgmigrate_success 640805858
pgdemote_kswapd 0
pgdemote_direct 0
pgdemote_khugepaged 0
pgmigrate_success 640805858
pgdemote_kswapd 0
pgdemote_direct 0
pgdemote_khugepaged 0
pgmigrate_success 640805858
pgdemote_kswapd 0
pgdemote_direct 0
pgdemote_khugepaged 0
pgmigrate_success 640805858
pgdemote_kswapd 0
pgdemote_direct 0
pgdemote_khugepaged 0
pgmigrate_success 640878050
pgdemote_kswapd 0
pgdemote_direct 0
pgdemote_khugepaged 0
pgmigrate_success 640878050
pgdemote_kswapd 0
pgdemote_direct 0
pgdemote_khugepaged 0
pgmigrate_success 640943586
pgdemote_kswapd 0
pgdemote_direct 0
pgdemote_khugepaged 0
pgmigrate_success 640943586
pgdemote_kswapd 0
pgdemote_direct 0
pgdemote_khugepaged 0
pgmigrate_success 640943586
pgdemote_kswapd 0
pgdemote_direct 0
pgdemote_khugepaged 0
pgmigrate_success 640943586
pgdemote_kswapd 0
pgdemote_direct 0
pgdemote_khugepaged 0
pgmigrate_success 640943586
pgdemote_kswapd 0
pgdemote_direct 0
pgdemote_khugepaged 0
pgmigrate_success 640965090
pgdemote_kswapd 0
pgdemote_direct 0
pgdemote_khugepaged 0
pgmigrate_success 640989365
pgdemote_kswapd 0
pgdemote_direct 0
pgdemote_khugepaged 0
pgmigrate_success 640991925
pgdemote_kswapd 0
pgdemote_direct 0
pgdemote_khugepaged 0
pgmigrate_success 640991925
pgdemote_kswapd 0
pgdemote_direct 0
pgdemote_khugepaged 0
pgmigrate_success 641115317
pgdemote_kswapd 0
pgdemote_direct 0
pgdemote_khugepaged 0
pgmigrate_success 641199797
pgdemote_kswapd 0
pgdemote_direct 0
pgdemote_khugepaged 0
pgmigrate_success 641265333
pgdemote_kswapd 0
pgdemote_direct 0
pgdemote_khugepaged 0
pgmigrate_success 641278645
pgdemote_kswapd 0
pgdemote_direct 0
pgdemote_khugepaged 0
pgmigrate_success 641278645
pgdemote_kswapd 0
pgdemote_direct 0
pgdemote_khugepaged 0
pgmigrate_success 641278645
pgdemote_kswapd 0
pgdemote_direct 0
pgdemote_khugepaged 0
pgmigrate_success 641278645
pgdemote_kswapd 0
pgdemote_direct 0
pgdemote_khugepaged 0
pgmigrate_success 641344181
pgdemote_kswapd 0
pgdemote_direct 0
pgdemote_khugepaged 0
pgmigrate_success 641357493
pgdemote_kswapd 0
pgdemote_direct 0
pgdemote_khugepaged 0
pgmigrate_success 641393333
pgdemote_kswapd 0
pgdemote_direct 0
pgdemote_khugepaged 0
pgmigrate_success 641393333
pgdemote_kswapd 0
pgdemote_direct 0
pgdemote_khugepaged 0
pgmigrate_success 641418421
pgdemote_kswapd 0
pgdemote_direct 0
pgdemote_khugepaged 0
pgmigrate_success 641483957
pgdemote_kswapd 0
pgdemote_direct 0
pgdemote_khugepaged 0
pgmigrate_success 641483957
pgdemote_kswapd 0
pgdemote_direct 0
pgdemote_khugepaged 0
pgmigrate_success 641549493
pgdemote_kswapd 0
pgdemote_direct 0
pgdemote_khugepaged 0
pgmigrate_success 641615029
pgdemote_kswapd 0
pgdemote_direct 0
pgdemote_khugepaged 0
pgmigrate_success 641691829
pgdemote_kswapd 0
pgdemote_direct 0
pgdemote_khugepaged 0
pgmigrate_success 641691889
pgdemote_kswapd 0
pgdemote_direct 0
pgdemote_khugepaged 0
pgmigrate_success 641691889
pgdemote_kswapd 0
pgdemote_direct 0
pgdemote_khugepaged 0
pgmigrate_success 641775857
pgdemote_kswapd 0
pgdemote_direct 0
pgdemote_khugepaged 0
pgmigrate_success 641775857
pgdemote_kswapd 0
pgdemote_direct 0
pgdemote_khugepaged 0
pgmigrate_success 641836273
pgdemote_kswapd 0
pgdemote_direct 0
pgdemote_khugepaged 0
pgmigrate_success 641901809
pgdemote_kswapd 0
pgdemote_direct 0
pgdemote_khugepaged 0
pgmigrate_success 641901809
pgdemote_kswapd 0
pgdemote_direct 0
pgdemote_khugepaged 0
pgmigrate_success 641901809
pgdemote_kswapd 0
pgdemote_direct 0
pgdemote_khugepaged 0
pgmigrate_success 641901809
pgdemote_kswapd 0
pgdemote_direct 0
pgdemote_khugepaged 0
pgmigrate_success 641901810
pgdemote_kswapd 0
pgdemote_direct 0
pgdemote_khugepaged 0
pgmigrate_success 641901810
pgdemote_kswapd 0
pgdemote_direct 0
pgdemote_khugepaged 0
pgmigrate_success 641901810
pgdemote_kswapd 0
pgdemote_direct 0
pgdemote_khugepaged 0
pgmigrate_success 641901811
pgdemote_kswapd 0
pgdemote_direct 0
pgdemote_khugepaged 0
pgmigrate_success 641901811
pgdemote_kswapd 0
pgdemote_direct 0
pgdemote_khugepaged 0
pgmigrate_success 641901811
pgdemote_kswapd 0
pgdemote_direct 0
pgdemote_khugepaged 0
pgmigrate_success 641901811
pgdemote_kswapd 0
pgdemote_direct 0
pgdemote_khugepaged 0
pgmigrate_success 641901813
pgdemote_kswapd 0
pgdemote_direct 0
pgdemote_khugepaged 0
pgmigrate_success 641967354
pgdemote_kswapd 0
pgdemote_direct 0
pgdemote_khugepaged 0
pgmigrate_success 642032890
pgdemote_kswapd 0
pgdemote_direct 0
pgdemote_khugepaged 0
pgmigrate_success 642098457
pgdemote_kswapd 0
pgdemote_direct 0
pgdemote_khugepaged 0
pgmigrate_success 642163993
pgdemote_kswapd 0
pgdemote_direct 0
pgdemote_khugepaged 0
pgmigrate_success 642163993
pgdemote_kswapd 0
pgdemote_direct 0
pgdemote_khugepaged 0
pgmigrate_success 642276633
pgdemote_kswapd 0
pgdemote_direct 0
pgdemote_khugepaged 0
pgmigrate_success 642342169
pgdemote_kswapd 0
pgdemote_direct 0
pgdemote_khugepaged 0
pgmigrate_success 642407831
pgdemote_kswapd 0
pgdemote_direct 0
pgdemote_khugepaged 0
pgmigrate_success 642472855
pgdemote_kswapd 0
pgdemote_direct 0
pgdemote_khugepaged 0
pgmigrate_success 642494871
pgdemote_kswapd 0
pgdemote_direct 0
pgdemote_khugepaged 0
pgmigrate_success 642559383
pgdemote_kswapd 0
pgdemote_direct 0
pgdemote_khugepaged 0
pgmigrate_success 642615733
pgdemote_kswapd 0
pgdemote_direct 0
pgdemote_khugepaged 0
pgmigrate_success 642676691
pgdemote_kswapd 0
pgdemote_direct 0
pgdemote_khugepaged 0
pgmigrate_success 642676691
pgdemote_kswapd 0
pgdemote_direct 0
pgdemote_khugepaged 0
pgmigrate_success 642676691
pgdemote_kswapd 0
pgdemote_direct 0
pgdemote_khugepaged 0
pgmigrate_success 642676691
pgdemote_kswapd 0
pgdemote_direct 0
pgdemote_khugepaged 0
pgmigrate_success 642701779
pgdemote_kswapd 0
pgdemote_direct 0
pgdemote_khugepaged 0
pgmigrate_success 642719187
pgdemote_kswapd 0
pgdemote_direct 0
pgdemote_khugepaged 0
pgmigrate_success 642825683
pgdemote_kswapd 0
pgdemote_direct 0
pgdemote_khugepaged 0
pgmigrate_success 642868691
pgdemote_kswapd 0
pgdemote_direct 0
pgdemote_khugepaged 0
pgmigrate_success 642877124
pgdemote_kswapd 0
pgdemote_direct 0
pgdemote_khugepaged 0
pgmigrate_success 642877124
pgdemote_kswapd 0
pgdemote_direct 0
pgdemote_khugepaged 0
pgmigrate_success 642942660
pgdemote_kswapd 0
pgdemote_direct 0
pgdemote_khugepaged 0
pgmigrate_success 643003588
pgdemote_kswapd 0
pgdemote_direct 0
pgdemote_khugepaged 0
pgmigrate_success 643003588
pgdemote_kswapd 0
pgdemote_direct 0
pgdemote_khugepaged 0
pgmigrate_success 643003588
pgdemote_kswapd 0
pgdemote_direct 0
pgdemote_khugepaged 0
pgmigrate_success 643003588
pgdemote_kswapd 0
pgdemote_direct 0
pgdemote_khugepaged 0
pgmigrate_success 643058884
pgdemote_kswapd 0
pgdemote_direct 0
pgdemote_khugepaged 0
pgmigrate_success 643132281
pgdemote_kswapd 0
pgdemote_direct 0
pgdemote_khugepaged 0
pgmigrate_success 643197817
pgdemote_kswapd 0
pgdemote_direct 0
pgdemote_khugepaged 0
pgmigrate_success 643263353
pgdemote_kswapd 0
pgdemote_direct 0
pgdemote_khugepaged 0
pgmigrate_success 643263353
pgdemote_kswapd 0
pgdemote_direct 0
pgdemote_khugepaged 0
pgmigrate_success 643319673
pgdemote_kswapd 0
pgdemote_direct 0
pgdemote_khugepaged 0
pgmigrate_success 643385209
pgdemote_kswapd 0
pgdemote_direct 0
pgdemote_khugepaged 0
pgmigrate_success 643446709
pgdemote_kswapd 0
pgdemote_direct 0
pgdemote_khugepaged 0
pgmigrate_success 643446709
pgdemote_kswapd 0
pgdemote_direct 0
pgdemote_khugepaged 0
pgmigrate_success 643511221
pgdemote_kswapd 0
pgdemote_direct 0
pgdemote_khugepaged 0
pgmigrate_success 643511221
pgdemote_kswapd 0
pgdemote_direct 0
pgdemote_khugepaged 0
pgmigrate_success 643642293
pgdemote_kswapd 0
pgdemote_direct 0
pgdemote_khugepaged 0
pgmigrate_success 643703733
pgdemote_kswapd 0
pgdemote_direct 0
pgdemote_khugepaged 0
pgmigrate_success 643703734
pgdemote_kswapd 0
pgdemote_direct 0
pgdemote_khugepaged 0
pgmigrate_success 643703734
pgdemote_kswapd 0
pgdemote_direct 0
pgdemote_khugepaged 0
pgmigrate_success 643703734
pgdemote_kswapd 0
pgdemote_direct 0
pgdemote_khugepaged 0
pgmigrate_success 643703734
pgdemote_kswapd 0
pgdemote_direct 0
pgdemote_khugepaged 0
pgmigrate_success 643703734
pgdemote_kswapd 0
pgdemote_direct 0
pgdemote_khugepaged 0
pgmigrate_success 643703735
pgdemote_kswapd 0
pgdemote_direct 0
pgdemote_khugepaged 0
pgmigrate_success 643769370
pgdemote_kswapd 0
pgdemote_direct 0
pgdemote_khugepaged 0
pgmigrate_success 643900442
pgdemote_kswapd 0
pgdemote_direct 0
pgdemote_khugepaged 0
pgmigrate_success 643965978
pgdemote_kswapd 0
pgdemote_direct 0
pgdemote_khugepaged 0
pgmigrate_success 643965978
pgdemote_kswapd 0
pgdemote_direct 0
pgdemote_khugepaged 0
pgmigrate_success 643965978
pgdemote_kswapd 0
pgdemote_direct 0
pgdemote_khugepaged 0
pgmigrate_success 644154008
pgdemote_kswapd 0
pgdemote_direct 0
pgdemote_khugepaged 0
pgmigrate_success 644154008
pgdemote_kswapd 0
pgdemote_direct 0
pgdemote_khugepaged 0
pgmigrate_success 644187800
pgdemote_kswapd 0
pgdemote_direct 0
pgdemote_khugepaged 0
pgmigrate_success 644187800
pgdemote_kswapd 0
pgdemote_direct 0
pgdemote_khugepaged 0
pgmigrate_success 644187800
pgdemote_kswapd 0
pgdemote_direct 0
pgdemote_khugepaged 0
pgmigrate_success 644253336
pgdemote_kswapd 0
pgdemote_direct 0
pgdemote_khugepaged 0
pgmigrate_success 644314264
pgdemote_kswapd 0
pgdemote_direct 0
pgdemote_khugepaged 0
pgmigrate_success 644314324
pgdemote_kswapd 0
pgdemote_direct 0
pgdemote_khugepaged 0
pgmigrate_success 644334804
pgdemote_kswapd 0
pgdemote_direct 0
pgdemote_khugepaged 0
pgmigrate_success 644334804
pgdemote_kswapd 0
pgdemote_direct 0
pgdemote_khugepaged 0
pgmigrate_success 644369108
pgdemote_kswapd 0
pgdemote_direct 0
pgdemote_khugepaged 0
pgmigrate_success 644377300
pgdemote_kswapd 0
pgdemote_direct 0
pgdemote_khugepaged 0
pgmigrate_success 644377300
pgdemote_kswapd 0
pgdemote_direct 0
pgdemote_khugepaged 0
pgmigrate_success 644377300
pgdemote_kswapd 0
pgdemote_direct 0
pgdemote_khugepaged 0
pgmigrate_success 644427476
pgdemote_kswapd 0
pgdemote_direct 0
pgdemote_khugepaged 0
pgmigrate_success 644481236
pgdemote_kswapd 0
pgdemote_direct 0
pgdemote_khugepaged 0
pgmigrate_success 644524244
pgdemote_kswapd 0
pgdemote_direct 0
pgdemote_khugepaged 0
pgmigrate_success 644558277
pgdemote_kswapd 0
pgdemote_direct 0
pgdemote_khugepaged 0
pgmigrate_success 644558277
pgdemote_kswapd 0
pgdemote_direct 0
pgdemote_khugepaged 0
pgmigrate_success 644615621
pgdemote_kswapd 0
pgdemote_direct 0
pgdemote_khugepaged 0
pgmigrate_success 644690885
pgdemote_kswapd 0
pgdemote_direct 0
pgdemote_khugepaged 0
pgmigrate_success 644690885
pgdemote_kswapd 0
pgdemote_direct 0
pgdemote_khugepaged 0
pgmigrate_success 644690885
