---
Devices:
 0: Host CPU
CloverLeaf:
 - Ver.:     2.000
 - Deck:     /home/labpc/work/cipp/CloverLeaf/InputDecks/clover_bm256_300.in
 - Out:      clover.out
 - Profiler: deck-specified
MPI:
 - Enabled:     false
 - Total ranks: 1
 - Header device-awareness (CUDA-awareness):  unknown
 - Runtime device-awareness (CUDA-awareness): unknown
 - Host-Device halo exchange staging buffer:  true
Model:
 - Name:      OpenMP (CPU)
 - Execution: Host
# ---- 
Output: |+1
 Output file clover.out opened. All output will go there.
 Args: --file /home/labpc/work/cipp/CloverLeaf/InputDecks/clover_bm256_300.in
 Using input: `/home/labpc/work/cipp/CloverLeaf/InputDecks/clover_bm256_300.in`
 Problem initialised and generated
 Launching hydro
 Step 1 time 0 control sound timestep  0.000385161 1,1 x 0 y 0
 Wall clock 1.80871
 Average time per cell 7.66633e-09
  Step time per cell    7.66633e-09
 Step 2 time 0.000385161 control sound timestep  0.000235099 1,1 x 0 y 0
 Wall clock 3.58101
 Average time per cell 7.58916e-09
  Step time per cell    7.51175e-09
 Step 3 time 0.000620261 control sound timestep  0.000298723 1,1 x 0 y 0
 Wall clock 5.35736
 Average time per cell 7.56916e-09
  Step time per cell    7.5289e-09
 Step 4 time 0.000918984 control sound timestep  0.000314746 1,1 x 0 y 0
 Wall clock 7.13083
 Average time per cell 7.5561e-09
  Step time per cell    7.51669e-09
 Step 5 time 0.00123373 control sound timestep  0.000346361 1,1 x 0 y 0
 Wall clock 8.94284
 Average time per cell 7.58094e-09
  Step time per cell    7.68006e-09
 Step 6 time 0.00158009 control sound timestep  0.00034558 1,1 x 0 y 0
 Wall clock 10.6912
 Average time per cell 7.55255e-09
  Step time per cell    7.41037e-09
 Step 7 time 0.00192567 control sound timestep  0.000352154 1,1 x 0 y 0
 Wall clock 12.4841
 Average time per cell 7.55919e-09
  Step time per cell    7.59876e-09
 Step 8 time 0.00227782 control sound timestep  0.000370384 1,1 x 0 y 0
 Wall clock 14.2599
 Average time per cell 7.55517e-09
  Step time per cell    7.52676e-09
 Step 9 time 0.00264821 control sound timestep  0.000366391 1,1 x 0 y 0
 Wall clock 16.0246
 Average time per cell 7.54678e-09
  Step time per cell    7.47942e-09
 Step 10 time 0.0030146 control sound timestep  0.000363789 1,1 x 0 y 0
 Wall clock 17.9355
 Average time per cell 7.60204e-09
  Step time per cell    8.09918e-09
 Step 11 time 0.00337839 control sound timestep  0.000361224 1,1 x 0 y 0
 Wall clock 19.7549
 Average time per cell 7.612e-09
  Step time per cell    7.71156e-09
 Step 12 time 0.00373961 control sound timestep  0.000359796 1,1 x 0 y 0
 Wall clock 21.5059
 Average time per cell 7.59615e-09
  Step time per cell    7.42154e-09
 Step 13 time 0.00409941 control sound timestep  0.000360678 1,1 x 0 y 0
 Wall clock 23.304
 Average time per cell 7.59808e-09
  Step time per cell    7.621e-09
 Step 14 time 0.00446009 control sound timestep  0.000362113 1,1 x 0 y 0
 Wall clock 25.0805
 Average time per cell 7.59321e-09
  Step time per cell    7.52966e-09
 Step 15 time 0.0048222 control sound timestep  0.000362661 1,1 x 0 y 0
 Wall clock 26.8522
 Average time per cell 7.58764e-09
  Step time per cell    7.50947e-09
 Step 16 time 0.00518486 control sound timestep  0.000362812 1,1 x 0 y 0
 Wall clock 28.6243
 Average time per cell 7.58284e-09
  Step time per cell    7.51061e-09
 Step 17 time 0.00554767 control sound timestep  0.000362988 1,1 x 0 y 0
 Wall clock 30.4331
 Average time per cell 7.58778e-09
  Step time per cell    7.66653e-09
 Step 18 time 0.00591066 control sound timestep  0.000363082 1,1 x 0 y 0
 Wall clock 32.2219
 Average time per cell 7.58745e-09
  Step time per cell    7.58167e-09
 Step 19 time 0.00627374 control sound timestep  0.000363112 1,1 x 0 y 0
 Wall clock 33.9913
 Average time per cell 7.58284e-09
  Step time per cell    7.49956e-09
 Step 20 time 0.00663686 control sound timestep  0.00036317 1,1 x 0 y 0
 Wall clock 35.9122
 Average time per cell 7.61079e-09
  Step time per cell    8.14157e-09
 Step 21 time 0.00700003 control sound timestep  0.000363365 1,1 x 0 y 0
 Wall clock 37.7369
 Average time per cell 7.61666e-09
  Step time per cell    7.73391e-09
 Step 22 time 0.00736339 control sound timestep  0.00036347 1,1 x 0 y 0
 Wall clock 39.4867
 Average time per cell 7.60757e-09
  Step time per cell    7.41642e-09
 Step 23 time 0.00772686 control sound timestep  0.000363513 1,1 x 0 y 0
 Wall clock 41.2732
 Average time per cell 7.60603e-09
  Step time per cell    7.57192e-09
 Step 24 time 0.00809037 control sound timestep  0.000363629 1,1 x 0 y 0
 Wall clock 43.0525
 Average time per cell 7.60334e-09
  Step time per cell    7.54123e-09
 Step 25 time 0.008454 control sound timestep  0.000363732 1,1 x 0 y 0
 Wall clock 44.8274
 Average time per cell 7.60013e-09
  Step time per cell    7.52296e-09
 Step 26 time 0.00881773 control sound timestep  0.000363825 1,1 x 0 y 0
 Wall clock 46.5829
 Average time per cell 7.594e-09
  Step time per cell    7.44036e-09
 Step 27 time 0.00918156 control sound timestep  0.000363914 1,1 x 0 y 0
 Wall clock 48.3996
 Average time per cell 7.59794e-09
  Step time per cell    7.70018e-09
 Step 28 time 0.00954547 control sound timestep  0.000363943 1,1 x 0 y 0
 Wall clock 50.1612
 Average time per cell 7.59324e-09
  Step time per cell    7.46613e-09
 Step 29 time 0.00990942 control sound timestep  0.000363973 1,1 x 0 y 0
 Wall clock 51.9381
 Average time per cell 7.59111e-09
  Step time per cell    7.53121e-09
 Step 30 time 0.0102734 control sound timestep  0.000363988 1,1 x 0 y 0
 Wall clock 53.8396
 Average time per cell 7.60674e-09
  Step time per cell    8.05973e-09
 Step 31 time 0.0106374 control sound timestep  0.000364002 1,1 x 0 y 0
 Wall clock 55.6453
 Average time per cell 7.60824e-09
  Step time per cell    7.65326e-09
 Step 32 time 0.0110014 control sound timestep  0.000364043 1,1 x 0 y 0
 Wall clock 57.394
 Average time per cell 7.60212e-09
  Step time per cell    7.41198e-09
 Step 33 time 0.0113654 control sound timestep  0.000364085 1,1 x 0 y 0
 Wall clock 59.1911
 Average time per cell 7.60257e-09
  Step time per cell    7.61671e-09
 Step 34 time 0.0117295 control sound timestep  0.000364133 1,1 x 0 y 0
 Wall clock 60.9432
 Average time per cell 7.59739e-09
  Step time per cell    7.42619e-09
 Step 35 time 0.0120936 control sound timestep  0.000364198 1,1 x 0 y 0
 Wall clock 62.7143
 Average time per cell 7.5948e-09
  Step time per cell    7.50665e-09
 Step 36 time 0.0124578 control sound timestep  0.000364259 1,1 x 0 y 0
 Wall clock 64.4577
 Average time per cell 7.58909e-09
  Step time per cell    7.38891e-09
 Step 37 time 0.0128221 control sound timestep  0.000364318 1,1 x 0 y 0
 Wall clock 66.2496
 Average time per cell 7.58926e-09
  Step time per cell    7.59506e-09
 Step 38 time 0.0131864 control sound timestep  0.000364383 1,1 x 0 y 0
 Wall clock 68.0225
 Average time per cell 7.58729e-09
  Step time per cell    7.51423e-09
 Step 39 time 0.0135508 control sound timestep  0.000364422 1,1 x 0 y 0
 Wall clock 69.8065
 Average time per cell 7.58662e-09
  Step time per cell    7.5612e-09
 Step 40 time 0.0139152 control sound timestep  0.000364431 1,1 x 0 y 0
 Wall clock 71.7164
 Average time per cell 7.59934e-09
  Step time per cell    8.09494e-09
 Step 41 time 0.0142797 control sound timestep  0.000364435 1,1 x 0 y 0
 Wall clock 73.4807
 Average time per cell 7.59639e-09
  Step time per cell    7.47838e-09
 Step 42 time 0.0146441 control sound timestep  0.000364445 1,1 x 0 y 0
 Wall clock 75.2549
 Average time per cell 7.59456e-09
  Step time per cell    7.51939e-09
 Step 43 time 0.0150085 control sound timestep  0.000364471 1,1 x 0 y 0
 Wall clock 77.0674
 Average time per cell 7.59661e-09
  Step time per cell    7.68239e-09
 Step 44 time 0.015373 control sound timestep  0.000364495 1,1 x 0 y 0
 Wall clock 78.8239
 Average time per cell 7.59316e-09
  Step time per cell    7.44467e-09
 Step 45 time 0.0157375 control sound timestep  0.000364518 1,1 x 0 y 0
 Wall clock 80.614
 Average time per cell 7.59304e-09
  Step time per cell    7.5872e-09
 Step 46 time 0.016102 control sound timestep  0.000364543 1,1 x 0 y 0
 Wall clock 82.3822
 Average time per cell 7.5909e-09
  Step time per cell    7.4945e-09
 Step 47 time 0.0164666 control sound timestep  0.000364585 1,1 x 0 y 0
 Wall clock 84.1656
 Average time per cell 7.59022e-09
  Step time per cell    7.55882e-09
 Step 48 time 0.0168311 control sound timestep  0.000364628 1,1 x 0 y 0
 Wall clock 85.9401
 Average time per cell 7.58878e-09
  Step time per cell    7.52071e-09
 Step 49 time 0.0171958 control sound timestep  0.000364667 1,1 x 0 y 0
 Wall clock 87.7517
 Average time per cell 7.59062e-09
  Step time per cell    7.6787e-09
 Step 50 time 0.0175604 control sound timestep  0.000364708 1,1 x 0 y 0
 Wall clock 89.6382
 Average time per cell 7.59873e-09
  Step time per cell    7.99577e-09
 Step 51 time 0.0179251 control sound timestep  0.000364758 1,1 x 0 y 0
 Wall clock 91.4224
 Average time per cell 7.59801e-09
  Step time per cell    7.56215e-09
 Step 52 time 0.0182899 control sound timestep  0.000364817 1,1 x 0 y 0
 Wall clock 93.2
 Average time per cell 7.59679e-09
  Step time per cell    7.53437e-09
 Step 53 time 0.0186547 control sound timestep  0.000364826 1,1 x 0 y 0
 Wall clock 94.9826
 Average time per cell 7.59601e-09
  Step time per cell    7.55527e-09
 Step 54 time 0.0190195 control sound timestep  0.00036483 1,1 x 0 y 0
 Wall clock 96.7631
 Average time per cell 7.59511e-09
  Step time per cell    7.54667e-09
 Step 55 time 0.0193844 control sound timestep  0.000364831 1,1 x 0 y 0
 Wall clock 98.5352
 Average time per cell 7.59357e-09
  Step time per cell    7.51062e-09
 Step 56 time 0.0197492 control sound timestep  0.000364846 1,1 x 0 y 0
 Wall clock 100.302
 Average time per cell 7.59167e-09
  Step time per cell    7.48663e-09
 Step 57 time 0.0201141 control sound timestep  0.000364866 1,1 x 0 y 0
 Wall clock 102.085
 Average time per cell 7.59108e-09
  Step time per cell    7.55777e-09
 Step 58 time 0.0204789 control sound timestep  0.000364884 1,1 x 0 y 0
 Wall clock 103.868
 Average time per cell 7.5905e-09
  Step time per cell    7.55707e-09
 Step 59 time 0.0208438 control sound timestep  0.000364902 1,1 x 0 y 0
 Wall clock 105.64
 Average time per cell 7.5892e-09
  Step time per cell    7.51379e-09
 Step 60 time 0.0212087 control sound timestep  0.000364922 1,1 x 0 y 0
 Wall clock 107.557
 Average time per cell 7.59809e-09
  Step time per cell    8.1225e-09
 Step 61 time 0.0215736 control sound timestep  0.000364956 1,1 x 0 y 0
 Wall clock 109.372
 Average time per cell 7.59962e-09
  Step time per cell    7.69128e-09
 Step 62 time 0.0219386 control sound timestep  0.000364991 1,1 x 0 y 0
 Wall clock 111.126
 Average time per cell 7.59697e-09
  Step time per cell    7.4351e-09
 Step 63 time 0.0223036 control sound timestep  0.000365022 1,1 x 0 y 0
 Wall clock 112.915
 Average time per cell 7.59677e-09
  Step time per cell    7.58374e-09
 Step 64 time 0.0226686 control sound timestep  0.000365056 1,1 x 0 y 0
 Wall clock 114.66
 Average time per cell 7.5936e-09
  Step time per cell    7.39397e-09
 Step 65 time 0.0230337 control sound timestep  0.000365098 1,1 x 0 y 0
 Wall clock 116.449
 Average time per cell 7.59343e-09
  Step time per cell    7.58228e-09
 Step 66 time 0.0233988 control sound timestep  0.000365146 1,1 x 0 y 0
 Wall clock 118.231
 Average time per cell 7.59287e-09
  Step time per cell    7.55606e-09
 Step 67 time 0.0237639 control sound timestep  0.000365166 1,1 x 0 y 0
 Wall clock 120.05
 Average time per cell 7.59459e-09
  Step time per cell    7.70802e-09
 Step 68 time 0.0241291 control sound timestep  0.000365169 1,1 x 0 y 0
 Wall clock 121.8
 Average time per cell 7.59198e-09
  Step time per cell    7.4165e-09
 Step 69 time 0.0244942 control sound timestep  0.000365167 1,1 x 0 y 0
 Wall clock 123.591
 Average time per cell 7.59201e-09
  Step time per cell    7.59418e-09
 Step 70 time 0.0248594 control sound timestep  0.000365177 1,1 x 0 y 0
 Wall clock 125.508
 Average time per cell 7.59961e-09
  Step time per cell    8.12389e-09
 Step 71 time 0.0252246 control sound timestep  0.000365194 1,1 x 0 y 0
 Wall clock 127.282
 Average time per cell 7.59847e-09
  Step time per cell    7.51815e-09
 Step 72 time 0.0255898 control sound timestep  0.000365209 1,1 x 0 y 0
 Wall clock 129.051
 Average time per cell 7.59705e-09
  Step time per cell    7.49584e-09
 Step 73 time 0.025955 control sound timestep  0.000365223 1,1 x 0 y 0
 Wall clock 130.86
 Average time per cell 7.59806e-09
  Step time per cell    7.67056e-09
 Step 74 time 0.0263202 control sound timestep  0.000365239 1,1 x 0 y 0
 Wall clock 132.612
 Average time per cell 7.59572e-09
  Step time per cell    7.42482e-09
 Step 75 time 0.0266854 control sound timestep  0.000365263 1,1 x 0 y 0
 Wall clock 134.388
 Average time per cell 7.59481e-09
  Step time per cell    7.52761e-09
 Step 76 time 0.0270507 control sound timestep  0.000365294 1,1 x 0 y 0
 Wall clock 136.163
 Average time per cell 7.59389e-09
  Step time per cell    7.52443e-09
 Step 77 time 0.027416 control sound timestep  0.000365322 1,1 x 0 y 0
 Wall clock 137.942
 Average time per cell 7.59315e-09
  Step time per cell    7.53652e-09
 Step 78 time 0.0277813 control sound timestep  0.000365349 1,1 x 0 y 0
 Wall clock 139.72
 Average time per cell 7.59244e-09
  Step time per cell    7.53756e-09
 Step 79 time 0.0281467 control sound timestep  0.000365381 1,1 x 0 y 0
 Wall clock 141.543
 Average time per cell 7.59412e-09
  Step time per cell    7.72505e-09
 Step 80 time 0.0285121 control sound timestep  0.000365421 1,1 x 0 y 0
 Wall clock 143.461
 Average time per cell 7.60084e-09
  Step time per cell    8.13149e-09
 Step 81 time 0.0288775 control sound timestep  0.000365457 1,1 x 0 y 0
 Wall clock 145.276
 Average time per cell 7.60198e-09
  Step time per cell    7.69323e-09
 Step 82 time 0.0292429 control sound timestep  0.000365459 1,1 x 0 y 0
 Wall clock 147.033
 Average time per cell 7.60009e-09
  Step time per cell    7.44645e-09
 Step 83 time 0.0296084 control sound timestep  0.000365461 1,1 x 0 y 0
 Wall clock 148.822
 Average time per cell 7.59989e-09
  Step time per cell    7.58302e-09
 Step 84 time 0.0299738 control sound timestep  0.000365461 1,1 x 0 y 0
 Wall clock 150.603
 Average time per cell 7.59926e-09
  Step time per cell    7.54709e-09
 Step 85 time 0.0303393 control sound timestep  0.000365475 1,1 x 0 y 0
 Wall clock 152.381
 Average time per cell 7.59855e-09
  Step time per cell    7.53831e-09
 Step 86 time 0.0307048 control sound timestep  0.000365488 1,1 x 0 y 0
 Wall clock 154.163
 Average time per cell 7.59799e-09
  Step time per cell    7.55016e-09
 Step 87 time 0.0310703 control sound timestep  0.0003655 1,1 x 0 y 0
 Wall clock 155.984
 Average time per cell 7.59939e-09
  Step time per cell    7.71981e-09
 Step 88 time 0.0314358 control sound timestep  0.000365513 1,1 x 0 y 0
 Wall clock 157.732
 Average time per cell 7.59721e-09
  Step time per cell    7.40765e-09
 Step 89 time 0.0318013 control sound timestep  0.000365528 1,1 x 0 y 0
 Wall clock 159.514
 Average time per cell 7.59673e-09
  Step time per cell    7.55352e-09
 Step 90 time 0.0321668 control sound timestep  0.000365555 1,1 x 0 y 0
 Wall clock 161.395
 Average time per cell 7.60088e-09
  Step time per cell    7.97023e-09
 Step 91 time 0.0325324 control sound timestep  0.00036558 1,1 x 0 y 0
 Wall clock 163.177
 Average time per cell 7.6004e-09
  Step time per cell    7.55692e-09
 Step 92 time 0.0328979 control sound timestep  0.000365603 1,1 x 0 y 0
 Wall clock 164.968
 Average time per cell 7.60026e-09
  Step time per cell    7.58782e-09
 Step 93 time 0.0332636 control sound timestep  0.000365628 1,1 x 0 y 0
 Wall clock 166.786
 Average time per cell 7.6014e-09
  Step time per cell    7.70593e-09
 Step 94 time 0.0336292 control sound timestep  0.000365659 1,1 x 0 y 0
 Wall clock 168.568
 Average time per cell 7.60088e-09
  Step time per cell    7.55241e-09
 Step 95 time 0.0339948 control sound timestep  0.000365696 1,1 x 0 y 0
 Wall clock 170.387
 Average time per cell 7.60203e-09
  Step time per cell    7.70934e-09
 Step 96 time 0.0343605 control sound timestep  0.000365709 1,1 x 0 y 0
 Wall clock 172.14
 Average time per cell 7.60024e-09
  Step time per cell    7.43062e-09
 Step 97 time 0.0347262 control sound timestep  0.00036571 1,1 x 0 y 0
 Wall clock 173.936
 Average time per cell 7.60038e-09
  Step time per cell    7.61302e-09
 Step 98 time 0.035092 control sound timestep  0.000365708 1,1 x 0 y 0
 Wall clock 175.73
 Average time per cell 7.60041e-09
  Step time per cell    7.60278e-09
 Step 99 time 0.0354577 control sound timestep  0.000365716 1,1 x 0 y 0
 Wall clock 177.5
 Average time per cell 7.59941e-09
  Step time per cell    7.50156e-09
 Step 100 time 0.0358234 control sound timestep  0.000365728 1,1 x 0 y 0
 Wall clock 179.422
 Average time per cell 7.60492e-09
  Step time per cell    8.14978e-09
 Step 101 time 0.0361891 control sound timestep  0.000365739 1,1 x 0 y 0
 Wall clock 181.23
 Average time per cell 7.60546e-09
  Step time per cell    7.65926e-09
 Step 102 time 0.0365548 control sound timestep  0.000365749 1,1 x 0 y 0
 Wall clock 183.011
 Average time per cell 7.60492e-09
  Step time per cell    7.55111e-09
 Step 103 time 0.0369206 control sound timestep  0.000365761 1,1 x 0 y 0
 Wall clock 184.793
 Average time per cell 7.60441e-09
  Step time per cell    7.55181e-09
 Step 104 time 0.0372864 control sound timestep  0.00036578 1,1 x 0 y 0
 Wall clock 186.566
 Average time per cell 7.60356e-09
  Step time per cell    7.51611e-09
 Step 105 time 0.0376521 control sound timestep  0.000365803 1,1 x 0 y 0
 Wall clock 188.382
 Average time per cell 7.60443e-09
  Step time per cell    7.69441e-09
 Step 106 time 0.0380179 control sound timestep  0.000365823 1,1 x 0 y 0
 Wall clock 190.138
 Average time per cell 7.6029e-09
  Step time per cell    7.44221e-09
 Step 107 time 0.0383838 control sound timestep  0.000365844 1,1 x 0 y 0
 Wall clock 191.939
 Average time per cell 7.60319e-09
  Step time per cell    7.63362e-09
 Step 108 time 0.0387496 control sound timestep  0.000365869 1,1 x 0 y 0
 Wall clock 193.72
 Average time per cell 7.60271e-09
  Step time per cell    7.55046e-09
 Step 109 time 0.0391155 control sound timestep  0.000365899 1,1 x 0 y 0
 Wall clock 195.503
 Average time per cell 7.6023e-09
  Step time per cell    7.55839e-09
 Step 110 time 0.0394814 control sound timestep  0.000365927 1,1 x 0 y 0
 Wall clock 197.434
 Average time per cell 7.6076e-09
  Step time per cell    8.18508e-09
 Step 111 time 0.0398473 control sound timestep  0.000365928 1,1 x 0 y 0
 Wall clock 199.247
 Average time per cell 7.60827e-09
  Step time per cell    7.68173e-09
 Step 112 time 0.0402132 control sound timestep  0.000365927 1,1 x 0 y 0
 Wall clock 201.003
 Average time per cell 7.6068e-09
  Step time per cell    7.44272e-09
 Step 113 time 0.0405792 control sound timestep  0.000365929 1,1 x 0 y 0
 Wall clock 202.798
 Average time per cell 7.60681e-09
  Step time per cell    7.60863e-09
 Step 114 time 0.0409451 control sound timestep  0.000365939 1,1 x 0 y 0
 Wall clock 204.592
 Average time per cell 7.60679e-09
  Step time per cell    7.6036e-09
 Step 115 time 0.041311 control sound timestep  0.000365949 1,1 x 0 y 0
 Wall clock 206.365
 Average time per cell 7.60597e-09
  Step time per cell    7.5128e-09
 Step 116 time 0.041677 control sound timestep  0.000365958 1,1 x 0 y 0
 Wall clock 208.14
 Average time per cell 7.60528e-09
  Step time per cell    7.5258e-09
 Step 117 time 0.0420429 control sound timestep  0.000365968 1,1 x 0 y 0
 Wall clock 209.935
 Average time per cell 7.60529e-09
  Step time per cell    7.60576e-09
 Step 118 time 0.0424089 control sound timestep  0.00036598 1,1 x 0 y 0
 Wall clock 211.694
 Average time per cell 7.60402e-09
  Step time per cell    7.45552e-09
 Step 119 time 0.0427749 control sound timestep  0.000366001 1,1 x 0 y 0
 Wall clock 213.472
 Average time per cell 7.60348e-09
  Step time per cell    7.53917e-09
 Step 120 time 0.0431409 control sound timestep  0.00036602 1,1 x 0 y 0
 Wall clock 215.395
 Average time per cell 7.60802e-09
  Step time per cell    8.14819e-09
 Step 121 time 0.0435069 control sound timestep  0.000366037 1,1 x 0 y 0
 Wall clock 217.211
 Average time per cell 7.60877e-09
  Step time per cell    7.69854e-09
 Step 122 time 0.0438729 control sound timestep  0.000366057 1,1 x 0 y 0
 Wall clock 218.969
 Average time per cell 7.60748e-09
  Step time per cell    7.45091e-09
 Step 123 time 0.044239 control sound timestep  0.000366082 1,1 x 0 y 0
 Wall clock 220.76
 Average time per cell 7.60735e-09
  Step time per cell    7.59166e-09
 Step 124 time 0.0446051 control sound timestep  0.000366111 1,1 x 0 y 0
 Wall clock 222.545
 Average time per cell 7.60702e-09
  Step time per cell    7.566e-09
 Step 125 time 0.0449712 control sound timestep  0.000366119 1,1 x 0 y 0
 Wall clock 224.324
 Average time per cell 7.60646e-09
  Step time per cell    7.53735e-09
 Step 126 time 0.0453373 control sound timestep  0.00036612 1,1 x 0 y 0
 Wall clock 226.093
 Average time per cell 7.60561e-09
  Step time per cell    7.49883e-09
 Step 127 time 0.0457034 control sound timestep  0.000366118 1,1 x 0 y 0
 Wall clock 227.907
 Average time per cell 7.60627e-09
  Step time per cell    7.68936e-09
 Step 128 time 0.0460695 control sound timestep  0.000366125 1,1 x 0 y 0
 Wall clock 229.663
 Average time per cell 7.60499e-09
  Step time per cell    7.44215e-09
 Step 129 time 0.0464357 control sound timestep  0.000366134 1,1 x 0 y 0
 Wall clock 231.457
 Average time per cell 7.60499e-09
  Step time per cell    7.60499e-09
 Step 130 time 0.0468018 control sound timestep  0.000366143 1,1 x 0 y 0
 Wall clock 233.386
 Average time per cell 7.60938e-09
  Step time per cell    8.17464e-09
 Step 131 time 0.0471679 control sound timestep  0.000366151 1,1 x 0 y 0
 Wall clock 235.204
 Average time per cell 7.61012e-09
  Step time per cell    7.70701e-09
 Step 132 time 0.0475341 control sound timestep  0.00036616 1,1 x 0 y 0
 Wall clock 236.958
 Average time per cell 7.60879e-09
  Step time per cell    7.43375e-09
 Step 133 time 0.0479003 control sound timestep  0.000366177 1,1 x 0 y 0
 Wall clock 238.753
 Average time per cell 7.60879e-09
  Step time per cell    7.60827e-09
 Step 134 time 0.0482664 control sound timestep  0.000366195 1,1 x 0 y 0
 Wall clock 240.549
 Average time per cell 7.60882e-09
  Step time per cell    7.61238e-09
 Step 135 time 0.0486326 control sound timestep  0.000366211 1,1 x 0 y 0
 Wall clock 242.367
 Average time per cell 7.60951e-09
  Step time per cell    7.70203e-09
 Step 136 time 0.0489988 control sound timestep  0.000366227 1,1 x 0 y 0
 Wall clock 244.154
 Average time per cell 7.60928e-09
  Step time per cell    7.57759e-09
 Step 137 time 0.0493651 control sound timestep  0.000366248 1,1 x 0 y 0
 Wall clock 245.973
 Average time per cell 7.60999e-09
  Step time per cell    7.70619e-09
 Step 138 time 0.0497313 control sound timestep  0.000366273 1,1 x 0 y 0
 Wall clock 247.727
 Average time per cell 7.60873e-09
  Step time per cell    7.43607e-09
 Step 139 time 0.0500976 control sound timestep  0.000366291 1,1 x 0 y 0
 Wall clock 249.521
 Average time per cell 7.60869e-09
  Step time per cell    7.60391e-09
 Step 140 time 0.0504639 control sound timestep  0.000366292 1,1 x 0 y 0
 Wall clock 251.42
 Average time per cell 7.61183e-09
  Step time per cell    8.04706e-09
 Step 141 time 0.0508302 control sound timestep  0.000366288 1,1 x 0 y 0
 Wall clock 253.2
 Average time per cell 7.61136e-09
  Step time per cell    7.54605e-09
 Step 142 time 0.0511965 control sound timestep  0.000366292 1,1 x 0 y 0
 Wall clock 254.974
 Average time per cell 7.6107e-09
  Step time per cell    7.51707e-09
 Step 143 time 0.0515627 control sound timestep  0.000366301 1,1 x 0 y 0
 Wall clock 256.776
 Average time per cell 7.6109e-09
  Step time per cell    7.6398e-09
 Step 144 time 0.051929 control sound timestep  0.000366308 1,1 x 0 y 0
 Wall clock 258.559
 Average time per cell 7.61052e-09
  Step time per cell    7.55543e-09
 Step 145 time 0.0522954 control sound timestep  0.000366316 1,1 x 0 y 0
 Wall clock 260.377
 Average time per cell 7.61119e-09
  Step time per cell    7.70725e-09
 Step 146 time 0.0526617 control sound timestep  0.000366324 1,1 x 0 y 0
 Wall clock 262.17
 Average time per cell 7.61109e-09
  Step time per cell    7.59686e-09
 Step 147 time 0.053028 control sound timestep  0.000366336 1,1 x 0 y 0
 Wall clock 263.952
 Average time per cell 7.61072e-09
  Step time per cell    7.5557e-09
 Step 148 time 0.0533943 control sound timestep  0.000366353 1,1 x 0 y 0
 Wall clock 265.721
 Average time per cell 7.60996e-09
  Step time per cell    7.49868e-09
 Step 149 time 0.0537607 control sound timestep  0.000366368 1,1 x 0 y 0
 Wall clock 267.537
 Average time per cell 7.61054e-09
  Step time per cell    7.69574e-09
 Step 150 time 0.0541271 control sound timestep  0.000366382 1,1 x 0 y 0
 Wall clock 269.467
 Average time per cell 7.61435e-09
  Step time per cell    8.18151e-09
 Step 151 time 0.0544934 control sound timestep  0.000366399 1,1 x 0 y 0
 Wall clock 271.289
 Average time per cell 7.61505e-09
  Step time per cell    7.72007e-09
 Step 152 time 0.0548598 control sound timestep  0.000366421 1,1 x 0 y 0
 Wall clock 273.083
 Average time per cell 7.61497e-09
  Step time per cell    7.60304e-09
 Step 153 time 0.0552263 control sound timestep  0.000366444 1,1 x 0 y 0
 Wall clock 274.863
 Average time per cell 7.61453e-09
  Step time per cell    7.5472e-09
 Step 154 time 0.0555927 control sound timestep  0.000366446 1,1 x 0 y 0
 Wall clock 276.641
 Average time per cell 7.61402e-09
  Step time per cell    7.53618e-09
 Step 155 time 0.0559591 control sound timestep  0.000366445 1,1 x 0 y 0
 Wall clock 278.46
 Average time per cell 7.61462e-09
  Step time per cell    7.7064e-09
 Step 156 time 0.0563256 control sound timestep  0.000366445 1,1 x 0 y 0
 Wall clock 280.219
 Average time per cell 7.61361e-09
  Step time per cell    7.45717e-09
 Step 157 time 0.056692 control sound timestep  0.000366452 1,1 x 0 y 0
 Wall clock 282.012
 Average time per cell 7.61353e-09
  Step time per cell    7.6004e-09
 Step 158 time 0.0570585 control sound timestep  0.000366459 1,1 x 0 y 0
 Wall clock 283.793
 Average time per cell 7.6131e-09
  Step time per cell    7.54538e-09
 Step 159 time 0.0574249 control sound timestep  0.000366466 1,1 x 0 y 0
 Wall clock 285.616
 Average time per cell 7.61384e-09
  Step time per cell    7.73016e-09
 Step 160 time 0.0577914 control sound timestep  0.000366473 1,1 x 0 y 0
 Wall clock 287.543
 Average time per cell 7.6173e-09
  Step time per cell    8.16763e-09
 Step 161 time 0.0581579 control sound timestep  0.000366482 1,1 x 0 y 0
 Wall clock 289.37
 Average time per cell 7.61807e-09
  Step time per cell    7.74104e-09
 Step 162 time 0.0585244 control sound timestep  0.000366498 1,1 x 0 y 0
 Wall clock 291.145
 Average time per cell 7.61749e-09
  Step time per cell    7.52325e-09
 Step 163 time 0.0588909 control sound timestep  0.000366512 1,1 x 0 y 0
 Wall clock 292.925
 Average time per cell 7.61704e-09
  Step time per cell    7.54381e-09
 Step 164 time 0.0592574 control sound timestep  0.000366525 1,1 x 0 y 0
 Wall clock 294.707
 Average time per cell 7.61667e-09
  Step time per cell    7.55622e-09
 Step 165 time 0.0596239 control sound timestep  0.000366539 1,1 x 0 y 0
 Wall clock 296.531
 Average time per cell 7.61734e-09
  Step time per cell    7.72795e-09
 Step 166 time 0.0599904 control sound timestep  0.000366558 1,1 x 0 y 0
 Wall clock 298.309
 Average time per cell 7.61685e-09
  Step time per cell    7.53604e-09
 Step 167 time 0.060357 control sound timestep  0.00036658 1,1 x 0 y 0
 Wall clock 300.093
 Average time per cell 7.61652e-09
  Step time per cell    7.56032e-09
 Step 168 time 0.0607236 control sound timestep  0.000366586 1,1 x 0 y 0
 Wall clock 301.867
 Average time per cell 7.61595e-09
  Step time per cell    7.52076e-09
 Step 169 time 0.0610902 control sound timestep  0.000366586 1,1 x 0 y 0
 Wall clock 303.689
 Average time per cell 7.61657e-09
  Step time per cell    7.72093e-09
 Step 170 time 0.0614568 control sound timestep  0.000366585 1,1 x 0 y 0
 Wall clock 305.615
 Average time per cell 7.61978e-09
  Step time per cell    8.16268e-09
 Step 171 time 0.0618233 control sound timestep  0.00036659 1,1 x 0 y 0
 Wall clock 307.418
 Average time per cell 7.61992e-09
  Step time per cell    7.6422e-09
 Step 172 time 0.0621899 control sound timestep  0.000366597 1,1 x 0 y 0
 Wall clock 309.181
 Average time per cell 7.61907e-09
  Step time per cell    7.47429e-09
 Step 173 time 0.0625565 control sound timestep  0.000366603 1,1 x 0 y 0
 Wall clock 310.973
 Average time per cell 7.61894e-09
  Step time per cell    7.59558e-09
 Step 174 time 0.0629231 control sound timestep  0.000366609 1,1 x 0 y 0
 Wall clock 312.761
 Average time per cell 7.6187e-09
  Step time per cell    7.57805e-09
 Step 175 time 0.0632897 control sound timestep  0.000366616 1,1 x 0 y 0
 Wall clock 314.541
 Average time per cell 7.61827e-09
  Step time per cell    7.54347e-09
 Step 176 time 0.0636564 control sound timestep  0.000366631 1,1 x 0 y 0
 Wall clock 316.314
 Average time per cell 7.6177e-09
  Step time per cell    7.51673e-09
 Step 177 time 0.064023 control sound timestep  0.000366644 1,1 x 0 y 0
 Wall clock 318.124
 Average time per cell 7.61799e-09
  Step time per cell    7.66818e-09
 Step 178 time 0.0643896 control sound timestep  0.000366656 1,1 x 0 y 0
 Wall clock 319.91
 Average time per cell 7.61774e-09
  Step time per cell    7.57364e-09
 Step 179 time 0.0647563 control sound timestep  0.000366668 1,1 x 0 y 0
 Wall clock 321.736
 Average time per cell 7.6184e-09
  Step time per cell    7.73694e-09
 Step 180 time 0.065123 control sound timestep  0.000366685 1,1 x 0 y 0
 Wall clock 323.672
 Average time per cell 7.62168e-09
  Step time per cell    8.20728e-09
 Step 181 time 0.0654896 control sound timestep  0.000366704 1,1 x 0 y 0
 Wall clock 325.484
 Average time per cell 7.62199e-09
  Step time per cell    7.67872e-09
 Step 182 time 0.0658563 control sound timestep  0.000366715 1,1 x 0 y 0
 Wall clock 327.277
 Average time per cell 7.62186e-09
  Step time per cell    7.59788e-09
 Step 183 time 0.0662231 control sound timestep  0.000366716 1,1 x 0 y 0
 Wall clock 329.101
 Average time per cell 7.62247e-09
  Step time per cell    7.7336e-09
 Step 184 time 0.0665898 control sound timestep  0.000366713 1,1 x 0 y 0
 Wall clock 330.899
 Average time per cell 7.62246e-09
  Step time per cell    7.61876e-09
 Step 185 time 0.0669565 control sound timestep  0.000366717 1,1 x 0 y 0
 Wall clock 332.721
 Average time per cell 7.62301e-09
  Step time per cell    7.72525e-09
 Step 186 time 0.0673232 control sound timestep  0.000366724 1,1 x 0 y 0
 Wall clock 334.503
 Average time per cell 7.62262e-09
  Step time per cell    7.55007e-09
 Step 187 time 0.0676899 control sound timestep  0.000366729 1,1 x 0 y 0
 Wall clock 336.332
 Average time per cell 7.62331e-09
  Step time per cell    7.752e-09
 Step 188 time 0.0680567 control sound timestep  0.000366735 1,1 x 0 y 0
 Wall clock 338.131
 Average time per cell 7.62333e-09
  Step time per cell    7.62615e-09
 Step 189 time 0.0684234 control sound timestep  0.000366742 1,1 x 0 y 0
 Wall clock 339.959
 Average time per cell 7.62398e-09
  Step time per cell    7.74666e-09
 Step 190 time 0.0687901 control sound timestep  0.000366754 1,1 x 0 y 0
 Wall clock 341.885
 Average time per cell 7.62683e-09
  Step time per cell    8.16485e-09
 Step 191 time 0.0691569 control sound timestep  0.000366766 1,1 x 0 y 0
 Wall clock 343.706
 Average time per cell 7.6273e-09
  Step time per cell    7.71655e-09
 Step 192 time 0.0695237 control sound timestep  0.000366777 1,1 x 0 y 0
 Wall clock 345.506
 Average time per cell 7.62733e-09
  Step time per cell    7.63224e-09
 Step 193 time 0.0698904 control sound timestep  0.000366789 1,1 x 0 y 0
 Wall clock 347.325
 Average time per cell 7.62775e-09
  Step time per cell    7.70881e-09
 Step 194 time 0.0702572 control sound timestep  0.000366803 1,1 x 0 y 0
 Wall clock 349.111
 Average time per cell 7.62745e-09
  Step time per cell    7.56917e-09
 Step 195 time 0.070624 control sound timestep  0.000366821 1,1 x 0 y 0
 Wall clock 350.903
 Average time per cell 7.62728e-09
  Step time per cell    7.59391e-09
 Step 196 time 0.0709908 control sound timestep  0.000366835 1,1 x 0 y 0
 Wall clock 352.678
 Average time per cell 7.62676e-09
  Step time per cell    7.5255e-09
 Step 197 time 0.0713577 control sound timestep  0.000366836 1,1 x 0 y 0
 Wall clock 354.502
 Average time per cell 7.62729e-09
  Step time per cell    7.73057e-09
 Step 198 time 0.0717245 control sound timestep  0.000366833 1,1 x 0 y 0
 Wall clock 356.305
 Average time per cell 7.62735e-09
  Step time per cell    7.63939e-09
 Step 199 time 0.0720913 control sound timestep  0.000366836 1,1 x 0 y 0
 Wall clock 358.087
 Average time per cell 7.62699e-09
  Step time per cell    7.55538e-09
 Step 200 time 0.0724582 control sound timestep  0.000366842 1,1 x 0 y 0
 Wall clock 360.003
 Average time per cell 7.62946e-09
  Step time per cell    8.1208e-09
 Step 201 time 0.072825 control sound timestep  0.000366847 1,1 x 0 y 0
 Wall clock 361.793
 Average time per cell 7.62924e-09
  Step time per cell    7.58473e-09
 Step 202 time 0.0731919 control sound timestep  0.000366853 1,1 x 0 y 0
 Wall clock 363.587
 Average time per cell 7.62912e-09
  Step time per cell    7.60325e-09
 Step 203 time 0.0735587 control sound timestep  0.000366859 1,1 x 0 y 0
 Wall clock 365.41
 Average time per cell 7.62959e-09
  Step time per cell    7.72609e-09
 Step 204 time 0.0739256 control sound timestep  0.000366869 1,1 x 0 y 0
 Wall clock 367.191
 Average time per cell 7.6292e-09
  Step time per cell    7.54861e-09
 Step 205 time 0.0742925 control sound timestep  0.000366881 1,1 x 0 y 0
 Wall clock 369.015
 Average time per cell 7.62971e-09
  Step time per cell    7.73409e-09
 Step 206 time 0.0746593 control sound timestep  0.000366892 1,1 x 0 y 0
 Wall clock 370.808
 Average time per cell 7.62957e-09
  Step time per cell    7.60014e-09
 Step 207 time 0.0750262 control sound timestep  0.000366902 1,1 x 0 y 0
 Wall clock 372.618
 Average time per cell 7.62976e-09
  Step time per cell    7.6697e-09
 Step 208 time 0.0753931 control sound timestep  0.000366915 1,1 x 0 y 0
 Wall clock 374.394
 Average time per cell 7.62927e-09
  Step time per cell    7.52631e-09
 Step 209 time 0.07576 control sound timestep  0.000366932 1,1 x 0 y 0
 Wall clock 376.189
 Average time per cell 7.62917e-09
  Step time per cell    7.60815e-09
 Step 210 time 0.076127 control sound timestep  0.000366947 1,1 x 0 y 0
 Wall clock 378.121
 Average time per cell 7.63185e-09
  Step time per cell    8.19127e-09
 Step 211 time 0.0764939 control sound timestep  0.000366948 1,1 x 0 y 0
 Wall clock 379.934
 Average time per cell 7.63209e-09
  Step time per cell    7.68337e-09
 Step 212 time 0.0768609 control sound timestep  0.000366945 1,1 x 0 y 0
 Wall clock 381.699
 Average time per cell 7.63137e-09
  Step time per cell    7.47955e-09
 Step 213 time 0.0772278 control sound timestep  0.000366947 1,1 x 0 y 0
 Wall clock 383.49
 Average time per cell 7.63118e-09
  Step time per cell    7.59104e-09
 Step 214 time 0.0775948 control sound timestep  0.000366952 1,1 x 0 y 0
 Wall clock 385.269
 Average time per cell 7.63077e-09
  Step time per cell    7.54239e-09
 Step 215 time 0.0779617 control sound timestep  0.000366958 1,1 x 0 y 0
 Wall clock 387.1
 Average time per cell 7.63137e-09
  Step time per cell    7.75902e-09
 Step 216 time 0.0783287 control sound timestep  0.000366963 1,1 x 0 y 0
 Wall clock 388.886
 Average time per cell 7.63108e-09
  Step time per cell    7.56921e-09
 Step 217 time 0.0786956 control sound timestep  0.000366968 1,1 x 0 y 0
 Wall clock 390.67
 Average time per cell 7.63077e-09
  Step time per cell    7.56341e-09
 Step 218 time 0.0790626 control sound timestep  0.000366977 1,1 x 0 y 0
 Wall clock 392.443
 Average time per cell 7.63023e-09
  Step time per cell    7.51174e-09
 Step 219 time 0.0794296 control sound timestep  0.000366989 1,1 x 0 y 0
 Wall clock 394.268
 Average time per cell 7.6307e-09
  Step time per cell    7.73488e-09
 Step 220 time 0.0797966 control sound timestep  0.000366999 1,1 x 0 y 0
 Wall clock 396.192
 Average time per cell 7.6331e-09
  Step time per cell    8.15791e-09
 Step 221 time 0.0801636 control sound timestep  0.000367009 1,1 x 0 y 0
 Wall clock 398.021
 Average time per cell 7.63364e-09
  Step time per cell    7.75183e-09
 Step 222 time 0.0805306 control sound timestep  0.000367021 1,1 x 0 y 0
 Wall clock 399.814
 Average time per cell 7.63348e-09
  Step time per cell    7.59836e-09
 Step 223 time 0.0808976 control sound timestep  0.000367036 1,1 x 0 y 0
 Wall clock 401.603
 Average time per cell 7.63326e-09
  Step time per cell    7.5835e-09
 Step 224 time 0.0812646 control sound timestep  0.000367052 1,1 x 0 y 0
 Wall clock 403.375
 Average time per cell 7.63271e-09
  Step time per cell    7.50982e-09
 Step 225 time 0.0816317 control sound timestep  0.000367052 1,1 x 0 y 0
 Wall clock 405.178
 Average time per cell 7.63275e-09
  Step time per cell    7.64159e-09
 Step 226 time 0.0819987 control sound timestep  0.00036705 1,1 x 0 y 0
 Wall clock 406.967
 Average time per cell 7.63253e-09
  Step time per cell    7.58392e-09
 Step 227 time 0.0823658 control sound timestep  0.000367051 1,1 x 0 y 0
 Wall clock 408.749
 Average time per cell 7.63218e-09
  Step time per cell    7.55207e-09
 Step 228 time 0.0827328 control sound timestep  0.000367056 1,1 x 0 y 0
 Wall clock 410.522
 Average time per cell 7.63166e-09
  Step time per cell    7.51221e-09
 Step 229 time 0.0830999 control sound timestep  0.000367062 1,1 x 0 y 0
 Wall clock 412.312
 Average time per cell 7.63148e-09
  Step time per cell    7.59032e-09
 Step 230 time 0.083467 control sound timestep  0.000367066 1,1 x 0 y 0
 Wall clock 414.217
 Average time per cell 7.63339e-09
  Step time per cell    8.07147e-09
 Step 231 time 0.083834 control sound timestep  0.000367071 1,1 x 0 y 0
 Wall clock 416.004
 Average time per cell 7.63313e-09
  Step time per cell    7.57314e-09
 Step 232 time 0.0842011 control sound timestep  0.000367079 1,1 x 0 y 0
 Wall clock 417.79
 Average time per cell 7.63286e-09
  Step time per cell    7.56992e-09
 Step 233 time 0.0845682 control sound timestep  0.000367091 1,1 x 0 y 0
 Wall clock 419.61
 Average time per cell 7.63322e-09
  Step time per cell    7.71733e-09
 Step 234 time 0.0849353 control sound timestep  0.0003671 1,1 x 0 y 0
 Wall clock 421.402
 Average time per cell 7.63306e-09
  Step time per cell    7.59381e-09
 Step 235 time 0.0853024 control sound timestep  0.00036711 1,1 x 0 y 0
 Wall clock 423.173
 Average time per cell 7.63252e-09
  Step time per cell    7.50749e-09
 Step 236 time 0.0856695 control sound timestep  0.000367121 1,1 x 0 y 0
 Wall clock 424.95
 Average time per cell 7.63209e-09
  Step time per cell    7.53148e-09
 Step 237 time 0.0860366 control sound timestep  0.000367135 1,1 x 0 y 0
 Wall clock 426.765
 Average time per cell 7.63234e-09
  Step time per cell    7.68922e-09
 Step 238 time 0.0864037 control sound timestep  0.000367151 1,1 x 0 y 0
 Wall clock 428.558
 Average time per cell 7.63221e-09
  Step time per cell    7.60123e-09
 Step 239 time 0.0867709 control sound timestep  0.000367151 1,1 x 0 y 0
 Wall clock 430.383
 Average time per cell 7.63265e-09
  Step time per cell    7.73686e-09
 Step 240 time 0.087138 control sound timestep  0.00036715 1,1 x 0 y 0
 Wall clock 432.312
 Average time per cell 7.6349e-09
  Step time per cell    8.17422e-09
 Step 241 time 0.0875052 control sound timestep  0.00036715 1,1 x 0 y 0
 Wall clock 434.11
 Average time per cell 7.63484e-09
  Step time per cell    7.61969e-09
 Step 242 time 0.0878723 control sound timestep  0.000367155 1,1 x 0 y 0
 Wall clock 435.877
 Average time per cell 7.63424e-09
  Step time per cell    7.4903e-09
 Step 243 time 0.0882395 control sound timestep  0.00036716 1,1 x 0 y 0
 Wall clock 437.693
 Average time per cell 7.63451e-09
  Step time per cell    7.69763e-09
 Step 244 time 0.0886066 control sound timestep  0.000367164 1,1 x 0 y 0
 Wall clock 439.484
 Average time per cell 7.63433e-09
  Step time per cell    7.59045e-09
 Step 245 time 0.0889738 control sound timestep  0.000367169 1,1 x 0 y 0
 Wall clock 441.272
 Average time per cell 7.63409e-09
  Step time per cell    7.57708e-09
 Step 246 time 0.089341 control sound timestep  0.000367177 1,1 x 0 y 0
 Wall clock 443.051
 Average time per cell 7.63372e-09
  Step time per cell    7.54186e-09
 Step 247 time 0.0897082 control sound timestep  0.000367187 1,1 x 0 y 0
 Wall clock 444.844
 Average time per cell 7.63359e-09
  Step time per cell    7.60036e-09
 Step 248 time 0.0900753 control sound timestep  0.000367197 1,1 x 0 y 0
 Wall clock 446.641
 Average time per cell 7.63352e-09
  Step time per cell    7.61574e-09
 Step 249 time 0.0904425 control sound timestep  0.000367205 1,1 x 0 y 0
 Wall clock 448.46
 Average time per cell 7.63382e-09
  Step time per cell    7.70837e-09
 Step 250 time 0.0908097 control sound timestep  0.000367216 1,1 x 0 y 0
 Wall clock 450.387
 Average time per cell 7.63595e-09
  Step time per cell    8.16621e-09
 Step 251 time 0.091177 control sound timestep  0.000367229 1,1 x 0 y 0
 Wall clock 452.194
 Average time per cell 7.63605e-09
  Step time per cell    7.66182e-09
 Step 252 time 0.0915442 control sound timestep  0.000367244 1,1 x 0 y 0
 Wall clock 453.992
 Average time per cell 7.63599e-09
  Step time per cell    7.6194e-09
 Step 253 time 0.0919114 control sound timestep  0.000367245 1,1 x 0 y 0
 Wall clock 455.793
 Average time per cell 7.63597e-09
  Step time per cell    7.63208e-09
 Step 254 time 0.0922787 control sound timestep  0.000367243 1,1 x 0 y 0
 Wall clock 457.564
 Average time per cell 7.63548e-09
  Step time per cell    7.5101e-09
 Step 255 time 0.0926459 control sound timestep  0.000367244 1,1 x 0 y 0
 Wall clock 459.354
 Average time per cell 7.63528e-09
  Step time per cell    7.58585e-09
 Step 256 time 0.0930132 control sound timestep  0.000367248 1,1 x 0 y 0
 Wall clock 461.138
 Average time per cell 7.635e-09
  Step time per cell    7.56131e-09
 Step 257 time 0.0933804 control sound timestep  0.000367253 1,1 x 0 y 0
 Wall clock 462.928
 Average time per cell 7.63481e-09
  Step time per cell    7.58675e-09
 Step 258 time 0.0937477 control sound timestep  0.000367257 1,1 x 0 y 0
 Wall clock 464.702
 Average time per cell 7.63435e-09
  Step time per cell    7.51659e-09
 Step 259 time 0.0941149 control sound timestep  0.000367262 1,1 x 0 y 0
 Wall clock 466.511
 Average time per cell 7.63448e-09
  Step time per cell    7.66723e-09
 Step 260 time 0.0944822 control sound timestep  0.000367269 1,1 x 0 y 0
 Wall clock 468.443
 Average time per cell 7.63661e-09
  Step time per cell    8.18886e-09
 Step 261 time 0.0948495 control sound timestep  0.000367279 1,1 x 0 y 0
 Wall clock 470.254
 Average time per cell 7.63677e-09
  Step time per cell    7.67845e-09
 Step 262 time 0.0952167 control sound timestep  0.000367288 1,1 x 0 y 0
 Wall clock 472.049
 Average time per cell 7.63666e-09
  Step time per cell    7.60678e-09
 Step 263 time 0.095584 control sound timestep  0.000367297 1,1 x 0 y 0
 Wall clock 473.867
 Average time per cell 7.63692e-09
  Step time per cell    7.70444e-09
 Step 264 time 0.0959513 control sound timestep  0.000367307 1,1 x 0 y 0
 Wall clock 475.635
 Average time per cell 7.63638e-09
  Step time per cell    7.49554e-09
 Step 265 time 0.0963186 control sound timestep  0.00036732 1,1 x 0 y 0
 Wall clock 477.429
 Average time per cell 7.63625e-09
  Step time per cell    7.60187e-09
 Step 266 time 0.0966859 control sound timestep  0.000367334 1,1 x 0 y 0
 Wall clock 479.217
 Average time per cell 7.63603e-09
  Step time per cell    7.57716e-09
 Step 267 time 0.0970533 control sound timestep  0.000367334 1,1 x 0 y 0
 Wall clock 481.016
 Average time per cell 7.63601e-09
  Step time per cell    7.62843e-09
 Step 268 time 0.0974206 control sound timestep  0.000367332 1,1 x 0 y 0
 Wall clock 482.79
 Average time per cell 7.63556e-09
  Step time per cell    7.51767e-09
 Step 269 time 0.0977879 control sound timestep  0.000367333 1,1 x 0 y 0
 Wall clock 484.591
 Average time per cell 7.63556e-09
  Step time per cell    7.63414e-09
 Step 270 time 0.0981553 control sound timestep  0.000367338 1,1 x 0 y 0
 Wall clock 486.522
 Average time per cell 7.63759e-09
  Step time per cell    8.18339e-09
 Step 271 time 0.0985226 control sound timestep  0.000367342 1,1 x 0 y 0
 Wall clock 488.346
 Average time per cell 7.63794e-09
  Step time per cell    7.73122e-09
 Step 272 time 0.09889 control sound timestep  0.000367346 1,1 x 0 y 0
 Wall clock 490.138
 Average time per cell 7.63778e-09
  Step time per cell    7.59475e-09
 Step 273 time 0.0992573 control sound timestep  0.00036735 1,1 x 0 y 0
 Wall clock 491.946
 Average time per cell 7.63787e-09
  Step time per cell    7.66142e-09
 Step 274 time 0.0996247 control sound timestep  0.000367358 1,1 x 0 y 0
 Wall clock 493.724
 Average time per cell 7.63749e-09
  Step time per cell    7.53594e-09
 Step 275 time 0.099992 control sound timestep  0.000367367 1,1 x 0 y 0
 Wall clock 495.517
 Average time per cell 7.63737e-09
  Step time per cell    7.60237e-09
 Step 276 time 0.100359 control sound timestep  0.000367376 1,1 x 0 y 0
 Wall clock 497.295
 Average time per cell 7.637e-09
  Step time per cell    7.53592e-09
 Step 277 time 0.100727 control sound timestep  0.000367384 1,1 x 0 y 0
 Wall clock 499.085
 Average time per cell 7.63681e-09
  Step time per cell    7.58462e-09
 Step 278 time 0.101094 control sound timestep  0.000367394 1,1 x 0 y 0
 Wall clock 500.867
 Average time per cell 7.63652e-09
  Step time per cell    7.55449e-09
 Step 279 time 0.101462 control sound timestep  0.000367406 1,1 x 0 y 0
 Wall clock 502.69
 Average time per cell 7.63684e-09
  Step time per cell    7.72596e-09
 Step 280 time 0.101829 control sound timestep  0.000367419 1,1 x 0 y 0
 Wall clock 504.625
 Average time per cell 7.63886e-09
  Step time per cell    8.20144e-09
 Step 281 time 0.102196 control sound timestep  0.000367419 1,1 x 0 y 0
 Wall clock 506.44
 Average time per cell 7.63904e-09
  Step time per cell    7.69176e-09
 Step 282 time 0.102564 control sound timestep  0.000367417 1,1 x 0 y 0
 Wall clock 508.199
 Average time per cell 7.63839e-09
  Step time per cell    7.4554e-09
 Step 283 time 0.102931 control sound timestep  0.000367418 1,1 x 0 y 0
 Wall clock 509.99
 Average time per cell 7.63823e-09
  Step time per cell    7.59072e-09
 Step 284 time 0.103299 control sound timestep  0.000367423 1,1 x 0 y 0
 Wall clock 511.793
 Average time per cell 7.63824e-09
  Step time per cell    7.64135e-09
 Step 285 time 0.103666 control sound timestep  0.000367427 1,1 x 0 y 0
 Wall clock 513.614
 Average time per cell 7.63852e-09
  Step time per cell    7.71774e-09
 Step 286 time 0.104033 control sound timestep  0.000367431 1,1 x 0 y 0
 Wall clock 515.385
 Average time per cell 7.63806e-09
  Step time per cell    7.50703e-09
 Step 287 time 0.104401 control sound timestep  0.000367435 1,1 x 0 y 0
 Wall clock 517.174
 Average time per cell 7.63787e-09
  Step time per cell    7.5825e-09
 Step 288 time 0.104768 control sound timestep  0.000367442 1,1 x 0 y 0
 Wall clock 518.953
 Average time per cell 7.63754e-09
  Step time per cell    7.54339e-09
 Step 289 time 0.105136 control sound timestep  0.000367452 1,1 x 0 y 0
 Wall clock 520.772
 Average time per cell 7.63779e-09
  Step time per cell    7.70889e-09
 Step 290 time 0.105503 control sound timestep  0.00036746 1,1 x 0 y 0
 Wall clock 522.659
 Average time per cell 7.63903e-09
  Step time per cell    7.99648e-09
 Step 291 time 0.105871 control sound timestep  0.000367468 1,1 x 0 y 0
 Wall clock 524.45
 Average time per cell 7.63886e-09
  Step time per cell    7.59038e-09
 Step 292 time 0.106238 control sound timestep  0.000367477 1,1 x 0 y 0
 Wall clock 526.255
 Average time per cell 7.6389e-09
  Step time per cell    7.65006e-09
 Step 293 time 0.106606 control sound timestep  0.00036749 1,1 x 0 y 0
 Wall clock 528.052
 Average time per cell 7.63883e-09
  Step time per cell    7.61936e-09
 Step 294 time 0.106973 control sound timestep  0.0003675 1,1 x 0 y 0
 Wall clock 529.832
 Average time per cell 7.63851e-09
  Step time per cell    7.54433e-09
 Step 295 time 0.107341 control sound timestep  0.000367501 1,1 x 0 y 0
 Wall clock 531.623
 Average time per cell 7.63835e-09
  Step time per cell    7.59096e-09
 Step 296 time 0.107708 control sound timestep  0.000367498 1,1 x 0 y 0
 Wall clock 533.417
 Average time per cell 7.63823e-09
  Step time per cell    7.60323e-09
 Step 297 time 0.108076 control sound timestep  0.0003675 1,1 x 0 y 0
 Wall clock 535.202
 Average time per cell 7.63798e-09
  Step time per cell    7.56279e-09
 Step 298 time 0.108443 control sound timestep  0.000367504 1,1 x 0 y 0
 Wall clock 536.981
 Average time per cell 7.63766e-09
  Step time per cell    7.54141e-09
 Step 299 time 0.108811 control sound timestep  0.000367508 1,1 x 0 y 0
 Wall clock 538.79
 Average time per cell 7.63776e-09
  Step time per cell    7.66707e-09
 Step 300 time 0.109178 control sound timestep  0.000367512 1,1 x 0 y 0
 Wall clock 540.833
 First step overhead 0
Result:
 - Problem: none
 - Outcome: PASSED
