---
Devices:
 0: Host CPU
CloverLeaf:
 - Ver.:     2.000
 - Deck:     /home/labpc/work/cipp/CloverLeaf/InputDecks/clover_bm256_300.in
 - Out:      clover.out
 - Profiler: deck-specified
MPI:
 - Enabled:     false
 - Total ranks: 1
 - Header device-awareness (CUDA-awareness):  unknown
 - Runtime device-awareness (CUDA-awareness): unknown
 - Host-Device halo exchange staging buffer:  true
Model:
 - Name:      OpenMP (CPU)
 - Execution: Host
# ---- 
Output: |+1
 Output file clover.out opened. All output will go there.
 Args: --file /home/labpc/work/cipp/CloverLeaf/InputDecks/clover_bm256_300.in
 Using input: `/home/labpc/work/cipp/CloverLeaf/InputDecks/clover_bm256_300.in`
 Problem initialised and generated
 Launching hydro
 Step 1 time 0 control sound timestep  0.000385161 1,1 x 0 y 0
 Wall clock 1.76062
 Average time per cell 7.46246e-09
  Step time per cell    7.46246e-09
 Step 2 time 0.000385161 control sound timestep  0.000235099 1,1 x 0 y 0
 Wall clock 3.52536
 Average time per cell 7.47121e-09
  Step time per cell    7.47965e-09
 Step 3 time 0.000620261 control sound timestep  0.000298723 1,1 x 0 y 0
 Wall clock 5.28682
 Average time per cell 7.46949e-09
  Step time per cell    7.46581e-09
 Step 4 time 0.000918984 control sound timestep  0.000314746 1,1 x 0 y 0
 Wall clock 7.01693
 Average time per cell 7.43541e-09
  Step time per cell    7.33289e-09
 Step 5 time 0.00123373 control sound timestep  0.000346361 1,1 x 0 y 0
 Wall clock 8.79931
 Average time per cell 7.45927e-09
  Step time per cell    7.55441e-09
 Step 6 time 0.00158009 control sound timestep  0.00034558 1,1 x 0 y 0
 Wall clock 10.5716
 Average time per cell 7.46806e-09
  Step time per cell    7.51177e-09
 Step 7 time 0.00192567 control sound timestep  0.000352154 1,1 x 0 y 0
 Wall clock 12.3381
 Average time per cell 7.4708e-09
  Step time per cell    7.48696e-09
 Step 8 time 0.00227782 control sound timestep  0.000370384 1,1 x 0 y 0
 Wall clock 14.0896
 Average time per cell 7.46492e-09
  Step time per cell    7.42356e-09
 Step 9 time 0.00264821 control sound timestep  0.000366391 1,1 x 0 y 0
 Wall clock 15.8477
 Average time per cell 7.46347e-09
  Step time per cell    7.4516e-09
 Step 10 time 0.0030146 control sound timestep  0.000363789 1,1 x 0 y 0
 Wall clock 17.7414
 Average time per cell 7.51981e-09
  Step time per cell    8.02655e-09
 Step 11 time 0.00337839 control sound timestep  0.000361224 1,1 x 0 y 0
 Wall clock 19.4675
 Average time per cell 7.50127e-09
  Step time per cell    7.31583e-09
 Step 12 time 0.00373961 control sound timestep  0.000359796 1,1 x 0 y 0
 Wall clock 21.2058
 Average time per cell 7.49015e-09
  Step time per cell    7.36757e-09
 Step 13 time 0.00409941 control sound timestep  0.000360678 1,1 x 0 y 0
 Wall clock 22.972
 Average time per cell 7.48985e-09
  Step time per cell    7.48602e-09
 Step 14 time 0.00446009 control sound timestep  0.000362113 1,1 x 0 y 0
 Wall clock 24.6989
 Average time per cell 7.47768e-09
  Step time per cell    7.31916e-09
 Step 15 time 0.0048222 control sound timestep  0.000362661 1,1 x 0 y 0
 Wall clock 26.4307
 Average time per cell 7.46852e-09
  Step time per cell    7.33997e-09
 Step 16 time 0.00518486 control sound timestep  0.000362812 1,1 x 0 y 0
 Wall clock 28.1277
 Average time per cell 7.45129e-09
  Step time per cell    7.1927e-09
 Step 17 time 0.00554767 control sound timestep  0.000362988 1,1 x 0 y 0
 Wall clock 29.8811
 Average time per cell 7.45015e-09
  Step time per cell    7.43161e-09
 Step 18 time 0.00591066 control sound timestep  0.000363082 1,1 x 0 y 0
 Wall clock 31.5795
 Average time per cell 7.4362e-09
  Step time per cell    7.19871e-09
 Step 19 time 0.00627374 control sound timestep  0.000363112 1,1 x 0 y 0
 Wall clock 33.3094
 Average time per cell 7.43072e-09
  Step time per cell    7.33186e-09
 Step 20 time 0.00663686 control sound timestep  0.00036317 1,1 x 0 y 0
 Wall clock 35.1678
 Average time per cell 7.45302e-09
  Step time per cell    7.87655e-09
 Step 21 time 0.00700003 control sound timestep  0.000363365 1,1 x 0 y 0
 Wall clock 36.9248
 Average time per cell 7.45274e-09
  Step time per cell    7.44697e-09
 Step 22 time 0.00736339 control sound timestep  0.00036347 1,1 x 0 y 0
 Wall clock 38.6509
 Average time per cell 7.44654e-09
  Step time per cell    7.31592e-09
 Step 23 time 0.00772686 control sound timestep  0.000363513 1,1 x 0 y 0
 Wall clock 40.3739
 Average time per cell 7.44029e-09
  Step time per cell    7.30269e-09
 Step 24 time 0.00809037 control sound timestep  0.000363629 1,1 x 0 y 0
 Wall clock 42.076
 Average time per cell 7.43089e-09
  Step time per cell    7.2144e-09
 Step 25 time 0.008454 control sound timestep  0.000363732 1,1 x 0 y 0
 Wall clock 43.8072
 Average time per cell 7.42716e-09
  Step time per cell    7.33743e-09
 Step 26 time 0.00881773 control sound timestep  0.000363825 1,1 x 0 y 0
 Wall clock 45.5043
 Average time per cell 7.41816e-09
  Step time per cell    7.19289e-09
 Step 27 time 0.00918156 control sound timestep  0.000363914 1,1 x 0 y 0
 Wall clock 47.2279
 Average time per cell 7.414e-09
  Step time per cell    7.30566e-09
 Step 28 time 0.00954547 control sound timestep  0.000363943 1,1 x 0 y 0
 Wall clock 48.9289
 Average time per cell 7.4067e-09
  Step time per cell    7.20915e-09
 Step 29 time 0.00990942 control sound timestep  0.000363973 1,1 x 0 y 0
 Wall clock 50.6703
 Average time per cell 7.40582e-09
  Step time per cell    7.38109e-09
 Step 30 time 0.0102734 control sound timestep  0.000363988 1,1 x 0 y 0
 Wall clock 52.4911
 Average time per cell 7.41621e-09
  Step time per cell    7.71697e-09
 Step 31 time 0.0106374 control sound timestep  0.000364002 1,1 x 0 y 0
 Wall clock 54.2015
 Average time per cell 7.41084e-09
  Step time per cell    7.24969e-09
 Step 32 time 0.0110014 control sound timestep  0.000364043 1,1 x 0 y 0
 Wall clock 55.9279
 Average time per cell 7.40791e-09
  Step time per cell    7.31698e-09
 Step 33 time 0.0113654 control sound timestep  0.000364085 1,1 x 0 y 0
 Wall clock 57.6498
 Average time per cell 7.40459e-09
  Step time per cell    7.29816e-09
 Step 34 time 0.0117295 control sound timestep  0.000364133 1,1 x 0 y 0
 Wall clock 59.3349
 Average time per cell 7.39689e-09
  Step time per cell    7.14234e-09
 Step 35 time 0.0120936 control sound timestep  0.000364198 1,1 x 0 y 0
 Wall clock 61.0142
 Average time per cell 7.38891e-09
  Step time per cell    7.11741e-09
 Step 36 time 0.0124578 control sound timestep  0.000364259 1,1 x 0 y 0
 Wall clock 62.6751
 Average time per cell 7.37922e-09
  Step time per cell    7.03982e-09
 Step 37 time 0.0128221 control sound timestep  0.000364318 1,1 x 0 y 0
 Wall clock 64.3561
 Average time per cell 7.37235e-09
  Step time per cell    7.12473e-09
 Step 38 time 0.0131864 control sound timestep  0.000364383 1,1 x 0 y 0
 Wall clock 66.0035
 Average time per cell 7.36208e-09
  Step time per cell    6.98214e-09
 Step 39 time 0.0135508 control sound timestep  0.000364422 1,1 x 0 y 0
 Wall clock 67.6794
 Average time per cell 7.35546e-09
  Step time per cell    7.1033e-09
 Step 40 time 0.0139152 control sound timestep  0.000364431 1,1 x 0 y 0
 Wall clock 69.4429
 Average time per cell 7.35844e-09
  Step time per cell    7.47447e-09
 Step 41 time 0.0142797 control sound timestep  0.000364435 1,1 x 0 y 0
 Wall clock 71.0866
 Average time per cell 7.34888e-09
  Step time per cell    6.96668e-09
 Step 42 time 0.0146441 control sound timestep  0.000364445 1,1 x 0 y 0
 Wall clock 72.7173
 Average time per cell 7.33847e-09
  Step time per cell    6.91142e-09
 Step 43 time 0.0150085 control sound timestep  0.000364471 1,1 x 0 y 0
 Wall clock 74.3474
 Average time per cell 7.3285e-09
  Step time per cell    6.90921e-09
 Step 44 time 0.015373 control sound timestep  0.000364495 1,1 x 0 y 0
 Wall clock 75.9684
 Average time per cell 7.3181e-09
  Step time per cell    6.87055e-09
 Step 45 time 0.0157375 control sound timestep  0.000364518 1,1 x 0 y 0
 Wall clock 77.5989
 Average time per cell 7.30904e-09
  Step time per cell    6.9104e-09
 Step 46 time 0.016102 control sound timestep  0.000364543 1,1 x 0 y 0
 Wall clock 79.2227
 Average time per cell 7.29977e-09
  Step time per cell    6.8824e-09
 Step 47 time 0.0164666 control sound timestep  0.000364585 1,1 x 0 y 0
 Wall clock 80.8499
 Average time per cell 7.2912e-09
  Step time per cell    6.89666e-09
 Step 48 time 0.0168311 control sound timestep  0.000364628 1,1 x 0 y 0
 Wall clock 82.4725
 Average time per cell 7.28259e-09
  Step time per cell    6.87745e-09
 Step 49 time 0.0171958 control sound timestep  0.000364667 1,1 x 0 y 0
 Wall clock 84.0831
 Average time per cell 7.27328e-09
  Step time per cell    6.82613e-09
 Step 50 time 0.0175604 control sound timestep  0.000364708 1,1 x 0 y 0
 Wall clock 85.8248
 Average time per cell 7.27546e-09
  Step time per cell    7.3823e-09
 Step 51 time 0.0179251 control sound timestep  0.000364758 1,1 x 0 y 0
 Wall clock 87.4399
 Average time per cell 7.26703e-09
  Step time per cell    6.84539e-09
 Step 52 time 0.0182899 control sound timestep  0.000364817 1,1 x 0 y 0
 Wall clock 89.035
 Average time per cell 7.2573e-09
  Step time per cell    6.76067e-09
 Step 53 time 0.0186547 control sound timestep  0.000364826 1,1 x 0 y 0
 Wall clock 90.6394
 Average time per cell 7.24868e-09
  Step time per cell    6.80027e-09
 Step 54 time 0.0190195 control sound timestep  0.00036483 1,1 x 0 y 0
 Wall clock 92.2285
 Average time per cell 7.23917e-09
  Step time per cell    6.73507e-09
 Step 55 time 0.0193844 control sound timestep  0.000364831 1,1 x 0 y 0
 Wall clock 93.8379
 Average time per cell 7.23158e-09
  Step time per cell    6.82103e-09
 Step 56 time 0.0197492 control sound timestep  0.000364846 1,1 x 0 y 0
 Wall clock 95.4316
 Average time per cell 7.22307e-09
  Step time per cell    6.75495e-09
 Step 57 time 0.0201141 control sound timestep  0.000364866 1,1 x 0 y 0
 Wall clock 97.0418
 Average time per cell 7.21609e-09
  Step time per cell    6.8248e-09
 Step 58 time 0.0204789 control sound timestep  0.000364884 1,1 x 0 y 0
 Wall clock 98.6343
 Average time per cell 7.20804e-09
  Step time per cell    6.74933e-09
 Step 59 time 0.0208438 control sound timestep  0.000364902 1,1 x 0 y 0
 Wall clock 100.243
 Average time per cell 7.20142e-09
  Step time per cell    6.81663e-09
 Step 60 time 0.0212087 control sound timestep  0.000364922 1,1 x 0 y 0
 Wall clock 101.976
 Average time per cell 7.20384e-09
  Step time per cell    7.3467e-09
 Step 61 time 0.0215736 control sound timestep  0.000364956 1,1 x 0 y 0
 Wall clock 103.584
 Average time per cell 7.19748e-09
  Step time per cell    6.81542e-09
 Step 62 time 0.0219386 control sound timestep  0.000364991 1,1 x 0 y 0
 Wall clock 105.187
 Average time per cell 7.19098e-09
  Step time per cell    6.7942e-09
 Step 63 time 0.0223036 control sound timestep  0.000365022 1,1 x 0 y 0
 Wall clock 106.795
 Average time per cell 7.18505e-09
  Step time per cell    6.81696e-09
 Step 64 time 0.0226686 control sound timestep  0.000365056 1,1 x 0 y 0
 Wall clock 108.356
 Average time per cell 7.17611e-09
  Step time per cell    6.61319e-09
 Step 65 time 0.0230337 control sound timestep  0.000365098 1,1 x 0 y 0
 Wall clock 109.922
 Average time per cell 7.16787e-09
  Step time per cell    6.64009e-09
 Step 66 time 0.0233988 control sound timestep  0.000365146 1,1 x 0 y 0
 Wall clock 111.509
 Average time per cell 7.16118e-09
  Step time per cell    6.7262e-09
 Step 67 time 0.0237639 control sound timestep  0.000365166 1,1 x 0 y 0
 Wall clock 113.093
 Average time per cell 7.1545e-09
  Step time per cell    6.71284e-09
 Step 68 time 0.0241291 control sound timestep  0.000365169 1,1 x 0 y 0
 Wall clock 114.664
 Average time per cell 7.14718e-09
  Step time per cell    6.65649e-09
 Step 69 time 0.0244942 control sound timestep  0.000365167 1,1 x 0 y 0
 Wall clock 116.246
 Average time per cell 7.14079e-09
  Step time per cell    6.70613e-09
 Step 70 time 0.0248594 control sound timestep  0.000365177 1,1 x 0 y 0
 Wall clock 117.963
 Average time per cell 7.14277e-09
  Step time per cell    7.27883e-09
 Step 71 time 0.0252246 control sound timestep  0.000365194 1,1 x 0 y 0
 Wall clock 119.556
 Average time per cell 7.13723e-09
  Step time per cell    6.74989e-09
 Step 72 time 0.0255898 control sound timestep  0.000365209 1,1 x 0 y 0
 Wall clock 121.135
 Average time per cell 7.13106e-09
  Step time per cell    6.69244e-09
 Step 73 time 0.025955 control sound timestep  0.000365223 1,1 x 0 y 0
 Wall clock 122.729
 Average time per cell 7.12591e-09
  Step time per cell    6.75491e-09
 Step 74 time 0.0263202 control sound timestep  0.000365239 1,1 x 0 y 0
 Wall clock 124.3
 Average time per cell 7.11962e-09
  Step time per cell    6.65997e-09
 Step 75 time 0.0266854 control sound timestep  0.000365263 1,1 x 0 y 0
 Wall clock 125.88
 Average time per cell 7.11396e-09
  Step time per cell    6.69503e-09
 Step 76 time 0.0270507 control sound timestep  0.000365294 1,1 x 0 y 0
 Wall clock 127.467
 Average time per cell 7.10888e-09
  Step time per cell    6.7275e-09
 Step 77 time 0.027416 control sound timestep  0.000365322 1,1 x 0 y 0
 Wall clock 129.054
 Average time per cell 7.10392e-09
  Step time per cell    6.72661e-09
 Step 78 time 0.0277813 control sound timestep  0.000365349 1,1 x 0 y 0
 Wall clock 130.632
 Average time per cell 7.09859e-09
  Step time per cell    6.68795e-09
 Step 79 time 0.0281467 control sound timestep  0.000365381 1,1 x 0 y 0
 Wall clock 132.214
 Average time per cell 7.0936e-09
  Step time per cell    6.70413e-09
 Step 80 time 0.0285121 control sound timestep  0.000365421 1,1 x 0 y 0
 Wall clock 133.941
 Average time per cell 7.09646e-09
  Step time per cell    7.32246e-09
 Step 81 time 0.0288775 control sound timestep  0.000365457 1,1 x 0 y 0
 Wall clock 135.534
 Average time per cell 7.09222e-09
  Step time per cell    6.75284e-09
 Step 82 time 0.0292429 control sound timestep  0.000365459 1,1 x 0 y 0
 Wall clock 137.136
 Average time per cell 7.0885e-09
  Step time per cell    6.78708e-09
 Step 83 time 0.0296084 control sound timestep  0.000365461 1,1 x 0 y 0
 Wall clock 138.744
 Average time per cell 7.08521e-09
  Step time per cell    6.81452e-09
 Step 84 time 0.0299738 control sound timestep  0.000365461 1,1 x 0 y 0
 Wall clock 140.321
 Average time per cell 7.08045e-09
  Step time per cell    6.68524e-09
 Step 85 time 0.0303393 control sound timestep  0.000365475 1,1 x 0 y 0
 Wall clock 141.919
 Average time per cell 7.07684e-09
  Step time per cell    6.77321e-09
 Step 86 time 0.0307048 control sound timestep  0.000365488 1,1 x 0 y 0
 Wall clock 143.521
 Average time per cell 7.07349e-09
  Step time per cell    6.78865e-09
 Step 87 time 0.0310703 control sound timestep  0.0003655 1,1 x 0 y 0
 Wall clock 145.112
 Average time per cell 7.0697e-09
  Step time per cell    6.74403e-09
 Step 88 time 0.0314358 control sound timestep  0.000365513 1,1 x 0 y 0
 Wall clock 146.727
 Average time per cell 7.06716e-09
  Step time per cell    6.84586e-09
 Step 89 time 0.0318013 control sound timestep  0.000365528 1,1 x 0 y 0
 Wall clock 148.326
 Average time per cell 7.06392e-09
  Step time per cell    6.77798e-09
 Step 90 time 0.0321668 control sound timestep  0.000365555 1,1 x 0 y 0
 Wall clock 150.068
 Average time per cell 7.06744e-09
  Step time per cell    7.38088e-09
 Step 91 time 0.0325324 control sound timestep  0.00036558 1,1 x 0 y 0
 Wall clock 151.672
 Average time per cell 7.0645e-09
  Step time per cell    6.79976e-09
 Step 92 time 0.0328979 control sound timestep  0.000365603 1,1 x 0 y 0
 Wall clock 153.278
 Average time per cell 7.0617e-09
  Step time per cell    6.80627e-09
 Step 93 time 0.0332636 control sound timestep  0.000365628 1,1 x 0 y 0
 Wall clock 154.871
 Average time per cell 7.05838e-09
  Step time per cell    6.75335e-09
 Step 94 time 0.0336292 control sound timestep  0.000365659 1,1 x 0 y 0
 Wall clock 156.486
 Average time per cell 7.0561e-09
  Step time per cell    6.84383e-09
 Step 95 time 0.0339948 control sound timestep  0.000365696 1,1 x 0 y 0
 Wall clock 158.084
 Average time per cell 7.05315e-09
  Step time per cell    6.77514e-09
 Step 96 time 0.0343605 control sound timestep  0.000365709 1,1 x 0 y 0
 Wall clock 159.698
 Average time per cell 7.05093e-09
  Step time per cell    6.83925e-09
 Step 97 time 0.0347262 control sound timestep  0.00036571 1,1 x 0 y 0
 Wall clock 161.306
 Average time per cell 7.04848e-09
  Step time per cell    6.81385e-09
 Step 98 time 0.035092 control sound timestep  0.000365708 1,1 x 0 y 0
 Wall clock 162.932
 Average time per cell 7.04689e-09
  Step time per cell    6.89186e-09
 Step 99 time 0.0354577 control sound timestep  0.000365716 1,1 x 0 y 0
 Wall clock 164.542
 Average time per cell 7.04465e-09
  Step time per cell    6.82479e-09
 Step 100 time 0.0358234 control sound timestep  0.000365728 1,1 x 0 y 0
 Wall clock 166.293
 Average time per cell 7.04843e-09
  Step time per cell    7.42294e-09
 Step 101 time 0.0361891 control sound timestep  0.000365739 1,1 x 0 y 0
 Wall clock 167.901
 Average time per cell 7.04609e-09
  Step time per cell    6.81214e-09
 Step 102 time 0.0365548 control sound timestep  0.000365749 1,1 x 0 y 0
 Wall clock 169.528
 Average time per cell 7.04464e-09
  Step time per cell    6.89751e-09
 Step 103 time 0.0369206 control sound timestep  0.000365761 1,1 x 0 y 0
 Wall clock 171.14
 Average time per cell 7.04259e-09
  Step time per cell    6.83328e-09
 Step 104 time 0.0372864 control sound timestep  0.00036578 1,1 x 0 y 0
 Wall clock 172.751
 Average time per cell 7.04051e-09
  Step time per cell    6.82625e-09
 Step 105 time 0.0376521 control sound timestep  0.000365803 1,1 x 0 y 0
 Wall clock 174.352
 Average time per cell 7.0381e-09
  Step time per cell    6.78728e-09
 Step 106 time 0.0380179 control sound timestep  0.000365823 1,1 x 0 y 0
 Wall clock 175.954
 Average time per cell 7.03576e-09
  Step time per cell    6.78965e-09
 Step 107 time 0.0383838 control sound timestep  0.000365844 1,1 x 0 y 0
 Wall clock 177.55
 Average time per cell 7.03324e-09
  Step time per cell    6.76518e-09
 Step 108 time 0.0387496 control sound timestep  0.000365869 1,1 x 0 y 0
 Wall clock 179.151
 Average time per cell 7.03095e-09
  Step time per cell    6.78566e-09
 Step 109 time 0.0391155 control sound timestep  0.000365899 1,1 x 0 y 0
 Wall clock 180.769
 Average time per cell 7.02936e-09
  Step time per cell    6.85752e-09
 Step 110 time 0.0394814 control sound timestep  0.000365927 1,1 x 0 y 0
 Wall clock 182.501
 Average time per cell 7.03217e-09
  Step time per cell    7.33839e-09
 Step 111 time 0.0398473 control sound timestep  0.000365928 1,1 x 0 y 0
 Wall clock 184.109
 Average time per cell 7.03022e-09
  Step time per cell    6.81518e-09
 Step 112 time 0.0402132 control sound timestep  0.000365927 1,1 x 0 y 0
 Wall clock 185.715
 Average time per cell 7.02824e-09
  Step time per cell    6.80825e-09
 Step 113 time 0.0405792 control sound timestep  0.000365929 1,1 x 0 y 0
 Wall clock 187.33
 Average time per cell 7.02661e-09
  Step time per cell    6.84367e-09
 Step 114 time 0.0409451 control sound timestep  0.000365939 1,1 x 0 y 0
 Wall clock 188.967
 Average time per cell 7.02584e-09
  Step time per cell    6.9389e-09
 Step 115 time 0.041311 control sound timestep  0.000365949 1,1 x 0 y 0
 Wall clock 190.65
 Average time per cell 7.02679e-09
  Step time per cell    7.1345e-09
 Step 116 time 0.041677 control sound timestep  0.000365958 1,1 x 0 y 0
 Wall clock 192.304
 Average time per cell 7.02663e-09
  Step time per cell    7.00861e-09
 Step 117 time 0.0420429 control sound timestep  0.000365968 1,1 x 0 y 0
 Wall clock 193.965
 Average time per cell 7.02677e-09
  Step time per cell    7.04316e-09
 Step 118 time 0.0424089 control sound timestep  0.00036598 1,1 x 0 y 0
 Wall clock 195.627
 Average time per cell 7.02691e-09
  Step time per cell    7.04247e-09
 Step 119 time 0.0427749 control sound timestep  0.000366001 1,1 x 0 y 0
 Wall clock 197.27
 Average time per cell 7.02638e-09
  Step time per cell    6.96298e-09
 Step 120 time 0.0431409 control sound timestep  0.00036602 1,1 x 0 y 0
 Wall clock 199.057
 Average time per cell 7.03095e-09
  Step time per cell    7.57529e-09
 Step 121 time 0.0435069 control sound timestep  0.000366037 1,1 x 0 y 0
 Wall clock 200.733
 Average time per cell 7.03153e-09
  Step time per cell    7.10135e-09
 Step 122 time 0.0438729 control sound timestep  0.000366057 1,1 x 0 y 0
 Wall clock 202.416
 Average time per cell 7.03239e-09
  Step time per cell    7.13599e-09
 Step 123 time 0.044239 control sound timestep  0.000366082 1,1 x 0 y 0
 Wall clock 204.136
 Average time per cell 7.0345e-09
  Step time per cell    7.29085e-09
 Step 124 time 0.0446051 control sound timestep  0.000366111 1,1 x 0 y 0
 Wall clock 205.811
 Average time per cell 7.035e-09
  Step time per cell    7.09721e-09
 Step 125 time 0.0449712 control sound timestep  0.000366119 1,1 x 0 y 0
 Wall clock 207.511
 Average time per cell 7.03637e-09
  Step time per cell    7.20587e-09
 Step 126 time 0.0453373 control sound timestep  0.00036612 1,1 x 0 y 0
 Wall clock 209.196
 Average time per cell 7.0372e-09
  Step time per cell    7.14089e-09
 Step 127 time 0.0457034 control sound timestep  0.000366118 1,1 x 0 y 0
 Wall clock 210.911
 Average time per cell 7.03902e-09
  Step time per cell    7.26791e-09
 Step 128 time 0.0460695 control sound timestep  0.000366125 1,1 x 0 y 0
 Wall clock 212.587
 Average time per cell 7.03953e-09
  Step time per cell    7.10314e-09
 Step 129 time 0.0464357 control sound timestep  0.000366134 1,1 x 0 y 0
 Wall clock 214.283
 Average time per cell 7.04069e-09
  Step time per cell    7.18913e-09
 Step 130 time 0.0468018 control sound timestep  0.000366143 1,1 x 0 y 0
 Wall clock 216.079
 Average time per cell 7.0451e-09
  Step time per cell    7.61398e-09
 Step 131 time 0.0471679 control sound timestep  0.000366151 1,1 x 0 y 0
 Wall clock 217.801
 Average time per cell 7.04702e-09
  Step time per cell    7.29671e-09
 Step 132 time 0.0475341 control sound timestep  0.00036616 1,1 x 0 y 0
 Wall clock 219.48
 Average time per cell 7.04755e-09
  Step time per cell    7.1163e-09
 Step 133 time 0.0479003 control sound timestep  0.000366177 1,1 x 0 y 0
 Wall clock 221.178
 Average time per cell 7.04868e-09
  Step time per cell    7.19721e-09
 Step 134 time 0.0482664 control sound timestep  0.000366195 1,1 x 0 y 0
 Wall clock 222.866
 Average time per cell 7.04947e-09
  Step time per cell    7.15506e-09
 Step 135 time 0.0486326 control sound timestep  0.000366211 1,1 x 0 y 0
 Wall clock 224.557
 Average time per cell 7.05033e-09
  Step time per cell    7.1654e-09
 Step 136 time 0.0489988 control sound timestep  0.000366227 1,1 x 0 y 0
 Wall clock 226.242
 Average time per cell 7.05103e-09
  Step time per cell    7.14544e-09
 Step 137 time 0.0493651 control sound timestep  0.000366248 1,1 x 0 y 0
 Wall clock 227.947
 Average time per cell 7.0523e-09
  Step time per cell    7.22416e-09
 Step 138 time 0.0497313 control sound timestep  0.000366273 1,1 x 0 y 0
 Wall clock 229.623
 Average time per cell 7.05268e-09
  Step time per cell    7.10499e-09
 Step 139 time 0.0500976 control sound timestep  0.000366291 1,1 x 0 y 0
 Wall clock 231.337
 Average time per cell 7.0542e-09
  Step time per cell    7.26385e-09
 Step 140 time 0.0504639 control sound timestep  0.000366292 1,1 x 0 y 0
 Wall clock 233.153
 Average time per cell 7.05881e-09
  Step time per cell    7.69824e-09
 Step 141 time 0.0508302 control sound timestep  0.000366288 1,1 x 0 y 0
 Wall clock 234.869
 Average time per cell 7.06033e-09
  Step time per cell    7.27301e-09
 Step 142 time 0.0511965 control sound timestep  0.000366292 1,1 x 0 y 0
 Wall clock 236.572
 Average time per cell 7.06142e-09
  Step time per cell    7.21489e-09
 Step 143 time 0.0515627 control sound timestep  0.000366301 1,1 x 0 y 0
 Wall clock 238.283
 Average time per cell 7.06275e-09
  Step time per cell    7.25178e-09
 Step 144 time 0.051929 control sound timestep  0.000366308 1,1 x 0 y 0
 Wall clock 239.991
 Average time per cell 7.06399e-09
  Step time per cell    7.24145e-09
 Step 145 time 0.0522954 control sound timestep  0.000366316 1,1 x 0 y 0
 Wall clock 241.709
 Average time per cell 7.06548e-09
  Step time per cell    7.27938e-09
 Step 146 time 0.0526617 control sound timestep  0.000366324 1,1 x 0 y 0
 Wall clock 243.384
 Average time per cell 7.06571e-09
  Step time per cell    7.09934e-09
 Step 147 time 0.053028 control sound timestep  0.000366336 1,1 x 0 y 0
 Wall clock 245.098
 Average time per cell 7.06708e-09
  Step time per cell    7.26584e-09
 Step 148 time 0.0533943 control sound timestep  0.000366353 1,1 x 0 y 0
 Wall clock 246.819
 Average time per cell 7.06861e-09
  Step time per cell    7.29378e-09
 Step 149 time 0.0537607 control sound timestep  0.000366368 1,1 x 0 y 0
 Wall clock 248.535
 Average time per cell 7.07e-09
  Step time per cell    7.27482e-09
 Step 150 time 0.0541271 control sound timestep  0.000366382 1,1 x 0 y 0
 Wall clock 250.373
 Average time per cell 7.07479e-09
  Step time per cell    7.78845e-09
 Step 151 time 0.0544934 control sound timestep  0.000366399 1,1 x 0 y 0
 Wall clock 252.091
 Average time per cell 7.07618e-09
  Step time per cell    7.28479e-09
 Step 152 time 0.0548598 control sound timestep  0.000366421 1,1 x 0 y 0
 Wall clock 253.795
 Average time per cell 7.07711e-09
  Step time per cell    7.21814e-09
 Step 153 time 0.0552263 control sound timestep  0.000366444 1,1 x 0 y 0
 Wall clock 255.521
 Average time per cell 7.07868e-09
  Step time per cell    7.31596e-09
 Step 154 time 0.0555927 control sound timestep  0.000366446 1,1 x 0 y 0
 Wall clock 257.21
 Average time per cell 7.0792e-09
  Step time per cell    7.15908e-09
 Step 155 time 0.0559591 control sound timestep  0.000366445 1,1 x 0 y 0
 Wall clock 258.924
 Average time per cell 7.0804e-09
  Step time per cell    7.26463e-09
 Step 156 time 0.0563256 control sound timestep  0.000366445 1,1 x 0 y 0
 Wall clock 260.62
 Average time per cell 7.0811e-09
  Step time per cell    7.18941e-09
 Step 157 time 0.056692 control sound timestep  0.000366452 1,1 x 0 y 0
 Wall clock 262.335
 Average time per cell 7.08231e-09
  Step time per cell    7.27037e-09
 Step 158 time 0.0570585 control sound timestep  0.000366459 1,1 x 0 y 0
 Wall clock 264.013
 Average time per cell 7.08248e-09
  Step time per cell    7.10971e-09
 Step 159 time 0.0574249 control sound timestep  0.000366466 1,1 x 0 y 0
 Wall clock 265.725
 Average time per cell 7.08359e-09
  Step time per cell    7.25786e-09
 Step 160 time 0.0577914 control sound timestep  0.000366473 1,1 x 0 y 0
 Wall clock 267.546
 Average time per cell 7.08754e-09
  Step time per cell    7.71658e-09
 Step 161 time 0.0581579 control sound timestep  0.000366482 1,1 x 0 y 0
 Wall clock 269.266
 Average time per cell 7.0888e-09
  Step time per cell    7.29001e-09
 Step 162 time 0.0585244 control sound timestep  0.000366498 1,1 x 0 y 0
 Wall clock 270.96
 Average time per cell 7.08937e-09
  Step time per cell    7.17992e-09
 Step 163 time 0.0588909 control sound timestep  0.000366512 1,1 x 0 y 0
 Wall clock 272.673
 Average time per cell 7.09041e-09
  Step time per cell    7.25956e-09
 Step 164 time 0.0592574 control sound timestep  0.000366525 1,1 x 0 y 0
 Wall clock 274.362
 Average time per cell 7.09084e-09
  Step time per cell    7.1597e-09
 Step 165 time 0.0596239 control sound timestep  0.000366539 1,1 x 0 y 0
 Wall clock 276.08
 Average time per cell 7.092e-09
  Step time per cell    7.2819e-09
 Step 166 time 0.0599904 control sound timestep  0.000366558 1,1 x 0 y 0
 Wall clock 277.772
 Average time per cell 7.09248e-09
  Step time per cell    7.17259e-09
 Step 167 time 0.060357 control sound timestep  0.00036658 1,1 x 0 y 0
 Wall clock 279.489
 Average time per cell 7.09359e-09
  Step time per cell    7.27631e-09
 Step 168 time 0.0607236 control sound timestep  0.000366586 1,1 x 0 y 0
 Wall clock 281.202
 Average time per cell 7.09458e-09
  Step time per cell    7.26042e-09
 Step 169 time 0.0610902 control sound timestep  0.000366586 1,1 x 0 y 0
 Wall clock 282.941
 Average time per cell 7.0962e-09
  Step time per cell    7.36844e-09
 Step 170 time 0.0614568 control sound timestep  0.000366585 1,1 x 0 y 0
 Wall clock 284.751
 Average time per cell 7.09959e-09
  Step time per cell    7.67152e-09
 Step 171 time 0.0618233 control sound timestep  0.00036659 1,1 x 0 y 0
 Wall clock 286.476
 Average time per cell 7.10083e-09
  Step time per cell    7.31134e-09
 Step 172 time 0.0621899 control sound timestep  0.000366597 1,1 x 0 y 0
 Wall clock 288.173
 Average time per cell 7.10139e-09
  Step time per cell    7.19659e-09
 Step 173 time 0.0625565 control sound timestep  0.000366603 1,1 x 0 y 0
 Wall clock 289.875
 Average time per cell 7.10202e-09
  Step time per cell    7.21042e-09
 Step 174 time 0.0629231 control sound timestep  0.000366609 1,1 x 0 y 0
 Wall clock 291.563
 Average time per cell 7.10232e-09
  Step time per cell    7.1545e-09
 Step 175 time 0.0632897 control sound timestep  0.000366616 1,1 x 0 y 0
 Wall clock 293.285
 Average time per cell 7.10345e-09
  Step time per cell    7.29953e-09
 Step 176 time 0.0636564 control sound timestep  0.000366631 1,1 x 0 y 0
 Wall clock 294.972
 Average time per cell 7.10372e-09
  Step time per cell    7.15021e-09
 Step 177 time 0.064023 control sound timestep  0.000366644 1,1 x 0 y 0
 Wall clock 296.681
 Average time per cell 7.1045e-09
  Step time per cell    7.24243e-09
 Step 178 time 0.0643896 control sound timestep  0.000366656 1,1 x 0 y 0
 Wall clock 298.374
 Average time per cell 7.1049e-09
  Step time per cell    7.17489e-09
 Step 179 time 0.0647563 control sound timestep  0.000366668 1,1 x 0 y 0
 Wall clock 300.085
 Average time per cell 7.10572e-09
  Step time per cell    7.25183e-09
 Step 180 time 0.065123 control sound timestep  0.000366685 1,1 x 0 y 0
 Wall clock 301.919
 Average time per cell 7.10944e-09
  Step time per cell    7.77454e-09
 Step 181 time 0.0654896 control sound timestep  0.000366704 1,1 x 0 y 0
 Wall clock 303.614
 Average time per cell 7.10985e-09
  Step time per cell    7.18459e-09
 Step 182 time 0.0658563 control sound timestep  0.000366715 1,1 x 0 y 0
 Wall clock 305.293
 Average time per cell 7.10989e-09
  Step time per cell    7.11642e-09
 Step 183 time 0.0662231 control sound timestep  0.000366716 1,1 x 0 y 0
 Wall clock 307.004
 Average time per cell 7.11067e-09
  Step time per cell    7.25235e-09
 Step 184 time 0.0665898 control sound timestep  0.000366713 1,1 x 0 y 0
 Wall clock 308.699
 Average time per cell 7.11107e-09
  Step time per cell    7.183e-09
 Step 185 time 0.0669565 control sound timestep  0.000366717 1,1 x 0 y 0
 Wall clock 310.398
 Average time per cell 7.11157e-09
  Step time per cell    7.20388e-09
 Step 186 time 0.0673232 control sound timestep  0.000366724 1,1 x 0 y 0
 Wall clock 312.106
 Average time per cell 7.11225e-09
  Step time per cell    7.23874e-09
 Step 187 time 0.0676899 control sound timestep  0.000366729 1,1 x 0 y 0
 Wall clock 313.823
 Average time per cell 7.11312e-09
  Step time per cell    7.27373e-09
 Step 188 time 0.0680567 control sound timestep  0.000366735 1,1 x 0 y 0
 Wall clock 315.519
 Average time per cell 7.11353e-09
  Step time per cell    7.19032e-09
 Step 189 time 0.0684234 control sound timestep  0.000366742 1,1 x 0 y 0
 Wall clock 317.236
 Average time per cell 7.1144e-09
  Step time per cell    7.27742e-09
 Step 190 time 0.0687901 control sound timestep  0.000366754 1,1 x 0 y 0
 Wall clock 319.065
 Average time per cell 7.11775e-09
  Step time per cell    7.75078e-09
 Step 191 time 0.0691569 control sound timestep  0.000366766 1,1 x 0 y 0
 Wall clock 320.785
 Average time per cell 7.11867e-09
  Step time per cell    7.29278e-09
 Step 192 time 0.0695237 control sound timestep  0.000366777 1,1 x 0 y 0
 Wall clock 322.493
 Average time per cell 7.11929e-09
  Step time per cell    7.23695e-09
 Step 193 time 0.0698904 control sound timestep  0.000366789 1,1 x 0 y 0
 Wall clock 324.201
 Average time per cell 7.11992e-09
  Step time per cell    7.24066e-09
 Step 194 time 0.0702572 control sound timestep  0.000366803 1,1 x 0 y 0
 Wall clock 325.875
 Average time per cell 7.11979e-09
  Step time per cell    7.09488e-09
 Step 195 time 0.070624 control sound timestep  0.000366821 1,1 x 0 y 0
 Wall clock 327.586
 Average time per cell 7.12047e-09
  Step time per cell    7.25193e-09
 Step 196 time 0.0709908 control sound timestep  0.000366835 1,1 x 0 y 0
 Wall clock 329.304
 Average time per cell 7.12128e-09
  Step time per cell    7.28028e-09
 Step 197 time 0.0713577 control sound timestep  0.000366836 1,1 x 0 y 0
 Wall clock 331.035
 Average time per cell 7.12238e-09
  Step time per cell    7.33673e-09
 Step 198 time 0.0717245 control sound timestep  0.000366833 1,1 x 0 y 0
 Wall clock 332.728
 Average time per cell 7.12265e-09
  Step time per cell    7.17509e-09
 Step 199 time 0.0720913 control sound timestep  0.000366836 1,1 x 0 y 0
 Wall clock 334.461
 Average time per cell 7.12378e-09
  Step time per cell    7.34819e-09
 Step 200 time 0.0724582 control sound timestep  0.000366842 1,1 x 0 y 0
 Wall clock 336.279
 Average time per cell 7.12667e-09
  Step time per cell    7.70174e-09
 Step 201 time 0.072825 control sound timestep  0.000366847 1,1 x 0 y 0
 Wall clock 338.024
 Average time per cell 7.12802e-09
  Step time per cell    7.39713e-09
 Step 202 time 0.0731919 control sound timestep  0.000366853 1,1 x 0 y 0
 Wall clock 339.714
 Average time per cell 7.12819e-09
  Step time per cell    7.16198e-09
 Step 203 time 0.0735587 control sound timestep  0.000366859 1,1 x 0 y 0
 Wall clock 341.44
 Average time per cell 7.12911e-09
  Step time per cell    7.31565e-09
 Step 204 time 0.0739256 control sound timestep  0.000366869 1,1 x 0 y 0
 Wall clock 343.145
 Average time per cell 7.12959e-09
  Step time per cell    7.22657e-09
 Step 205 time 0.0742925 control sound timestep  0.000366881 1,1 x 0 y 0
 Wall clock 344.851
 Average time per cell 7.1301e-09
  Step time per cell    7.23284e-09
 Step 206 time 0.0746593 control sound timestep  0.000366892 1,1 x 0 y 0
 Wall clock 346.568
 Average time per cell 7.13082e-09
  Step time per cell    7.2783e-09
 Step 207 time 0.0750262 control sound timestep  0.000366902 1,1 x 0 y 0
 Wall clock 348.286
 Average time per cell 7.13154e-09
  Step time per cell    7.28048e-09
 Step 208 time 0.0753931 control sound timestep  0.000366915 1,1 x 0 y 0
 Wall clock 349.973
 Average time per cell 7.13163e-09
  Step time per cell    7.14841e-09
 Step 209 time 0.07576 control sound timestep  0.000366932 1,1 x 0 y 0
 Wall clock 351.68
 Average time per cell 7.13212e-09
  Step time per cell    7.23411e-09
 Step 210 time 0.076127 control sound timestep  0.000366947 1,1 x 0 y 0
 Wall clock 353.489
 Average time per cell 7.13467e-09
  Step time per cell    7.66841e-09
 Step 211 time 0.0764939 control sound timestep  0.000366948 1,1 x 0 y 0
 Wall clock 355.21
 Average time per cell 7.13543e-09
  Step time per cell    7.29469e-09
 Step 212 time 0.0768609 control sound timestep  0.000366945 1,1 x 0 y 0
 Wall clock 356.886
 Average time per cell 7.13528e-09
  Step time per cell    7.10255e-09
 Step 213 time 0.0772278 control sound timestep  0.000366947 1,1 x 0 y 0
 Wall clock 358.585
 Average time per cell 7.13559e-09
  Step time per cell    7.20269e-09
 Step 214 time 0.0775948 control sound timestep  0.000366952 1,1 x 0 y 0
 Wall clock 360.266
 Average time per cell 7.13555e-09
  Step time per cell    7.12601e-09
 Step 215 time 0.0779617 control sound timestep  0.000366958 1,1 x 0 y 0
 Wall clock 361.993
 Average time per cell 7.13641e-09
  Step time per cell    7.31917e-09
 Step 216 time 0.0783287 control sound timestep  0.000366963 1,1 x 0 y 0
 Wall clock 363.671
 Average time per cell 7.13629e-09
  Step time per cell    7.11185e-09
 Step 217 time 0.0786956 control sound timestep  0.000366968 1,1 x 0 y 0
 Wall clock 365.363
 Average time per cell 7.13645e-09
  Step time per cell    7.17034e-09
 Step 218 time 0.0790626 control sound timestep  0.000366977 1,1 x 0 y 0
 Wall clock 367.038
 Average time per cell 7.13628e-09
  Step time per cell    7.09934e-09
 Step 219 time 0.0794296 control sound timestep  0.000366989 1,1 x 0 y 0
 Wall clock 368.726
 Average time per cell 7.13637e-09
  Step time per cell    7.15411e-09
 Step 220 time 0.0797966 control sound timestep  0.000366999 1,1 x 0 y 0
 Wall clock 370.534
 Average time per cell 7.13876e-09
  Step time per cell    7.66174e-09
 Step 221 time 0.0801636 control sound timestep  0.000367009 1,1 x 0 y 0
 Wall clock 372.257
 Average time per cell 7.13951e-09
  Step time per cell    7.3051e-09
 Step 222 time 0.0805306 control sound timestep  0.000367021 1,1 x 0 y 0
 Wall clock 373.94
 Average time per cell 7.13948e-09
  Step time per cell    7.13372e-09
 Step 223 time 0.0808976 control sound timestep  0.000367036 1,1 x 0 y 0
 Wall clock 375.626
 Average time per cell 7.13952e-09
  Step time per cell    7.14661e-09
 Step 224 time 0.0812646 control sound timestep  0.000367052 1,1 x 0 y 0
 Wall clock 377.295
 Average time per cell 7.13921e-09
  Step time per cell    7.0705e-09
 Step 225 time 0.0816317 control sound timestep  0.000367052 1,1 x 0 y 0
 Wall clock 379.018
 Average time per cell 7.13995e-09
  Step time per cell    7.30601e-09
 Step 226 time 0.0819987 control sound timestep  0.00036705 1,1 x 0 y 0
 Wall clock 380.686
 Average time per cell 7.13963e-09
  Step time per cell    7.06613e-09
 Step 227 time 0.0823658 control sound timestep  0.000367051 1,1 x 0 y 0
 Wall clock 382.371
 Average time per cell 7.13965e-09
  Step time per cell    7.1442e-09
 Step 228 time 0.0827328 control sound timestep  0.000367056 1,1 x 0 y 0
 Wall clock 384.023
 Average time per cell 7.13905e-09
  Step time per cell    7.00308e-09
 Step 229 time 0.0830999 control sound timestep  0.000367062 1,1 x 0 y 0
 Wall clock 385.707
 Average time per cell 7.13905e-09
  Step time per cell    7.13764e-09
 Step 230 time 0.083467 control sound timestep  0.000367066 1,1 x 0 y 0
 Wall clock 387.493
 Average time per cell 7.14091e-09
  Step time per cell    7.56825e-09
 Step 231 time 0.083834 control sound timestep  0.000367071 1,1 x 0 y 0
 Wall clock 389.168
 Average time per cell 7.14074e-09
  Step time per cell    7.10107e-09
 Step 232 time 0.0842011 control sound timestep  0.000367079 1,1 x 0 y 0
 Wall clock 390.827
 Average time per cell 7.14026e-09
  Step time per cell    7.02802e-09
 Step 233 time 0.0845682 control sound timestep  0.000367091 1,1 x 0 y 0
 Wall clock 392.517
 Average time per cell 7.14036e-09
  Step time per cell    7.16354e-09
 Step 234 time 0.0849353 control sound timestep  0.0003671 1,1 x 0 y 0
 Wall clock 394.176
 Average time per cell 7.1399e-09
  Step time per cell    7.03441e-09
 Step 235 time 0.0853024 control sound timestep  0.00036711 1,1 x 0 y 0
 Wall clock 395.861
 Average time per cell 7.13991e-09
  Step time per cell    7.14061e-09
 Step 236 time 0.0856695 control sound timestep  0.000367121 1,1 x 0 y 0
 Wall clock 397.524
 Average time per cell 7.13953e-09
  Step time per cell    7.04959e-09
 Step 237 time 0.0860366 control sound timestep  0.000367135 1,1 x 0 y 0
 Wall clock 399.228
 Average time per cell 7.13988e-09
  Step time per cell    7.22218e-09
 Step 238 time 0.0864037 control sound timestep  0.000367151 1,1 x 0 y 0
 Wall clock 400.9
 Average time per cell 7.13965e-09
  Step time per cell    7.08605e-09
 Step 239 time 0.0867709 control sound timestep  0.000367151 1,1 x 0 y 0
 Wall clock 402.595
 Average time per cell 7.13984e-09
  Step time per cell    7.18433e-09
 Step 240 time 0.087138 control sound timestep  0.00036715 1,1 x 0 y 0
 Wall clock 404.388
 Average time per cell 7.14174e-09
  Step time per cell    7.59662e-09
 Step 241 time 0.0875052 control sound timestep  0.00036715 1,1 x 0 y 0
 Wall clock 406.085
 Average time per cell 7.14195e-09
  Step time per cell    7.19219e-09
 Step 242 time 0.0878723 control sound timestep  0.000367155 1,1 x 0 y 0
 Wall clock 407.75
 Average time per cell 7.14161e-09
  Step time per cell    7.05828e-09
 Step 243 time 0.0882395 control sound timestep  0.00036716 1,1 x 0 y 0
 Wall clock 409.436
 Average time per cell 7.14163e-09
  Step time per cell    7.14648e-09
 Step 244 time 0.0886066 control sound timestep  0.000367164 1,1 x 0 y 0
 Wall clock 411.102
 Average time per cell 7.1413e-09
  Step time per cell    7.06181e-09
 Step 245 time 0.0889738 control sound timestep  0.000367169 1,1 x 0 y 0
 Wall clock 412.796
 Average time per cell 7.14146e-09
  Step time per cell    7.17862e-09
 Step 246 time 0.089341 control sound timestep  0.000367177 1,1 x 0 y 0
 Wall clock 414.46
 Average time per cell 7.1411e-09
  Step time per cell    7.0535e-09
 Step 247 time 0.0897082 control sound timestep  0.000367187 1,1 x 0 y 0
 Wall clock 416.155
 Average time per cell 7.14127e-09
  Step time per cell    7.18286e-09
 Step 248 time 0.0900753 control sound timestep  0.000367197 1,1 x 0 y 0
 Wall clock 417.825
 Average time per cell 7.14102e-09
  Step time per cell    7.07833e-09
 Step 249 time 0.0904425 control sound timestep  0.000367205 1,1 x 0 y 0
 Wall clock 419.529
 Average time per cell 7.14134e-09
  Step time per cell    7.22189e-09
 Step 250 time 0.0908097 control sound timestep  0.000367216 1,1 x 0 y 0
 Wall clock 421.335
 Average time per cell 7.1434e-09
  Step time per cell    7.65426e-09
 Step 251 time 0.091177 control sound timestep  0.000367229 1,1 x 0 y 0
 Wall clock 423.029
 Average time per cell 7.14355e-09
  Step time per cell    7.18164e-09
 Step 252 time 0.0915442 control sound timestep  0.000367244 1,1 x 0 y 0
 Wall clock 424.715
 Average time per cell 7.14356e-09
  Step time per cell    7.14504e-09
 Step 253 time 0.0919114 control sound timestep  0.000367245 1,1 x 0 y 0
 Wall clock 426.406
 Average time per cell 7.14366e-09
  Step time per cell    7.16958e-09
 Step 254 time 0.0922787 control sound timestep  0.000367243 1,1 x 0 y 0
 Wall clock 428.084
 Average time per cell 7.14353e-09
  Step time per cell    7.11099e-09
 Step 255 time 0.0926459 control sound timestep  0.000367244 1,1 x 0 y 0
 Wall clock 429.781
 Average time per cell 7.14372e-09
  Step time per cell    7.19134e-09
 Step 256 time 0.0930132 control sound timestep  0.000367248 1,1 x 0 y 0
 Wall clock 431.461
 Average time per cell 7.14364e-09
  Step time per cell    7.12198e-09
 Step 257 time 0.0933804 control sound timestep  0.000367253 1,1 x 0 y 0
 Wall clock 433.164
 Average time per cell 7.14392e-09
  Step time per cell    7.21481e-09
 Step 258 time 0.0937477 control sound timestep  0.000367257 1,1 x 0 y 0
 Wall clock 434.869
 Average time per cell 7.14424e-09
  Step time per cell    7.22772e-09
 Step 259 time 0.0941149 control sound timestep  0.000367262 1,1 x 0 y 0
 Wall clock 436.574
 Average time per cell 7.14456e-09
  Step time per cell    7.22602e-09
 Step 260 time 0.0944822 control sound timestep  0.000367269 1,1 x 0 y 0
 Wall clock 438.388
 Average time per cell 7.14666e-09
  Step time per cell    7.69174e-09
 Step 261 time 0.0948495 control sound timestep  0.000367279 1,1 x 0 y 0
 Wall clock 440.091
 Average time per cell 7.14694e-09
  Step time per cell    7.21739e-09
 Step 262 time 0.0952167 control sound timestep  0.000367288 1,1 x 0 y 0
 Wall clock 441.758
 Average time per cell 7.14663e-09
  Step time per cell    7.06609e-09
 Step 263 time 0.095584 control sound timestep  0.000367297 1,1 x 0 y 0
 Wall clock 443.456
 Average time per cell 7.14681e-09
  Step time per cell    7.1948e-09
 Step 264 time 0.0959513 control sound timestep  0.000367307 1,1 x 0 y 0
 Wall clock 445.142
 Average time per cell 7.14681e-09
  Step time per cell    7.14599e-09
 Step 265 time 0.0963186 control sound timestep  0.00036732 1,1 x 0 y 0
 Wall clock 446.864
 Average time per cell 7.14739e-09
  Step time per cell    7.29938e-09
 Step 266 time 0.0966859 control sound timestep  0.000367334 1,1 x 0 y 0
 Wall clock 448.551
 Average time per cell 7.1474e-09
  Step time per cell    7.14996e-09
 Step 267 time 0.0970533 control sound timestep  0.000367334 1,1 x 0 y 0
 Wall clock 450.249
 Average time per cell 7.14757e-09
  Step time per cell    7.19408e-09
 Step 268 time 0.0974206 control sound timestep  0.000367332 1,1 x 0 y 0
 Wall clock 451.938
 Average time per cell 7.14762e-09
  Step time per cell    7.15889e-09
 Step 269 time 0.0977879 control sound timestep  0.000367333 1,1 x 0 y 0
 Wall clock 453.663
 Average time per cell 7.14823e-09
  Step time per cell    7.31348e-09
 Step 270 time 0.0981553 control sound timestep  0.000367338 1,1 x 0 y 0
 Wall clock 455.489
 Average time per cell 7.15042e-09
  Step time per cell    7.73712e-09
 Step 271 time 0.0985226 control sound timestep  0.000367342 1,1 x 0 y 0
 Wall clock 457.178
 Average time per cell 7.15045e-09
  Step time per cell    7.16096e-09
 Step 272 time 0.09889 control sound timestep  0.000367346 1,1 x 0 y 0
 Wall clock 458.844
 Average time per cell 7.15013e-09
  Step time per cell    7.06247e-09
 Step 273 time 0.0992573 control sound timestep  0.00036735 1,1 x 0 y 0
 Wall clock 460.545
 Average time per cell 7.15035e-09
  Step time per cell    7.20929e-09
 Step 274 time 0.0996247 control sound timestep  0.000367358 1,1 x 0 y 0
 Wall clock 462.237
 Average time per cell 7.15043e-09
  Step time per cell    7.17107e-09
 Step 275 time 0.099992 control sound timestep  0.000367367 1,1 x 0 y 0
 Wall clock 463.958
 Average time per cell 7.15095e-09
  Step time per cell    7.29518e-09
 Step 276 time 0.100359 control sound timestep  0.000367376 1,1 x 0 y 0
 Wall clock 465.648
 Average time per cell 7.15099e-09
  Step time per cell    7.15951e-09
 Step 277 time 0.100727 control sound timestep  0.000367384 1,1 x 0 y 0
 Wall clock 467.356
 Average time per cell 7.15131e-09
  Step time per cell    7.23981e-09
 Step 278 time 0.101094 control sound timestep  0.000367394 1,1 x 0 y 0
 Wall clock 469.052
 Average time per cell 7.15145e-09
  Step time per cell    7.19056e-09
 Step 279 time 0.101462 control sound timestep  0.000367406 1,1 x 0 y 0
 Wall clock 470.767
 Average time per cell 7.15187e-09
  Step time per cell    7.26941e-09
 Step 280 time 0.101829 control sound timestep  0.000367419 1,1 x 0 y 0
 Wall clock 472.572
 Average time per cell 7.15365e-09
  Step time per cell    7.64826e-09
 Step 281 time 0.102196 control sound timestep  0.000367419 1,1 x 0 y 0
 Wall clock 474.273
 Average time per cell 7.15385e-09
  Step time per cell    7.21053e-09
 Step 282 time 0.102564 control sound timestep  0.000367417 1,1 x 0 y 0
 Wall clock 475.968
 Average time per cell 7.15395e-09
  Step time per cell    7.18249e-09
 Step 283 time 0.102931 control sound timestep  0.000367418 1,1 x 0 y 0
 Wall clock 477.675
 Average time per cell 7.15424e-09
  Step time per cell    7.23599e-09
 Step 284 time 0.103299 control sound timestep  0.000367423 1,1 x 0 y 0
 Wall clock 479.371
 Average time per cell 7.15437e-09
  Step time per cell    7.19e-09
 Step 285 time 0.103666 control sound timestep  0.000367427 1,1 x 0 y 0
 Wall clock 481.112
 Average time per cell 7.15516e-09
  Step time per cell    7.37701e-09
 Step 286 time 0.104033 control sound timestep  0.000367431 1,1 x 0 y 0
 Wall clock 482.804
 Average time per cell 7.15521e-09
  Step time per cell    7.17025e-09
 Step 287 time 0.104401 control sound timestep  0.000367435 1,1 x 0 y 0
 Wall clock 484.542
 Average time per cell 7.15595e-09
  Step time per cell    7.36793e-09
 Step 288 time 0.104768 control sound timestep  0.000367442 1,1 x 0 y 0
 Wall clock 486.248
 Average time per cell 7.15621e-09
  Step time per cell    7.22957e-09
 Step 289 time 0.105136 control sound timestep  0.000367452 1,1 x 0 y 0
 Wall clock 487.946
 Average time per cell 7.15635e-09
  Step time per cell    7.19653e-09
 Step 290 time 0.105503 control sound timestep  0.00036746 1,1 x 0 y 0
 Wall clock 489.767
 Average time per cell 7.15829e-09
  Step time per cell    7.71927e-09
 Step 291 time 0.105871 control sound timestep  0.000367468 1,1 x 0 y 0
 Wall clock 491.481
 Average time per cell 7.15866e-09
  Step time per cell    7.26543e-09
 Step 292 time 0.106238 control sound timestep  0.000367477 1,1 x 0 y 0
 Wall clock 493.161
 Average time per cell 7.15853e-09
  Step time per cell    7.12026e-09
 Step 293 time 0.106606 control sound timestep  0.00036749 1,1 x 0 y 0
 Wall clock 494.872
 Average time per cell 7.15885e-09
  Step time per cell    7.2512e-09
 Step 294 time 0.106973 control sound timestep  0.0003675 1,1 x 0 y 0
 Wall clock 496.575
 Average time per cell 7.15905e-09
  Step time per cell    7.21822e-09
 Step 295 time 0.107341 control sound timestep  0.000367501 1,1 x 0 y 0
 Wall clock 498.289
 Average time per cell 7.1594e-09
  Step time per cell    7.26357e-09
 Step 296 time 0.107708 control sound timestep  0.000367498 1,1 x 0 y 0
 Wall clock 499.997
 Average time per cell 7.15967e-09
  Step time per cell    7.23944e-09
 Step 297 time 0.108076 control sound timestep  0.0003675 1,1 x 0 y 0
 Wall clock 501.727
 Average time per cell 7.16026e-09
  Step time per cell    7.33318e-09
 Step 298 time 0.108443 control sound timestep  0.000367504 1,1 x 0 y 0
 Wall clock 503.413
 Average time per cell 7.16021e-09
  Step time per cell    7.14444e-09
 Step 299 time 0.108811 control sound timestep  0.000367508 1,1 x 0 y 0
 Wall clock 505.129
 Average time per cell 7.16059e-09
  Step time per cell    7.27494e-09
 Step 300 time 0.109178 control sound timestep  0.000367512 1,1 x 0 y 0
 Wall clock 507.099
 First step overhead 0
Result:
 - Problem: none
 - Outcome: PASSED
