Running with 
	Sample interval: 100 ms
	Adjust interval: 9000 ms
	Bandwidth saturation cutoff: 300000 MB/s
0
100
0
Target ratio: 100 BW Change: 0 Int Change: 1000 BW: 207811
100
0
Target ratio: 100 BW Change: -4 Int Change: -500 BW: 207904
100
0
Target ratio: 100 BW Change: -11 Int Change: -500 BW: 208134
100
0
Target ratio: 100 BW Change: 6 Int Change: -500 BW: 208008
100
0
Target ratio: 100 BW Change: 2 Int Change: -1000 BW: 207965
100
0
Target ratio: 100 BW Change: 9 Int Change: -1000 BW: 207768
100
0
Target ratio: 100 BW Change: -16 Int Change: -1000 BW: 208121
100
0
Target ratio: 100 BW Change: 18 Int Change: -1000 BW: 207731
100
0
Target ratio: 100 BW Change: -7 Int Change: -1000 BW: 207891
100
0
Target ratio: 100 BW Change: -3 Int Change: -1000 BW: 207962
100
0
Target ratio: 100 BW Change: 0 Int Change: -1000 BW: 207949
100
0
Target ratio: 100 BW Change: -9 Int Change: -1000 BW: 208141
100
0
Target ratio: 100 BW Change: 0 Int Change: -1000 BW: 208139
100
0
Target ratio: 100 BW Change: -1 Int Change: -1000 BW: 208179
100
0
Target ratio: 100 BW Change: 0 Int Change: -1000 BW: 208199
100
0
Target ratio: 100 BW Change: 10 Int Change: -1000 BW: 207971
100
0
Target ratio: 100 BW Change: -5 Int Change: -1000 BW: 208075
100
0
Target ratio: 100 BW Change: 6 Int Change: -1000 BW: 207934
100
0
Target ratio: 100 BW Change: -6 Int Change: -1000 BW: 208068
100
0
Target ratio: 100 BW Change: 4 Int Change: -1000 BW: 207982
100
0
Target ratio: 100 BW Change: 2 Int Change: -1000 BW: 207922
100
0
Target ratio: 100 BW Change: 11 Int Change: -1000 BW: 207678
100
0
Target ratio: 100 BW Change: -6 Int Change: -1000 BW: 207803
100
0
Target ratio: 100 BW Change: 4 Int Change: -1000 BW: 207712
100
0
Target ratio: 100 BW Change: -4 Int Change: -1000 BW: 207809
100
0
Target ratio: 100 BW Change: -2 Int Change: -1000 BW: 207863
