Running with 
	Sample interval: 100 ms
	Adjust interval: 9000 ms
	Bandwidth saturation cutoff: 300000 MB/s
0
100
0
Target ratio: 100 BW Change: 0 Int Change: 1000 BW: 13917
100
0
Target ratio: 100 BW Change: -15 Int Change: -500 BW: 13938
100
0
Target ratio: 100 BW Change: 7696 Int Change: -500 BW: 3211
100
0
Target ratio: 100 BW Change: -5303 Int Change: -500 BW: 4914
100
0
Target ratio: 100 BW Change: -380260 Int Change: -1000 BW: 191774
100
0
Target ratio: 100 BW Change: -408 Int Change: -1000 BW: 199602
100
0
Target ratio: 100 BW Change: -31 Int Change: -1000 BW: 200239
100
0
Target ratio: 100 BW Change: 8647 Int Change: -1000 BW: 27086
100
0
Target ratio: 100 BW Change: 34 Int Change: -1000 BW: 26993
100
0
Target ratio: 100 BW Change: -71841 Int Change: -1000 BW: 220914
100
0
Target ratio: 100 BW Change: -32 Int Change: -1000 BW: 221640
100
0
Target ratio: 100 BW Change: 24 Int Change: -1000 BW: 221092
100
0
Target ratio: 100 BW Change: -19 Int Change: -1000 BW: 221526
100
0
Target ratio: 100 BW Change: 21 Int Change: -1000 BW: 221051
100
0
Target ratio: 100 BW Change: -16 Int Change: -1000 BW: 221424
100
0
Target ratio: 100 BW Change: -9 Int Change: -1000 BW: 221640
100
0
Target ratio: 100 BW Change: -36 Int Change: -1000 BW: 222453
100
0
Target ratio: 100 BW Change: 49 Int Change: -1000 BW: 221358
100
0
Target ratio: 100 BW Change: 29 Int Change: -1000 BW: 220697
100
0
Target ratio: 100 BW Change: -48 Int Change: -1000 BW: 221761
100
0
Target ratio: 100 BW Change: 19 Int Change: -1000 BW: 221320
100
0
Target ratio: 100 BW Change: -9 Int Change: -1000 BW: 221536
100
0
Target ratio: 100 BW Change: 11 Int Change: -1000 BW: 221279
100
0
Target ratio: 100 BW Change: 24 Int Change: -1000 BW: 220731
100
0
Target ratio: 100 BW Change: -35 Int Change: -1000 BW: 221511
100
0
Target ratio: 100 BW Change: 27 Int Change: -1000 BW: 220895
100
0
Target ratio: 100 BW Change: -9 Int Change: -1000 BW: 221099
100
0
Target ratio: 100 BW Change: -24 Int Change: -1000 BW: 221637
100
0
Target ratio: 100 BW Change: 22 Int Change: -1000 BW: 221147
