Running with 
	Sample interval: 100 ms
	Adjust interval: 9000 ms
	Bandwidth saturation cutoff: 300000 MB/s
0
100
0
Target ratio: 100 BW Change: 0 Int Change: 1000 BW: 187024
100
0
Target ratio: 100 BW Change: -10 Int Change: -500 BW: 187213
100
0
Target ratio: 100 BW Change: 11 Int Change: -500 BW: 186994
100
0
Target ratio: 100 BW Change: -6 Int Change: -500 BW: 187123
100
0
Target ratio: 100 BW Change: -58 Int Change: -1000 BW: 188212
100
0
Target ratio: 100 BW Change: 61 Int Change: -1000 BW: 187055
100
0
Target ratio: 100 BW Change: 54 Int Change: -1000 BW: 186028
100
0
Target ratio: 100 BW Change: -13 Int Change: -1000 BW: 186278
100
0
Target ratio: 100 BW Change: 19 Int Change: -1000 BW: 185917
100
0
Target ratio: 100 BW Change: -15 Int Change: -1000 BW: 186210
100
0
Target ratio: 100 BW Change: 7 Int Change: -1000 BW: 186075
100
0
Target ratio: 100 BW Change: -16 Int Change: -1000 BW: 186381
100
0
Target ratio: 100 BW Change: -35 Int Change: -1000 BW: 187048
100
0
Target ratio: 100 BW Change: -45 Int Change: -1000 BW: 187891
100
0
Target ratio: 100 BW Change: -12 Int Change: -1000 BW: 188134
100
0
Target ratio: 100 BW Change: 29 Int Change: -1000 BW: 187584
100
0
Target ratio: 100 BW Change: 57 Int Change: -1000 BW: 186499
100
0
Target ratio: 100 BW Change: -23 Int Change: -1000 BW: 186945
100
0
Target ratio: 100 BW Change: -68 Int Change: -1000 BW: 188222
100
0
Target ratio: 100 BW Change: 17 Int Change: -1000 BW: 187891
100
0
Target ratio: 100 BW Change: 9 Int Change: -1000 BW: 187715
100
0
Target ratio: 100 BW Change: -46 Int Change: -1000 BW: 188581
100
0
Target ratio: 100 BW Change: 31 Int Change: -1000 BW: 187995
100
0
Target ratio: 100 BW Change: -2 Int Change: -1000 BW: 188040
100
0
Target ratio: 100 BW Change: 88 Int Change: -1000 BW: 186383
100
0
Target ratio: 100 BW Change: -34 Int Change: -1000 BW: 187019
100
0
Target ratio: 100 BW Change: 37 Int Change: -1000 BW: 186319
100
0
Target ratio: 100 BW Change: -17 Int Change: -1000 BW: 186650
100
0
Target ratio: 100 BW Change: -29 Int Change: -1000 BW: 187192
100
0
Target ratio: 100 BW Change: -25 Int Change: -1000 BW: 187671
