Running with 
	Sample interval: 100 ms
	Adjust interval: 9000 ms
	Bandwidth saturation cutoff: 300000 MB/s
0
100
0
Target ratio: 100 BW Change: 0 Int Change: 1000 BW: 199179
100
0
Target ratio: 100 BW Change: -83 Int Change: -500 BW: 200838
100
0
Target ratio: 100 BW Change: 137 Int Change: -500 BW: 198068
100
0
Target ratio: 100 BW Change: 235 Int Change: -500 BW: 193397
100
0
Target ratio: 100 BW Change: -280 Int Change: -1000 BW: 198818
100
0
Target ratio: 100 BW Change: -16 Int Change: -1000 BW: 199146
100
0
Target ratio: 100 BW Change: 82 Int Change: -1000 BW: 197503
100
0
Target ratio: 100 BW Change: 192 Int Change: -1000 BW: 193704
100
0
Target ratio: 100 BW Change: -332 Int Change: -1000 BW: 200141
100
0
Target ratio: 100 BW Change: -388 Int Change: -1000 BW: 207926
100
0
Target ratio: 100 BW Change: 351 Int Change: -1000 BW: 200620
100
0
Target ratio: 100 BW Change: 133 Int Change: -1000 BW: 197951
100
0
Target ratio: 100 BW Change: -773 Int Change: -1000 BW: 213269
100
0
Target ratio: 100 BW Change: 791 Int Change: -1000 BW: 196398
100
0
Target ratio: 100 BW Change: -343 Int Change: -1000 BW: 203143
100
0
Target ratio: 100 BW Change: 361 Int Change: -1000 BW: 195797
100
0
Target ratio: 100 BW Change: -10 Int Change: -1000 BW: 196007
100
0
Target ratio: 100 BW Change: -7 Int Change: -1000 BW: 196159
100
0
Target ratio: 100 BW Change: -627 Int Change: -1000 BW: 208477
100
0
Target ratio: 100 BW Change: 502 Int Change: -1000 BW: 197998
100
0
Target ratio: 100 BW Change: -512 Int Change: -1000 BW: 208147
100
0
Target ratio: 100 BW Change: 93 Int Change: -1000 BW: 206206
100
0
Target ratio: 100 BW Change: 271 Int Change: -1000 BW: 200608
100
0
Target ratio: 100 BW Change: 61 Int Change: -1000 BW: 199367
100
0
Target ratio: 100 BW Change: -364 Int Change: -1000 BW: 206641
100
0
Target ratio: 100 BW Change: 106 Int Change: -1000 BW: 204430
100
0
Target ratio: 100 BW Change: 380 Int Change: -1000 BW: 196645
100
0
Target ratio: 100 BW Change: -374 Int Change: -1000 BW: 204015
100
0
Target ratio: 100 BW Change: 461 Int Change: -1000 BW: 194602
100
0
Target ratio: 100 BW Change: -189 Int Change: -1000 BW: 198291
100
0
Target ratio: 100 BW Change: -733 Int Change: -1000 BW: 212827
100
0
Target ratio: 100 BW Change: 334 Int Change: -1000 BW: 205708
100
0
Target ratio: 100 BW Change: 542 Int Change: -1000 BW: 194544
100
0
Target ratio: 100 BW Change: -283 Int Change: -1000 BW: 200064
100
0
Target ratio: 100 BW Change: 50 Int Change: -1000 BW: 199059
