Running with 
	Sample interval: 100 ms
	Adjust interval: 9000 ms
	Bandwidth saturation cutoff: 300000 MB/s
0
100
0
Target ratio: 100 BW Change: 0 Int Change: 1000 BW: 128024
100
0
Target ratio: 100 BW Change: 136 Int Change: -500 BW: 126280
100
0
Target ratio: 100 BW Change: 257 Int Change: -500 BW: 123028
100
0
Target ratio: 100 BW Change: 146 Int Change: -500 BW: 121229
100
0
Target ratio: 100 BW Change: 286 Int Change: -1000 BW: 117754
100
0
Target ratio: 100 BW Change: -2 Int Change: -1000 BW: 117783
100
0
Target ratio: 100 BW Change: -123 Int Change: -1000 BW: 119241
100
0
Target ratio: 100 BW Change: -544 Int Change: -1000 BW: 125731
100
0
Target ratio: 100 BW Change: 71 Int Change: -1000 BW: 124835
100
0
Target ratio: 100 BW Change: 674 Int Change: -1000 BW: 116409
100
0
Target ratio: 100 BW Change: -904 Int Change: -1000 BW: 126941
100
0
Target ratio: 100 BW Change: 392 Int Change: -1000 BW: 121957
100
0
Target ratio: 100 BW Change: -59 Int Change: -1000 BW: 122678
100
0
Target ratio: 100 BW Change: 194 Int Change: -1000 BW: 120288
100
0
Target ratio: 100 BW Change: -652 Int Change: -1000 BW: 128136
100
0
Target ratio: 100 BW Change: 192 Int Change: -1000 BW: 125666
100
0
Target ratio: 100 BW Change: 220 Int Change: -1000 BW: 122901
100
0
Target ratio: 100 BW Change: -56 Int Change: -1000 BW: 123594
100
0
Target ratio: 100 BW Change: 359 Int Change: -1000 BW: 119145
100
0
Target ratio: 100 BW Change: 861 Int Change: -1000 BW: 108886
100
0
Target ratio: 100 BW Change: -438 Int Change: -1000 BW: 113662
100
0
Target ratio: 100 BW Change: -1192 Int Change: -1000 BW: 127218
100
0
Target ratio: 100 BW Change: 187 Int Change: -1000 BW: 124828
100
0
Target ratio: 100 BW Change: 931 Int Change: -1000 BW: 113206
100
0
Target ratio: 100 BW Change: -296 Int Change: -1000 BW: 116566
100
0
Target ratio: 100 BW Change: -959 Int Change: -1000 BW: 127755
100
0
Target ratio: 100 BW Change: 708 Int Change: -1000 BW: 118708
100
0
Target ratio: 100 BW Change: -386 Int Change: -1000 BW: 123299
100
0
Target ratio: 100 BW Change: 272 Int Change: -1000 BW: 119935
100
0
Target ratio: 100 BW Change: -94 Int Change: -1000 BW: 121074
100
0
Target ratio: 100 BW Change: -76 Int Change: -1000 BW: 122006
100
0
Target ratio: 100 BW Change: -112 Int Change: -1000 BW: 123377
100
0
Target ratio: 100 BW Change: 319 Int Change: -1000 BW: 119441
100
0
Target ratio: 100 BW Change: 523 Int Change: -1000 BW: 113193
100
0
Target ratio: 100 BW Change: -530 Int Change: -1000 BW: 119195
100
0
Target ratio: 100 BW Change: -198 Int Change: -1000 BW: 121562
100
0
Target ratio: 100 BW Change: -334 Int Change: -1000 BW: 125625
100
0
Target ratio: 100 BW Change: 672 Int Change: -1000 BW: 117183
100
0
Target ratio: 100 BW Change: -961 Int Change: -1000 BW: 128446
100
0
Target ratio: 100 BW Change: 651 Int Change: -1000 BW: 120076
100
0
Target ratio: 100 BW Change: -302 Int Change: -1000 BW: 123703
100
0
Target ratio: 100 BW Change: -200 Int Change: -1000 BW: 126180
100
0
Target ratio: 100 BW Change: 282 Int Change: -1000 BW: 122613
100
0
Target ratio: 100 BW Change: -17 Int Change: -1000 BW: 122823
100
0
Target ratio: 100 BW Change: -486 Int Change: -1000 BW: 128801
100
0
Target ratio: 100 BW Change: 579 Int Change: -1000 BW: 121332
100
0
Target ratio: 100 BW Change: 74 Int Change: -1000 BW: 120434
100
0
Target ratio: 100 BW Change: -449 Int Change: -1000 BW: 125851
100
0
Target ratio: 100 BW Change: 480 Int Change: -1000 BW: 119806
100
0
Target ratio: 100 BW Change: 578 Int Change: -1000 BW: 112870
100
0
Target ratio: 100 BW Change: -421 Int Change: -1000 BW: 117623
100
0
Target ratio: 100 BW Change: -2 Int Change: -1000 BW: 117656
100
0
Target ratio: 100 BW Change: -683 Int Change: -1000 BW: 125698
100
0
Target ratio: 100 BW Change: -12 Int Change: -1000 BW: 125851
100
0
Target ratio: 100 BW Change: 406 Int Change: -1000 BW: 120737
100
0
Target ratio: 100 BW Change: 231 Int Change: -1000 BW: 117945
100
0
Target ratio: 100 BW Change: -499 Int Change: -1000 BW: 123837
100
0
Target ratio: 100 BW Change: -18 Int Change: -1000 BW: 124065
100
0
Target ratio: 100 BW Change: 314 Int Change: -1000 BW: 120164
100
0
Target ratio: 100 BW Change: 209 Int Change: -1000 BW: 117649
100
0
Target ratio: 100 BW Change: -313 Int Change: -1000 BW: 121337
100
0
Target ratio: 100 BW Change: 216 Int Change: -1000 BW: 118716
100
0
Target ratio: 100 BW Change: -127 Int Change: -1000 BW: 120233
100
0
Target ratio: 100 BW Change: -175 Int Change: -1000 BW: 122349
100
0
Target ratio: 100 BW Change: -86 Int Change: -1000 BW: 123402
100
0
Target ratio: 100 BW Change: 469 Int Change: -1000 BW: 117614
100
0
Target ratio: 100 BW Change: -1166 Int Change: -1000 BW: 131335
100
0
Target ratio: 100 BW Change: 1219 Int Change: -1000 BW: 115324
100
0
Target ratio: 100 BW Change: -191 Int Change: -1000 BW: 117530
100
0
Target ratio: 100 BW Change: 104 Int Change: -1000 BW: 116305
100
0
Target ratio: 100 BW Change: -311 Int Change: -1000 BW: 119930
100
0
Target ratio: 100 BW Change: 24 Int Change: -1000 BW: 119632
