Running with 
	Sample interval: 100 ms
	Adjust interval: 9000 ms
	Bandwidth saturation cutoff: 300000 MB/s
0
100
0
Target ratio: 100 BW Change: 0 Int Change: 1000 BW: 183605
100
0
Target ratio: 100 BW Change: -210 Int Change: -500 BW: 187461
100
0
Target ratio: 100 BW Change: 200 Int Change: -500 BW: 183700
100
0
Target ratio: 100 BW Change: 335 Int Change: -500 BW: 177543
100
0
Target ratio: 100 BW Change: -426 Int Change: -1000 BW: 185109
100
0
Target ratio: 100 BW Change: 183 Int Change: -1000 BW: 181704
100
0
Target ratio: 100 BW Change: 200 Int Change: -1000 BW: 178055
100
0
Target ratio: 100 BW Change: -417 Int Change: -1000 BW: 185495
100
0
Target ratio: 100 BW Change: 291 Int Change: -1000 BW: 180093
100
0
Target ratio: 100 BW Change: -79 Int Change: -1000 BW: 181518
100
0
Target ratio: 100 BW Change: 96 Int Change: -1000 BW: 179775
100
0
Target ratio: 100 BW Change: -169 Int Change: -1000 BW: 182826
100
0
Target ratio: 100 BW Change: 202 Int Change: -1000 BW: 179117
100
0
Target ratio: 100 BW Change: 396 Int Change: -1000 BW: 172012
100
0
Target ratio: 100 BW Change: -776 Int Change: -1000 BW: 185377
100
0
Target ratio: 100 BW Change: 281 Int Change: -1000 BW: 180157
100
0
Target ratio: 100 BW Change: -64 Int Change: -1000 BW: 181319
100
0
Target ratio: 100 BW Change: -206 Int Change: -1000 BW: 185070
100
0
Target ratio: 100 BW Change: 230 Int Change: -1000 BW: 180801
100
0
Target ratio: 100 BW Change: 6 Int Change: -1000 BW: 180680
100
0
Target ratio: 100 BW Change: 44 Int Change: -1000 BW: 179872
100
0
Target ratio: 100 BW Change: -398 Int Change: -1000 BW: 187048
100
0
Target ratio: 100 BW Change: 338 Int Change: -1000 BW: 180725
100
0
Target ratio: 100 BW Change: 170 Int Change: -1000 BW: 177635
100
0
Target ratio: 100 BW Change: -500 Int Change: -1000 BW: 186525
100
0
Target ratio: 100 BW Change: 270 Int Change: -1000 BW: 181479
100
0
Target ratio: 100 BW Change: 132 Int Change: -1000 BW: 179073
100
0
Target ratio: 100 BW Change: -96 Int Change: -1000 BW: 180796
100
0
Target ratio: 100 BW Change: -93 Int Change: -1000 BW: 182490
100
0
Target ratio: 100 BW Change: 147 Int Change: -1000 BW: 179800
100
0
Target ratio: 100 BW Change: -308 Int Change: -1000 BW: 185349
100
0
Target ratio: 100 BW Change: -12 Int Change: -1000 BW: 185581
100
0
Target ratio: 100 BW Change: -47 Int Change: -1000 BW: 186461
