Running with 
	Sample interval: 100 ms
	Adjust interval: 9000 ms
	Bandwidth saturation cutoff: 300000 MB/s
0
100
0
Target ratio: 100 BW Change: 0 Int Change: 1000 BW: 13801
100
0
Target ratio: 100 BW Change: -70 Int Change: -500 BW: 13898
100
0
Target ratio: 100 BW Change: 7684 Int Change: -500 BW: 3218
100
0
Target ratio: 100 BW Change: -5410 Int Change: -500 BW: 4959
100
0
Target ratio: 100 BW Change: -377287 Int Change: -1000 BW: 192056
100
0
Target ratio: 100 BW Change: -379 Int Change: -1000 BW: 199337
100
0
Target ratio: 100 BW Change: -50 Int Change: -1000 BW: 200349
100
0
Target ratio: 100 BW Change: 8665 Int Change: -1000 BW: 26727
100
0
Target ratio: 100 BW Change: -100 Int Change: -1000 BW: 26996
100
0
Target ratio: 100 BW Change: -72032 Int Change: -1000 BW: 221454
100
0
Target ratio: 100 BW Change: -2 Int Change: -1000 BW: 221509
100
0
Target ratio: 100 BW Change: 2 Int Change: -1000 BW: 221451
100
0
Target ratio: 100 BW Change: -4 Int Change: -1000 BW: 221560
100
0
Target ratio: 100 BW Change: 17 Int Change: -1000 BW: 221167
100
0
Target ratio: 100 BW Change: -52 Int Change: -1000 BW: 222318
100
0
Target ratio: 100 BW Change: 34 Int Change: -1000 BW: 221553
100
0
Target ratio: 100 BW Change: 4 Int Change: -1000 BW: 221447
100
0
Target ratio: 100 BW Change: -2 Int Change: -1000 BW: 221512
100
0
Target ratio: 100 BW Change: 6 Int Change: -1000 BW: 221361
100
0
Target ratio: 100 BW Change: -17 Int Change: -1000 BW: 221744
100
0
Target ratio: 100 BW Change: 3 Int Change: -1000 BW: 221670
100
0
Target ratio: 100 BW Change: 9 Int Change: -1000 BW: 221463
100
0
Target ratio: 100 BW Change: 2 Int Change: -1000 BW: 221402
100
0
Target ratio: 100 BW Change: 9 Int Change: -1000 BW: 221200
100
0
Target ratio: 100 BW Change: -25 Int Change: -1000 BW: 221753
100
0
Target ratio: 100 BW Change: 11 Int Change: -1000 BW: 221508
100
0
Target ratio: 100 BW Change: 10 Int Change: -1000 BW: 221265
100
0
Target ratio: 100 BW Change: -12 Int Change: -1000 BW: 221532
100
0
Target ratio: 100 BW Change: 0 Int Change: -1000 BW: 221533
