Running with 
	Sample interval: 100 ms
	Adjust interval: 9000 ms
	Bandwidth saturation cutoff: 300000 MB/s
0
100
0
Target ratio: 100 BW Change: 0 Int Change: 1000 BW: 117661
100
0
Target ratio: 100 BW Change: -61 Int Change: -500 BW: 118387
100
0
Target ratio: 100 BW Change: -15 Int Change: -500 BW: 118566
100
0
Target ratio: 100 BW Change: 11 Int Change: -500 BW: 118428
100
0
Target ratio: 100 BW Change: 10 Int Change: -1000 BW: 118298
100
0
Target ratio: 100 BW Change: -723 Int Change: -1000 BW: 126851
100
0
Target ratio: 100 BW Change: -210 Int Change: -1000 BW: 129515
100
0
Target ratio: 100 BW Change: 29 Int Change: -1000 BW: 129133
100
0
Target ratio: 100 BW Change: 111 Int Change: -1000 BW: 127697
100
0
Target ratio: 100 BW Change: -188 Int Change: -1000 BW: 130109
100
0
Target ratio: 100 BW Change: 1162 Int Change: -1000 BW: 114985
100
0
Target ratio: 100 BW Change: -264 Int Change: -1000 BW: 118023
100
0
Target ratio: 100 BW Change: 31 Int Change: -1000 BW: 117649
100
0
Target ratio: 100 BW Change: 73 Int Change: -1000 BW: 116779
100
0
Target ratio: 100 BW Change: -44 Int Change: -1000 BW: 117298
100
0
Target ratio: 100 BW Change: -371 Int Change: -1000 BW: 121653
100
0
Target ratio: 100 BW Change: -161 Int Change: -1000 BW: 123622
100
0
Target ratio: 100 BW Change: -74 Int Change: -1000 BW: 124546
100
0
Target ratio: 100 BW Change: 184 Int Change: -1000 BW: 122254
100
0
Target ratio: 100 BW Change: -213 Int Change: -1000 BW: 124861
100
0
Target ratio: 100 BW Change: 694 Int Change: -1000 BW: 116184
100
0
Target ratio: 100 BW Change: -46 Int Change: -1000 BW: 116729
100
0
Target ratio: 100 BW Change: -93 Int Change: -1000 BW: 117817
100
0
Target ratio: 100 BW Change: -69 Int Change: -1000 BW: 118641
100
0
Target ratio: 100 BW Change: 64 Int Change: -1000 BW: 117875
100
0
Target ratio: 100 BW Change: 4 Int Change: -1000 BW: 117818
100
0
Target ratio: 100 BW Change: -737 Int Change: -1000 BW: 126504
100
0
Target ratio: 100 BW Change: 21 Int Change: -1000 BW: 126229
100
0
Target ratio: 100 BW Change: 0 Int Change: -1000 BW: 126224
100
0
Target ratio: 100 BW Change: -27 Int Change: -1000 BW: 126574
100
0
Target ratio: 100 BW Change: 777 Int Change: -1000 BW: 116729
100
0
Target ratio: 100 BW Change: -153 Int Change: -1000 BW: 118517
100
0
Target ratio: 100 BW Change: 132 Int Change: -1000 BW: 116941
100
0
Target ratio: 100 BW Change: -156 Int Change: -1000 BW: 118775
100
0
Target ratio: 100 BW Change: 0 Int Change: -1000 BW: 118774
100
0
Target ratio: 100 BW Change: 133 Int Change: -1000 BW: 117187
100
0
Target ratio: 100 BW Change: -697 Int Change: -1000 BW: 125365
100
0
Target ratio: 100 BW Change: -27 Int Change: -1000 BW: 125708
100
0
Target ratio: 100 BW Change: -49 Int Change: -1000 BW: 126336
100
0
Target ratio: 100 BW Change: 140 Int Change: -1000 BW: 124566
100
0
Target ratio: 100 BW Change: 844 Int Change: -1000 BW: 114051
100
0
Target ratio: 100 BW Change: -298 Int Change: -1000 BW: 117454
100
0
Target ratio: 100 BW Change: -30 Int Change: -1000 BW: 117817
100
0
Target ratio: 100 BW Change: -101 Int Change: -1000 BW: 119014
100
0
Target ratio: 100 BW Change: -18 Int Change: -1000 BW: 119235
100
0
Target ratio: 100 BW Change: 278 Int Change: -1000 BW: 115916
100
0
Target ratio: 100 BW Change: -603 Int Change: -1000 BW: 122908
100
0
Target ratio: 100 BW Change: -99 Int Change: -1000 BW: 124134
100
0
Target ratio: 100 BW Change: 153 Int Change: -1000 BW: 122232
100
0
Target ratio: 100 BW Change: 167 Int Change: -1000 BW: 120190
