Running with 
	Sample interval: 100 ms
	Adjust interval: 9000 ms
	Bandwidth saturation cutoff: 300000 MB/s
0
100
0
Target ratio: 100 BW Change: 0 Int Change: 1000 BW: 194907
100
0
Target ratio: 100 BW Change: -478 Int Change: -500 BW: 204239
100
0
Target ratio: 100 BW Change: 21 Int Change: -500 BW: 203791
100
0
Target ratio: 100 BW Change: 411 Int Change: -500 BW: 195413
100
0
Target ratio: 100 BW Change: 138 Int Change: -1000 BW: 192704
100
0
Target ratio: 100 BW Change: -162 Int Change: -1000 BW: 195834
100
0
Target ratio: 100 BW Change: -461 Int Change: -1000 BW: 204881
100
0
Target ratio: 100 BW Change: 420 Int Change: -1000 BW: 196272
100
0
Target ratio: 100 BW Change: -281 Int Change: -1000 BW: 201805
100
0
Target ratio: 100 BW Change: 32 Int Change: -1000 BW: 201144
100
0
Target ratio: 100 BW Change: -29 Int Change: -1000 BW: 201735
100
0
Target ratio: 100 BW Change: 326 Int Change: -1000 BW: 195153
100
0
Target ratio: 100 BW Change: -199 Int Change: -1000 BW: 199043
100
0
Target ratio: 100 BW Change: 133 Int Change: -1000 BW: 196376
100
0
Target ratio: 100 BW Change: -25 Int Change: -1000 BW: 196880
100
0
Target ratio: 100 BW Change: -4 Int Change: -1000 BW: 196977
100
0
Target ratio: 100 BW Change: -754 Int Change: -1000 BW: 211842
100
0
Target ratio: 100 BW Change: 368 Int Change: -1000 BW: 204030
100
0
Target ratio: 100 BW Change: 464 Int Change: -1000 BW: 194562
100
0
Target ratio: 100 BW Change: -202 Int Change: -1000 BW: 198505
100
0
Target ratio: 100 BW Change: -96 Int Change: -1000 BW: 200426
100
0
Target ratio: 100 BW Change: -55 Int Change: -1000 BW: 201544
100
0
Target ratio: 100 BW Change: -800 Int Change: -1000 BW: 217671
100
0
Target ratio: 100 BW Change: 898 Int Change: -1000 BW: 198105
100
0
Target ratio: 100 BW Change: 351 Int Change: -1000 BW: 191149
100
0
Target ratio: 100 BW Change: 98 Int Change: -1000 BW: 189267
100
0
Target ratio: 100 BW Change: -964 Int Change: -1000 BW: 207525
100
0
Target ratio: 100 BW Change: 212 Int Change: -1000 BW: 203105
100
0
Target ratio: 100 BW Change: 576 Int Change: -1000 BW: 191399
100
0
Target ratio: 100 BW Change: -417 Int Change: -1000 BW: 199394
100
0
Target ratio: 100 BW Change: 271 Int Change: -1000 BW: 193988
100
0
Target ratio: 100 BW Change: -40 Int Change: -1000 BW: 194770
100
0
Target ratio: 100 BW Change: -659 Int Change: -1000 BW: 207620
100
0
Target ratio: 100 BW Change: 212 Int Change: -1000 BW: 203212
100
0
Target ratio: 100 BW Change: 177 Int Change: -1000 BW: 199610
