Running with 
	Sample interval: 100 ms
	Adjust interval: 6000 ms
	Bandwidth saturation cutoff: 200000 MB/s
0
92
8
Target ratio: 92 BW Change: 226017296 Int Change: 1600 BW: 406896
88
12
Target ratio: 88 BW Change: -377 Int Change: 800 BW: 422264
85
15
Target ratio: 85 BW Change: -299 Int Change: 400 BW: 434901
82
18
Target ratio: 82 BW Change: -416 Int Change: 300 BW: 453014
79
21
Target ratio: 79 BW Change: -552 Int Change: 300 BW: 478054
76
24
Target ratio: 76 BW Change: -322 Int Change: 300 BW: 493457
74
26
Target ratio: 74 BW Change: -113 Int Change: 300 BW: 499053
72
28
Target ratio: 72 BW Change: -186 Int Change: 200 BW: 508385
70
30
Target ratio: 70 BW Change: -627 Int Change: 200 BW: 540296
68
32
Target ratio: 68 BW Change: -32 Int Change: 200 BW: 542034
66
34
Target ratio: 66 BW Change: -37 Int Change: 200 BW: 544061
64
36
Target ratio: 64 BW Change: -87 Int Change: 200 BW: 548846
62
38
Target ratio: 62 BW Change: -47 Int Change: 200 BW: 551452
60
40
Target ratio: 60 BW Change: -72 Int Change: 200 BW: 555456
58
42
Target ratio: 58 BW Change: -868 Int Change: 200 BW: 603709
56
44
Target ratio: 56 BW Change: 61 Int Change: 200 BW: 599968
54
46
Target ratio: 54 BW Change: -7 Int Change: 200 BW: 600420
52
48
Target ratio: 52 BW Change: 71 Int Change: 200 BW: 596139
54
46
Target ratio: 54 BW Change: 234 Int Change: 200 BW: 582134
54
46
Target ratio: 54 BW Change: 375 Int Change: 0 BW: 560283
54
46
Target ratio: 54 BW Change: 593 Int Change: 0 BW: 547561
54
46
Target ratio: 54 BW Change: 730 Int Change: 0 BW: 539619
54
46
Target ratio: 54 BW Change: 730 Int Change: 0 BW: 539635
54
46
Target ratio: 54 BW Change: 765 Int Change: 0 BW: 537585
54
46
Target ratio: 54 BW Change: 728 Int Change: 0 BW: 539737
54
46
Target ratio: 54 BW Change: 496 Int Change: 0 BW: 553235
54
46
Target ratio: 54 BW Change: 765 Int Change: 0 BW: 537589
54
46
Target ratio: 54 BW Change: 740 Int Change: 0 BW: 539050
54
46
Target ratio: 54 BW Change: 776 Int Change: 0 BW: 536955
54
46
Target ratio: 54 BW Change: 764 Int Change: 0 BW: 537653
54
46
Target ratio: 54 BW Change: 781 Int Change: 0 BW: 536612
54
46
Target ratio: 54 BW Change: 774 Int Change: 0 BW: 537053
54
46
Target ratio: 54 BW Change: 736 Int Change: 0 BW: 539253
54
46
Target ratio: 54 BW Change: 484 Int Change: 0 BW: 553922
54
46
Target ratio: 54 BW Change: 586 Int Change: 0 BW: 547995
54
46
Target ratio: 54 BW Change: 606 Int Change: 0 BW: 546799
54
46
Target ratio: 54 BW Change: 630 Int Change: 0 BW: 545404
54
46
Target ratio: 54 BW Change: 651 Int Change: 0 BW: 544191
54
46
Target ratio: 54 BW Change: 653 Int Change: 0 BW: 544111
54
46
Target ratio: 54 BW Change: 703 Int Change: 0 BW: 541163
