Running with 
	Sample interval: 100 ms
	Adjust interval: 6000 ms
	Bandwidth saturation cutoff: 200000 MB/s
0
92
8
Target ratio: 92 BW Change: 231907296 Int Change: 1600 BW: 406307
87
13
Target ratio: 87 BW Change: -480 Int Change: 800 BW: 425832
82
18
Target ratio: 82 BW Change: -429 Int Change: 500 BW: 444122
77
23
Target ratio: 77 BW Change: -516 Int Change: 500 BW: 467056
72
28
Target ratio: 72 BW Change: -453 Int Change: 500 BW: 488225
67
33
Target ratio: 67 BW Change: -561 Int Change: 500 BW: 515651
62
38
Target ratio: 62 BW Change: -463 Int Change: 500 BW: 539560
57
43
Target ratio: 57 BW Change: -1420 Int Change: 500 BW: 616207
59
41
Target ratio: 59 BW Change: 240 Int Change: 500 BW: 601415
57
43
Target ratio: 57 BW Change: 110 Int Change: -200 BW: 594764
57
43
Target ratio: 57 BW Change: -146 Int Change: 0 BW: 603450
57
43
Target ratio: 57 BW Change: 42 Int Change: 0 BW: 592260
57
43
Target ratio: 57 BW Change: 55 Int Change: 0 BW: 591460
57
43
Target ratio: 57 BW Change: 164 Int Change: 0 BW: 584966
57
43
Target ratio: 57 BW Change: 308 Int Change: 0 BW: 576445
57
43
Target ratio: 57 BW Change: 303 Int Change: 0 BW: 576708
57
43
Target ratio: 57 BW Change: 298 Int Change: 0 BW: 577017
57
43
Target ratio: 57 BW Change: 308 Int Change: 0 BW: 576395
57
43
Target ratio: 57 BW Change: 320 Int Change: 0 BW: 575700
57
43
Target ratio: 57 BW Change: 318 Int Change: 0 BW: 575819
57
43
Target ratio: 57 BW Change: 270 Int Change: 0 BW: 578647
57
43
Target ratio: 57 BW Change: 264 Int Change: 0 BW: 579028
57
43
Target ratio: 57 BW Change: 259 Int Change: 0 BW: 579353
57
43
Target ratio: 57 BW Change: 263 Int Change: 0 BW: 579064
57
43
Target ratio: 57 BW Change: 268 Int Change: 0 BW: 578820
57
43
Target ratio: 57 BW Change: 265 Int Change: 0 BW: 578955
57
43
Target ratio: 57 BW Change: 296 Int Change: 0 BW: 577133
57
43
Target ratio: 57 BW Change: 337 Int Change: 0 BW: 574663
57
43
Target ratio: 57 BW Change: 325 Int Change: 0 BW: 575387
57
43
Target ratio: 57 BW Change: 299 Int Change: 0 BW: 576923
57
43
Target ratio: 57 BW Change: 310 Int Change: 0 BW: 576277
57
43
Target ratio: 57 BW Change: 321 Int Change: 0 BW: 575622
57
43
Target ratio: 57 BW Change: 64 Int Change: 0 BW: 590915
57
43
Target ratio: 57 BW Change: 105 Int Change: 0 BW: 588498
57
43
Target ratio: 57 BW Change: 88 Int Change: 0 BW: 589494
57
43
Target ratio: 57 BW Change: 147 Int Change: 0 BW: 585983
57
43
Target ratio: 57 BW Change: 146 Int Change: 0 BW: 586050
57
43
Target ratio: 57 BW Change: 144 Int Change: 0 BW: 586182
61
39
Target ratio: 61 BW Change: 9981 Int Change: 0 BW: 1100
