Running with 
	Sample interval: 100 ms
	Adjust interval: 6000 ms
	Bandwidth saturation cutoff: 200000 MB/s
0
100
0
Target ratio: 100 BW Change: -1851300000 Int Change: 1600 BW: 185131
100
0
Target ratio: 100 BW Change: 213 Int Change: -800 BW: 181180
100
0
Target ratio: 100 BW Change: 9 Int Change: -800 BW: 181010
100
0
Target ratio: 100 BW Change: -19 Int Change: -800 BW: 181361
100
0
Target ratio: 100 BW Change: 57 Int Change: -800 BW: 180317
100
0
Target ratio: 100 BW Change: -40 Int Change: -800 BW: 181048
100
0
Target ratio: 100 BW Change: 32 Int Change: -800 BW: 180467
100
0
Target ratio: 100 BW Change: -66 Int Change: -800 BW: 181673
100
0
Target ratio: 100 BW Change: 50 Int Change: -800 BW: 180752
100
0
Target ratio: 100 BW Change: -69 Int Change: -800 BW: 182007
100
0
Target ratio: 100 BW Change: 69 Int Change: -800 BW: 180750
100
0
Target ratio: 100 BW Change: -110 Int Change: -800 BW: 182747
100
0
Target ratio: 100 BW Change: -287 Int Change: -800 BW: 187994
100
0
Target ratio: 100 BW Change: 89 Int Change: -800 BW: 186313
100
0
Target ratio: 100 BW Change: -17 Int Change: -800 BW: 186639
100
0
Target ratio: 100 BW Change: 30 Int Change: -800 BW: 186069
100
0
Target ratio: 100 BW Change: -3 Int Change: -800 BW: 186132
100
0
Target ratio: 100 BW Change: 90 Int Change: -800 BW: 184445
100
0
Target ratio: 100 BW Change: -97 Int Change: -800 BW: 186243
100
0
Target ratio: 100 BW Change: -5 Int Change: -800 BW: 186343
100
0
Target ratio: 100 BW Change: 109 Int Change: -800 BW: 184304
100
0
Target ratio: 100 BW Change: -214 Int Change: -800 BW: 188258
100
0
Target ratio: 100 BW Change: 85 Int Change: -800 BW: 186656
100
0
Target ratio: 100 BW Change: 225 Int Change: -800 BW: 182438
100
0
Target ratio: 100 BW Change: 48 Int Change: -800 BW: 181550
100
0
Target ratio: 100 BW Change: 17 Int Change: -800 BW: 181241
100
0
Target ratio: 100 BW Change: -19 Int Change: -800 BW: 181602
100
0
Target ratio: 100 BW Change: 40 Int Change: -800 BW: 180875
100
0
Target ratio: 100 BW Change: 14 Int Change: -800 BW: 180621
100
0
Target ratio: 100 BW Change: 27 Int Change: -800 BW: 180118
100
0
Target ratio: 100 BW Change: -67 Int Change: -800 BW: 181336
100
0
Target ratio: 100 BW Change: -17 Int Change: -800 BW: 181645
100
0
Target ratio: 100 BW Change: 23 Int Change: -800 BW: 181222
100
0
Target ratio: 100 BW Change: -42 Int Change: -800 BW: 181990
100
0
Target ratio: 100 BW Change: -197 Int Change: -800 BW: 185585
100
0
Target ratio: 100 BW Change: -60 Int Change: -800 BW: 186710
100
0
Target ratio: 100 BW Change: 36 Int Change: -800 BW: 186034
100
0
Target ratio: 100 BW Change: 20 Int Change: -800 BW: 185660
100
0
Target ratio: 100 BW Change: 85 Int Change: -800 BW: 184065
100
0
Target ratio: 100 BW Change: -104 Int Change: -800 BW: 185983
100
0
Target ratio: 100 BW Change: 104 Int Change: -800 BW: 184038
100
0
Target ratio: 100 BW Change: -95 Int Change: -800 BW: 185804
100
0
Target ratio: 100 BW Change: -20 Int Change: -800 BW: 186189
100
0
Target ratio: 100 BW Change: 21 Int Change: -800 BW: 185787
100
0
Target ratio: 100 BW Change: -23 Int Change: -800 BW: 186226
100
0
Target ratio: 100 BW Change: -298 Int Change: -800 BW: 191789
100
0
Target ratio: 100 BW Change: 601 Int Change: -800 BW: 180246
100
0
Target ratio: 100 BW Change: -35 Int Change: -800 BW: 180878
100
0
Target ratio: 100 BW Change: -11 Int Change: -800 BW: 181093
100
0
Target ratio: 100 BW Change: 19 Int Change: -800 BW: 180739
100
0
Target ratio: 100 BW Change: 81 Int Change: -800 BW: 179269
100
0
Target ratio: 100 BW Change: -102 Int Change: -800 BW: 181114
100
0
Target ratio: 100 BW Change: 20 Int Change: -800 BW: 180737
100
0
Target ratio: 100 BW Change: -42 Int Change: -800 BW: 181502
100
0
Target ratio: 100 BW Change: 24 Int Change: -800 BW: 181062
100
0
Target ratio: 100 BW Change: -14 Int Change: -800 BW: 181329
100
0
Target ratio: 100 BW Change: -4 Int Change: -800 BW: 181417
100
0
Target ratio: 100 BW Change: -1 Int Change: -800 BW: 181448
100
0
Target ratio: 100 BW Change: -238 Int Change: -800 BW: 185784
100
0
Target ratio: 100 BW Change: 0 Int Change: -800 BW: 185767
100
0
Target ratio: 100 BW Change: 144 Int Change: -800 BW: 183079
100
0
Target ratio: 100 BW Change: -144 Int Change: -800 BW: 185731
100
0
Target ratio: 100 BW Change: -9 Int Change: -800 BW: 185907
100
0
Target ratio: 100 BW Change: 4 Int Change: -800 BW: 185815
100
0
Target ratio: 100 BW Change: -8 Int Change: -800 BW: 185976
100
0
Target ratio: 100 BW Change: -14 Int Change: -800 BW: 186245
100
0
Target ratio: 100 BW Change: 12 Int Change: -800 BW: 186020
100
0
Target ratio: 100 BW Change: -21 Int Change: -800 BW: 186421
100
0
Target ratio: 100 BW Change: 125 Int Change: -800 BW: 184084
100
0
Target ratio: 100 BW Change: 88 Int Change: -800 BW: 182455
100
0
Target ratio: 100 BW Change: 81 Int Change: -800 BW: 180972
100
0
Target ratio: 100 BW Change: 18 Int Change: -800 BW: 180639
100
0
Target ratio: 100 BW Change: -57 Int Change: -800 BW: 181681
100
0
Target ratio: 100 BW Change: 75 Int Change: -800 BW: 180305
100
0
Target ratio: 100 BW Change: -53 Int Change: -800 BW: 181276
100
0
Target ratio: 100 BW Change: 19 Int Change: -800 BW: 180914
100
0
Target ratio: 100 BW Change: -18 Int Change: -800 BW: 181253
100
0
Target ratio: 100 BW Change: 3 Int Change: -800 BW: 181198
100
0
Target ratio: 100 BW Change: -15 Int Change: -800 BW: 181472
100
0
Target ratio: 100 BW Change: -8 Int Change: -800 BW: 181634
100
0
Target ratio: 100 BW Change: -439 Int Change: -800 BW: 189618
100
0
Target ratio: 100 BW Change: 118 Int Change: -800 BW: 187377
100
0
Target ratio: 100 BW Change: 99 Int Change: -800 BW: 185520
100
0
Target ratio: 100 BW Change: -16 Int Change: -800 BW: 185835
100
0
Target ratio: 100 BW Change: 81 Int Change: -800 BW: 184322
100
0
Target ratio: 100 BW Change: 7 Int Change: -800 BW: 184183
100
0
Target ratio: 100 BW Change: -113 Int Change: -800 BW: 186272
100
0
Target ratio: 100 BW Change: 4 Int Change: -800 BW: 186196
100
0
Target ratio: 100 BW Change: -12 Int Change: -800 BW: 186430
100
0
Target ratio: 100 BW Change: 101 Int Change: -800 BW: 184536
100
0
Target ratio: 100 BW Change: -95 Int Change: -800 BW: 186296
100
0
Target ratio: 100 BW Change: 252 Int Change: -800 BW: 181587
100
0
Target ratio: 100 BW Change: -13 Int Change: -800 BW: 181839
100
0
Target ratio: 100 BW Change: 51 Int Change: -800 BW: 180896
100
0
Target ratio: 100 BW Change: -25 Int Change: -800 BW: 181351
100
0
Target ratio: 100 BW Change: 28 Int Change: -800 BW: 180828
100
0
Target ratio: 100 BW Change: -19 Int Change: -800 BW: 181172
100
0
Target ratio: 100 BW Change: -8 Int Change: -800 BW: 181320
100
0
Target ratio: 100 BW Change: 3 Int Change: -800 BW: 181250
100
0
Target ratio: 100 BW Change: 0 Int Change: -800 BW: 181252
100
0
Target ratio: 100 BW Change: 5 Int Change: -800 BW: 181152
100
0
Target ratio: 100 BW Change: -26 Int Change: -800 BW: 181631
100
0
Target ratio: 100 BW Change: -526 Int Change: -800 BW: 191193
100
0
Target ratio: 100 BW Change: 343 Int Change: -800 BW: 184619
100
0
Target ratio: 100 BW Change: 0 Int Change: -800 BW: 184606
100
0
Target ratio: 100 BW Change: -37 Int Change: -800 BW: 185305
100
0
Target ratio: 100 BW Change: 12 Int Change: -800 BW: 185073
100
0
Target ratio: 100 BW Change: -52 Int Change: -800 BW: 186045
100
0
Target ratio: 100 BW Change: 5 Int Change: -800 BW: 185944
100
0
Target ratio: 100 BW Change: -15 Int Change: -800 BW: 186233
100
0
Target ratio: 100 BW Change: 42 Int Change: -800 BW: 185444
100
0
Target ratio: 100 BW Change: -84 Int Change: -800 BW: 187019
100
0
Target ratio: 100 BW Change: -46 Int Change: -800 BW: 187882
100
0
Target ratio: 100 BW Change: 303 Int Change: -800 BW: 182175
100
0
Target ratio: 100 BW Change: 17 Int Change: -800 BW: 181861
100
0
Target ratio: 100 BW Change: 56 Int Change: -800 BW: 180828
100
0
Target ratio: 100 BW Change: 5 Int Change: -800 BW: 180736
100
0
Target ratio: 100 BW Change: -14 Int Change: -800 BW: 180991
100
0
Target ratio: 100 BW Change: 5 Int Change: -800 BW: 180890
100
0
Target ratio: 100 BW Change: -21 Int Change: -800 BW: 181278
100
0
Target ratio: 100 BW Change: 25 Int Change: -800 BW: 180818
100
0
Target ratio: 100 BW Change: 2 Int Change: -800 BW: 180766
100
0
Target ratio: 100 BW Change: -24 Int Change: -800 BW: 181212
100
0
Target ratio: 100 BW Change: 20 Int Change: -800 BW: 180842
100
0
Target ratio: 100 BW Change: -5 Int Change: -800 BW: 180938
100
0
Target ratio: 100 BW Change: -275 Int Change: -800 BW: 185926
100
0
Target ratio: 100 BW Change: -21 Int Change: -800 BW: 186322
100
0
Target ratio: 100 BW Change: 9 Int Change: -800 BW: 186149
100
0
Target ratio: 100 BW Change: -1 Int Change: -800 BW: 186168
100
0
Target ratio: 100 BW Change: -25 Int Change: -800 BW: 186637
100
0
Target ratio: 100 BW Change: 77 Int Change: -800 BW: 185193
100
0
Target ratio: 100 BW Change: -45 Int Change: -800 BW: 186041
100
0
Target ratio: 100 BW Change: 80 Int Change: -800 BW: 184549
100
0
Target ratio: 100 BW Change: -62 Int Change: -800 BW: 185704
100
0
Target ratio: 100 BW Change: -39 Int Change: -800 BW: 186445
100
0
Target ratio: 100 BW Change: 7 Int Change: -800 BW: 186305
