Generate Time:       41.18770
Build Time:          28.88463
Graph has 1073741820 nodes and 17022105300 undirected edges for degree: 15
Trial Time:          0.71736
Trial Time:          0.57392
Trial Time:          0.52325
Trial Time:          0.55067
Trial Time:          0.51508
Trial Time:          0.57501
Trial Time:          0.55843
Trial Time:          0.73611
Trial Time:          0.60234
Trial Time:          0.62392
Trial Time:          0.52024
Trial Time:          0.49552
Trial Time:          0.55371
Trial Time:          0.74044
Trial Time:          0.61840
Trial Time:          0.59721
Average Time:        0.59385
