Generate Time:       41.16559
Build Time:          28.95676
Graph has 1073741820 nodes and 17022105300 undirected edges for degree: 15
Trial Time:          0.69840
Trial Time:          0.55369
Trial Time:          0.51296
Trial Time:          0.54456
Trial Time:          0.51544
Trial Time:          0.56448
Trial Time:          0.55068
Trial Time:          0.72249
Trial Time:          0.58195
Trial Time:          0.61125
Trial Time:          0.50959
Trial Time:          0.48872
Trial Time:          0.57469
Trial Time:          0.72590
Trial Time:          0.60072
Trial Time:          0.57448
Average Time:        0.58312
