Generate Time:       49.16113
Build Time:          29.98506
Graph has 1073741820 nodes and 17022105300 undirected edges for degree: 15
Trial Time:          0.77519
Trial Time:          0.65185
Trial Time:          0.59084
Trial Time:          0.60446
Trial Time:          0.57042
Trial Time:          0.64205
Trial Time:          0.62258
Trial Time:          0.85014
Trial Time:          0.67932
Trial Time:          0.70373
Trial Time:          0.57983
Trial Time:          0.55514
Trial Time:          0.62302
Trial Time:          0.85540
Trial Time:          0.69814
Trial Time:          0.66182
Average Time:        0.66650
