Local 460 Remote 820
Local 511 Remote 820
Local 485 Remote 820
Local 469 Remote 820
Local 463 Remote 820
Local 460 Remote 820
Local 464 Remote 820
Local 461 Remote 820
Local 460 Remote 820
Local 496 Remote 820
Local 475 Remote 820
Local 466 Remote 820
Local 462 Remote 820
Local 495 Remote 820
Local 478 Remote 820
Local 497 Remote 820
Local 475 Remote 820
Local 466 Remote 820
Local 469 Remote 820
Local 463 Remote 820
Local 487 Remote 820
Local 473 Remote 820
Local 464 Remote 820
Local 461 Remote 820
Local 460 Remote 820
Local 673 Remote 820
Local 941 Remote 820
Local 803 Remote 820
Local 736 Remote 820
Local 841 Remote 820
Local 720 Remote 820
Local 815 Remote 820
Local 927 Remote 820
Local 881 Remote 820
Local 831 Remote 820
Local 863 Remote 820
Local 909 Remote 820
Local 706 Remote 820
Local 763 Remote 820
Local 922 Remote 820
Local 864 Remote 820
Local 924 Remote 820
Local 1013 Remote 820
Local 901 Remote 820
Local 936 Remote 829
Local 2609 Remote 820
Local 1052 Remote 820
Local 919 Remote 820
Local 772 Remote 820
Local 781 Remote 820
Local 915 Remote 836
Local 861 Remote 820
Local 833 Remote 820
Local 903 Remote 1751
Local 1072 Remote 943
Local 901 Remote 835
Local 949 Remote 820
Local 883 Remote 820
Local 691 Remote 820
Local 899 Remote 830
Local 890 Remote 826
Local 970 Remote 820
Local 634 Remote 820
Local 898 Remote 820
Local 916 Remote 820
Local 1413 Remote 820
Local 952 Remote 969
Local 890 Remote 838
Local 915 Remote 820
Local 882 Remote 820
Local 699 Remote 820
Local 875 Remote 820
Local 899 Remote 820
Local 996 Remote 820
Local 951 Remote 820
Local 919 Remote 820
Local 886 Remote 820
Local 816 Remote 820
Local 980 Remote 820
Local 898 Remote 1296
Local 917 Remote 867
Local 1002 Remote 827
Local 750 Remote 820
Local 925 Remote 1048
Local 897 Remote 850
Local 1057 Remote 822
Local 729 Remote 1202
Local 852 Remote 1528
Local 930 Remote 889
Local 925 Remote 852
Local 724 Remote 829
Local 872 Remote 820
Local 877 Remote 820
Local 877 Remote 820
Local 815 Remote 977
Local 926 Remote 857
Local 929 Remote 824
Local 914 Remote 820
Local 916 Remote 944
Local 863 Remote 934
Local 902 Remote 842
Local 919 Remote 824
Local 896 Remote 820
Local 682 Remote 921
Local 884 Remote 837
Local 900 Remote 820
Local 902 Remote 820
Local 947 Remote 968
Local 798 Remote 845
Local 878 Remote 822
Local 920 Remote 820
Local 918 Remote 1171
Local 620 Remote 881
Local 897 Remote 843
Local 869 Remote 838
Local 902 Remote 1030
Local 944 Remote 1094
Local 836 Remote 867
Local 900 Remote 823
Local 915 Remote 820
Local 727 Remote 1288
Local 1044 Remote 1075
Local 907 Remote 876
Local 891 Remote 859
Local 893 Remote 823
Local 704 Remote 1024
Local 782 Remote 855
Local 894 Remote 964
Local 883 Remote 1047
Local 706 Remote 1188
Local 890 Remote 885
Local 918 Remote 887
Local 905 Remote 856
Local 960 Remote 932
Local 634 Remote 939
Local 813 Remote 1015
Local 922 Remote 838
Local 895 Remote 820
Local 783 Remote 1564
Local 654 Remote 1058
Local 890 Remote 922
Local 910 Remote 842
Local 916 Remote 822
Local 636 Remote 1042
Local 1050 Remote 943
Local 929 Remote 897
Local 907 Remote 847
Local 906 Remote 822
Local 747 Remote 1033
Local 794 Remote 856
Local 889 Remote 871
Local 919 Remote 854
Local 874 Remote 822
Local 870 Remote 1013
Local 949 Remote 856
Local 915 Remote 843
Local 879 Remote 829
Local 933 Remote 820
Local 668 Remote 966
Local 893 Remote 844
Local 889 Remote 929
Local 890 Remote 878
Local 842 Remote 870
Local 696 Remote 986
Local 903 Remote 859
Local 830 Remote 823
Local 792 Remote 822
Local 643 Remote 1279
Local 662 Remote 901
Local 806 Remote 835
Local 818 Remote 821
Local 784 Remote 835
Local 673 Remote 1069
Local 658 Remote 974
Local 763 Remote 848
Local 776 Remote 829
Local 799 Remote 820
Local 715 Remote 983
Local 823 Remote 847
Local 798 Remote 838
Local 852 Remote 820
Local 641 Remote 1511
Local 582 Remote 942
Local 795 Remote 844
Local 812 Remote 826
Local 756 Remote 820
Local 688 Remote 1122
Local 719 Remote 895
Local 744 Remote 831
Local 791 Remote 928
Local 788 Remote 1325
Local 692 Remote 909
Local 726 Remote 848
Local 760 Remote 921
Local 795 Remote 863
Local 631 Remote 1195
Local 875 Remote 920
Local 781 Remote 891
Local 776 Remote 826
Local 1063 Remote 1342
Local 726 Remote 912
Local 777 Remote 835
Local 766 Remote 821
Local 789 Remote 821
Local 654 Remote 1521
Local 714 Remote 953
Local 749 Remote 853
Local 749 Remote 827
Local 726 Remote 1188
Local 778 Remote 970
Local 733 Remote 890
Local 731 Remote 826
Local 652 Remote 1338
Local 592 Remote 921
Local 773 Remote 876
Local 735 Remote 832
Local 682 Remote 1925
Local 620 Remote 966
Local 726 Remote 849
Local 785 Remote 854
Local 633 Remote 1312
Local 715 Remote 1774
Local 794 Remote 925
Local 764 Remote 847
Local 655 Remote 829
Local 692 Remote 875
Local 807 Remote 840
Local 786 Remote 847
Local 674 Remote 1488
Local 664 Remote 945
Local 781 Remote 843
Local 762 Remote 825
Local 682 Remote 1343
Local 637 Remote 889
Local 771 Remote 844
Local 740 Remote 824
Local 680 Remote 1327
Local 835 Remote 895
Local 810 Remote 845
Local 757 Remote 824
Local 651 Remote 1273
Local 986 Remote 879
Local 812 Remote 840
Local 802 Remote 847
Local 697 Remote 1485
Local 886 Remote 907
Local 780 Remote 829
Local 790 Remote 871
Local 684 Remote 1714
Local 543 Remote 1048
Local 761 Remote 843
Local 798 Remote 835
Local 691 Remote 1538
Local 758 Remote 914
Local 789 Remote 895
Local 786 Remote 829
Local 661 Remote 1271
Local 852 Remote 898
Local 807 Remote 828
Local 792 Remote 833
Local 641 Remote 1271
Local 760 Remote 963
Local 799 Remote 836
Local 740 Remote 821
Local 714 Remote 1402
Local 647 Remote 896
Local 749 Remote 841
Local 759 Remote 821
Local 682 Remote 1303
Local 663 Remote 1103
Local 747 Remote 908
Local 738 Remote 835
Local 680 Remote 1307
Local 656 Remote 1087
Local 750 Remote 962
Local 746 Remote 835
Local 697 Remote 1174
Local 881 Remote 897
Local 774 Remote 863
Local 741 Remote 848
Local 665 Remote 1314
Local 762 Remote 957
Local 800 Remote 859
Local 793 Remote 831
Local 680 Remote 835
Local 1055 Remote 821
Local 798 Remote 855
Local 769 Remote 908
Local 690 Remote 916
Local 860 Remote 1369
Local 778 Remote 898
Local 774 Remote 838
Local 1042 Remote 820
Local 732 Remote 820
Local 770 Remote 980
Local 789 Remote 867
Local 685 Remote 868
Local 738 Remote 826
Local 783 Remote 858
Local 816 Remote 857
Local 727 Remote 824
Local 656 Remote 820
Local 838 Remote 832
Local 792 Remote 833
Local 777 Remote 973
Local 944 Remote 860
Local 776 Remote 844
Local 750 Remote 842
Local 731 Remote 954
Local 763 Remote 837
Local 659 Remote 822
Local 781 Remote 840
Local 778 Remote 843
Local 792 Remote 872
Local 670 Remote 826
Local 724 Remote 1349
Local 729 Remote 883
Local 677 Remote 832
Local 707 Remote 937
Local 800 Remote 891
Local 789 Remote 850
Local 950 Remote 831
Local 821 Remote 820
Local 841 Remote 845
Local 752 Remote 834
Local 769 Remote 825
Local 658 Remote 820
Local 761 Remote 832
Local 728 Remote 858
Local 768 Remote 850
Local 719 Remote 823
Local 774 Remote 859
Local 742 Remote 844
Local 787 Remote 850
Local 799 Remote 833
Local 795 Remote 892
Local 727 Remote 847
Local 755 Remote 831
Local 550 Remote 821
Local 812 Remote 848
Local 799 Remote 828
Local 791 Remote 825
Local 759 Remote 820
Local 863 Remote 867
Local 776 Remote 825
Local 780 Remote 827
Local 792 Remote 820
Local 831 Remote 820
Local 885 Remote 820
Local 1125 Remote 833
Local 793 Remote 821
Local 916 Remote 820
Local 811 Remote 820
Local 967 Remote 820
Local 899 Remote 820
Local 837 Remote 820
Local 1138 Remote 820
Local 889 Remote 820
Local 925 Remote 829
Local 797 Remote 820
Local 864 Remote 820
Local 997 Remote 1063
Local 688 Remote 862
Local 911 Remote 826
Local 1036 Remote 820
Local 835 Remote 820
Local 945 Remote 820
Local 994 Remote 820
Local 1053 Remote 820
Local 974 Remote 820
Local 1000 Remote 820
Local 929 Remote 820
Local 946 Remote 825
Local 980 Remote 820
Local 838 Remote 820
Local 912 Remote 820
Local 870 Remote 844
Local 634 Remote 823
Local 942 Remote 847
Local 903 Remote 823
Local 991 Remote 820
Local 932 Remote 820
Local 936 Remote 820
Local 902 Remote 835
Local 821 Remote 822
Local 881 Remote 820
Local 901 Remote 820
Local 875 Remote 820
Local 1044 Remote 820
Local 914 Remote 820
Local 880 Remote 826
Local 1045 Remote 820
Local 973 Remote 820
Local 877 Remote 952
Local 895 Remote 1788
Local 910 Remote 948
Local 958 Remote 842
Local 893 Remote 821
Local 865 Remote 820
Local 787 Remote 820
Local 892 Remote 820
Local 886 Remote 820
Local 907 Remote 820
Local 1491 Remote 820
Local 1068 Remote 820
Local 983 Remote 820
Local 890 Remote 820
Local 1092 Remote 842
Local 915 Remote 822
Local 948 Remote 820
Local 907 Remote 843
Local 919 Remote 822
Local 681 Remote 820
Local 943 Remote 820
Local 880 Remote 861
Local 929 Remote 1436
Local 1080 Remote 928
Local 778 Remote 848
Local 922 Remote 823
Local 847 Remote 826
Local 957 Remote 823
Local 673 Remote 828
Local 818 Remote 931
Local 815 Remote 833
Local 663 Remote 820
Local 661 Remote 850
Local 813 Remote 841
Local 805 Remote 829
Local 886 Remote 820
Local 937 Remote 841
Local 823 Remote 871
Local 816 Remote 882
Local 940 Remote 825
Local 749 Remote 844
Local 787 Remote 875
Local 800 Remote 847
Local 901 Remote 828
Local 806 Remote 823
Local 806 Remote 880
Local 810 Remote 865
Local 842 Remote 827
Local 611 Remote 820
Local 792 Remote 860
Local 787 Remote 826
Local 2313 Remote 823
Local 841 Remote 822
Local 683 Remote 838
Local 700 Remote 869
Local 558 Remote 835
Local 753 Remote 918
Local 684 Remote 856
Local 705 Remote 848
Local 730 Remote 829
Local 835 Remote 1080
Local 700 Remote 912
Local 695 Remote 876
Local 556 Remote 835
Local 686 Remote 944
Local 683 Remote 860
Local 692 Remote 911
Local 949 Remote 967
Local 870 Remote 992
Local 752 Remote 891
Local 699 Remote 913
Local 798 Remote 833
Local 734 Remote 862
Local 756 Remote 909
Local 685 Remote 873
Local 718 Remote 841
Local 916 Remote 829
Local 707 Remote 926
Local 698 Remote 871
Local 815 Remote 829
Local 641 Remote 863
Local 694 Remote 906
Local 708 Remote 853
Local 579 Remote 833
Local 541 Remote 865
Local 692 Remote 916
Local 718 Remote 878
Local 719 Remote 868
Local 583 Remote 870
Local 825 Remote 905
Local 721 Remote 861
Local 661 Remote 855
Local 691 Remote 875
Local 686 Remote 943
Local 702 Remote 871
Local 695 Remote 892
Local 664 Remote 831
Local 690 Remote 838
Local 717 Remote 853
Local 694 Remote 877
Local 772 Remote 831
Local 715 Remote 832
Local 717 Remote 943
Local 705 Remote 913
Local 1028 Remote 862
Local 924 Remote 839
Local 732 Remote 867
Local 736 Remote 829
Local 1060 Remote 826
Local 638 Remote 841
Local 712 Remote 864
Local 726 Remote 852
Local 683 Remote 894
Local 586 Remote 869
Local 712 Remote 896
Local 709 Remote 898
Local 682 Remote 841
Local 943 Remote 903
Local 795 Remote 833
Local 723 Remote 858
Local 689 Remote 859
Local 918 Remote 829
Local 670 Remote 828
Local 721 Remote 845
Local 662 Remote 879
Local 845 Remote 830
Local 610 Remote 860
Local 704 Remote 870
Local 707 Remote 852
Local 847 Remote 827
Local 692 Remote 828
Local 716 Remote 885
Local 697 Remote 863
Local 2383 Remote 833
Local 896 Remote 925
Local 714 Remote 882
Local 670 Remote 861
Local 1030 Remote 829
Local 639 Remote 888
Local 703 Remote 856
Local 691 Remote 833
Local 636 Remote 835
Local 676 Remote 821
Local 719 Remote 847
Local 704 Remote 860
Local 751 Remote 828
Local 601 Remote 858
Local 699 Remote 883
Local 697 Remote 927
Local 771 Remote 838
Local 633 Remote 837
Local 717 Remote 866
Local 684 Remote 910
Local 730 Remote 840
Local 605 Remote 829
Local 690 Remote 889
Local 689 Remote 836
Local 857 Remote 853
Local 678 Remote 835
Local 717 Remote 882
Local 713 Remote 836
Local 686 Remote 833
Local 596 Remote 824
Local 697 Remote 866
Local 686 Remote 875
Local 1044 Remote 833
Local 705 Remote 854
Local 712 Remote 888
Local 726 Remote 837
Local 794 Remote 821
Local 728 Remote 983
Local 690 Remote 872
Local 687 Remote 889
Local 762 Remote 847
Local 670 Remote 957
Local 698 Remote 918
Local 719 Remote 876
Local 1034 Remote 829
Local 876 Remote 1157
Local 724 Remote 947
Local 694 Remote 874
Local 678 Remote 831
Local 1284 Remote 864
Local 787 Remote 865
Local 691 Remote 861
Local 694 Remote 829
Local 841 Remote 835
Local 716 Remote 838
Local 681 Remote 859
Local 725 Remote 828
Local 766 Remote 1198
Local 702 Remote 918
Local 687 Remote 886
Local 766 Remote 833
Local 711 Remote 821
Local 720 Remote 888
Local 699 Remote 887
Local 863 Remote 852
Local 634 Remote 853
Local 694 Remote 849
Local 691 Remote 852
Local 661 Remote 831
Local 607 Remote 820
Local 744 Remote 846
Local 678 Remote 866
Local 883 Remote 833
Local 678 Remote 841
Local 714 Remote 873
Local 699 Remote 841
Local 769 Remote 847
Local 675 Remote 863
Local 724 Remote 877
Local 721 Remote 906
Local 577 Remote 844
Local 618 Remote 844
Local 701 Remote 850
Local 716 Remote 853
Local 919 Remote 837
Local 650 Remote 837
Local 719 Remote 862
Local 713 Remote 891
Local 592 Remote 848
Local 745 Remote 824
Local 731 Remote 902
Local 722 Remote 891
Local 858 Remote 832
Local 644 Remote 845
Local 700 Remote 924
Local 698 Remote 836
Local 853 Remote 909
Local 1112 Remote 968
Local 732 Remote 865
Local 699 Remote 858
Local 609 Remote 829
Local 661 Remote 1084
Local 737 Remote 891
Local 693 Remote 886
Local 659 Remote 835
Local 689 Remote 829
Local 722 Remote 882
Local 695 Remote 847
Local 712 Remote 824
Local 804 Remote 831
Local 687 Remote 888
Local 713 Remote 909
Local 667 Remote 835
Local 829 Remote 881
Local 727 Remote 892
Local 679 Remote 857
Local 684 Remote 838
Local 814 Remote 831
Local 684 Remote 867
Local 712 Remote 840
Local 554 Remote 833
Local 706 Remote 928
Local 694 Remote 873
Local 656 Remote 864
Local 556 Remote 832
Local 670 Remote 945
Local 707 Remote 888
Local 715 Remote 859
Local 797 Remote 835
Local 698 Remote 826
Local 568 Remote 822
Local 511 Remote 820
Local 529 Remote 820
Local 488 Remote 820
Local 679 Remote 820
Local 884 Remote 820
Local 1258 Remote 820
Local 1039 Remote 820
Local 1050 Remote 820
Local 827 Remote 820
Local 852 Remote 820
Local 966 Remote 820
Local 881 Remote 820
Local 735 Remote 820
Local 826 Remote 820
Local 887 Remote 820
Local 896 Remote 826
Local 1043 Remote 820
Local 901 Remote 820
Local 731 Remote 820
Local 897 Remote 820
Local 973 Remote 820
Local 758 Remote 820
Local 904 Remote 820
Local 994 Remote 820
Local 796 Remote 820
Local 902 Remote 820
Local 1720 Remote 820
Local 881 Remote 820
Local 933 Remote 820
Local 878 Remote 820
Local 942 Remote 820
Local 1007 Remote 820
Local 879 Remote 820
Local 1079 Remote 829
Local 1016 Remote 820
Local 903 Remote 820
Local 874 Remote 856
Local 1051 Remote 828
Local 887 Remote 821
Local 943 Remote 820
Local 907 Remote 823
Local 755 Remote 820
Local 736 Remote 820
Local 857 Remote 820
Local 912 Remote 1096
Local 862 Remote 868
Local 862 Remote 828
Local 902 Remote 820
Local 944 Remote 820
Local 776 Remote 820
Local 977 Remote 820
Local 886 Remote 820
Local 897 Remote 820
Local 893 Remote 820
Local 1034 Remote 820
Local 940 Remote 820
Local 908 Remote 841
Local 1241 Remote 822
Local 1111 Remote 820
Local 921 Remote 820
Local 875 Remote 1266
Local 892 Remote 896
Local 770 Remote 837
Local 960 Remote 822
Local 865 Remote 820
Local 882 Remote 820
Local 955 Remote 820
Local 813 Remote 2104
Local 921 Remote 990
Local 910 Remote 841
Local 876 Remote 822
Local 762 Remote 820
Local 981 Remote 820
Local 968 Remote 820
Local 905 Remote 829
Local 860 Remote 820
Local 741 Remote 820
Local 851 Remote 820
Local 936 Remote 868
Local 881 Remote 827
Local 887 Remote 820
Local 946 Remote 820
Local 982 Remote 864
Local 907 Remote 824
Local 919 Remote 820
Local 897 Remote 820
Local 1114 Remote 820
Local 886 Remote 856
Local 928 Remote 824
Local 911 Remote 820
Local 827 Remote 874
Local 729 Remote 829
Local 903 Remote 820
Local 921 Remote 820
Local 894 Remote 820
Local 863 Remote 820
Local 735 Remote 820
Local 905 Remote 940
Local 931 Remote 945
Local 923 Remote 831
Local 882 Remote 841
Local 978 Remote 824
Local 903 Remote 820
Local 900 Remote 820
Local 1052 Remote 949
Local 855 Remote 842
Local 883 Remote 821
Local 917 Remote 820
Local 896 Remote 820
Local 897 Remote 892
Local 981 Remote 832
Local 935 Remote 824
Local 953 Remote 820
Local 874 Remote 820
Local 653 Remote 859
Local 927 Remote 839
Local 916 Remote 820
Local 877 Remote 820
Local 938 Remote 927
Local 640 Remote 838
Local 867 Remote 894
Local 895 Remote 829
Local 909 Remote 820
Local 903 Remote 820
Local 1614 Remote 1082
Local 988 Remote 865
Local 917 Remote 831
Local 905 Remote 820
Local 939 Remote 820
Local 870 Remote 883
Local 754 Remote 830
Local 907 Remote 820
Local 896 Remote 820
Local 900 Remote 820
Local 717 Remote 910
Local 717 Remote 870
Local 875 Remote 857
Local 921 Remote 823
Local 875 Remote 1813
Local 978 Remote 1066
Local 1022 Remote 862
Local 910 Remote 833
Local 837 Remote 831
Local 866 Remote 867
Local 892 Remote 1241
Local 777 Remote 894
Local 843 Remote 860
Local 813 Remote 828
Local 862 Remote 841
Local 773 Remote 932
Local 786 Remote 839
Local 846 Remote 822
Local 843 Remote 824
Local 799 Remote 820
Local 677 Remote 892
Local 676 Remote 832
Local 803 Remote 853
Local 864 Remote 889
Local 756 Remote 848
Local 908 Remote 946
Local 906 Remote 925
Local 797 Remote 850
Local 771 Remote 877
Local 802 Remote 829
Local 654 Remote 844
Local 805 Remote 823
Local 794 Remote 909
Local 794 Remote 852
Local 805 Remote 829
Local 730 Remote 833
Local 834 Remote 821
Local 829 Remote 838
Local 799 Remote 831
Local 794 Remote 853
Local 730 Remote 838
Local 784 Remote 838
Local 818 Remote 871
Local 818 Remote 946
Local 804 Remote 831
Local 877 Remote 887
Local 850 Remote 1167
Local 820 Remote 893
Local 776 Remote 869
Local 688 Remote 828
Local 695 Remote 844
Local 818 Remote 865
Local 799 Remote 841
Local 814 Remote 823
Local 672 Remote 904
Local 905 Remote 1131
Local 844 Remote 883
Local 807 Remote 891
Local 698 Remote 865
Local 788 Remote 824
Local 818 Remote 826
Local 814 Remote 847
Local 774 Remote 824
Local 679 Remote 838
Local 826 Remote 822
Local 757 Remote 820
Local 787 Remote 833
Local 894 Remote 999
Local 745 Remote 925
Local 796 Remote 842
Local 773 Remote 821
Local 757 Remote 824
Local 671 Remote 892
Local 812 Remote 863
Local 800 Remote 831
Local 735 Remote 820
Local 851 Remote 848
Local 786 Remote 824
Local 781 Remote 852
Local 772 Remote 866
Local 772 Remote 833
Local 527 Remote 821
Local 717 Remote 823
Local 786 Remote 820
Local 797 Remote 823
Local 816 Remote 913
Local 781 Remote 835
Local 804 Remote 823
Local 758 Remote 842
Local 753 Remote 829
Local 634 Remote 841
Local 813 Remote 897
Local 756 Remote 862
Local 786 Remote 831
Local 1037 Remote 929
Local 1350 Remote 838
Local 826 Remote 823
Local 769 Remote 891
Local 790 Remote 828
Local 605 Remote 918
Local 938 Remote 860
Local 801 Remote 837
Local 785 Remote 841
Local 734 Remote 826
Local 802 Remote 829
Local 806 Remote 890
Local 770 Remote 832
Local 880 Remote 875
Local 921 Remote 829
Local 797 Remote 1101
Local 791 Remote 879
Local 764 Remote 826
Local 646 Remote 1044
Local 875 Remote 890
Local 797 Remote 847
Local 747 Remote 842
Local 811 Remote 826
Local 609 Remote 820
Local 756 Remote 832
Local 735 Remote 820
Local 775 Remote 838
Local 586 Remote 844
Local 774 Remote 836
Local 771 Remote 837
Local 783 Remote 822
Local 712 Remote 820
Local 630 Remote 820
Local 762 Remote 851
Local 727 Remote 838
Local 883 Remote 821
Local 547 Remote 826
Local 820 Remote 860
Local 773 Remote 854
Local 774 Remote 930
Local 962 Remote 1009
Local 786 Remote 964
Local 819 Remote 881
Local 798 Remote 865
Local 753 Remote 825
Local 556 Remote 829
Local 848 Remote 822
Local 781 Remote 829
Local 789 Remote 850
Local 887 Remote 1147
Local 833 Remote 880
Local 755 Remote 828
Local 773 Remote 831
Local 838 Remote 1169
Local 829 Remote 868
Local 756 Remote 1032
Local 756 Remote 847
Local 762 Remote 838
Local 646 Remote 907
Local 859 Remote 851
Local 829 Remote 872
Local 748 Remote 878
Local 1226 Remote 829
Local 942 Remote 851
Local 807 Remote 880
Local 789 Remote 844
Local 751 Remote 823
Local 704 Remote 820
Local 841 Remote 845
Local 758 Remote 857
Local 774 Remote 871
Local 664 Remote 835
Local 729 Remote 880
Local 770 Remote 830
Local 784 Remote 828
Local 785 Remote 831
Local 616 Remote 880
Local 778 Remote 845
Local 783 Remote 839
Local 791 Remote 822
Local 1077 Remote 1039
Local 718 Remote 858
Local 769 Remote 828
Local 777 Remote 835
Local 985 Remote 1134
Local 925 Remote 896
Local 784 Remote 865
Local 761 Remote 826
Local 771 Remote 847
Local 618 Remote 833
Local 816 Remote 821
Local 788 Remote 943
Local 771 Remote 847
Local 882 Remote 1213
Local 798 Remote 909
Local 783 Remote 1078
Local 752 Remote 851
Local 776 Remote 864
Local 614 Remote 897
Local 831 Remote 1786
Local 772 Remote 966
Local 730 Remote 838
Local 853 Remote 1117
Local 970 Remote 862
Local 771 Remote 848
Local 747 Remote 851
Local 782 Remote 828
Local 589 Remote 1038
Local 1020 Remote 866
Local 765 Remote 834
Local 768 Remote 824
Local 668 Remote 881
Local 856 Remote 829
Local 768 Remote 820
Local 743 Remote 820
Local 757 Remote 820
Local 592 Remote 874
Local 861 Remote 832
Local 779 Remote 851
Local 769 Remote 862
Local 659 Remote 827
Local 936 Remote 820
Local 934 Remote 820
Local 1674 Remote 820
Local 852 Remote 820
Local 926 Remote 820
Local 846 Remote 820
Local 1003 Remote 820
Local 795 Remote 820
Local 1045 Remote 820
Local 1128 Remote 820
Local 694 Remote 820
Local 913 Remote 920
Local 851 Remote 837
Local 804 Remote 822
Local 882 Remote 820
Local 712 Remote 820
Local 915 Remote 820
Local 888 Remote 820
Local 771 Remote 820
Local 896 Remote 836
Local 923 Remote 821
Local 1132 Remote 820
Local 967 Remote 820
Local 929 Remote 1549
Local 1037 Remote 967
Local 836 Remote 970
Local 875 Remote 839
Local 1059 Remote 822
Local 794 Remote 820
Local 897 Remote 828
Local 848 Remote 820
Local 641 Remote 820
Local 900 Remote 820
Local 907 Remote 823
Local 1033 Remote 820
Local 846 Remote 820
Local 884 Remote 820
Local 873 Remote 822
Local 916 Remote 820
Local 918 Remote 820
Local 927 Remote 820
Local 915 Remote 820
Local 620 Remote 820
Local 886 Remote 820
Local 929 Remote 820
Local 1015 Remote 820
Local 1021 Remote 824
Local 883 Remote 820
Local 882 Remote 820
Local 820 Remote 820
Local 814 Remote 820
Local 868 Remote 820
Local 875 Remote 820
Local 860 Remote 820
Local 1135 Remote 820
Local 934 Remote 820
Local 878 Remote 828
Local 867 Remote 820
Local 818 Remote 823
Local 910 Remote 831
Local 908 Remote 844
Local 1065 Remote 822
Local 1253 Remote 820
Local 949 Remote 820
Local 906 Remote 823
Local 894 Remote 995
Local 919 Remote 850
Local 985 Remote 824
Local 937 Remote 826
Local 882 Remote 820
Local 744 Remote 820
Local 692 Remote 820
Local 891 Remote 820
Local 868 Remote 820
Local 833 Remote 820
Local 942 Remote 820
Local 922 Remote 820
Local 893 Remote 1002
Local 1094 Remote 843
Local 769 Remote 1231
Local 928 Remote 874
Local 894 Remote 824
Local 916 Remote 820
Local 668 Remote 838
Local 854 Remote 822
Local 886 Remote 826
Local 902 Remote 820
Local 889 Remote 1189
Local 909 Remote 885
Local 928 Remote 828
Local 903 Remote 880
Local 939 Remote 1096
Local 745 Remote 896
Local 889 Remote 951
Local 860 Remote 832
Local 902 Remote 820
Local 730 Remote 957
Local 972 Remote 843
Local 931 Remote 835
Local 884 Remote 885
Local 727 Remote 1104
Local 703 Remote 869
Local 921 Remote 861
Local 892 Remote 855
Local 790 Remote 2834
Local 720 Remote 1119
Local 885 Remote 1056
Local 918 Remote 883
Local 757 Remote 1451
Local 637 Remote 907
Local 883 Remote 904
Local 892 Remote 942
Local 716 Remote 831
Local 721 Remote 929
Local 891 Remote 944
Local 884 Remote 896
Local 831 Remote 831
Local 626 Remote 1144
Local 687 Remote 1252
Local 808 Remote 878
Local 845 Remote 829
Local 836 Remote 1369
Local 757 Remote 900
Local 836 Remote 826
Local 872 Remote 821
Local 878 Remote 825
Local 669 Remote 966
Local 863 Remote 1036
Local 852 Remote 859
Local 839 Remote 824
Local 682 Remote 1527
Local 601 Remote 944
Local 830 Remote 846
Local 822 Remote 826
Local 804 Remote 820
Local 719 Remote 944
Local 791 Remote 878
Local 790 Remote 824
Local 771 Remote 825
Local 820 Remote 1013
Local 831 Remote 862
Local 771 Remote 824
Local 792 Remote 832
Local 627 Remote 1156
Local 674 Remote 878
Local 771 Remote 833
Local 797 Remote 828
Local 700 Remote 1636
Local 637 Remote 928
Local 786 Remote 865
Local 757 Remote 865
Local 758 Remote 829
Local 652 Remote 958
Local 853 Remote 862
Local 800 Remote 833
Local 769 Remote 826
Local 741 Remote 1387
Local 710 Remote 953
Local 770 Remote 835
Local 785 Remote 829
Local 634 Remote 1435
Local 706 Remote 991
Local 768 Remote 840
Local 766 Remote 838
Local 679 Remote 1492
Local 843 Remote 909
Local 815 Remote 840
Local 780 Remote 824
Local 735 Remote 1420
Local 594 Remote 2431
Local 732 Remote 1114
Local 780 Remote 850
Local 807 Remote 826
Local 592 Remote 1416
Local 683 Remote 913
Local 744 Remote 879
Local 792 Remote 831
Local 633 Remote 1327
Local 667 Remote 909
Local 789 Remote 875
Local 766 Remote 830
Local 702 Remote 1451
Local 720 Remote 949
Local 791 Remote 839
Local 804 Remote 822
Local 761 Remote 1382
Local 539 Remote 919
Local 923 Remote 882
Local 784 Remote 827
Local 779 Remote 828
Local 635 Remote 1419
Local 595 Remote 945
Local 746 Remote 835
Local 792 Remote 824
Local 813 Remote 1400
Local 697 Remote 970
Local 784 Remote 844
Local 757 Remote 832
Local 733 Remote 1423
Local 588 Remote 926
Local 808 Remote 877
Local 804 Remote 869
Local 786 Remote 826
Local 645 Remote 1375
Local 547 Remote 918
Local 739 Remote 847
Local 723 Remote 822
Local 623 Remote 1519
Local 591 Remote 2063
Local 767 Remote 1037
Local 752 Remote 845
Local 621 Remote 1444
Local 510 Remote 930
Local 759 Remote 841
Local 771 Remote 826
Local 631 Remote 1591
Local 580 Remote 1071
Local 754 Remote 860
Local 777 Remote 828
Local 634 Remote 1445
Local 541 Remote 971
Local 792 Remote 847
Local 770 Remote 841
Local 645 Remote 1592
Local 515 Remote 956
Local 743 Remote 846
Local 777 Remote 825
Local 633 Remote 1500
Local 704 Remote 940
Local 793 Remote 906
Local 769 Remote 829
Local 628 Remote 1507
Local 561 Remote 941
Local 768 Remote 843
Local 789 Remote 822
Local 637 Remote 1655
Local 698 Remote 967
Local 771 Remote 850
Local 758 Remote 822
Local 631 Remote 1607
Local 646 Remote 959
Local 796 Remote 835
Local 764 Remote 824
Local 916 Remote 1363
Local 618 Remote 974
Local 787 Remote 842
Local 767 Remote 822
Local 616 Remote 1171
Local 931 Remote 881
Local 789 Remote 846
Local 758 Remote 829
Local 635 Remote 1143
Local 597 Remote 876
Local 796 Remote 838
Local 780 Remote 832
Local 636 Remote 1119
Local 800 Remote 872
Local 769 Remote 863
Local 794 Remote 824
Local 642 Remote 1600
Local 589 Remote 958
Local 755 Remote 843
Local 773 Remote 880
Local 647 Remote 1412
Local 648 Remote 1021
Local 762 Remote 865
Local 773 Remote 826
Local 628 Remote 1248
Local 772 Remote 895
Local 800 Remote 860
Local 796 Remote 823
Local 838 Remote 1154
Local 764 Remote 878
Local 776 Remote 833
Local 754 Remote 820
Local 700 Remote 820
Local 1001 Remote 820
Local 816 Remote 826
Local 757 Remote 822
Local 904 Remote 829
Local 663 Remote 826
Local 756 Remote 826
Local 790 Remote 827
Local 690 Remote 826
Local 618 Remote 828
Local 794 Remote 921
Local 766 Remote 850
Local 1018 Remote 829
Local 810 Remote 929
Local 778 Remote 829
Local 747 Remote 823
Local 749 Remote 823
Local 673 Remote 847
Local 762 Remote 848
Local 763 Remote 832
Local 2074 Remote 831
Local 973 Remote 840
Local 841 Remote 830
Local 791 Remote 820
Local 726 Remote 820
Local 851 Remote 823
Local 758 Remote 826
Local 756 Remote 838
Local 944 Remote 829
Local 839 Remote 820
Local 806 Remote 872
Local 776 Remote 849
Local 689 Remote 823
Local 806 Remote 854
Local 776 Remote 877
Local 758 Remote 829
Local 757 Remote 822
Local 758 Remote 892
Local 826 Remote 847
Local 775 Remote 828
Local 922 Remote 832
Local 654 Remote 824
Local 564 Remote 821
Local 544 Remote 820
Local 504 Remote 820
Local 478 Remote 820
Local 850 Remote 820
Local 915 Remote 820
Local 1008 Remote 843
Local 831 Remote 822
Local 823 Remote 820
Local 705 Remote 820
Local 864 Remote 820
Local 925 Remote 820
Local 938 Remote 820
Local 940 Remote 820
Local 777 Remote 820
Local 885 Remote 820
Local 780 Remote 833
Local 956 Remote 3091
Local 925 Remote 1123
Local 852 Remote 873
Local 911 Remote 828
Local 985 Remote 823
Local 757 Remote 820
Local 919 Remote 1105
Local 679 Remote 877
Local 785 Remote 829
Local 881 Remote 820
Local 979 Remote 820
Local 780 Remote 820
Local 856 Remote 841
Local 1036 Remote 821
Local 804 Remote 824
Local 880 Remote 1286
Local 1127 Remote 876
Local 1155 Remote 826
Local 962 Remote 820
Local 924 Remote 820
Local 827 Remote 820
Local 823 Remote 820
Local 904 Remote 820
Local 937 Remote 823
Local 740 Remote 820
Local 937 Remote 2837
Local 940 Remote 1020
Local 799 Remote 1383
Local 707 Remote 894
Local 863 Remote 829
Local 902 Remote 824
Local 1220 Remote 1179
Local 684 Remote 883
Local 879 Remote 878
Local 916 Remote 1829
Local 757 Remote 1369
Local 795 Remote 922
Local 896 Remote 848
Local 898 Remote 884
Local 638 Remote 1069
Local 831 Remote 872
Local 865 Remote 837
Local 828 Remote 824
Local 665 Remote 1150
Local 846 Remote 870
Local 787 Remote 826
Local 785 Remote 820
Local 537 Remote 991
Local 738 Remote 859
Local 818 Remote 848
Local 797 Remote 824
Local 729 Remote 3575
Local 618 Remote 1344
Local 753 Remote 889
Local 815 Remote 826
Local 803 Remote 1252
Local 536 Remote 896
Local 786 Remote 832
Local 810 Remote 824
Local 844 Remote 820
Local 713 Remote 948
Local 778 Remote 872
Local 785 Remote 826
Local 792 Remote 850
Local 632 Remote 1153
Local 702 Remote 875
Local 766 Remote 824
Local 784 Remote 820
Local 689 Remote 1726
Local 766 Remote 1085
Local 796 Remote 868
Local 786 Remote 827
Local 724 Remote 1713
Local 621 Remote 948
Local 829 Remote 877
Local 780 Remote 829
Local 634 Remote 1546
Local 676 Remote 971
Local 842 Remote 849
Local 800 Remote 835
Local 604 Remote 1040
Local 740 Remote 1139
Local 797 Remote 863
Local 806 Remote 824
Local 654 Remote 1523
Local 737 Remote 1003
Local 815 Remote 840
Local 761 Remote 822
Local 699 Remote 1192
Local 598 Remote 885
Local 771 Remote 834
Local 806 Remote 821
Local 764 Remote 825
Local 632 Remote 976
Local 792 Remote 840
Local 824 Remote 821
Local 779 Remote 820
Local 640 Remote 1389
Local 1012 Remote 950
Local 818 Remote 850
Local 826 Remote 849
Local 814 Remote 824
Local 608 Remote 1036
Local 776 Remote 876
Local 819 Remote 845
Local 792 Remote 823
Local 659 Remote 1093
Local 613 Remote 868
Local 802 Remote 842
Local 775 Remote 826
Local 806 Remote 820
Local 633 Remote 1547
Local 766 Remote 963
Local 784 Remote 844
Local 758 Remote 829
Local 715 Remote 1772
Local 914 Remote 1049
Local 827 Remote 842
Local 772 Remote 837
Local 807 Remote 820
Local 655 Remote 1004
Local 750 Remote 851
Local 800 Remote 822
Local 818 Remote 820
Local 653 Remote 820
Local 774 Remote 820
Local 866 Remote 847
Local 802 Remote 829
Local 775 Remote 820
Local 685 Remote 898
Local 871 Remote 943
Local 795 Remote 836
Local 797 Remote 824
Local 817 Remote 820
Local 758 Remote 853
Local 853 Remote 846
Local 844 Remote 845
Local 817 Remote 862
Local 1250 Remote 823
Local 787 Remote 826
Local 777 Remote 891
Local 803 Remote 851
Local 787 Remote 822
Local 945 Remote 820
Local 836 Remote 840
Local 830 Remote 847
Local 839 Remote 838
Local 830 Remote 821
Local 693 Remote 820
Local 766 Remote 849
Local 817 Remote 834
Local 816 Remote 820
Local 1315 Remote 820
Local 776 Remote 862
Local 824 Remote 824
Local 799 Remote 827
Local 760 Remote 824
Local 663 Remote 869
Local 794 Remote 829
Local 758 Remote 823
Local 785 Remote 851
Local 574 Remote 826
Local 820 Remote 882
Local 808 Remote 825
Local 791 Remote 823
Local 703 Remote 820
Local 788 Remote 820
Local 863 Remote 822
Local 902 Remote 946
Local 888 Remote 831
Local 675 Remote 821
Local 836 Remote 851
Local 860 Remote 823
Local 797 Remote 820
Local 773 Remote 820
Local 802 Remote 820
Local 770 Remote 900
Local 800 Remote 828
Local 810 Remote 820
Local 745 Remote 883
Local 808 Remote 847
Local 803 Remote 858
Local 887 Remote 823
Local 625 Remote 911
Local 834 Remote 873
Local 806 Remote 957
Local 788 Remote 833
Local 846 Remote 829
Local 844 Remote 885
Local 838 Remote 838
Local 819 Remote 885
Local 792 Remote 835
Local 646 Remote 844
Local 811 Remote 847
Local 830 Remote 841
Local 793 Remote 832
Local 775 Remote 821
Local 778 Remote 852
Local 799 Remote 882
Local 782 Remote 824
Local 785 Remote 820
Local 824 Remote 820
Local 814 Remote 850
Local 766 Remote 859
Local 802 Remote 845
Local 721 Remote 835
Local 856 Remote 890
Local 778 Remote 871
Local 789 Remote 824
Local 643 Remote 820
Local 940 Remote 991
Local 788 Remote 879
Local 801 Remote 824
Local 838 Remote 820
Local 688 Remote 822
Local 783 Remote 829
Local 782 Remote 822
Local 1085 Remote 823
Local 736 Remote 824
Local 805 Remote 826
Local 795 Remote 820
Local 1001 Remote 820
Local 650 Remote 848
Local 801 Remote 826
Local 781 Remote 838
Local 959 Remote 821
Local 951 Remote 879
Local 841 Remote 880
Local 814 Remote 838
Local 783 Remote 821
Local 634 Remote 929
Local 884 Remote 853
Local 809 Remote 840
Local 796 Remote 825
Local 953 Remote 820
Local 756 Remote 834
Local 812 Remote 843
Local 766 Remote 822
Local 789 Remote 820
Local 768 Remote 824
Local 800 Remote 874
Local 781 Remote 826
Local 780 Remote 823
Local 653 Remote 883
Local 831 Remote 850
Local 780 Remote 894
Local 758 Remote 827
Local 670 Remote 857
Local 876 Remote 874
Local 782 Remote 824
Local 775 Remote 823
Local 861 Remote 820
Local 722 Remote 822
Local 812 Remote 822
Local 813 Remote 820
Local 877 Remote 820
Local 593 Remote 845
Local 861 Remote 866
Local 793 Remote 823
Local 805 Remote 820
Local 740 Remote 845
Local 897 Remote 823
Local 831 Remote 820
Local 780 Remote 823
Local 886 Remote 820
Local 760 Remote 820
Local 781 Remote 842
Local 796 Remote 822
Local 832 Remote 820
Local 639 Remote 820
Local 791 Remote 823
Local 798 Remote 835
Local 761 Remote 822
Local 1008 Remote 820
Local 848 Remote 830
Local 728 Remote 850
Local 774 Remote 892
Local 689 Remote 832
Local 747 Remote 886
Local 772 Remote 846
Local 829 Remote 826
Local 1186 Remote 820
Local 891 Remote 877
Local 803 Remote 937
Local 781 Remote 858
Local 857 Remote 823
Local 659 Remote 820
Local 763 Remote 842
Local 750 Remote 883
Local 767 Remote 830
Local 628 Remote 820
Local 828 Remote 825
Local 785 Remote 837
Local 797 Remote 917
Local 742 Remote 836
Local 793 Remote 822
Local 781 Remote 868
Local 849 Remote 826
Local 664 Remote 820
Local 1184 Remote 907
Local 885 Remote 942
Local 820 Remote 832
Local 1096 Remote 831
Local 909 Remote 820
Local 829 Remote 874
Local 761 Remote 934
Local 774 Remote 831
Local 661 Remote 820
Local 807 Remote 847
Local 781 Remote 826
Local 982 Remote 820
Local 806 Remote 820
Local 710 Remote 820
Local 919 Remote 820
Local 940 Remote 820
Local 881 Remote 820
Local 1009 Remote 820
Local 845 Remote 820
Local 916 Remote 820
Local 776 Remote 820
Local 1063 Remote 820
Local 813 Remote 820
Local 910 Remote 820
Local 826 Remote 820
Local 832 Remote 820
Local 1026 Remote 820
Local 648 Remote 832
Local 854 Remote 821
Local 1036 Remote 820
Local 763 Remote 820
Local 946 Remote 820
Local 1009 Remote 820
Local 879 Remote 820
Local 887 Remote 855
Local 1034 Remote 825
Local 731 Remote 820
Local 884 Remote 820
Local 750 Remote 820
Local 898 Remote 820
Local 908 Remote 820
Local 903 Remote 820
Local 767 Remote 820
Local 906 Remote 820
Local 907 Remote 838
Local 1148 Remote 821
Local 796 Remote 820
Local 918 Remote 820
Local 933 Remote 824
Local 839 Remote 820
Local 1056 Remote 820
Local 880 Remote 1081
Local 910 Remote 853
Local 780 Remote 1261
Local 921 Remote 897
Local 906 Remote 4986
Local 916 Remote 1375
Local 1011 Remote 918
Local 924 Remote 1989
Local 919 Remote 975
Local 897 Remote 840
Local 1037 Remote 823
Local 971 Remote 820
Local 928 Remote 934
Local 1042 Remote 834
Local 998 Remote 821
Local 927 Remote 820
Local 898 Remote 1287
Local 946 Remote 902
Local 1073 Remote 833
Local 960 Remote 1144
Local 967 Remote 851
Local 920 Remote 823
Local 1009 Remote 820
Local 981 Remote 820
Local 910 Remote 836
Local 921 Remote 820
Local 718 Remote 946
Local 536 Remote 880
Local 838 Remote 841
Local 865 Remote 821
Local 889 Remote 1341
Local 621 Remote 937
Local 910 Remote 949
Local 901 Remote 832
Local 861 Remote 820
Local 982 Remote 1921
Local 967 Remote 1088
Local 906 Remote 3741
Local 935 Remote 1209
Local 850 Remote 892
Local 943 Remote 1384
Local 821 Remote 1105
Local 885 Remote 856
Local 874 Remote 823
Local 879 Remote 1923
Local 756 Remote 1282
Local 841 Remote 979
Local 842 Remote 840
Local 881 Remote 822
Local 863 Remote 1606
Local 674 Remote 958
Local 888 Remote 832
Local 911 Remote 828
Local 872 Remote 1984
Local 561 Remote 10643
Local 840 Remote 2130
Local 875 Remote 994
Local 922 Remote 836
Local 962 Remote 1146
Local 1186 Remote 905
Local 933 Remote 827
Local 921 Remote 820
Local 789 Remote 1516
Local 1116 Remote 943
Local 917 Remote 2049
Local 882 Remote 941
Local 922 Remote 1960
Local 850 Remote 1314
Local 883 Remote 936
Local 917 Remote 831
Local 902 Remote 1089
Local 881 Remote 1456
Local 776 Remote 932
Local 922 Remote 834
Local 864 Remote 820
Local 898 Remote 850
Local 752 Remote 1040
Local 810 Remote 926
Local 903 Remote 834
Local 863 Remote 822
Local 881 Remote 820
Local 713 Remote 1030
Local 849 Remote 871
Local 857 Remote 859
Local 841 Remote 845
Local 920 Remote 1188
Local 561 Remote 868
Local 857 Remote 857
Local 831 Remote 873
Local 849 Remote 829
Local 842 Remote 1199
Local 658 Remote 951
Local 830 Remote 855
Local 829 Remote 844
Local 844 Remote 855
Local 812 Remote 1091
Local 831 Remote 942
Local 818 Remote 871
Local 823 Remote 829
Local 827 Remote 820
Local 724 Remote 910
Local 946 Remote 879
Local 834 Remote 826
Local 796 Remote 833
Local 748 Remote 820
Local 638 Remote 820
Local 755 Remote 863
Local 803 Remote 826
Local 824 Remote 826
Local 651 Remote 1300
Local 1074 Remote 904
Local 893 Remote 848
Local 834 Remote 825
Local 800 Remote 845
Local 739 Remote 1163
Local 723 Remote 887
Local 821 Remote 836
Local 800 Remote 851
Local 1016 Remote 1675
Local 736 Remote 933
Local 808 Remote 862
Local 775 Remote 824
Local 825 Remote 994
Local 831 Remote 995
Local 750 Remote 850
Local 820 Remote 823
Local 825 Remote 842
Local 812 Remote 877
Local 681 Remote 983
Local 731 Remote 870
Local 823 Remote 835
Local 791 Remote 820
Local 808 Remote 838
Local 799 Remote 976
Local 991 Remote 889
Local 833 Remote 841
Local 814 Remote 837
Local 734 Remote 1018
Local 602 Remote 952
Local 780 Remote 850
Local 804 Remote 831
Local 806 Remote 823
Local 669 Remote 1032
Local 786 Remote 856
Local 819 Remote 841
Local 791 Remote 835
Local 812 Remote 832
Local 782 Remote 821
Local 803 Remote 820
Local 793 Remote 832
Local 835 Remote 871
Local 857 Remote 1129
Local 700 Remote 874
Local 883 Remote 840
Local 808 Remote 862
Local 819 Remote 833
Local 688 Remote 1144
Local 745 Remote 932
Local 857 Remote 834
Local 820 Remote 863
Local 795 Remote 849
Local 647 Remote 886
Local 736 Remote 832
Local 781 Remote 863
Local 751 Remote 847
Local 642 Remote 824
Local 843 Remote 820
Local 843 Remote 895
Local 763 Remote 931
Local 784 Remote 845
Local 641 Remote 926
Local 721 Remote 838
Local 810 Remote 844
Local 767 Remote 842
Local 798 Remote 845
Local 687 Remote 921
Local 1173 Remote 924
Local 837 Remote 888
Local 809 Remote 838
Local 634 Remote 879
Local 586 Remote 912
Local 756 Remote 1117
Local 768 Remote 908
Local 778 Remote 848
Local 742 Remote 931
Local 774 Remote 838
Local 808 Remote 833
Local 791 Remote 853
Local 760 Remote 1139
Local 726 Remote 896
Local 783 Remote 853
Local 810 Remote 834
Local 945 Remote 1527
Local 1112 Remote 913
Local 861 Remote 868
Local 829 Remote 849
Local 830 Remote 1223
Local 580 Remote 872
Local 816 Remote 893
Local 799 Remote 849
Local 811 Remote 848
Local 709 Remote 928
Local 695 Remote 884
Local 819 Remote 842
Local 828 Remote 847
Local 1099 Remote 835
Local 809 Remote 833
Local 808 Remote 844
Local 758 Remote 956
Local 1516 Remote 2451
Local 801 Remote 1110
Local 786 Remote 876
Local 819 Remote 860
Local 848 Remote 841
Local 693 Remote 1594
Local 815 Remote 1015
Local 795 Remote 940
Local 767 Remote 853
Local 754 Remote 1123
Local 624 Remote 882
Local 791 Remote 832
Local 829 Remote 820
Local 735 Remote 1064
Local 957 Remote 867
Local 812 Remote 882
Local 832 Remote 883
Local 856 Remote 1887
Local 577 Remote 961
Local 769 Remote 842
Local 787 Remote 902
Local 784 Remote 853
Local 830 Remote 1649
Local 1102 Remote 1047
Local 862 Remote 921
Local 799 Remote 859
Local 606 Remote 939
Local 705 Remote 878
Local 823 Remote 916
Local 817 Remote 854
Local 811 Remote 1120
Local 1349 Remote 872
Local 946 Remote 838
Local 803 Remote 829
Local 847 Remote 1723
Local 1036 Remote 1300
Local 836 Remote 947
Local 790 Remote 865
Local 799 Remote 1186
Local 598 Remote 883
Local 885 Remote 834
Local 829 Remote 826
Local 773 Remote 911
Local 715 Remote 1109
Local 697 Remote 870
Local 791 Remote 839
Local 824 Remote 830
Local 671 Remote 820
Local 726 Remote 820
Local 806 Remote 839
Local 773 Remote 835
Local 1009 Remote 1840
Local 1042 Remote 1877
Local 820 Remote 993
Local 779 Remote 914
Local 834 Remote 1222
Local 591 Remote 872
Local 787 Remote 844
Local 787 Remote 849
Local 790 Remote 857
Local 605 Remote 924
Local 737 Remote 838
Local 779 Remote 835
Local 826 Remote 839
Local 1134 Remote 1113
Local 796 Remote 1002
Local 840 Remote 838
Local 826 Remote 865
Local 784 Remote 1120
Local 668 Remote 872
Local 805 Remote 836
Local 817 Remote 844
Local 813 Remote 1807
Local 604 Remote 6329
Local 801 Remote 1569
Local 776 Remote 901
Local 789 Remote 839
Local 607 Remote 931
Local 769 Remote 838
Local 802 Remote 910
Local 809 Remote 877
Local 817 Remote 1072
Local 671 Remote 863
Local 779 Remote 835
Local 772 Remote 841
Local 819 Remote 850
Local 610 Remote 832
Local 544 Remote 824
Local 568 Remote 821
Local 536 Remote 820
Local 515 Remote 820
Local 939 Remote 820
Local 958 Remote 820
Local 968 Remote 820
Local 742 Remote 820
Local 848 Remote 820
Local 758 Remote 820
Local 915 Remote 820
Local 825 Remote 820
Local 881 Remote 820
Local 886 Remote 820
Local 692 Remote 820
Local 870 Remote 820
Local 1042 Remote 820
Local 1132 Remote 820
Local 961 Remote 820
Local 965 Remote 820
Local 929 Remote 820
Local 894 Remote 820
Local 896 Remote 820
Local 869 Remote 820
Local 925 Remote 820
Local 1038 Remote 935
Local 943 Remote 891
Local 922 Remote 826
Local 1123 Remote 820
Local 918 Remote 820
Local 906 Remote 860
Local 694 Remote 826
Local 820 Remote 867
Local 910 Remote 840
Local 1067 Remote 831
Local 972 Remote 821
Local 886 Remote 820
Local 915 Remote 820
Local 883 Remote 820
Local 871 Remote 820
Local 928 Remote 820
Local 865 Remote 820
Local 649 Remote 820
Local 881 Remote 831
Local 862 Remote 820
Local 1180 Remote 820
Local 925 Remote 820
Local 896 Remote 820
Local 874 Remote 838
Local 1194 Remote 822
Local 892 Remote 820
Local 882 Remote 820
Local 906 Remote 825
Local 972 Remote 820
Local 928 Remote 820
Local 927 Remote 824
Local 860 Remote 973
Local 776 Remote 875
Local 957 Remote 829
Local 929 Remote 820
Local 876 Remote 823
Local 870 Remote 895
Local 1206 Remote 832
Local 977 Remote 824
Local 926 Remote 826
Local 916 Remote 820
Local 762 Remote 820
Local 869 Remote 820
Local 897 Remote 838
Local 897 Remote 820
Local 734 Remote 820
Local 790 Remote 1520
Local 887 Remote 889
Local 886 Remote 826
Local 873 Remote 820
Local 673 Remote 1029
Local 982 Remote 856
Local 896 Remote 824
Local 935 Remote 820
Local 1042 Remote 1016
Local 843 Remote 857
Local 899 Remote 824
Local 897 Remote 820
Local 924 Remote 820
Local 1002 Remote 905
Local 934 Remote 834
Local 930 Remote 820
Local 881 Remote 820
Local 849 Remote 1004
Local 877 Remote 872
Local 889 Remote 826
Local 886 Remote 820
Local 769 Remote 820
Local 903 Remote 820
Local 897 Remote 848
Local 911 Remote 822
Local 1036 Remote 1315
Local 800 Remote 885
Local 891 Remote 831
Local 911 Remote 1024
Local 805 Remote 1705
Local 743 Remote 937
Local 879 Remote 860
Local 908 Remote 884
Local 908 Remote 937
Local 663 Remote 997
Local 869 Remote 850
Local 838 Remote 869
Local 897 Remote 826
Local 746 Remote 1830
Local 697 Remote 961
Local 843 Remote 840
Local 829 Remote 822
Local 862 Remote 859
Local 698 Remote 1042
Local 809 Remote 865
Local 841 Remote 830
Local 856 Remote 833
Local 861 Remote 883
Local 552 Remote 951
Local 859 Remote 898
Local 821 Remote 843
Local 851 Remote 834
Local 738 Remote 1414
Local 623 Remote 1483
Local 806 Remote 886
Local 854 Remote 856
Local 857 Remote 853
Local 801 Remote 1054
Local 903 Remote 879
Local 827 Remote 828
Local 836 Remote 822
Local 799 Remote 820
Local 781 Remote 933
Local 802 Remote 877
Local 801 Remote 828
Local 792 Remote 826
Local 636 Remote 1280
Local 788 Remote 880
Local 805 Remote 852
Local 804 Remote 846
Local 790 Remote 822
Local 691 Remote 1017
Local 799 Remote 867
Local 788 Remote 828
Local 735 Remote 820
Local 876 Remote 1319
Local 810 Remote 885
Local 761 Remote 829
Local 797 Remote 823
Local 748 Remote 820
Local 791 Remote 1002
Local 942 Remote 851
Local 805 Remote 828
Local 750 Remote 828
Local 623 Remote 1405
Local 810 Remote 923
Local 791 Remote 861
Local 783 Remote 825
Local 794 Remote 820
Local 654 Remote 1391
Local 767 Remote 931
Local 766 Remote 851
Local 755 Remote 822
Local 697 Remote 1177
Local 553 Remote 970
Local 746 Remote 838
Local 737 Remote 823
Local 757 Remote 820
Local 637 Remote 940
Local 745 Remote 988
Local 740 Remote 835
Local 779 Remote 820
Local 622 Remote 2635
Local 599 Remote 1234
Local 758 Remote 890
Local 776 Remote 826
Local 639 Remote 1279
Local 665 Remote 901
Local 770 Remote 829
Local 804 Remote 824
Local 785 Remote 824
Local 624 Remote 1018
Local 749 Remote 880
Local 779 Remote 838
Local 755 Remote 821
Local 615 Remote 1227
Local 821 Remote 914
Local 781 Remote 856
Local 781 Remote 850
Local 774 Remote 1448
Local 633 Remote 934
Local 738 Remote 842
Local 742 Remote 821
Local 755 Remote 838
Local 641 Remote 1141
Local 791 Remote 871
Local 744 Remote 827
Local 746 Remote 822
Local 645 Remote 1210
Local 719 Remote 1027
Local 788 Remote 841
Local 810 Remote 829
Local 627 Remote 4052
Local 664 Remote 1394
Local 795 Remote 900
Local 753 Remote 832
Local 701 Remote 1480
Local 1389 Remote 983
Local 852 Remote 855
Local 744 Remote 824
Local 673 Remote 820
Local 691 Remote 820
Local 767 Remote 829
Local 737 Remote 820
Local 686 Remote 1427
Local 764 Remote 911
Local 758 Remote 831
Local 792 Remote 828
Local 643 Remote 1321
Local 665 Remote 907
Local 796 Remote 828
Local 749 Remote 832
Local 703 Remote 1724
Local 1151 Remote 939
Local 826 Remote 874
Local 747 Remote 824
Local 709 Remote 1575
Local 650 Remote 919
Local 768 Remote 839
Local 787 Remote 825
Local 628 Remote 1375
Local 660 Remote 918
Local 752 Remote 835
Local 737 Remote 825
Local 771 Remote 820
Local 613 Remote 820
Local 760 Remote 838
Local 767 Remote 820
Local 752 Remote 820
Local 550 Remote 821
Local 829 Remote 892
Local 759 Remote 850
Local 743 Remote 822
Local 794 Remote 972
Local 1059 Remote 865
Local 815 Remote 835
Local 794 Remote 820
Local 679 Remote 896
Local 778 Remote 913
Local 783 Remote 841
Local 767 Remote 830
Local 703 Remote 903
Local 1219 Remote 829
Local 823 Remote 849
Local 785 Remote 835
Local 903 Remote 820
Local 770 Remote 870
Local 809 Remote 826
Local 785 Remote 824
Local 1047 Remote 820
Local 561 Remote 870
Local 745 Remote 826
Local 775 Remote 865
Local 773 Remote 826
Local 809 Remote 839
Local 788 Remote 884
Local 753 Remote 866
Local 740 Remote 824
Local 972 Remote 831
Local 790 Remote 851
Local 768 Remote 899
Local 764 Remote 833
Local 864 Remote 821
Local 609 Remote 835
Local 731 Remote 823
Local 753 Remote 821
Local 1126 Remote 820
Local 616 Remote 825
Local 771 Remote 820
Local 762 Remote 842
Local 924 Remote 821
Local 603 Remote 856
Local 794 Remote 823
Local 801 Remote 824
Local 834 Remote 820
Local 659 Remote 820
Local 809 Remote 820
Local 792 Remote 868
Local 783 Remote 824
Local 619 Remote 820
Local 1269 Remote 845
Local 840 Remote 853
Local 742 Remote 823
Local 926 Remote 820
Local 536 Remote 853
Local 763 Remote 831
Local 725 Remote 820
Local 732 Remote 821
Local 634 Remote 847
Local 726 Remote 827
Local 764 Remote 835
Local 800 Remote 850
Local 635 Remote 824
Local 727 Remote 826
Local 787 Remote 842
Local 763 Remote 843
Local 686 Remote 822
Local 804 Remote 829
Local 818 Remote 864
Local 806 Remote 833
Local 806 Remote 822
Local 703 Remote 837
Local 777 Remote 821
Local 781 Remote 911
Local 814 Remote 858
Local 659 Remote 849
Local 820 Remote 892
Local 792 Remote 829
Local 759 Remote 820
Local 1005 Remote 876
Local 538 Remote 826
Local 815 Remote 824
Local 797 Remote 910
Local 787 Remote 828
Local 637 Remote 820
Local 813 Remote 842
Local 815 Remote 824
Local 774 Remote 829
Local 2179 Remote 826
Local 1111 Remote 820
Local 930 Remote 820
Local 754 Remote 820
Local 798 Remote 820
Local 1137 Remote 820
Local 1032 Remote 820
Local 918 Remote 820
Local 773 Remote 820
Local 844 Remote 820
Local 902 Remote 820
Local 861 Remote 826
Local 896 Remote 1222
Local 927 Remote 890
Local 827 Remote 831
Local 911 Remote 822
Local 776 Remote 820
Local 879 Remote 1753
Local 1067 Remote 943
Local 769 Remote 841
Local 891 Remote 822
Local 695 Remote 821
Local 765 Remote 820
Local 902 Remote 820
Local 712 Remote 820
Local 988 Remote 820
Local 963 Remote 820
Local 759 Remote 835
Local 926 Remote 822
Local 925 Remote 837
Local 890 Remote 1732
Local 799 Remote 982
Local 956 Remote 847
Local 966 Remote 823
Local 1003 Remote 820
Local 747 Remote 1076
Local 906 Remote 853
Local 924 Remote 835
Local 1090 Remote 822
Local 881 Remote 820
Local 919 Remote 823
Local 915 Remote 820
Local 862 Remote 820
Local 975 Remote 820
Local 924 Remote 826
Local 1089 Remote 820
Local 1069 Remote 820
Local 971 Remote 820
Local 917 Remote 822
Local 1301 Remote 820
Local 866 Remote 820
Local 895 Remote 835
Local 885 Remote 820
Local 999 Remote 820
Local 933 Remote 820
Local 941 Remote 820
Local 899 Remote 820
Local 1328 Remote 860
Local 847 Remote 826
Local 884 Remote 820
Local 874 Remote 1932
Local 1127 Remote 930
Local 805 Remote 833
Local 929 Remote 820
Local 897 Remote 823
Local 1234 Remote 820
Local 757 Remote 820
Local 899 Remote 820
Local 906 Remote 820
Local 1122 Remote 820
Local 1243 Remote 842
Local 936 Remote 870
Local 905 Remote 824
Local 879 Remote 820
Local 689 Remote 820
Local 907 Remote 820
Local 888 Remote 822
Local 896 Remote 3999
Local 886 Remote 1384
Local 845 Remote 919
Local 875 Remote 829
Local 917 Remote 820
Local 1251 Remote 820
Local 915 Remote 820
Local 925 Remote 838
Local 863 Remote 820
Local 760 Remote 820
Local 713 Remote 4660
Local 883 Remote 1332
Local 931 Remote 870
Local 1003 Remote 1030
Local 858 Remote 856
Local 887 Remote 879
Local 907 Remote 1051
Local 778 Remote 847
Local 803 Remote 824
Local 897 Remote 826
Local 905 Remote 826
Local 838 Remote 820
Local 692 Remote 828
Local 879 Remote 820
Local 868 Remote 1840
Local 891 Remote 1118
Local 820 Remote 871
Local 937 Remote 828
Local 910 Remote 874
Local 907 Remote 835
Local 702 Remote 2001
Local 703 Remote 1125
Local 868 Remote 880
Local 909 Remote 826
Local 946 Remote 1072
Local 877 Remote 863
Local 897 Remote 838
Local 908 Remote 1361
Local 891 Remote 873
Local 981 Remote 1031
Local 882 Remote 914
Local 890 Remote 831
Local 911 Remote 820
Local 880 Remote 820
Local 667 Remote 1018
Local 893 Remote 1179
Local 920 Remote 859
Local 879 Remote 826
Local 955 Remote 1113
Local 806 Remote 871
Local 924 Remote 824
Local 911 Remote 820
Local 892 Remote 820
Local 751 Remote 955
Local 714 Remote 843
Local 863 Remote 831
Local 893 Remote 820
Local 1054 Remote 1269
Local 885 Remote 878
Local 904 Remote 1018
Local 887 Remote 1072
Local 918 Remote 876
Local 688 Remote 958
Local 779 Remote 1131
Local 907 Remote 860
Local 920 Remote 823
Local 802 Remote 2434
Local 615 Remote 1106
Local 888 Remote 887
Local 925 Remote 838
Local 908 Remote 820
Local 679 Remote 2733
Local 865 Remote 1159
Local 908 Remote 855
Local 867 Remote 834
Local 795 Remote 1192
Local 855 Remote 1362
Local 875 Remote 874
Local 906 Remote 856
Local 954 Remote 823
Local 763 Remote 943
Local 816 Remote 841
Local 872 Remote 848
Local 918 Remote 1215
Local 705 Remote 1484
Local 957 Remote 1198
Local 909 Remote 869
Local 895 Remote 826
Local 837 Remote 820
Local 1112 Remote 1137
Local 869 Remote 1294
Local 852 Remote 882
Local 825 Remote 824
Local 817 Remote 1396
Local 641 Remote 1056
Local 812 Remote 870
Local 829 Remote 824
Local 925 Remote 1464
Local 689 Remote 1006
Local 825 Remote 838
Local 820 Remote 820
Local 1009 Remote 1455
Local 936 Remote 1404
Local 872 Remote 926
Local 831 Remote 833
Local 787 Remote 820
Local 666 Remote 912
Local 788 Remote 915
Local 762 Remote 862
Local 812 Remote 824
Local 1045 Remote 1018
Local 734 Remote 845
Local 832 Remote 824
Local 818 Remote 821
Local 1227 Remote 1722
Local 828 Remote 979
Local 841 Remote 839
Local 842 Remote 856
Local 660 Remote 1036
Local 657 Remote 857
Local 776 Remote 833
Local 805 Remote 825
Local 795 Remote 820
Local 799 Remote 1022
Local 780 Remote 859
Local 784 Remote 826
Local 788 Remote 823
Local 792 Remote 1095
Local 723 Remote 905
Local 781 Remote 829
Local 783 Remote 882
Local 757 Remote 829
Local 840 Remote 1116
Local 785 Remote 913
Local 779 Remote 835
Local 839 Remote 1070
Local 834 Remote 917
Local 803 Remote 845
Local 816 Remote 829
Local 854 Remote 1058
Local 747 Remote 918
Local 823 Remote 833
Local 831 Remote 850
Local 1222 Remote 1366
Local 706 Remote 916
Local 812 Remote 847
Local 818 Remote 825
Local 706 Remote 1606
Local 596 Remote 923
Local 796 Remote 829
Local 764 Remote 837
Local 832 Remote 1178
Local 605 Remote 1067
Local 768 Remote 849
Local 771 Remote 842
Local 685 Remote 1087
Local 621 Remote 916
Local 829 Remote 829
Local 818 Remote 820
Local 943 Remote 1267
Local 1068 Remote 977
Local 813 Remote 835
Local 768 Remote 820
Local 702 Remote 1213
Local 589 Remote 889
Local 815 Remote 826
Local 785 Remote 820
Local 1037 Remote 1326
Local 1256 Remote 1283
Local 902 Remote 880
Local 860 Remote 842
Local 911 Remote 3384
Local 823 Remote 1161
Local 835 Remote 867
Local 762 Remote 827
Local 745 Remote 1130
Local 554 Remote 874
Local 791 Remote 850
Local 780 Remote 826
Local 702 Remote 869
Local 857 Remote 831
Local 803 Remote 831
Local 759 Remote 829
Local 709 Remote 821
Local 612 Remote 820
Local 799 Remote 822
Local 780 Remote 842
Local 685 Remote 821
Local 808 Remote 820
Local 819 Remote 848
Local 800 Remote 850
Local 878 Remote 1308
Local 1024 Remote 883
Local 855 Remote 852
Local 822 Remote 871
Local 859 Remote 833
Local 714 Remote 835
Local 789 Remote 821
Local 767 Remote 834
Local 712 Remote 821
Local 596 Remote 820
Local 790 Remote 844
Local 790 Remote 822
Local 944 Remote 822
Local 1109 Remote 820
Local 855 Remote 829
Local 781 Remote 838
Local 740 Remote 827
Local 828 Remote 973
Local 823 Remote 834
Local 785 Remote 838
Local 950 Remote 821
Local 813 Remote 820
Local 848 Remote 823
Local 809 Remote 827
Local 671 Remote 830
Local 787 Remote 820
Local 781 Remote 847
Local 777 Remote 856
Local 700 Remote 826
Local 646 Remote 840
Local 812 Remote 826
Local 806 Remote 835
Local 1017 Remote 831
Local 795 Remote 853
Local 850 Remote 829
Local 799 Remote 820
Local 727 Remote 820
Local 713 Remote 820
Local 797 Remote 820
Local 825 Remote 845
Local 833 Remote 822
Local 656 Remote 820
Local 817 Remote 820
Local 784 Remote 820
Local 1468 Remote 820
Local 892 Remote 820
Local 850 Remote 836
Local 825 Remote 832
Local 925 Remote 821
Local 655 Remote 820
Local 582 Remote 820
Local 540 Remote 820
Local 511 Remote 820
Local 481 Remote 820
Local 730 Remote 820
Local 889 Remote 820
Local 1014 Remote 820
Local 833 Remote 820
Local 973 Remote 820
Local 818 Remote 820
Local 1289 Remote 820
Local 793 Remote 820
Local 888 Remote 820
Local 750 Remote 820
Local 939 Remote 820
Local 919 Remote 820
Local 1338 Remote 820
Local 974 Remote 820
Local 796 Remote 826
Local 803 Remote 820
Local 881 Remote 820
Local 1350 Remote 820
Local 1243 Remote 820
Local 921 Remote 979
Local 760 Remote 847
Local 721 Remote 824
Local 893 Remote 820
Local 841 Remote 820
Local 692 Remote 820
Local 888 Remote 820
Local 910 Remote 820
Local 722 Remote 820
Local 884 Remote 1551
Local 874 Remote 916
Local 787 Remote 836
Local 814 Remote 822
Local 864 Remote 820
Local 908 Remote 1499
Local 789 Remote 964
Local 821 Remote 844
Local 877 Remote 822
Local 979 Remote 820
Local 662 Remote 823
Local 873 Remote 828
Local 895 Remote 820
Local 865 Remote 820
Local 856 Remote 820
Local 871 Remote 820
Local 891 Remote 820
Local 814 Remote 820
Local 839 Remote 820
Local 897 Remote 820
Local 922 Remote 982
Local 739 Remote 847
Local 904 Remote 824
Local 894 Remote 820
Local 912 Remote 844
Local 795 Remote 2121
Local 923 Remote 1051
Local 907 Remote 850
Local 927 Remote 823
Local 737 Remote 838
Local 699 Remote 822
Local 864 Remote 820
Local 846 Remote 820
Local 902 Remote 878
Local 919 Remote 968
Local 989 Remote 845
Local 924 Remote 822
Local 916 Remote 820
Local 982 Remote 820
Local 730 Remote 849
Local 922 Remote 823
Local 896 Remote 1098
Local 845 Remote 847
Local 719 Remote 893
Local 863 Remote 964
Local 908 Remote 838
Local 846 Remote 820
Local 705 Remote 964
Local 535 Remote 865
Local 838 Remote 824
Local 885 Remote 820
Local 879 Remote 820
Local 715 Remote 904
Local 842 Remote 860
Local 897 Remote 1079
Local 886 Remote 844
Local 1341 Remote 912
Local 940 Remote 855
Local 901 Remote 822
Local 926 Remote 1945
Local 965 Remote 1207
Local 581 Remote 887
Local 885 Remote 925
Local 848 Remote 835
Local 869 Remote 821
Local 691 Remote 854
Local 1014 Remote 832
Local 824 Remote 849
Local 804 Remote 832
Local 601 Remote 952
Local 767 Remote 858
Local 774 Remote 837
Local 790 Remote 827
Local 1001 Remote 820
Local 995 Remote 1027
Local 787 Remote 961
Local 786 Remote 835
Local 1138 Remote 1034
Local 983 Remote 862
Local 785 Remote 826
Local 771 Remote 820
Local 615 Remote 874
Local 599 Remote 989
Local 729 Remote 849
Local 731 Remote 830
Local 824 Remote 846
Local 547 Remote 964
Local 777 Remote 838
Local 770 Remote 824
Local 768 Remote 828
Local 625 Remote 820
Local 777 Remote 869
Local 722 Remote 825
Local 778 Remote 836
Local 873 Remote 1051
Local 649 Remote 879
Local 759 Remote 846
Local 721 Remote 841
Local 776 Remote 826
Local 1224 Remote 837
Local 964 Remote 911
Local 748 Remote 828
Local 745 Remote 821
Local 811 Remote 822
Local 745 Remote 902
Local 738 Remote 832
Local 753 Remote 824
Local 807 Remote 820
Local 599 Remote 841
Local 825 Remote 851
Local 744 Remote 832
Local 744 Remote 820
Local 781 Remote 1000
Local 822 Remote 884
Local 755 Remote 835
Local 787 Remote 835
Local 971 Remote 1073
Local 697 Remote 2265
Local 756 Remote 968
Local 742 Remote 835
Local 776 Remote 820
Local 640 Remote 853
Local 764 Remote 833
Local 747 Remote 823
Local 775 Remote 820
Local 663 Remote 887
Local 726 Remote 913
Local 735 Remote 838
Local 739 Remote 826
Local 774 Remote 824
Local 655 Remote 943
Local 749 Remote 869
Local 781 Remote 830
Local 736 Remote 820
Local 757 Remote 939
Local 740 Remote 840
Local 787 Remote 844
Local 785 Remote 821
Local 970 Remote 1165
Local 684 Remote 865
Local 769 Remote 838
Local 730 Remote 823
Local 707 Remote 877
Local 639 Remote 850
Local 777 Remote 856
Local 753 Remote 846
Local 792 Remote 822
Local 608 Remote 847
Local 698 Remote 825
Local 749 Remote 837
Local 748 Remote 821
Local 730 Remote 1155
Local 756 Remote 879
Local 738 Remote 841
Local 758 Remote 823
Local 755 Remote 820
Local 767 Remote 828
Local 754 Remote 832
Local 731 Remote 852
Local 863 Remote 1102
Local 729 Remote 871
Local 781 Remote 848
Local 730 Remote 831
Local 759 Remote 860
Local 643 Remote 824
Local 782 Remote 828
Local 753 Remote 829
Local 725 Remote 864
Local 850 Remote 847
Local 753 Remote 825
Local 742 Remote 824
Local 743 Remote 871
Local 619 Remote 857
Local 783 Remote 840
Local 743 Remote 821
Local 709 Remote 868
Local 639 Remote 850
Local 742 Remote 822
Local 763 Remote 827
Local 733 Remote 836
Local 708 Remote 829
Local 732 Remote 826
Local 735 Remote 821
Local 722 Remote 853
Local 612 Remote 823
Local 758 Remote 820
Local 799 Remote 820
Local 798 Remote 923
Local 658 Remote 858
Local 761 Remote 850
Local 743 Remote 890
Local 729 Remote 828
Local 650 Remote 820
Local 788 Remote 822
Local 750 Remote 820
Local 748 Remote 831
Local 667 Remote 838
Local 719 Remote 874
Local 748 Remote 836
Local 696 Remote 827
Local 751 Remote 843
Local 700 Remote 831
Local 731 Remote 828
Local 750 Remote 820
Local 3252 Remote 841
Local 1073 Remote 824
Local 800 Remote 828
Local 789 Remote 821
Local 674 Remote 851
Local 725 Remote 876
Local 743 Remote 835
Local 739 Remote 829
Local 776 Remote 836
Local 784 Remote 862
Local 775 Remote 825
Local 722 Remote 826
Local 1004 Remote 968
Local 1035 Remote 878
Local 824 Remote 831
Local 717 Remote 826
Local 851 Remote 1043
Local 1071 Remote 925
Local 834 Remote 833
Local 719 Remote 820
Local 860 Remote 991
Local 794 Remote 867
Local 766 Remote 833
Local 755 Remote 820
Local 736 Remote 830
Local 645 Remote 826
Local 769 Remote 831
Local 732 Remote 823
Local 888 Remote 820
Local 843 Remote 820
Local 760 Remote 946
Local 742 Remote 847
Local 677 Remote 823
Local 697 Remote 820
Local 741 Remote 852
Local 749 Remote 909
Local 841 Remote 846
Local 696 Remote 823
Local 746 Remote 826
Local 750 Remote 945
Local 938 Remote 836
Local 775 Remote 875
Local 766 Remote 857
Local 761 Remote 873
Local 1066 Remote 831
Local 790 Remote 868
Local 782 Remote 877
Local 719 Remote 841
Local 1087 Remote 823
Local 912 Remote 820
Local 756 Remote 869
Local 762 Remote 853
Local 711 Remote 829
Local 689 Remote 820
Local 711 Remote 848
Local 758 Remote 862
Local 1010 Remote 1652
Local 742 Remote 930
Local 792 Remote 853
Local 809 Remote 858
Local 1034 Remote 828
Local 825 Remote 820
Local 832 Remote 828
Local 790 Remote 846
Local 1042 Remote 822
Local 994 Remote 820
Local 777 Remote 852
Local 779 Remote 823
Local 923 Remote 824
Local 547 Remote 830
Local 757 Remote 836
Local 753 Remote 829
Local 926 Remote 820
Local 607 Remote 889
Local 797 Remote 869
Local 808 Remote 833
Local 785 Remote 880
Local 819 Remote 829
Local 974 Remote 833
Local 846 Remote 835
Local 808 Remote 833
Local 767 Remote 820
Local 939 Remote 820
Local 847 Remote 874
Local 824 Remote 826
Local 949 Remote 823
Local 613 Remote 820
Local 739 Remote 820
Local 878 Remote 820
Local 778 Remote 820
Local 994 Remote 820
Local 737 Remote 820
Local 831 Remote 820
Local 1134 Remote 820
Local 923 Remote 820
Local 1044 Remote 820
Local 800 Remote 820
Local 932 Remote 820
Local 931 Remote 826
Local 846 Remote 820
Local 931 Remote 820
Local 882 Remote 820
Local 1053 Remote 820
Local 940 Remote 820
Local 824 Remote 820
Local 920 Remote 820
Local 917 Remote 1290
Local 956 Remote 903
Local 1033 Remote 833
Local 899 Remote 820
Local 934 Remote 820
Local 923 Remote 853
Local 883 Remote 823
Local 700 Remote 820
Local 937 Remote 820
Local 919 Remote 876
Local 1706 Remote 824
Local 918 Remote 820
Local 910 Remote 820
Local 869 Remote 820
Local 936 Remote 820
Local 931 Remote 820
Local 944 Remote 820
Local 913 Remote 853
Local 759 Remote 824
Local 922 Remote 820
Local 943 Remote 946
Local 707 Remote 835
Local 739 Remote 822
Local 904 Remote 820
Local 931 Remote 820
Local 885 Remote 820
Local 873 Remote 820
Local 897 Remote 826
Local 874 Remote 820
Local 1249 Remote 820
Local 889 Remote 820
Local 901 Remote 820
Local 910 Remote 820
Local 1466 Remote 820
Local 1053 Remote 820
Local 910 Remote 820
Local 927 Remote 820
Local 777 Remote 820
Local 832 Remote 835
Local 938 Remote 821
Local 915 Remote 857
Local 1099 Remote 1190
Local 839 Remote 883
Local 898 Remote 827
Local 894 Remote 820
Local 919 Remote 1228
Local 674 Remote 1970
Local 901 Remote 1024
Local 904 Remote 846
Local 915 Remote 821
Local 1172 Remote 1049
Local 843 Remote 860
Local 838 Remote 823
Local 880 Remote 822
Local 1031 Remote 1144
Local 799 Remote 877
Local 894 Remote 824
Local 898 Remote 855
Local 700 Remote 1073
Local 801 Remote 863
Local 861 Remote 823
Local 906 Remote 820
Local 1051 Remote 1203
Local 760 Remote 870
Local 878 Remote 826
Local 911 Remote 1117
Local 787 Remote 1130
Local 795 Remote 860
Local 894 Remote 824
Local 935 Remote 820
Local 916 Remote 1207
Local 617 Remote 878
Local 927 Remote 831
Local 903 Remote 830
Local 923 Remote 1343
Local 860 Remote 1639
Local 918 Remote 964
Local 881 Remote 838
Local 885 Remote 1053
Local 863 Remote 1010
Local 638 Remote 1261
Local 881 Remote 978
Local 895 Remote 835
Local 697 Remote 3350
Local 733 Remote 1296
Local 921 Remote 1100
Local 891 Remote 856
Local 1022 Remote 1032
Local 884 Remote 911
Local 902 Remote 2394
Local 939 Remote 976
Local 827 Remote 1108
Local 742 Remote 913
Local 920 Remote 828
Local 871 Remote 823
Local 840 Remote 820
Local 615 Remote 890
Local 840 Remote 892
Local 871 Remote 829
Local 821 Remote 823
Local 874 Remote 1076
Local 914 Remote 853
Local 861 Remote 838
Local 827 Remote 831
Local 839 Remote 825
Local 743 Remote 907
Local 863 Remote 858
Local 745 Remote 828
Local 720 Remote 822
Local 773 Remote 1470
Local 1093 Remote 962
Local 732 Remote 861
Local 717 Remote 859
Local 697 Remote 1104
Local 1002 Remote 934
Local 706 Remote 914
Local 693 Remote 878
Local 667 Remote 1060
Local 776 Remote 851
Local 676 Remote 889
Local 655 Remote 874
Local 634 Remote 1047
Local 514 Remote 1017
Local 675 Remote 899
Local 656 Remote 890
Local 677 Remote 4549
Local 1034 Remote 1483
Local 728 Remote 984
Local 676 Remote 889
Local 841 Remote 1134
Local 792 Remote 875
Local 710 Remote 859
Local 679 Remote 862
Local 898 Remote 1235
Local 839 Remote 946
Local 692 Remote 906
Local 690 Remote 902
Local 791 Remote 1204
Local 998 Remote 887
Local 743 Remote 869
Local 678 Remote 922
Local 1027 Remote 1240
Local 960 Remote 907
Local 720 Remote 910
Local 662 Remote 889
Local 796 Remote 1285
Local 1261 Remote 909
Local 719 Remote 881
Local 671 Remote 907
Local 996 Remote 1204
Local 573 Remote 870
Local 653 Remote 884
Local 656 Remote 889
Local 758 Remote 1263
Local 583 Remote 878
Local 698 Remote 861
Local 663 Remote 921
Local 635 Remote 875
Local 610 Remote 885
Local 672 Remote 939
Local 669 Remote 883
Local 667 Remote 870
Local 575 Remote 934
Local 603 Remote 890
Local 666 Remote 866
Local 676 Remote 864
Local 933 Remote 1267
Local 738 Remote 898
Local 694 Remote 880
Local 669 Remote 898
Local 840 Remote 1141
Local 832 Remote 1633
Local 690 Remote 1011
Local 670 Remote 912
Local 649 Remote 1093
Local 614 Remote 894
Local 689 Remote 917
Local 672 Remote 874
Local 1073 Remote 1325
Local 1364 Remote 894
Local 772 Remote 892
Local 675 Remote 871
Local 849 Remote 851
Local 936 Remote 938
Local 728 Remote 874
Local 669 Remote 926
Local 736 Remote 1185
Local 752 Remote 889
Local 701 Remote 864
Local 664 Remote 909
Local 590 Remote 968
Local 764 Remote 985
Local 692 Remote 884
Local 648 Remote 862
Local 593 Remote 930
Local 721 Remote 838
Local 681 Remote 850
Local 685 Remote 946
Local 562 Remote 898
Local 763 Remote 833
Local 698 Remote 910
Local 656 Remote 867
Local 904 Remote 1116
Local 914 Remote 871
Local 707 Remote 920
Local 661 Remote 883
Local 967 Remote 906
Local 854 Remote 997
Local 694 Remote 911
Local 660 Remote 897
Local 938 Remote 1101
Local 727 Remote 888
Local 667 Remote 881
Local 667 Remote 872
Local 626 Remote 1069
Local 710 Remote 859
Local 681 Remote 883
Local 652 Remote 882
Local 736 Remote 997
Local 669 Remote 880
Local 651 Remote 883
Local 632 Remote 883
Local 713 Remote 1027
Local 801 Remote 913
Local 673 Remote 856
Local 673 Remote 890
Local 962 Remote 1024
Local 1173 Remote 955
Local 705 Remote 875
Local 678 Remote 869
Local 758 Remote 2215
Local 860 Remote 1113
Local 704 Remote 895
Local 658 Remote 890
Local 619 Remote 1225
Local 660 Remote 1047
Local 673 Remote 909
Local 686 Remote 926
Local 630 Remote 910
Local 706 Remote 855
Local 681 Remote 903
Local 669 Remote 880
Local 689 Remote 916
Local 760 Remote 908
Local 678 Remote 878
Local 667 Remote 888
Local 1077 Remote 970
Local 1038 Remote 889
Local 694 Remote 845
Local 686 Remote 851
Local 1360 Remote 836
Local 920 Remote 864
Local 697 Remote 873
Local 649 Remote 897
Local 1069 Remote 939
Local 819 Remote 868
Local 687 Remote 859
Local 674 Remote 873
Local 664 Remote 934
Local 846 Remote 938
Local 679 Remote 889
Local 655 Remote 881
Local 661 Remote 836
Local 708 Remote 876
Local 673 Remote 880
Local 669 Remote 867
Local 736 Remote 852
Local 680 Remote 843
Local 682 Remote 863
Local 695 Remote 889
Local 866 Remote 862
Local 752 Remote 826
Local 673 Remote 847
Local 645 Remote 905
Local 790 Remote 885
Local 718 Remote 851
Local 700 Remote 873
Local 654 Remote 875
Local 813 Remote 889
Local 819 Remote 878
Local 670 Remote 862
Local 659 Remote 859
Local 839 Remote 840
Local 862 Remote 850
Local 684 Remote 870
Local 646 Remote 904
Local 1156 Remote 847
Local 859 Remote 831
Local 698 Remote 937
Local 659 Remote 906
Local 878 Remote 856
Local 635 Remote 835
Local 568 Remote 826
Local 546 Remote 822
Local 496 Remote 820
Local 477 Remote 820
Local 466 Remote 820
Local 462 Remote 820
Local 503 Remote 820
Local 478 Remote 820
Local 475 Remote 820
Local 466 Remote 820
Local 462 Remote 820
Local 462 Remote 820
Local 460 Remote 820
Local 460 Remote 820
Local 460 Remote 820
Local 460 Remote 820
Local 460 Remote 820
Local 460 Remote 820
Local 473 Remote 820
Local 473 Remote 820
Local 515 Remote 820
Local 491 Remote 820
Local 472 Remote 820
Local 464 Remote 820
Local 461 Remote 820
Local 460 Remote 820
Local 463 Remote 820
Local 463 Remote 820
Local 469 Remote 820
Local 463 Remote 820
Local 483 Remote 820
Local 469 Remote 820
Local 463 Remote 820
Local 460 Remote 820
Local 460 Remote 820
