---
Devices:
 0: Host CPU
CloverLeaf:
 - Ver.:     2.000
 - Deck:     /home/labpc/work/cipp/CloverLeaf/InputDecks/clover_bm256_300.in
 - Out:      clover.out
 - Profiler: deck-specified
MPI:
 - Enabled:     false
 - Total ranks: 1
 - Header device-awareness (CUDA-awareness):  unknown
 - Runtime device-awareness (CUDA-awareness): unknown
 - Host-Device halo exchange staging buffer:  true
Model:
 - Name:      OpenMP (CPU)
 - Execution: Host
# ---- 
Output: |+1
 Output file clover.out opened. All output will go there.
 Args: --file /home/labpc/work/cipp/CloverLeaf/InputDecks/clover_bm256_300.in
 Using input: `/home/labpc/work/cipp/CloverLeaf/InputDecks/clover_bm256_300.in`
 Problem initialised and generated
 Launching hydro
 Step 1 time 0 control sound timestep  0.000385161 1,1 x 0 y 0
 Wall clock 2.81846
 Average time per cell 1.19462e-08
  Step time per cell    1.19462e-08
 Step 2 time 0.000385161 control sound timestep  0.000235099 1,1 x 0 y 0
 Wall clock 5.59429
 Average time per cell 1.18558e-08
  Step time per cell    1.17653e-08
 Step 3 time 0.000620261 control sound timestep  0.000298723 1,1 x 0 y 0
 Wall clock 8.4123
 Average time per cell 1.18853e-08
  Step time per cell    1.19442e-08
 Step 4 time 0.000918984 control sound timestep  0.000314746 1,1 x 0 y 0
 Wall clock 11.2001
 Average time per cell 1.1868e-08
  Step time per cell    1.18159e-08
 Step 5 time 0.00123373 control sound timestep  0.000346361 1,1 x 0 y 0
 Wall clock 14.0148
 Average time per cell 1.18805e-08
  Step time per cell    1.193e-08
 Step 6 time 0.00158009 control sound timestep  0.00034558 1,1 x 0 y 0
 Wall clock 16.7963
 Average time per cell 1.18653e-08
  Step time per cell    1.17892e-08
 Step 7 time 0.00192567 control sound timestep  0.000352154 1,1 x 0 y 0
 Wall clock 19.6039
 Average time per cell 1.18703e-08
  Step time per cell    1.19e-08
 Step 8 time 0.00227782 control sound timestep  0.000370384 1,1 x 0 y 0
 Wall clock 22.3945
 Average time per cell 1.1865e-08
  Step time per cell    1.1828e-08
 Step 9 time 0.00264821 control sound timestep  0.000366391 1,1 x 0 y 0
 Wall clock 25.2143
 Average time per cell 1.18747e-08
  Step time per cell    1.19516e-08
 Step 10 time 0.0030146 control sound timestep  0.000363789 1,1 x 0 y 0
 Wall clock 28.2642
 Average time per cell 1.19799e-08
  Step time per cell    1.29269e-08
 Step 11 time 0.00337839 control sound timestep  0.000361224 1,1 x 0 y 0
 Wall clock 31.0884
 Average time per cell 1.19791e-08
  Step time per cell    1.19702e-08
 Step 12 time 0.00373961 control sound timestep  0.000359796 1,1 x 0 y 0
 Wall clock 33.8786
 Average time per cell 1.19664e-08
  Step time per cell    1.18265e-08
 Step 13 time 0.00409941 control sound timestep  0.000360678 1,1 x 0 y 0
 Wall clock 36.6868
 Average time per cell 1.19615e-08
  Step time per cell    1.19022e-08
 Step 14 time 0.00446009 control sound timestep  0.000362113 1,1 x 0 y 0
 Wall clock 39.4778
 Average time per cell 1.19521e-08
  Step time per cell    1.18297e-08
 Step 15 time 0.0048222 control sound timestep  0.000362661 1,1 x 0 y 0
 Wall clock 42.3118
 Average time per cell 1.19561e-08
  Step time per cell    1.20118e-08
 Step 16 time 0.00518486 control sound timestep  0.000362812 1,1 x 0 y 0
 Wall clock 45.0882
 Average time per cell 1.19443e-08
  Step time per cell    1.17673e-08
 Step 17 time 0.00554767 control sound timestep  0.000362988 1,1 x 0 y 0
 Wall clock 47.9189
 Average time per cell 1.19475e-08
  Step time per cell    1.19982e-08
 Step 18 time 0.00591066 control sound timestep  0.000363082 1,1 x 0 y 0
 Wall clock 50.6986
 Average time per cell 1.19383e-08
  Step time per cell    1.17814e-08
 Step 19 time 0.00627374 control sound timestep  0.000363112 1,1 x 0 y 0
 Wall clock 53.5173
 Average time per cell 1.19387e-08
  Step time per cell    1.1947e-08
 Step 20 time 0.00663686 control sound timestep  0.00036317 1,1 x 0 y 0
 Wall clock 56.5837
 Average time per cell 1.19917e-08
  Step time per cell    1.29969e-08
 Step 21 time 0.00700003 control sound timestep  0.000363365 1,1 x 0 y 0
 Wall clock 59.4049
 Average time per cell 1.199e-08
  Step time per cell    1.19574e-08
 Step 22 time 0.00736339 control sound timestep  0.00036347 1,1 x 0 y 0
 Wall clock 62.2014
 Average time per cell 1.19838e-08
  Step time per cell    1.18531e-08
 Step 23 time 0.00772686 control sound timestep  0.000363513 1,1 x 0 y 0
 Wall clock 65.0265
 Average time per cell 1.19834e-08
  Step time per cell    1.19737e-08
 Step 24 time 0.00809037 control sound timestep  0.000363629 1,1 x 0 y 0
 Wall clock 67.8177
 Average time per cell 1.1977e-08
  Step time per cell    1.18306e-08
 Step 25 time 0.008454 control sound timestep  0.000363732 1,1 x 0 y 0
 Wall clock 70.6459
 Average time per cell 1.19774e-08
  Step time per cell    1.19871e-08
 Step 26 time 0.00881773 control sound timestep  0.000363825 1,1 x 0 y 0
 Wall clock 73.4311
 Average time per cell 1.19708e-08
  Step time per cell    1.18051e-08
 Step 27 time 0.00918156 control sound timestep  0.000363914 1,1 x 0 y 0
 Wall clock 76.2417
 Average time per cell 1.19687e-08
  Step time per cell    1.19126e-08
 Step 28 time 0.00954547 control sound timestep  0.000363943 1,1 x 0 y 0
 Wall clock 79.0293
 Average time per cell 1.19632e-08
  Step time per cell    1.1815e-08
 Step 29 time 0.00990942 control sound timestep  0.000363973 1,1 x 0 y 0
 Wall clock 81.8615
 Average time per cell 1.19646e-08
  Step time per cell    1.20043e-08
 Step 30 time 0.0102734 control sound timestep  0.000363988 1,1 x 0 y 0
 Wall clock 84.8992
 Average time per cell 1.1995e-08
  Step time per cell    1.2875e-08
 Step 31 time 0.0106374 control sound timestep  0.000364002 1,1 x 0 y 0
 Wall clock 87.7206
 Average time per cell 1.19938e-08
  Step time per cell    1.19585e-08
 Step 32 time 0.0110014 control sound timestep  0.000364043 1,1 x 0 y 0
 Wall clock 90.5054
 Average time per cell 1.19879e-08
  Step time per cell    1.18035e-08
 Step 33 time 0.0113654 control sound timestep  0.000364085 1,1 x 0 y 0
 Wall clock 93.3156
 Average time per cell 1.19856e-08
  Step time per cell    1.19109e-08
 Step 34 time 0.0117295 control sound timestep  0.000364133 1,1 x 0 y 0
 Wall clock 96.0967
 Average time per cell 1.19797e-08
  Step time per cell    1.17875e-08
 Step 35 time 0.0120936 control sound timestep  0.000364198 1,1 x 0 y 0
 Wall clock 98.9017
 Average time per cell 1.19771e-08
  Step time per cell    1.18889e-08
 Step 36 time 0.0124578 control sound timestep  0.000364259 1,1 x 0 y 0
 Wall clock 101.685
 Average time per cell 1.19721e-08
  Step time per cell    1.17961e-08
 Step 37 time 0.0128221 control sound timestep  0.000364318 1,1 x 0 y 0
 Wall clock 104.5
 Average time per cell 1.1971e-08
  Step time per cell    1.19318e-08
 Step 38 time 0.0131864 control sound timestep  0.000364383 1,1 x 0 y 0
 Wall clock 107.279
 Average time per cell 1.19659e-08
  Step time per cell    1.17767e-08
 Step 39 time 0.0135508 control sound timestep  0.000364422 1,1 x 0 y 0
 Wall clock 110.091
 Average time per cell 1.19648e-08
  Step time per cell    1.19203e-08
 Step 40 time 0.0139152 control sound timestep  0.000364431 1,1 x 0 y 0
 Wall clock 113.14
 Average time per cell 1.19887e-08
  Step time per cell    1.29234e-08
 Step 41 time 0.0142797 control sound timestep  0.000364435 1,1 x 0 y 0
 Wall clock 115.95
 Average time per cell 1.19868e-08
  Step time per cell    1.19104e-08
 Step 42 time 0.0146441 control sound timestep  0.000364445 1,1 x 0 y 0
 Wall clock 118.722
 Average time per cell 1.19811e-08
  Step time per cell    1.17473e-08
 Step 43 time 0.0150085 control sound timestep  0.000364471 1,1 x 0 y 0
 Wall clock 121.55
 Average time per cell 1.19813e-08
  Step time per cell    1.1988e-08
 Step 44 time 0.015373 control sound timestep  0.000364495 1,1 x 0 y 0
 Wall clock 124.317
 Average time per cell 1.19755e-08
  Step time per cell    1.17261e-08
 Step 45 time 0.0157375 control sound timestep  0.000364518 1,1 x 0 y 0
 Wall clock 127.141
 Average time per cell 1.19754e-08
  Step time per cell    1.19719e-08
 Step 46 time 0.016102 control sound timestep  0.000364543 1,1 x 0 y 0
 Wall clock 129.923
 Average time per cell 1.19714e-08
  Step time per cell    1.17916e-08
 Step 47 time 0.0164666 control sound timestep  0.000364585 1,1 x 0 y 0
 Wall clock 132.733
 Average time per cell 1.19701e-08
  Step time per cell    1.19093e-08
 Step 48 time 0.0168311 control sound timestep  0.000364628 1,1 x 0 y 0
 Wall clock 135.51
 Average time per cell 1.19659e-08
  Step time per cell    1.17684e-08
 Step 49 time 0.0171958 control sound timestep  0.000364667 1,1 x 0 y 0
 Wall clock 138.313
 Average time per cell 1.19642e-08
  Step time per cell    1.18834e-08
 Step 50 time 0.0175604 control sound timestep  0.000364708 1,1 x 0 y 0
 Wall clock 141.36
 Average time per cell 1.19832e-08
  Step time per cell    1.29115e-08
 Step 51 time 0.0179251 control sound timestep  0.000364758 1,1 x 0 y 0
 Wall clock 144.18
 Average time per cell 1.19826e-08
  Step time per cell    1.19533e-08
 Step 52 time 0.0182899 control sound timestep  0.000364817 1,1 x 0 y 0
 Wall clock 146.956
 Average time per cell 1.19785e-08
  Step time per cell    1.17689e-08
 Step 53 time 0.0186547 control sound timestep  0.000364826 1,1 x 0 y 0
 Wall clock 149.763
 Average time per cell 1.19769e-08
  Step time per cell    1.18952e-08
 Step 54 time 0.0190195 control sound timestep  0.00036483 1,1 x 0 y 0
 Wall clock 152.538
 Average time per cell 1.1973e-08
  Step time per cell    1.17625e-08
 Step 55 time 0.0193844 control sound timestep  0.000364831 1,1 x 0 y 0
 Wall clock 155.366
 Average time per cell 1.19732e-08
  Step time per cell    1.19851e-08
 Step 56 time 0.0197492 control sound timestep  0.000364846 1,1 x 0 y 0
 Wall clock 158.129
 Average time per cell 1.19686e-08
  Step time per cell    1.17136e-08
 Step 57 time 0.0201141 control sound timestep  0.000364866 1,1 x 0 y 0
 Wall clock 160.954
 Average time per cell 1.19687e-08
  Step time per cell    1.19744e-08
 Step 58 time 0.0204789 control sound timestep  0.000364884 1,1 x 0 y 0
 Wall clock 163.722
 Average time per cell 1.19645e-08
  Step time per cell    1.17297e-08
 Step 59 time 0.0208438 control sound timestep  0.000364902 1,1 x 0 y 0
 Wall clock 166.543
 Average time per cell 1.19644e-08
  Step time per cell    1.19569e-08
 Step 60 time 0.0212087 control sound timestep  0.000364922 1,1 x 0 y 0
 Wall clock 169.594
 Average time per cell 1.19806e-08
  Step time per cell    1.29346e-08
 Step 61 time 0.0215736 control sound timestep  0.000364956 1,1 x 0 y 0
 Wall clock 172.397
 Average time per cell 1.19789e-08
  Step time per cell    1.1877e-08
 Step 62 time 0.0219386 control sound timestep  0.000364991 1,1 x 0 y 0
 Wall clock 175.183
 Average time per cell 1.19762e-08
  Step time per cell    1.18089e-08
 Step 63 time 0.0223036 control sound timestep  0.000365022 1,1 x 0 y 0
 Wall clock 178.004
 Average time per cell 1.19758e-08
  Step time per cell    1.19558e-08
 Step 64 time 0.0226686 control sound timestep  0.000365056 1,1 x 0 y 0
 Wall clock 180.787
 Average time per cell 1.1973e-08
  Step time per cell    1.17963e-08
 Step 65 time 0.0230337 control sound timestep  0.000365098 1,1 x 0 y 0
 Wall clock 183.598
 Average time per cell 1.19722e-08
  Step time per cell    1.19163e-08
 Step 66 time 0.0233988 control sound timestep  0.000365146 1,1 x 0 y 0
 Wall clock 186.38
 Average time per cell 1.19694e-08
  Step time per cell    1.17913e-08
 Step 67 time 0.0237639 control sound timestep  0.000365166 1,1 x 0 y 0
 Wall clock 189.206
 Average time per cell 1.19696e-08
  Step time per cell    1.19792e-08
 Step 68 time 0.0241291 control sound timestep  0.000365169 1,1 x 0 y 0
 Wall clock 191.979
 Average time per cell 1.19664e-08
  Step time per cell    1.17528e-08
 Step 69 time 0.0244942 control sound timestep  0.000365167 1,1 x 0 y 0
 Wall clock 194.803
 Average time per cell 1.19664e-08
  Step time per cell    1.19673e-08
 Step 70 time 0.0248594 control sound timestep  0.000365177 1,1 x 0 y 0
 Wall clock 197.858
 Average time per cell 1.19804e-08
  Step time per cell    1.29496e-08
 Step 71 time 0.0252246 control sound timestep  0.000365194 1,1 x 0 y 0
 Wall clock 200.673
 Average time per cell 1.19798e-08
  Step time per cell    1.19335e-08
 Step 72 time 0.0255898 control sound timestep  0.000365209 1,1 x 0 y 0
 Wall clock 203.46
 Average time per cell 1.19774e-08
  Step time per cell    1.18109e-08
 Step 73 time 0.025955 control sound timestep  0.000365223 1,1 x 0 y 0
 Wall clock 206.292
 Average time per cell 1.19778e-08
  Step time per cell    1.20055e-08
 Step 74 time 0.0263202 control sound timestep  0.000365239 1,1 x 0 y 0
 Wall clock 209.065
 Average time per cell 1.19748e-08
  Step time per cell    1.17525e-08
 Step 75 time 0.0266854 control sound timestep  0.000365263 1,1 x 0 y 0
 Wall clock 211.889
 Average time per cell 1.19747e-08
  Step time per cell    1.19701e-08
 Step 76 time 0.0270507 control sound timestep  0.000365294 1,1 x 0 y 0
 Wall clock 214.674
 Average time per cell 1.19724e-08
  Step time per cell    1.1801e-08
 Step 77 time 0.027416 control sound timestep  0.000365322 1,1 x 0 y 0
 Wall clock 217.504
 Average time per cell 1.19727e-08
  Step time per cell    1.19957e-08
 Step 78 time 0.0277813 control sound timestep  0.000365349 1,1 x 0 y 0
 Wall clock 220.272
 Average time per cell 1.19697e-08
  Step time per cell    1.17338e-08
 Step 79 time 0.0281467 control sound timestep  0.000365381 1,1 x 0 y 0
 Wall clock 223.091
 Average time per cell 1.19694e-08
  Step time per cell    1.19496e-08
 Step 80 time 0.0285121 control sound timestep  0.000365421 1,1 x 0 y 0
 Wall clock 226.14
 Average time per cell 1.19813e-08
  Step time per cell    1.2922e-08
 Step 81 time 0.0288775 control sound timestep  0.000365457 1,1 x 0 y 0
 Wall clock 228.969
 Average time per cell 1.19815e-08
  Step time per cell    1.19915e-08
 Step 82 time 0.0292429 control sound timestep  0.000365459 1,1 x 0 y 0
 Wall clock 231.753
 Average time per cell 1.19793e-08
  Step time per cell    1.18006e-08
 Step 83 time 0.0296084 control sound timestep  0.000365461 1,1 x 0 y 0
 Wall clock 234.574
 Average time per cell 1.1979e-08
  Step time per cell    1.19558e-08
 Step 84 time 0.0299738 control sound timestep  0.000365461 1,1 x 0 y 0
 Wall clock 237.357
 Average time per cell 1.19768e-08
  Step time per cell    1.17966e-08
 Step 85 time 0.0303393 control sound timestep  0.000365475 1,1 x 0 y 0
 Wall clock 240.179
 Average time per cell 1.19766e-08
  Step time per cell    1.19602e-08
 Step 86 time 0.0307048 control sound timestep  0.000365488 1,1 x 0 y 0
 Wall clock 242.967
 Average time per cell 1.19747e-08
  Step time per cell    1.18143e-08
 Step 87 time 0.0310703 control sound timestep  0.0003655 1,1 x 0 y 0
 Wall clock 245.772
 Average time per cell 1.19737e-08
  Step time per cell    1.18887e-08
 Step 88 time 0.0314358 control sound timestep  0.000365513 1,1 x 0 y 0
 Wall clock 248.542
 Average time per cell 1.19711e-08
  Step time per cell    1.17417e-08
 Step 89 time 0.0318013 control sound timestep  0.000365528 1,1 x 0 y 0
 Wall clock 251.348
 Average time per cell 1.19702e-08
  Step time per cell    1.18939e-08
 Step 90 time 0.0321668 control sound timestep  0.000365555 1,1 x 0 y 0
 Wall clock 254.398
 Average time per cell 1.19809e-08
  Step time per cell    1.29261e-08
 Step 91 time 0.0325324 control sound timestep  0.00036558 1,1 x 0 y 0
 Wall clock 257.227
 Average time per cell 1.1981e-08
  Step time per cell    1.19929e-08
 Step 92 time 0.0328979 control sound timestep  0.000365603 1,1 x 0 y 0
 Wall clock 259.993
 Average time per cell 1.19782e-08
  Step time per cell    1.1725e-08
 Step 93 time 0.0332636 control sound timestep  0.000365628 1,1 x 0 y 0
 Wall clock 262.82
 Average time per cell 1.19783e-08
  Step time per cell    1.19823e-08
 Step 94 time 0.0336292 control sound timestep  0.000365659 1,1 x 0 y 0
 Wall clock 265.608
 Average time per cell 1.19765e-08
  Step time per cell    1.1815e-08
 Step 95 time 0.0339948 control sound timestep  0.000365696 1,1 x 0 y 0
 Wall clock 268.422
 Average time per cell 1.1976e-08
  Step time per cell    1.19279e-08
 Step 96 time 0.0343605 control sound timestep  0.000365709 1,1 x 0 y 0
 Wall clock 271.199
 Average time per cell 1.19739e-08
  Step time per cell    1.17718e-08
 Step 97 time 0.0347262 control sound timestep  0.00036571 1,1 x 0 y 0
 Wall clock 274.002
 Average time per cell 1.19729e-08
  Step time per cell    1.18787e-08
 Step 98 time 0.035092 control sound timestep  0.000365708 1,1 x 0 y 0
 Wall clock 276.778
 Average time per cell 1.19708e-08
  Step time per cell    1.17643e-08
 Step 99 time 0.0354577 control sound timestep  0.000365716 1,1 x 0 y 0
 Wall clock 279.581
 Average time per cell 1.19699e-08
  Step time per cell    1.18808e-08
 Step 100 time 0.0358234 control sound timestep  0.000365728 1,1 x 0 y 0
 Wall clock 282.627
 Average time per cell 1.19793e-08
  Step time per cell    1.29097e-08
 Step 101 time 0.0361891 control sound timestep  0.000365739 1,1 x 0 y 0
 Wall clock 285.447
 Average time per cell 1.1979e-08
  Step time per cell    1.19562e-08
 Step 102 time 0.0365548 control sound timestep  0.000365749 1,1 x 0 y 0
 Wall clock 288.234
 Average time per cell 1.19774e-08
  Step time per cell    1.18118e-08
 Step 103 time 0.0369206 control sound timestep  0.000365761 1,1 x 0 y 0
 Wall clock 291.044
 Average time per cell 1.19768e-08
  Step time per cell    1.19053e-08
 Step 104 time 0.0372864 control sound timestep  0.00036578 1,1 x 0 y 0
 Wall clock 293.83
 Average time per cell 1.19751e-08
  Step time per cell    1.18071e-08
 Step 105 time 0.0376521 control sound timestep  0.000365803 1,1 x 0 y 0
 Wall clock 296.639
 Average time per cell 1.19745e-08
  Step time per cell    1.19077e-08
 Step 106 time 0.0380179 control sound timestep  0.000365823 1,1 x 0 y 0
 Wall clock 299.429
 Average time per cell 1.19731e-08
  Step time per cell    1.1823e-08
 Step 107 time 0.0383838 control sound timestep  0.000365844 1,1 x 0 y 0
 Wall clock 302.258
 Average time per cell 1.19732e-08
  Step time per cell    1.19938e-08
 Step 108 time 0.0387496 control sound timestep  0.000365869 1,1 x 0 y 0
 Wall clock 305.026
 Average time per cell 1.1971e-08
  Step time per cell    1.17323e-08
 Step 109 time 0.0391155 control sound timestep  0.000365899 1,1 x 0 y 0
 Wall clock 307.851
 Average time per cell 1.19711e-08
  Step time per cell    1.1974e-08
 Step 110 time 0.0394814 control sound timestep  0.000365927 1,1 x 0 y 0
 Wall clock 310.91
 Average time per cell 1.19801e-08
  Step time per cell    1.29629e-08
 Step 111 time 0.0398473 control sound timestep  0.000365928 1,1 x 0 y 0
 Wall clock 313.711
 Average time per cell 1.19791e-08
  Step time per cell    1.18731e-08
 Step 112 time 0.0402132 control sound timestep  0.000365927 1,1 x 0 y 0
 Wall clock 316.493
 Average time per cell 1.19774e-08
  Step time per cell    1.17909e-08
 Step 113 time 0.0405792 control sound timestep  0.000365929 1,1 x 0 y 0
 Wall clock 319.316
 Average time per cell 1.19773e-08
  Step time per cell    1.19659e-08
 Step 114 time 0.0409451 control sound timestep  0.000365939 1,1 x 0 y 0
 Wall clock 322.1
 Average time per cell 1.19758e-08
  Step time per cell    1.17988e-08
 Step 115 time 0.041311 control sound timestep  0.000365949 1,1 x 0 y 0
 Wall clock 324.91
 Average time per cell 1.19752e-08
  Step time per cell    1.19099e-08
 Step 116 time 0.041677 control sound timestep  0.000365958 1,1 x 0 y 0
 Wall clock 327.689
 Average time per cell 1.19735e-08
  Step time per cell    1.17789e-08
 Step 117 time 0.0420429 control sound timestep  0.000365968 1,1 x 0 y 0
 Wall clock 330.507
 Average time per cell 1.19733e-08
  Step time per cell    1.19457e-08
 Step 118 time 0.0424089 control sound timestep  0.00036598 1,1 x 0 y 0
 Wall clock 333.29
 Average time per cell 1.19718e-08
  Step time per cell    1.17958e-08
 Step 119 time 0.0427749 control sound timestep  0.000366001 1,1 x 0 y 0
 Wall clock 336.11
 Average time per cell 1.19716e-08
  Step time per cell    1.19519e-08
 Step 120 time 0.0431409 control sound timestep  0.00036602 1,1 x 0 y 0
 Wall clock 339.165
 Average time per cell 1.19797e-08
  Step time per cell    1.29469e-08
 Step 121 time 0.0435069 control sound timestep  0.000366037 1,1 x 0 y 0
 Wall clock 342.007
 Average time per cell 1.19803e-08
  Step time per cell    1.20452e-08
 Step 122 time 0.0438729 control sound timestep  0.000366057 1,1 x 0 y 0
 Wall clock 344.801
 Average time per cell 1.19791e-08
  Step time per cell    1.18433e-08
 Step 123 time 0.044239 control sound timestep  0.000366082 1,1 x 0 y 0
 Wall clock 347.626
 Average time per cell 1.19791e-08
  Step time per cell    1.19759e-08
 Step 124 time 0.0446051 control sound timestep  0.000366111 1,1 x 0 y 0
 Wall clock 350.422
 Average time per cell 1.19781e-08
  Step time per cell    1.18514e-08
 Step 125 time 0.0449712 control sound timestep  0.000366119 1,1 x 0 y 0
 Wall clock 353.261
 Average time per cell 1.19785e-08
  Step time per cell    1.2031e-08
 Step 126 time 0.0453373 control sound timestep  0.00036612 1,1 x 0 y 0
 Wall clock 356.052
 Average time per cell 1.19773e-08
  Step time per cell    1.18288e-08
 Step 127 time 0.0457034 control sound timestep  0.000366118 1,1 x 0 y 0
 Wall clock 358.881
 Average time per cell 1.19774e-08
  Step time per cell    1.19893e-08
 Step 128 time 0.0460695 control sound timestep  0.000366125 1,1 x 0 y 0
 Wall clock 361.668
 Average time per cell 1.19762e-08
  Step time per cell    1.18137e-08
 Step 129 time 0.0464357 control sound timestep  0.000366134 1,1 x 0 y 0
 Wall clock 364.489
 Average time per cell 1.1976e-08
  Step time per cell    1.19596e-08
 Step 130 time 0.0468018 control sound timestep  0.000366143 1,1 x 0 y 0
 Wall clock 367.549
 Average time per cell 1.19837e-08
  Step time per cell    1.29674e-08
 Step 131 time 0.0471679 control sound timestep  0.000366151 1,1 x 0 y 0
 Wall clock 370.389
 Average time per cell 1.19841e-08
  Step time per cell    1.20386e-08
 Step 132 time 0.0475341 control sound timestep  0.00036616 1,1 x 0 y 0
 Wall clock 373.178
 Average time per cell 1.19828e-08
  Step time per cell    1.1819e-08
 Step 133 time 0.0479003 control sound timestep  0.000366177 1,1 x 0 y 0
 Wall clock 376.014
 Average time per cell 1.19831e-08
  Step time per cell    1.20233e-08
 Step 134 time 0.0482664 control sound timestep  0.000366195 1,1 x 0 y 0
 Wall clock 378.812
 Average time per cell 1.19822e-08
  Step time per cell    1.18577e-08
 Step 135 time 0.0486326 control sound timestep  0.000366211 1,1 x 0 y 0
 Wall clock 381.652
 Average time per cell 1.19826e-08
  Step time per cell    1.2037e-08
 Step 136 time 0.0489988 control sound timestep  0.000366227 1,1 x 0 y 0
 Wall clock 384.44
 Average time per cell 1.19814e-08
  Step time per cell    1.18149e-08
 Step 137 time 0.0493651 control sound timestep  0.000366248 1,1 x 0 y 0
 Wall clock 387.269
 Average time per cell 1.19815e-08
  Step time per cell    1.19932e-08
 Step 138 time 0.0497313 control sound timestep  0.000366273 1,1 x 0 y 0
 Wall clock 390.063
 Average time per cell 1.19804e-08
  Step time per cell    1.18394e-08
 Step 139 time 0.0500976 control sound timestep  0.000366291 1,1 x 0 y 0
 Wall clock 392.893
 Average time per cell 1.19806e-08
  Step time per cell    1.19978e-08
 Step 140 time 0.0504639 control sound timestep  0.000366292 1,1 x 0 y 0
 Wall clock 395.966
 Average time per cell 1.1988e-08
  Step time per cell    1.3024e-08
 Step 141 time 0.0508302 control sound timestep  0.000366288 1,1 x 0 y 0
 Wall clock 398.786
 Average time per cell 1.19878e-08
  Step time per cell    1.1953e-08
 Step 142 time 0.0511965 control sound timestep  0.000366292 1,1 x 0 y 0
 Wall clock 401.592
 Average time per cell 1.19871e-08
  Step time per cell    1.18926e-08
 Step 143 time 0.0515627 control sound timestep  0.000366301 1,1 x 0 y 0
 Wall clock 404.433
 Average time per cell 1.19875e-08
  Step time per cell    1.20398e-08
 Step 144 time 0.051929 control sound timestep  0.000366308 1,1 x 0 y 0
 Wall clock 407.228
 Average time per cell 1.19865e-08
  Step time per cell    1.18479e-08
 Step 145 time 0.0522954 control sound timestep  0.000366316 1,1 x 0 y 0
 Wall clock 410.057
 Average time per cell 1.19866e-08
  Step time per cell    1.19929e-08
 Step 146 time 0.0526617 control sound timestep  0.000366324 1,1 x 0 y 0
 Wall clock 412.866
 Average time per cell 1.1986e-08
  Step time per cell    1.1905e-08
 Step 147 time 0.053028 control sound timestep  0.000366336 1,1 x 0 y 0
 Wall clock 415.706
 Average time per cell 1.19863e-08
  Step time per cell    1.20356e-08
 Step 148 time 0.0533943 control sound timestep  0.000366353 1,1 x 0 y 0
 Wall clock 418.499
 Average time per cell 1.19853e-08
  Step time per cell    1.18382e-08
 Step 149 time 0.0537607 control sound timestep  0.000366368 1,1 x 0 y 0
 Wall clock 421.329
 Average time per cell 1.19854e-08
  Step time per cell    1.19955e-08
 Step 150 time 0.0541271 control sound timestep  0.000366382 1,1 x 0 y 0
 Wall clock 424.375
 Average time per cell 1.19916e-08
  Step time per cell    1.29106e-08
 Step 151 time 0.0544934 control sound timestep  0.000366399 1,1 x 0 y 0
 Wall clock 427.195
 Average time per cell 1.19913e-08
  Step time per cell    1.19505e-08
 Step 152 time 0.0548598 control sound timestep  0.000366421 1,1 x 0 y 0
 Wall clock 429.972
 Average time per cell 1.19899e-08
  Step time per cell    1.17701e-08
 Step 153 time 0.0552263 control sound timestep  0.000366444 1,1 x 0 y 0
 Wall clock 432.796
 Average time per cell 1.19897e-08
  Step time per cell    1.19694e-08
 Step 154 time 0.0555927 control sound timestep  0.000366446 1,1 x 0 y 0
 Wall clock 435.59
 Average time per cell 1.19888e-08
  Step time per cell    1.1843e-08
 Step 155 time 0.0559591 control sound timestep  0.000366445 1,1 x 0 y 0
 Wall clock 438.39
 Average time per cell 1.1988e-08
  Step time per cell    1.18696e-08
 Step 156 time 0.0563256 control sound timestep  0.000366445 1,1 x 0 y 0
 Wall clock 441.175
 Average time per cell 1.19868e-08
  Step time per cell    1.18011e-08
 Step 157 time 0.056692 control sound timestep  0.000366452 1,1 x 0 y 0
 Wall clock 443.987
 Average time per cell 1.19864e-08
  Step time per cell    1.19197e-08
 Step 158 time 0.0570585 control sound timestep  0.000366459 1,1 x 0 y 0
 Wall clock 446.767
 Average time per cell 1.19851e-08
  Step time per cell    1.17826e-08
 Step 159 time 0.0574249 control sound timestep  0.000366466 1,1 x 0 y 0
 Wall clock 449.593
 Average time per cell 1.19851e-08
  Step time per cell    1.19799e-08
 Step 160 time 0.0577914 control sound timestep  0.000366473 1,1 x 0 y 0
 Wall clock 452.631
 Average time per cell 1.19906e-08
  Step time per cell    1.28757e-08
 Step 161 time 0.0581579 control sound timestep  0.000366482 1,1 x 0 y 0
 Wall clock 455.461
 Average time per cell 1.19907e-08
  Step time per cell    1.19943e-08
 Step 162 time 0.0585244 control sound timestep  0.000366498 1,1 x 0 y 0
 Wall clock 458.244
 Average time per cell 1.19894e-08
  Step time per cell    1.17947e-08
 Step 163 time 0.0588909 control sound timestep  0.000366512 1,1 x 0 y 0
 Wall clock 461.055
 Average time per cell 1.1989e-08
  Step time per cell    1.1916e-08
 Step 164 time 0.0592574 control sound timestep  0.000366525 1,1 x 0 y 0
 Wall clock 463.844
 Average time per cell 1.1988e-08
  Step time per cell    1.18196e-08
 Step 165 time 0.0596239 control sound timestep  0.000366539 1,1 x 0 y 0
 Wall clock 466.651
 Average time per cell 1.19874e-08
  Step time per cell    1.18973e-08
 Step 166 time 0.0599904 control sound timestep  0.000366558 1,1 x 0 y 0
 Wall clock 469.445
 Average time per cell 1.19866e-08
  Step time per cell    1.18448e-08
 Step 167 time 0.060357 control sound timestep  0.00036658 1,1 x 0 y 0
 Wall clock 472.267
 Average time per cell 1.19864e-08
  Step time per cell    1.1961e-08
 Step 168 time 0.0607236 control sound timestep  0.000366586 1,1 x 0 y 0
 Wall clock 475.051
 Average time per cell 1.19853e-08
  Step time per cell    1.17978e-08
 Step 169 time 0.0610902 control sound timestep  0.000366586 1,1 x 0 y 0
 Wall clock 477.866
 Average time per cell 1.1985e-08
  Step time per cell    1.19332e-08
 Step 170 time 0.0614568 control sound timestep  0.000366585 1,1 x 0 y 0
 Wall clock 480.917
 Average time per cell 1.19905e-08
  Step time per cell    1.29287e-08
 Step 171 time 0.0618233 control sound timestep  0.00036659 1,1 x 0 y 0
 Wall clock 483.72
 Average time per cell 1.19899e-08
  Step time per cell    1.18823e-08
 Step 172 time 0.0621899 control sound timestep  0.000366597 1,1 x 0 y 0
 Wall clock 486.508
 Average time per cell 1.19889e-08
  Step time per cell    1.18172e-08
 Step 173 time 0.0625565 control sound timestep  0.000366603 1,1 x 0 y 0
 Wall clock 489.33
 Average time per cell 1.19887e-08
  Step time per cell    1.19618e-08
 Step 174 time 0.0629231 control sound timestep  0.000366609 1,1 x 0 y 0
 Wall clock 492.113
 Average time per cell 1.19876e-08
  Step time per cell    1.17944e-08
 Step 175 time 0.0632897 control sound timestep  0.000366616 1,1 x 0 y 0
 Wall clock 494.938
 Average time per cell 1.19876e-08
  Step time per cell    1.19748e-08
 Step 176 time 0.0636564 control sound timestep  0.000366631 1,1 x 0 y 0
 Wall clock 497.723
 Average time per cell 1.19865e-08
  Step time per cell    1.18032e-08
 Step 177 time 0.064023 control sound timestep  0.000366644 1,1 x 0 y 0
 Wall clock 500.552
 Average time per cell 1.19865e-08
  Step time per cell    1.19897e-08
 Step 178 time 0.0643896 control sound timestep  0.000366656 1,1 x 0 y 0
 Wall clock 503.343
 Average time per cell 1.19856e-08
  Step time per cell    1.18274e-08
 Step 179 time 0.0647563 control sound timestep  0.000366668 1,1 x 0 y 0
 Wall clock 506.158
 Average time per cell 1.19854e-08
  Step time per cell    1.19347e-08
 Step 180 time 0.065123 control sound timestep  0.000366685 1,1 x 0 y 0
 Wall clock 509.211
 Average time per cell 1.19907e-08
  Step time per cell    1.294e-08
 Step 181 time 0.0654896 control sound timestep  0.000366704 1,1 x 0 y 0
 Wall clock 512.018
 Average time per cell 1.19901e-08
  Step time per cell    1.18954e-08
 Step 182 time 0.0658563 control sound timestep  0.000366715 1,1 x 0 y 0
 Wall clock 514.802
 Average time per cell 1.19891e-08
  Step time per cell    1.18002e-08
 Step 183 time 0.0662231 control sound timestep  0.000366716 1,1 x 0 y 0
 Wall clock 517.636
 Average time per cell 1.19892e-08
  Step time per cell    1.20137e-08
 Step 184 time 0.0665898 control sound timestep  0.000366713 1,1 x 0 y 0
 Wall clock 520.415
 Average time per cell 1.19881e-08
  Step time per cell    1.17771e-08
 Step 185 time 0.0669565 control sound timestep  0.000366717 1,1 x 0 y 0
 Wall clock 523.234
 Average time per cell 1.19879e-08
  Step time per cell    1.19485e-08
 Step 186 time 0.0673232 control sound timestep  0.000366724 1,1 x 0 y 0
 Wall clock 526.015
 Average time per cell 1.19868e-08
  Step time per cell    1.17875e-08
 Step 187 time 0.0676899 control sound timestep  0.000366729 1,1 x 0 y 0
 Wall clock 528.839
 Average time per cell 1.19867e-08
  Step time per cell    1.19673e-08
 Step 188 time 0.0680567 control sound timestep  0.000366735 1,1 x 0 y 0
 Wall clock 531.625
 Average time per cell 1.19857e-08
  Step time per cell    1.18092e-08
 Step 189 time 0.0684234 control sound timestep  0.000366742 1,1 x 0 y 0
 Wall clock 534.428
 Average time per cell 1.19852e-08
  Step time per cell    1.18821e-08
 Step 190 time 0.0687901 control sound timestep  0.000366754 1,1 x 0 y 0
 Wall clock 537.49
 Average time per cell 1.19904e-08
  Step time per cell    1.29757e-08
 Step 191 time 0.0691569 control sound timestep  0.000366766 1,1 x 0 y 0
 Wall clock 540.32
 Average time per cell 1.19904e-08
  Step time per cell    1.19972e-08
 Step 192 time 0.0695237 control sound timestep  0.000366777 1,1 x 0 y 0
 Wall clock 543.091
 Average time per cell 1.19892e-08
  Step time per cell    1.17447e-08
 Step 193 time 0.0698904 control sound timestep  0.000366789 1,1 x 0 y 0
 Wall clock 545.917
 Average time per cell 1.19891e-08
  Step time per cell    1.19757e-08
 Step 194 time 0.0702572 control sound timestep  0.000366803 1,1 x 0 y 0
 Wall clock 548.711
 Average time per cell 1.19883e-08
  Step time per cell    1.18419e-08
 Step 195 time 0.070624 control sound timestep  0.000366821 1,1 x 0 y 0
 Wall clock 551.532
 Average time per cell 1.19882e-08
  Step time per cell    1.19578e-08
 Step 196 time 0.0709908 control sound timestep  0.000366835 1,1 x 0 y 0
 Wall clock 554.323
 Average time per cell 1.19874e-08
  Step time per cell    1.18303e-08
 Step 197 time 0.0713577 control sound timestep  0.000366836 1,1 x 0 y 0
 Wall clock 557.155
 Average time per cell 1.19875e-08
  Step time per cell    1.20045e-08
 Step 198 time 0.0717245 control sound timestep  0.000366833 1,1 x 0 y 0
 Wall clock 559.924
 Average time per cell 1.19862e-08
  Step time per cell    1.17335e-08
 Step 199 time 0.0720913 control sound timestep  0.000366836 1,1 x 0 y 0
 Wall clock 562.759
 Average time per cell 1.19863e-08
  Step time per cell    1.2017e-08
 Step 200 time 0.0724582 control sound timestep  0.000366842 1,1 x 0 y 0
 Wall clock 565.809
 Average time per cell 1.19911e-08
  Step time per cell    1.29289e-08
 Step 201 time 0.072825 control sound timestep  0.000366847 1,1 x 0 y 0
 Wall clock 568.632
 Average time per cell 1.19909e-08
  Step time per cell    1.19642e-08
 Step 202 time 0.0731919 control sound timestep  0.000366853 1,1 x 0 y 0
 Wall clock 571.419
 Average time per cell 1.199e-08
  Step time per cell    1.18116e-08
 Step 203 time 0.0735587 control sound timestep  0.000366859 1,1 x 0 y 0
 Wall clock 574.245
 Average time per cell 1.199e-08
  Step time per cell    1.19798e-08
 Step 204 time 0.0739256 control sound timestep  0.000366869 1,1 x 0 y 0
 Wall clock 577.027
 Average time per cell 1.1989e-08
  Step time per cell    1.17887e-08
 Step 205 time 0.0742925 control sound timestep  0.000366881 1,1 x 0 y 0
 Wall clock 579.869
 Average time per cell 1.19893e-08
  Step time per cell    1.20466e-08
 Step 206 time 0.0746593 control sound timestep  0.000366892 1,1 x 0 y 0
 Wall clock 582.65
 Average time per cell 1.19883e-08
  Step time per cell    1.17865e-08
 Step 207 time 0.0750262 control sound timestep  0.000366902 1,1 x 0 y 0
 Wall clock 585.473
 Average time per cell 1.19882e-08
  Step time per cell    1.19682e-08
 Step 208 time 0.0753931 control sound timestep  0.000366915 1,1 x 0 y 0
 Wall clock 588.276
 Average time per cell 1.19877e-08
  Step time per cell    1.18783e-08
 Step 209 time 0.07576 control sound timestep  0.000366932 1,1 x 0 y 0
 Wall clock 591.106
 Average time per cell 1.19877e-08
  Step time per cell    1.19954e-08
 Step 210 time 0.076127 control sound timestep  0.000366947 1,1 x 0 y 0
 Wall clock 594.163
 Average time per cell 1.19923e-08
  Step time per cell    1.29556e-08
 Step 211 time 0.0764939 control sound timestep  0.000366948 1,1 x 0 y 0
 Wall clock 596.984
 Average time per cell 1.19922e-08
  Step time per cell    1.19572e-08
 Step 212 time 0.0768609 control sound timestep  0.000366945 1,1 x 0 y 0
 Wall clock 599.784
 Average time per cell 1.19916e-08
  Step time per cell    1.1869e-08
 Step 213 time 0.0772278 control sound timestep  0.000366947 1,1 x 0 y 0
 Wall clock 602.632
 Average time per cell 1.1992e-08
  Step time per cell    1.20727e-08
 Step 214 time 0.0775948 control sound timestep  0.000366952 1,1 x 0 y 0
 Wall clock 605.406
 Average time per cell 1.19909e-08
  Step time per cell    1.17544e-08
 Step 215 time 0.0779617 control sound timestep  0.000366958 1,1 x 0 y 0
 Wall clock 608.235
 Average time per cell 1.19909e-08
  Step time per cell    1.19911e-08
 Step 216 time 0.0783287 control sound timestep  0.000366963 1,1 x 0 y 0
 Wall clock 611.034
 Average time per cell 1.19903e-08
  Step time per cell    1.18648e-08
 Step 217 time 0.0786956 control sound timestep  0.000366968 1,1 x 0 y 0
 Wall clock 613.842
 Average time per cell 1.19899e-08
  Step time per cell    1.19004e-08
 Step 218 time 0.0790626 control sound timestep  0.000366977 1,1 x 0 y 0
 Wall clock 616.628
 Average time per cell 1.1989e-08
  Step time per cell    1.18074e-08
 Step 219 time 0.0794296 control sound timestep  0.000366989 1,1 x 0 y 0
 Wall clock 619.433
 Average time per cell 1.19886e-08
  Step time per cell    1.18894e-08
 Step 220 time 0.0797966 control sound timestep  0.000366999 1,1 x 0 y 0
 Wall clock 622.488
 Average time per cell 1.19929e-08
  Step time per cell    1.29501e-08
 Step 221 time 0.0801636 control sound timestep  0.000367009 1,1 x 0 y 0
 Wall clock 625.316
 Average time per cell 1.19929e-08
  Step time per cell    1.1985e-08
 Step 222 time 0.0805306 control sound timestep  0.000367021 1,1 x 0 y 0
 Wall clock 628.11
 Average time per cell 1.19922e-08
  Step time per cell    1.18428e-08
 Step 223 time 0.0808976 control sound timestep  0.000367036 1,1 x 0 y 0
 Wall clock 630.932
 Average time per cell 1.19921e-08
  Step time per cell    1.19612e-08
 Step 224 time 0.0812646 control sound timestep  0.000367052 1,1 x 0 y 0
 Wall clock 633.713
 Average time per cell 1.19912e-08
  Step time per cell    1.17859e-08
 Step 225 time 0.0816317 control sound timestep  0.000367052 1,1 x 0 y 0
 Wall clock 636.555
 Average time per cell 1.19914e-08
  Step time per cell    1.20488e-08
 Step 226 time 0.0819987 control sound timestep  0.00036705 1,1 x 0 y 0
 Wall clock 639.353
 Average time per cell 1.19909e-08
  Step time per cell    1.18587e-08
 Step 227 time 0.0823658 control sound timestep  0.000367051 1,1 x 0 y 0
 Wall clock 642.182
 Average time per cell 1.19908e-08
  Step time per cell    1.19892e-08
 Step 228 time 0.0827328 control sound timestep  0.000367056 1,1 x 0 y 0
 Wall clock 644.991
 Average time per cell 1.19905e-08
  Step time per cell    1.19067e-08
 Step 229 time 0.0830999 control sound timestep  0.000367062 1,1 x 0 y 0
 Wall clock 647.826
 Average time per cell 1.19906e-08
  Step time per cell    1.2016e-08
 Step 230 time 0.083467 control sound timestep  0.000367066 1,1 x 0 y 0
 Wall clock 650.883
 Average time per cell 1.19948e-08
  Step time per cell    1.29541e-08
 Step 231 time 0.083834 control sound timestep  0.000367071 1,1 x 0 y 0
 Wall clock 653.711
 Average time per cell 1.19948e-08
  Step time per cell    1.1989e-08
 Step 232 time 0.0842011 control sound timestep  0.000367079 1,1 x 0 y 0
 Wall clock 656.509
 Average time per cell 1.19942e-08
  Step time per cell    1.18601e-08
 Step 233 time 0.0845682 control sound timestep  0.000367091 1,1 x 0 y 0
 Wall clock 659.349
 Average time per cell 1.19944e-08
  Step time per cell    1.20382e-08
 Step 234 time 0.0849353 control sound timestep  0.0003671 1,1 x 0 y 0
 Wall clock 662.168
 Average time per cell 1.19942e-08
  Step time per cell    1.19445e-08
 Step 235 time 0.0853024 control sound timestep  0.00036711 1,1 x 0 y 0
 Wall clock 665.004
 Average time per cell 1.19943e-08
  Step time per cell    1.2022e-08
 Step 236 time 0.0856695 control sound timestep  0.000367121 1,1 x 0 y 0
 Wall clock 667.81
 Average time per cell 1.19939e-08
  Step time per cell    1.1894e-08
 Step 237 time 0.0860366 control sound timestep  0.000367135 1,1 x 0 y 0
 Wall clock 670.652
 Average time per cell 1.19941e-08
  Step time per cell    1.20432e-08
 Step 238 time 0.0864037 control sound timestep  0.000367151 1,1 x 0 y 0
 Wall clock 673.439
 Average time per cell 1.19933e-08
  Step time per cell    1.18141e-08
 Step 239 time 0.0867709 control sound timestep  0.000367151 1,1 x 0 y 0
 Wall clock 676.277
 Average time per cell 1.19935e-08
  Step time per cell    1.20294e-08
 Step 240 time 0.087138 control sound timestep  0.00036715 1,1 x 0 y 0
 Wall clock 679.354
 Average time per cell 1.19978e-08
  Step time per cell    1.30396e-08
 Step 241 time 0.0875052 control sound timestep  0.00036715 1,1 x 0 y 0
 Wall clock 682.195
 Average time per cell 1.1998e-08
  Step time per cell    1.20426e-08
 Step 242 time 0.0878723 control sound timestep  0.000367155 1,1 x 0 y 0
 Wall clock 684.98
 Average time per cell 1.19972e-08
  Step time per cell    1.18034e-08
 Step 243 time 0.0882395 control sound timestep  0.00036716 1,1 x 0 y 0
 Wall clock 687.823
 Average time per cell 1.19974e-08
  Step time per cell    1.20498e-08
 Step 244 time 0.0886066 control sound timestep  0.000367164 1,1 x 0 y 0
 Wall clock 690.636
 Average time per cell 1.19971e-08
  Step time per cell    1.19262e-08
 Step 245 time 0.0889738 control sound timestep  0.000367169 1,1 x 0 y 0
 Wall clock 693.46
 Average time per cell 1.1997e-08
  Step time per cell    1.19693e-08
 Step 246 time 0.089341 control sound timestep  0.000367177 1,1 x 0 y 0
 Wall clock 696.246
 Average time per cell 1.19962e-08
  Step time per cell    1.18057e-08
 Step 247 time 0.0897082 control sound timestep  0.000367187 1,1 x 0 y 0
 Wall clock 699.084
 Average time per cell 1.19964e-08
  Step time per cell    1.20296e-08
 Step 248 time 0.0900753 control sound timestep  0.000367197 1,1 x 0 y 0
 Wall clock 701.895
 Average time per cell 1.1996e-08
  Step time per cell    1.19135e-08
 Step 249 time 0.0904425 control sound timestep  0.000367205 1,1 x 0 y 0
 Wall clock 704.722
 Average time per cell 1.1996e-08
  Step time per cell    1.19841e-08
 Step 250 time 0.0908097 control sound timestep  0.000367216 1,1 x 0 y 0
 Wall clock 707.794
 Average time per cell 1.20001e-08
  Step time per cell    1.30204e-08
 Step 251 time 0.091177 control sound timestep  0.000367229 1,1 x 0 y 0
 Wall clock 710.624
 Average time per cell 1.20001e-08
  Step time per cell    1.19935e-08
 Step 252 time 0.0915442 control sound timestep  0.000367244 1,1 x 0 y 0
 Wall clock 713.428
 Average time per cell 1.19996e-08
  Step time per cell    1.18844e-08
 Step 253 time 0.0919114 control sound timestep  0.000367245 1,1 x 0 y 0
 Wall clock 716.262
 Average time per cell 1.19997e-08
  Step time per cell    1.20131e-08
 Step 254 time 0.0922787 control sound timestep  0.000367243 1,1 x 0 y 0
 Wall clock 719.077
 Average time per cell 1.19994e-08
  Step time per cell    1.19293e-08
 Step 255 time 0.0926459 control sound timestep  0.000367244 1,1 x 0 y 0
 Wall clock 721.928
 Average time per cell 1.19997e-08
  Step time per cell    1.20837e-08
 Step 256 time 0.0930132 control sound timestep  0.000367248 1,1 x 0 y 0
 Wall clock 724.75
 Average time per cell 1.19996e-08
  Step time per cell    1.19625e-08
 Step 257 time 0.0933804 control sound timestep  0.000367253 1,1 x 0 y 0
 Wall clock 727.595
 Average time per cell 1.19998e-08
  Step time per cell    1.20584e-08
 Step 258 time 0.0937477 control sound timestep  0.000367257 1,1 x 0 y 0
 Wall clock 730.425
 Average time per cell 1.19998e-08
  Step time per cell    1.19959e-08
 Step 259 time 0.0941149 control sound timestep  0.000367262 1,1 x 0 y 0
 Wall clock 733.275
 Average time per cell 1.20001e-08
  Step time per cell    1.20785e-08
 Step 260 time 0.0944822 control sound timestep  0.000367269 1,1 x 0 y 0
 Wall clock 736.332
 Average time per cell 1.20038e-08
  Step time per cell    1.29552e-08
 Step 261 time 0.0948495 control sound timestep  0.000367279 1,1 x 0 y 0
 Wall clock 739.177
 Average time per cell 1.2004e-08
  Step time per cell    1.20587e-08
 Step 262 time 0.0952167 control sound timestep  0.000367288 1,1 x 0 y 0
 Wall clock 741.964
 Average time per cell 1.20033e-08
  Step time per cell    1.18137e-08
 Step 263 time 0.095584 control sound timestep  0.000367297 1,1 x 0 y 0
 Wall clock 744.808
 Average time per cell 1.20034e-08
  Step time per cell    1.20532e-08
 Step 264 time 0.0959513 control sound timestep  0.000367307 1,1 x 0 y 0
 Wall clock 747.624
 Average time per cell 1.20032e-08
  Step time per cell    1.19365e-08
 Step 265 time 0.0963186 control sound timestep  0.00036732 1,1 x 0 y 0
 Wall clock 750.476
 Average time per cell 1.20035e-08
  Step time per cell    1.20874e-08
 Step 266 time 0.0966859 control sound timestep  0.000367334 1,1 x 0 y 0
 Wall clock 753.291
 Average time per cell 1.20032e-08
  Step time per cell    1.19337e-08
 Step 267 time 0.0970533 control sound timestep  0.000367334 1,1 x 0 y 0
 Wall clock 756.141
 Average time per cell 1.20035e-08
  Step time per cell    1.20789e-08
 Step 268 time 0.0974206 control sound timestep  0.000367332 1,1 x 0 y 0
 Wall clock 758.945
 Average time per cell 1.20031e-08
  Step time per cell    1.18842e-08
 Step 269 time 0.0977879 control sound timestep  0.000367333 1,1 x 0 y 0
 Wall clock 761.782
 Average time per cell 1.20032e-08
  Step time per cell    1.20263e-08
 Step 270 time 0.0981553 control sound timestep  0.000367338 1,1 x 0 y 0
 Wall clock 764.859
 Average time per cell 1.2007e-08
  Step time per cell    1.30394e-08
 Step 271 time 0.0985226 control sound timestep  0.000367342 1,1 x 0 y 0
 Wall clock 767.708
 Average time per cell 1.20073e-08
  Step time per cell    1.20764e-08
 Step 272 time 0.09889 control sound timestep  0.000367346 1,1 x 0 y 0
 Wall clock 770.529
 Average time per cell 1.20071e-08
  Step time per cell    1.19581e-08
 Step 273 time 0.0992573 control sound timestep  0.00036735 1,1 x 0 y 0
 Wall clock 773.383
 Average time per cell 1.20074e-08
  Step time per cell    1.20956e-08
 Step 274 time 0.0996247 control sound timestep  0.000367358 1,1 x 0 y 0
 Wall clock 776.198
 Average time per cell 1.20071e-08
  Step time per cell    1.19323e-08
 Step 275 time 0.099992 control sound timestep  0.000367367 1,1 x 0 y 0
 Wall clock 779.042
 Average time per cell 1.20073e-08
  Step time per cell    1.20539e-08
 Step 276 time 0.100359 control sound timestep  0.000367376 1,1 x 0 y 0
 Wall clock 781.832
 Average time per cell 1.20067e-08
  Step time per cell    1.1826e-08
 Step 277 time 0.100727 control sound timestep  0.000367384 1,1 x 0 y 0
 Wall clock 784.681
 Average time per cell 1.20069e-08
  Step time per cell    1.20741e-08
 Step 278 time 0.101094 control sound timestep  0.000367394 1,1 x 0 y 0
 Wall clock 787.501
 Average time per cell 1.20067e-08
  Step time per cell    1.19516e-08
 Step 279 time 0.101462 control sound timestep  0.000367406 1,1 x 0 y 0
 Wall clock 790.357
 Average time per cell 1.20071e-08
  Step time per cell    1.21038e-08
 Step 280 time 0.101829 control sound timestep  0.000367419 1,1 x 0 y 0
 Wall clock 793.434
 Average time per cell 1.20108e-08
  Step time per cell    1.30448e-08
 Step 281 time 0.102196 control sound timestep  0.000367419 1,1 x 0 y 0
 Wall clock 796.275
 Average time per cell 1.20109e-08
  Step time per cell    1.20421e-08
 Step 282 time 0.102564 control sound timestep  0.000367417 1,1 x 0 y 0
 Wall clock 799.089
 Average time per cell 1.20106e-08
  Step time per cell    1.19245e-08
 Step 283 time 0.102931 control sound timestep  0.000367418 1,1 x 0 y 0
 Wall clock 801.941
 Average time per cell 1.20108e-08
  Step time per cell    1.20899e-08
 Step 284 time 0.103299 control sound timestep  0.000367423 1,1 x 0 y 0
 Wall clock 804.744
 Average time per cell 1.20104e-08
  Step time per cell    1.18806e-08
 Step 285 time 0.103666 control sound timestep  0.000367427 1,1 x 0 y 0
 Wall clock 807.589
 Average time per cell 1.20106e-08
  Step time per cell    1.20594e-08
 Step 286 time 0.104033 control sound timestep  0.000367431 1,1 x 0 y 0
 Wall clock 810.399
 Average time per cell 1.20102e-08
  Step time per cell    1.19084e-08
 Step 287 time 0.104401 control sound timestep  0.000367435 1,1 x 0 y 0
 Wall clock 813.247
 Average time per cell 1.20104e-08
  Step time per cell    1.207e-08
 Step 288 time 0.104768 control sound timestep  0.000367442 1,1 x 0 y 0
 Wall clock 816.061
 Average time per cell 1.20101e-08
  Step time per cell    1.19278e-08
 Step 289 time 0.105136 control sound timestep  0.000367452 1,1 x 0 y 0
 Wall clock 818.905
 Average time per cell 1.20103e-08
  Step time per cell    1.20559e-08
 Step 290 time 0.105503 control sound timestep  0.00036746 1,1 x 0 y 0
 Wall clock 821.99
 Average time per cell 1.2014e-08
  Step time per cell    1.30727e-08
 Step 291 time 0.105871 control sound timestep  0.000367468 1,1 x 0 y 0
 Wall clock 824.838
 Average time per cell 1.20142e-08
  Step time per cell    1.20727e-08
 Step 292 time 0.106238 control sound timestep  0.000367477 1,1 x 0 y 0
 Wall clock 827.64
 Average time per cell 1.20137e-08
  Step time per cell    1.18771e-08
 Step 293 time 0.106606 control sound timestep  0.00036749 1,1 x 0 y 0
 Wall clock 830.481
 Average time per cell 1.20138e-08
  Step time per cell    1.2042e-08
 Step 294 time 0.106973 control sound timestep  0.0003675 1,1 x 0 y 0
 Wall clock 833.291
 Average time per cell 1.20134e-08
  Step time per cell    1.19083e-08
 Step 295 time 0.107341 control sound timestep  0.000367501 1,1 x 0 y 0
 Wall clock 836.145
 Average time per cell 1.20137e-08
  Step time per cell    1.20965e-08
 Step 296 time 0.107708 control sound timestep  0.000367498 1,1 x 0 y 0
 Wall clock 838.967
 Average time per cell 1.20135e-08
  Step time per cell    1.19633e-08
 Step 297 time 0.108076 control sound timestep  0.0003675 1,1 x 0 y 0
 Wall clock 841.816
 Average time per cell 1.20137e-08
  Step time per cell    1.20713e-08
 Step 298 time 0.108443 control sound timestep  0.000367504 1,1 x 0 y 0
 Wall clock 844.639
 Average time per cell 1.20136e-08
  Step time per cell    1.1968e-08
 Step 299 time 0.108811 control sound timestep  0.000367508 1,1 x 0 y 0
 Wall clock 847.496
 Average time per cell 1.20139e-08
  Step time per cell    1.21074e-08
 Step 300 time 0.109178 control sound timestep  0.000367512 1,1 x 0 y 0
 Wall clock 850.835
 First step overhead 0
Result:
 - Problem: none
 - Outcome: PASSED
