---
Devices:
 0: Host CPU
CloverLeaf:
 - Ver.:     2.000
 - Deck:     /home/labpc/work/cipp/CloverLeaf/InputDecks/clover_bm256_300.in
 - Out:      clover.out
 - Profiler: deck-specified
MPI:
 - Enabled:     false
 - Total ranks: 1
 - Header device-awareness (CUDA-awareness):  unknown
 - Runtime device-awareness (CUDA-awareness): unknown
 - Host-Device halo exchange staging buffer:  true
Model:
 - Name:      OpenMP (CPU)
 - Execution: Host
# ---- 
Output: |+1
 Output file clover.out opened. All output will go there.
 Args: --file /home/labpc/work/cipp/CloverLeaf/InputDecks/clover_bm256_300.in
 Using input: `/home/labpc/work/cipp/CloverLeaf/InputDecks/clover_bm256_300.in`
 Problem initialised and generated
 Launching hydro
 Step 1 time 0 control sound timestep  0.000385161 1,1 x 0 y 0
 Wall clock 2.81535
 Average time per cell 1.1933e-08
  Step time per cell    1.1933e-08
 Step 2 time 0.000385161 control sound timestep  0.000235099 1,1 x 0 y 0
 Wall clock 5.59472
 Average time per cell 1.18567e-08
  Step time per cell    1.17803e-08
 Step 3 time 0.000620261 control sound timestep  0.000298723 1,1 x 0 y 0
 Wall clock 8.41262
 Average time per cell 1.18858e-08
  Step time per cell    1.19437e-08
 Step 4 time 0.000918984 control sound timestep  0.000314746 1,1 x 0 y 0
 Wall clock 11.1935
 Average time per cell 1.18611e-08
  Step time per cell    1.1787e-08
 Step 5 time 0.00123373 control sound timestep  0.000346361 1,1 x 0 y 0
 Wall clock 14.0083
 Average time per cell 1.1875e-08
  Step time per cell    1.19302e-08
 Step 6 time 0.00158009 control sound timestep  0.00034558 1,1 x 0 y 0
 Wall clock 16.7908
 Average time per cell 1.18615e-08
  Step time per cell    1.17939e-08
 Step 7 time 0.00192567 control sound timestep  0.000352154 1,1 x 0 y 0
 Wall clock 19.6025
 Average time per cell 1.18695e-08
  Step time per cell    1.19173e-08
 Step 8 time 0.00227782 control sound timestep  0.000370384 1,1 x 0 y 0
 Wall clock 22.3896
 Average time per cell 1.18624e-08
  Step time per cell    1.1813e-08
 Step 9 time 0.00264821 control sound timestep  0.000366391 1,1 x 0 y 0
 Wall clock 25.1978
 Average time per cell 1.18669e-08
  Step time per cell    1.19028e-08
 Step 10 time 0.0030146 control sound timestep  0.000363789 1,1 x 0 y 0
 Wall clock 28.2322
 Average time per cell 1.19664e-08
  Step time per cell    1.28612e-08
 Step 11 time 0.00337839 control sound timestep  0.000361224 1,1 x 0 y 0
 Wall clock 31.0267
 Average time per cell 1.19553e-08
  Step time per cell    1.18446e-08
 Step 12 time 0.00373961 control sound timestep  0.000359796 1,1 x 0 y 0
 Wall clock 33.7981
 Average time per cell 1.19379e-08
  Step time per cell    1.17466e-08
 Step 13 time 0.00409941 control sound timestep  0.000360678 1,1 x 0 y 0
 Wall clock 36.6104
 Average time per cell 1.19365e-08
  Step time per cell    1.19199e-08
 Step 14 time 0.00446009 control sound timestep  0.000362113 1,1 x 0 y 0
 Wall clock 39.3884
 Average time per cell 1.1925e-08
  Step time per cell    1.17745e-08
 Step 15 time 0.0048222 control sound timestep  0.000362661 1,1 x 0 y 0
 Wall clock 42.2082
 Average time per cell 1.19268e-08
  Step time per cell    1.19517e-08
 Step 16 time 0.00518486 control sound timestep  0.000362812 1,1 x 0 y 0
 Wall clock 44.9944
 Average time per cell 1.19194e-08
  Step time per cell    1.18094e-08
 Step 17 time 0.00554767 control sound timestep  0.000362988 1,1 x 0 y 0
 Wall clock 47.7998
 Average time per cell 1.19178e-08
  Step time per cell    1.18907e-08
 Step 18 time 0.00591066 control sound timestep  0.000363082 1,1 x 0 y 0
 Wall clock 50.5808
 Average time per cell 1.19105e-08
  Step time per cell    1.17875e-08
 Step 19 time 0.00627374 control sound timestep  0.000363112 1,1 x 0 y 0
 Wall clock 53.3945
 Average time per cell 1.19113e-08
  Step time per cell    1.19259e-08
 Step 20 time 0.00663686 control sound timestep  0.00036317 1,1 x 0 y 0
 Wall clock 56.4431
 Average time per cell 1.19619e-08
  Step time per cell    1.29215e-08
 Step 21 time 0.00700003 control sound timestep  0.000363365 1,1 x 0 y 0
 Wall clock 59.2702
 Average time per cell 1.19629e-08
  Step time per cell    1.19828e-08
 Step 22 time 0.00736339 control sound timestep  0.00036347 1,1 x 0 y 0
 Wall clock 62.047
 Average time per cell 1.19541e-08
  Step time per cell    1.17695e-08
 Step 23 time 0.00772686 control sound timestep  0.000363513 1,1 x 0 y 0
 Wall clock 64.8756
 Average time per cell 1.19556e-08
  Step time per cell    1.19892e-08
 Step 24 time 0.00809037 control sound timestep  0.000363629 1,1 x 0 y 0
 Wall clock 67.6626
 Average time per cell 1.19496e-08
  Step time per cell    1.18125e-08
 Step 25 time 0.008454 control sound timestep  0.000363732 1,1 x 0 y 0
 Wall clock 70.4684
 Average time per cell 1.19474e-08
  Step time per cell    1.18926e-08
 Step 26 time 0.00881773 control sound timestep  0.000363825 1,1 x 0 y 0
 Wall clock 73.2433
 Average time per cell 1.19402e-08
  Step time per cell    1.1761e-08
 Step 27 time 0.00918156 control sound timestep  0.000363914 1,1 x 0 y 0
 Wall clock 76.062
 Average time per cell 1.19405e-08
  Step time per cell    1.19472e-08
 Step 28 time 0.00954547 control sound timestep  0.000363943 1,1 x 0 y 0
 Wall clock 78.8413
 Average time per cell 1.19347e-08
  Step time per cell    1.178e-08
 Step 29 time 0.00990942 control sound timestep  0.000363973 1,1 x 0 y 0
 Wall clock 81.64
 Average time per cell 1.19323e-08
  Step time per cell    1.18625e-08
 Step 30 time 0.0102734 control sound timestep  0.000363988 1,1 x 0 y 0
 Wall clock 84.6894
 Average time per cell 1.19653e-08
  Step time per cell    1.29247e-08
 Step 31 time 0.0106374 control sound timestep  0.000364002 1,1 x 0 y 0
 Wall clock 87.5167
 Average time per cell 1.19659e-08
  Step time per cell    1.1984e-08
 Step 32 time 0.0110014 control sound timestep  0.000364043 1,1 x 0 y 0
 Wall clock 90.289
 Average time per cell 1.19592e-08
  Step time per cell    1.17502e-08
 Step 33 time 0.0113654 control sound timestep  0.000364085 1,1 x 0 y 0
 Wall clock 93.1146
 Average time per cell 1.19597e-08
  Step time per cell    1.19761e-08
 Step 34 time 0.0117295 control sound timestep  0.000364133 1,1 x 0 y 0
 Wall clock 95.8928
 Average time per cell 1.19543e-08
  Step time per cell    1.17756e-08
 Step 35 time 0.0120936 control sound timestep  0.000364198 1,1 x 0 y 0
 Wall clock 98.7182
 Average time per cell 1.19549e-08
  Step time per cell    1.19755e-08
 Step 36 time 0.0124578 control sound timestep  0.000364259 1,1 x 0 y 0
 Wall clock 101.492
 Average time per cell 1.19494e-08
  Step time per cell    1.17563e-08
 Step 37 time 0.0128221 control sound timestep  0.000364318 1,1 x 0 y 0
 Wall clock 104.302
 Average time per cell 1.19484e-08
  Step time per cell    1.19116e-08
 Step 38 time 0.0131864 control sound timestep  0.000364383 1,1 x 0 y 0
 Wall clock 107.087
 Average time per cell 1.19446e-08
  Step time per cell    1.18042e-08
 Step 39 time 0.0135508 control sound timestep  0.000364422 1,1 x 0 y 0
 Wall clock 109.895
 Average time per cell 1.19435e-08
  Step time per cell    1.19003e-08
 Step 40 time 0.0139152 control sound timestep  0.000364431 1,1 x 0 y 0
 Wall clock 112.934
 Average time per cell 1.19669e-08
  Step time per cell    1.28793e-08
 Step 41 time 0.0142797 control sound timestep  0.000364435 1,1 x 0 y 0
 Wall clock 115.743
 Average time per cell 1.19654e-08
  Step time per cell    1.19078e-08
 Step 42 time 0.0146441 control sound timestep  0.000364445 1,1 x 0 y 0
 Wall clock 118.512
 Average time per cell 1.196e-08
  Step time per cell    1.17363e-08
 Step 43 time 0.0150085 control sound timestep  0.000364471 1,1 x 0 y 0
 Wall clock 121.303
 Average time per cell 1.1957e-08
  Step time per cell    1.1829e-08
 Step 44 time 0.015373 control sound timestep  0.000364495 1,1 x 0 y 0
 Wall clock 124.068
 Average time per cell 1.19516e-08
  Step time per cell    1.17206e-08
 Step 45 time 0.0157375 control sound timestep  0.000364518 1,1 x 0 y 0
 Wall clock 126.87
 Average time per cell 1.19499e-08
  Step time per cell    1.18732e-08
 Step 46 time 0.016102 control sound timestep  0.000364543 1,1 x 0 y 0
 Wall clock 129.649
 Average time per cell 1.19461e-08
  Step time per cell    1.17792e-08
 Step 47 time 0.0164666 control sound timestep  0.000364585 1,1 x 0 y 0
 Wall clock 132.456
 Average time per cell 1.19452e-08
  Step time per cell    1.18996e-08
 Step 48 time 0.0168311 control sound timestep  0.000364628 1,1 x 0 y 0
 Wall clock 135.226
 Average time per cell 1.19409e-08
  Step time per cell    1.17379e-08
 Step 49 time 0.0171958 control sound timestep  0.000364667 1,1 x 0 y 0
 Wall clock 138.046
 Average time per cell 1.19411e-08
  Step time per cell    1.1954e-08
 Step 50 time 0.0175604 control sound timestep  0.000364708 1,1 x 0 y 0
 Wall clock 141.085
 Average time per cell 1.19599e-08
  Step time per cell    1.28792e-08
 Step 51 time 0.0179251 control sound timestep  0.000364758 1,1 x 0 y 0
 Wall clock 143.905
 Average time per cell 1.19598e-08
  Step time per cell    1.19554e-08
 Step 52 time 0.0182899 control sound timestep  0.000364817 1,1 x 0 y 0
 Wall clock 146.672
 Average time per cell 1.19554e-08
  Step time per cell    1.17281e-08
 Step 53 time 0.0186547 control sound timestep  0.000364826 1,1 x 0 y 0
 Wall clock 149.492
 Average time per cell 1.19553e-08
  Step time per cell    1.19518e-08
 Step 54 time 0.0190195 control sound timestep  0.00036483 1,1 x 0 y 0
 Wall clock 152.281
 Average time per cell 1.19528e-08
  Step time per cell    1.18218e-08
 Step 55 time 0.0193844 control sound timestep  0.000364831 1,1 x 0 y 0
 Wall clock 155.079
 Average time per cell 1.19511e-08
  Step time per cell    1.18584e-08
 Step 56 time 0.0197492 control sound timestep  0.000364846 1,1 x 0 y 0
 Wall clock 157.862
 Average time per cell 1.19483e-08
  Step time per cell    1.17957e-08
 Step 57 time 0.0201141 control sound timestep  0.000364866 1,1 x 0 y 0
 Wall clock 160.671
 Average time per cell 1.19476e-08
  Step time per cell    1.19034e-08
 Step 58 time 0.0204789 control sound timestep  0.000364884 1,1 x 0 y 0
 Wall clock 163.442
 Average time per cell 1.19441e-08
  Step time per cell    1.17476e-08
 Step 59 time 0.0208438 control sound timestep  0.000364902 1,1 x 0 y 0
 Wall clock 166.255
 Average time per cell 1.19438e-08
  Step time per cell    1.19224e-08
 Step 60 time 0.0212087 control sound timestep  0.000364922 1,1 x 0 y 0
 Wall clock 169.304
 Average time per cell 1.19601e-08
  Step time per cell    1.29219e-08
 Step 61 time 0.0215736 control sound timestep  0.000364956 1,1 x 0 y 0
 Wall clock 172.098
 Average time per cell 1.19582e-08
  Step time per cell    1.18441e-08
 Step 62 time 0.0219386 control sound timestep  0.000364991 1,1 x 0 y 0
 Wall clock 174.864
 Average time per cell 1.19543e-08
  Step time per cell    1.17208e-08
 Step 63 time 0.0223036 control sound timestep  0.000365022 1,1 x 0 y 0
 Wall clock 177.668
 Average time per cell 1.19533e-08
  Step time per cell    1.18872e-08
 Step 64 time 0.0226686 control sound timestep  0.000365056 1,1 x 0 y 0
 Wall clock 180.449
 Average time per cell 1.19507e-08
  Step time per cell    1.17866e-08
 Step 65 time 0.0230337 control sound timestep  0.000365098 1,1 x 0 y 0
 Wall clock 183.261
 Average time per cell 1.19502e-08
  Step time per cell    1.19194e-08
 Step 66 time 0.0233988 control sound timestep  0.000365146 1,1 x 0 y 0
 Wall clock 186.031
 Average time per cell 1.1947e-08
  Step time per cell    1.17374e-08
 Step 67 time 0.0237639 control sound timestep  0.000365166 1,1 x 0 y 0
 Wall clock 188.846
 Average time per cell 1.19468e-08
  Step time per cell    1.19339e-08
 Step 68 time 0.0241291 control sound timestep  0.000365169 1,1 x 0 y 0
 Wall clock 191.612
 Average time per cell 1.19435e-08
  Step time per cell    1.17215e-08
 Step 69 time 0.0244942 control sound timestep  0.000365167 1,1 x 0 y 0
 Wall clock 194.444
 Average time per cell 1.19444e-08
  Step time per cell    1.20037e-08
 Step 70 time 0.0248594 control sound timestep  0.000365177 1,1 x 0 y 0
 Wall clock 197.494
 Average time per cell 1.19584e-08
  Step time per cell    1.29255e-08
 Step 71 time 0.0252246 control sound timestep  0.000365194 1,1 x 0 y 0
 Wall clock 200.292
 Average time per cell 1.1957e-08
  Step time per cell    1.18596e-08
 Step 72 time 0.0255898 control sound timestep  0.000365209 1,1 x 0 y 0
 Wall clock 203.07
 Average time per cell 1.19545e-08
  Step time per cell    1.17782e-08
 Step 73 time 0.025955 control sound timestep  0.000365223 1,1 x 0 y 0
 Wall clock 205.879
 Average time per cell 1.19538e-08
  Step time per cell    1.19031e-08
 Step 74 time 0.0263202 control sound timestep  0.000365239 1,1 x 0 y 0
 Wall clock 208.653
 Average time per cell 1.19512e-08
  Step time per cell    1.17589e-08
 Step 75 time 0.0266854 control sound timestep  0.000365263 1,1 x 0 y 0
 Wall clock 211.463
 Average time per cell 1.19506e-08
  Step time per cell    1.19081e-08
 Step 76 time 0.0270507 control sound timestep  0.000365294 1,1 x 0 y 0
 Wall clock 214.243
 Average time per cell 1.19484e-08
  Step time per cell    1.17832e-08
 Step 77 time 0.027416 control sound timestep  0.000365322 1,1 x 0 y 0
 Wall clock 217.053
 Average time per cell 1.19479e-08
  Step time per cell    1.19092e-08
 Step 78 time 0.0277813 control sound timestep  0.000365349 1,1 x 0 y 0
 Wall clock 219.831
 Average time per cell 1.19457e-08
  Step time per cell    1.17756e-08
 Step 79 time 0.0281467 control sound timestep  0.000365381 1,1 x 0 y 0
 Wall clock 222.64
 Average time per cell 1.19452e-08
  Step time per cell    1.19045e-08
 Step 80 time 0.0285121 control sound timestep  0.000365421 1,1 x 0 y 0
 Wall clock 225.681
 Average time per cell 1.1957e-08
  Step time per cell    1.28891e-08
 Step 81 time 0.0288775 control sound timestep  0.000365457 1,1 x 0 y 0
 Wall clock 228.497
 Average time per cell 1.19568e-08
  Step time per cell    1.19392e-08
 Step 82 time 0.0292429 control sound timestep  0.000365459 1,1 x 0 y 0
 Wall clock 231.262
 Average time per cell 1.19538e-08
  Step time per cell    1.17172e-08
 Step 83 time 0.0296084 control sound timestep  0.000365461 1,1 x 0 y 0
 Wall clock 234.069
 Average time per cell 1.19532e-08
  Step time per cell    1.18965e-08
 Step 84 time 0.0299738 control sound timestep  0.000365461 1,1 x 0 y 0
 Wall clock 236.831
 Average time per cell 1.19502e-08
  Step time per cell    1.17069e-08
 Step 85 time 0.0303393 control sound timestep  0.000365475 1,1 x 0 y 0
 Wall clock 239.652
 Average time per cell 1.19503e-08
  Step time per cell    1.19598e-08
 Step 86 time 0.0307048 control sound timestep  0.000365488 1,1 x 0 y 0
 Wall clock 242.421
 Average time per cell 1.19478e-08
  Step time per cell    1.17324e-08
 Step 87 time 0.0310703 control sound timestep  0.0003655 1,1 x 0 y 0
 Wall clock 245.229
 Average time per cell 1.19473e-08
  Step time per cell    1.19056e-08
 Step 88 time 0.0314358 control sound timestep  0.000365513 1,1 x 0 y 0
 Wall clock 247.996
 Average time per cell 1.19448e-08
  Step time per cell    1.17236e-08
 Step 89 time 0.0318013 control sound timestep  0.000365528 1,1 x 0 y 0
 Wall clock 250.809
 Average time per cell 1.19446e-08
  Step time per cell    1.19248e-08
 Step 90 time 0.0321668 control sound timestep  0.000365555 1,1 x 0 y 0
 Wall clock 253.853
 Average time per cell 1.19552e-08
  Step time per cell    1.29008e-08
 Step 91 time 0.0325324 control sound timestep  0.00036558 1,1 x 0 y 0
 Wall clock 256.656
 Average time per cell 1.19544e-08
  Step time per cell    1.18818e-08
 Step 92 time 0.0328979 control sound timestep  0.000365603 1,1 x 0 y 0
 Wall clock 259.433
 Average time per cell 1.19524e-08
  Step time per cell    1.17699e-08
 Step 93 time 0.0332636 control sound timestep  0.000365628 1,1 x 0 y 0
 Wall clock 262.237
 Average time per cell 1.19517e-08
  Step time per cell    1.18847e-08
 Step 94 time 0.0336292 control sound timestep  0.000365659 1,1 x 0 y 0
 Wall clock 265.02
 Average time per cell 1.195e-08
  Step time per cell    1.17948e-08
 Step 95 time 0.0339948 control sound timestep  0.000365696 1,1 x 0 y 0
 Wall clock 267.82
 Average time per cell 1.19491e-08
  Step time per cell    1.18671e-08
 Step 96 time 0.0343605 control sound timestep  0.000365709 1,1 x 0 y 0
 Wall clock 270.582
 Average time per cell 1.19466e-08
  Step time per cell    1.17079e-08
 Step 97 time 0.0347262 control sound timestep  0.00036571 1,1 x 0 y 0
 Wall clock 273.393
 Average time per cell 1.19463e-08
  Step time per cell    1.19144e-08
 Step 98 time 0.035092 control sound timestep  0.000365708 1,1 x 0 y 0
 Wall clock 276.167
 Average time per cell 1.19444e-08
  Step time per cell    1.17576e-08
 Step 99 time 0.0354577 control sound timestep  0.000365716 1,1 x 0 y 0
 Wall clock 278.964
 Average time per cell 1.19435e-08
  Step time per cell    1.18529e-08
 Step 100 time 0.0358234 control sound timestep  0.000365728 1,1 x 0 y 0
 Wall clock 282.002
 Average time per cell 1.19528e-08
  Step time per cell    1.28789e-08
 Step 101 time 0.0361891 control sound timestep  0.000365739 1,1 x 0 y 0
 Wall clock 284.791
 Average time per cell 1.19515e-08
  Step time per cell    1.18193e-08
 Step 102 time 0.0365548 control sound timestep  0.000365749 1,1 x 0 y 0
 Wall clock 287.566
 Average time per cell 1.19497e-08
  Step time per cell    1.17644e-08
 Step 103 time 0.0369206 control sound timestep  0.000365761 1,1 x 0 y 0
 Wall clock 290.362
 Average time per cell 1.19487e-08
  Step time per cell    1.18514e-08
 Step 104 time 0.0372864 control sound timestep  0.00036578 1,1 x 0 y 0
 Wall clock 293.13
 Average time per cell 1.19466e-08
  Step time per cell    1.17318e-08
 Step 105 time 0.0376521 control sound timestep  0.000365803 1,1 x 0 y 0
 Wall clock 295.933
 Average time per cell 1.1946e-08
  Step time per cell    1.18775e-08
 Step 106 time 0.0380179 control sound timestep  0.000365823 1,1 x 0 y 0
 Wall clock 298.71
 Average time per cell 1.19443e-08
  Step time per cell    1.17694e-08
 Step 107 time 0.0383838 control sound timestep  0.000365844 1,1 x 0 y 0
 Wall clock 301.513
 Average time per cell 1.19437e-08
  Step time per cell    1.18831e-08
 Step 108 time 0.0387496 control sound timestep  0.000365869 1,1 x 0 y 0
 Wall clock 304.287
 Average time per cell 1.1942e-08
  Step time per cell    1.17568e-08
 Step 109 time 0.0391155 control sound timestep  0.000365899 1,1 x 0 y 0
 Wall clock 307.083
 Average time per cell 1.19412e-08
  Step time per cell    1.18513e-08
 Step 110 time 0.0394814 control sound timestep  0.000365927 1,1 x 0 y 0
 Wall clock 310.121
 Average time per cell 1.19497e-08
  Step time per cell    1.28738e-08
 Step 111 time 0.0398473 control sound timestep  0.000365928 1,1 x 0 y 0
 Wall clock 312.929
 Average time per cell 1.19492e-08
  Step time per cell    1.19021e-08
 Step 112 time 0.0402132 control sound timestep  0.000365927 1,1 x 0 y 0
 Wall clock 315.704
 Average time per cell 1.19476e-08
  Step time per cell    1.1764e-08
 Step 113 time 0.0405792 control sound timestep  0.000365929 1,1 x 0 y 0
 Wall clock 318.523
 Average time per cell 1.19476e-08
  Step time per cell    1.19486e-08
 Step 114 time 0.0409451 control sound timestep  0.000365939 1,1 x 0 y 0
 Wall clock 321.294
 Average time per cell 1.19458e-08
  Step time per cell    1.17441e-08
 Step 115 time 0.041311 control sound timestep  0.000365949 1,1 x 0 y 0
 Wall clock 324.107
 Average time per cell 1.19456e-08
  Step time per cell    1.19228e-08
 Step 116 time 0.041677 control sound timestep  0.000365958 1,1 x 0 y 0
 Wall clock 326.878
 Average time per cell 1.19439e-08
  Step time per cell    1.17462e-08
 Step 117 time 0.0420429 control sound timestep  0.000365968 1,1 x 0 y 0
 Wall clock 329.697
 Average time per cell 1.19439e-08
  Step time per cell    1.19483e-08
 Step 118 time 0.0424089 control sound timestep  0.00036598 1,1 x 0 y 0
 Wall clock 332.477
 Average time per cell 1.19425e-08
  Step time per cell    1.17791e-08
 Step 119 time 0.0427749 control sound timestep  0.000366001 1,1 x 0 y 0
 Wall clock 335.291
 Average time per cell 1.19424e-08
  Step time per cell    1.19293e-08
 Step 120 time 0.0431409 control sound timestep  0.00036602 1,1 x 0 y 0
 Wall clock 338.338
 Average time per cell 1.19505e-08
  Step time per cell    1.29153e-08
 Step 121 time 0.0435069 control sound timestep  0.000366037 1,1 x 0 y 0
 Wall clock 341.139
 Average time per cell 1.19499e-08
  Step time per cell    1.18726e-08
 Step 122 time 0.0438729 control sound timestep  0.000366057 1,1 x 0 y 0
 Wall clock 343.918
 Average time per cell 1.19485e-08
  Step time per cell    1.17778e-08
 Step 123 time 0.044239 control sound timestep  0.000366082 1,1 x 0 y 0
 Wall clock 346.726
 Average time per cell 1.19481e-08
  Step time per cell    1.18992e-08
 Step 124 time 0.0446051 control sound timestep  0.000366111 1,1 x 0 y 0
 Wall clock 349.492
 Average time per cell 1.19463e-08
  Step time per cell    1.17269e-08
 Step 125 time 0.0449712 control sound timestep  0.000366119 1,1 x 0 y 0
 Wall clock 352.31
 Average time per cell 1.19463e-08
  Step time per cell    1.19432e-08
 Step 126 time 0.0453373 control sound timestep  0.00036612 1,1 x 0 y 0
 Wall clock 355.09
 Average time per cell 1.1945e-08
  Step time per cell    1.17803e-08
 Step 127 time 0.0457034 control sound timestep  0.000366118 1,1 x 0 y 0
 Wall clock 357.885
 Average time per cell 1.19442e-08
  Step time per cell    1.18477e-08
 Step 128 time 0.0460695 control sound timestep  0.000366125 1,1 x 0 y 0
 Wall clock 360.663
 Average time per cell 1.19429e-08
  Step time per cell    1.17728e-08
 Step 129 time 0.0464357 control sound timestep  0.000366134 1,1 x 0 y 0
 Wall clock 363.487
 Average time per cell 1.19431e-08
  Step time per cell    1.19692e-08
 Step 130 time 0.0468018 control sound timestep  0.000366143 1,1 x 0 y 0
 Wall clock 366.536
 Average time per cell 1.19506e-08
  Step time per cell    1.29232e-08
 Step 131 time 0.0471679 control sound timestep  0.000366151 1,1 x 0 y 0
 Wall clock 369.338
 Average time per cell 1.19501e-08
  Step time per cell    1.18799e-08
 Step 132 time 0.0475341 control sound timestep  0.00036616 1,1 x 0 y 0
 Wall clock 372.105
 Average time per cell 1.19484e-08
  Step time per cell    1.17279e-08
 Step 133 time 0.0479003 control sound timestep  0.000366177 1,1 x 0 y 0
 Wall clock 374.914
 Average time per cell 1.19481e-08
  Step time per cell    1.19025e-08
 Step 134 time 0.0482664 control sound timestep  0.000366195 1,1 x 0 y 0
 Wall clock 377.691
 Average time per cell 1.19468e-08
  Step time per cell    1.17735e-08
 Step 135 time 0.0486326 control sound timestep  0.000366211 1,1 x 0 y 0
 Wall clock 380.493
 Average time per cell 1.19462e-08
  Step time per cell    1.18728e-08
 Step 136 time 0.0489988 control sound timestep  0.000366227 1,1 x 0 y 0
 Wall clock 383.271
 Average time per cell 1.1945e-08
  Step time per cell    1.17759e-08
 Step 137 time 0.0493651 control sound timestep  0.000366248 1,1 x 0 y 0
 Wall clock 386.078
 Average time per cell 1.19446e-08
  Step time per cell    1.1896e-08
 Step 138 time 0.0497313 control sound timestep  0.000366273 1,1 x 0 y 0
 Wall clock 388.855
 Average time per cell 1.19433e-08
  Step time per cell    1.1771e-08
 Step 139 time 0.0500976 control sound timestep  0.000366291 1,1 x 0 y 0
 Wall clock 391.678
 Average time per cell 1.19435e-08
  Step time per cell    1.19646e-08
 Step 140 time 0.0504639 control sound timestep  0.000366292 1,1 x 0 y 0
 Wall clock 394.726
 Average time per cell 1.19505e-08
  Step time per cell    1.29214e-08
 Step 141 time 0.0508302 control sound timestep  0.000366288 1,1 x 0 y 0
 Wall clock 397.537
 Average time per cell 1.19502e-08
  Step time per cell    1.19136e-08
 Step 142 time 0.0511965 control sound timestep  0.000366292 1,1 x 0 y 0
 Wall clock 400.316
 Average time per cell 1.1949e-08
  Step time per cell    1.17767e-08
 Step 143 time 0.0515627 control sound timestep  0.000366301 1,1 x 0 y 0
 Wall clock 403.121
 Average time per cell 1.19486e-08
  Step time per cell    1.18904e-08
 Step 144 time 0.051929 control sound timestep  0.000366308 1,1 x 0 y 0
 Wall clock 405.889
 Average time per cell 1.19471e-08
  Step time per cell    1.17325e-08
 Step 145 time 0.0522954 control sound timestep  0.000366316 1,1 x 0 y 0
 Wall clock 408.705
 Average time per cell 1.1947e-08
  Step time per cell    1.1935e-08
 Step 146 time 0.0526617 control sound timestep  0.000366324 1,1 x 0 y 0
 Wall clock 411.479
 Average time per cell 1.19457e-08
  Step time per cell    1.17581e-08
 Step 147 time 0.053028 control sound timestep  0.000366336 1,1 x 0 y 0
 Wall clock 414.3
 Average time per cell 1.19458e-08
  Step time per cell    1.1957e-08
 Step 148 time 0.0533943 control sound timestep  0.000366353 1,1 x 0 y 0
 Wall clock 417.082
 Average time per cell 1.19448e-08
  Step time per cell    1.17905e-08
 Step 149 time 0.0537607 control sound timestep  0.000366368 1,1 x 0 y 0
 Wall clock 419.886
 Average time per cell 1.19444e-08
  Step time per cell    1.18843e-08
 Step 150 time 0.0541271 control sound timestep  0.000366382 1,1 x 0 y 0
 Wall clock 422.921
 Average time per cell 1.19505e-08
  Step time per cell    1.28624e-08
 Step 151 time 0.0544934 control sound timestep  0.000366399 1,1 x 0 y 0
 Wall clock 425.732
 Average time per cell 1.19502e-08
  Step time per cell    1.19157e-08
 Step 152 time 0.0548598 control sound timestep  0.000366421 1,1 x 0 y 0
 Wall clock 428.506
 Average time per cell 1.1949e-08
  Step time per cell    1.17579e-08
 Step 153 time 0.0552263 control sound timestep  0.000366444 1,1 x 0 y 0
 Wall clock 431.309
 Average time per cell 1.19485e-08
  Step time per cell    1.18792e-08
 Step 154 time 0.0555927 control sound timestep  0.000366446 1,1 x 0 y 0
 Wall clock 434.088
 Average time per cell 1.19474e-08
  Step time per cell    1.17796e-08
 Step 155 time 0.0559591 control sound timestep  0.000366445 1,1 x 0 y 0
 Wall clock 436.899
 Average time per cell 1.19472e-08
  Step time per cell    1.19128e-08
 Step 156 time 0.0563256 control sound timestep  0.000366445 1,1 x 0 y 0
 Wall clock 439.671
 Average time per cell 1.1946e-08
  Step time per cell    1.17501e-08
 Step 157 time 0.056692 control sound timestep  0.000366452 1,1 x 0 y 0
 Wall clock 442.496
 Average time per cell 1.19461e-08
  Step time per cell    1.19761e-08
 Step 158 time 0.0570585 control sound timestep  0.000366459 1,1 x 0 y 0
 Wall clock 445.267
 Average time per cell 1.19449e-08
  Step time per cell    1.17446e-08
 Step 159 time 0.0574249 control sound timestep  0.000366466 1,1 x 0 y 0
 Wall clock 448.094
 Average time per cell 1.19451e-08
  Step time per cell    1.19817e-08
 Step 160 time 0.0577914 control sound timestep  0.000366473 1,1 x 0 y 0
 Wall clock 451.136
 Average time per cell 1.1951e-08
  Step time per cell    1.28939e-08
 Step 161 time 0.0581579 control sound timestep  0.000366482 1,1 x 0 y 0
 Wall clock 453.951
 Average time per cell 1.19509e-08
  Step time per cell    1.19311e-08
 Step 162 time 0.0585244 control sound timestep  0.000366498 1,1 x 0 y 0
 Wall clock 456.725
 Average time per cell 1.19497e-08
  Step time per cell    1.17542e-08
 Step 163 time 0.0588909 control sound timestep  0.000366512 1,1 x 0 y 0
 Wall clock 459.541
 Average time per cell 1.19496e-08
  Step time per cell    1.19357e-08
 Step 164 time 0.0592574 control sound timestep  0.000366525 1,1 x 0 y 0
 Wall clock 462.308
 Average time per cell 1.19483e-08
  Step time per cell    1.1731e-08
 Step 165 time 0.0596239 control sound timestep  0.000366539 1,1 x 0 y 0
 Wall clock 465.127
 Average time per cell 1.19483e-08
  Step time per cell    1.19458e-08
 Step 166 time 0.0599904 control sound timestep  0.000366558 1,1 x 0 y 0
 Wall clock 467.906
 Average time per cell 1.19473e-08
  Step time per cell    1.17801e-08
 Step 167 time 0.060357 control sound timestep  0.00036658 1,1 x 0 y 0
 Wall clock 470.729
 Average time per cell 1.19474e-08
  Step time per cell    1.19625e-08
 Step 168 time 0.0607236 control sound timestep  0.000366586 1,1 x 0 y 0
 Wall clock 473.517
 Average time per cell 1.19466e-08
  Step time per cell    1.18198e-08
 Step 169 time 0.0610902 control sound timestep  0.000366586 1,1 x 0 y 0
 Wall clock 476.315
 Average time per cell 1.19461e-08
  Step time per cell    1.18595e-08
 Step 170 time 0.0614568 control sound timestep  0.000366585 1,1 x 0 y 0
 Wall clock 479.356
 Average time per cell 1.19516e-08
  Step time per cell    1.28871e-08
 Step 171 time 0.0618233 control sound timestep  0.00036659 1,1 x 0 y 0
 Wall clock 482.152
 Average time per cell 1.1951e-08
  Step time per cell    1.18528e-08
 Step 172 time 0.0621899 control sound timestep  0.000366597 1,1 x 0 y 0
 Wall clock 484.934
 Average time per cell 1.19501e-08
  Step time per cell    1.1789e-08
 Step 173 time 0.0625565 control sound timestep  0.000366603 1,1 x 0 y 0
 Wall clock 487.748
 Average time per cell 1.195e-08
  Step time per cell    1.19263e-08
 Step 174 time 0.0629231 control sound timestep  0.000366609 1,1 x 0 y 0
 Wall clock 490.52
 Average time per cell 1.19488e-08
  Step time per cell    1.17493e-08
 Step 175 time 0.0632897 control sound timestep  0.000366616 1,1 x 0 y 0
 Wall clock 493.348
 Average time per cell 1.1949e-08
  Step time per cell    1.19888e-08
 Step 176 time 0.0636564 control sound timestep  0.000366631 1,1 x 0 y 0
 Wall clock 496.148
 Average time per cell 1.19486e-08
  Step time per cell    1.18681e-08
 Step 177 time 0.064023 control sound timestep  0.000366644 1,1 x 0 y 0
 Wall clock 499.007
 Average time per cell 1.19495e-08
  Step time per cell    1.21144e-08
 Step 178 time 0.0643896 control sound timestep  0.000366656 1,1 x 0 y 0
 Wall clock 501.818
 Average time per cell 1.19493e-08
  Step time per cell    1.19142e-08
 Step 179 time 0.0647563 control sound timestep  0.000366668 1,1 x 0 y 0
 Wall clock 504.67
 Average time per cell 1.19501e-08
  Step time per cell    1.20893e-08
 Step 180 time 0.065123 control sound timestep  0.000366685 1,1 x 0 y 0
 Wall clock 507.753
 Average time per cell 1.19563e-08
  Step time per cell    1.30697e-08
 Step 181 time 0.0654896 control sound timestep  0.000366704 1,1 x 0 y 0
 Wall clock 510.618
 Average time per cell 1.19574e-08
  Step time per cell    1.21433e-08
 Step 182 time 0.0658563 control sound timestep  0.000366715 1,1 x 0 y 0
 Wall clock 513.432
 Average time per cell 1.19572e-08
  Step time per cell    1.19267e-08
 Step 183 time 0.0662231 control sound timestep  0.000366716 1,1 x 0 y 0
 Wall clock 516.276
 Average time per cell 1.19577e-08
  Step time per cell    1.20511e-08
 Step 184 time 0.0665898 control sound timestep  0.000366713 1,1 x 0 y 0
 Wall clock 519.091
 Average time per cell 1.19576e-08
  Step time per cell    1.19328e-08
 Step 185 time 0.0669565 control sound timestep  0.000366717 1,1 x 0 y 0
 Wall clock 521.948
 Average time per cell 1.19584e-08
  Step time per cell    1.211e-08
 Step 186 time 0.0673232 control sound timestep  0.000366724 1,1 x 0 y 0
 Wall clock 524.769
 Average time per cell 1.19584e-08
  Step time per cell    1.19562e-08
 Step 187 time 0.0676899 control sound timestep  0.000366729 1,1 x 0 y 0
 Wall clock 527.627
 Average time per cell 1.19592e-08
  Step time per cell    1.21134e-08
 Step 188 time 0.0680567 control sound timestep  0.000366735 1,1 x 0 y 0
 Wall clock 530.441
 Average time per cell 1.1959e-08
  Step time per cell    1.19252e-08
 Step 189 time 0.0684234 control sound timestep  0.000366742 1,1 x 0 y 0
 Wall clock 533.301
 Average time per cell 1.19599e-08
  Step time per cell    1.21234e-08
 Step 190 time 0.0687901 control sound timestep  0.000366754 1,1 x 0 y 0
 Wall clock 536.383
 Average time per cell 1.19657e-08
  Step time per cell    1.3062e-08
 Step 191 time 0.0691569 control sound timestep  0.000366766 1,1 x 0 y 0
 Wall clock 539.245
 Average time per cell 1.19666e-08
  Step time per cell    1.21341e-08
 Step 192 time 0.0695237 control sound timestep  0.000366777 1,1 x 0 y 0
 Wall clock 542.07
 Average time per cell 1.19666e-08
  Step time per cell    1.19707e-08
 Step 193 time 0.0698904 control sound timestep  0.000366789 1,1 x 0 y 0
 Wall clock 544.932
 Average time per cell 1.19675e-08
  Step time per cell    1.21312e-08
 Step 194 time 0.0702572 control sound timestep  0.000366803 1,1 x 0 y 0
 Wall clock 547.749
 Average time per cell 1.19673e-08
  Step time per cell    1.19392e-08
 Step 195 time 0.070624 control sound timestep  0.000366821 1,1 x 0 y 0
 Wall clock 550.602
 Average time per cell 1.1968e-08
  Step time per cell    1.2095e-08
 Step 196 time 0.0709908 control sound timestep  0.000366835 1,1 x 0 y 0
 Wall clock 553.417
 Average time per cell 1.19678e-08
  Step time per cell    1.19272e-08
 Step 197 time 0.0713577 control sound timestep  0.000366836 1,1 x 0 y 0
 Wall clock 556.258
 Average time per cell 1.19682e-08
  Step time per cell    1.20432e-08
 Step 198 time 0.0717245 control sound timestep  0.000366833 1,1 x 0 y 0
 Wall clock 559.047
 Average time per cell 1.19674e-08
  Step time per cell    1.18233e-08
 Step 199 time 0.0720913 control sound timestep  0.000366836 1,1 x 0 y 0
 Wall clock 561.85
 Average time per cell 1.1967e-08
  Step time per cell    1.18781e-08
 Step 200 time 0.0724582 control sound timestep  0.000366842 1,1 x 0 y 0
 Wall clock 564.893
 Average time per cell 1.19716e-08
  Step time per cell    1.28961e-08
 Step 201 time 0.072825 control sound timestep  0.000366847 1,1 x 0 y 0
 Wall clock 567.717
 Average time per cell 1.19716e-08
  Step time per cell    1.19735e-08
 Step 202 time 0.0731919 control sound timestep  0.000366853 1,1 x 0 y 0
 Wall clock 570.495
 Average time per cell 1.19707e-08
  Step time per cell    1.17719e-08
 Step 203 time 0.0735587 control sound timestep  0.000366859 1,1 x 0 y 0
 Wall clock 573.321
 Average time per cell 1.19707e-08
  Step time per cell    1.19789e-08
 Step 204 time 0.0739256 control sound timestep  0.000366869 1,1 x 0 y 0
 Wall clock 576.11
 Average time per cell 1.197e-08
  Step time per cell    1.18211e-08
 Step 205 time 0.0742925 control sound timestep  0.000366881 1,1 x 0 y 0
 Wall clock 578.913
 Average time per cell 1.19695e-08
  Step time per cell    1.18798e-08
 Step 206 time 0.0746593 control sound timestep  0.000366892 1,1 x 0 y 0
 Wall clock 581.708
 Average time per cell 1.19689e-08
  Step time per cell    1.1846e-08
 Step 207 time 0.0750262 control sound timestep  0.000366902 1,1 x 0 y 0
 Wall clock 584.511
 Average time per cell 1.19685e-08
  Step time per cell    1.18828e-08
 Step 208 time 0.0753931 control sound timestep  0.000366915 1,1 x 0 y 0
 Wall clock 587.302
 Average time per cell 1.19678e-08
  Step time per cell    1.18281e-08
 Step 209 time 0.07576 control sound timestep  0.000366932 1,1 x 0 y 0
 Wall clock 590.103
 Average time per cell 1.19674e-08
  Step time per cell    1.18721e-08
 Step 210 time 0.076127 control sound timestep  0.000366947 1,1 x 0 y 0
 Wall clock 593.157
 Average time per cell 1.1972e-08
  Step time per cell    1.29437e-08
 Step 211 time 0.0764939 control sound timestep  0.000366948 1,1 x 0 y 0
 Wall clock 595.982
 Average time per cell 1.1972e-08
  Step time per cell    1.1973e-08
 Step 212 time 0.0768609 control sound timestep  0.000366945 1,1 x 0 y 0
 Wall clock 598.748
 Average time per cell 1.19709e-08
  Step time per cell    1.17254e-08
 Step 213 time 0.0772278 control sound timestep  0.000366947 1,1 x 0 y 0
 Wall clock 601.579
 Average time per cell 1.1971e-08
  Step time per cell    1.20001e-08
 Step 214 time 0.0775948 control sound timestep  0.000366952 1,1 x 0 y 0
 Wall clock 604.361
 Average time per cell 1.19702e-08
  Step time per cell    1.17898e-08
 Step 215 time 0.0779617 control sound timestep  0.000366958 1,1 x 0 y 0
 Wall clock 607.188
 Average time per cell 1.19702e-08
  Step time per cell    1.19806e-08
 Step 216 time 0.0783287 control sound timestep  0.000366963 1,1 x 0 y 0
 Wall clock 609.987
 Average time per cell 1.19697e-08
  Step time per cell    1.1866e-08
 Step 217 time 0.0786956 control sound timestep  0.000366968 1,1 x 0 y 0
 Wall clock 612.799
 Average time per cell 1.19695e-08
  Step time per cell    1.19164e-08
 Step 218 time 0.0790626 control sound timestep  0.000366977 1,1 x 0 y 0
 Wall clock 615.587
 Average time per cell 1.19688e-08
  Step time per cell    1.18167e-08
 Step 219 time 0.0794296 control sound timestep  0.000366989 1,1 x 0 y 0
 Wall clock 618.411
 Average time per cell 1.19688e-08
  Step time per cell    1.19721e-08
 Step 220 time 0.0797966 control sound timestep  0.000366999 1,1 x 0 y 0
 Wall clock 621.459
 Average time per cell 1.19731e-08
  Step time per cell    1.29161e-08
 Step 221 time 0.0801636 control sound timestep  0.000367009 1,1 x 0 y 0
 Wall clock 624.287
 Average time per cell 1.19732e-08
  Step time per cell    1.19876e-08
 Step 222 time 0.0805306 control sound timestep  0.000367021 1,1 x 0 y 0
 Wall clock 627.077
 Average time per cell 1.19725e-08
  Step time per cell    1.18249e-08
 Step 223 time 0.0808976 control sound timestep  0.000367036 1,1 x 0 y 0
 Wall clock 629.909
 Average time per cell 1.19727e-08
  Step time per cell    1.20031e-08
 Step 224 time 0.0812646 control sound timestep  0.000367052 1,1 x 0 y 0
 Wall clock 632.684
 Average time per cell 1.19717e-08
  Step time per cell    1.17615e-08
 Step 225 time 0.0816317 control sound timestep  0.000367052 1,1 x 0 y 0
 Wall clock 635.515
 Average time per cell 1.19718e-08
  Step time per cell    1.20009e-08
 Step 226 time 0.0819987 control sound timestep  0.00036705 1,1 x 0 y 0
 Wall clock 638.289
 Average time per cell 1.19709e-08
  Step time per cell    1.17564e-08
 Step 227 time 0.0823658 control sound timestep  0.000367051 1,1 x 0 y 0
 Wall clock 641.121
 Average time per cell 1.1971e-08
  Step time per cell    1.20034e-08
 Step 228 time 0.0827328 control sound timestep  0.000367056 1,1 x 0 y 0
 Wall clock 643.9
 Average time per cell 1.19702e-08
  Step time per cell    1.17789e-08
 Step 229 time 0.0830999 control sound timestep  0.000367062 1,1 x 0 y 0
 Wall clock 646.721
 Average time per cell 1.19701e-08
  Step time per cell    1.19553e-08
 Step 230 time 0.083467 control sound timestep  0.000367066 1,1 x 0 y 0
 Wall clock 649.769
 Average time per cell 1.19743e-08
  Step time per cell    1.29179e-08
 Step 231 time 0.083834 control sound timestep  0.000367071 1,1 x 0 y 0
 Wall clock 652.585
 Average time per cell 1.19741e-08
  Step time per cell    1.19365e-08
 Step 232 time 0.0842011 control sound timestep  0.000367079 1,1 x 0 y 0
 Wall clock 655.371
 Average time per cell 1.19734e-08
  Step time per cell    1.18107e-08
 Step 233 time 0.0845682 control sound timestep  0.000367091 1,1 x 0 y 0
 Wall clock 658.194
 Average time per cell 1.19734e-08
  Step time per cell    1.19642e-08
 Step 234 time 0.0849353 control sound timestep  0.0003671 1,1 x 0 y 0
 Wall clock 660.981
 Average time per cell 1.19727e-08
  Step time per cell    1.18101e-08
 Step 235 time 0.0853024 control sound timestep  0.00036711 1,1 x 0 y 0
 Wall clock 663.798
 Average time per cell 1.19725e-08
  Step time per cell    1.19423e-08
 Step 236 time 0.0856695 control sound timestep  0.000367121 1,1 x 0 y 0
 Wall clock 666.587
 Average time per cell 1.19719e-08
  Step time per cell    1.18199e-08
 Step 237 time 0.0860366 control sound timestep  0.000367135 1,1 x 0 y 0
 Wall clock 669.396
 Average time per cell 1.19716e-08
  Step time per cell    1.19069e-08
 Step 238 time 0.0864037 control sound timestep  0.000367151 1,1 x 0 y 0
 Wall clock 672.187
 Average time per cell 1.1971e-08
  Step time per cell    1.1827e-08
 Step 239 time 0.0867709 control sound timestep  0.000367151 1,1 x 0 y 0
 Wall clock 675.002
 Average time per cell 1.19708e-08
  Step time per cell    1.19338e-08
 Step 240 time 0.087138 control sound timestep  0.00036715 1,1 x 0 y 0
 Wall clock 678.061
 Average time per cell 1.1975e-08
  Step time per cell    1.29651e-08
 Step 241 time 0.0875052 control sound timestep  0.00036715 1,1 x 0 y 0
 Wall clock 680.897
 Average time per cell 1.19752e-08
  Step time per cell    1.2021e-08
 Step 242 time 0.0878723 control sound timestep  0.000367155 1,1 x 0 y 0
 Wall clock 683.681
 Average time per cell 1.19745e-08
  Step time per cell    1.17984e-08
 Step 243 time 0.0882395 control sound timestep  0.00036716 1,1 x 0 y 0
 Wall clock 686.5
 Average time per cell 1.19743e-08
  Step time per cell    1.19482e-08
 Step 244 time 0.0886066 control sound timestep  0.000367164 1,1 x 0 y 0
 Wall clock 689.297
 Average time per cell 1.19739e-08
  Step time per cell    1.18564e-08
 Step 245 time 0.0889738 control sound timestep  0.000367169 1,1 x 0 y 0
 Wall clock 692.107
 Average time per cell 1.19736e-08
  Step time per cell    1.1909e-08
 Step 246 time 0.089341 control sound timestep  0.000367177 1,1 x 0 y 0
 Wall clock 694.895
 Average time per cell 1.1973e-08
  Step time per cell    1.18189e-08
 Step 247 time 0.0897082 control sound timestep  0.000367187 1,1 x 0 y 0
 Wall clock 697.725
 Average time per cell 1.1973e-08
  Step time per cell    1.19916e-08
 Step 248 time 0.0900753 control sound timestep  0.000367197 1,1 x 0 y 0
 Wall clock 700.51
 Average time per cell 1.19724e-08
  Step time per cell    1.18073e-08
 Step 249 time 0.0904425 control sound timestep  0.000367205 1,1 x 0 y 0
 Wall clock 703.333
 Average time per cell 1.19723e-08
  Step time per cell    1.19627e-08
 Step 250 time 0.0908097 control sound timestep  0.000367216 1,1 x 0 y 0
 Wall clock 706.39
 Average time per cell 1.19763e-08
  Step time per cell    1.29565e-08
 Step 251 time 0.091177 control sound timestep  0.000367229 1,1 x 0 y 0
 Wall clock 709.218
 Average time per cell 1.19763e-08
  Step time per cell    1.19857e-08
 Step 252 time 0.0915442 control sound timestep  0.000367244 1,1 x 0 y 0
 Wall clock 711.998
 Average time per cell 1.19756e-08
  Step time per cell    1.17847e-08
 Step 253 time 0.0919114 control sound timestep  0.000367245 1,1 x 0 y 0
 Wall clock 714.824
 Average time per cell 1.19756e-08
  Step time per cell    1.19792e-08
 Step 254 time 0.0922787 control sound timestep  0.000367243 1,1 x 0 y 0
 Wall clock 717.593
 Average time per cell 1.19746e-08
  Step time per cell    1.17351e-08
 Step 255 time 0.0926459 control sound timestep  0.000367244 1,1 x 0 y 0
 Wall clock 720.416
 Average time per cell 1.19746e-08
  Step time per cell    1.19632e-08
 Step 256 time 0.0930132 control sound timestep  0.000367248 1,1 x 0 y 0
 Wall clock 723.196
 Average time per cell 1.19738e-08
  Step time per cell    1.17846e-08
 Step 257 time 0.0933804 control sound timestep  0.000367253 1,1 x 0 y 0
 Wall clock 726.017
 Average time per cell 1.19738e-08
  Step time per cell    1.19568e-08
 Step 258 time 0.0937477 control sound timestep  0.000367257 1,1 x 0 y 0
 Wall clock 728.814
 Average time per cell 1.19733e-08
  Step time per cell    1.18555e-08
 Step 259 time 0.0941149 control sound timestep  0.000367262 1,1 x 0 y 0
 Wall clock 731.623
 Average time per cell 1.19731e-08
  Step time per cell    1.19072e-08
 Step 260 time 0.0944822 control sound timestep  0.000367269 1,1 x 0 y 0
 Wall clock 734.687
 Average time per cell 1.1977e-08
  Step time per cell    1.29853e-08
 Step 261 time 0.0948495 control sound timestep  0.000367279 1,1 x 0 y 0
 Wall clock 737.528
 Average time per cell 1.19772e-08
  Step time per cell    1.20388e-08
 Step 262 time 0.0952167 control sound timestep  0.000367288 1,1 x 0 y 0
 Wall clock 740.294
 Average time per cell 1.19762e-08
  Step time per cell    1.17275e-08
 Step 263 time 0.095584 control sound timestep  0.000367297 1,1 x 0 y 0
 Wall clock 743.119
 Average time per cell 1.19762e-08
  Step time per cell    1.19708e-08
 Step 264 time 0.0959513 control sound timestep  0.000367307 1,1 x 0 y 0
 Wall clock 745.911
 Average time per cell 1.19757e-08
  Step time per cell    1.18331e-08
 Step 265 time 0.0963186 control sound timestep  0.00036732 1,1 x 0 y 0
 Wall clock 748.726
 Average time per cell 1.19755e-08
  Step time per cell    1.19339e-08
 Step 266 time 0.0966859 control sound timestep  0.000367334 1,1 x 0 y 0
 Wall clock 751.517
 Average time per cell 1.1975e-08
  Step time per cell    1.18272e-08
 Step 267 time 0.0970533 control sound timestep  0.000367334 1,1 x 0 y 0
 Wall clock 754.345
 Average time per cell 1.1975e-08
  Step time per cell    1.19872e-08
 Step 268 time 0.0974206 control sound timestep  0.000367332 1,1 x 0 y 0
 Wall clock 757.141
 Average time per cell 1.19746e-08
  Step time per cell    1.18526e-08
 Step 269 time 0.0977879 control sound timestep  0.000367333 1,1 x 0 y 0
 Wall clock 759.974
 Average time per cell 1.19747e-08
  Step time per cell    1.20073e-08
 Step 270 time 0.0981553 control sound timestep  0.000367338 1,1 x 0 y 0
 Wall clock 763.026
 Average time per cell 1.19782e-08
  Step time per cell    1.29327e-08
 Step 271 time 0.0985226 control sound timestep  0.000367342 1,1 x 0 y 0
 Wall clock 765.846
 Average time per cell 1.19781e-08
  Step time per cell    1.1954e-08
 Step 272 time 0.09889 control sound timestep  0.000367346 1,1 x 0 y 0
 Wall clock 768.646
 Average time per cell 1.19777e-08
  Step time per cell    1.18682e-08
 Step 273 time 0.0992573 control sound timestep  0.00036735 1,1 x 0 y 0
 Wall clock 771.48
 Average time per cell 1.19779e-08
  Step time per cell    1.20128e-08
 Step 274 time 0.0996247 control sound timestep  0.000367358 1,1 x 0 y 0
 Wall clock 774.256
 Average time per cell 1.19771e-08
  Step time per cell    1.1766e-08
 Step 275 time 0.099992 control sound timestep  0.000367367 1,1 x 0 y 0
 Wall clock 777.088
 Average time per cell 1.19772e-08
  Step time per cell    1.20005e-08
 Step 276 time 0.100359 control sound timestep  0.000367376 1,1 x 0 y 0
 Wall clock 779.882
 Average time per cell 1.19767e-08
  Step time per cell    1.18431e-08
 Step 277 time 0.100727 control sound timestep  0.000367384 1,1 x 0 y 0
 Wall clock 782.706
 Average time per cell 1.19767e-08
  Step time per cell    1.19694e-08
 Step 278 time 0.101094 control sound timestep  0.000367394 1,1 x 0 y 0
 Wall clock 785.49
 Average time per cell 1.1976e-08
  Step time per cell    1.17989e-08
 Step 279 time 0.101462 control sound timestep  0.000367406 1,1 x 0 y 0
 Wall clock 788.323
 Average time per cell 1.19762e-08
  Step time per cell    1.20103e-08
 Step 280 time 0.101829 control sound timestep  0.000367419 1,1 x 0 y 0
 Wall clock 791.372
 Average time per cell 1.19795e-08
  Step time per cell    1.29237e-08
 Step 281 time 0.102196 control sound timestep  0.000367419 1,1 x 0 y 0
 Wall clock 794.188
 Average time per cell 1.19794e-08
  Step time per cell    1.1935e-08
 Step 282 time 0.102564 control sound timestep  0.000367417 1,1 x 0 y 0
 Wall clock 796.996
 Average time per cell 1.19791e-08
  Step time per cell    1.18998e-08
 Step 283 time 0.102931 control sound timestep  0.000367418 1,1 x 0 y 0
 Wall clock 799.806
 Average time per cell 1.19789e-08
  Step time per cell    1.1912e-08
 Step 284 time 0.103299 control sound timestep  0.000367423 1,1 x 0 y 0
 Wall clock 802.599
 Average time per cell 1.19784e-08
  Step time per cell    1.18359e-08
 Step 285 time 0.103666 control sound timestep  0.000367427 1,1 x 0 y 0
 Wall clock 805.421
 Average time per cell 1.19783e-08
  Step time per cell    1.19627e-08
 Step 286 time 0.104033 control sound timestep  0.000367431 1,1 x 0 y 0
 Wall clock 808.203
 Average time per cell 1.19777e-08
  Step time per cell    1.17911e-08
 Step 287 time 0.104401 control sound timestep  0.000367435 1,1 x 0 y 0
 Wall clock 811.034
 Average time per cell 1.19777e-08
  Step time per cell    1.19977e-08
 Step 288 time 0.104768 control sound timestep  0.000367442 1,1 x 0 y 0
 Wall clock 813.818
 Average time per cell 1.19771e-08
  Step time per cell    1.17993e-08
 Step 289 time 0.105136 control sound timestep  0.000367452 1,1 x 0 y 0
 Wall clock 816.649
 Average time per cell 1.19772e-08
  Step time per cell    1.2001e-08
 Step 290 time 0.105503 control sound timestep  0.00036746 1,1 x 0 y 0
 Wall clock 819.733
 Average time per cell 1.1981e-08
  Step time per cell    1.30717e-08
 Step 291 time 0.105871 control sound timestep  0.000367468 1,1 x 0 y 0
 Wall clock 822.55
 Average time per cell 1.19808e-08
  Step time per cell    1.19393e-08
 Step 292 time 0.106238 control sound timestep  0.000367477 1,1 x 0 y 0
 Wall clock 825.331
 Average time per cell 1.19802e-08
  Step time per cell    1.17881e-08
 Step 293 time 0.106606 control sound timestep  0.00036749 1,1 x 0 y 0
 Wall clock 828.173
 Average time per cell 1.19804e-08
  Step time per cell    1.20455e-08
 Step 294 time 0.106973 control sound timestep  0.0003675 1,1 x 0 y 0
 Wall clock 830.983
 Average time per cell 1.19802e-08
  Step time per cell    1.19093e-08
 Step 295 time 0.107341 control sound timestep  0.000367501 1,1 x 0 y 0
 Wall clock 833.81
 Average time per cell 1.19802e-08
  Step time per cell    1.19843e-08
 Step 296 time 0.107708 control sound timestep  0.000367498 1,1 x 0 y 0
 Wall clock 836.581
 Average time per cell 1.19794e-08
  Step time per cell    1.17415e-08
 Step 297 time 0.108076 control sound timestep  0.0003675 1,1 x 0 y 0
 Wall clock 839.413
 Average time per cell 1.19794e-08
  Step time per cell    1.20038e-08
 Step 298 time 0.108443 control sound timestep  0.000367504 1,1 x 0 y 0
 Wall clock 842.201
 Average time per cell 1.19789e-08
  Step time per cell    1.18184e-08
 Step 299 time 0.108811 control sound timestep  0.000367508 1,1 x 0 y 0
 Wall clock 845.043
 Average time per cell 1.19791e-08
  Step time per cell    1.20467e-08
 Step 300 time 0.109178 control sound timestep  0.000367512 1,1 x 0 y 0
 Wall clock 848.381
 First step overhead 0
Result:
 - Problem: none
 - Outcome: PASSED
