---
Devices:
 0: Host CPU
CloverLeaf:
 - Ver.:     2.000
 - Deck:     /home/labpc/work/cipp/CloverLeaf/InputDecks/clover_bm256_300.in
 - Out:      clover.out
 - Profiler: deck-specified
MPI:
 - Enabled:     false
 - Total ranks: 1
 - Header device-awareness (CUDA-awareness):  unknown
 - Runtime device-awareness (CUDA-awareness): unknown
 - Host-Device halo exchange staging buffer:  true
Model:
 - Name:      OpenMP (CPU)
 - Execution: Host
# ---- 
Output: |+1
 Output file clover.out opened. All output will go there.
 Args: --file /home/labpc/work/cipp/CloverLeaf/InputDecks/clover_bm256_300.in
 Using input: `/home/labpc/work/cipp/CloverLeaf/InputDecks/clover_bm256_300.in`
 Problem initialised and generated
 Launching hydro
 Step 1 time 0 control sound timestep  0.000385161 1,1 x 0 y 0
 Wall clock 1.20341
 Average time per cell 5.10074e-09
  Step time per cell    5.10074e-09
 Step 2 time 0.000385161 control sound timestep  0.000235099 1,1 x 0 y 0
 Wall clock 2.41012
 Average time per cell 5.1077e-09
  Step time per cell    5.11438e-09
 Step 3 time 0.000620261 control sound timestep  0.000298723 1,1 x 0 y 0
 Wall clock 3.61255
 Average time per cell 5.10399e-09
  Step time per cell    5.09626e-09
 Step 4 time 0.000918984 control sound timestep  0.000314746 1,1 x 0 y 0
 Wall clock 5.06925
 Average time per cell 5.37157e-09
  Step time per cell    6.17402e-09
 Step 5 time 0.00123373 control sound timestep  0.000346361 1,1 x 0 y 0
 Wall clock 6.66828
 Average time per cell 5.65277e-09
  Step time per cell    6.77733e-09
 Step 6 time 0.00158009 control sound timestep  0.00034558 1,1 x 0 y 0
 Wall clock 7.87723
 Average time per cell 5.56468e-09
  Step time per cell    5.12388e-09
 Step 7 time 0.00192567 control sound timestep  0.000352154 1,1 x 0 y 0
 Wall clock 9.30601
 Average time per cell 5.63486e-09
  Step time per cell    6.0557e-09
 Step 8 time 0.00227782 control sound timestep  0.000370384 1,1 x 0 y 0
 Wall clock 10.6974
 Average time per cell 5.66767e-09
  Step time per cell    5.89711e-09
 Step 9 time 0.00264821 control sound timestep  0.000366391 1,1 x 0 y 0
 Wall clock 12.0091
 Average time per cell 5.65568e-09
  Step time per cell    5.55948e-09
 Step 10 time 0.0030146 control sound timestep  0.000363789 1,1 x 0 y 0
 Wall clock 13.3938
 Average time per cell 5.67705e-09
  Step time per cell    5.86906e-09
 Step 11 time 0.00337839 control sound timestep  0.000361224 1,1 x 0 y 0
 Wall clock 14.738
 Average time per cell 5.67887e-09
  Step time per cell    5.69711e-09
 Step 12 time 0.00373961 control sound timestep  0.000359796 1,1 x 0 y 0
 Wall clock 16.1045
 Average time per cell 5.68833e-09
  Step time per cell    5.79199e-09
 Step 13 time 0.00409941 control sound timestep  0.000360678 1,1 x 0 y 0
 Wall clock 17.3325
 Average time per cell 5.65114e-09
  Step time per cell    5.20464e-09
 Step 14 time 0.00446009 control sound timestep  0.000362113 1,1 x 0 y 0
 Wall clock 18.5406
 Average time per cell 5.61323e-09
  Step time per cell    5.12012e-09
 Step 15 time 0.0048222 control sound timestep  0.000362661 1,1 x 0 y 0
 Wall clock 19.9153
 Average time per cell 5.62747e-09
  Step time per cell    5.82659e-09
 Step 16 time 0.00518486 control sound timestep  0.000362812 1,1 x 0 y 0
 Wall clock 21.2027
 Average time per cell 5.61681e-09
  Step time per cell    5.45662e-09
 Step 17 time 0.00554767 control sound timestep  0.000362988 1,1 x 0 y 0
 Wall clock 22.6393
 Average time per cell 5.64457e-09
  Step time per cell    6.08846e-09
 Step 18 time 0.00591066 control sound timestep  0.000363082 1,1 x 0 y 0
 Wall clock 24.0067
 Average time per cell 5.65299e-09
  Step time per cell    5.79586e-09
 Step 19 time 0.00627374 control sound timestep  0.000363112 1,1 x 0 y 0
 Wall clock 25.3972
 Average time per cell 5.66564e-09
  Step time per cell    5.89312e-09
 Step 20 time 0.00663686 control sound timestep  0.00036317 1,1 x 0 y 0
 Wall clock 26.75
 Average time per cell 5.66906e-09
  Step time per cell    5.73373e-09
 Step 21 time 0.00700003 control sound timestep  0.000363365 1,1 x 0 y 0
 Wall clock 28.0402
 Average time per cell 5.65953e-09
  Step time per cell    5.46876e-09
 Step 22 time 0.00736339 control sound timestep  0.00036347 1,1 x 0 y 0
 Wall clock 29.313
 Average time per cell 5.64749e-09
  Step time per cell    5.39445e-09
 Step 23 time 0.00772686 control sound timestep  0.000363513 1,1 x 0 y 0
 Wall clock 30.6883
 Average time per cell 5.65539e-09
  Step time per cell    5.829e-09
 Step 24 time 0.00809037 control sound timestep  0.000363629 1,1 x 0 y 0
 Wall clock 32.139
 Average time per cell 5.67595e-09
  Step time per cell    6.14847e-09
 Step 25 time 0.008454 control sound timestep  0.000363732 1,1 x 0 y 0
 Wall clock 33.4551
 Average time per cell 5.67205e-09
  Step time per cell    5.57805e-09
 Step 26 time 0.00881773 control sound timestep  0.000363825 1,1 x 0 y 0
 Wall clock 34.6912
 Average time per cell 5.65541e-09
  Step time per cell    5.23927e-09
 Step 27 time 0.00918156 control sound timestep  0.000363914 1,1 x 0 y 0
 Wall clock 36.215
 Average time per cell 5.68516e-09
  Step time per cell    6.45847e-09
 Step 28 time 0.00954547 control sound timestep  0.000363943 1,1 x 0 y 0
 Wall clock 37.4962
 Average time per cell 5.67606e-09
  Step time per cell    5.42994e-09
 Step 29 time 0.00990942 control sound timestep  0.000363973 1,1 x 0 y 0
 Wall clock 38.8079
 Average time per cell 5.67205e-09
  Step time per cell    5.55946e-09
 Step 30 time 0.0102734 control sound timestep  0.000363988 1,1 x 0 y 0
 Wall clock 40.3109
 Average time per cell 5.69533e-09
  Step time per cell    6.37022e-09
 Step 31 time 0.0106374 control sound timestep  0.000364002 1,1 x 0 y 0
 Wall clock 41.6765
 Average time per cell 5.69832e-09
  Step time per cell    5.78819e-09
 Step 32 time 0.0110014 control sound timestep  0.000364043 1,1 x 0 y 0
 Wall clock 42.9674
 Average time per cell 5.69123e-09
  Step time per cell    5.47121e-09
 Step 33 time 0.0113654 control sound timestep  0.000364085 1,1 x 0 y 0
 Wall clock 44.203
 Average time per cell 5.67748e-09
  Step time per cell    5.23705e-09
 Step 34 time 0.0117295 control sound timestep  0.000364133 1,1 x 0 y 0
 Wall clock 45.6366
 Average time per cell 5.68921e-09
  Step time per cell    6.0759e-09
 Step 35 time 0.0120936 control sound timestep  0.000364198 1,1 x 0 y 0
 Wall clock 47.1271
 Average time per cell 5.70717e-09
  Step time per cell    6.31749e-09
 Step 36 time 0.0124578 control sound timestep  0.000364259 1,1 x 0 y 0
 Wall clock 48.3917
 Average time per cell 5.69753e-09
  Step time per cell    5.35984e-09
 Step 37 time 0.0128221 control sound timestep  0.000364318 1,1 x 0 y 0
 Wall clock 49.7145
 Average time per cell 5.69507e-09
  Step time per cell    5.60632e-09
 Step 38 time 0.0131864 control sound timestep  0.000364383 1,1 x 0 y 0
 Wall clock 50.9237
 Average time per cell 5.68007e-09
  Step time per cell    5.12478e-09
 Step 39 time 0.0135508 control sound timestep  0.000364422 1,1 x 0 y 0
 Wall clock 52.2588
 Average time per cell 5.67953e-09
  Step time per cell    5.65889e-09
 Step 40 time 0.0139152 control sound timestep  0.000364431 1,1 x 0 y 0
 Wall clock 53.745
 Average time per cell 5.69502e-09
  Step time per cell    6.29881e-09
 Step 41 time 0.0142797 control sound timestep  0.000364435 1,1 x 0 y 0
 Wall clock 55.0737
 Average time per cell 5.69348e-09
  Step time per cell    5.63182e-09
 Step 42 time 0.0146441 control sound timestep  0.000364445 1,1 x 0 y 0
 Wall clock 56.3394
 Average time per cell 5.68565e-09
  Step time per cell    5.36429e-09
 Step 43 time 0.0150085 control sound timestep  0.000364471 1,1 x 0 y 0
 Wall clock 57.6753
 Average time per cell 5.68511e-09
  Step time per cell    5.66225e-09
 Step 44 time 0.015373 control sound timestep  0.000364495 1,1 x 0 y 0
 Wall clock 58.869
 Average time per cell 5.67089e-09
  Step time per cell    5.05917e-09
 Step 45 time 0.0157375 control sound timestep  0.000364518 1,1 x 0 y 0
 Wall clock 60.2277
 Average time per cell 5.67285e-09
  Step time per cell    5.75882e-09
 Step 46 time 0.016102 control sound timestep  0.000364543 1,1 x 0 y 0
 Wall clock 61.5643
 Average time per cell 5.67268e-09
  Step time per cell    5.66472e-09
 Step 47 time 0.0164666 control sound timestep  0.000364585 1,1 x 0 y 0
 Wall clock 62.9542
 Average time per cell 5.67733e-09
  Step time per cell    5.89078e-09
 Step 48 time 0.0168311 control sound timestep  0.000364628 1,1 x 0 y 0
 Wall clock 64.244
 Average time per cell 5.67295e-09
  Step time per cell    5.46643e-09
 Step 49 time 0.0171958 control sound timestep  0.000364667 1,1 x 0 y 0
 Wall clock 65.4462
 Average time per cell 5.66116e-09
  Step time per cell    5.09532e-09
 Step 50 time 0.0175604 control sound timestep  0.000364708 1,1 x 0 y 0
 Wall clock 66.7911
 Average time per cell 5.66195e-09
  Step time per cell    5.70042e-09
 Step 51 time 0.0179251 control sound timestep  0.000364758 1,1 x 0 y 0
 Wall clock 68.0322
 Average time per cell 5.65408e-09
  Step time per cell    5.26023e-09
 Step 52 time 0.0182899 control sound timestep  0.000364817 1,1 x 0 y 0
 Wall clock 69.2526
 Average time per cell 5.64483e-09
  Step time per cell    5.17261e-09
 Step 53 time 0.0186547 control sound timestep  0.000364826 1,1 x 0 y 0
 Wall clock 70.8214
 Average time per cell 5.66378e-09
  Step time per cell    6.64886e-09
 Step 54 time 0.0190195 control sound timestep  0.00036483 1,1 x 0 y 0
 Wall clock 72.1818
 Average time per cell 5.66567e-09
  Step time per cell    5.766e-09
 Step 55 time 0.0193844 control sound timestep  0.000364831 1,1 x 0 y 0
 Wall clock 73.401
 Average time per cell 5.65662e-09
  Step time per cell    5.16742e-09
 Step 56 time 0.0197492 control sound timestep  0.000364846 1,1 x 0 y 0
 Wall clock 74.8673
 Average time per cell 5.66659e-09
  Step time per cell    6.21481e-09
 Step 57 time 0.0201141 control sound timestep  0.000364866 1,1 x 0 y 0
 Wall clock 76.2344
 Average time per cell 5.66884e-09
  Step time per cell    5.79423e-09
 Step 58 time 0.0204789 control sound timestep  0.000364884 1,1 x 0 y 0
 Wall clock 77.5606
 Average time per cell 5.66801e-09
  Step time per cell    5.62048e-09
 Step 59 time 0.0208438 control sound timestep  0.000364902 1,1 x 0 y 0
 Wall clock 79.0315
 Average time per cell 5.67761e-09
  Step time per cell    6.23432e-09
 Step 60 time 0.0212087 control sound timestep  0.000364922 1,1 x 0 y 0
 Wall clock 80.4308
 Average time per cell 5.68183e-09
  Step time per cell    5.93056e-09
 Step 61 time 0.0215736 control sound timestep  0.000364956 1,1 x 0 y 0
 Wall clock 81.6307
 Average time per cell 5.67206e-09
  Step time per cell    5.08579e-09
 Step 62 time 0.0219386 control sound timestep  0.000364991 1,1 x 0 y 0
 Wall clock 83.122
 Average time per cell 5.68253e-09
  Step time per cell    6.32082e-09
 Step 63 time 0.0223036 control sound timestep  0.000365022 1,1 x 0 y 0
 Wall clock 84.4741
 Average time per cell 5.6833e-09
  Step time per cell    5.73047e-09
 Step 64 time 0.0226686 control sound timestep  0.000365056 1,1 x 0 y 0
 Wall clock 85.9646
 Average time per cell 5.69321e-09
  Step time per cell    6.31713e-09
 Step 65 time 0.0230337 control sound timestep  0.000365098 1,1 x 0 y 0
 Wall clock 87.5846
 Average time per cell 5.71126e-09
  Step time per cell    6.86647e-09
 Step 66 time 0.0233988 control sound timestep  0.000365146 1,1 x 0 y 0
 Wall clock 89.3034
 Average time per cell 5.73511e-09
  Step time per cell    7.28482e-09
 Step 67 time 0.0237639 control sound timestep  0.000365166 1,1 x 0 y 0
 Wall clock 90.8573
 Average time per cell 5.74781e-09
  Step time per cell    6.5858e-09
 Step 68 time 0.0241291 control sound timestep  0.000365169 1,1 x 0 y 0
 Wall clock 92.0706
 Average time per cell 5.73891e-09
  Step time per cell    5.14237e-09
 Step 69 time 0.0244942 control sound timestep  0.000365167 1,1 x 0 y 0
 Wall clock 93.4038
 Average time per cell 5.73764e-09
  Step time per cell    5.65056e-09
 Step 70 time 0.0248594 control sound timestep  0.000365177 1,1 x 0 y 0
 Wall clock 94.6948
 Average time per cell 5.73384e-09
  Step time per cell    5.47179e-09
 Step 71 time 0.0252246 control sound timestep  0.000365194 1,1 x 0 y 0
 Wall clock 96.0271
 Average time per cell 5.73262e-09
  Step time per cell    5.64663e-09
 Step 72 time 0.0255898 control sound timestep  0.000365209 1,1 x 0 y 0
 Wall clock 97.2316
 Average time per cell 5.72391e-09
  Step time per cell    5.10512e-09
 Step 73 time 0.025955 control sound timestep  0.000365223 1,1 x 0 y 0
 Wall clock 98.4893
 Average time per cell 5.71852e-09
  Step time per cell    5.33065e-09
 Step 74 time 0.0263202 control sound timestep  0.000365239 1,1 x 0 y 0
 Wall clock 99.7243
 Average time per cell 5.71198e-09
  Step time per cell    5.23415e-09
 Step 75 time 0.0266854 control sound timestep  0.000365263 1,1 x 0 y 0
 Wall clock 101.049
 Average time per cell 5.7107e-09
  Step time per cell    5.61559e-09
 Step 76 time 0.0270507 control sound timestep  0.000365294 1,1 x 0 y 0
 Wall clock 102.417
 Average time per cell 5.71184e-09
  Step time per cell    5.79704e-09
 Step 77 time 0.027416 control sound timestep  0.000365322 1,1 x 0 y 0
 Wall clock 103.721
 Average time per cell 5.70941e-09
  Step time per cell    5.52479e-09
 Step 78 time 0.0277813 control sound timestep  0.000365349 1,1 x 0 y 0
 Wall clock 105.1
 Average time per cell 5.7112e-09
  Step time per cell    5.84825e-09
 Step 79 time 0.0281467 control sound timestep  0.000365381 1,1 x 0 y 0
 Wall clock 106.517
 Average time per cell 5.71492e-09
  Step time per cell    6.00501e-09
 Step 80 time 0.0285121 control sound timestep  0.000365421 1,1 x 0 y 0
 Wall clock 107.975
 Average time per cell 5.72071e-09
  Step time per cell    6.17744e-09
 Step 81 time 0.0288775 control sound timestep  0.000365457 1,1 x 0 y 0
 Wall clock 109.213
 Average time per cell 5.71486e-09
  Step time per cell    5.24682e-09
 Step 82 time 0.0292429 control sound timestep  0.000365459 1,1 x 0 y 0
 Wall clock 110.561
 Average time per cell 5.71486e-09
  Step time per cell    5.71506e-09
 Step 83 time 0.0296084 control sound timestep  0.000365461 1,1 x 0 y 0
 Wall clock 111.85
 Average time per cell 5.71186e-09
  Step time per cell    5.46507e-09
 Step 84 time 0.0299738 control sound timestep  0.000365461 1,1 x 0 y 0
 Wall clock 113.097
 Average time per cell 5.70677e-09
  Step time per cell    5.28416e-09
 Step 85 time 0.0303393 control sound timestep  0.000365475 1,1 x 0 y 0
 Wall clock 114.382
 Average time per cell 5.70371e-09
  Step time per cell    5.44646e-09
 Step 86 time 0.0307048 control sound timestep  0.000365488 1,1 x 0 y 0
 Wall clock 115.691
 Average time per cell 5.70187e-09
  Step time per cell    5.54545e-09
 Step 87 time 0.0310703 control sound timestep  0.0003655 1,1 x 0 y 0
 Wall clock 117.173
 Average time per cell 5.70853e-09
  Step time per cell    6.28087e-09
 Step 88 time 0.0314358 control sound timestep  0.000365513 1,1 x 0 y 0
 Wall clock 118.352
 Average time per cell 5.70047e-09
  Step time per cell    4.99928e-09
 Step 89 time 0.0318013 control sound timestep  0.000365528 1,1 x 0 y 0
 Wall clock 119.584
 Average time per cell 5.69507e-09
  Step time per cell    5.21887e-09
 Step 90 time 0.0321668 control sound timestep  0.000365555 1,1 x 0 y 0
 Wall clock 121.134
 Average time per cell 5.70482e-09
  Step time per cell    6.57266e-09
 Step 91 time 0.0325324 control sound timestep  0.00036558 1,1 x 0 y 0
 Wall clock 122.717
 Average time per cell 5.71585e-09
  Step time per cell    6.70837e-09
 Step 92 time 0.0328979 control sound timestep  0.000365603 1,1 x 0 y 0
 Wall clock 123.954
 Average time per cell 5.71072e-09
  Step time per cell    5.24348e-09
 Step 93 time 0.0332636 control sound timestep  0.000365628 1,1 x 0 y 0
 Wall clock 125.228
 Average time per cell 5.70738e-09
  Step time per cell    5.39988e-09
 Step 94 time 0.0336292 control sound timestep  0.000365659 1,1 x 0 y 0
 Wall clock 126.424
 Average time per cell 5.70059e-09
  Step time per cell    5.06859e-09
 Step 95 time 0.0339948 control sound timestep  0.000365696 1,1 x 0 y 0
 Wall clock 127.79
 Average time per cell 5.70153e-09
  Step time per cell    5.7896e-09
 Step 96 time 0.0343605 control sound timestep  0.000365709 1,1 x 0 y 0
 Wall clock 129.06
 Average time per cell 5.69821e-09
  Step time per cell    5.38319e-09
 Step 97 time 0.0347262 control sound timestep  0.00036571 1,1 x 0 y 0
 Wall clock 130.464
 Average time per cell 5.70082e-09
  Step time per cell    5.95074e-09
 Step 98 time 0.035092 control sound timestep  0.000365708 1,1 x 0 y 0
 Wall clock 131.816
 Average time per cell 5.70111e-09
  Step time per cell    5.72909e-09
 Step 99 time 0.0354577 control sound timestep  0.000365716 1,1 x 0 y 0
 Wall clock 133.098
 Average time per cell 5.69843e-09
  Step time per cell    5.4351e-09
 Step 100 time 0.0358234 control sound timestep  0.000365728 1,1 x 0 y 0
 Wall clock 134.674
 Average time per cell 5.70823e-09
  Step time per cell    6.6783e-09
 Step 101 time 0.0361891 control sound timestep  0.000365739 1,1 x 0 y 0
 Wall clock 136.025
 Average time per cell 5.70839e-09
  Step time per cell    5.72464e-09
 Step 102 time 0.0365548 control sound timestep  0.000365749 1,1 x 0 y 0
 Wall clock 137.34
 Average time per cell 5.70707e-09
  Step time per cell    5.57304e-09
 Step 103 time 0.0369206 control sound timestep  0.000365761 1,1 x 0 y 0
 Wall clock 138.783
 Average time per cell 5.71104e-09
  Step time per cell    6.11595e-09
 Step 104 time 0.0372864 control sound timestep  0.00036578 1,1 x 0 y 0
 Wall clock 140.068
 Average time per cell 5.7085e-09
  Step time per cell    5.44593e-09
 Step 105 time 0.0376521 control sound timestep  0.000365803 1,1 x 0 y 0
 Wall clock 141.43
 Average time per cell 5.70914e-09
  Step time per cell    5.77604e-09
 Step 106 time 0.0380179 control sound timestep  0.000365823 1,1 x 0 y 0
 Wall clock 142.906
 Average time per cell 5.7143e-09
  Step time per cell    6.25569e-09
 Step 107 time 0.0383838 control sound timestep  0.000365844 1,1 x 0 y 0
 Wall clock 144.255
 Average time per cell 5.71431e-09
  Step time per cell    5.71512e-09
 Step 108 time 0.0387496 control sound timestep  0.000365869 1,1 x 0 y 0
 Wall clock 145.592
 Average time per cell 5.71389e-09
  Step time per cell    5.66871e-09
 Step 109 time 0.0391155 control sound timestep  0.000365899 1,1 x 0 y 0
 Wall clock 147.202
 Average time per cell 5.72408e-09
  Step time per cell    6.82408e-09
 Step 110 time 0.0394814 control sound timestep  0.000365927 1,1 x 0 y 0
 Wall clock 148.465
 Average time per cell 5.72069e-09
  Step time per cell    5.35112e-09
 Step 111 time 0.0398473 control sound timestep  0.000365928 1,1 x 0 y 0
 Wall clock 149.706
 Average time per cell 5.71655e-09
  Step time per cell    5.26109e-09
 Step 112 time 0.0402132 control sound timestep  0.000365927 1,1 x 0 y 0
 Wall clock 151.18
 Average time per cell 5.7213e-09
  Step time per cell    6.24734e-09
 Step 113 time 0.0405792 control sound timestep  0.000365929 1,1 x 0 y 0
 Wall clock 152.535
 Average time per cell 5.72147e-09
  Step time per cell    5.74073e-09
 Step 114 time 0.0409451 control sound timestep  0.000365939 1,1 x 0 y 0
 Wall clock 153.905
 Average time per cell 5.72223e-09
  Step time per cell    5.80719e-09
 Step 115 time 0.041311 control sound timestep  0.000365949 1,1 x 0 y 0
 Wall clock 155.345
 Average time per cell 5.72556e-09
  Step time per cell    6.10503e-09
 Step 116 time 0.041677 control sound timestep  0.000365958 1,1 x 0 y 0
 Wall clock 156.655
 Average time per cell 5.72405e-09
  Step time per cell    5.55038e-09
 Step 117 time 0.0420429 control sound timestep  0.000365968 1,1 x 0 y 0
 Wall clock 158.006
 Average time per cell 5.72409e-09
  Step time per cell    5.7282e-09
 Step 118 time 0.0424089 control sound timestep  0.00036598 1,1 x 0 y 0
 Wall clock 159.442
 Average time per cell 5.72713e-09
  Step time per cell    6.08291e-09
 Step 119 time 0.0427749 control sound timestep  0.000366001 1,1 x 0 y 0
 Wall clock 160.984
 Average time per cell 5.73394e-09
  Step time per cell    6.53773e-09
 Step 120 time 0.0431409 control sound timestep  0.00036602 1,1 x 0 y 0
 Wall clock 162.28
 Average time per cell 5.73193e-09
  Step time per cell    5.49161e-09
 Step 121 time 0.0435069 control sound timestep  0.000366037 1,1 x 0 y 0
 Wall clock 163.739
 Average time per cell 5.73567e-09
  Step time per cell    6.18434e-09
 Step 122 time 0.0438729 control sound timestep  0.000366057 1,1 x 0 y 0
 Wall clock 165.008
 Average time per cell 5.73275e-09
  Step time per cell    5.3792e-09
 Step 123 time 0.044239 control sound timestep  0.000366082 1,1 x 0 y 0
 Wall clock 166.239
 Average time per cell 5.72854e-09
  Step time per cell    5.21554e-09
 Step 124 time 0.0446051 control sound timestep  0.000366111 1,1 x 0 y 0
 Wall clock 167.619
 Average time per cell 5.72954e-09
  Step time per cell    5.8518e-09
 Step 125 time 0.0449712 control sound timestep  0.000366119 1,1 x 0 y 0
 Wall clock 169.036
 Average time per cell 5.73176e-09
  Step time per cell    6.00633e-09
 Step 126 time 0.0453373 control sound timestep  0.00036612 1,1 x 0 y 0
 Wall clock 170.441
 Average time per cell 5.73351e-09
  Step time per cell    5.95233e-09
 Step 127 time 0.0457034 control sound timestep  0.000366118 1,1 x 0 y 0
 Wall clock 171.727
 Average time per cell 5.7313e-09
  Step time per cell    5.45229e-09
 Step 128 time 0.0460695 control sound timestep  0.000366125 1,1 x 0 y 0
 Wall clock 173.227
 Average time per cell 5.7362e-09
  Step time per cell    6.35808e-09
 Step 129 time 0.0464357 control sound timestep  0.000366134 1,1 x 0 y 0
 Wall clock 174.581
 Average time per cell 5.73621e-09
  Step time per cell    5.73822e-09
 Step 130 time 0.0468018 control sound timestep  0.000366143 1,1 x 0 y 0
 Wall clock 175.899
 Average time per cell 5.73506e-09
  Step time per cell    5.5853e-09
 Step 131 time 0.0471679 control sound timestep  0.000366151 1,1 x 0 y 0
 Wall clock 177.295
 Average time per cell 5.73646e-09
  Step time per cell    5.9184e-09
 Step 132 time 0.0475341 control sound timestep  0.00036616 1,1 x 0 y 0
 Wall clock 178.775
 Average time per cell 5.74049e-09
  Step time per cell    6.26935e-09
 Step 133 time 0.0479003 control sound timestep  0.000366177 1,1 x 0 y 0
 Wall clock 179.993
 Average time per cell 5.73617e-09
  Step time per cell    5.16457e-09
 Step 134 time 0.0482664 control sound timestep  0.000366195 1,1 x 0 y 0
 Wall clock 181.282
 Average time per cell 5.73413e-09
  Step time per cell    5.46297e-09
 Step 135 time 0.0486326 control sound timestep  0.000366211 1,1 x 0 y 0
 Wall clock 182.503
 Average time per cell 5.73e-09
  Step time per cell    5.17659e-09
 Step 136 time 0.0489988 control sound timestep  0.000366227 1,1 x 0 y 0
 Wall clock 183.735
 Average time per cell 5.72626e-09
  Step time per cell    5.22049e-09
 Step 137 time 0.0493651 control sound timestep  0.000366248 1,1 x 0 y 0
 Wall clock 185.08
 Average time per cell 5.72606e-09
  Step time per cell    5.69869e-09
 Step 138 time 0.0497313 control sound timestep  0.000366273 1,1 x 0 y 0
 Wall clock 186.42
 Average time per cell 5.72572e-09
  Step time per cell    5.67874e-09
 Step 139 time 0.0500976 control sound timestep  0.000366291 1,1 x 0 y 0
 Wall clock 187.796
 Average time per cell 5.72651e-09
  Step time per cell    5.8358e-09
 Step 140 time 0.0504639 control sound timestep  0.000366292 1,1 x 0 y 0
 Wall clock 189.21
 Average time per cell 5.72839e-09
  Step time per cell    5.98932e-09
 Step 141 time 0.0508302 control sound timestep  0.000366288 1,1 x 0 y 0
 Wall clock 190.417
 Average time per cell 5.72407e-09
  Step time per cell    5.11872e-09
 Step 142 time 0.0511965 control sound timestep  0.000366292 1,1 x 0 y 0
 Wall clock 191.756
 Average time per cell 5.72371e-09
  Step time per cell    5.67374e-09
 Step 143 time 0.0515627 control sound timestep  0.000366301 1,1 x 0 y 0
 Wall clock 193.172
 Average time per cell 5.72567e-09
  Step time per cell    6.00319e-09
 Step 144 time 0.051929 control sound timestep  0.000366308 1,1 x 0 y 0
 Wall clock 194.47
 Average time per cell 5.72411e-09
  Step time per cell    5.50062e-09
 Step 145 time 0.0522954 control sound timestep  0.000366316 1,1 x 0 y 0
 Wall clock 195.856
 Average time per cell 5.72513e-09
  Step time per cell    5.8723e-09
 Step 146 time 0.0526617 control sound timestep  0.000366324 1,1 x 0 y 0
 Wall clock 197.093
 Average time per cell 5.72184e-09
  Step time per cell    5.24346e-09
 Step 147 time 0.053028 control sound timestep  0.000366336 1,1 x 0 y 0
 Wall clock 198.418
 Average time per cell 5.72113e-09
  Step time per cell    5.61778e-09
 Step 148 time 0.0533943 control sound timestep  0.000366353 1,1 x 0 y 0
 Wall clock 199.652
 Average time per cell 5.71781e-09
  Step time per cell    5.22934e-09
 Step 149 time 0.0537607 control sound timestep  0.000366368 1,1 x 0 y 0
 Wall clock 201.105
 Average time per cell 5.72077e-09
  Step time per cell    6.15876e-09
 Step 150 time 0.0541271 control sound timestep  0.000366382 1,1 x 0 y 0
 Wall clock 202.371
 Average time per cell 5.71839e-09
  Step time per cell    5.36396e-09
 Step 151 time 0.0544934 control sound timestep  0.000366399 1,1 x 0 y 0
 Wall clock 203.669
 Average time per cell 5.71696e-09
  Step time per cell    5.50126e-09
 Step 152 time 0.0548598 control sound timestep  0.000366421 1,1 x 0 y 0
 Wall clock 204.891
 Average time per cell 5.71342e-09
  Step time per cell    5.1785e-09
 Step 153 time 0.0552263 control sound timestep  0.000366444 1,1 x 0 y 0
 Wall clock 206.087
 Average time per cell 5.70922e-09
  Step time per cell    5.07097e-09
 Step 154 time 0.0555927 control sound timestep  0.000366446 1,1 x 0 y 0
 Wall clock 207.315
 Average time per cell 5.70595e-09
  Step time per cell    5.20575e-09
 Step 155 time 0.0559591 control sound timestep  0.000366445 1,1 x 0 y 0
 Wall clock 208.583
 Average time per cell 5.7038e-09
  Step time per cell    5.37209e-09
 Step 156 time 0.0563256 control sound timestep  0.000366445 1,1 x 0 y 0
 Wall clock 209.992
 Average time per cell 5.70553e-09
  Step time per cell    5.97352e-09
 Step 157 time 0.056692 control sound timestep  0.000366452 1,1 x 0 y 0
 Wall clock 211.323
 Average time per cell 5.70512e-09
  Step time per cell    5.64142e-09
 Step 158 time 0.0570585 control sound timestep  0.000366459 1,1 x 0 y 0
 Wall clock 212.709
 Average time per cell 5.70618e-09
  Step time per cell    5.87208e-09
 Step 159 time 0.0574249 control sound timestep  0.000366466 1,1 x 0 y 0
 Wall clock 213.966
 Average time per cell 5.70381e-09
  Step time per cell    5.32866e-09
 Step 160 time 0.0577914 control sound timestep  0.000366473 1,1 x 0 y 0
 Wall clock 215.261
 Average time per cell 5.70247e-09
  Step time per cell    5.48919e-09
 Step 161 time 0.0581579 control sound timestep  0.000366482 1,1 x 0 y 0
 Wall clock 216.622
 Average time per cell 5.70289e-09
  Step time per cell    5.77067e-09
 Step 162 time 0.0585244 control sound timestep  0.000366498 1,1 x 0 y 0
 Wall clock 217.808
 Average time per cell 5.6987e-09
  Step time per cell    5.02264e-09
 Step 163 time 0.0588909 control sound timestep  0.000366512 1,1 x 0 y 0
 Wall clock 219.075
 Average time per cell 5.69668e-09
  Step time per cell    5.37035e-09
 Step 164 time 0.0592574 control sound timestep  0.000366525 1,1 x 0 y 0
 Wall clock 220.369
 Average time per cell 5.69539e-09
  Step time per cell    5.48424e-09
 Step 165 time 0.0596239 control sound timestep  0.000366539 1,1 x 0 y 0
 Wall clock 221.784
 Average time per cell 5.69723e-09
  Step time per cell    5.99976e-09
 Step 166 time 0.0599904 control sound timestep  0.000366558 1,1 x 0 y 0
 Wall clock 223.169
 Average time per cell 5.69826e-09
  Step time per cell    5.8676e-09
 Step 167 time 0.060357 control sound timestep  0.00036658 1,1 x 0 y 0
 Wall clock 224.347
 Average time per cell 5.69405e-09
  Step time per cell    4.99466e-09
 Step 168 time 0.0607236 control sound timestep  0.000366586 1,1 x 0 y 0
 Wall clock 225.608
 Average time per cell 5.69198e-09
  Step time per cell    5.3459e-09
 Step 169 time 0.0610902 control sound timestep  0.000366586 1,1 x 0 y 0
 Wall clock 227.017
 Average time per cell 5.69362e-09
  Step time per cell    5.96873e-09
 Step 170 time 0.0614568 control sound timestep  0.000366585 1,1 x 0 y 0
 Wall clock 228.473
 Average time per cell 5.69645e-09
  Step time per cell    6.17496e-09
 Step 171 time 0.0618233 control sound timestep  0.00036659 1,1 x 0 y 0
 Wall clock 229.877
 Average time per cell 5.69793e-09
  Step time per cell    5.94883e-09
 Step 172 time 0.0621899 control sound timestep  0.000366597 1,1 x 0 y 0
 Wall clock 231.176
 Average time per cell 5.69681e-09
  Step time per cell    5.50586e-09
 Step 173 time 0.0625565 control sound timestep  0.000366603 1,1 x 0 y 0
 Wall clock 232.504
 Average time per cell 5.69641e-09
  Step time per cell    5.62714e-09
 Step 174 time 0.0629231 control sound timestep  0.000366609 1,1 x 0 y 0
 Wall clock 233.852
 Average time per cell 5.69651e-09
  Step time per cell    5.71324e-09
 Step 175 time 0.0632897 control sound timestep  0.000366616 1,1 x 0 y 0
 Wall clock 235.071
 Average time per cell 5.69349e-09
  Step time per cell    5.16773e-09
 Step 176 time 0.0636564 control sound timestep  0.000366631 1,1 x 0 y 0
 Wall clock 236.402
 Average time per cell 5.69319e-09
  Step time per cell    5.63955e-09
 Step 177 time 0.064023 control sound timestep  0.000366644 1,1 x 0 y 0
 Wall clock 237.868
 Average time per cell 5.69613e-09
  Step time per cell    6.21357e-09
 Step 178 time 0.0643896 control sound timestep  0.000366656 1,1 x 0 y 0
 Wall clock 239.479
 Average time per cell 5.70251e-09
  Step time per cell    6.83112e-09
 Step 179 time 0.0647563 control sound timestep  0.000366668 1,1 x 0 y 0
 Wall clock 240.758
 Average time per cell 5.70093e-09
  Step time per cell    5.42097e-09
 Step 180 time 0.065123 control sound timestep  0.000366685 1,1 x 0 y 0
 Wall clock 242.185
 Average time per cell 5.70285e-09
  Step time per cell    6.04575e-09
 Step 181 time 0.0654896 control sound timestep  0.000366704 1,1 x 0 y 0
 Wall clock 243.674
 Average time per cell 5.70621e-09
  Step time per cell    6.30991e-09
 Step 182 time 0.0658563 control sound timestep  0.000366715 1,1 x 0 y 0
 Wall clock 245.1
 Average time per cell 5.70807e-09
  Step time per cell    6.0458e-09
 Step 183 time 0.0662231 control sound timestep  0.000366716 1,1 x 0 y 0
 Wall clock 246.398
 Average time per cell 5.70694e-09
  Step time per cell    5.50129e-09
 Step 184 time 0.0665898 control sound timestep  0.000366713 1,1 x 0 y 0
 Wall clock 247.802
 Average time per cell 5.70828e-09
  Step time per cell    5.95144e-09
 Step 185 time 0.0669565 control sound timestep  0.000366717 1,1 x 0 y 0
 Wall clock 249.139
 Average time per cell 5.70805e-09
  Step time per cell    5.66613e-09
 Step 186 time 0.0673232 control sound timestep  0.000366724 1,1 x 0 y 0
 Wall clock 250.403
 Average time per cell 5.70616e-09
  Step time per cell    5.35716e-09
 Step 187 time 0.0676899 control sound timestep  0.000366729 1,1 x 0 y 0
 Wall clock 251.828
 Average time per cell 5.70795e-09
  Step time per cell    6.04043e-09
 Step 188 time 0.0680567 control sound timestep  0.000366735 1,1 x 0 y 0
 Wall clock 253.023
 Average time per cell 5.70452e-09
  Step time per cell    5.06172e-09
 Step 189 time 0.0684234 control sound timestep  0.000366742 1,1 x 0 y 0
 Wall clock 254.206
 Average time per cell 5.70087e-09
  Step time per cell    5.01571e-09
 Step 190 time 0.0687901 control sound timestep  0.000366754 1,1 x 0 y 0
 Wall clock 255.472
 Average time per cell 5.69911e-09
  Step time per cell    5.365e-09
 Step 191 time 0.0691569 control sound timestep  0.000366766 1,1 x 0 y 0
 Wall clock 256.653
 Average time per cell 5.69549e-09
  Step time per cell    5.00821e-09
 Step 192 time 0.0695237 control sound timestep  0.000366777 1,1 x 0 y 0
 Wall clock 257.857
 Average time per cell 5.69239e-09
  Step time per cell    5.0993e-09
 Step 193 time 0.0698904 control sound timestep  0.000366789 1,1 x 0 y 0
 Wall clock 259.212
 Average time per cell 5.69265e-09
  Step time per cell    5.74332e-09
 Step 194 time 0.0702572 control sound timestep  0.000366803 1,1 x 0 y 0
 Wall clock 260.441
 Average time per cell 5.69017e-09
  Step time per cell    5.21114e-09
 Step 195 time 0.070624 control sound timestep  0.000366821 1,1 x 0 y 0
 Wall clock 261.65
 Average time per cell 5.68727e-09
  Step time per cell    5.12382e-09
 Step 196 time 0.0709908 control sound timestep  0.000366835 1,1 x 0 y 0
 Wall clock 263.095
 Average time per cell 5.68951e-09
  Step time per cell    6.12577e-09
 Step 197 time 0.0713577 control sound timestep  0.000366836 1,1 x 0 y 0
 Wall clock 264.428
 Average time per cell 5.6893e-09
  Step time per cell    5.64737e-09
 Step 198 time 0.0717245 control sound timestep  0.000366833 1,1 x 0 y 0
 Wall clock 266.083
 Average time per cell 5.696e-09
  Step time per cell    7.01661e-09
 Step 199 time 0.0720913 control sound timestep  0.000366836 1,1 x 0 y 0
 Wall clock 267.369
 Average time per cell 5.69477e-09
  Step time per cell    5.45086e-09
 Step 200 time 0.0724582 control sound timestep  0.000366842 1,1 x 0 y 0
 Wall clock 268.83
 Average time per cell 5.69726e-09
  Step time per cell    6.19162e-09
 Step 201 time 0.072825 control sound timestep  0.000366847 1,1 x 0 y 0
 Wall clock 270.08
 Average time per cell 5.69526e-09
  Step time per cell    5.29497e-09
 Step 202 time 0.0731919 control sound timestep  0.000366853 1,1 x 0 y 0
 Wall clock 271.291
 Average time per cell 5.69248e-09
  Step time per cell    5.13491e-09
 Step 203 time 0.0735587 control sound timestep  0.000366859 1,1 x 0 y 0
 Wall clock 272.498
 Average time per cell 5.68963e-09
  Step time per cell    5.1134e-09
 Step 204 time 0.0739256 control sound timestep  0.000366869 1,1 x 0 y 0
 Wall clock 273.694
 Average time per cell 5.68661e-09
  Step time per cell    5.07204e-09
 Step 205 time 0.0742925 control sound timestep  0.000366881 1,1 x 0 y 0
 Wall clock 275.068
 Average time per cell 5.68727e-09
  Step time per cell    5.8227e-09
 Step 206 time 0.0746593 control sound timestep  0.000366892 1,1 x 0 y 0
 Wall clock 276.269
 Average time per cell 5.68438e-09
  Step time per cell    5.09117e-09
 Step 207 time 0.0750262 control sound timestep  0.000366902 1,1 x 0 y 0
 Wall clock 277.663
 Average time per cell 5.68545e-09
  Step time per cell    5.90527e-09
 Step 208 time 0.0753931 control sound timestep  0.000366915 1,1 x 0 y 0
 Wall clock 278.926
 Average time per cell 5.68386e-09
  Step time per cell    5.3552e-09
 Step 209 time 0.07576 control sound timestep  0.000366932 1,1 x 0 y 0
 Wall clock 280.142
 Average time per cell 5.68133e-09
  Step time per cell    5.154e-09
 Step 210 time 0.076127 control sound timestep  0.000366947 1,1 x 0 y 0
 Wall clock 281.581
 Average time per cell 5.68331e-09
  Step time per cell    6.09703e-09
 Step 211 time 0.0764939 control sound timestep  0.000366948 1,1 x 0 y 0
 Wall clock 282.865
 Average time per cell 5.68217e-09
  Step time per cell    5.44204e-09
 Step 212 time 0.0768609 control sound timestep  0.000366945 1,1 x 0 y 0
 Wall clock 284.059
 Average time per cell 5.67924e-09
  Step time per cell    5.06176e-09
 Step 213 time 0.0772278 control sound timestep  0.000366947 1,1 x 0 y 0
 Wall clock 285.395
 Average time per cell 5.67915e-09
  Step time per cell    5.66029e-09
 Step 214 time 0.0775948 control sound timestep  0.000366952 1,1 x 0 y 0
 Wall clock 286.66
 Average time per cell 5.67768e-09
  Step time per cell    5.36381e-09
 Step 215 time 0.0779617 control sound timestep  0.000366958 1,1 x 0 y 0
 Wall clock 288.298
 Average time per cell 5.68357e-09
  Step time per cell    6.94245e-09
 Step 216 time 0.0783287 control sound timestep  0.000366963 1,1 x 0 y 0
 Wall clock 289.706
 Average time per cell 5.68487e-09
  Step time per cell    5.96544e-09
 Step 217 time 0.0786956 control sound timestep  0.000366968 1,1 x 0 y 0
 Wall clock 291.052
 Average time per cell 5.68497e-09
  Step time per cell    5.70579e-09
 Step 218 time 0.0790626 control sound timestep  0.000366977 1,1 x 0 y 0
 Wall clock 292.284
 Average time per cell 5.68284e-09
  Step time per cell    5.22073e-09
 Step 219 time 0.0794296 control sound timestep  0.000366989 1,1 x 0 y 0
 Wall clock 293.528
 Average time per cell 5.68098e-09
  Step time per cell    5.2736e-09
 Step 220 time 0.0797966 control sound timestep  0.000366999 1,1 x 0 y 0
 Wall clock 295.163
 Average time per cell 5.68666e-09
  Step time per cell    6.93014e-09
 Step 221 time 0.0801636 control sound timestep  0.000367009 1,1 x 0 y 0
 Wall clock 296.563
 Average time per cell 5.68778e-09
  Step time per cell    5.9345e-09
 Step 222 time 0.0805306 control sound timestep  0.000367021 1,1 x 0 y 0
 Wall clock 297.907
 Average time per cell 5.6878e-09
  Step time per cell    5.69305e-09
 Step 223 time 0.0808976 control sound timestep  0.000367036 1,1 x 0 y 0
 Wall clock 299.204
 Average time per cell 5.68696e-09
  Step time per cell    5.50024e-09
 Step 224 time 0.0812646 control sound timestep  0.000367052 1,1 x 0 y 0
 Wall clock 300.712
 Average time per cell 5.69011e-09
  Step time per cell    6.39094e-09
 Step 225 time 0.0816317 control sound timestep  0.000367052 1,1 x 0 y 0
 Wall clock 301.915
 Average time per cell 5.68747e-09
  Step time per cell    5.09694e-09
 Step 226 time 0.0819987 control sound timestep  0.00036705 1,1 x 0 y 0
 Wall clock 303.335
 Average time per cell 5.68894e-09
  Step time per cell    6.01932e-09
 Step 227 time 0.0823658 control sound timestep  0.000367051 1,1 x 0 y 0
 Wall clock 304.724
 Average time per cell 5.68981e-09
  Step time per cell    5.88591e-09
 Step 228 time 0.0827328 control sound timestep  0.000367056 1,1 x 0 y 0
 Wall clock 305.93
 Average time per cell 5.68727e-09
  Step time per cell    5.11094e-09
 Step 229 time 0.0830999 control sound timestep  0.000367062 1,1 x 0 y 0
 Wall clock 307.307
 Average time per cell 5.68794e-09
  Step time per cell    5.83832e-09
 Step 230 time 0.083467 control sound timestep  0.000367066 1,1 x 0 y 0
 Wall clock 308.924
 Average time per cell 5.69301e-09
  Step time per cell    6.85378e-09
 Step 231 time 0.083834 control sound timestep  0.000367071 1,1 x 0 y 0
 Wall clock 310.231
 Average time per cell 5.69234e-09
  Step time per cell    5.53911e-09
 Step 232 time 0.0842011 control sound timestep  0.000367079 1,1 x 0 y 0
 Wall clock 311.609
 Average time per cell 5.69298e-09
  Step time per cell    5.84101e-09
 Step 233 time 0.0845682 control sound timestep  0.000367091 1,1 x 0 y 0
 Wall clock 313.108
 Average time per cell 5.69581e-09
  Step time per cell    6.35188e-09
 Step 234 time 0.0849353 control sound timestep  0.0003671 1,1 x 0 y 0
 Wall clock 314.675
 Average time per cell 5.69985e-09
  Step time per cell    6.64135e-09
 Step 235 time 0.0853024 control sound timestep  0.00036711 1,1 x 0 y 0
 Wall clock 315.979
 Average time per cell 5.69912e-09
  Step time per cell    5.52703e-09
 Step 236 time 0.0856695 control sound timestep  0.000367121 1,1 x 0 y 0
 Wall clock 317.291
 Average time per cell 5.69854e-09
  Step time per cell    5.56216e-09
 Step 237 time 0.0860366 control sound timestep  0.000367135 1,1 x 0 y 0
 Wall clock 318.688
 Average time per cell 5.69947e-09
  Step time per cell    5.91874e-09
 Step 238 time 0.0864037 control sound timestep  0.000367151 1,1 x 0 y 0
 Wall clock 320.194
 Average time per cell 5.70235e-09
  Step time per cell    6.38557e-09
 Step 239 time 0.0867709 control sound timestep  0.000367151 1,1 x 0 y 0
 Wall clock 321.42
 Average time per cell 5.70023e-09
  Step time per cell    5.19357e-09
 Step 240 time 0.087138 control sound timestep  0.00036715 1,1 x 0 y 0
 Wall clock 322.699
 Average time per cell 5.69907e-09
  Step time per cell    5.42302e-09
 Step 241 time 0.0875052 control sound timestep  0.00036715 1,1 x 0 y 0
 Wall clock 323.993
 Average time per cell 5.69817e-09
  Step time per cell    5.48239e-09
 Step 242 time 0.0878723 control sound timestep  0.000367155 1,1 x 0 y 0
 Wall clock 325.38
 Average time per cell 5.69892e-09
  Step time per cell    5.87803e-09
 Step 243 time 0.0882395 control sound timestep  0.00036716 1,1 x 0 y 0
 Wall clock 326.633
 Average time per cell 5.69733e-09
  Step time per cell    5.31163e-09
 Step 244 time 0.0886066 control sound timestep  0.000367164 1,1 x 0 y 0
 Wall clock 327.853
 Average time per cell 5.69517e-09
  Step time per cell    5.16983e-09
 Step 245 time 0.0889738 control sound timestep  0.000367169 1,1 x 0 y 0
 Wall clock 329.087
 Average time per cell 5.69327e-09
  Step time per cell    5.23049e-09
 Step 246 time 0.089341 control sound timestep  0.000367177 1,1 x 0 y 0
 Wall clock 330.356
 Average time per cell 5.69199e-09
  Step time per cell    5.37894e-09
 Step 247 time 0.0897082 control sound timestep  0.000367187 1,1 x 0 y 0
 Wall clock 331.555
 Average time per cell 5.68953e-09
  Step time per cell    5.08441e-09
 Step 248 time 0.0900753 control sound timestep  0.000367197 1,1 x 0 y 0
 Wall clock 332.755
 Average time per cell 5.68709e-09
  Step time per cell    5.08329e-09
 Step 249 time 0.0904425 control sound timestep  0.000367205 1,1 x 0 y 0
 Wall clock 334.119
 Average time per cell 5.68748e-09
  Step time per cell    5.78362e-09
 Step 250 time 0.0908097 control sound timestep  0.000367216 1,1 x 0 y 0
 Wall clock 335.605
 Average time per cell 5.68992e-09
  Step time per cell    6.29681e-09
 Step 251 time 0.091177 control sound timestep  0.000367229 1,1 x 0 y 0
 Wall clock 336.887
 Average time per cell 5.6889e-09
  Step time per cell    5.43476e-09
 Step 252 time 0.0915442 control sound timestep  0.000367244 1,1 x 0 y 0
 Wall clock 338.039
 Average time per cell 5.68571e-09
  Step time per cell    4.88297e-09
 Step 253 time 0.0919114 control sound timestep  0.000367245 1,1 x 0 y 0
 Wall clock 339.266
 Average time per cell 5.68379e-09
  Step time per cell    5.20004e-09
 Step 254 time 0.0922787 control sound timestep  0.000367243 1,1 x 0 y 0
 Wall clock 340.527
 Average time per cell 5.68244e-09
  Step time per cell    5.34121e-09
 Step 255 time 0.0926459 control sound timestep  0.000367244 1,1 x 0 y 0
 Wall clock 341.911
 Average time per cell 5.68316e-09
  Step time per cell    5.86589e-09
 Step 256 time 0.0930132 control sound timestep  0.000367248 1,1 x 0 y 0
 Wall clock 343.118
 Average time per cell 5.68095e-09
  Step time per cell    5.11643e-09
 Step 257 time 0.0933804 control sound timestep  0.000367253 1,1 x 0 y 0
 Wall clock 344.591
 Average time per cell 5.68314e-09
  Step time per cell    6.2442e-09
 Step 258 time 0.0937477 control sound timestep  0.000367257 1,1 x 0 y 0
 Wall clock 345.928
 Average time per cell 5.68308e-09
  Step time per cell    5.66681e-09
 Step 259 time 0.0941149 control sound timestep  0.000367262 1,1 x 0 y 0
 Wall clock 347.22
 Average time per cell 5.68228e-09
  Step time per cell    5.4759e-09
 Step 260 time 0.0944822 control sound timestep  0.000367269 1,1 x 0 y 0
 Wall clock 348.664
 Average time per cell 5.68397e-09
  Step time per cell    6.12193e-09
 Step 261 time 0.0948495 control sound timestep  0.000367279 1,1 x 0 y 0
 Wall clock 350.123
 Average time per cell 5.68588e-09
  Step time per cell    6.18245e-09
 Step 262 time 0.0952167 control sound timestep  0.000367288 1,1 x 0 y 0
 Wall clock 351.344
 Average time per cell 5.68392e-09
  Step time per cell    5.17274e-09
 Step 263 time 0.095584 control sound timestep  0.000367297 1,1 x 0 y 0
 Wall clock 352.524
 Average time per cell 5.68133e-09
  Step time per cell    5.00126e-09
 Step 264 time 0.0959513 control sound timestep  0.000367307 1,1 x 0 y 0
 Wall clock 353.765
 Average time per cell 5.67974e-09
  Step time per cell    5.26197e-09
 Step 265 time 0.0963186 control sound timestep  0.00036732 1,1 x 0 y 0
 Wall clock 355.215
 Average time per cell 5.6815e-09
  Step time per cell    6.14604e-09
 Step 266 time 0.0966859 control sound timestep  0.000367334 1,1 x 0 y 0
 Wall clock 356.437
 Average time per cell 5.67961e-09
  Step time per cell    5.17896e-09
 Step 267 time 0.0970533 control sound timestep  0.000367334 1,1 x 0 y 0
 Wall clock 357.846
 Average time per cell 5.6807e-09
  Step time per cell    5.96947e-09
 Step 268 time 0.0974206 control sound timestep  0.000367332 1,1 x 0 y 0
 Wall clock 359.278
 Average time per cell 5.68216e-09
  Step time per cell    6.07229e-09
 Step 269 time 0.0977879 control sound timestep  0.000367333 1,1 x 0 y 0
 Wall clock 360.698
 Average time per cell 5.68341e-09
  Step time per cell    6.01753e-09
 Step 270 time 0.0981553 control sound timestep  0.000367338 1,1 x 0 y 0
 Wall clock 362.214
 Average time per cell 5.68615e-09
  Step time per cell    6.42308e-09
 Step 271 time 0.0985226 control sound timestep  0.000367342 1,1 x 0 y 0
 Wall clock 363.685
 Average time per cell 5.68819e-09
  Step time per cell    6.23824e-09
 Step 272 time 0.09889 control sound timestep  0.000367346 1,1 x 0 y 0
 Wall clock 365.066
 Average time per cell 5.68879e-09
  Step time per cell    5.851e-09
 Step 273 time 0.0992573 control sound timestep  0.00036735 1,1 x 0 y 0
 Wall clock 366.512
 Average time per cell 5.69041e-09
  Step time per cell    6.13056e-09
 Step 274 time 0.0996247 control sound timestep  0.000367358 1,1 x 0 y 0
 Wall clock 367.937
 Average time per cell 5.69168e-09
  Step time per cell    6.03764e-09
 Step 275 time 0.099992 control sound timestep  0.000367367 1,1 x 0 y 0
 Wall clock 369.162
 Average time per cell 5.68987e-09
  Step time per cell    5.19335e-09
 Step 276 time 0.100359 control sound timestep  0.000367376 1,1 x 0 y 0
 Wall clock 370.559
 Average time per cell 5.6907e-09
  Step time per cell    5.91868e-09
 Step 277 time 0.100727 control sound timestep  0.000367384 1,1 x 0 y 0
 Wall clock 371.882
 Average time per cell 5.6904e-09
  Step time per cell    5.60953e-09
 Step 278 time 0.101094 control sound timestep  0.000367394 1,1 x 0 y 0
 Wall clock 373.326
 Average time per cell 5.69194e-09
  Step time per cell    6.11817e-09
 Step 279 time 0.101462 control sound timestep  0.000367406 1,1 x 0 y 0
 Wall clock 374.873
 Average time per cell 5.69505e-09
  Step time per cell    6.55853e-09
 Step 280 time 0.101829 control sound timestep  0.000367419 1,1 x 0 y 0
 Wall clock 376.403
 Average time per cell 5.69786e-09
  Step time per cell    6.48231e-09
 Step 281 time 0.102196 control sound timestep  0.000367419 1,1 x 0 y 0
 Wall clock 377.645
 Average time per cell 5.69632e-09
  Step time per cell    5.26496e-09
 Step 282 time 0.102564 control sound timestep  0.000367417 1,1 x 0 y 0
 Wall clock 378.885
 Average time per cell 5.69476e-09
  Step time per cell    5.25539e-09
 Step 283 time 0.102931 control sound timestep  0.000367418 1,1 x 0 y 0
 Wall clock 380.369
 Average time per cell 5.69687e-09
  Step time per cell    6.29267e-09
 Step 284 time 0.103299 control sound timestep  0.000367423 1,1 x 0 y 0
 Wall clock 381.669
 Average time per cell 5.69621e-09
  Step time per cell    5.5065e-09
 Step 285 time 0.103666 control sound timestep  0.000367427 1,1 x 0 y 0
 Wall clock 383.046
 Average time per cell 5.6967e-09
  Step time per cell    5.83683e-09
 Step 286 time 0.104033 control sound timestep  0.000367431 1,1 x 0 y 0
 Wall clock 384.423
 Average time per cell 5.69719e-09
  Step time per cell    5.83763e-09
 Step 287 time 0.104401 control sound timestep  0.000367435 1,1 x 0 y 0
 Wall clock 385.696
 Average time per cell 5.69615e-09
  Step time per cell    5.39565e-09
 Step 288 time 0.104768 control sound timestep  0.000367442 1,1 x 0 y 0
 Wall clock 387.043
 Average time per cell 5.69619e-09
  Step time per cell    5.70897e-09
 Step 289 time 0.105136 control sound timestep  0.000367452 1,1 x 0 y 0
 Wall clock 388.248
 Average time per cell 5.69415e-09
  Step time per cell    5.1075e-09
 Step 290 time 0.105503 control sound timestep  0.00036746 1,1 x 0 y 0
 Wall clock 389.662
 Average time per cell 5.69518e-09
  Step time per cell    5.99008e-09
 Step 291 time 0.105871 control sound timestep  0.000367468 1,1 x 0 y 0
 Wall clock 391.016
 Average time per cell 5.69533e-09
  Step time per cell    5.73933e-09
 Step 292 time 0.106238 control sound timestep  0.000367477 1,1 x 0 y 0
 Wall clock 392.188
 Average time per cell 5.69284e-09
  Step time per cell    4.96774e-09
 Step 293 time 0.106606 control sound timestep  0.00036749 1,1 x 0 y 0
 Wall clock 393.503
 Average time per cell 5.69243e-09
  Step time per cell    5.57297e-09
 Step 294 time 0.106973 control sound timestep  0.0003675 1,1 x 0 y 0
 Wall clock 394.723
 Average time per cell 5.69066e-09
  Step time per cell    5.17306e-09
 Step 295 time 0.107341 control sound timestep  0.000367501 1,1 x 0 y 0
 Wall clock 395.945
 Average time per cell 5.68892e-09
  Step time per cell    5.17718e-09
 Step 296 time 0.107708 control sound timestep  0.000367498 1,1 x 0 y 0
 Wall clock 397.378
 Average time per cell 5.69023e-09
  Step time per cell    6.07538e-09
 Step 297 time 0.108076 control sound timestep  0.0003675 1,1 x 0 y 0
 Wall clock 398.627
 Average time per cell 5.6889e-09
  Step time per cell    5.2945e-09
 Step 298 time 0.108443 control sound timestep  0.000367504 1,1 x 0 y 0
 Wall clock 400.01
 Average time per cell 5.68948e-09
  Step time per cell    5.86054e-09
 Step 299 time 0.108811 control sound timestep  0.000367508 1,1 x 0 y 0
 Wall clock 401.285
 Average time per cell 5.68852e-09
  Step time per cell    5.40306e-09
 Step 300 time 0.109178 control sound timestep  0.000367512 1,1 x 0 y 0
 Wall clock 402.736
 First step overhead 0
Result:
 - Problem: none
 - Outcome: PASSED
