Generate Time:       123.94334
Build Time:          77.51924
Graph has 1073741820 nodes and 17022105300 undirected edges for degree: 15
Trial Time:          27.89368
Trial Time:          27.89846
Trial Time:          27.89563
Trial Time:          27.88850
Trial Time:          27.89054
Trial Time:          27.90130
Trial Time:          27.89796
Trial Time:          27.89811
Trial Time:          27.88905
Trial Time:          27.88948
Trial Time:          27.91068
Trial Time:          27.89578
Trial Time:          27.89026
Trial Time:          27.89294
Trial Time:          27.90538
Trial Time:          27.89778
Average Time:        27.89597
