---
Devices:
 0: Host CPU
CloverLeaf:
 - Ver.:     2.000
 - Deck:     /home/labpc/work/cipp/CloverLeaf/InputDecks/clover_bm256_300.in
 - Out:      clover.out
 - Profiler: deck-specified
MPI:
 - Enabled:     false
 - Total ranks: 1
 - Header device-awareness (CUDA-awareness):  unknown
 - Runtime device-awareness (CUDA-awareness): unknown
 - Host-Device halo exchange staging buffer:  true
Model:
 - Name:      OpenMP (CPU)
 - Execution: Host
# ---- 
Output: |+1
 Output file clover.out opened. All output will go there.
 Args: --file /home/labpc/work/cipp/CloverLeaf/InputDecks/clover_bm256_300.in
 Using input: `/home/labpc/work/cipp/CloverLeaf/InputDecks/clover_bm256_300.in`
 Problem initialised and generated
 Launching hydro
 Step 1 time 0 control sound timestep  0.000385161 1,1 x 0 y 0
 Wall clock 1.35435
 Average time per cell 5.74047e-09
  Step time per cell    5.74047e-09
 Step 2 time 0.000385161 control sound timestep  0.000235099 1,1 x 0 y 0
 Wall clock 2.64592
 Average time per cell 5.60743e-09
  Step time per cell    5.47421e-09
 Step 3 time 0.000620261 control sound timestep  0.000298723 1,1 x 0 y 0
 Wall clock 3.9361
 Average time per cell 5.56112e-09
  Step time per cell    5.46824e-09
 Step 4 time 0.000918984 control sound timestep  0.000314746 1,1 x 0 y 0
 Wall clock 5.23258
 Average time per cell 5.54464e-09
  Step time per cell    5.49496e-09
 Step 5 time 0.00123373 control sound timestep  0.000346361 1,1 x 0 y 0
 Wall clock 6.65312
 Average time per cell 5.63992e-09
  Step time per cell    6.02075e-09
 Step 6 time 0.00158009 control sound timestep  0.00034558 1,1 x 0 y 0
 Wall clock 7.95357
 Average time per cell 5.6186e-09
  Step time per cell    5.51168e-09
 Step 7 time 0.00192567 control sound timestep  0.000352154 1,1 x 0 y 0
 Wall clock 9.25627
 Average time per cell 5.60474e-09
  Step time per cell    5.52132e-09
 Step 8 time 0.00227782 control sound timestep  0.000370384 1,1 x 0 y 0
 Wall clock 10.7297
 Average time per cell 5.68482e-09
  Step time per cell    6.24517e-09
 Step 9 time 0.00264821 control sound timestep  0.000366391 1,1 x 0 y 0
 Wall clock 12.0518
 Average time per cell 5.67578e-09
  Step time per cell    5.60315e-09
 Step 10 time 0.0030146 control sound timestep  0.000363789 1,1 x 0 y 0
 Wall clock 13.6673
 Average time per cell 5.79297e-09
  Step time per cell    6.84733e-09
 Step 11 time 0.00337839 control sound timestep  0.000361224 1,1 x 0 y 0
 Wall clock 14.995
 Average time per cell 5.77793e-09
  Step time per cell    5.62749e-09
 Step 12 time 0.00373961 control sound timestep  0.000359796 1,1 x 0 y 0
 Wall clock 16.3604
 Average time per cell 5.7787e-09
  Step time per cell    5.78693e-09
 Step 13 time 0.00409941 control sound timestep  0.000360678 1,1 x 0 y 0
 Wall clock 17.6744
 Average time per cell 5.76262e-09
  Step time per cell    5.56936e-09
 Step 14 time 0.00446009 control sound timestep  0.000362113 1,1 x 0 y 0
 Wall clock 19.1142
 Average time per cell 5.7869e-09
  Step time per cell    6.10227e-09
 Step 15 time 0.0048222 control sound timestep  0.000362661 1,1 x 0 y 0
 Wall clock 20.4903
 Average time per cell 5.78995e-09
  Step time per cell    5.83235e-09
 Step 16 time 0.00518486 control sound timestep  0.000362812 1,1 x 0 y 0
 Wall clock 21.8226
 Average time per cell 5.78101e-09
  Step time per cell    5.64668e-09
 Step 17 time 0.00554767 control sound timestep  0.000362988 1,1 x 0 y 0
 Wall clock 23.387
 Average time per cell 5.831e-09
  Step time per cell    6.63061e-09
 Step 18 time 0.00591066 control sound timestep  0.000363082 1,1 x 0 y 0
 Wall clock 24.6907
 Average time per cell 5.81404e-09
  Step time per cell    5.52529e-09
 Step 19 time 0.00627374 control sound timestep  0.000363112 1,1 x 0 y 0
 Wall clock 26.1228
 Average time per cell 5.82751e-09
  Step time per cell    6.06977e-09
 Step 20 time 0.00663686 control sound timestep  0.00036317 1,1 x 0 y 0
 Wall clock 27.6
 Average time per cell 5.84919e-09
  Step time per cell    6.26078e-09
 Step 21 time 0.00700003 control sound timestep  0.000363365 1,1 x 0 y 0
 Wall clock 28.9135
 Average time per cell 5.83577e-09
  Step time per cell    5.56725e-09
 Step 22 time 0.00736339 control sound timestep  0.00036347 1,1 x 0 y 0
 Wall clock 30.3238
 Average time per cell 5.84223e-09
  Step time per cell    5.97756e-09
 Step 23 time 0.00772686 control sound timestep  0.000363513 1,1 x 0 y 0
 Wall clock 31.7682
 Average time per cell 5.8544e-09
  Step time per cell    6.12188e-09
 Step 24 time 0.00809037 control sound timestep  0.000363629 1,1 x 0 y 0
 Wall clock 33.2046
 Average time per cell 5.86415e-09
  Step time per cell    6.08804e-09
 Step 25 time 0.008454 control sound timestep  0.000363732 1,1 x 0 y 0
 Wall clock 34.5421
 Average time per cell 5.85633e-09
  Step time per cell    5.66839e-09
 Step 26 time 0.00881773 control sound timestep  0.000363825 1,1 x 0 y 0
 Wall clock 36.0223
 Average time per cell 5.87239e-09
  Step time per cell    6.27324e-09
 Step 27 time 0.00918156 control sound timestep  0.000363914 1,1 x 0 y 0
 Wall clock 37.5092
 Average time per cell 5.88832e-09
  Step time per cell    6.30221e-09
 Step 28 time 0.00954547 control sound timestep  0.000363943 1,1 x 0 y 0
 Wall clock 38.8907
 Average time per cell 5.88715e-09
  Step time per cell    5.85527e-09
 Step 29 time 0.00990942 control sound timestep  0.000363973 1,1 x 0 y 0
 Wall clock 40.3027
 Average time per cell 5.89052e-09
  Step time per cell    5.98462e-09
 Step 30 time 0.0102734 control sound timestep  0.000363988 1,1 x 0 y 0
 Wall clock 41.7831
 Average time per cell 5.90332e-09
  Step time per cell    6.27418e-09
 Step 31 time 0.0106374 control sound timestep  0.000364002 1,1 x 0 y 0
 Wall clock 43.3173
 Average time per cell 5.92266e-09
  Step time per cell    6.50283e-09
 Step 32 time 0.0110014 control sound timestep  0.000364043 1,1 x 0 y 0
 Wall clock 44.6026
 Average time per cell 5.90783e-09
  Step time per cell    5.44765e-09
 Step 33 time 0.0113654 control sound timestep  0.000364085 1,1 x 0 y 0
 Wall clock 45.9673
 Average time per cell 5.90409e-09
  Step time per cell    5.7842e-09
 Step 34 time 0.0117295 control sound timestep  0.000364133 1,1 x 0 y 0
 Wall clock 47.4196
 Average time per cell 5.91148e-09
  Step time per cell    6.15516e-09
 Step 35 time 0.0120936 control sound timestep  0.000364198 1,1 x 0 y 0
 Wall clock 48.8365
 Average time per cell 5.91418e-09
  Step time per cell    6.00552e-09
 Step 36 time 0.0124578 control sound timestep  0.000364259 1,1 x 0 y 0
 Wall clock 50.192
 Average time per cell 5.90949e-09
  Step time per cell    5.74501e-09
 Step 37 time 0.0128221 control sound timestep  0.000364318 1,1 x 0 y 0
 Wall clock 51.5597
 Average time per cell 5.90644e-09
  Step time per cell    5.79656e-09
 Step 38 time 0.0131864 control sound timestep  0.000364383 1,1 x 0 y 0
 Wall clock 53.0945
 Average time per cell 5.9222e-09
  Step time per cell    6.50521e-09
 Step 39 time 0.0135508 control sound timestep  0.000364422 1,1 x 0 y 0
 Wall clock 54.4092
 Average time per cell 5.91324e-09
  Step time per cell    5.5724e-09
 Step 40 time 0.0139152 control sound timestep  0.000364431 1,1 x 0 y 0
 Wall clock 55.8538
 Average time per cell 5.91848e-09
  Step time per cell    6.12238e-09
 Step 41 time 0.0142797 control sound timestep  0.000364435 1,1 x 0 y 0
 Wall clock 57.36
 Average time per cell 5.92984e-09
  Step time per cell    6.38435e-09
 Step 42 time 0.0146441 control sound timestep  0.000364445 1,1 x 0 y 0
 Wall clock 58.739
 Average time per cell 5.92781e-09
  Step time per cell    5.84432e-09
 Step 43 time 0.0150085 control sound timestep  0.000364471 1,1 x 0 y 0
 Wall clock 60.1782
 Average time per cell 5.93182e-09
  Step time per cell    6.1e-09
 Step 44 time 0.015373 control sound timestep  0.000364495 1,1 x 0 y 0
 Wall clock 61.7343
 Average time per cell 5.94691e-09
  Step time per cell    6.59534e-09
 Step 45 time 0.0157375 control sound timestep  0.000364518 1,1 x 0 y 0
 Wall clock 63.0767
 Average time per cell 5.9412e-09
  Step time per cell    5.68942e-09
 Step 46 time 0.016102 control sound timestep  0.000364543 1,1 x 0 y 0
 Wall clock 64.4235
 Average time per cell 5.93614e-09
  Step time per cell    5.70827e-09
 Step 47 time 0.0164666 control sound timestep  0.000364585 1,1 x 0 y 0
 Wall clock 65.7958
 Average time per cell 5.93359e-09
  Step time per cell    5.81612e-09
 Step 48 time 0.0168311 control sound timestep  0.000364628 1,1 x 0 y 0
 Wall clock 67.1129
 Average time per cell 5.92628e-09
  Step time per cell    5.5824e-09
 Step 49 time 0.0171958 control sound timestep  0.000364667 1,1 x 0 y 0
 Wall clock 68.5015
 Average time per cell 5.92545e-09
  Step time per cell    5.8854e-09
 Step 50 time 0.0175604 control sound timestep  0.000364708 1,1 x 0 y 0
 Wall clock 70.0763
 Average time per cell 5.94044e-09
  Step time per cell    6.67464e-09
 Step 51 time 0.0179251 control sound timestep  0.000364758 1,1 x 0 y 0
 Wall clock 71.5965
 Average time per cell 5.9503e-09
  Step time per cell    6.44332e-09
 Step 52 time 0.0182899 control sound timestep  0.000364817 1,1 x 0 y 0
 Wall clock 72.9822
 Average time per cell 5.94882e-09
  Step time per cell    5.87302e-09
 Step 53 time 0.0186547 control sound timestep  0.000364826 1,1 x 0 y 0
 Wall clock 74.6408
 Average time per cell 5.96923e-09
  Step time per cell    7.02997e-09
 Step 54 time 0.0190195 control sound timestep  0.00036483 1,1 x 0 y 0
 Wall clock 76.0028
 Average time per cell 5.96559e-09
  Step time per cell    5.77247e-09
 Step 55 time 0.0193844 control sound timestep  0.000364831 1,1 x 0 y 0
 Wall clock 77.3611
 Average time per cell 5.9618e-09
  Step time per cell    5.75671e-09
 Step 56 time 0.0197492 control sound timestep  0.000364846 1,1 x 0 y 0
 Wall clock 78.8944
 Average time per cell 5.97139e-09
  Step time per cell    6.49884e-09
 Step 57 time 0.0201141 control sound timestep  0.000364866 1,1 x 0 y 0
 Wall clock 80.3435
 Average time per cell 5.97439e-09
  Step time per cell    6.14172e-09
 Step 58 time 0.0204789 control sound timestep  0.000364884 1,1 x 0 y 0
 Wall clock 81.6498
 Average time per cell 5.96684e-09
  Step time per cell    5.53659e-09
 Step 59 time 0.0208438 control sound timestep  0.000364902 1,1 x 0 y 0
 Wall clock 82.9717
 Average time per cell 5.96068e-09
  Step time per cell    5.60276e-09
 Step 60 time 0.0212087 control sound timestep  0.000364922 1,1 x 0 y 0
 Wall clock 84.6327
 Average time per cell 5.97867e-09
  Step time per cell    7.03967e-09
 Step 61 time 0.0215736 control sound timestep  0.000364956 1,1 x 0 y 0
 Wall clock 86.1108
 Average time per cell 5.98337e-09
  Step time per cell    6.26526e-09
 Step 62 time 0.0219386 control sound timestep  0.000364991 1,1 x 0 y 0
 Wall clock 87.7621
 Average time per cell 5.99975e-09
  Step time per cell    6.99876e-09
 Step 63 time 0.0223036 control sound timestep  0.000365022 1,1 x 0 y 0
 Wall clock 89.4018
 Average time per cell 6.01483e-09
  Step time per cell    6.94942e-09
 Step 64 time 0.0226686 control sound timestep  0.000365056 1,1 x 0 y 0
 Wall clock 91.0501
 Average time per cell 6.03001e-09
  Step time per cell    6.9861e-09
 Step 65 time 0.0230337 control sound timestep  0.000365098 1,1 x 0 y 0
 Wall clock 92.4449
 Average time per cell 6.02819e-09
  Step time per cell    5.91156e-09
 Step 66 time 0.0233988 control sound timestep  0.000365146 1,1 x 0 y 0
 Wall clock 93.8046
 Average time per cell 6.02418e-09
  Step time per cell    5.76306e-09
 Step 67 time 0.0237639 control sound timestep  0.000365166 1,1 x 0 y 0
 Wall clock 95.2406
 Average time per cell 6.02511e-09
  Step time per cell    6.08642e-09
 Step 68 time 0.0241291 control sound timestep  0.000365169 1,1 x 0 y 0
 Wall clock 96.752
 Average time per cell 6.03071e-09
  Step time per cell    6.40554e-09
 Step 69 time 0.0244942 control sound timestep  0.000365167 1,1 x 0 y 0
 Wall clock 98.1255
 Average time per cell 6.02768e-09
  Step time per cell    5.82138e-09
 Step 70 time 0.0248594 control sound timestep  0.000365177 1,1 x 0 y 0
 Wall clock 99.7593
 Average time per cell 6.0405e-09
  Step time per cell    6.92471e-09
 Step 71 time 0.0252246 control sound timestep  0.000365194 1,1 x 0 y 0
 Wall clock 101.202
 Average time per cell 6.04155e-09
  Step time per cell    6.11519e-09
 Step 72 time 0.0255898 control sound timestep  0.000365209 1,1 x 0 y 0
 Wall clock 102.757
 Average time per cell 6.04917e-09
  Step time per cell    6.58967e-09
 Step 73 time 0.025955 control sound timestep  0.000365223 1,1 x 0 y 0
 Wall clock 104.176
 Average time per cell 6.04869e-09
  Step time per cell    6.01395e-09
 Step 74 time 0.0263202 control sound timestep  0.000365239 1,1 x 0 y 0
 Wall clock 105.483
 Average time per cell 6.04183e-09
  Step time per cell    5.54062e-09
 Step 75 time 0.0266854 control sound timestep  0.000365263 1,1 x 0 y 0
 Wall clock 106.891
 Average time per cell 6.04082e-09
  Step time per cell    5.96623e-09
 Step 76 time 0.0270507 control sound timestep  0.000365294 1,1 x 0 y 0
 Wall clock 108.257
 Average time per cell 6.03756e-09
  Step time per cell    5.79218e-09
 Step 77 time 0.027416 control sound timestep  0.000365322 1,1 x 0 y 0
 Wall clock 109.588
 Average time per cell 6.03238e-09
  Step time per cell    5.6389e-09
 Step 78 time 0.0277813 control sound timestep  0.000365349 1,1 x 0 y 0
 Wall clock 110.969
 Average time per cell 6.03009e-09
  Step time per cell    5.85311e-09
 Step 79 time 0.0281467 control sound timestep  0.000365381 1,1 x 0 y 0
 Wall clock 112.265
 Average time per cell 6.02333e-09
  Step time per cell    5.49583e-09
 Step 80 time 0.0285121 control sound timestep  0.000365421 1,1 x 0 y 0
 Wall clock 113.7
 Average time per cell 6.02406e-09
  Step time per cell    6.08143e-09
 Step 81 time 0.0288775 control sound timestep  0.000365457 1,1 x 0 y 0
 Wall clock 115.001
 Average time per cell 6.01776e-09
  Step time per cell    5.51333e-09
 Step 82 time 0.0292429 control sound timestep  0.000365459 1,1 x 0 y 0
 Wall clock 116.317
 Average time per cell 6.01238e-09
  Step time per cell    5.57663e-09
 Step 83 time 0.0296084 control sound timestep  0.000365461 1,1 x 0 y 0
 Wall clock 117.774
 Average time per cell 6.01433e-09
  Step time per cell    6.17383e-09
 Step 84 time 0.0299738 control sound timestep  0.000365461 1,1 x 0 y 0
 Wall clock 119.111
 Average time per cell 6.01019e-09
  Step time per cell    5.66658e-09
 Step 85 time 0.0303393 control sound timestep  0.000365475 1,1 x 0 y 0
 Wall clock 120.476
 Average time per cell 6.00758e-09
  Step time per cell    5.78782e-09
 Step 86 time 0.0307048 control sound timestep  0.000365488 1,1 x 0 y 0
 Wall clock 121.847
 Average time per cell 6.00527e-09
  Step time per cell    5.80896e-09
 Step 87 time 0.0310703 control sound timestep  0.0003655 1,1 x 0 y 0
 Wall clock 123.253
 Average time per cell 6.00474e-09
  Step time per cell    5.95846e-09
 Step 88 time 0.0314358 control sound timestep  0.000365513 1,1 x 0 y 0
 Wall clock 124.589
 Average time per cell 6.00089e-09
  Step time per cell    5.66547e-09
 Step 89 time 0.0318013 control sound timestep  0.000365528 1,1 x 0 y 0
 Wall clock 125.972
 Average time per cell 5.9993e-09
  Step time per cell    5.85966e-09
 Step 90 time 0.0321668 control sound timestep  0.000365555 1,1 x 0 y 0
 Wall clock 127.519
 Average time per cell 6.00553e-09
  Step time per cell    6.55925e-09
 Step 91 time 0.0325324 control sound timestep  0.00036558 1,1 x 0 y 0
 Wall clock 128.888
 Average time per cell 6.00329e-09
  Step time per cell    5.8021e-09
 Step 92 time 0.0328979 control sound timestep  0.000365603 1,1 x 0 y 0
 Wall clock 130.225
 Average time per cell 5.99964e-09
  Step time per cell    5.66701e-09
 Step 93 time 0.0332636 control sound timestep  0.000365628 1,1 x 0 y 0
 Wall clock 131.555
 Average time per cell 5.99575e-09
  Step time per cell    5.63714e-09
 Step 94 time 0.0336292 control sound timestep  0.000365659 1,1 x 0 y 0
 Wall clock 132.875
 Average time per cell 5.99148e-09
  Step time per cell    5.59425e-09
 Step 95 time 0.0339948 control sound timestep  0.000365696 1,1 x 0 y 0
 Wall clock 134.188
 Average time per cell 5.98696e-09
  Step time per cell    5.56221e-09
 Step 96 time 0.0343605 control sound timestep  0.000365709 1,1 x 0 y 0
 Wall clock 135.507
 Average time per cell 5.98286e-09
  Step time per cell    5.593e-09
 Step 97 time 0.0347262 control sound timestep  0.00036571 1,1 x 0 y 0
 Wall clock 136.862
 Average time per cell 5.98039e-09
  Step time per cell    5.74323e-09
 Step 98 time 0.035092 control sound timestep  0.000365708 1,1 x 0 y 0
 Wall clock 138.296
 Average time per cell 5.98139e-09
  Step time per cell    6.07728e-09
 Step 99 time 0.0354577 control sound timestep  0.000365716 1,1 x 0 y 0
 Wall clock 140.005
 Average time per cell 5.99414e-09
  Step time per cell    7.24332e-09
 Step 100 time 0.0358234 control sound timestep  0.000365728 1,1 x 0 y 0
 Wall clock 141.454
 Average time per cell 5.99561e-09
  Step time per cell    6.14174e-09
 Step 101 time 0.0361891 control sound timestep  0.000365739 1,1 x 0 y 0
 Wall clock 142.813
 Average time per cell 5.99327e-09
  Step time per cell    5.75871e-09
 Step 102 time 0.0365548 control sound timestep  0.000365749 1,1 x 0 y 0
 Wall clock 144.129
 Average time per cell 5.98919e-09
  Step time per cell    5.57659e-09
 Step 103 time 0.0369206 control sound timestep  0.000365761 1,1 x 0 y 0
 Wall clock 145.508
 Average time per cell 5.98782e-09
  Step time per cell    5.84793e-09
 Step 104 time 0.0372864 control sound timestep  0.00036578 1,1 x 0 y 0
 Wall clock 147.135
 Average time per cell 5.99654e-09
  Step time per cell    6.89486e-09
 Step 105 time 0.0376521 control sound timestep  0.000365803 1,1 x 0 y 0
 Wall clock 148.472
 Average time per cell 5.99338e-09
  Step time per cell    5.66453e-09
 Step 106 time 0.0380179 control sound timestep  0.000365823 1,1 x 0 y 0
 Wall clock 149.957
 Average time per cell 5.99622e-09
  Step time per cell    6.29419e-09
 Step 107 time 0.0383838 control sound timestep  0.000365844 1,1 x 0 y 0
 Wall clock 151.527
 Average time per cell 6.0024e-09
  Step time per cell    6.65701e-09
 Step 108 time 0.0387496 control sound timestep  0.000365869 1,1 x 0 y 0
 Wall clock 152.845
 Average time per cell 5.99853e-09
  Step time per cell    5.5831e-09
 Step 109 time 0.0391155 control sound timestep  0.000365899 1,1 x 0 y 0
 Wall clock 154.16
 Average time per cell 5.99465e-09
  Step time per cell    5.57551e-09
 Step 110 time 0.0394814 control sound timestep  0.000365927 1,1 x 0 y 0
 Wall clock 155.571
 Average time per cell 5.99452e-09
  Step time per cell    5.98048e-09
 Step 111 time 0.0398473 control sound timestep  0.000365928 1,1 x 0 y 0
 Wall clock 156.885
 Average time per cell 5.99066e-09
  Step time per cell    5.56603e-09
 Step 112 time 0.0402132 control sound timestep  0.000365927 1,1 x 0 y 0
 Wall clock 158.222
 Average time per cell 5.98779e-09
  Step time per cell    5.66901e-09
 Step 113 time 0.0405792 control sound timestep  0.000365929 1,1 x 0 y 0
 Wall clock 159.574
 Average time per cell 5.98552e-09
  Step time per cell    5.7306e-09
 Step 114 time 0.0409451 control sound timestep  0.000365939 1,1 x 0 y 0
 Wall clock 160.926
 Average time per cell 5.98328e-09
  Step time per cell    5.7302e-09
 Step 115 time 0.041311 control sound timestep  0.000365949 1,1 x 0 y 0
 Wall clock 162.274
 Average time per cell 5.98094e-09
  Step time per cell    5.71379e-09
 Step 116 time 0.041677 control sound timestep  0.000365958 1,1 x 0 y 0
 Wall clock 163.625
 Average time per cell 5.97873e-09
  Step time per cell    5.72447e-09
 Step 117 time 0.0420429 control sound timestep  0.000365968 1,1 x 0 y 0
 Wall clock 165.11
 Average time per cell 5.98143e-09
  Step time per cell    6.29354e-09
 Step 118 time 0.0424089 control sound timestep  0.00036598 1,1 x 0 y 0
 Wall clock 166.436
 Average time per cell 5.97839e-09
  Step time per cell    5.62255e-09
 Step 119 time 0.0427749 control sound timestep  0.000366001 1,1 x 0 y 0
 Wall clock 167.763
 Average time per cell 5.97538e-09
  Step time per cell    5.62085e-09
 Step 120 time 0.0431409 control sound timestep  0.00036602 1,1 x 0 y 0
 Wall clock 169.657
 Average time per cell 5.9925e-09
  Step time per cell    8.02858e-09
 Step 121 time 0.0435069 control sound timestep  0.000366037 1,1 x 0 y 0
 Wall clock 170.986
 Average time per cell 5.98953e-09
  Step time per cell    5.63361e-09
 Step 122 time 0.0438729 control sound timestep  0.000366057 1,1 x 0 y 0
 Wall clock 172.305
 Average time per cell 5.98625e-09
  Step time per cell    5.58954e-09
 Step 123 time 0.044239 control sound timestep  0.000366082 1,1 x 0 y 0
 Wall clock 173.688
 Average time per cell 5.98524e-09
  Step time per cell    5.86155e-09
 Step 124 time 0.0446051 control sound timestep  0.000366111 1,1 x 0 y 0
 Wall clock 175.005
 Average time per cell 5.982e-09
  Step time per cell    5.58307e-09
 Step 125 time 0.0449712 control sound timestep  0.000366119 1,1 x 0 y 0
 Wall clock 176.473
 Average time per cell 5.98391e-09
  Step time per cell    6.21996e-09
 Step 126 time 0.0453373 control sound timestep  0.00036612 1,1 x 0 y 0
 Wall clock 177.982
 Average time per cell 5.9872e-09
  Step time per cell    6.39863e-09
 Step 127 time 0.0457034 control sound timestep  0.000366118 1,1 x 0 y 0
 Wall clock 179.318
 Average time per cell 5.98465e-09
  Step time per cell    5.66285e-09
 Step 128 time 0.0460695 control sound timestep  0.000366125 1,1 x 0 y 0
 Wall clock 180.72
 Average time per cell 5.9843e-09
  Step time per cell    5.93948e-09
 Step 129 time 0.0464357 control sound timestep  0.000366134 1,1 x 0 y 0
 Wall clock 182.051
 Average time per cell 5.98165e-09
  Step time per cell    5.64217e-09
 Step 130 time 0.0468018 control sound timestep  0.000366143 1,1 x 0 y 0
 Wall clock 183.464
 Average time per cell 5.98172e-09
  Step time per cell    5.99072e-09
 Step 131 time 0.0471679 control sound timestep  0.000366151 1,1 x 0 y 0
 Wall clock 184.799
 Average time per cell 5.97924e-09
  Step time per cell    5.65663e-09
 Step 132 time 0.0475341 control sound timestep  0.00036616 1,1 x 0 y 0
 Wall clock 186.229
 Average time per cell 5.97987e-09
  Step time per cell    6.06245e-09
 Step 133 time 0.0479003 control sound timestep  0.000366177 1,1 x 0 y 0
 Wall clock 187.672
 Average time per cell 5.98088e-09
  Step time per cell    6.11395e-09
 Step 134 time 0.0482664 control sound timestep  0.000366195 1,1 x 0 y 0
 Wall clock 189.17
 Average time per cell 5.98363e-09
  Step time per cell    6.34816e-09
 Step 135 time 0.0486326 control sound timestep  0.000366211 1,1 x 0 y 0
 Wall clock 190.652
 Average time per cell 5.98585e-09
  Step time per cell    6.2835e-09
 Step 136 time 0.0489988 control sound timestep  0.000366227 1,1 x 0 y 0
 Wall clock 192.234
 Average time per cell 5.99115e-09
  Step time per cell    6.70567e-09
 Step 137 time 0.0493651 control sound timestep  0.000366248 1,1 x 0 y 0
 Wall clock 193.601
 Average time per cell 5.9897e-09
  Step time per cell    5.79261e-09
 Step 138 time 0.0497313 control sound timestep  0.000366273 1,1 x 0 y 0
 Wall clock 194.906
 Average time per cell 5.98637e-09
  Step time per cell    5.52968e-09
 Step 139 time 0.0500976 control sound timestep  0.000366291 1,1 x 0 y 0
 Wall clock 196.264
 Average time per cell 5.98471e-09
  Step time per cell    5.75553e-09
 Step 140 time 0.0504639 control sound timestep  0.000366292 1,1 x 0 y 0
 Wall clock 197.666
 Average time per cell 5.98442e-09
  Step time per cell    5.94426e-09
 Step 141 time 0.0508302 control sound timestep  0.000366288 1,1 x 0 y 0
 Wall clock 199.024
 Average time per cell 5.98278e-09
  Step time per cell    5.75268e-09
 Step 142 time 0.0511965 control sound timestep  0.000366292 1,1 x 0 y 0
 Wall clock 200.532
 Average time per cell 5.98568e-09
  Step time per cell    6.39476e-09
 Step 143 time 0.0515627 control sound timestep  0.000366301 1,1 x 0 y 0
 Wall clock 201.936
 Average time per cell 5.98542e-09
  Step time per cell    5.9483e-09
 Step 144 time 0.051929 control sound timestep  0.000366308 1,1 x 0 y 0
 Wall clock 203.348
 Average time per cell 5.98541e-09
  Step time per cell    5.9833e-09
 Step 145 time 0.0522954 control sound timestep  0.000366316 1,1 x 0 y 0
 Wall clock 204.827
 Average time per cell 5.98739e-09
  Step time per cell    6.27151e-09
 Step 146 time 0.0526617 control sound timestep  0.000366324 1,1 x 0 y 0
 Wall clock 206.414
 Average time per cell 5.99245e-09
  Step time per cell    6.72707e-09
 Step 147 time 0.053028 control sound timestep  0.000366336 1,1 x 0 y 0
 Wall clock 207.731
 Average time per cell 5.98966e-09
  Step time per cell    5.58076e-09
 Step 148 time 0.0533943 control sound timestep  0.000366353 1,1 x 0 y 0
 Wall clock 209.282
 Average time per cell 5.99361e-09
  Step time per cell    6.57474e-09
 Step 149 time 0.0537607 control sound timestep  0.000366368 1,1 x 0 y 0
 Wall clock 210.641
 Average time per cell 5.99203e-09
  Step time per cell    5.75742e-09
 Step 150 time 0.0541271 control sound timestep  0.000366382 1,1 x 0 y 0
 Wall clock 212.146
 Average time per cell 5.99462e-09
  Step time per cell    6.38123e-09
 Step 151 time 0.0544934 control sound timestep  0.000366399 1,1 x 0 y 0
 Wall clock 213.465
 Average time per cell 5.99194e-09
  Step time per cell    5.58854e-09
 Step 152 time 0.0548598 control sound timestep  0.000366421 1,1 x 0 y 0
 Wall clock 215.105
 Average time per cell 5.99824e-09
  Step time per cell    6.94977e-09
 Step 153 time 0.0552263 control sound timestep  0.000366444 1,1 x 0 y 0
 Wall clock 216.576
 Average time per cell 5.99979e-09
  Step time per cell    6.23529e-09
 Step 154 time 0.0555927 control sound timestep  0.000366446 1,1 x 0 y 0
 Wall clock 218.023
 Average time per cell 6.00066e-09
  Step time per cell    6.13285e-09
 Step 155 time 0.0559591 control sound timestep  0.000366445 1,1 x 0 y 0
 Wall clock 219.674
 Average time per cell 6.00709e-09
  Step time per cell    6.99653e-09
 Step 156 time 0.0563256 control sound timestep  0.000366445 1,1 x 0 y 0
 Wall clock 221.085
 Average time per cell 6.00693e-09
  Step time per cell    5.98292e-09
 Step 157 time 0.056692 control sound timestep  0.000366452 1,1 x 0 y 0
 Wall clock 222.499
 Average time per cell 6.00685e-09
  Step time per cell    5.99275e-09
 Step 158 time 0.0570585 control sound timestep  0.000366459 1,1 x 0 y 0
 Wall clock 223.93
 Average time per cell 6.00722e-09
  Step time per cell    6.06585e-09
 Step 159 time 0.0574249 control sound timestep  0.000366466 1,1 x 0 y 0
 Wall clock 225.441
 Average time per cell 6.00972e-09
  Step time per cell    6.40349e-09
 Step 160 time 0.0577914 control sound timestep  0.000366473 1,1 x 0 y 0
 Wall clock 226.916
 Average time per cell 6.01123e-09
  Step time per cell    6.25126e-09
 Step 161 time 0.0581579 control sound timestep  0.000366482 1,1 x 0 y 0
 Wall clock 228.366
 Average time per cell 6.01207e-09
  Step time per cell    6.14628e-09
 Step 162 time 0.0585244 control sound timestep  0.000366498 1,1 x 0 y 0
 Wall clock 229.692
 Average time per cell 6.00963e-09
  Step time per cell    5.61724e-09
 Step 163 time 0.0588909 control sound timestep  0.000366512 1,1 x 0 y 0
 Wall clock 230.983
 Average time per cell 6.00633e-09
  Step time per cell    5.4719e-09
 Step 164 time 0.0592574 control sound timestep  0.000366525 1,1 x 0 y 0
 Wall clock 232.503
 Average time per cell 6.00901e-09
  Step time per cell    6.44444e-09
 Step 165 time 0.0596239 control sound timestep  0.000366539 1,1 x 0 y 0
 Wall clock 233.835
 Average time per cell 6.00681e-09
  Step time per cell    5.6463e-09
 Step 166 time 0.0599904 control sound timestep  0.000366558 1,1 x 0 y 0
 Wall clock 235.171
 Average time per cell 6.00472e-09
  Step time per cell    5.65929e-09
 Step 167 time 0.060357 control sound timestep  0.00036658 1,1 x 0 y 0
 Wall clock 236.544
 Average time per cell 6.00361e-09
  Step time per cell    5.81905e-09
 Step 168 time 0.0607236 control sound timestep  0.000366586 1,1 x 0 y 0
 Wall clock 237.855
 Average time per cell 6.00097e-09
  Step time per cell    5.55979e-09
 Step 169 time 0.0610902 control sound timestep  0.000366586 1,1 x 0 y 0
 Wall clock 239.159
 Average time per cell 5.99815e-09
  Step time per cell    5.5236e-09
 Step 170 time 0.0614568 control sound timestep  0.000366585 1,1 x 0 y 0
 Wall clock 240.551
 Average time per cell 5.99758e-09
  Step time per cell    5.902e-09
 Step 171 time 0.0618233 control sound timestep  0.00036659 1,1 x 0 y 0
 Wall clock 241.915
 Average time per cell 5.99632e-09
  Step time per cell    5.78172e-09
 Step 172 time 0.0621899 control sound timestep  0.000366597 1,1 x 0 y 0
 Wall clock 243.202
 Average time per cell 5.99316e-09
  Step time per cell    5.45283e-09
 Step 173 time 0.0625565 control sound timestep  0.000366603 1,1 x 0 y 0
 Wall clock 244.742
 Average time per cell 5.99625e-09
  Step time per cell    6.52645e-09
 Step 174 time 0.0629231 control sound timestep  0.000366609 1,1 x 0 y 0
 Wall clock 246.24
 Average time per cell 5.99827e-09
  Step time per cell    6.34879e-09
 Step 175 time 0.0632897 control sound timestep  0.000366616 1,1 x 0 y 0
 Wall clock 247.593
 Average time per cell 5.99677e-09
  Step time per cell    5.73443e-09
 Step 176 time 0.0636564 control sound timestep  0.000366631 1,1 x 0 y 0
 Wall clock 248.973
 Average time per cell 5.99595e-09
  Step time per cell    5.85217e-09
 Step 177 time 0.064023 control sound timestep  0.000366644 1,1 x 0 y 0
 Wall clock 250.508
 Average time per cell 5.99883e-09
  Step time per cell    6.50537e-09
 Step 178 time 0.0643896 control sound timestep  0.000366656 1,1 x 0 y 0
 Wall clock 251.975
 Average time per cell 6.00006e-09
  Step time per cell    6.21753e-09
 Step 179 time 0.0647563 control sound timestep  0.000366668 1,1 x 0 y 0
 Wall clock 253.338
 Average time per cell 5.99881e-09
  Step time per cell    5.77688e-09
 Step 180 time 0.065123 control sound timestep  0.000366685 1,1 x 0 y 0
 Wall clock 254.825
 Average time per cell 6.00049e-09
  Step time per cell    6.30079e-09
 Step 181 time 0.0654896 control sound timestep  0.000366704 1,1 x 0 y 0
 Wall clock 256.134
 Average time per cell 5.998e-09
  Step time per cell    5.54888e-09
 Step 182 time 0.0658563 control sound timestep  0.000366715 1,1 x 0 y 0
 Wall clock 257.426
 Average time per cell 5.99512e-09
  Step time per cell    5.47428e-09
 Step 183 time 0.0662231 control sound timestep  0.000366716 1,1 x 0 y 0
 Wall clock 258.908
 Average time per cell 5.99669e-09
  Step time per cell    6.28106e-09
 Step 184 time 0.0665898 control sound timestep  0.000366713 1,1 x 0 y 0
 Wall clock 260.265
 Average time per cell 5.99536e-09
  Step time per cell    5.75172e-09
 Step 185 time 0.0669565 control sound timestep  0.000366717 1,1 x 0 y 0
 Wall clock 261.754
 Average time per cell 5.99707e-09
  Step time per cell    6.31279e-09
 Step 186 time 0.0673232 control sound timestep  0.000366724 1,1 x 0 y 0
 Wall clock 263.11
 Average time per cell 5.99574e-09
  Step time per cell    5.74838e-09
 Step 187 time 0.0676899 control sound timestep  0.000366729 1,1 x 0 y 0
 Wall clock 264.483
 Average time per cell 5.99479e-09
  Step time per cell    5.81904e-09
 Step 188 time 0.0680567 control sound timestep  0.000366735 1,1 x 0 y 0
 Wall clock 265.941
 Average time per cell 5.99576e-09
  Step time per cell    6.17596e-09
 Step 189 time 0.0684234 control sound timestep  0.000366742 1,1 x 0 y 0
 Wall clock 267.257
 Average time per cell 5.99356e-09
  Step time per cell    5.58019e-09
 Step 190 time 0.0687901 control sound timestep  0.000366754 1,1 x 0 y 0
 Wall clock 268.79
 Average time per cell 5.99621e-09
  Step time per cell    6.49563e-09
 Step 191 time 0.0691569 control sound timestep  0.000366766 1,1 x 0 y 0
 Wall clock 270.251
 Average time per cell 5.99724e-09
  Step time per cell    6.19283e-09
 Step 192 time 0.0695237 control sound timestep  0.000366777 1,1 x 0 y 0
 Wall clock 271.805
 Average time per cell 6.00031e-09
  Step time per cell    6.5867e-09
 Step 193 time 0.0698904 control sound timestep  0.000366789 1,1 x 0 y 0
 Wall clock 273.371
 Average time per cell 6.0036e-09
  Step time per cell    6.63592e-09
 Step 194 time 0.0702572 control sound timestep  0.000366803 1,1 x 0 y 0
 Wall clock 274.783
 Average time per cell 6.00351e-09
  Step time per cell    5.98615e-09
 Step 195 time 0.070624 control sound timestep  0.000366821 1,1 x 0 y 0
 Wall clock 276.118
 Average time per cell 6.00176e-09
  Step time per cell    5.66061e-09
 Step 196 time 0.0709908 control sound timestep  0.000366835 1,1 x 0 y 0
 Wall clock 277.645
 Average time per cell 6.00414e-09
  Step time per cell    6.46907e-09
 Step 197 time 0.0713577 control sound timestep  0.000366836 1,1 x 0 y 0
 Wall clock 278.972
 Average time per cell 6.00222e-09
  Step time per cell    5.62392e-09
 Step 198 time 0.0717245 control sound timestep  0.000366833 1,1 x 0 y 0
 Wall clock 280.414
 Average time per cell 6.00277e-09
  Step time per cell    6.11101e-09
 Step 199 time 0.0720913 control sound timestep  0.000366836 1,1 x 0 y 0
 Wall clock 281.87
 Average time per cell 6.00363e-09
  Step time per cell    6.17362e-09
 Step 200 time 0.0724582 control sound timestep  0.000366842 1,1 x 0 y 0
 Wall clock 283.291
 Average time per cell 6.00371e-09
  Step time per cell    6.0203e-09
 Step 201 time 0.072825 control sound timestep  0.000366847 1,1 x 0 y 0
 Wall clock 284.733
 Average time per cell 6.00425e-09
  Step time per cell    6.11098e-09
 Step 202 time 0.0731919 control sound timestep  0.000366853 1,1 x 0 y 0
 Wall clock 286.299
 Average time per cell 6.0074e-09
  Step time per cell    6.6405e-09
 Step 203 time 0.0735587 control sound timestep  0.000366859 1,1 x 0 y 0
 Wall clock 287.779
 Average time per cell 6.0087e-09
  Step time per cell    6.27031e-09
 Step 204 time 0.0739256 control sound timestep  0.000366869 1,1 x 0 y 0
 Wall clock 289.251
 Average time per cell 6.00983e-09
  Step time per cell    6.2392e-09
 Step 205 time 0.0742925 control sound timestep  0.000366881 1,1 x 0 y 0
 Wall clock 290.609
 Average time per cell 6.00859e-09
  Step time per cell    5.75604e-09
 Step 206 time 0.0746593 control sound timestep  0.000366892 1,1 x 0 y 0
 Wall clock 291.952
 Average time per cell 6.00705e-09
  Step time per cell    5.69062e-09
 Step 207 time 0.0750262 control sound timestep  0.000366902 1,1 x 0 y 0
 Wall clock 293.308
 Average time per cell 6.0058e-09
  Step time per cell    5.74866e-09
 Step 208 time 0.0753931 control sound timestep  0.000366915 1,1 x 0 y 0
 Wall clock 294.606
 Average time per cell 6.00339e-09
  Step time per cell    5.50344e-09
 Step 209 time 0.07576 control sound timestep  0.000366932 1,1 x 0 y 0
 Wall clock 296.046
 Average time per cell 6.00387e-09
  Step time per cell    6.10369e-09
 Step 210 time 0.076127 control sound timestep  0.000366947 1,1 x 0 y 0
 Wall clock 297.521
 Average time per cell 6.00505e-09
  Step time per cell    6.25075e-09
 Step 211 time 0.0764939 control sound timestep  0.000366948 1,1 x 0 y 0
 Wall clock 298.953
 Average time per cell 6.00535e-09
  Step time per cell    6.06964e-09
 Step 212 time 0.0768609 control sound timestep  0.000366945 1,1 x 0 y 0
 Wall clock 300.335
 Average time per cell 6.00464e-09
  Step time per cell    5.85434e-09
 Step 213 time 0.0772278 control sound timestep  0.000366947 1,1 x 0 y 0
 Wall clock 301.714
 Average time per cell 6.0039e-09
  Step time per cell    5.84571e-09
 Step 214 time 0.0775948 control sound timestep  0.000366952 1,1 x 0 y 0
 Wall clock 303.288
 Average time per cell 6.00702e-09
  Step time per cell    6.67222e-09
 Step 215 time 0.0779617 control sound timestep  0.000366958 1,1 x 0 y 0
 Wall clock 304.618
 Average time per cell 6.00529e-09
  Step time per cell    5.63526e-09
 Step 216 time 0.0783287 control sound timestep  0.000366963 1,1 x 0 y 0
 Wall clock 306.043
 Average time per cell 6.00546e-09
  Step time per cell    6.04006e-09
 Step 217 time 0.0786956 control sound timestep  0.000366968 1,1 x 0 y 0
 Wall clock 307.516
 Average time per cell 6.00655e-09
  Step time per cell    6.24355e-09
 Step 218 time 0.0790626 control sound timestep  0.000366977 1,1 x 0 y 0
 Wall clock 308.804
 Average time per cell 6.00405e-09
  Step time per cell    5.45966e-09
 Step 219 time 0.0794296 control sound timestep  0.000366989 1,1 x 0 y 0
 Wall clock 310.107
 Average time per cell 6.00184e-09
  Step time per cell    5.52127e-09
 Step 220 time 0.0797966 control sound timestep  0.000366999 1,1 x 0 y 0
 Wall clock 311.505
 Average time per cell 6.0015e-09
  Step time per cell    5.92608e-09
 Step 221 time 0.0801636 control sound timestep  0.000367009 1,1 x 0 y 0
 Wall clock 313.072
 Average time per cell 6.00441e-09
  Step time per cell    6.64392e-09
 Step 222 time 0.0805306 control sound timestep  0.000367021 1,1 x 0 y 0
 Wall clock 314.575
 Average time per cell 6.00604e-09
  Step time per cell    6.36755e-09
 Step 223 time 0.0808976 control sound timestep  0.000367036 1,1 x 0 y 0
 Wall clock 315.95
 Average time per cell 6.00526e-09
  Step time per cell    5.8301e-09
 Step 224 time 0.0812646 control sound timestep  0.000367052 1,1 x 0 y 0
 Wall clock 317.272
 Average time per cell 6.00346e-09
  Step time per cell    5.60146e-09
 Step 225 time 0.0816317 control sound timestep  0.000367052 1,1 x 0 y 0
 Wall clock 318.7
 Average time per cell 6.00368e-09
  Step time per cell    6.05364e-09
 Step 226 time 0.0819987 control sound timestep  0.00036705 1,1 x 0 y 0
 Wall clock 320.069
 Average time per cell 6.00279e-09
  Step time per cell    5.80193e-09
 Step 227 time 0.0823658 control sound timestep  0.000367051 1,1 x 0 y 0
 Wall clock 321.423
 Average time per cell 6.00161e-09
  Step time per cell    5.73591e-09
 Step 228 time 0.0827328 control sound timestep  0.000367056 1,1 x 0 y 0
 Wall clock 322.754
 Average time per cell 6.00005e-09
  Step time per cell    5.64383e-09
 Step 229 time 0.0830999 control sound timestep  0.000367062 1,1 x 0 y 0
 Wall clock 324.126
 Average time per cell 5.99924e-09
  Step time per cell    5.81621e-09
 Step 230 time 0.083467 control sound timestep  0.000367066 1,1 x 0 y 0
 Wall clock 325.71
 Average time per cell 6.00233e-09
  Step time per cell    6.70995e-09
 Step 231 time 0.083834 control sound timestep  0.000367071 1,1 x 0 y 0
 Wall clock 327.12
 Average time per cell 6.00224e-09
  Step time per cell    5.97953e-09
 Step 232 time 0.0842011 control sound timestep  0.000367079 1,1 x 0 y 0
 Wall clock 328.633
 Average time per cell 6.00401e-09
  Step time per cell    6.41245e-09
 Step 233 time 0.0845682 control sound timestep  0.000367091 1,1 x 0 y 0
 Wall clock 330.005
 Average time per cell 6.00319e-09
  Step time per cell    5.81254e-09
 Step 234 time 0.0849353 control sound timestep  0.0003671 1,1 x 0 y 0
 Wall clock 331.39
 Average time per cell 6.00262e-09
  Step time per cell    5.87161e-09
 Step 235 time 0.0853024 control sound timestep  0.00036711 1,1 x 0 y 0
 Wall clock 332.926
 Average time per cell 6.00479e-09
  Step time per cell    6.51157e-09
 Step 236 time 0.0856695 control sound timestep  0.000367121 1,1 x 0 y 0
 Wall clock 334.243
 Average time per cell 6.003e-09
  Step time per cell    5.58137e-09
 Step 237 time 0.0860366 control sound timestep  0.000367135 1,1 x 0 y 0
 Wall clock 335.842
 Average time per cell 6.00626e-09
  Step time per cell    6.77605e-09
 Step 238 time 0.0864037 control sound timestep  0.000367151 1,1 x 0 y 0
 Wall clock 337.171
 Average time per cell 6.00469e-09
  Step time per cell    5.63181e-09
 Step 239 time 0.0867709 control sound timestep  0.000367151 1,1 x 0 y 0
 Wall clock 338.538
 Average time per cell 6.0038e-09
  Step time per cell    5.79305e-09
 Step 240 time 0.087138 control sound timestep  0.00036715 1,1 x 0 y 0
 Wall clock 339.961
 Average time per cell 6.00393e-09
  Step time per cell    6.03478e-09
 Step 241 time 0.0875052 control sound timestep  0.00036715 1,1 x 0 y 0
 Wall clock 341.315
 Average time per cell 6.00282e-09
  Step time per cell    5.7356e-09
 Step 242 time 0.0878723 control sound timestep  0.000367155 1,1 x 0 y 0
 Wall clock 342.881
 Average time per cell 6.00545e-09
  Step time per cell    6.63817e-09
 Step 243 time 0.0882395 control sound timestep  0.00036716 1,1 x 0 y 0
 Wall clock 344.289
 Average time per cell 6.0053e-09
  Step time per cell    5.97007e-09
 Step 244 time 0.0886066 control sound timestep  0.000367164 1,1 x 0 y 0
 Wall clock 345.966
 Average time per cell 6.00981e-09
  Step time per cell    7.10459e-09
 Step 245 time 0.0889738 control sound timestep  0.000367169 1,1 x 0 y 0
 Wall clock 347.29
 Average time per cell 6.00819e-09
  Step time per cell    5.61181e-09
 Step 246 time 0.089341 control sound timestep  0.000367177 1,1 x 0 y 0
 Wall clock 348.616
 Average time per cell 6.00662e-09
  Step time per cell    5.62246e-09
 Step 247 time 0.0897082 control sound timestep  0.000367187 1,1 x 0 y 0
 Wall clock 349.92
 Average time per cell 6.00467e-09
  Step time per cell    5.52497e-09
 Step 248 time 0.0900753 control sound timestep  0.000367197 1,1 x 0 y 0
 Wall clock 351.47
 Average time per cell 6.00695e-09
  Step time per cell    6.56864e-09
 Step 249 time 0.0904425 control sound timestep  0.000367205 1,1 x 0 y 0
 Wall clock 352.877
 Average time per cell 6.00678e-09
  Step time per cell    5.9636e-09
 Step 250 time 0.0908097 control sound timestep  0.000367216 1,1 x 0 y 0
 Wall clock 354.263
 Average time per cell 6.00625e-09
  Step time per cell    5.87521e-09
 Step 251 time 0.091177 control sound timestep  0.000367229 1,1 x 0 y 0
 Wall clock 355.761
 Average time per cell 6.00762e-09
  Step time per cell    6.35036e-09
 Step 252 time 0.0915442 control sound timestep  0.000367244 1,1 x 0 y 0
 Wall clock 357.075
 Average time per cell 6.00588e-09
  Step time per cell    5.56888e-09
 Step 253 time 0.0919114 control sound timestep  0.000367245 1,1 x 0 y 0
 Wall clock 358.613
 Average time per cell 6.0079e-09
  Step time per cell    6.51532e-09
 Step 254 time 0.0922787 control sound timestep  0.000367243 1,1 x 0 y 0
 Wall clock 359.961
 Average time per cell 6.00675e-09
  Step time per cell    5.71666e-09
 Step 255 time 0.0926459 control sound timestep  0.000367244 1,1 x 0 y 0
 Wall clock 361.332
 Average time per cell 6.00598e-09
  Step time per cell    5.81058e-09
 Step 256 time 0.0930132 control sound timestep  0.000367248 1,1 x 0 y 0
 Wall clock 362.714
 Average time per cell 6.00539e-09
  Step time per cell    5.85453e-09
 Step 257 time 0.0933804 control sound timestep  0.000367253 1,1 x 0 y 0
 Wall clock 364.07
 Average time per cell 6.00439e-09
  Step time per cell    5.74831e-09
 Step 258 time 0.0937477 control sound timestep  0.000367257 1,1 x 0 y 0
 Wall clock 365.374
 Average time per cell 6.00254e-09
  Step time per cell    5.52581e-09
 Step 259 time 0.0941149 control sound timestep  0.000367262 1,1 x 0 y 0
 Wall clock 366.717
 Average time per cell 6.00135e-09
  Step time per cell    5.69522e-09
 Step 260 time 0.0944822 control sound timestep  0.000367269 1,1 x 0 y 0
 Wall clock 368.184
 Average time per cell 6.00218e-09
  Step time per cell    6.21645e-09
 Step 261 time 0.0948495 control sound timestep  0.000367279 1,1 x 0 y 0
 Wall clock 369.507
 Average time per cell 6.00067e-09
  Step time per cell    5.60809e-09
 Step 262 time 0.0952167 control sound timestep  0.000367288 1,1 x 0 y 0
 Wall clock 371.032
 Average time per cell 6.00243e-09
  Step time per cell    6.46095e-09
 Step 263 time 0.095584 control sound timestep  0.000367297 1,1 x 0 y 0
 Wall clock 372.366
 Average time per cell 6.00112e-09
  Step time per cell    5.65754e-09
 Step 264 time 0.0959513 control sound timestep  0.000367307 1,1 x 0 y 0
 Wall clock 373.887
 Average time per cell 6.0028e-09
  Step time per cell    6.44522e-09
 Step 265 time 0.0963186 control sound timestep  0.00036732 1,1 x 0 y 0
 Wall clock 375.434
 Average time per cell 6.00489e-09
  Step time per cell    6.55648e-09
 Step 266 time 0.0966859 control sound timestep  0.000367334 1,1 x 0 y 0
 Wall clock 376.768
 Average time per cell 6.00358e-09
  Step time per cell    5.65409e-09
 Step 267 time 0.0970533 control sound timestep  0.000367334 1,1 x 0 y 0
 Wall clock 378.238
 Average time per cell 6.00442e-09
  Step time per cell    6.22905e-09
 Step 268 time 0.0974206 control sound timestep  0.000367332 1,1 x 0 y 0
 Wall clock 379.587
 Average time per cell 6.00336e-09
  Step time per cell    5.71827e-09
 Step 269 time 0.0977879 control sound timestep  0.000367333 1,1 x 0 y 0
 Wall clock 381.013
 Average time per cell 6.00351e-09
  Step time per cell    6.04408e-09
 Step 270 time 0.0981553 control sound timestep  0.000367338 1,1 x 0 y 0
 Wall clock 382.586
 Average time per cell 6.00597e-09
  Step time per cell    6.66718e-09
 Step 271 time 0.0985226 control sound timestep  0.000367342 1,1 x 0 y 0
 Wall clock 383.93
 Average time per cell 6.00482e-09
  Step time per cell    5.69421e-09
 Step 272 time 0.09889 control sound timestep  0.000367346 1,1 x 0 y 0
 Wall clock 385.332
 Average time per cell 6.0046e-09
  Step time per cell    5.94517e-09
 Step 273 time 0.0992573 control sound timestep  0.00036735 1,1 x 0 y 0
 Wall clock 386.913
 Average time per cell 6.00714e-09
  Step time per cell    6.69815e-09
 Step 274 time 0.0996247 control sound timestep  0.000367358 1,1 x 0 y 0
 Wall clock 388.334
 Average time per cell 6.00721e-09
  Step time per cell    6.02541e-09
 Step 275 time 0.099992 control sound timestep  0.000367367 1,1 x 0 y 0
 Wall clock 389.924
 Average time per cell 6.00987e-09
  Step time per cell    6.73952e-09
 Step 276 time 0.100359 control sound timestep  0.000367376 1,1 x 0 y 0
 Wall clock 391.454
 Average time per cell 6.01159e-09
  Step time per cell    6.48362e-09
 Step 277 time 0.100727 control sound timestep  0.000367384 1,1 x 0 y 0
 Wall clock 392.775
 Average time per cell 6.0101e-09
  Step time per cell    5.59741e-09
 Step 278 time 0.101094 control sound timestep  0.000367394 1,1 x 0 y 0
 Wall clock 394.197
 Average time per cell 6.01016e-09
  Step time per cell    6.02732e-09
 Step 279 time 0.101462 control sound timestep  0.000367406 1,1 x 0 y 0
 Wall clock 395.702
 Average time per cell 6.01149e-09
  Step time per cell    6.38003e-09
 Step 280 time 0.101829 control sound timestep  0.000367419 1,1 x 0 y 0
 Wall clock 397.1
 Average time per cell 6.01118e-09
  Step time per cell    5.92582e-09
 Step 281 time 0.102196 control sound timestep  0.000367419 1,1 x 0 y 0
 Wall clock 398.409
 Average time per cell 6.00953e-09
  Step time per cell    5.54698e-09
 Step 282 time 0.102564 control sound timestep  0.000367417 1,1 x 0 y 0
 Wall clock 399.82
 Average time per cell 6.00942e-09
  Step time per cell    5.97817e-09
 Step 283 time 0.102931 control sound timestep  0.000367418 1,1 x 0 y 0
 Wall clock 401.163
 Average time per cell 6.0083e-09
  Step time per cell    5.69236e-09
 Step 284 time 0.103299 control sound timestep  0.000367423 1,1 x 0 y 0
 Wall clock 402.694
 Average time per cell 6.00999e-09
  Step time per cell    6.48833e-09
 Step 285 time 0.103666 control sound timestep  0.000367427 1,1 x 0 y 0
 Wall clock 404.114
 Average time per cell 6.01003e-09
  Step time per cell    6.02116e-09
 Step 286 time 0.104033 control sound timestep  0.000367431 1,1 x 0 y 0
 Wall clock 405.421
 Average time per cell 6.00839e-09
  Step time per cell    5.54039e-09
 Step 287 time 0.104401 control sound timestep  0.000367435 1,1 x 0 y 0
 Wall clock 406.742
 Average time per cell 6.00696e-09
  Step time per cell    5.59641e-09
 Step 288 time 0.104768 control sound timestep  0.000367442 1,1 x 0 y 0
 Wall clock 408.219
 Average time per cell 6.00784e-09
  Step time per cell    6.26142e-09
 Step 289 time 0.105136 control sound timestep  0.000367452 1,1 x 0 y 0
 Wall clock 409.733
 Average time per cell 6.00925e-09
  Step time per cell    6.41447e-09
 Step 290 time 0.105503 control sound timestep  0.00036746 1,1 x 0 y 0
 Wall clock 411.239
 Average time per cell 6.01054e-09
  Step time per cell    6.38289e-09
 Step 291 time 0.105871 control sound timestep  0.000367468 1,1 x 0 y 0
 Wall clock 412.643
 Average time per cell 6.01034e-09
  Step time per cell    5.95233e-09
 Step 292 time 0.106238 control sound timestep  0.000367477 1,1 x 0 y 0
 Wall clock 413.98
 Average time per cell 6.00916e-09
  Step time per cell    5.66561e-09
 Step 293 time 0.106606 control sound timestep  0.00036749 1,1 x 0 y 0
 Wall clock 415.402
 Average time per cell 6.00923e-09
  Step time per cell    6.02991e-09
 Step 294 time 0.106973 control sound timestep  0.0003675 1,1 x 0 y 0
 Wall clock 416.866
 Average time per cell 6.00989e-09
  Step time per cell    6.20203e-09
 Step 295 time 0.107341 control sound timestep  0.000367501 1,1 x 0 y 0
 Wall clock 418.204
 Average time per cell 6.00875e-09
  Step time per cell    5.67391e-09
 Step 296 time 0.107708 control sound timestep  0.000367498 1,1 x 0 y 0
 Wall clock 419.609
 Average time per cell 6.00856e-09
  Step time per cell    5.95373e-09
 Step 297 time 0.108076 control sound timestep  0.0003675 1,1 x 0 y 0
 Wall clock 421.013
 Average time per cell 6.00838e-09
  Step time per cell    5.95231e-09
 Step 298 time 0.108443 control sound timestep  0.000367504 1,1 x 0 y 0
 Wall clock 422.482
 Average time per cell 6.00911e-09
  Step time per cell    6.22563e-09
 Step 299 time 0.108811 control sound timestep  0.000367508 1,1 x 0 y 0
 Wall clock 423.823
 Average time per cell 6.00802e-09
  Step time per cell    5.683e-09
 Step 300 time 0.109178 control sound timestep  0.000367512 1,1 x 0 y 0
 Wall clock 425.421
 First step overhead 0
Result:
 - Problem: none
 - Outcome: PASSED
