Generate Time:       73.13893
Build Time:          42.85081
Graph has 1073741820 nodes and 17022105300 undirected edges for degree: 15
Trial Time:          15.24779
Trial Time:          15.23688
Trial Time:          15.25585
Trial Time:          15.23944
Trial Time:          15.24442
Trial Time:          15.26151
Trial Time:          15.25883
Trial Time:          15.25737
Trial Time:          15.23309
Trial Time:          15.27970
Trial Time:          15.23660
Trial Time:          15.23853
Trial Time:          15.25100
Trial Time:          15.27416
Trial Time:          15.25501
Trial Time:          15.24214
Average Time:        15.25077
