Generate Time:       123.86138
Build Time:          77.00968
Graph has 1073741820 nodes and 17022105300 undirected edges for degree: 15
Trial Time:          27.89951
Trial Time:          27.90507
Trial Time:          27.89340
Trial Time:          27.90736
Trial Time:          27.90744
Trial Time:          27.89280
Trial Time:          27.90025
Trial Time:          27.90054
Trial Time:          27.88858
Trial Time:          27.90661
Trial Time:          27.90428
Trial Time:          27.89484
Trial Time:          27.90471
Trial Time:          27.90998
Trial Time:          27.90371
Trial Time:          27.90358
Average Time:        27.90142
