---
Devices:
 0: Host CPU
CloverLeaf:
 - Ver.:     2.000
 - Deck:     /home/labpc/work/cipp/CloverLeaf/InputDecks/clover_bm256_300.in
 - Out:      clover.out
 - Profiler: deck-specified
MPI:
 - Enabled:     false
 - Total ranks: 1
 - Header device-awareness (CUDA-awareness):  unknown
 - Runtime device-awareness (CUDA-awareness): unknown
 - Host-Device halo exchange staging buffer:  true
Model:
 - Name:      OpenMP (CPU)
 - Execution: Host
# ---- 
Output: |+1
 Output file clover.out opened. All output will go there.
 Args: --file /home/labpc/work/cipp/CloverLeaf/InputDecks/clover_bm256_300.in
 Using input: `/home/labpc/work/cipp/CloverLeaf/InputDecks/clover_bm256_300.in`
 Problem initialised and generated
 Launching hydro
 Step 1 time 0 control sound timestep  0.000385161 1,1 x 0 y 0
 Wall clock 1.45099
 Average time per cell 6.15009e-09
  Step time per cell    6.15009e-09
 Step 2 time 0.000385161 control sound timestep  0.000235099 1,1 x 0 y 0
 Wall clock 2.90409
 Average time per cell 6.15458e-09
  Step time per cell    6.15892e-09
 Step 3 time 0.000620261 control sound timestep  0.000298723 1,1 x 0 y 0
 Wall clock 4.35761
 Average time per cell 6.15665e-09
  Step time per cell    6.16067e-09
 Step 4 time 0.000918984 control sound timestep  0.000314746 1,1 x 0 y 0
 Wall clock 5.80975
 Average time per cell 6.15623e-09
  Step time per cell    6.15485e-09
 Step 5 time 0.00123373 control sound timestep  0.000346361 1,1 x 0 y 0
 Wall clock 7.25913
 Average time per cell 6.15364e-09
  Step time per cell    6.14317e-09
 Step 6 time 0.00158009 control sound timestep  0.00034558 1,1 x 0 y 0
 Wall clock 8.71393
 Average time per cell 6.15574e-09
  Step time per cell    6.16616e-09
 Step 7 time 0.00192567 control sound timestep  0.000352154 1,1 x 0 y 0
 Wall clock 10.1686
 Average time per cell 6.15716e-09
  Step time per cell    6.16556e-09
 Step 8 time 0.00227782 control sound timestep  0.000370384 1,1 x 0 y 0
 Wall clock 11.6124
 Average time per cell 6.15245e-09
  Step time per cell    6.1193e-09
 Step 9 time 0.00264821 control sound timestep  0.000366391 1,1 x 0 y 0
 Wall clock 13.0692
 Average time per cell 6.15493e-09
  Step time per cell    6.17473e-09
 Step 10 time 0.0030146 control sound timestep  0.000363789 1,1 x 0 y 0
 Wall clock 14.614
 Average time per cell 6.19423e-09
  Step time per cell    6.54774e-09
 Step 11 time 0.00337839 control sound timestep  0.000361224 1,1 x 0 y 0
 Wall clock 16.072
 Average time per cell 6.19291e-09
  Step time per cell    6.1797e-09
 Step 12 time 0.00373961 control sound timestep  0.000359796 1,1 x 0 y 0
 Wall clock 17.5288
 Average time per cell 6.1914e-09
  Step time per cell    6.17466e-09
 Step 13 time 0.00409941 control sound timestep  0.000360678 1,1 x 0 y 0
 Wall clock 18.9883
 Average time per cell 6.19098e-09
  Step time per cell    6.18586e-09
 Step 14 time 0.00446009 control sound timestep  0.000362113 1,1 x 0 y 0
 Wall clock 20.4427
 Average time per cell 6.18909e-09
  Step time per cell    6.16441e-09
 Step 15 time 0.0048222 control sound timestep  0.000362661 1,1 x 0 y 0
 Wall clock 21.9018
 Average time per cell 6.18878e-09
  Step time per cell    6.18404e-09
 Step 16 time 0.00518486 control sound timestep  0.000362812 1,1 x 0 y 0
 Wall clock 23.3526
 Average time per cell 6.18632e-09
  Step time per cell    6.14923e-09
 Step 17 time 0.00554767 control sound timestep  0.000362988 1,1 x 0 y 0
 Wall clock 24.8021
 Average time per cell 6.18383e-09
  Step time per cell    6.14384e-09
 Step 18 time 0.00591066 control sound timestep  0.000363082 1,1 x 0 y 0
 Wall clock 26.2448
 Average time per cell 6.17999e-09
  Step time per cell    6.1146e-09
 Step 19 time 0.00627374 control sound timestep  0.000363112 1,1 x 0 y 0
 Wall clock 27.6938
 Average time per cell 6.17799e-09
  Step time per cell    6.14197e-09
 Step 20 time 0.00663686 control sound timestep  0.00036317 1,1 x 0 y 0
 Wall clock 29.2296
 Average time per cell 6.19456e-09
  Step time per cell    6.50923e-09
 Step 21 time 0.00700003 control sound timestep  0.000363365 1,1 x 0 y 0
 Wall clock 30.6806
 Average time per cell 6.19244e-09
  Step time per cell    6.15001e-09
 Step 22 time 0.00736339 control sound timestep  0.00036347 1,1 x 0 y 0
 Wall clock 32.1339
 Average time per cell 6.19096e-09
  Step time per cell    6.1597e-09
 Step 23 time 0.00772686 control sound timestep  0.000363513 1,1 x 0 y 0
 Wall clock 33.585
 Average time per cell 6.1892e-09
  Step time per cell    6.15048e-09
 Step 24 time 0.00809037 control sound timestep  0.000363629 1,1 x 0 y 0
 Wall clock 35.0351
 Average time per cell 6.18742e-09
  Step time per cell    6.14614e-09
 Step 25 time 0.008454 control sound timestep  0.000363732 1,1 x 0 y 0
 Wall clock 36.4936
 Average time per cell 6.1872e-09
  Step time per cell    6.18181e-09
 Step 26 time 0.00881773 control sound timestep  0.000363825 1,1 x 0 y 0
 Wall clock 37.9475
 Average time per cell 6.18625e-09
  Step time per cell    6.16251e-09
 Step 27 time 0.00918156 control sound timestep  0.000363914 1,1 x 0 y 0
 Wall clock 39.4074
 Average time per cell 6.18631e-09
  Step time per cell    6.18778e-09
 Step 28 time 0.00954547 control sound timestep  0.000363943 1,1 x 0 y 0
 Wall clock 40.8519
 Average time per cell 6.18403e-09
  Step time per cell    6.12225e-09
 Step 29 time 0.00990942 control sound timestep  0.000363973 1,1 x 0 y 0
 Wall clock 42.302
 Average time per cell 6.18273e-09
  Step time per cell    6.14618e-09
 Step 30 time 0.0102734 control sound timestep  0.000363988 1,1 x 0 y 0
 Wall clock 43.8372
 Average time per cell 6.19354e-09
  Step time per cell    6.50694e-09
 Step 31 time 0.0106374 control sound timestep  0.000364002 1,1 x 0 y 0
 Wall clock 45.287
 Average time per cell 6.19198e-09
  Step time per cell    6.14517e-09
 Step 32 time 0.0110014 control sound timestep  0.000364043 1,1 x 0 y 0
 Wall clock 46.7319
 Average time per cell 6.18986e-09
  Step time per cell    6.12403e-09
 Step 33 time 0.0113654 control sound timestep  0.000364085 1,1 x 0 y 0
 Wall clock 48.1826
 Average time per cell 6.18862e-09
  Step time per cell    6.14883e-09
 Step 34 time 0.0117295 control sound timestep  0.000364133 1,1 x 0 y 0
 Wall clock 49.6301
 Average time per cell 6.18705e-09
  Step time per cell    6.13516e-09
 Step 35 time 0.0120936 control sound timestep  0.000364198 1,1 x 0 y 0
 Wall clock 51.0843
 Average time per cell 6.18638e-09
  Step time per cell    6.16344e-09
 Step 36 time 0.0124578 control sound timestep  0.000364259 1,1 x 0 y 0
 Wall clock 52.5345
 Average time per cell 6.18529e-09
  Step time per cell    6.14691e-09
 Step 37 time 0.0128221 control sound timestep  0.000364318 1,1 x 0 y 0
 Wall clock 53.9875
 Average time per cell 6.18457e-09
  Step time per cell    6.15862e-09
 Step 38 time 0.0131864 control sound timestep  0.000364383 1,1 x 0 y 0
 Wall clock 55.4456
 Average time per cell 6.18445e-09
  Step time per cell    6.17982e-09
 Step 39 time 0.0135508 control sound timestep  0.000364422 1,1 x 0 y 0
 Wall clock 56.8989
 Average time per cell 6.18382e-09
  Step time per cell    6.15991e-09
 Step 40 time 0.0139152 control sound timestep  0.000364431 1,1 x 0 y 0
 Wall clock 58.4445
 Average time per cell 6.193e-09
  Step time per cell    6.55107e-09
 Step 41 time 0.0142797 control sound timestep  0.000364435 1,1 x 0 y 0
 Wall clock 59.8965
 Average time per cell 6.19206e-09
  Step time per cell    6.15424e-09
 Step 42 time 0.0146441 control sound timestep  0.000364445 1,1 x 0 y 0
 Wall clock 61.3416
 Average time per cell 6.19046e-09
  Step time per cell    6.12492e-09
 Step 43 time 0.0150085 control sound timestep  0.000364471 1,1 x 0 y 0
 Wall clock 62.7971
 Average time per cell 6.18997e-09
  Step time per cell    6.16923e-09
 Step 44 time 0.015373 control sound timestep  0.000364495 1,1 x 0 y 0
 Wall clock 64.2458
 Average time per cell 6.18885e-09
  Step time per cell    6.14023e-09
 Step 45 time 0.0157375 control sound timestep  0.000364518 1,1 x 0 y 0
 Wall clock 65.7049
 Average time per cell 6.18875e-09
  Step time per cell    6.18425e-09
 Step 46 time 0.016102 control sound timestep  0.000364543 1,1 x 0 y 0
 Wall clock 67.1572
 Average time per cell 6.18803e-09
  Step time per cell    6.15578e-09
 Step 47 time 0.0164666 control sound timestep  0.000364585 1,1 x 0 y 0
 Wall clock 68.6213
 Average time per cell 6.1884e-09
  Step time per cell    6.20527e-09
 Step 48 time 0.0168311 control sound timestep  0.000364628 1,1 x 0 y 0
 Wall clock 70.0669
 Average time per cell 6.18713e-09
  Step time per cell    6.12742e-09
 Step 49 time 0.0171958 control sound timestep  0.000364667 1,1 x 0 y 0
 Wall clock 71.519
 Average time per cell 6.18647e-09
  Step time per cell    6.15468e-09
 Step 50 time 0.0175604 control sound timestep  0.000364708 1,1 x 0 y 0
 Wall clock 73.0536
 Average time per cell 6.19283e-09
  Step time per cell    6.50438e-09
 Step 51 time 0.0179251 control sound timestep  0.000364758 1,1 x 0 y 0
 Wall clock 74.506
 Average time per cell 6.19211e-09
  Step time per cell    6.15586e-09
 Step 52 time 0.0182899 control sound timestep  0.000364817 1,1 x 0 y 0
 Wall clock 75.9645
 Average time per cell 6.19192e-09
  Step time per cell    6.18201e-09
 Step 53 time 0.0186547 control sound timestep  0.000364826 1,1 x 0 y 0
 Wall clock 77.416
 Average time per cell 6.19117e-09
  Step time per cell    6.15199e-09
 Step 54 time 0.0190195 control sound timestep  0.00036483 1,1 x 0 y 0
 Wall clock 78.8775
 Average time per cell 6.19123e-09
  Step time per cell    6.19446e-09
 Step 55 time 0.0193844 control sound timestep  0.000364831 1,1 x 0 y 0
 Wall clock 80.3478
 Average time per cell 6.19197e-09
  Step time per cell    6.23165e-09
 Step 56 time 0.0197492 control sound timestep  0.000364846 1,1 x 0 y 0
 Wall clock 81.8114
 Average time per cell 6.19218e-09
  Step time per cell    6.20337e-09
 Step 57 time 0.0201141 control sound timestep  0.000364866 1,1 x 0 y 0
 Wall clock 83.2693
 Average time per cell 6.19195e-09
  Step time per cell    6.17925e-09
 Step 58 time 0.0204789 control sound timestep  0.000364884 1,1 x 0 y 0
 Wall clock 84.7261
 Average time per cell 6.19166e-09
  Step time per cell    6.17463e-09
 Step 59 time 0.0208438 control sound timestep  0.000364902 1,1 x 0 y 0
 Wall clock 86.1936
 Average time per cell 6.19214e-09
  Step time per cell    6.21978e-09
 Step 60 time 0.0212087 control sound timestep  0.000364922 1,1 x 0 y 0
 Wall clock 87.7363
 Average time per cell 6.19792e-09
  Step time per cell    6.5387e-09
 Step 61 time 0.0215736 control sound timestep  0.000364956 1,1 x 0 y 0
 Wall clock 89.2028
 Average time per cell 6.19821e-09
  Step time per cell    6.21573e-09
 Step 62 time 0.0219386 control sound timestep  0.000364991 1,1 x 0 y 0
 Wall clock 90.6699
 Average time per cell 6.19853e-09
  Step time per cell    6.21809e-09
 Step 63 time 0.0223036 control sound timestep  0.000365022 1,1 x 0 y 0
 Wall clock 92.1321
 Average time per cell 6.19852e-09
  Step time per cell    6.19743e-09
 Step 64 time 0.0226686 control sound timestep  0.000365056 1,1 x 0 y 0
 Wall clock 93.5834
 Average time per cell 6.19778e-09
  Step time per cell    6.15113e-09
 Step 65 time 0.0230337 control sound timestep  0.000365098 1,1 x 0 y 0
 Wall clock 95.0476
 Average time per cell 6.19791e-09
  Step time per cell    6.20614e-09
 Step 66 time 0.0233988 control sound timestep  0.000365146 1,1 x 0 y 0
 Wall clock 96.506
 Average time per cell 6.19766e-09
  Step time per cell    6.18104e-09
 Step 67 time 0.0237639 control sound timestep  0.000365166 1,1 x 0 y 0
 Wall clock 97.9657
 Average time per cell 6.1975e-09
  Step time per cell    6.18699e-09
 Step 68 time 0.0241291 control sound timestep  0.000365169 1,1 x 0 y 0
 Wall clock 99.4321
 Average time per cell 6.19777e-09
  Step time per cell    6.21537e-09
 Step 69 time 0.0244942 control sound timestep  0.000365167 1,1 x 0 y 0
 Wall clock 100.909
 Average time per cell 6.19869e-09
  Step time per cell    6.26125e-09
 Step 70 time 0.0248594 control sound timestep  0.000365177 1,1 x 0 y 0
 Wall clock 102.467
 Average time per cell 6.20446e-09
  Step time per cell    6.58772e-09
 Step 71 time 0.0252246 control sound timestep  0.000365194 1,1 x 0 y 0
 Wall clock 103.929
 Average time per cell 6.20433e-09
  Step time per cell    6.19515e-09
 Step 72 time 0.0255898 control sound timestep  0.000365209 1,1 x 0 y 0
 Wall clock 105.385
 Average time per cell 6.2039e-09
  Step time per cell    6.1734e-09
 Step 73 time 0.025955 control sound timestep  0.000365223 1,1 x 0 y 0
 Wall clock 106.846
 Average time per cell 6.20373e-09
  Step time per cell    6.19082e-09
 Step 74 time 0.0263202 control sound timestep  0.000365239 1,1 x 0 y 0
 Wall clock 108.313
 Average time per cell 6.2039e-09
  Step time per cell    6.21639e-09
 Step 75 time 0.0266854 control sound timestep  0.000365263 1,1 x 0 y 0
 Wall clock 109.78
 Average time per cell 6.20414e-09
  Step time per cell    6.22131e-09
 Step 76 time 0.0270507 control sound timestep  0.000365294 1,1 x 0 y 0
 Wall clock 111.247
 Average time per cell 6.20428e-09
  Step time per cell    6.21493e-09
 Step 77 time 0.027416 control sound timestep  0.000365322 1,1 x 0 y 0
 Wall clock 112.711
 Average time per cell 6.2043e-09
  Step time per cell    6.20546e-09
 Step 78 time 0.0277813 control sound timestep  0.000365349 1,1 x 0 y 0
 Wall clock 114.166
 Average time per cell 6.20384e-09
  Step time per cell    6.16831e-09
 Step 79 time 0.0281467 control sound timestep  0.000365381 1,1 x 0 y 0
 Wall clock 115.628
 Average time per cell 6.20373e-09
  Step time per cell    6.19517e-09
 Step 80 time 0.0285121 control sound timestep  0.000365421 1,1 x 0 y 0
 Wall clock 117.186
 Average time per cell 6.20874e-09
  Step time per cell    6.60433e-09
 Step 81 time 0.0288775 control sound timestep  0.000365457 1,1 x 0 y 0
 Wall clock 118.654
 Average time per cell 6.20891e-09
  Step time per cell    6.22207e-09
 Step 82 time 0.0292429 control sound timestep  0.000365459 1,1 x 0 y 0
 Wall clock 120.113
 Average time per cell 6.20862e-09
  Step time per cell    6.18504e-09
 Step 83 time 0.0296084 control sound timestep  0.000365461 1,1 x 0 y 0
 Wall clock 121.58
 Average time per cell 6.20869e-09
  Step time per cell    6.21426e-09
 Step 84 time 0.0299738 control sound timestep  0.000365461 1,1 x 0 y 0
 Wall clock 123.041
 Average time per cell 6.2085e-09
  Step time per cell    6.19238e-09
 Step 85 time 0.0303393 control sound timestep  0.000365475 1,1 x 0 y 0
 Wall clock 124.508
 Average time per cell 6.20861e-09
  Step time per cell    6.21779e-09
 Step 86 time 0.0307048 control sound timestep  0.000365488 1,1 x 0 y 0
 Wall clock 125.971
 Average time per cell 6.20854e-09
  Step time per cell    6.20206e-09
 Step 87 time 0.0310703 control sound timestep  0.0003655 1,1 x 0 y 0
 Wall clock 127.444
 Average time per cell 6.20893e-09
  Step time per cell    6.24224e-09
 Step 88 time 0.0314358 control sound timestep  0.000365513 1,1 x 0 y 0
 Wall clock 128.904
 Average time per cell 6.20871e-09
  Step time per cell    6.18924e-09
 Step 89 time 0.0318013 control sound timestep  0.000365528 1,1 x 0 y 0
 Wall clock 130.374
 Average time per cell 6.20898e-09
  Step time per cell    6.23245e-09
 Step 90 time 0.0321668 control sound timestep  0.000365555 1,1 x 0 y 0
 Wall clock 131.93
 Average time per cell 6.21323e-09
  Step time per cell    6.59117e-09
 Step 91 time 0.0325324 control sound timestep  0.00036558 1,1 x 0 y 0
 Wall clock 133.398
 Average time per cell 6.21336e-09
  Step time per cell    6.22544e-09
 Step 92 time 0.0328979 control sound timestep  0.000365603 1,1 x 0 y 0
 Wall clock 134.872
 Average time per cell 6.2137e-09
  Step time per cell    6.24402e-09
 Step 93 time 0.0332636 control sound timestep  0.000365628 1,1 x 0 y 0
 Wall clock 136.347
 Average time per cell 6.21412e-09
  Step time per cell    6.25229e-09
 Step 94 time 0.0336292 control sound timestep  0.000365659 1,1 x 0 y 0
 Wall clock 137.81
 Average time per cell 6.21399e-09
  Step time per cell    6.2021e-09
 Step 95 time 0.0339948 control sound timestep  0.000365696 1,1 x 0 y 0
 Wall clock 139.276
 Average time per cell 6.21399e-09
  Step time per cell    6.2143e-09
 Step 96 time 0.0343605 control sound timestep  0.000365709 1,1 x 0 y 0
 Wall clock 140.74
 Average time per cell 6.21389e-09
  Step time per cell    6.20366e-09
 Step 97 time 0.0347262 control sound timestep  0.00036571 1,1 x 0 y 0
 Wall clock 142.21
 Average time per cell 6.21405e-09
  Step time per cell    6.22898e-09
 Step 98 time 0.035092 control sound timestep  0.000365708 1,1 x 0 y 0
 Wall clock 143.676
 Average time per cell 6.21407e-09
  Step time per cell    6.21561e-09
 Step 99 time 0.0354577 control sound timestep  0.000365716 1,1 x 0 y 0
 Wall clock 145.151
 Average time per cell 6.21443e-09
  Step time per cell    6.25001e-09
 Step 100 time 0.0358234 control sound timestep  0.000365728 1,1 x 0 y 0
 Wall clock 146.699
 Average time per cell 6.2179e-09
  Step time per cell    6.56105e-09
 Step 101 time 0.0361891 control sound timestep  0.000365739 1,1 x 0 y 0
 Wall clock 148.164
 Average time per cell 6.21783e-09
  Step time per cell    6.2102e-09
 Step 102 time 0.0365548 control sound timestep  0.000365749 1,1 x 0 y 0
 Wall clock 149.629
 Average time per cell 6.21776e-09
  Step time per cell    6.21034e-09
 Step 103 time 0.0369206 control sound timestep  0.000365761 1,1 x 0 y 0
 Wall clock 151.101
 Average time per cell 6.21797e-09
  Step time per cell    6.23933e-09
 Step 104 time 0.0372864 control sound timestep  0.00036578 1,1 x 0 y 0
 Wall clock 152.577
 Average time per cell 6.21834e-09
  Step time per cell    6.25593e-09
 Step 105 time 0.0376521 control sound timestep  0.000365803 1,1 x 0 y 0
 Wall clock 154.056
 Average time per cell 6.21882e-09
  Step time per cell    6.26906e-09
 Step 106 time 0.0380179 control sound timestep  0.000365823 1,1 x 0 y 0
 Wall clock 155.52
 Average time per cell 6.21868e-09
  Step time per cell    6.20407e-09
 Step 107 time 0.0383838 control sound timestep  0.000365844 1,1 x 0 y 0
 Wall clock 156.985
 Average time per cell 6.21861e-09
  Step time per cell    6.21028e-09
 Step 108 time 0.0387496 control sound timestep  0.000365869 1,1 x 0 y 0
 Wall clock 158.454
 Average time per cell 6.21867e-09
  Step time per cell    6.22548e-09
 Step 109 time 0.0391155 control sound timestep  0.000365899 1,1 x 0 y 0
 Wall clock 159.928
 Average time per cell 6.21892e-09
  Step time per cell    6.24567e-09
 Step 110 time 0.0394814 control sound timestep  0.000365927 1,1 x 0 y 0
 Wall clock 161.494
 Average time per cell 6.22274e-09
  Step time per cell    6.63828e-09
 Step 111 time 0.0398473 control sound timestep  0.000365928 1,1 x 0 y 0
 Wall clock 162.968
 Average time per cell 6.22295e-09
  Step time per cell    6.24584e-09
 Step 112 time 0.0402132 control sound timestep  0.000365927 1,1 x 0 y 0
 Wall clock 164.442
 Average time per cell 6.22319e-09
  Step time per cell    6.24959e-09
 Step 113 time 0.0405792 control sound timestep  0.000365929 1,1 x 0 y 0
 Wall clock 165.918
 Average time per cell 6.22348e-09
  Step time per cell    6.25634e-09
 Step 114 time 0.0409451 control sound timestep  0.000365939 1,1 x 0 y 0
 Wall clock 167.4
 Average time per cell 6.22399e-09
  Step time per cell    6.28073e-09
 Step 115 time 0.041311 control sound timestep  0.000365949 1,1 x 0 y 0
 Wall clock 168.874
 Average time per cell 6.22417e-09
  Step time per cell    6.24491e-09
 Step 116 time 0.041677 control sound timestep  0.000365958 1,1 x 0 y 0
 Wall clock 170.341
 Average time per cell 6.22413e-09
  Step time per cell    6.2191e-09
 Step 117 time 0.0420429 control sound timestep  0.000365968 1,1 x 0 y 0
 Wall clock 171.817
 Average time per cell 6.22442e-09
  Step time per cell    6.25737e-09
 Step 118 time 0.0424089 control sound timestep  0.00036598 1,1 x 0 y 0
 Wall clock 173.293
 Average time per cell 6.22468e-09
  Step time per cell    6.25475e-09
 Step 119 time 0.0427749 control sound timestep  0.000366001 1,1 x 0 y 0
 Wall clock 174.777
 Average time per cell 6.22523e-09
  Step time per cell    6.29022e-09
 Step 120 time 0.0431409 control sound timestep  0.00036602 1,1 x 0 y 0
 Wall clock 176.339
 Average time per cell 6.2285e-09
  Step time per cell    6.61794e-09
 Step 121 time 0.0435069 control sound timestep  0.000366037 1,1 x 0 y 0
 Wall clock 177.804
 Average time per cell 6.22836e-09
  Step time per cell    6.21144e-09
 Step 122 time 0.0438729 control sound timestep  0.000366057 1,1 x 0 y 0
 Wall clock 179.281
 Average time per cell 6.22862e-09
  Step time per cell    6.25989e-09
 Step 123 time 0.044239 control sound timestep  0.000366082 1,1 x 0 y 0
 Wall clock 180.757
 Average time per cell 6.22885e-09
  Step time per cell    6.25605e-09
 Step 124 time 0.0446051 control sound timestep  0.000366111 1,1 x 0 y 0
 Wall clock 182.228
 Average time per cell 6.2289e-09
  Step time per cell    6.23427e-09
 Step 125 time 0.0449712 control sound timestep  0.000366119 1,1 x 0 y 0
 Wall clock 183.705
 Average time per cell 6.22915e-09
  Step time per cell    6.26051e-09
 Step 126 time 0.0453373 control sound timestep  0.00036612 1,1 x 0 y 0
 Wall clock 185.166
 Average time per cell 6.22886e-09
  Step time per cell    6.1925e-09
 Step 127 time 0.0457034 control sound timestep  0.000366118 1,1 x 0 y 0
 Wall clock 186.63
 Average time per cell 6.22866e-09
  Step time per cell    6.20345e-09
 Step 128 time 0.0460695 control sound timestep  0.000366125 1,1 x 0 y 0
 Wall clock 188.09
 Average time per cell 6.22834e-09
  Step time per cell    6.18719e-09
 Step 129 time 0.0464357 control sound timestep  0.000366134 1,1 x 0 y 0
 Wall clock 189.553
 Average time per cell 6.22814e-09
  Step time per cell    6.20127e-09
 Step 130 time 0.0468018 control sound timestep  0.000366143 1,1 x 0 y 0
 Wall clock 191.116
 Average time per cell 6.2312e-09
  Step time per cell    6.62674e-09
 Step 131 time 0.0471679 control sound timestep  0.000366151 1,1 x 0 y 0
 Wall clock 192.577
 Average time per cell 6.23089e-09
  Step time per cell    6.19061e-09
 Step 132 time 0.0475341 control sound timestep  0.00036616 1,1 x 0 y 0
 Wall clock 194.051
 Average time per cell 6.23102e-09
  Step time per cell    6.24722e-09
 Step 133 time 0.0479003 control sound timestep  0.000366177 1,1 x 0 y 0
 Wall clock 195.519
 Average time per cell 6.23095e-09
  Step time per cell    6.22206e-09
 Step 134 time 0.0482664 control sound timestep  0.000366195 1,1 x 0 y 0
 Wall clock 196.995
 Average time per cell 6.23116e-09
  Step time per cell    6.25757e-09
 Step 135 time 0.0486326 control sound timestep  0.000366211 1,1 x 0 y 0
 Wall clock 198.469
 Average time per cell 6.23126e-09
  Step time per cell    6.24549e-09
 Step 136 time 0.0489988 control sound timestep  0.000366227 1,1 x 0 y 0
 Wall clock 199.934
 Average time per cell 6.2311e-09
  Step time per cell    6.20909e-09
 Step 137 time 0.0493651 control sound timestep  0.000366248 1,1 x 0 y 0
 Wall clock 201.407
 Average time per cell 6.23121e-09
  Step time per cell    6.24536e-09
 Step 138 time 0.0497313 control sound timestep  0.000366273 1,1 x 0 y 0
 Wall clock 202.874
 Average time per cell 6.23109e-09
  Step time per cell    6.21448e-09
 Step 139 time 0.0500976 control sound timestep  0.000366291 1,1 x 0 y 0
 Wall clock 204.342
 Average time per cell 6.23104e-09
  Step time per cell    6.22382e-09
 Step 140 time 0.0504639 control sound timestep  0.000366292 1,1 x 0 y 0
 Wall clock 205.904
 Average time per cell 6.23383e-09
  Step time per cell    6.62205e-09
 Step 141 time 0.0508302 control sound timestep  0.000366288 1,1 x 0 y 0
 Wall clock 207.372
 Average time per cell 6.23374e-09
  Step time per cell    6.22027e-09
 Step 142 time 0.0511965 control sound timestep  0.000366292 1,1 x 0 y 0
 Wall clock 208.839
 Average time per cell 6.23363e-09
  Step time per cell    6.21899e-09
 Step 143 time 0.0515627 control sound timestep  0.000366301 1,1 x 0 y 0
 Wall clock 210.306
 Average time per cell 6.23353e-09
  Step time per cell    6.21807e-09
 Step 144 time 0.051929 control sound timestep  0.000366308 1,1 x 0 y 0
 Wall clock 211.776
 Average time per cell 6.23351e-09
  Step time per cell    6.23025e-09
 Step 145 time 0.0522954 control sound timestep  0.000366316 1,1 x 0 y 0
 Wall clock 213.256
 Average time per cell 6.23376e-09
  Step time per cell    6.27051e-09
 Step 146 time 0.0526617 control sound timestep  0.000366324 1,1 x 0 y 0
 Wall clock 214.721
 Average time per cell 6.23361e-09
  Step time per cell    6.21144e-09
 Step 147 time 0.053028 control sound timestep  0.000366336 1,1 x 0 y 0
 Wall clock 216.194
 Average time per cell 6.23366e-09
  Step time per cell    6.241e-09
 Step 148 time 0.0533943 control sound timestep  0.000366353 1,1 x 0 y 0
 Wall clock 217.657
 Average time per cell 6.23346e-09
  Step time per cell    6.20361e-09
 Step 149 time 0.0537607 control sound timestep  0.000366368 1,1 x 0 y 0
 Wall clock 219.133
 Average time per cell 6.2336e-09
  Step time per cell    6.25353e-09
 Step 150 time 0.0541271 control sound timestep  0.000366382 1,1 x 0 y 0
 Wall clock 220.696
 Average time per cell 6.23621e-09
  Step time per cell    6.62414e-09
 Step 151 time 0.0544934 control sound timestep  0.000366399 1,1 x 0 y 0
 Wall clock 222.161
 Average time per cell 6.23604e-09
  Step time per cell    6.2105e-09
 Step 152 time 0.0548598 control sound timestep  0.000366421 1,1 x 0 y 0
 Wall clock 223.624
 Average time per cell 6.23581e-09
  Step time per cell    6.2018e-09
 Step 153 time 0.0552263 control sound timestep  0.000366444 1,1 x 0 y 0
 Wall clock 225.101
 Average time per cell 6.23596e-09
  Step time per cell    6.25848e-09
 Step 154 time 0.0555927 control sound timestep  0.000366446 1,1 x 0 y 0
 Wall clock 226.573
 Average time per cell 6.236e-09
  Step time per cell    6.24102e-09
 Step 155 time 0.0559591 control sound timestep  0.000366445 1,1 x 0 y 0
 Wall clock 228.043
 Average time per cell 6.23595e-09
  Step time per cell    6.22798e-09
 Step 156 time 0.0563256 control sound timestep  0.000366445 1,1 x 0 y 0
 Wall clock 229.514
 Average time per cell 6.23595e-09
  Step time per cell    6.23683e-09
 Step 157 time 0.056692 control sound timestep  0.000366452 1,1 x 0 y 0
 Wall clock 230.99
 Average time per cell 6.23606e-09
  Step time per cell    6.25278e-09
 Step 158 time 0.0570585 control sound timestep  0.000366459 1,1 x 0 y 0
 Wall clock 232.456
 Average time per cell 6.23593e-09
  Step time per cell    6.21499e-09
 Step 159 time 0.0574249 control sound timestep  0.000366466 1,1 x 0 y 0
 Wall clock 233.928
 Average time per cell 6.23596e-09
  Step time per cell    6.23987e-09
 Step 160 time 0.0577914 control sound timestep  0.000366473 1,1 x 0 y 0
 Wall clock 235.494
 Average time per cell 6.23845e-09
  Step time per cell    6.63531e-09
 Step 161 time 0.0581579 control sound timestep  0.000366482 1,1 x 0 y 0
 Wall clock 236.961
 Average time per cell 6.23833e-09
  Step time per cell    6.21872e-09
 Step 162 time 0.0585244 control sound timestep  0.000366498 1,1 x 0 y 0
 Wall clock 238.426
 Average time per cell 6.23816e-09
  Step time per cell    6.2107e-09
 Step 163 time 0.0588909 control sound timestep  0.000366512 1,1 x 0 y 0
 Wall clock 239.898
 Average time per cell 6.23817e-09
  Step time per cell    6.23948e-09
 Step 164 time 0.0592574 control sound timestep  0.000366525 1,1 x 0 y 0
 Wall clock 241.376
 Average time per cell 6.23833e-09
  Step time per cell    6.26295e-09
 Step 165 time 0.0596239 control sound timestep  0.000366539 1,1 x 0 y 0
 Wall clock 242.846
 Average time per cell 6.23828e-09
  Step time per cell    6.22992e-09
 Step 166 time 0.0599904 control sound timestep  0.000366558 1,1 x 0 y 0
 Wall clock 244.322
 Average time per cell 6.23837e-09
  Step time per cell    6.25428e-09
 Step 167 time 0.060357 control sound timestep  0.00036658 1,1 x 0 y 0
 Wall clock 245.797
 Average time per cell 6.23847e-09
  Step time per cell    6.25339e-09
 Step 168 time 0.0607236 control sound timestep  0.000366586 1,1 x 0 y 0
 Wall clock 247.264
 Average time per cell 6.23835e-09
  Step time per cell    6.21889e-09
 Step 169 time 0.0610902 control sound timestep  0.000366586 1,1 x 0 y 0
 Wall clock 248.739
 Average time per cell 6.23842e-09
  Step time per cell    6.2502e-09
 Step 170 time 0.0614568 control sound timestep  0.000366585 1,1 x 0 y 0
 Wall clock 250.305
 Average time per cell 6.24078e-09
  Step time per cell    6.63787e-09
 Step 171 time 0.0618233 control sound timestep  0.00036659 1,1 x 0 y 0
 Wall clock 251.776
 Average time per cell 6.24074e-09
  Step time per cell    6.23465e-09
 Step 172 time 0.0621899 control sound timestep  0.000366597 1,1 x 0 y 0
 Wall clock 253.242
 Average time per cell 6.24058e-09
  Step time per cell    6.21249e-09
 Step 173 time 0.0625565 control sound timestep  0.000366603 1,1 x 0 y 0
 Wall clock 254.713
 Average time per cell 6.24055e-09
  Step time per cell    6.23497e-09
 Step 174 time 0.0629231 control sound timestep  0.000366609 1,1 x 0 y 0
 Wall clock 256.19
 Average time per cell 6.24065e-09
  Step time per cell    6.25807e-09
 Step 175 time 0.0632897 control sound timestep  0.000366616 1,1 x 0 y 0
 Wall clock 257.657
 Average time per cell 6.24054e-09
  Step time per cell    6.22109e-09
 Step 176 time 0.0636564 control sound timestep  0.000366631 1,1 x 0 y 0
 Wall clock 259.132
 Average time per cell 6.2406e-09
  Step time per cell    6.25083e-09
 Step 177 time 0.064023 control sound timestep  0.000366644 1,1 x 0 y 0
 Wall clock 260.607
 Average time per cell 6.24066e-09
  Step time per cell    6.25097e-09
 Step 178 time 0.0643896 control sound timestep  0.000366656 1,1 x 0 y 0
 Wall clock 262.082
 Average time per cell 6.24073e-09
  Step time per cell    6.25223e-09
 Step 179 time 0.0647563 control sound timestep  0.000366668 1,1 x 0 y 0
 Wall clock 263.552
 Average time per cell 6.24066e-09
  Step time per cell    6.22963e-09
 Step 180 time 0.065123 control sound timestep  0.000366685 1,1 x 0 y 0
 Wall clock 265.116
 Average time per cell 6.24282e-09
  Step time per cell    6.62924e-09
 Step 181 time 0.0654896 control sound timestep  0.000366704 1,1 x 0 y 0
 Wall clock 266.586
 Average time per cell 6.24276e-09
  Step time per cell    6.23174e-09
 Step 182 time 0.0658563 control sound timestep  0.000366715 1,1 x 0 y 0
 Wall clock 268.055
 Average time per cell 6.24266e-09
  Step time per cell    6.22293e-09
 Step 183 time 0.0662231 control sound timestep  0.000366716 1,1 x 0 y 0
 Wall clock 269.528
 Average time per cell 6.24267e-09
  Step time per cell    6.24426e-09
 Step 184 time 0.0665898 control sound timestep  0.000366713 1,1 x 0 y 0
 Wall clock 271.004
 Average time per cell 6.24274e-09
  Step time per cell    6.25657e-09
 Step 185 time 0.0669565 control sound timestep  0.000366717 1,1 x 0 y 0
 Wall clock 272.477
 Average time per cell 6.24276e-09
  Step time per cell    6.24481e-09
 Step 186 time 0.0673232 control sound timestep  0.000366724 1,1 x 0 y 0
 Wall clock 273.954
 Average time per cell 6.24284e-09
  Step time per cell    6.25793e-09
 Step 187 time 0.0676899 control sound timestep  0.000366729 1,1 x 0 y 0
 Wall clock 275.431
 Average time per cell 6.24294e-09
  Step time per cell    6.26163e-09
 Step 188 time 0.0680567 control sound timestep  0.000366735 1,1 x 0 y 0
 Wall clock 276.9
 Average time per cell 6.24284e-09
  Step time per cell    6.22417e-09
 Step 189 time 0.0684234 control sound timestep  0.000366742 1,1 x 0 y 0
 Wall clock 278.376
 Average time per cell 6.24292e-09
  Step time per cell    6.25693e-09
 Step 190 time 0.0687901 control sound timestep  0.000366754 1,1 x 0 y 0
 Wall clock 279.944
 Average time per cell 6.24505e-09
  Step time per cell    6.6467e-09
 Step 191 time 0.0691569 control sound timestep  0.000366766 1,1 x 0 y 0
 Wall clock 281.415
 Average time per cell 6.24499e-09
  Step time per cell    6.23519e-09
 Step 192 time 0.0695237 control sound timestep  0.000366777 1,1 x 0 y 0
 Wall clock 282.885
 Average time per cell 6.24491e-09
  Step time per cell    6.22957e-09
 Step 193 time 0.0698904 control sound timestep  0.000366789 1,1 x 0 y 0
 Wall clock 284.363
 Average time per cell 6.24502e-09
  Step time per cell    6.2651e-09
 Step 194 time 0.0702572 control sound timestep  0.000366803 1,1 x 0 y 0
 Wall clock 285.834
 Average time per cell 6.24496e-09
  Step time per cell    6.23355e-09
 Step 195 time 0.070624 control sound timestep  0.000366821 1,1 x 0 y 0
 Wall clock 287.307
 Average time per cell 6.24496e-09
  Step time per cell    6.24369e-09
 Step 196 time 0.0709908 control sound timestep  0.000366835 1,1 x 0 y 0
 Wall clock 288.787
 Average time per cell 6.24511e-09
  Step time per cell    6.27379e-09
 Step 197 time 0.0713577 control sound timestep  0.000366836 1,1 x 0 y 0
 Wall clock 290.262
 Average time per cell 6.24513e-09
  Step time per cell    6.25041e-09
 Step 198 time 0.0717245 control sound timestep  0.000366833 1,1 x 0 y 0
 Wall clock 291.732
 Average time per cell 6.24506e-09
  Step time per cell    6.23061e-09
 Step 199 time 0.0720913 control sound timestep  0.000366836 1,1 x 0 y 0
 Wall clock 293.209
 Average time per cell 6.24514e-09
  Step time per cell    6.25995e-09
 Step 200 time 0.0724582 control sound timestep  0.000366842 1,1 x 0 y 0
 Wall clock 294.774
 Average time per cell 6.24708e-09
  Step time per cell    6.63235e-09
 Step 201 time 0.072825 control sound timestep  0.000366847 1,1 x 0 y 0
 Wall clock 296.243
 Average time per cell 6.24697e-09
  Step time per cell    6.22518e-09
 Step 202 time 0.0731919 control sound timestep  0.000366853 1,1 x 0 y 0
 Wall clock 297.714
 Average time per cell 6.24691e-09
  Step time per cell    6.23506e-09
 Step 203 time 0.0735587 control sound timestep  0.000366859 1,1 x 0 y 0
 Wall clock 299.188
 Average time per cell 6.24692e-09
  Step time per cell    6.24903e-09
 Step 204 time 0.0739256 control sound timestep  0.000366869 1,1 x 0 y 0
 Wall clock 300.668
 Average time per cell 6.24705e-09
  Step time per cell    6.27226e-09
 Step 205 time 0.0742925 control sound timestep  0.000366881 1,1 x 0 y 0
 Wall clock 302.148
 Average time per cell 6.24718e-09
  Step time per cell    6.27305e-09
 Step 206 time 0.0746593 control sound timestep  0.000366892 1,1 x 0 y 0
 Wall clock 303.623
 Average time per cell 6.24719e-09
  Step time per cell    6.24944e-09
 Step 207 time 0.0750262 control sound timestep  0.000366902 1,1 x 0 y 0
 Wall clock 305.097
 Average time per cell 6.2472e-09
  Step time per cell    6.24976e-09
 Step 208 time 0.0753931 control sound timestep  0.000366915 1,1 x 0 y 0
 Wall clock 306.569
 Average time per cell 6.24716e-09
  Step time per cell    6.23747e-09
 Step 209 time 0.07576 control sound timestep  0.000366932 1,1 x 0 y 0
 Wall clock 308.041
 Average time per cell 6.24712e-09
  Step time per cell    6.23962e-09
 Step 210 time 0.076127 control sound timestep  0.000366947 1,1 x 0 y 0
 Wall clock 309.607
 Average time per cell 6.24898e-09
  Step time per cell    6.63828e-09
 Step 211 time 0.0764939 control sound timestep  0.000366948 1,1 x 0 y 0
 Wall clock 311.078
 Average time per cell 6.24892e-09
  Step time per cell    6.2345e-09
 Step 212 time 0.0768609 control sound timestep  0.000366945 1,1 x 0 y 0
 Wall clock 312.545
 Average time per cell 6.24877e-09
  Step time per cell    6.21837e-09
 Step 213 time 0.0772278 control sound timestep  0.000366947 1,1 x 0 y 0
 Wall clock 314.014
 Average time per cell 6.24867e-09
  Step time per cell    6.22557e-09
 Step 214 time 0.0775948 control sound timestep  0.000366952 1,1 x 0 y 0
 Wall clock 315.49
 Average time per cell 6.2487e-09
  Step time per cell    6.25649e-09
 Step 215 time 0.0779617 control sound timestep  0.000366958 1,1 x 0 y 0
 Wall clock 316.975
 Average time per cell 6.24891e-09
  Step time per cell    6.29265e-09
 Step 216 time 0.0783287 control sound timestep  0.000366963 1,1 x 0 y 0
 Wall clock 318.448
 Average time per cell 6.24889e-09
  Step time per cell    6.2444e-09
 Step 217 time 0.0786956 control sound timestep  0.000366968 1,1 x 0 y 0
 Wall clock 319.92
 Average time per cell 6.24884e-09
  Step time per cell    6.23706e-09
 Step 218 time 0.0790626 control sound timestep  0.000366977 1,1 x 0 y 0
 Wall clock 321.394
 Average time per cell 6.24883e-09
  Step time per cell    6.24722e-09
 Step 219 time 0.0794296 control sound timestep  0.000366989 1,1 x 0 y 0
 Wall clock 322.865
 Average time per cell 6.24876e-09
  Step time per cell    6.23309e-09
 Step 220 time 0.0797966 control sound timestep  0.000366999 1,1 x 0 y 0
 Wall clock 324.436
 Average time per cell 6.25063e-09
  Step time per cell    6.65984e-09
 Step 221 time 0.0801636 control sound timestep  0.000367009 1,1 x 0 y 0
 Wall clock 325.916
 Average time per cell 6.25074e-09
  Step time per cell    6.27517e-09
 Step 222 time 0.0805306 control sound timestep  0.000367021 1,1 x 0 y 0
 Wall clock 327.392
 Average time per cell 6.25076e-09
  Step time per cell    6.25506e-09
 Step 223 time 0.0808976 control sound timestep  0.000367036 1,1 x 0 y 0
 Wall clock 328.875
 Average time per cell 6.25092e-09
  Step time per cell    6.28533e-09
 Step 224 time 0.0812646 control sound timestep  0.000367052 1,1 x 0 y 0
 Wall clock 330.348
 Average time per cell 6.25088e-09
  Step time per cell    6.24263e-09
 Step 225 time 0.0816317 control sound timestep  0.000367052 1,1 x 0 y 0
 Wall clock 331.823
 Average time per cell 6.25089e-09
  Step time per cell    6.25203e-09
 Step 226 time 0.0819987 control sound timestep  0.00036705 1,1 x 0 y 0
 Wall clock 333.291
 Average time per cell 6.25076e-09
  Step time per cell    6.22223e-09
 Step 227 time 0.0823658 control sound timestep  0.000367051 1,1 x 0 y 0
 Wall clock 334.77
 Average time per cell 6.25084e-09
  Step time per cell    6.26793e-09
 Step 228 time 0.0827328 control sound timestep  0.000367056 1,1 x 0 y 0
 Wall clock 336.246
 Average time per cell 6.25086e-09
  Step time per cell    6.25593e-09
 Step 229 time 0.0830999 control sound timestep  0.000367062 1,1 x 0 y 0
 Wall clock 337.736
 Average time per cell 6.25114e-09
  Step time per cell    6.31504e-09
 Step 230 time 0.083467 control sound timestep  0.000367066 1,1 x 0 y 0
 Wall clock 339.301
 Average time per cell 6.2528e-09
  Step time per cell    6.63097e-09
 Step 231 time 0.083834 control sound timestep  0.000367071 1,1 x 0 y 0
 Wall clock 340.774
 Average time per cell 6.25276e-09
  Step time per cell    6.24538e-09
 Step 232 time 0.0842011 control sound timestep  0.000367079 1,1 x 0 y 0
 Wall clock 342.254
 Average time per cell 6.25286e-09
  Step time per cell    6.2743e-09
 Step 233 time 0.0845682 control sound timestep  0.000367091 1,1 x 0 y 0
 Wall clock 343.74
 Average time per cell 6.25304e-09
  Step time per cell    6.29513e-09
 Step 234 time 0.0849353 control sound timestep  0.0003671 1,1 x 0 y 0
 Wall clock 345.215
 Average time per cell 6.25305e-09
  Step time per cell    6.25439e-09
 Step 235 time 0.0853024 control sound timestep  0.00036711 1,1 x 0 y 0
 Wall clock 346.686
 Average time per cell 6.25297e-09
  Step time per cell    6.23372e-09
 Step 236 time 0.0856695 control sound timestep  0.000367121 1,1 x 0 y 0
 Wall clock 348.162
 Average time per cell 6.25298e-09
  Step time per cell    6.25629e-09
 Step 237 time 0.0860366 control sound timestep  0.000367135 1,1 x 0 y 0
 Wall clock 349.636
 Average time per cell 6.25296e-09
  Step time per cell    6.24654e-09
 Step 238 time 0.0864037 control sound timestep  0.000367151 1,1 x 0 y 0
 Wall clock 351.113
 Average time per cell 6.25299e-09
  Step time per cell    6.2593e-09
 Step 239 time 0.0867709 control sound timestep  0.000367151 1,1 x 0 y 0
 Wall clock 352.589
 Average time per cell 6.25299e-09
  Step time per cell    6.25451e-09
 Step 240 time 0.087138 control sound timestep  0.00036715 1,1 x 0 y 0
 Wall clock 354.146
 Average time per cell 6.25444e-09
  Step time per cell    6.60016e-09
 Step 241 time 0.0875052 control sound timestep  0.00036715 1,1 x 0 y 0
 Wall clock 355.637
 Average time per cell 6.25471e-09
  Step time per cell    6.32048e-09
 Step 242 time 0.0878723 control sound timestep  0.000367155 1,1 x 0 y 0
 Wall clock 357.117
 Average time per cell 6.25479e-09
  Step time per cell    6.2722e-09
 Step 243 time 0.0882395 control sound timestep  0.00036716 1,1 x 0 y 0
 Wall clock 358.588
 Average time per cell 6.25471e-09
  Step time per cell    6.23487e-09
 Step 244 time 0.0886066 control sound timestep  0.000367164 1,1 x 0 y 0
 Wall clock 360.064
 Average time per cell 6.25471e-09
  Step time per cell    6.25485e-09
 Step 245 time 0.0889738 control sound timestep  0.000367169 1,1 x 0 y 0
 Wall clock 361.542
 Average time per cell 6.25476e-09
  Step time per cell    6.26745e-09
 Step 246 time 0.089341 control sound timestep  0.000367177 1,1 x 0 y 0
 Wall clock 363.03
 Average time per cell 6.25497e-09
  Step time per cell    6.30464e-09
 Step 247 time 0.0897082 control sound timestep  0.000367187 1,1 x 0 y 0
 Wall clock 364.51
 Average time per cell 6.25504e-09
  Step time per cell    6.27414e-09
 Step 248 time 0.0900753 control sound timestep  0.000367197 1,1 x 0 y 0
 Wall clock 365.985
 Average time per cell 6.25502e-09
  Step time per cell    6.24992e-09
 Step 249 time 0.0904425 control sound timestep  0.000367205 1,1 x 0 y 0
 Wall clock 367.461
 Average time per cell 6.25502e-09
  Step time per cell    6.25484e-09
 Step 250 time 0.0908097 control sound timestep  0.000367216 1,1 x 0 y 0
 Wall clock 369.032
 Average time per cell 6.25664e-09
  Step time per cell    6.65896e-09
 Step 251 time 0.091177 control sound timestep  0.000367229 1,1 x 0 y 0
 Wall clock 370.514
 Average time per cell 6.25674e-09
  Step time per cell    6.28045e-09
 Step 252 time 0.0915442 control sound timestep  0.000367244 1,1 x 0 y 0
 Wall clock 371.996
 Average time per cell 6.25684e-09
  Step time per cell    6.28267e-09
 Step 253 time 0.0919114 control sound timestep  0.000367245 1,1 x 0 y 0
 Wall clock 373.473
 Average time per cell 6.25686e-09
  Step time per cell    6.26239e-09
 Step 254 time 0.0922787 control sound timestep  0.000367243 1,1 x 0 y 0
 Wall clock 374.959
 Average time per cell 6.25703e-09
  Step time per cell    6.29749e-09
 Step 255 time 0.0926459 control sound timestep  0.000367244 1,1 x 0 y 0
 Wall clock 376.447
 Average time per cell 6.25722e-09
  Step time per cell    6.30641e-09
 Step 256 time 0.0930132 control sound timestep  0.000367248 1,1 x 0 y 0
 Wall clock 377.928
 Average time per cell 6.25729e-09
  Step time per cell    6.27452e-09
 Step 257 time 0.0933804 control sound timestep  0.000367253 1,1 x 0 y 0
 Wall clock 379.41
 Average time per cell 6.25739e-09
  Step time per cell    6.28394e-09
 Step 258 time 0.0937477 control sound timestep  0.000367257 1,1 x 0 y 0
 Wall clock 380.892
 Average time per cell 6.25748e-09
  Step time per cell    6.27859e-09
 Step 259 time 0.0941149 control sound timestep  0.000367262 1,1 x 0 y 0
 Wall clock 382.375
 Average time per cell 6.25759e-09
  Step time per cell    6.2857e-09
 Step 260 time 0.0944822 control sound timestep  0.000367269 1,1 x 0 y 0
 Wall clock 383.939
 Average time per cell 6.25902e-09
  Step time per cell    6.62841e-09
 Step 261 time 0.0948495 control sound timestep  0.000367279 1,1 x 0 y 0
 Wall clock 385.424
 Average time per cell 6.25915e-09
  Step time per cell    6.29395e-09
 Step 262 time 0.0952167 control sound timestep  0.000367288 1,1 x 0 y 0
 Wall clock 386.905
 Average time per cell 6.25922e-09
  Step time per cell    6.27766e-09
 Step 263 time 0.095584 control sound timestep  0.000367297 1,1 x 0 y 0
 Wall clock 388.384
 Average time per cell 6.25927e-09
  Step time per cell    6.27076e-09
 Step 264 time 0.0959513 control sound timestep  0.000367307 1,1 x 0 y 0
 Wall clock 389.862
 Average time per cell 6.25928e-09
  Step time per cell    6.26184e-09
 Step 265 time 0.0963186 control sound timestep  0.00036732 1,1 x 0 y 0
 Wall clock 391.344
 Average time per cell 6.25937e-09
  Step time per cell    6.28472e-09
 Step 266 time 0.0966859 control sound timestep  0.000367334 1,1 x 0 y 0
 Wall clock 392.827
 Average time per cell 6.25946e-09
  Step time per cell    6.28314e-09
 Step 267 time 0.0970533 control sound timestep  0.000367334 1,1 x 0 y 0
 Wall clock 394.313
 Average time per cell 6.25961e-09
  Step time per cell    6.29826e-09
 Step 268 time 0.0974206 control sound timestep  0.000367332 1,1 x 0 y 0
 Wall clock 395.793
 Average time per cell 6.25967e-09
  Step time per cell    6.27526e-09
 Step 269 time 0.0977879 control sound timestep  0.000367333 1,1 x 0 y 0
 Wall clock 397.273
 Average time per cell 6.25971e-09
  Step time per cell    6.26899e-09
 Step 270 time 0.0981553 control sound timestep  0.000367338 1,1 x 0 y 0
 Wall clock 398.844
 Average time per cell 6.2612e-09
  Step time per cell    6.66174e-09
 Step 271 time 0.0985226 control sound timestep  0.000367342 1,1 x 0 y 0
 Wall clock 400.327
 Average time per cell 6.26129e-09
  Step time per cell    6.28603e-09
 Step 272 time 0.09889 control sound timestep  0.000367346 1,1 x 0 y 0
 Wall clock 401.803
 Average time per cell 6.26126e-09
  Step time per cell    6.25302e-09
 Step 273 time 0.0992573 control sound timestep  0.00036735 1,1 x 0 y 0
 Wall clock 403.28
 Average time per cell 6.26126e-09
  Step time per cell    6.26083e-09
 Step 274 time 0.0996247 control sound timestep  0.000367358 1,1 x 0 y 0
 Wall clock 404.758
 Average time per cell 6.26127e-09
  Step time per cell    6.26516e-09
 Step 275 time 0.099992 control sound timestep  0.000367367 1,1 x 0 y 0
 Wall clock 406.255
 Average time per cell 6.26157e-09
  Step time per cell    6.34413e-09
 Step 276 time 0.100359 control sound timestep  0.000367376 1,1 x 0 y 0
 Wall clock 407.735
 Average time per cell 6.26161e-09
  Step time per cell    6.2715e-09
 Step 277 time 0.100727 control sound timestep  0.000367384 1,1 x 0 y 0
 Wall clock 409.217
 Average time per cell 6.26169e-09
  Step time per cell    6.28377e-09
 Step 278 time 0.101094 control sound timestep  0.000367394 1,1 x 0 y 0
 Wall clock 410.7
 Average time per cell 6.26178e-09
  Step time per cell    6.28594e-09
 Step 279 time 0.101462 control sound timestep  0.000367406 1,1 x 0 y 0
 Wall clock 412.181
 Average time per cell 6.26184e-09
  Step time per cell    6.27764e-09
 Step 280 time 0.101829 control sound timestep  0.000367419 1,1 x 0 y 0
 Wall clock 413.758
 Average time per cell 6.26335e-09
  Step time per cell    6.68369e-09
 Step 281 time 0.102196 control sound timestep  0.000367419 1,1 x 0 y 0
 Wall clock 415.244
 Average time per cell 6.26346e-09
  Step time per cell    6.296e-09
 Step 282 time 0.102564 control sound timestep  0.000367417 1,1 x 0 y 0
 Wall clock 416.728
 Average time per cell 6.26356e-09
  Step time per cell    6.28999e-09
 Step 283 time 0.102931 control sound timestep  0.000367418 1,1 x 0 y 0
 Wall clock 418.208
 Average time per cell 6.26359e-09
  Step time per cell    6.2738e-09
 Step 284 time 0.103299 control sound timestep  0.000367423 1,1 x 0 y 0
 Wall clock 419.683
 Average time per cell 6.26354e-09
  Step time per cell    6.24904e-09
 Step 285 time 0.103666 control sound timestep  0.000367427 1,1 x 0 y 0
 Wall clock 421.175
 Average time per cell 6.26376e-09
  Step time per cell    6.32397e-09
 Step 286 time 0.104033 control sound timestep  0.000367431 1,1 x 0 y 0
 Wall clock 422.658
 Average time per cell 6.26384e-09
  Step time per cell    6.28633e-09
 Step 287 time 0.104401 control sound timestep  0.000367435 1,1 x 0 y 0
 Wall clock 424.152
 Average time per cell 6.26407e-09
  Step time per cell    6.33139e-09
 Step 288 time 0.104768 control sound timestep  0.000367442 1,1 x 0 y 0
 Wall clock 425.637
 Average time per cell 6.26419e-09
  Step time per cell    6.29721e-09
 Step 289 time 0.105136 control sound timestep  0.000367452 1,1 x 0 y 0
 Wall clock 427.117
 Average time per cell 6.26422e-09
  Step time per cell    6.27233e-09
 Step 290 time 0.105503 control sound timestep  0.00036746 1,1 x 0 y 0
 Wall clock 428.694
 Average time per cell 6.26567e-09
  Step time per cell    6.68449e-09
 Step 291 time 0.105871 control sound timestep  0.000367468 1,1 x 0 y 0
 Wall clock 430.184
 Average time per cell 6.26583e-09
  Step time per cell    6.3115e-09
 Step 292 time 0.106238 control sound timestep  0.000367477 1,1 x 0 y 0
 Wall clock 431.663
 Average time per cell 6.26584e-09
  Step time per cell    6.26937e-09
 Step 293 time 0.106606 control sound timestep  0.00036749 1,1 x 0 y 0
 Wall clock 433.14
 Average time per cell 6.26582e-09
  Step time per cell    6.26105e-09
 Step 294 time 0.106973 control sound timestep  0.0003675 1,1 x 0 y 0
 Wall clock 434.626
 Average time per cell 6.26594e-09
  Step time per cell    6.29821e-09
 Step 295 time 0.107341 control sound timestep  0.000367501 1,1 x 0 y 0
 Wall clock 436.119
 Average time per cell 6.26615e-09
  Step time per cell    6.32751e-09
 Step 296 time 0.107708 control sound timestep  0.000367498 1,1 x 0 y 0
 Wall clock 437.599
 Average time per cell 6.26616e-09
  Step time per cell    6.27134e-09
 Step 297 time 0.108076 control sound timestep  0.0003675 1,1 x 0 y 0
 Wall clock 439.076
 Average time per cell 6.26615e-09
  Step time per cell    6.26223e-09
 Step 298 time 0.108443 control sound timestep  0.000367504 1,1 x 0 y 0
 Wall clock 440.556
 Average time per cell 6.26618e-09
  Step time per cell    6.27362e-09
 Step 299 time 0.108811 control sound timestep  0.000367508 1,1 x 0 y 0
 Wall clock 442.054
 Average time per cell 6.26646e-09
  Step time per cell    6.34954e-09
 Step 300 time 0.109178 control sound timestep  0.000367512 1,1 x 0 y 0
 Wall clock 443.715
 First step overhead 0
Result:
 - Problem: none
 - Outcome: PASSED
