---
Devices:
 0: Host CPU
CloverLeaf:
 - Ver.:     2.000
 - Deck:     /home/labpc/work/cipp/CloverLeaf/InputDecks/clover_bm256_300.in
 - Out:      clover.out
 - Profiler: deck-specified
MPI:
 - Enabled:     false
 - Total ranks: 1
 - Header device-awareness (CUDA-awareness):  unknown
 - Runtime device-awareness (CUDA-awareness): unknown
 - Host-Device halo exchange staging buffer:  true
Model:
 - Name:      OpenMP (CPU)
 - Execution: Host
# ---- 
Output: |+1
 Output file clover.out opened. All output will go there.
 Args: --file /home/labpc/work/cipp/CloverLeaf/InputDecks/clover_bm256_300.in
 Using input: `/home/labpc/work/cipp/CloverLeaf/InputDecks/clover_bm256_300.in`
 Problem initialised and generated
 Launching hydro
 Step 1 time 0 control sound timestep  0.000385161 1,1 x 0 y 0
 Wall clock 1.44979
 Average time per cell 6.14501e-09
  Step time per cell    6.14501e-09
 Step 2 time 0.000385161 control sound timestep  0.000235099 1,1 x 0 y 0
 Wall clock 2.89577
 Average time per cell 6.13694e-09
  Step time per cell    6.12873e-09
 Step 3 time 0.000620261 control sound timestep  0.000298723 1,1 x 0 y 0
 Wall clock 4.34946
 Average time per cell 6.14513e-09
  Step time per cell    6.16138e-09
 Step 4 time 0.000918984 control sound timestep  0.000314746 1,1 x 0 y 0
 Wall clock 5.79458
 Average time per cell 6.14016e-09
  Step time per cell    6.12513e-09
 Step 5 time 0.00123373 control sound timestep  0.000346361 1,1 x 0 y 0
 Wall clock 7.25159
 Average time per cell 6.14725e-09
  Step time per cell    6.17548e-09
 Step 6 time 0.00158009 control sound timestep  0.00034558 1,1 x 0 y 0
 Wall clock 8.69828
 Average time per cell 6.14469e-09
  Step time per cell    6.13177e-09
 Step 7 time 0.00192567 control sound timestep  0.000352154 1,1 x 0 y 0
 Wall clock 10.1486
 Average time per cell 6.14503e-09
  Step time per cell    6.14699e-09
 Step 8 time 0.00227782 control sound timestep  0.000370384 1,1 x 0 y 0
 Wall clock 11.6007
 Average time per cell 6.14629e-09
  Step time per cell    6.15494e-09
 Step 9 time 0.00264821 control sound timestep  0.000366391 1,1 x 0 y 0
 Wall clock 13.0562
 Average time per cell 6.1488e-09
  Step time per cell    6.16878e-09
 Step 10 time 0.0030146 control sound timestep  0.000363789 1,1 x 0 y 0
 Wall clock 14.5929
 Average time per cell 6.18526e-09
  Step time per cell    6.51328e-09
 Step 11 time 0.00337839 control sound timestep  0.000361224 1,1 x 0 y 0
 Wall clock 16.0453
 Average time per cell 6.18261e-09
  Step time per cell    6.15604e-09
 Step 12 time 0.00373961 control sound timestep  0.000359796 1,1 x 0 y 0
 Wall clock 17.4853
 Average time per cell 6.17603e-09
  Step time per cell    6.1035e-09
 Step 13 time 0.00409941 control sound timestep  0.000360678 1,1 x 0 y 0
 Wall clock 18.9382
 Average time per cell 6.17466e-09
  Step time per cell    6.15821e-09
 Step 14 time 0.00446009 control sound timestep  0.000362113 1,1 x 0 y 0
 Wall clock 20.3856
 Average time per cell 6.17181e-09
  Step time per cell    6.13464e-09
 Step 15 time 0.0048222 control sound timestep  0.000362661 1,1 x 0 y 0
 Wall clock 21.8415
 Average time per cell 6.17176e-09
  Step time per cell    6.17085e-09
 Step 16 time 0.00518486 control sound timestep  0.000362812 1,1 x 0 y 0
 Wall clock 23.2837
 Average time per cell 6.16807e-09
  Step time per cell    6.11265e-09
 Step 17 time 0.00554767 control sound timestep  0.000362988 1,1 x 0 y 0
 Wall clock 24.7355
 Average time per cell 6.16722e-09
  Step time per cell    6.15348e-09
 Step 18 time 0.00591066 control sound timestep  0.000363082 1,1 x 0 y 0
 Wall clock 26.1854
 Average time per cell 6.16601e-09
  Step time per cell    6.14535e-09
 Step 19 time 0.00627374 control sound timestep  0.000363112 1,1 x 0 y 0
 Wall clock 27.6416
 Average time per cell 6.16634e-09
  Step time per cell    6.17207e-09
 Step 20 time 0.00663686 control sound timestep  0.00036317 1,1 x 0 y 0
 Wall clock 29.1846
 Average time per cell 6.18501e-09
  Step time per cell    6.53976e-09
 Step 21 time 0.00700003 control sound timestep  0.000363365 1,1 x 0 y 0
 Wall clock 30.6331
 Average time per cell 6.18286e-09
  Step time per cell    6.13973e-09
 Step 22 time 0.00736339 control sound timestep  0.00036347 1,1 x 0 y 0
 Wall clock 32.0769
 Average time per cell 6.17998e-09
  Step time per cell    6.11931e-09
 Step 23 time 0.00772686 control sound timestep  0.000363513 1,1 x 0 y 0
 Wall clock 33.5265
 Average time per cell 6.17842e-09
  Step time per cell    6.14397e-09
 Step 24 time 0.00809037 control sound timestep  0.000363629 1,1 x 0 y 0
 Wall clock 34.9681
 Average time per cell 6.17559e-09
  Step time per cell    6.11034e-09
 Step 25 time 0.008454 control sound timestep  0.000363732 1,1 x 0 y 0
 Wall clock 36.4237
 Average time per cell 6.17535e-09
  Step time per cell    6.16945e-09
 Step 26 time 0.00881773 control sound timestep  0.000363825 1,1 x 0 y 0
 Wall clock 37.8721
 Average time per cell 6.17396e-09
  Step time per cell    6.1391e-09
 Step 27 time 0.00918156 control sound timestep  0.000363914 1,1 x 0 y 0
 Wall clock 39.3312
 Average time per cell 6.17435e-09
  Step time per cell    6.18451e-09
 Step 28 time 0.00954547 control sound timestep  0.000363943 1,1 x 0 y 0
 Wall clock 40.7802
 Average time per cell 6.17318e-09
  Step time per cell    6.14149e-09
 Step 29 time 0.00990942 control sound timestep  0.000363973 1,1 x 0 y 0
 Wall clock 42.2342
 Average time per cell 6.17283e-09
  Step time per cell    6.16276e-09
 Step 30 time 0.0102734 control sound timestep  0.000363988 1,1 x 0 y 0
 Wall clock 43.7742
 Average time per cell 6.18465e-09
  Step time per cell    6.52731e-09
 Step 31 time 0.0106374 control sound timestep  0.000364002 1,1 x 0 y 0
 Wall clock 45.2252
 Average time per cell 6.18353e-09
  Step time per cell    6.14989e-09
 Step 32 time 0.0110014 control sound timestep  0.000364043 1,1 x 0 y 0
 Wall clock 46.6709
 Average time per cell 6.18178e-09
  Step time per cell    6.12745e-09
 Step 33 time 0.0113654 control sound timestep  0.000364085 1,1 x 0 y 0
 Wall clock 48.1226
 Average time per cell 6.18092e-09
  Step time per cell    6.15328e-09
 Step 34 time 0.0117295 control sound timestep  0.000364133 1,1 x 0 y 0
 Wall clock 49.5694
 Average time per cell 6.17949e-09
  Step time per cell    6.13227e-09
 Step 35 time 0.0120936 control sound timestep  0.000364198 1,1 x 0 y 0
 Wall clock 51.022
 Average time per cell 6.17884e-09
  Step time per cell    6.15667e-09
 Step 36 time 0.0124578 control sound timestep  0.000364259 1,1 x 0 y 0
 Wall clock 52.4693
 Average time per cell 6.17761e-09
  Step time per cell    6.13416e-09
 Step 37 time 0.0128221 control sound timestep  0.000364318 1,1 x 0 y 0
 Wall clock 53.9258
 Average time per cell 6.1775e-09
  Step time per cell    6.17328e-09
 Step 38 time 0.0131864 control sound timestep  0.000364383 1,1 x 0 y 0
 Wall clock 55.3775
 Average time per cell 6.17685e-09
  Step time per cell    6.1528e-09
 Step 39 time 0.0135508 control sound timestep  0.000364422 1,1 x 0 y 0
 Wall clock 56.8329
 Average time per cell 6.17665e-09
  Step time per cell    6.16872e-09
 Step 40 time 0.0139152 control sound timestep  0.000364431 1,1 x 0 y 0
 Wall clock 58.3841
 Average time per cell 6.1866e-09
  Step time per cell    6.57471e-09
 Step 41 time 0.0142797 control sound timestep  0.000364435 1,1 x 0 y 0
 Wall clock 59.8413
 Average time per cell 6.18636e-09
  Step time per cell    6.17658e-09
 Step 42 time 0.0146441 control sound timestep  0.000364445 1,1 x 0 y 0
 Wall clock 61.2875
 Average time per cell 6.18501e-09
  Step time per cell    6.12939e-09
 Step 43 time 0.0150085 control sound timestep  0.000364471 1,1 x 0 y 0
 Wall clock 62.7402
 Average time per cell 6.18436e-09
  Step time per cell    6.15729e-09
 Step 44 time 0.015373 control sound timestep  0.000364495 1,1 x 0 y 0
 Wall clock 64.1865
 Average time per cell 6.18313e-09
  Step time per cell    6.13017e-09
 Step 45 time 0.0157375 control sound timestep  0.000364518 1,1 x 0 y 0
 Wall clock 65.6402
 Average time per cell 6.18266e-09
  Step time per cell    6.16158e-09
 Step 46 time 0.016102 control sound timestep  0.000364543 1,1 x 0 y 0
 Wall clock 67.0842
 Average time per cell 6.1813e-09
  Step time per cell    6.12005e-09
 Step 47 time 0.0164666 control sound timestep  0.000364585 1,1 x 0 y 0
 Wall clock 68.5422
 Average time per cell 6.18127e-09
  Step time per cell    6.17891e-09
 Step 48 time 0.0168311 control sound timestep  0.000364628 1,1 x 0 y 0
 Wall clock 69.9897
 Average time per cell 6.18032e-09
  Step time per cell    6.13525e-09
 Step 49 time 0.0171958 control sound timestep  0.000364667 1,1 x 0 y 0
 Wall clock 71.4504
 Average time per cell 6.18054e-09
  Step time per cell    6.1911e-09
 Step 50 time 0.0175604 control sound timestep  0.000364708 1,1 x 0 y 0
 Wall clock 72.9897
 Average time per cell 6.18741e-09
  Step time per cell    6.52401e-09
 Step 51 time 0.0179251 control sound timestep  0.000364758 1,1 x 0 y 0
 Wall clock 74.4412
 Average time per cell 6.18672e-09
  Step time per cell    6.15212e-09
 Step 52 time 0.0182899 control sound timestep  0.000364817 1,1 x 0 y 0
 Wall clock 75.8938
 Average time per cell 6.18615e-09
  Step time per cell    6.15667e-09
 Step 53 time 0.0186547 control sound timestep  0.000364826 1,1 x 0 y 0
 Wall clock 77.3461
 Average time per cell 6.18558e-09
  Step time per cell    6.15585e-09
 Step 54 time 0.0190195 control sound timestep  0.00036483 1,1 x 0 y 0
 Wall clock 78.798
 Average time per cell 6.18499e-09
  Step time per cell    6.15357e-09
 Step 55 time 0.0193844 control sound timestep  0.000364831 1,1 x 0 y 0
 Wall clock 80.2489
 Average time per cell 6.18435e-09
  Step time per cell    6.14917e-09
 Step 56 time 0.0197492 control sound timestep  0.000364846 1,1 x 0 y 0
 Wall clock 81.7003
 Average time per cell 6.18377e-09
  Step time per cell    6.15162e-09
 Step 57 time 0.0201141 control sound timestep  0.000364866 1,1 x 0 y 0
 Wall clock 83.159
 Average time per cell 6.18375e-09
  Step time per cell    6.18272e-09
 Step 58 time 0.0204789 control sound timestep  0.000364884 1,1 x 0 y 0
 Wall clock 84.6076
 Average time per cell 6.18299e-09
  Step time per cell    6.13935e-09
 Step 59 time 0.0208438 control sound timestep  0.000364902 1,1 x 0 y 0
 Wall clock 86.069
 Average time per cell 6.18319e-09
  Step time per cell    6.1942e-09
 Step 60 time 0.0212087 control sound timestep  0.000364922 1,1 x 0 y 0
 Wall clock 87.6119
 Average time per cell 6.18913e-09
  Step time per cell    6.5394e-09
 Step 61 time 0.0215736 control sound timestep  0.000364956 1,1 x 0 y 0
 Wall clock 89.0657
 Average time per cell 6.18868e-09
  Step time per cell    6.1618e-09
 Step 62 time 0.0219386 control sound timestep  0.000364991 1,1 x 0 y 0
 Wall clock 90.5225
 Average time per cell 6.18846e-09
  Step time per cell    6.17456e-09
 Step 63 time 0.0223036 control sound timestep  0.000365022 1,1 x 0 y 0
 Wall clock 91.98
 Average time per cell 6.18828e-09
  Step time per cell    6.17732e-09
 Step 64 time 0.0226686 control sound timestep  0.000365056 1,1 x 0 y 0
 Wall clock 93.4294
 Average time per cell 6.18759e-09
  Step time per cell    6.14301e-09
 Step 65 time 0.0230337 control sound timestep  0.000365098 1,1 x 0 y 0
 Wall clock 94.8872
 Average time per cell 6.18745e-09
  Step time per cell    6.17879e-09
 Step 66 time 0.0233988 control sound timestep  0.000365146 1,1 x 0 y 0
 Wall clock 96.3352
 Average time per cell 6.18669e-09
  Step time per cell    6.13709e-09
 Step 67 time 0.0237639 control sound timestep  0.000365166 1,1 x 0 y 0
 Wall clock 97.7968
 Average time per cell 6.18682e-09
  Step time per cell    6.19475e-09
 Step 68 time 0.0241291 control sound timestep  0.000365169 1,1 x 0 y 0
 Wall clock 99.2501
 Average time per cell 6.18642e-09
  Step time per cell    6.15956e-09
 Step 69 time 0.0244942 control sound timestep  0.000365167 1,1 x 0 y 0
 Wall clock 100.701
 Average time per cell 6.1859e-09
  Step time per cell    6.15015e-09
 Step 70 time 0.0248594 control sound timestep  0.000365177 1,1 x 0 y 0
 Wall clock 102.242
 Average time per cell 6.19084e-09
  Step time per cell    6.53194e-09
 Step 71 time 0.0252246 control sound timestep  0.000365194 1,1 x 0 y 0
 Wall clock 103.696
 Average time per cell 6.19046e-09
  Step time per cell    6.16342e-09
 Step 72 time 0.0255898 control sound timestep  0.000365209 1,1 x 0 y 0
 Wall clock 105.154
 Average time per cell 6.19032e-09
  Step time per cell    6.18005e-09
 Step 73 time 0.025955 control sound timestep  0.000365223 1,1 x 0 y 0
 Wall clock 106.622
 Average time per cell 6.19075e-09
  Step time per cell    6.22185e-09
 Step 74 time 0.0263202 control sound timestep  0.000365239 1,1 x 0 y 0
 Wall clock 108.081
 Average time per cell 6.19065e-09
  Step time per cell    6.18312e-09
 Step 75 time 0.0266854 control sound timestep  0.000365263 1,1 x 0 y 0
 Wall clock 109.542
 Average time per cell 6.19066e-09
  Step time per cell    6.19078e-09
 Step 76 time 0.0270507 control sound timestep  0.000365294 1,1 x 0 y 0
 Wall clock 111.009
 Average time per cell 6.19104e-09
  Step time per cell    6.21957e-09
 Step 77 time 0.027416 control sound timestep  0.000365322 1,1 x 0 y 0
 Wall clock 112.473
 Average time per cell 6.19122e-09
  Step time per cell    6.20477e-09
 Step 78 time 0.0277813 control sound timestep  0.000365349 1,1 x 0 y 0
 Wall clock 113.934
 Average time per cell 6.19124e-09
  Step time per cell    6.19217e-09
 Step 79 time 0.0281467 control sound timestep  0.000365381 1,1 x 0 y 0
 Wall clock 115.399
 Average time per cell 6.19144e-09
  Step time per cell    6.20604e-09
 Step 80 time 0.0285121 control sound timestep  0.000365421 1,1 x 0 y 0
 Wall clock 116.945
 Average time per cell 6.19597e-09
  Step time per cell    6.55366e-09
 Step 81 time 0.0288775 control sound timestep  0.000365457 1,1 x 0 y 0
 Wall clock 118.402
 Average time per cell 6.19573e-09
  Step time per cell    6.17631e-09
 Step 82 time 0.0292429 control sound timestep  0.000365459 1,1 x 0 y 0
 Wall clock 119.855
 Average time per cell 6.19527e-09
  Step time per cell    6.15833e-09
 Step 83 time 0.0296084 control sound timestep  0.000365461 1,1 x 0 y 0
 Wall clock 121.311
 Average time per cell 6.19496e-09
  Step time per cell    6.16942e-09
 Step 84 time 0.0299738 control sound timestep  0.000365461 1,1 x 0 y 0
 Wall clock 122.767
 Average time per cell 6.1947e-09
  Step time per cell    6.17238e-09
 Step 85 time 0.0303393 control sound timestep  0.000365475 1,1 x 0 y 0
 Wall clock 124.224
 Average time per cell 6.19448e-09
  Step time per cell    6.17631e-09
 Step 86 time 0.0307048 control sound timestep  0.000365488 1,1 x 0 y 0
 Wall clock 125.686
 Average time per cell 6.19448e-09
  Step time per cell    6.1937e-09
 Step 87 time 0.0310703 control sound timestep  0.0003655 1,1 x 0 y 0
 Wall clock 127.15
 Average time per cell 6.1946e-09
  Step time per cell    6.20462e-09
 Step 88 time 0.0314358 control sound timestep  0.000365513 1,1 x 0 y 0
 Wall clock 128.604
 Average time per cell 6.19425e-09
  Step time per cell    6.16356e-09
 Step 89 time 0.0318013 control sound timestep  0.000365528 1,1 x 0 y 0
 Wall clock 130.063
 Average time per cell 6.19412e-09
  Step time per cell    6.18284e-09
 Step 90 time 0.0321668 control sound timestep  0.000365555 1,1 x 0 y 0
 Wall clock 131.603
 Average time per cell 6.19784e-09
  Step time per cell    6.52862e-09
 Step 91 time 0.0325324 control sound timestep  0.00036558 1,1 x 0 y 0
 Wall clock 133.074
 Average time per cell 6.19827e-09
  Step time per cell    6.23644e-09
 Step 92 time 0.0328979 control sound timestep  0.000365603 1,1 x 0 y 0
 Wall clock 134.531
 Average time per cell 6.19798e-09
  Step time per cell    6.17183e-09
 Step 93 time 0.0332636 control sound timestep  0.000365628 1,1 x 0 y 0
 Wall clock 135.994
 Average time per cell 6.19804e-09
  Step time per cell    6.20276e-09
 Step 94 time 0.0336292 control sound timestep  0.000365659 1,1 x 0 y 0
 Wall clock 137.449
 Average time per cell 6.19771e-09
  Step time per cell    6.16642e-09
 Step 95 time 0.0339948 control sound timestep  0.000365696 1,1 x 0 y 0
 Wall clock 138.909
 Average time per cell 6.1976e-09
  Step time per cell    6.18777e-09
 Step 96 time 0.0343605 control sound timestep  0.000365709 1,1 x 0 y 0
 Wall clock 140.364
 Average time per cell 6.19728e-09
  Step time per cell    6.16579e-09
 Step 97 time 0.0347262 control sound timestep  0.00036571 1,1 x 0 y 0
 Wall clock 141.828
 Average time per cell 6.19739e-09
  Step time per cell    6.20861e-09
 Step 98 time 0.035092 control sound timestep  0.000365708 1,1 x 0 y 0
 Wall clock 143.275
 Average time per cell 6.19671e-09
  Step time per cell    6.13032e-09
 Step 99 time 0.0354577 control sound timestep  0.000365716 1,1 x 0 y 0
 Wall clock 144.738
 Average time per cell 6.19677e-09
  Step time per cell    6.20212e-09
 Step 100 time 0.0358234 control sound timestep  0.000365728 1,1 x 0 y 0
 Wall clock 146.296
 Average time per cell 6.20084e-09
  Step time per cell    6.60353e-09
 Step 101 time 0.0361891 control sound timestep  0.000365739 1,1 x 0 y 0
 Wall clock 147.763
 Average time per cell 6.201e-09
  Step time per cell    6.21736e-09
 Step 102 time 0.0365548 control sound timestep  0.000365749 1,1 x 0 y 0
 Wall clock 149.218
 Average time per cell 6.20069e-09
  Step time per cell    6.16856e-09
 Step 103 time 0.0369206 control sound timestep  0.000365761 1,1 x 0 y 0
 Wall clock 150.682
 Average time per cell 6.20073e-09
  Step time per cell    6.20536e-09
 Step 104 time 0.0372864 control sound timestep  0.00036578 1,1 x 0 y 0
 Wall clock 152.138
 Average time per cell 6.20044e-09
  Step time per cell    6.16965e-09
 Step 105 time 0.0376521 control sound timestep  0.000365803 1,1 x 0 y 0
 Wall clock 153.604
 Average time per cell 6.20056e-09
  Step time per cell    6.21332e-09
 Step 106 time 0.0380179 control sound timestep  0.000365823 1,1 x 0 y 0
 Wall clock 155.073
 Average time per cell 6.20081e-09
  Step time per cell    6.22665e-09
 Step 107 time 0.0383838 control sound timestep  0.000365844 1,1 x 0 y 0
 Wall clock 156.557
 Average time per cell 6.20163e-09
  Step time per cell    6.28822e-09
 Step 108 time 0.0387496 control sound timestep  0.000365869 1,1 x 0 y 0
 Wall clock 158.028
 Average time per cell 6.20195e-09
  Step time per cell    6.23594e-09
 Step 109 time 0.0391155 control sound timestep  0.000365899 1,1 x 0 y 0
 Wall clock 159.502
 Average time per cell 6.20235e-09
  Step time per cell    6.24493e-09
 Step 110 time 0.0394814 control sound timestep  0.000365927 1,1 x 0 y 0
 Wall clock 161.053
 Average time per cell 6.20575e-09
  Step time per cell    6.57643e-09
 Step 111 time 0.0398473 control sound timestep  0.000365928 1,1 x 0 y 0
 Wall clock 162.534
 Average time per cell 6.20638e-09
  Step time per cell    6.27584e-09
 Step 112 time 0.0402132 control sound timestep  0.000365927 1,1 x 0 y 0
 Wall clock 164.002
 Average time per cell 6.20651e-09
  Step time per cell    6.22031e-09
 Step 113 time 0.0405792 control sound timestep  0.000365929 1,1 x 0 y 0
 Wall clock 165.472
 Average time per cell 6.20674e-09
  Step time per cell    6.23225e-09
 Step 114 time 0.0409451 control sound timestep  0.000365939 1,1 x 0 y 0
 Wall clock 166.93
 Average time per cell 6.20649e-09
  Step time per cell    6.17833e-09
 Step 115 time 0.041311 control sound timestep  0.000365949 1,1 x 0 y 0
 Wall clock 168.398
 Average time per cell 6.20666e-09
  Step time per cell    6.22501e-09
 Step 116 time 0.041677 control sound timestep  0.000365958 1,1 x 0 y 0
 Wall clock 169.877
 Average time per cell 6.20717e-09
  Step time per cell    6.26538e-09
 Step 117 time 0.0420429 control sound timestep  0.000365968 1,1 x 0 y 0
 Wall clock 171.351
 Average time per cell 6.20752e-09
  Step time per cell    6.24869e-09
 Step 118 time 0.0424089 control sound timestep  0.00036598 1,1 x 0 y 0
 Wall clock 172.828
 Average time per cell 6.20798e-09
  Step time per cell    6.26129e-09
 Step 119 time 0.0427749 control sound timestep  0.000366001 1,1 x 0 y 0
 Wall clock 174.311
 Average time per cell 6.20861e-09
  Step time per cell    6.28283e-09
 Step 120 time 0.0431409 control sound timestep  0.00036602 1,1 x 0 y 0
 Wall clock 175.863
 Average time per cell 6.21172e-09
  Step time per cell    6.58122e-09
 Step 121 time 0.0435069 control sound timestep  0.000366037 1,1 x 0 y 0
 Wall clock 177.346
 Average time per cell 6.21233e-09
  Step time per cell    6.2859e-09
 Step 122 time 0.0438729 control sound timestep  0.000366057 1,1 x 0 y 0
 Wall clock 178.82
 Average time per cell 6.21262e-09
  Step time per cell    6.24669e-09
 Step 123 time 0.044239 control sound timestep  0.000366082 1,1 x 0 y 0
 Wall clock 180.296
 Average time per cell 6.21296e-09
  Step time per cell    6.25442e-09
 Step 124 time 0.0446051 control sound timestep  0.000366111 1,1 x 0 y 0
 Wall clock 181.76
 Average time per cell 6.21289e-09
  Step time per cell    6.20457e-09
 Step 125 time 0.0449712 control sound timestep  0.000366119 1,1 x 0 y 0
 Wall clock 183.239
 Average time per cell 6.21335e-09
  Step time per cell    6.27014e-09
 Step 126 time 0.0453373 control sound timestep  0.00036612 1,1 x 0 y 0
 Wall clock 184.71
 Average time per cell 6.21351e-09
  Step time per cell    6.23264e-09
 Step 127 time 0.0457034 control sound timestep  0.000366118 1,1 x 0 y 0
 Wall clock 186.201
 Average time per cell 6.21436e-09
  Step time per cell    6.32131e-09
 Step 128 time 0.0460695 control sound timestep  0.000366125 1,1 x 0 y 0
 Wall clock 187.672
 Average time per cell 6.21453e-09
  Step time per cell    6.23526e-09
 Step 129 time 0.0464357 control sound timestep  0.000366134 1,1 x 0 y 0
 Wall clock 189.147
 Average time per cell 6.21481e-09
  Step time per cell    6.25084e-09
 Step 130 time 0.0468018 control sound timestep  0.000366143 1,1 x 0 y 0
 Wall clock 190.7
 Average time per cell 6.21764e-09
  Step time per cell    6.58285e-09
 Step 131 time 0.0471679 control sound timestep  0.000366151 1,1 x 0 y 0
 Wall clock 192.185
 Average time per cell 6.21821e-09
  Step time per cell    6.29193e-09
 Step 132 time 0.0475341 control sound timestep  0.00036616 1,1 x 0 y 0
 Wall clock 193.661
 Average time per cell 6.2185e-09
  Step time per cell    6.25563e-09
 Step 133 time 0.0479003 control sound timestep  0.000366177 1,1 x 0 y 0
 Wall clock 195.134
 Average time per cell 6.2187e-09
  Step time per cell    6.245e-09
 Step 134 time 0.0482664 control sound timestep  0.000366195 1,1 x 0 y 0
 Wall clock 196.599
 Average time per cell 6.21863e-09
  Step time per cell    6.20877e-09
 Step 135 time 0.0486326 control sound timestep  0.000366211 1,1 x 0 y 0
 Wall clock 198.075
 Average time per cell 6.2189e-09
  Step time per cell    6.25504e-09
 Step 136 time 0.0489988 control sound timestep  0.000366227 1,1 x 0 y 0
 Wall clock 199.551
 Average time per cell 6.21918e-09
  Step time per cell    6.25746e-09
 Step 137 time 0.0493651 control sound timestep  0.000366248 1,1 x 0 y 0
 Wall clock 201.035
 Average time per cell 6.21969e-09
  Step time per cell    6.28816e-09
 Step 138 time 0.0497313 control sound timestep  0.000366273 1,1 x 0 y 0
 Wall clock 202.512
 Average time per cell 6.21999e-09
  Step time per cell    6.2613e-09
 Step 139 time 0.0500976 control sound timestep  0.000366291 1,1 x 0 y 0
 Wall clock 203.986
 Average time per cell 6.22018e-09
  Step time per cell    6.2452e-09
 Step 140 time 0.0504639 control sound timestep  0.000366292 1,1 x 0 y 0
 Wall clock 205.554
 Average time per cell 6.22322e-09
  Step time per cell    6.64643e-09
 Step 141 time 0.0508302 control sound timestep  0.000366288 1,1 x 0 y 0
 Wall clock 207.027
 Average time per cell 6.22337e-09
  Step time per cell    6.24394e-09
 Step 142 time 0.0511965 control sound timestep  0.000366292 1,1 x 0 y 0
 Wall clock 208.497
 Average time per cell 6.22341e-09
  Step time per cell    6.22817e-09
 Step 143 time 0.0515627 control sound timestep  0.000366301 1,1 x 0 y 0
 Wall clock 209.966
 Average time per cell 6.22345e-09
  Step time per cell    6.22897e-09
 Step 144 time 0.051929 control sound timestep  0.000366308 1,1 x 0 y 0
 Wall clock 211.419
 Average time per cell 6.22299e-09
  Step time per cell    6.15739e-09
 Step 145 time 0.0522954 control sound timestep  0.000366316 1,1 x 0 y 0
 Wall clock 212.884
 Average time per cell 6.2229e-09
  Step time per cell    6.20991e-09
 Step 146 time 0.0526617 control sound timestep  0.000366324 1,1 x 0 y 0
 Wall clock 214.357
 Average time per cell 6.22304e-09
  Step time per cell    6.24267e-09
 Step 147 time 0.053028 control sound timestep  0.000366336 1,1 x 0 y 0
 Wall clock 215.829
 Average time per cell 6.22313e-09
  Step time per cell    6.23632e-09
 Step 148 time 0.0533943 control sound timestep  0.000366353 1,1 x 0 y 0
 Wall clock 217.299
 Average time per cell 6.22319e-09
  Step time per cell    6.23114e-09
 Step 149 time 0.0537607 control sound timestep  0.000366368 1,1 x 0 y 0
 Wall clock 218.777
 Average time per cell 6.22347e-09
  Step time per cell    6.26548e-09
 Step 150 time 0.0541271 control sound timestep  0.000366382 1,1 x 0 y 0
 Wall clock 220.324
 Average time per cell 6.22571e-09
  Step time per cell    6.55858e-09
 Step 151 time 0.0544934 control sound timestep  0.000366399 1,1 x 0 y 0
 Wall clock 221.791
 Average time per cell 6.22564e-09
  Step time per cell    6.21463e-09
 Step 152 time 0.0548598 control sound timestep  0.000366421 1,1 x 0 y 0
 Wall clock 223.254
 Average time per cell 6.2255e-09
  Step time per cell    6.20413e-09
 Step 153 time 0.0552263 control sound timestep  0.000366444 1,1 x 0 y 0
 Wall clock 224.718
 Average time per cell 6.22536e-09
  Step time per cell    6.20354e-09
 Step 154 time 0.0555927 control sound timestep  0.000366446 1,1 x 0 y 0
 Wall clock 226.188
 Average time per cell 6.22539e-09
  Step time per cell    6.22977e-09
 Step 155 time 0.0559591 control sound timestep  0.000366445 1,1 x 0 y 0
 Wall clock 227.658
 Average time per cell 6.22543e-09
  Step time per cell    6.23201e-09
 Step 156 time 0.0563256 control sound timestep  0.000366445 1,1 x 0 y 0
 Wall clock 229.115
 Average time per cell 6.22511e-09
  Step time per cell    6.17445e-09
 Step 157 time 0.056692 control sound timestep  0.000366452 1,1 x 0 y 0
 Wall clock 230.583
 Average time per cell 6.22508e-09
  Step time per cell    6.22089e-09
 Step 158 time 0.0570585 control sound timestep  0.000366459 1,1 x 0 y 0
 Wall clock 232.054
 Average time per cell 6.22516e-09
  Step time per cell    6.23642e-09
 Step 159 time 0.0574249 control sound timestep  0.000366466 1,1 x 0 y 0
 Wall clock 233.526
 Average time per cell 6.22524e-09
  Step time per cell    6.23805e-09
 Step 160 time 0.0577914 control sound timestep  0.000366473 1,1 x 0 y 0
 Wall clock 235.087
 Average time per cell 6.22769e-09
  Step time per cell    6.61654e-09
 Step 161 time 0.0581579 control sound timestep  0.000366482 1,1 x 0 y 0
 Wall clock 236.56
 Average time per cell 6.22777e-09
  Step time per cell    6.24051e-09
 Step 162 time 0.0585244 control sound timestep  0.000366498 1,1 x 0 y 0
 Wall clock 238.034
 Average time per cell 6.22789e-09
  Step time per cell    6.24756e-09
 Step 163 time 0.0588909 control sound timestep  0.000366512 1,1 x 0 y 0
 Wall clock 239.507
 Average time per cell 6.228e-09
  Step time per cell    6.2442e-09
 Step 164 time 0.0592574 control sound timestep  0.000366525 1,1 x 0 y 0
 Wall clock 240.983
 Average time per cell 6.22816e-09
  Step time per cell    6.25482e-09
 Step 165 time 0.0596239 control sound timestep  0.000366539 1,1 x 0 y 0
 Wall clock 242.463
 Average time per cell 6.22843e-09
  Step time per cell    6.2724e-09
 Step 166 time 0.0599904 control sound timestep  0.000366558 1,1 x 0 y 0
 Wall clock 243.93
 Average time per cell 6.22838e-09
  Step time per cell    6.21933e-09
 Step 167 time 0.060357 control sound timestep  0.00036658 1,1 x 0 y 0
 Wall clock 245.406
 Average time per cell 6.22855e-09
  Step time per cell    6.25651e-09
 Step 168 time 0.0607236 control sound timestep  0.000366586 1,1 x 0 y 0
 Wall clock 246.88
 Average time per cell 6.22867e-09
  Step time per cell    6.24812e-09
 Step 169 time 0.0610902 control sound timestep  0.000366586 1,1 x 0 y 0
 Wall clock 248.354
 Average time per cell 6.22877e-09
  Step time per cell    6.24607e-09
 Step 170 time 0.0614568 control sound timestep  0.000366585 1,1 x 0 y 0
 Wall clock 249.915
 Average time per cell 6.23105e-09
  Step time per cell    6.61517e-09
 Step 171 time 0.0618233 control sound timestep  0.00036659 1,1 x 0 y 0
 Wall clock 251.389
 Average time per cell 6.23115e-09
  Step time per cell    6.24822e-09
 Step 172 time 0.0621899 control sound timestep  0.000366597 1,1 x 0 y 0
 Wall clock 252.862
 Average time per cell 6.23122e-09
  Step time per cell    6.24392e-09
 Step 173 time 0.0625565 control sound timestep  0.000366603 1,1 x 0 y 0
 Wall clock 254.347
 Average time per cell 6.23157e-09
  Step time per cell    6.2905e-09
 Step 174 time 0.0629231 control sound timestep  0.000366609 1,1 x 0 y 0
 Wall clock 255.817
 Average time per cell 6.23158e-09
  Step time per cell    6.2338e-09
 Step 175 time 0.0632897 control sound timestep  0.000366616 1,1 x 0 y 0
 Wall clock 257.293
 Average time per cell 6.23171e-09
  Step time per cell    6.25427e-09
 Step 176 time 0.0636564 control sound timestep  0.000366631 1,1 x 0 y 0
 Wall clock 258.76
 Average time per cell 6.23163e-09
  Step time per cell    6.21664e-09
 Step 177 time 0.064023 control sound timestep  0.000366644 1,1 x 0 y 0
 Wall clock 260.234
 Average time per cell 6.23174e-09
  Step time per cell    6.25039e-09
 Step 178 time 0.0643896 control sound timestep  0.000366656 1,1 x 0 y 0
 Wall clock 261.707
 Average time per cell 6.23179e-09
  Step time per cell    6.24156e-09
 Step 179 time 0.0647563 control sound timestep  0.000366668 1,1 x 0 y 0
 Wall clock 263.194
 Average time per cell 6.23219e-09
  Step time per cell    6.30245e-09
 Step 180 time 0.065123 control sound timestep  0.000366685 1,1 x 0 y 0
 Wall clock 264.751
 Average time per cell 6.23423e-09
  Step time per cell    6.59918e-09
 Step 181 time 0.0654896 control sound timestep  0.000366704 1,1 x 0 y 0
 Wall clock 266.22
 Average time per cell 6.23418e-09
  Step time per cell    6.22518e-09
 Step 182 time 0.0658563 control sound timestep  0.000366715 1,1 x 0 y 0
 Wall clock 267.697
 Average time per cell 6.23432e-09
  Step time per cell    6.25989e-09
 Step 183 time 0.0662231 control sound timestep  0.000366716 1,1 x 0 y 0
 Wall clock 269.179
 Average time per cell 6.23458e-09
  Step time per cell    6.28094e-09
 Step 184 time 0.0665898 control sound timestep  0.000366713 1,1 x 0 y 0
 Wall clock 270.651
 Average time per cell 6.23462e-09
  Step time per cell    6.24196e-09
 Step 185 time 0.0669565 control sound timestep  0.000366717 1,1 x 0 y 0
 Wall clock 272.122
 Average time per cell 6.23461e-09
  Step time per cell    6.23174e-09
 Step 186 time 0.0673232 control sound timestep  0.000366724 1,1 x 0 y 0
 Wall clock 273.592
 Average time per cell 6.23459e-09
  Step time per cell    6.23133e-09
 Step 187 time 0.0676899 control sound timestep  0.000366729 1,1 x 0 y 0
 Wall clock 275.068
 Average time per cell 6.2347e-09
  Step time per cell    6.25522e-09
 Step 188 time 0.0680567 control sound timestep  0.000366735 1,1 x 0 y 0
 Wall clock 276.545
 Average time per cell 6.23484e-09
  Step time per cell    6.26016e-09
 Step 189 time 0.0684234 control sound timestep  0.000366742 1,1 x 0 y 0
 Wall clock 278.028
 Average time per cell 6.23511e-09
  Step time per cell    6.28499e-09
 Step 190 time 0.0687901 control sound timestep  0.000366754 1,1 x 0 y 0
 Wall clock 279.587
 Average time per cell 6.23708e-09
  Step time per cell    6.60994e-09
 Step 191 time 0.0691569 control sound timestep  0.000366766 1,1 x 0 y 0
 Wall clock 281.059
 Average time per cell 6.23708e-09
  Step time per cell    6.23582e-09
 Step 192 time 0.0695237 control sound timestep  0.000366777 1,1 x 0 y 0
 Wall clock 282.541
 Average time per cell 6.23731e-09
  Step time per cell    6.28165e-09
 Step 193 time 0.0698904 control sound timestep  0.000366789 1,1 x 0 y 0
 Wall clock 284.017
 Average time per cell 6.23742e-09
  Step time per cell    6.25787e-09
 Step 194 time 0.0702572 control sound timestep  0.000366803 1,1 x 0 y 0
 Wall clock 285.496
 Average time per cell 6.23757e-09
  Step time per cell    6.26647e-09
 Step 195 time 0.070624 control sound timestep  0.000366821 1,1 x 0 y 0
 Wall clock 286.975
 Average time per cell 6.23773e-09
  Step time per cell    6.26867e-09
 Step 196 time 0.0709908 control sound timestep  0.000366835 1,1 x 0 y 0
 Wall clock 288.456
 Average time per cell 6.23794e-09
  Step time per cell    6.27744e-09
 Step 197 time 0.0713577 control sound timestep  0.000366836 1,1 x 0 y 0
 Wall clock 289.941
 Average time per cell 6.23823e-09
  Step time per cell    6.29568e-09
 Step 198 time 0.0717245 control sound timestep  0.000366833 1,1 x 0 y 0
 Wall clock 291.426
 Average time per cell 6.23852e-09
  Step time per cell    6.29428e-09
 Step 199 time 0.0720913 control sound timestep  0.000366836 1,1 x 0 y 0
 Wall clock 292.908
 Average time per cell 6.23872e-09
  Step time per cell    6.27814e-09
 Step 200 time 0.0724582 control sound timestep  0.000366842 1,1 x 0 y 0
 Wall clock 294.473
 Average time per cell 6.2407e-09
  Step time per cell    6.63453e-09
 Step 201 time 0.072825 control sound timestep  0.000366847 1,1 x 0 y 0
 Wall clock 295.958
 Average time per cell 6.24097e-09
  Step time per cell    6.29493e-09
 Step 202 time 0.0731919 control sound timestep  0.000366853 1,1 x 0 y 0
 Wall clock 297.43
 Average time per cell 6.24096e-09
  Step time per cell    6.2396e-09
 Step 203 time 0.0735587 control sound timestep  0.000366859 1,1 x 0 y 0
 Wall clock 298.909
 Average time per cell 6.24108e-09
  Step time per cell    6.26517e-09
 Step 204 time 0.0739256 control sound timestep  0.000366869 1,1 x 0 y 0
 Wall clock 300.392
 Average time per cell 6.24131e-09
  Step time per cell    6.288e-09
 Step 205 time 0.0742925 control sound timestep  0.000366881 1,1 x 0 y 0
 Wall clock 301.873
 Average time per cell 6.24149e-09
  Step time per cell    6.27678e-09
 Step 206 time 0.0746593 control sound timestep  0.000366892 1,1 x 0 y 0
 Wall clock 303.348
 Average time per cell 6.24153e-09
  Step time per cell    6.24897e-09
 Step 207 time 0.0750262 control sound timestep  0.000366902 1,1 x 0 y 0
 Wall clock 304.839
 Average time per cell 6.2419e-09
  Step time per cell    6.31938e-09
 Step 208 time 0.0753931 control sound timestep  0.000366915 1,1 x 0 y 0
 Wall clock 306.31
 Average time per cell 6.24189e-09
  Step time per cell    6.23825e-09
 Step 209 time 0.07576 control sound timestep  0.000366932 1,1 x 0 y 0
 Wall clock 307.79
 Average time per cell 6.24204e-09
  Step time per cell    6.27257e-09
 Step 210 time 0.076127 control sound timestep  0.000366947 1,1 x 0 y 0
 Wall clock 309.362
 Average time per cell 6.24403e-09
  Step time per cell    6.66048e-09
 Step 211 time 0.0764939 control sound timestep  0.000366948 1,1 x 0 y 0
 Wall clock 310.833
 Average time per cell 6.24398e-09
  Step time per cell    6.23343e-09
 Step 212 time 0.0768609 control sound timestep  0.000366945 1,1 x 0 y 0
 Wall clock 312.309
 Average time per cell 6.24405e-09
  Step time per cell    6.25785e-09
 Step 213 time 0.0772278 control sound timestep  0.000366947 1,1 x 0 y 0
 Wall clock 313.785
 Average time per cell 6.24411e-09
  Step time per cell    6.25682e-09
 Step 214 time 0.0775948 control sound timestep  0.000366952 1,1 x 0 y 0
 Wall clock 315.271
 Average time per cell 6.24436e-09
  Step time per cell    6.29677e-09
 Step 215 time 0.0779617 control sound timestep  0.000366958 1,1 x 0 y 0
 Wall clock 316.746
 Average time per cell 6.24439e-09
  Step time per cell    6.25051e-09
 Step 216 time 0.0783287 control sound timestep  0.000366963 1,1 x 0 y 0
 Wall clock 318.22
 Average time per cell 6.2444e-09
  Step time per cell    6.2476e-09
 Step 217 time 0.0786956 control sound timestep  0.000366968 1,1 x 0 y 0
 Wall clock 319.695
 Average time per cell 6.24444e-09
  Step time per cell    6.25127e-09
 Step 218 time 0.0790626 control sound timestep  0.000366977 1,1 x 0 y 0
 Wall clock 321.172
 Average time per cell 6.24451e-09
  Step time per cell    6.25985e-09
 Step 219 time 0.0794296 control sound timestep  0.000366989 1,1 x 0 y 0
 Wall clock 322.649
 Average time per cell 6.24458e-09
  Step time per cell    6.26003e-09
 Step 220 time 0.0797966 control sound timestep  0.000366999 1,1 x 0 y 0
 Wall clock 324.216
 Average time per cell 6.2464e-09
  Step time per cell    6.64362e-09
 Step 221 time 0.0801636 control sound timestep  0.000367009 1,1 x 0 y 0
 Wall clock 325.693
 Average time per cell 6.24645e-09
  Step time per cell    6.25922e-09
 Step 222 time 0.0805306 control sound timestep  0.000367021 1,1 x 0 y 0
 Wall clock 327.175
 Average time per cell 6.24661e-09
  Step time per cell    6.28123e-09
 Step 223 time 0.0808976 control sound timestep  0.000367036 1,1 x 0 y 0
 Wall clock 328.658
 Average time per cell 6.24678e-09
  Step time per cell    6.28373e-09
 Step 224 time 0.0812646 control sound timestep  0.000367052 1,1 x 0 y 0
 Wall clock 330.135
 Average time per cell 6.24686e-09
  Step time per cell    6.26348e-09
 Step 225 time 0.0816317 control sound timestep  0.000367052 1,1 x 0 y 0
 Wall clock 331.611
 Average time per cell 6.2469e-09
  Step time per cell    6.25626e-09
 Step 226 time 0.0819987 control sound timestep  0.00036705 1,1 x 0 y 0
 Wall clock 333.085
 Average time per cell 6.2469e-09
  Step time per cell    6.24694e-09
 Step 227 time 0.0823658 control sound timestep  0.000367051 1,1 x 0 y 0
 Wall clock 334.562
 Average time per cell 6.24696e-09
  Step time per cell    6.25915e-09
 Step 228 time 0.0827328 control sound timestep  0.000367056 1,1 x 0 y 0
 Wall clock 336.042
 Average time per cell 6.24706e-09
  Step time per cell    6.27062e-09
 Step 229 time 0.0830999 control sound timestep  0.000367062 1,1 x 0 y 0
 Wall clock 337.52
 Average time per cell 6.24715e-09
  Step time per cell    6.26702e-09
 Step 230 time 0.083467 control sound timestep  0.000367066 1,1 x 0 y 0
 Wall clock 339.078
 Average time per cell 6.2487e-09
  Step time per cell    6.60371e-09
 Step 231 time 0.083834 control sound timestep  0.000367071 1,1 x 0 y 0
 Wall clock 340.56
 Average time per cell 6.24884e-09
  Step time per cell    6.27965e-09
 Step 232 time 0.0842011 control sound timestep  0.000367079 1,1 x 0 y 0
 Wall clock 342.044
 Average time per cell 6.24902e-09
  Step time per cell    6.2917e-09
 Step 233 time 0.0845682 control sound timestep  0.000367091 1,1 x 0 y 0
 Wall clock 343.528
 Average time per cell 6.24919e-09
  Step time per cell    6.28688e-09
 Step 234 time 0.0849353 control sound timestep  0.0003671 1,1 x 0 y 0
 Wall clock 345.004
 Average time per cell 6.24923e-09
  Step time per cell    6.25837e-09
 Step 235 time 0.0853024 control sound timestep  0.00036711 1,1 x 0 y 0
 Wall clock 346.483
 Average time per cell 6.24931e-09
  Step time per cell    6.26855e-09
 Step 236 time 0.0856695 control sound timestep  0.000367121 1,1 x 0 y 0
 Wall clock 347.961
 Average time per cell 6.24937e-09
  Step time per cell    6.26273e-09
 Step 237 time 0.0860366 control sound timestep  0.000367135 1,1 x 0 y 0
 Wall clock 349.437
 Average time per cell 6.24941e-09
  Step time per cell    6.25814e-09
 Step 238 time 0.0864037 control sound timestep  0.000367151 1,1 x 0 y 0
 Wall clock 350.919
 Average time per cell 6.24953e-09
  Step time per cell    6.27779e-09
 Step 239 time 0.0867709 control sound timestep  0.000367151 1,1 x 0 y 0
 Wall clock 352.398
 Average time per cell 6.24962e-09
  Step time per cell    6.27062e-09
 Step 240 time 0.087138 control sound timestep  0.00036715 1,1 x 0 y 0
 Wall clock 353.961
 Average time per cell 6.25118e-09
  Step time per cell    6.62515e-09
 Step 241 time 0.0875052 control sound timestep  0.00036715 1,1 x 0 y 0
 Wall clock 355.449
 Average time per cell 6.25141e-09
  Step time per cell    6.30578e-09
 Step 242 time 0.0878723 control sound timestep  0.000367155 1,1 x 0 y 0
 Wall clock 356.922
 Average time per cell 6.25137e-09
  Step time per cell    6.24271e-09
 Step 243 time 0.0882395 control sound timestep  0.00036716 1,1 x 0 y 0
 Wall clock 358.401
 Average time per cell 6.25144e-09
  Step time per cell    6.26698e-09
 Step 244 time 0.0886066 control sound timestep  0.000367164 1,1 x 0 y 0
 Wall clock 359.876
 Average time per cell 6.25145e-09
  Step time per cell    6.25432e-09
 Step 245 time 0.0889738 control sound timestep  0.000367169 1,1 x 0 y 0
 Wall clock 361.355
 Average time per cell 6.25151e-09
  Step time per cell    6.26578e-09
 Step 246 time 0.089341 control sound timestep  0.000367177 1,1 x 0 y 0
 Wall clock 362.839
 Average time per cell 6.25168e-09
  Step time per cell    6.29264e-09
 Step 247 time 0.0897082 control sound timestep  0.000367187 1,1 x 0 y 0
 Wall clock 364.33
 Average time per cell 6.25196e-09
  Step time per cell    6.32013e-09
 Step 248 time 0.0900753 control sound timestep  0.000367197 1,1 x 0 y 0
 Wall clock 365.807
 Average time per cell 6.25199e-09
  Step time per cell    6.25968e-09
 Step 249 time 0.0904425 control sound timestep  0.000367205 1,1 x 0 y 0
 Wall clock 367.284
 Average time per cell 6.25202e-09
  Step time per cell    6.25913e-09
 Step 250 time 0.0908097 control sound timestep  0.000367216 1,1 x 0 y 0
 Wall clock 368.858
 Average time per cell 6.25369e-09
  Step time per cell    6.66927e-09
 Step 251 time 0.091177 control sound timestep  0.000367229 1,1 x 0 y 0
 Wall clock 370.337
 Average time per cell 6.25375e-09
  Step time per cell    6.26882e-09
 Step 252 time 0.0915442 control sound timestep  0.000367244 1,1 x 0 y 0
 Wall clock 371.813
 Average time per cell 6.25376e-09
  Step time per cell    6.25568e-09
 Step 253 time 0.0919114 control sound timestep  0.000367245 1,1 x 0 y 0
 Wall clock 373.296
 Average time per cell 6.25389e-09
  Step time per cell    6.28648e-09
 Step 254 time 0.0922787 control sound timestep  0.000367243 1,1 x 0 y 0
 Wall clock 374.781
 Average time per cell 6.25405e-09
  Step time per cell    6.29427e-09
 Step 255 time 0.0926459 control sound timestep  0.000367244 1,1 x 0 y 0
 Wall clock 376.27
 Average time per cell 6.25428e-09
  Step time per cell    6.31183e-09
 Step 256 time 0.0930132 control sound timestep  0.000367248 1,1 x 0 y 0
 Wall clock 377.748
 Average time per cell 6.25432e-09
  Step time per cell    6.26446e-09
 Step 257 time 0.0933804 control sound timestep  0.000367253 1,1 x 0 y 0
 Wall clock 379.227
 Average time per cell 6.25437e-09
  Step time per cell    6.26801e-09
 Step 258 time 0.0937477 control sound timestep  0.000367257 1,1 x 0 y 0
 Wall clock 380.709
 Average time per cell 6.25448e-09
  Step time per cell    6.28114e-09
 Step 259 time 0.0941149 control sound timestep  0.000367262 1,1 x 0 y 0
 Wall clock 382.192
 Average time per cell 6.25459e-09
  Step time per cell    6.28321e-09
 Step 260 time 0.0944822 control sound timestep  0.000367269 1,1 x 0 y 0
 Wall clock 383.76
 Average time per cell 6.2561e-09
  Step time per cell    6.6459e-09
 Step 261 time 0.0948495 control sound timestep  0.000367279 1,1 x 0 y 0
 Wall clock 385.237
 Average time per cell 6.25612e-09
  Step time per cell    6.26222e-09
 Step 262 time 0.0952167 control sound timestep  0.000367288 1,1 x 0 y 0
 Wall clock 386.715
 Average time per cell 6.25615e-09
  Step time per cell    6.26318e-09
 Step 263 time 0.095584 control sound timestep  0.000367297 1,1 x 0 y 0
 Wall clock 388.195
 Average time per cell 6.25622e-09
  Step time per cell    6.27478e-09
 Step 264 time 0.0959513 control sound timestep  0.000367307 1,1 x 0 y 0
 Wall clock 389.667
 Average time per cell 6.25615e-09
  Step time per cell    6.23838e-09
 Step 265 time 0.0963186 control sound timestep  0.00036732 1,1 x 0 y 0
 Wall clock 391.158
 Average time per cell 6.25639e-09
  Step time per cell    6.31841e-09
 Step 266 time 0.0966859 control sound timestep  0.000367334 1,1 x 0 y 0
 Wall clock 392.642
 Average time per cell 6.25651e-09
  Step time per cell    6.2887e-09
 Step 267 time 0.0970533 control sound timestep  0.000367334 1,1 x 0 y 0
 Wall clock 394.126
 Average time per cell 6.25664e-09
  Step time per cell    6.29038e-09
 Step 268 time 0.0974206 control sound timestep  0.000367332 1,1 x 0 y 0
 Wall clock 395.601
 Average time per cell 6.25662e-09
  Step time per cell    6.24977e-09
 Step 269 time 0.0977879 control sound timestep  0.000367333 1,1 x 0 y 0
 Wall clock 397.083
 Average time per cell 6.25672e-09
  Step time per cell    6.28229e-09
 Step 270 time 0.0981553 control sound timestep  0.000367338 1,1 x 0 y 0
 Wall clock 398.649
 Average time per cell 6.25813e-09
  Step time per cell    6.63865e-09
 Step 271 time 0.0985226 control sound timestep  0.000367342 1,1 x 0 y 0
 Wall clock 400.137
 Average time per cell 6.2583e-09
  Step time per cell    6.30508e-09
 Step 272 time 0.09889 control sound timestep  0.000367346 1,1 x 0 y 0
 Wall clock 401.617
 Average time per cell 6.25837e-09
  Step time per cell    6.27441e-09
 Step 273 time 0.0992573 control sound timestep  0.00036735 1,1 x 0 y 0
 Wall clock 403.097
 Average time per cell 6.25841e-09
  Step time per cell    6.27043e-09
 Step 274 time 0.0996247 control sound timestep  0.000367358 1,1 x 0 y 0
 Wall clock 404.581
 Average time per cell 6.25854e-09
  Step time per cell    6.29264e-09
 Step 275 time 0.099992 control sound timestep  0.000367367 1,1 x 0 y 0
 Wall clock 406.068
 Average time per cell 6.25869e-09
  Step time per cell    6.29931e-09
 Step 276 time 0.100359 control sound timestep  0.000367376 1,1 x 0 y 0
 Wall clock 407.542
 Average time per cell 6.25865e-09
  Step time per cell    6.24889e-09
 Step 277 time 0.100727 control sound timestep  0.000367384 1,1 x 0 y 0
 Wall clock 409.031
 Average time per cell 6.25885e-09
  Step time per cell    6.31204e-09
 Step 278 time 0.101094 control sound timestep  0.000367394 1,1 x 0 y 0
 Wall clock 410.511
 Average time per cell 6.2589e-09
  Step time per cell    6.27359e-09
 Step 279 time 0.101462 control sound timestep  0.000367406 1,1 x 0 y 0
 Wall clock 411.991
 Average time per cell 6.25894e-09
  Step time per cell    6.27101e-09
 Step 280 time 0.101829 control sound timestep  0.000367419 1,1 x 0 y 0
 Wall clock 413.563
 Average time per cell 6.26038e-09
  Step time per cell    6.66116e-09
 Step 281 time 0.102196 control sound timestep  0.000367419 1,1 x 0 y 0
 Wall clock 415.042
 Average time per cell 6.26042e-09
  Step time per cell    6.27216e-09
 Step 282 time 0.102564 control sound timestep  0.000367417 1,1 x 0 y 0
 Wall clock 416.52
 Average time per cell 6.26043e-09
  Step time per cell    6.26069e-09
 Step 283 time 0.102931 control sound timestep  0.000367418 1,1 x 0 y 0
 Wall clock 418.016
 Average time per cell 6.26071e-09
  Step time per cell    6.34009e-09
 Step 284 time 0.103299 control sound timestep  0.000367423 1,1 x 0 y 0
 Wall clock 419.499
 Average time per cell 6.26081e-09
  Step time per cell    6.28892e-09
 Step 285 time 0.103666 control sound timestep  0.000367427 1,1 x 0 y 0
 Wall clock 420.978
 Average time per cell 6.26083e-09
  Step time per cell    6.26699e-09
 Step 286 time 0.104033 control sound timestep  0.000367431 1,1 x 0 y 0
 Wall clock 422.455
 Average time per cell 6.26082e-09
  Step time per cell    6.2581e-09
 Step 287 time 0.104401 control sound timestep  0.000367435 1,1 x 0 y 0
 Wall clock 423.934
 Average time per cell 6.26086e-09
  Step time per cell    6.2701e-09
 Step 288 time 0.104768 control sound timestep  0.000367442 1,1 x 0 y 0
 Wall clock 425.416
 Average time per cell 6.26093e-09
  Step time per cell    6.28173e-09
 Step 289 time 0.105136 control sound timestep  0.000367452 1,1 x 0 y 0
 Wall clock 426.912
 Average time per cell 6.2612e-09
  Step time per cell    6.33893e-09
 Step 290 time 0.105503 control sound timestep  0.00036746 1,1 x 0 y 0
 Wall clock 428.48
 Average time per cell 6.26253e-09
  Step time per cell    6.6462e-09
 Step 291 time 0.105871 control sound timestep  0.000367468 1,1 x 0 y 0
 Wall clock 429.97
 Average time per cell 6.26271e-09
  Step time per cell    6.31454e-09
 Step 292 time 0.106238 control sound timestep  0.000367477 1,1 x 0 y 0
 Wall clock 431.447
 Average time per cell 6.2627e-09
  Step time per cell    6.26059e-09
 Step 293 time 0.106606 control sound timestep  0.00036749 1,1 x 0 y 0
 Wall clock 432.936
 Average time per cell 6.26287e-09
  Step time per cell    6.31037e-09
 Step 294 time 0.106973 control sound timestep  0.0003675 1,1 x 0 y 0
 Wall clock 434.42
 Average time per cell 6.26296e-09
  Step time per cell    6.28958e-09
 Step 295 time 0.107341 control sound timestep  0.000367501 1,1 x 0 y 0
 Wall clock 435.905
 Average time per cell 6.26307e-09
  Step time per cell    6.29433e-09
 Step 296 time 0.107708 control sound timestep  0.000367498 1,1 x 0 y 0
 Wall clock 437.388
 Average time per cell 6.26315e-09
  Step time per cell    6.28597e-09
 Step 297 time 0.108076 control sound timestep  0.0003675 1,1 x 0 y 0
 Wall clock 438.878
 Average time per cell 6.26333e-09
  Step time per cell    6.31685e-09
 Step 298 time 0.108443 control sound timestep  0.000367504 1,1 x 0 y 0
 Wall clock 440.364
 Average time per cell 6.26344e-09
  Step time per cell    6.29595e-09
 Step 299 time 0.108811 control sound timestep  0.000367508 1,1 x 0 y 0
 Wall clock 441.841
 Average time per cell 6.26344e-09
  Step time per cell    6.26232e-09
 Step 300 time 0.109178 control sound timestep  0.000367512 1,1 x 0 y 0
 Wall clock 443.497
 First step overhead 0
Result:
 - Problem: none
 - Outcome: PASSED
