---
Devices:
 0: Host CPU
CloverLeaf:
 - Ver.:     2.000
 - Deck:     /home/labpc/work/cipp/CloverLeaf/InputDecks/clover_bm256_300.in
 - Out:      clover.out
 - Profiler: deck-specified
MPI:
 - Enabled:     false
 - Total ranks: 1
 - Header device-awareness (CUDA-awareness):  unknown
 - Runtime device-awareness (CUDA-awareness): unknown
 - Host-Device halo exchange staging buffer:  true
Model:
 - Name:      OpenMP (CPU)
 - Execution: Host
# ---- 
Output: |+1
 Output file clover.out opened. All output will go there.
 Args: --file /home/labpc/work/cipp/CloverLeaf/InputDecks/clover_bm256_300.in
 Using input: `/home/labpc/work/cipp/CloverLeaf/InputDecks/clover_bm256_300.in`
 Problem initialised and generated
 Launching hydro
 Step 1 time 0 control sound timestep  0.000385161 1,1 x 0 y 0
 Wall clock 1.35475
 Average time per cell 5.74218e-09
  Step time per cell    5.74218e-09
 Step 2 time 0.000385161 control sound timestep  0.000235099 1,1 x 0 y 0
 Wall clock 2.69622
 Average time per cell 5.71403e-09
  Step time per cell    5.68562e-09
 Step 3 time 0.000620261 control sound timestep  0.000298723 1,1 x 0 y 0
 Wall clock 4.05567
 Average time per cell 5.73005e-09
  Step time per cell    5.76185e-09
 Step 4 time 0.000918984 control sound timestep  0.000314746 1,1 x 0 y 0
 Wall clock 5.413
 Average time per cell 5.73582e-09
  Step time per cell    5.75286e-09
 Step 5 time 0.00123373 control sound timestep  0.000346361 1,1 x 0 y 0
 Wall clock 6.76326
 Average time per cell 5.73328e-09
  Step time per cell    5.72287e-09
 Step 6 time 0.00158009 control sound timestep  0.00034558 1,1 x 0 y 0
 Wall clock 8.11075
 Average time per cell 5.72964e-09
  Step time per cell    5.71118e-09
 Step 7 time 0.00192567 control sound timestep  0.000352154 1,1 x 0 y 0
 Wall clock 9.46941
 Average time per cell 5.7338e-09
  Step time per cell    5.7585e-09
 Step 8 time 0.00227782 control sound timestep  0.000370384 1,1 x 0 y 0
 Wall clock 10.8164
 Average time per cell 5.73072e-09
  Step time per cell    5.70896e-09
 Step 9 time 0.00264821 control sound timestep  0.000366391 1,1 x 0 y 0
 Wall clock 12.17
 Average time per cell 5.73148e-09
  Step time per cell    5.73723e-09
 Step 10 time 0.0030146 control sound timestep  0.000363789 1,1 x 0 y 0
 Wall clock 13.5981
 Average time per cell 5.76361e-09
  Step time per cell    6.05259e-09
 Step 11 time 0.00337839 control sound timestep  0.000361224 1,1 x 0 y 0
 Wall clock 14.9474
 Average time per cell 5.75959e-09
  Step time per cell    5.71934e-09
 Step 12 time 0.00373961 control sound timestep  0.000359796 1,1 x 0 y 0
 Wall clock 16.2938
 Average time per cell 5.75518e-09
  Step time per cell    5.70645e-09
 Step 13 time 0.00409941 control sound timestep  0.000360678 1,1 x 0 y 0
 Wall clock 17.6563
 Average time per cell 5.75669e-09
  Step time per cell    5.77451e-09
 Step 14 time 0.00446009 control sound timestep  0.000362113 1,1 x 0 y 0
 Wall clock 19.0121
 Average time per cell 5.75597e-09
  Step time per cell    5.74637e-09
 Step 15 time 0.0048222 control sound timestep  0.000362661 1,1 x 0 y 0
 Wall clock 20.3697
 Average time per cell 5.75587e-09
  Step time per cell    5.75419e-09
 Step 16 time 0.00518486 control sound timestep  0.000362812 1,1 x 0 y 0
 Wall clock 21.7202
 Average time per cell 5.7539e-09
  Step time per cell    5.72405e-09
 Step 17 time 0.00554767 control sound timestep  0.000362988 1,1 x 0 y 0
 Wall clock 23.0746
 Average time per cell 5.75311e-09
  Step time per cell    5.74021e-09
 Step 18 time 0.00591066 control sound timestep  0.000363082 1,1 x 0 y 0
 Wall clock 24.4259
 Average time per cell 5.7517e-09
  Step time per cell    5.72754e-09
 Step 19 time 0.00627374 control sound timestep  0.000363112 1,1 x 0 y 0
 Wall clock 25.7838
 Average time per cell 5.7519e-09
  Step time per cell    5.75526e-09
 Step 20 time 0.00663686 control sound timestep  0.00036317 1,1 x 0 y 0
 Wall clock 27.2077
 Average time per cell 5.76606e-09
  Step time per cell    6.03472e-09
 Step 21 time 0.00700003 control sound timestep  0.000363365 1,1 x 0 y 0
 Wall clock 28.5603
 Average time per cell 5.76448e-09
  Step time per cell    5.73297e-09
 Step 22 time 0.00736339 control sound timestep  0.00036347 1,1 x 0 y 0
 Wall clock 29.9177
 Average time per cell 5.76399e-09
  Step time per cell    5.75322e-09
 Step 23 time 0.00772686 control sound timestep  0.000363513 1,1 x 0 y 0
 Wall clock 31.2698
 Average time per cell 5.76256e-09
  Step time per cell    5.73084e-09
 Step 24 time 0.00809037 control sound timestep  0.000363629 1,1 x 0 y 0
 Wall clock 32.6211
 Average time per cell 5.7611e-09
  Step time per cell    5.7273e-09
 Step 25 time 0.008454 control sound timestep  0.000363732 1,1 x 0 y 0
 Wall clock 33.9759
 Average time per cell 5.76034e-09
  Step time per cell    5.74194e-09
 Step 26 time 0.00881773 control sound timestep  0.000363825 1,1 x 0 y 0
 Wall clock 35.3223
 Average time per cell 5.75828e-09
  Step time per cell    5.7065e-09
 Step 27 time 0.00918156 control sound timestep  0.000363914 1,1 x 0 y 0
 Wall clock 36.6772
 Average time per cell 5.75771e-09
  Step time per cell    5.74254e-09
 Step 28 time 0.00954547 control sound timestep  0.000363943 1,1 x 0 y 0
 Wall clock 38.0211
 Average time per cell 5.75552e-09
  Step time per cell    5.69624e-09
 Step 29 time 0.00990942 control sound timestep  0.000363973 1,1 x 0 y 0
 Wall clock 39.3836
 Average time per cell 5.75618e-09
  Step time per cell    5.77451e-09
 Step 30 time 0.0102734 control sound timestep  0.000363988 1,1 x 0 y 0
 Wall clock 40.811
 Average time per cell 5.76598e-09
  Step time per cell    6.04972e-09
 Step 31 time 0.0106374 control sound timestep  0.000364002 1,1 x 0 y 0
 Wall clock 42.1669
 Average time per cell 5.76537e-09
  Step time per cell    5.74708e-09
 Step 32 time 0.0110014 control sound timestep  0.000364043 1,1 x 0 y 0
 Wall clock 43.5155
 Average time per cell 5.76383e-09
  Step time per cell    5.71587e-09
 Step 33 time 0.0113654 control sound timestep  0.000364085 1,1 x 0 y 0
 Wall clock 44.8672
 Average time per cell 5.76279e-09
  Step time per cell    5.7292e-09
 Step 34 time 0.0117295 control sound timestep  0.000364133 1,1 x 0 y 0
 Wall clock 46.2191
 Average time per cell 5.76183e-09
  Step time per cell    5.72993e-09
 Step 35 time 0.0120936 control sound timestep  0.000364198 1,1 x 0 y 0
 Wall clock 47.58
 Average time per cell 5.76201e-09
  Step time per cell    5.76767e-09
 Step 36 time 0.0124578 control sound timestep  0.000364259 1,1 x 0 y 0
 Wall clock 48.9379
 Average time per cell 5.76183e-09
  Step time per cell    5.75531e-09
 Step 37 time 0.0128221 control sound timestep  0.000364318 1,1 x 0 y 0
 Wall clock 50.2984
 Average time per cell 5.76195e-09
  Step time per cell    5.7662e-09
 Step 38 time 0.0131864 control sound timestep  0.000364383 1,1 x 0 y 0
 Wall clock 51.6452
 Average time per cell 5.76055e-09
  Step time per cell    5.70832e-09
 Step 39 time 0.0135508 control sound timestep  0.000364422 1,1 x 0 y 0
 Wall clock 53.001
 Average time per cell 5.7602e-09
  Step time per cell    5.74661e-09
 Step 40 time 0.0139152 control sound timestep  0.000364431 1,1 x 0 y 0
 Wall clock 54.4177
 Average time per cell 5.7663e-09
  Step time per cell    6.00428e-09
 Step 41 time 0.0142797 control sound timestep  0.000364435 1,1 x 0 y 0
 Wall clock 55.7791
 Average time per cell 5.76641e-09
  Step time per cell    5.77048e-09
 Step 42 time 0.0146441 control sound timestep  0.000364445 1,1 x 0 y 0
 Wall clock 57.1314
 Average time per cell 5.76558e-09
  Step time per cell    5.73145e-09
 Step 43 time 0.0150085 control sound timestep  0.000364471 1,1 x 0 y 0
 Wall clock 58.492
 Average time per cell 5.76561e-09
  Step time per cell    5.76658e-09
 Step 44 time 0.015373 control sound timestep  0.000364495 1,1 x 0 y 0
 Wall clock 59.8522
 Average time per cell 5.7656e-09
  Step time per cell    5.76507e-09
 Step 45 time 0.0157375 control sound timestep  0.000364518 1,1 x 0 y 0
 Wall clock 61.2148
 Average time per cell 5.76582e-09
  Step time per cell    5.77519e-09
 Step 46 time 0.016102 control sound timestep  0.000364543 1,1 x 0 y 0
 Wall clock 62.564
 Average time per cell 5.7648e-09
  Step time per cell    5.71846e-09
 Step 47 time 0.0164666 control sound timestep  0.000364585 1,1 x 0 y 0
 Wall clock 63.9253
 Average time per cell 5.76491e-09
  Step time per cell    5.76956e-09
 Step 48 time 0.0168311 control sound timestep  0.000364628 1,1 x 0 y 0
 Wall clock 65.2828
 Average time per cell 5.76468e-09
  Step time per cell    5.75375e-09
 Step 49 time 0.0171958 control sound timestep  0.000364667 1,1 x 0 y 0
 Wall clock 66.6449
 Average time per cell 5.76485e-09
  Step time per cell    5.77292e-09
 Step 50 time 0.0175604 control sound timestep  0.000364708 1,1 x 0 y 0
 Wall clock 68.0796
 Average time per cell 5.77118e-09
  Step time per cell    6.08107e-09
 Step 51 time 0.0179251 control sound timestep  0.000364758 1,1 x 0 y 0
 Wall clock 69.4332
 Average time per cell 5.77051e-09
  Step time per cell    5.73699e-09
 Step 52 time 0.0182899 control sound timestep  0.000364817 1,1 x 0 y 0
 Wall clock 70.7943
 Average time per cell 5.77049e-09
  Step time per cell    5.76891e-09
 Step 53 time 0.0186547 control sound timestep  0.000364826 1,1 x 0 y 0
 Wall clock 72.1471
 Average time per cell 5.7698e-09
  Step time per cell    5.73371e-09
 Step 54 time 0.0190195 control sound timestep  0.00036483 1,1 x 0 y 0
 Wall clock 73.4956
 Average time per cell 5.7688e-09
  Step time per cell    5.71553e-09
 Step 55 time 0.0193844 control sound timestep  0.000364831 1,1 x 0 y 0
 Wall clock 74.8443
 Average time per cell 5.76784e-09
  Step time per cell    5.71602e-09
 Step 56 time 0.0197492 control sound timestep  0.000364846 1,1 x 0 y 0
 Wall clock 76.2011
 Average time per cell 5.76754e-09
  Step time per cell    5.75087e-09
 Step 57 time 0.0201141 control sound timestep  0.000364866 1,1 x 0 y 0
 Wall clock 77.5539
 Average time per cell 5.76695e-09
  Step time per cell    5.73347e-09
 Step 58 time 0.0204789 control sound timestep  0.000364884 1,1 x 0 y 0
 Wall clock 78.9129
 Average time per cell 5.76683e-09
  Step time per cell    5.75989e-09
 Step 59 time 0.0208438 control sound timestep  0.000364902 1,1 x 0 y 0
 Wall clock 80.2794
 Average time per cell 5.76727e-09
  Step time per cell    5.79202e-09
 Step 60 time 0.0212087 control sound timestep  0.000364922 1,1 x 0 y 0
 Wall clock 81.7106
 Average time per cell 5.77225e-09
  Step time per cell    6.06589e-09
 Step 61 time 0.0215736 control sound timestep  0.000364956 1,1 x 0 y 0
 Wall clock 83.0694
 Average time per cell 5.77204e-09
  Step time per cell    5.75934e-09
 Step 62 time 0.0219386 control sound timestep  0.000364991 1,1 x 0 y 0
 Wall clock 84.4267
 Average time per cell 5.77173e-09
  Step time per cell    5.75264e-09
 Step 63 time 0.0223036 control sound timestep  0.000365022 1,1 x 0 y 0
 Wall clock 85.7822
 Average time per cell 5.77131e-09
  Step time per cell    5.74484e-09
 Step 64 time 0.0226686 control sound timestep  0.000365056 1,1 x 0 y 0
 Wall clock 87.1434
 Average time per cell 5.77128e-09
  Step time per cell    5.7696e-09
 Step 65 time 0.0230337 control sound timestep  0.000365098 1,1 x 0 y 0
 Wall clock 88.5046
 Average time per cell 5.77125e-09
  Step time per cell    5.76898e-09
 Step 66 time 0.0233988 control sound timestep  0.000365146 1,1 x 0 y 0
 Wall clock 89.8608
 Average time per cell 5.7709e-09
  Step time per cell    5.74788e-09
 Step 67 time 0.0237639 control sound timestep  0.000365166 1,1 x 0 y 0
 Wall clock 91.2239
 Average time per cell 5.77101e-09
  Step time per cell    5.7774e-09
 Step 68 time 0.0241291 control sound timestep  0.000365169 1,1 x 0 y 0
 Wall clock 92.5831
 Average time per cell 5.77086e-09
  Step time per cell    5.76084e-09
 Step 69 time 0.0244942 control sound timestep  0.000365167 1,1 x 0 y 0
 Wall clock 93.9404
 Average time per cell 5.7706e-09
  Step time per cell    5.75258e-09
 Step 70 time 0.0248594 control sound timestep  0.000365177 1,1 x 0 y 0
 Wall clock 95.3669
 Average time per cell 5.77454e-09
  Step time per cell    6.0462e-09
 Step 71 time 0.0252246 control sound timestep  0.000365194 1,1 x 0 y 0
 Wall clock 96.7245
 Average time per cell 5.77425e-09
  Step time per cell    5.75403e-09
 Step 72 time 0.0255898 control sound timestep  0.000365209 1,1 x 0 y 0
 Wall clock 98.0819
 Average time per cell 5.77396e-09
  Step time per cell    5.7532e-09
 Step 73 time 0.025955 control sound timestep  0.000365223 1,1 x 0 y 0
 Wall clock 99.4355
 Average time per cell 5.77346e-09
  Step time per cell    5.73716e-09
 Step 74 time 0.0263202 control sound timestep  0.000365239 1,1 x 0 y 0
 Wall clock 100.796
 Average time per cell 5.77337e-09
  Step time per cell    5.76639e-09
 Step 75 time 0.0266854 control sound timestep  0.000365263 1,1 x 0 y 0
 Wall clock 102.166
 Average time per cell 5.77382e-09
  Step time per cell    5.80669e-09
 Step 76 time 0.0270507 control sound timestep  0.000365294 1,1 x 0 y 0
 Wall clock 103.523
 Average time per cell 5.77354e-09
  Step time per cell    5.75268e-09
 Step 77 time 0.027416 control sound timestep  0.000365322 1,1 x 0 y 0
 Wall clock 104.878
 Average time per cell 5.77313e-09
  Step time per cell    5.7416e-09
 Step 78 time 0.0277813 control sound timestep  0.000365349 1,1 x 0 y 0
 Wall clock 106.236
 Average time per cell 5.7729e-09
  Step time per cell    5.75449e-09
 Step 79 time 0.0281467 control sound timestep  0.000365381 1,1 x 0 y 0
 Wall clock 107.599
 Average time per cell 5.77298e-09
  Step time per cell    5.77947e-09
 Step 80 time 0.0285121 control sound timestep  0.000365421 1,1 x 0 y 0
 Wall clock 109.036
 Average time per cell 5.77695e-09
  Step time per cell    6.09009e-09
 Step 81 time 0.0288775 control sound timestep  0.000365457 1,1 x 0 y 0
 Wall clock 110.405
 Average time per cell 5.77723e-09
  Step time per cell    5.79962e-09
 Step 82 time 0.0292429 control sound timestep  0.000365459 1,1 x 0 y 0
 Wall clock 111.755
 Average time per cell 5.77659e-09
  Step time per cell    5.72481e-09
 Step 83 time 0.0296084 control sound timestep  0.000365461 1,1 x 0 y 0
 Wall clock 113.114
 Average time per cell 5.77637e-09
  Step time per cell    5.75758e-09
 Step 84 time 0.0299738 control sound timestep  0.000365461 1,1 x 0 y 0
 Wall clock 114.463
 Average time per cell 5.77568e-09
  Step time per cell    5.71791e-09
 Step 85 time 0.0303393 control sound timestep  0.000365475 1,1 x 0 y 0
 Wall clock 115.827
 Average time per cell 5.77577e-09
  Step time per cell    5.78375e-09
 Step 86 time 0.0307048 control sound timestep  0.000365488 1,1 x 0 y 0
 Wall clock 117.197
 Average time per cell 5.77614e-09
  Step time per cell    5.80667e-09
 Step 87 time 0.0310703 control sound timestep  0.0003655 1,1 x 0 y 0
 Wall clock 118.557
 Average time per cell 5.776e-09
  Step time per cell    5.76387e-09
 Step 88 time 0.0314358 control sound timestep  0.000365513 1,1 x 0 y 0
 Wall clock 119.912
 Average time per cell 5.77559e-09
  Step time per cell    5.74014e-09
 Step 89 time 0.0318013 control sound timestep  0.000365528 1,1 x 0 y 0
 Wall clock 121.276
 Average time per cell 5.77567e-09
  Step time per cell    5.78197e-09
 Step 90 time 0.0321668 control sound timestep  0.000365555 1,1 x 0 y 0
 Wall clock 122.715
 Average time per cell 5.77926e-09
  Step time per cell    6.09852e-09
 Step 91 time 0.0325324 control sound timestep  0.00036558 1,1 x 0 y 0
 Wall clock 124.083
 Average time per cell 5.77946e-09
  Step time per cell    5.79786e-09
 Step 92 time 0.0328979 control sound timestep  0.000365603 1,1 x 0 y 0
 Wall clock 125.447
 Average time per cell 5.77948e-09
  Step time per cell    5.78126e-09
 Step 93 time 0.0332636 control sound timestep  0.000365628 1,1 x 0 y 0
 Wall clock 126.808
 Average time per cell 5.77936e-09
  Step time per cell    5.76786e-09
 Step 94 time 0.0336292 control sound timestep  0.000365659 1,1 x 0 y 0
 Wall clock 128.16
 Average time per cell 5.77885e-09
  Step time per cell    5.73058e-09
 Step 95 time 0.0339948 control sound timestep  0.000365696 1,1 x 0 y 0
 Wall clock 129.514
 Average time per cell 5.77844e-09
  Step time per cell    5.73957e-09
 Step 96 time 0.0343605 control sound timestep  0.000365709 1,1 x 0 y 0
 Wall clock 130.876
 Average time per cell 5.77838e-09
  Step time per cell    5.77269e-09
 Step 97 time 0.0347262 control sound timestep  0.00036571 1,1 x 0 y 0
 Wall clock 132.24
 Average time per cell 5.77839e-09
  Step time per cell    5.77963e-09
 Step 98 time 0.035092 control sound timestep  0.000365708 1,1 x 0 y 0
 Wall clock 133.595
 Average time per cell 5.77806e-09
  Step time per cell    5.7455e-09
 Step 99 time 0.0354577 control sound timestep  0.000365716 1,1 x 0 y 0
 Wall clock 134.96
 Average time per cell 5.77815e-09
  Step time per cell    5.78666e-09
 Step 100 time 0.0358234 control sound timestep  0.000365728 1,1 x 0 y 0
 Wall clock 136.399
 Average time per cell 5.78134e-09
  Step time per cell    6.09695e-09
 Step 101 time 0.0361891 control sound timestep  0.000365739 1,1 x 0 y 0
 Wall clock 137.762
 Average time per cell 5.78129e-09
  Step time per cell    5.77641e-09
 Step 102 time 0.0365548 control sound timestep  0.000365749 1,1 x 0 y 0
 Wall clock 139.121
 Average time per cell 5.7811e-09
  Step time per cell    5.76148e-09
 Step 103 time 0.0369206 control sound timestep  0.000365761 1,1 x 0 y 0
 Wall clock 140.48
 Average time per cell 5.78087e-09
  Step time per cell    5.75736e-09
 Step 104 time 0.0372864 control sound timestep  0.00036578 1,1 x 0 y 0
 Wall clock 141.838
 Average time per cell 5.78064e-09
  Step time per cell    5.75571e-09
 Step 105 time 0.0376521 control sound timestep  0.000365803 1,1 x 0 y 0
 Wall clock 143.202
 Average time per cell 5.78066e-09
  Step time per cell    5.78245e-09
 Step 106 time 0.0380179 control sound timestep  0.000365823 1,1 x 0 y 0
 Wall clock 144.579
 Average time per cell 5.78117e-09
  Step time per cell    5.83481e-09
 Step 107 time 0.0383838 control sound timestep  0.000365844 1,1 x 0 y 0
 Wall clock 145.951
 Average time per cell 5.7815e-09
  Step time per cell    5.81661e-09
 Step 108 time 0.0387496 control sound timestep  0.000365869 1,1 x 0 y 0
 Wall clock 147.317
 Average time per cell 5.78157e-09
  Step time per cell    5.78846e-09
 Step 109 time 0.0391155 control sound timestep  0.000365899 1,1 x 0 y 0
 Wall clock 148.693
 Average time per cell 5.78203e-09
  Step time per cell    5.83183e-09
 Step 110 time 0.0394814 control sound timestep  0.000365927 1,1 x 0 y 0
 Wall clock 150.125
 Average time per cell 5.78466e-09
  Step time per cell    6.07037e-09
 Step 111 time 0.0398473 control sound timestep  0.000365928 1,1 x 0 y 0
 Wall clock 151.485
 Average time per cell 5.78447e-09
  Step time per cell    5.76414e-09
 Step 112 time 0.0402132 control sound timestep  0.000365927 1,1 x 0 y 0
 Wall clock 152.844
 Average time per cell 5.78427e-09
  Step time per cell    5.7618e-09
 Step 113 time 0.0405792 control sound timestep  0.000365929 1,1 x 0 y 0
 Wall clock 154.216
 Average time per cell 5.78453e-09
  Step time per cell    5.81344e-09
 Step 114 time 0.0409451 control sound timestep  0.000365939 1,1 x 0 y 0
 Wall clock 155.577
 Average time per cell 5.78439e-09
  Step time per cell    5.76785e-09
 Step 115 time 0.041311 control sound timestep  0.000365949 1,1 x 0 y 0
 Wall clock 156.936
 Average time per cell 5.78419e-09
  Step time per cell    5.76062e-09
 Step 116 time 0.041677 control sound timestep  0.000365958 1,1 x 0 y 0
 Wall clock 158.296
 Average time per cell 5.78402e-09
  Step time per cell    5.76419e-09
 Step 117 time 0.0420429 control sound timestep  0.000365968 1,1 x 0 y 0
 Wall clock 159.656
 Average time per cell 5.78386e-09
  Step time per cell    5.76559e-09
 Step 118 time 0.0424089 control sound timestep  0.00036598 1,1 x 0 y 0
 Wall clock 161.016
 Average time per cell 5.78368e-09
  Step time per cell    5.76255e-09
 Step 119 time 0.0427749 control sound timestep  0.000366001 1,1 x 0 y 0
 Wall clock 162.386
 Average time per cell 5.78388e-09
  Step time per cell    5.80667e-09
 Step 120 time 0.0431409 control sound timestep  0.00036602 1,1 x 0 y 0
 Wall clock 163.829
 Average time per cell 5.78666e-09
  Step time per cell    6.11766e-09
 Step 121 time 0.0435069 control sound timestep  0.000366037 1,1 x 0 y 0
 Wall clock 165.193
 Average time per cell 5.78661e-09
  Step time per cell    5.78011e-09
 Step 122 time 0.0438729 control sound timestep  0.000366057 1,1 x 0 y 0
 Wall clock 166.56
 Average time per cell 5.78668e-09
  Step time per cell    5.79528e-09
 Step 123 time 0.044239 control sound timestep  0.000366082 1,1 x 0 y 0
 Wall clock 167.933
 Average time per cell 5.78692e-09
  Step time per cell    5.81552e-09
 Step 124 time 0.0446051 control sound timestep  0.000366111 1,1 x 0 y 0
 Wall clock 169.303
 Average time per cell 5.7871e-09
  Step time per cell    5.80875e-09
 Step 125 time 0.0449712 control sound timestep  0.000366119 1,1 x 0 y 0
 Wall clock 170.677
 Average time per cell 5.78739e-09
  Step time per cell    5.8224e-09
 Step 126 time 0.0453373 control sound timestep  0.00036612 1,1 x 0 y 0
 Wall clock 172.043
 Average time per cell 5.78742e-09
  Step time per cell    5.79086e-09
 Step 127 time 0.0457034 control sound timestep  0.000366118 1,1 x 0 y 0
 Wall clock 173.411
 Average time per cell 5.78748e-09
  Step time per cell    5.79597e-09
 Step 128 time 0.0460695 control sound timestep  0.000366125 1,1 x 0 y 0
 Wall clock 174.772
 Average time per cell 5.78734e-09
  Step time per cell    5.7687e-09
 Step 129 time 0.0464357 control sound timestep  0.000366134 1,1 x 0 y 0
 Wall clock 176.13
 Average time per cell 5.78711e-09
  Step time per cell    5.75759e-09
 Step 130 time 0.0468018 control sound timestep  0.000366143 1,1 x 0 y 0
 Wall clock 177.568
 Average time per cell 5.78946e-09
  Step time per cell    6.09237e-09
 Step 131 time 0.0471679 control sound timestep  0.000366151 1,1 x 0 y 0
 Wall clock 178.936
 Average time per cell 5.78954e-09
  Step time per cell    5.79942e-09
 Step 132 time 0.0475341 control sound timestep  0.00036616 1,1 x 0 y 0
 Wall clock 180.306
 Average time per cell 5.78968e-09
  Step time per cell    5.80739e-09
 Step 133 time 0.0479003 control sound timestep  0.000366177 1,1 x 0 y 0
 Wall clock 181.675
 Average time per cell 5.78977e-09
  Step time per cell    5.80175e-09
 Step 134 time 0.0482664 control sound timestep  0.000366195 1,1 x 0 y 0
 Wall clock 183.041
 Average time per cell 5.78978e-09
  Step time per cell    5.7911e-09
 Step 135 time 0.0486326 control sound timestep  0.000366211 1,1 x 0 y 0
 Wall clock 184.418
 Average time per cell 5.7901e-09
  Step time per cell    5.83334e-09
 Step 136 time 0.0489988 control sound timestep  0.000366227 1,1 x 0 y 0
 Wall clock 185.782
 Average time per cell 5.79005e-09
  Step time per cell    5.78237e-09
 Step 137 time 0.0493651 control sound timestep  0.000366248 1,1 x 0 y 0
 Wall clock 187.155
 Average time per cell 5.79027e-09
  Step time per cell    5.81952e-09
 Step 138 time 0.0497313 control sound timestep  0.000366273 1,1 x 0 y 0
 Wall clock 188.524
 Average time per cell 5.79036e-09
  Step time per cell    5.80251e-09
 Step 139 time 0.0500976 control sound timestep  0.000366291 1,1 x 0 y 0
 Wall clock 189.89
 Average time per cell 5.79036e-09
  Step time per cell    5.78999e-09
 Step 140 time 0.0504639 control sound timestep  0.000366292 1,1 x 0 y 0
 Wall clock 191.327
 Average time per cell 5.7925e-09
  Step time per cell    6.09012e-09
 Step 141 time 0.0508302 control sound timestep  0.000366288 1,1 x 0 y 0
 Wall clock 192.698
 Average time per cell 5.79262e-09
  Step time per cell    5.8097e-09
 Step 142 time 0.0511965 control sound timestep  0.000366292 1,1 x 0 y 0
 Wall clock 194.066
 Average time per cell 5.79267e-09
  Step time per cell    5.79904e-09
 Step 143 time 0.0515627 control sound timestep  0.000366301 1,1 x 0 y 0
 Wall clock 195.438
 Average time per cell 5.79283e-09
  Step time per cell    5.81503e-09
 Step 144 time 0.051929 control sound timestep  0.000366308 1,1 x 0 y 0
 Wall clock 196.803
 Average time per cell 5.79279e-09
  Step time per cell    5.7869e-09
 Step 145 time 0.0522954 control sound timestep  0.000366316 1,1 x 0 y 0
 Wall clock 198.177
 Average time per cell 5.79299e-09
  Step time per cell    5.82158e-09
 Step 146 time 0.0526617 control sound timestep  0.000366324 1,1 x 0 y 0
 Wall clock 199.548
 Average time per cell 5.79311e-09
  Step time per cell    5.81061e-09
 Step 147 time 0.053028 control sound timestep  0.000366336 1,1 x 0 y 0
 Wall clock 200.92
 Average time per cell 5.79328e-09
  Step time per cell    5.81733e-09
 Step 148 time 0.0533943 control sound timestep  0.000366353 1,1 x 0 y 0
 Wall clock 202.289
 Average time per cell 5.79334e-09
  Step time per cell    5.8024e-09
 Step 149 time 0.0537607 control sound timestep  0.000366368 1,1 x 0 y 0
 Wall clock 203.669
 Average time per cell 5.7937e-09
  Step time per cell    5.84634e-09
 Step 150 time 0.0541271 control sound timestep  0.000366382 1,1 x 0 y 0
 Wall clock 205.107
 Average time per cell 5.7957e-09
  Step time per cell    6.09443e-09
 Step 151 time 0.0544934 control sound timestep  0.000366399 1,1 x 0 y 0
 Wall clock 206.481
 Average time per cell 5.79591e-09
  Step time per cell    5.82648e-09
 Step 152 time 0.0548598 control sound timestep  0.000366421 1,1 x 0 y 0
 Wall clock 207.853
 Average time per cell 5.79602e-09
  Step time per cell    5.81249e-09
 Step 153 time 0.0552263 control sound timestep  0.000366444 1,1 x 0 y 0
 Wall clock 209.228
 Average time per cell 5.79623e-09
  Step time per cell    5.82719e-09
 Step 154 time 0.0555927 control sound timestep  0.000366446 1,1 x 0 y 0
 Wall clock 210.593
 Average time per cell 5.79616e-09
  Step time per cell    5.78651e-09
 Step 155 time 0.0559591 control sound timestep  0.000366445 1,1 x 0 y 0
 Wall clock 211.967
 Average time per cell 5.79634e-09
  Step time per cell    5.82381e-09
 Step 156 time 0.0563256 control sound timestep  0.000366445 1,1 x 0 y 0
 Wall clock 213.338
 Average time per cell 5.79644e-09
  Step time per cell    5.81037e-09
 Step 157 time 0.056692 control sound timestep  0.000366452 1,1 x 0 y 0
 Wall clock 214.711
 Average time per cell 5.79658e-09
  Step time per cell    5.81865e-09
 Step 158 time 0.0570585 control sound timestep  0.000366459 1,1 x 0 y 0
 Wall clock 216.08
 Average time per cell 5.79663e-09
  Step time per cell    5.80432e-09
 Step 159 time 0.0574249 control sound timestep  0.000366466 1,1 x 0 y 0
 Wall clock 217.46
 Average time per cell 5.79696e-09
  Step time per cell    5.84918e-09
 Step 160 time 0.0577914 control sound timestep  0.000366473 1,1 x 0 y 0
 Wall clock 218.9
 Average time per cell 5.79887e-09
  Step time per cell    6.1016e-09
 Step 161 time 0.0581579 control sound timestep  0.000366482 1,1 x 0 y 0
 Wall clock 220.274
 Average time per cell 5.79903e-09
  Step time per cell    5.82446e-09
 Step 162 time 0.0585244 control sound timestep  0.000366498 1,1 x 0 y 0
 Wall clock 221.648
 Average time per cell 5.79917e-09
  Step time per cell    5.82185e-09
 Step 163 time 0.0588909 control sound timestep  0.000366512 1,1 x 0 y 0
 Wall clock 223.023
 Average time per cell 5.79937e-09
  Step time per cell    5.83104e-09
 Step 164 time 0.0592574 control sound timestep  0.000366525 1,1 x 0 y 0
 Wall clock 224.388
 Average time per cell 5.79927e-09
  Step time per cell    5.78295e-09
 Step 165 time 0.0596239 control sound timestep  0.000366539 1,1 x 0 y 0
 Wall clock 225.763
 Average time per cell 5.79944e-09
  Step time per cell    5.82753e-09
 Step 166 time 0.0599904 control sound timestep  0.000366558 1,1 x 0 y 0
 Wall clock 227.135
 Average time per cell 5.79953e-09
  Step time per cell    5.81471e-09
 Step 167 time 0.060357 control sound timestep  0.00036658 1,1 x 0 y 0
 Wall clock 228.509
 Average time per cell 5.79967e-09
  Step time per cell    5.82225e-09
 Step 168 time 0.0607236 control sound timestep  0.000366586 1,1 x 0 y 0
 Wall clock 229.882
 Average time per cell 5.7998e-09
  Step time per cell    5.82042e-09
 Step 169 time 0.0610902 control sound timestep  0.000366586 1,1 x 0 y 0
 Wall clock 231.258
 Average time per cell 5.79999e-09
  Step time per cell    5.83176e-09
 Step 170 time 0.0614568 control sound timestep  0.000366585 1,1 x 0 y 0
 Wall clock 232.696
 Average time per cell 5.80172e-09
  Step time per cell    6.09386e-09
 Step 171 time 0.0618233 control sound timestep  0.00036659 1,1 x 0 y 0
 Wall clock 234.069
 Average time per cell 5.80183e-09
  Step time per cell    5.82083e-09
 Step 172 time 0.0621899 control sound timestep  0.000366597 1,1 x 0 y 0
 Wall clock 235.442
 Average time per cell 5.80194e-09
  Step time per cell    5.82082e-09
 Step 173 time 0.0625565 control sound timestep  0.000366603 1,1 x 0 y 0
 Wall clock 236.816
 Average time per cell 5.80208e-09
  Step time per cell    5.82476e-09
 Step 174 time 0.0629231 control sound timestep  0.000366609 1,1 x 0 y 0
 Wall clock 238.185
 Average time per cell 5.80207e-09
  Step time per cell    5.80087e-09
 Step 175 time 0.0632897 control sound timestep  0.000366616 1,1 x 0 y 0
 Wall clock 239.564
 Average time per cell 5.80231e-09
  Step time per cell    5.84399e-09
 Step 176 time 0.0636564 control sound timestep  0.000366631 1,1 x 0 y 0
 Wall clock 240.935
 Average time per cell 5.80237e-09
  Step time per cell    5.81177e-09
 Step 177 time 0.064023 control sound timestep  0.000366644 1,1 x 0 y 0
 Wall clock 242.313
 Average time per cell 5.80259e-09
  Step time per cell    5.84138e-09
 Step 178 time 0.0643896 control sound timestep  0.000366656 1,1 x 0 y 0
 Wall clock 243.682
 Average time per cell 5.80257e-09
  Step time per cell    5.79871e-09
 Step 179 time 0.0647563 control sound timestep  0.000366668 1,1 x 0 y 0
 Wall clock 245.056
 Average time per cell 5.8027e-09
  Step time per cell    5.82675e-09
 Step 180 time 0.065123 control sound timestep  0.000366685 1,1 x 0 y 0
 Wall clock 246.496
 Average time per cell 5.80438e-09
  Step time per cell    6.10372e-09
 Step 181 time 0.0654896 control sound timestep  0.000366704 1,1 x 0 y 0
 Wall clock 247.873
 Average time per cell 5.80454e-09
  Step time per cell    5.83401e-09
 Step 182 time 0.0658563 control sound timestep  0.000366715 1,1 x 0 y 0
 Wall clock 249.241
 Average time per cell 5.80451e-09
  Step time per cell    5.79748e-09
 Step 183 time 0.0662231 control sound timestep  0.000366716 1,1 x 0 y 0
 Wall clock 250.616
 Average time per cell 5.80463e-09
  Step time per cell    5.82764e-09
 Step 184 time 0.0665898 control sound timestep  0.000366713 1,1 x 0 y 0
 Wall clock 251.984
 Average time per cell 5.8046e-09
  Step time per cell    5.79784e-09
 Step 185 time 0.0669565 control sound timestep  0.000366717 1,1 x 0 y 0
 Wall clock 253.369
 Average time per cell 5.80496e-09
  Step time per cell    5.8722e-09
 Step 186 time 0.0673232 control sound timestep  0.000366724 1,1 x 0 y 0
 Wall clock 254.739
 Average time per cell 5.80498e-09
  Step time per cell    5.80675e-09
 Step 187 time 0.0676899 control sound timestep  0.000366729 1,1 x 0 y 0
 Wall clock 256.123
 Average time per cell 5.8053e-09
  Step time per cell    5.86492e-09
 Step 188 time 0.0680567 control sound timestep  0.000366735 1,1 x 0 y 0
 Wall clock 257.495
 Average time per cell 5.80535e-09
  Step time per cell    5.81518e-09
 Step 189 time 0.0684234 control sound timestep  0.000366742 1,1 x 0 y 0
 Wall clock 258.856
 Average time per cell 5.80515e-09
  Step time per cell    5.76733e-09
 Step 190 time 0.0687901 control sound timestep  0.000366754 1,1 x 0 y 0
 Wall clock 260.298
 Average time per cell 5.80678e-09
  Step time per cell    6.11343e-09
 Step 191 time 0.0691569 control sound timestep  0.000366766 1,1 x 0 y 0
 Wall clock 261.679
 Average time per cell 5.80702e-09
  Step time per cell    5.85254e-09
 Step 192 time 0.0695237 control sound timestep  0.000366777 1,1 x 0 y 0
 Wall clock 263.051
 Average time per cell 5.80707e-09
  Step time per cell    5.8171e-09
 Step 193 time 0.0698904 control sound timestep  0.000366789 1,1 x 0 y 0
 Wall clock 264.417
 Average time per cell 5.80697e-09
  Step time per cell    5.78783e-09
 Step 194 time 0.0702572 control sound timestep  0.000366803 1,1 x 0 y 0
 Wall clock 265.783
 Average time per cell 5.80688e-09
  Step time per cell    5.78856e-09
 Step 195 time 0.070624 control sound timestep  0.000366821 1,1 x 0 y 0
 Wall clock 267.164
 Average time per cell 5.80713e-09
  Step time per cell    5.85615e-09
 Step 196 time 0.0709908 control sound timestep  0.000366835 1,1 x 0 y 0
 Wall clock 268.536
 Average time per cell 5.80717e-09
  Step time per cell    5.81482e-09
 Step 197 time 0.0713577 control sound timestep  0.000366836 1,1 x 0 y 0
 Wall clock 269.916
 Average time per cell 5.80737e-09
  Step time per cell    5.84513e-09
 Step 198 time 0.0717245 control sound timestep  0.000366833 1,1 x 0 y 0
 Wall clock 271.289
 Average time per cell 5.80743e-09
  Step time per cell    5.8196e-09
 Step 199 time 0.0720913 control sound timestep  0.000366836 1,1 x 0 y 0
 Wall clock 272.663
 Average time per cell 5.80752e-09
  Step time per cell    5.82441e-09
 Step 200 time 0.0724582 control sound timestep  0.000366842 1,1 x 0 y 0
 Wall clock 274.115
 Average time per cell 5.80925e-09
  Step time per cell    6.15466e-09
 Step 201 time 0.072825 control sound timestep  0.000366847 1,1 x 0 y 0
 Wall clock 275.488
 Average time per cell 5.80931e-09
  Step time per cell    5.82007e-09
 Step 202 time 0.0731919 control sound timestep  0.000366853 1,1 x 0 y 0
 Wall clock 276.858
 Average time per cell 5.8093e-09
  Step time per cell    5.80745e-09
 Step 203 time 0.0735587 control sound timestep  0.000366859 1,1 x 0 y 0
 Wall clock 278.233
 Average time per cell 5.80938e-09
  Step time per cell    5.82492e-09
 Step 204 time 0.0739256 control sound timestep  0.000366869 1,1 x 0 y 0
 Wall clock 279.612
 Average time per cell 5.80955e-09
  Step time per cell    5.84475e-09
 Step 205 time 0.0742925 control sound timestep  0.000366881 1,1 x 0 y 0
 Wall clock 280.994
 Average time per cell 5.80979e-09
  Step time per cell    5.85715e-09
 Step 206 time 0.0746593 control sound timestep  0.000366892 1,1 x 0 y 0
 Wall clock 282.364
 Average time per cell 5.80978e-09
  Step time per cell    5.80777e-09
 Step 207 time 0.0750262 control sound timestep  0.000366902 1,1 x 0 y 0
 Wall clock 283.746
 Average time per cell 5.81001e-09
  Step time per cell    5.85792e-09
 Step 208 time 0.0753931 control sound timestep  0.000366915 1,1 x 0 y 0
 Wall clock 285.12
 Average time per cell 5.81007e-09
  Step time per cell    5.82113e-09
 Step 209 time 0.07576 control sound timestep  0.000366932 1,1 x 0 y 0
 Wall clock 286.502
 Average time per cell 5.81031e-09
  Step time per cell    5.85999e-09
 Step 210 time 0.076127 control sound timestep  0.000366947 1,1 x 0 y 0
 Wall clock 287.954
 Average time per cell 5.81193e-09
  Step time per cell    6.15169e-09
 Step 211 time 0.0764939 control sound timestep  0.000366948 1,1 x 0 y 0
 Wall clock 289.326
 Average time per cell 5.81196e-09
  Step time per cell    5.81686e-09
 Step 212 time 0.0768609 control sound timestep  0.000366945 1,1 x 0 y 0
 Wall clock 290.703
 Average time per cell 5.81207e-09
  Step time per cell    5.83578e-09
 Step 213 time 0.0772278 control sound timestep  0.000366947 1,1 x 0 y 0
 Wall clock 292.082
 Average time per cell 5.81222e-09
  Step time per cell    5.84436e-09
 Step 214 time 0.0775948 control sound timestep  0.000366952 1,1 x 0 y 0
 Wall clock 293.454
 Average time per cell 5.81224e-09
  Step time per cell    5.81627e-09
 Step 215 time 0.0779617 control sound timestep  0.000366958 1,1 x 0 y 0
 Wall clock 294.831
 Average time per cell 5.81236e-09
  Step time per cell    5.83697e-09
 Step 216 time 0.0783287 control sound timestep  0.000366963 1,1 x 0 y 0
 Wall clock 296.202
 Average time per cell 5.81236e-09
  Step time per cell    5.81142e-09
 Step 217 time 0.0786956 control sound timestep  0.000366968 1,1 x 0 y 0
 Wall clock 297.578
 Average time per cell 5.81245e-09
  Step time per cell    5.83229e-09
 Step 218 time 0.0790626 control sound timestep  0.000366977 1,1 x 0 y 0
 Wall clock 298.949
 Average time per cell 5.81244e-09
  Step time per cell    5.80993e-09
 Step 219 time 0.0794296 control sound timestep  0.000366989 1,1 x 0 y 0
 Wall clock 300.331
 Average time per cell 5.81265e-09
  Step time per cell    5.85726e-09
 Step 220 time 0.0797966 control sound timestep  0.000366999 1,1 x 0 y 0
 Wall clock 301.783
 Average time per cell 5.8142e-09
  Step time per cell    6.15515e-09
 Step 221 time 0.0801636 control sound timestep  0.000367009 1,1 x 0 y 0
 Wall clock 303.164
 Average time per cell 5.81437e-09
  Step time per cell    5.85062e-09
 Step 222 time 0.0805306 control sound timestep  0.000367021 1,1 x 0 y 0
 Wall clock 304.54
 Average time per cell 5.81445e-09
  Step time per cell    5.83293e-09
 Step 223 time 0.0808976 control sound timestep  0.000367036 1,1 x 0 y 0
 Wall clock 305.922
 Average time per cell 5.81464e-09
  Step time per cell    5.85596e-09
 Step 224 time 0.0812646 control sound timestep  0.000367052 1,1 x 0 y 0
 Wall clock 307.299
 Average time per cell 5.81475e-09
  Step time per cell    5.83891e-09
 Step 225 time 0.0816317 control sound timestep  0.000367052 1,1 x 0 y 0
 Wall clock 308.671
 Average time per cell 5.81475e-09
  Step time per cell    5.81455e-09
 Step 226 time 0.0819987 control sound timestep  0.00036705 1,1 x 0 y 0
 Wall clock 310.043
 Average time per cell 5.81476e-09
  Step time per cell    5.81543e-09
 Step 227 time 0.0823658 control sound timestep  0.000367051 1,1 x 0 y 0
 Wall clock 311.424
 Average time per cell 5.81492e-09
  Step time per cell    5.85279e-09
 Step 228 time 0.0827328 control sound timestep  0.000367056 1,1 x 0 y 0
 Wall clock 312.794
 Average time per cell 5.81489e-09
  Step time per cell    5.80655e-09
 Step 229 time 0.0830999 control sound timestep  0.000367062 1,1 x 0 y 0
 Wall clock 314.175
 Average time per cell 5.81506e-09
  Step time per cell    5.85339e-09
 Step 230 time 0.083467 control sound timestep  0.000367066 1,1 x 0 y 0
 Wall clock 315.618
 Average time per cell 5.81635e-09
  Step time per cell    6.11292e-09
 Step 231 time 0.083834 control sound timestep  0.000367071 1,1 x 0 y 0
 Wall clock 316.997
 Average time per cell 5.81648e-09
  Step time per cell    5.84646e-09
 Step 232 time 0.0842011 control sound timestep  0.000367079 1,1 x 0 y 0
 Wall clock 318.367
 Average time per cell 5.81644e-09
  Step time per cell    5.80685e-09
 Step 233 time 0.0845682 control sound timestep  0.000367091 1,1 x 0 y 0
 Wall clock 319.744
 Average time per cell 5.81652e-09
  Step time per cell    5.835e-09
 Step 234 time 0.0849353 control sound timestep  0.0003671 1,1 x 0 y 0
 Wall clock 321.115
 Average time per cell 5.81652e-09
  Step time per cell    5.8142e-09
 Step 235 time 0.0853024 control sound timestep  0.00036711 1,1 x 0 y 0
 Wall clock 322.494
 Average time per cell 5.81663e-09
  Step time per cell    5.84411e-09
 Step 236 time 0.0856695 control sound timestep  0.000367121 1,1 x 0 y 0
 Wall clock 323.868
 Average time per cell 5.81666e-09
  Step time per cell    5.8218e-09
 Step 237 time 0.0860366 control sound timestep  0.000367135 1,1 x 0 y 0
 Wall clock 325.251
 Average time per cell 5.81685e-09
  Step time per cell    5.86097e-09
 Step 238 time 0.0864037 control sound timestep  0.000367151 1,1 x 0 y 0
 Wall clock 326.625
 Average time per cell 5.81688e-09
  Step time per cell    5.82498e-09
 Step 239 time 0.0867709 control sound timestep  0.000367151 1,1 x 0 y 0
 Wall clock 328.006
 Average time per cell 5.81703e-09
  Step time per cell    5.85344e-09
 Step 240 time 0.087138 control sound timestep  0.00036715 1,1 x 0 y 0
 Wall clock 329.452
 Average time per cell 5.81833e-09
  Step time per cell    6.12762e-09
 Step 241 time 0.0875052 control sound timestep  0.00036715 1,1 x 0 y 0
 Wall clock 330.831
 Average time per cell 5.81845e-09
  Step time per cell    5.84709e-09
 Step 242 time 0.0878723 control sound timestep  0.000367155 1,1 x 0 y 0
 Wall clock 332.202
 Average time per cell 5.8184e-09
  Step time per cell    5.80704e-09
 Step 243 time 0.0882395 control sound timestep  0.00036716 1,1 x 0 y 0
 Wall clock 333.579
 Average time per cell 5.81849e-09
  Step time per cell    5.83846e-09
 Step 244 time 0.0886066 control sound timestep  0.000367164 1,1 x 0 y 0
 Wall clock 334.95
 Average time per cell 5.81845e-09
  Step time per cell    5.80881e-09
 Step 245 time 0.0889738 control sound timestep  0.000367169 1,1 x 0 y 0
 Wall clock 336.334
 Average time per cell 5.81865e-09
  Step time per cell    5.86762e-09
 Step 246 time 0.089341 control sound timestep  0.000367177 1,1 x 0 y 0
 Wall clock 337.704
 Average time per cell 5.8186e-09
  Step time per cell    5.80586e-09
 Step 247 time 0.0897082 control sound timestep  0.000367187 1,1 x 0 y 0
 Wall clock 339.084
 Average time per cell 5.81873e-09
  Step time per cell    5.85086e-09
 Step 248 time 0.0900753 control sound timestep  0.000367197 1,1 x 0 y 0
 Wall clock 340.461
 Average time per cell 5.8188e-09
  Step time per cell    5.83455e-09
 Step 249 time 0.0904425 control sound timestep  0.000367205 1,1 x 0 y 0
 Wall clock 341.838
 Average time per cell 5.81888e-09
  Step time per cell    5.83839e-09
 Step 250 time 0.0908097 control sound timestep  0.000367216 1,1 x 0 y 0
 Wall clock 343.287
 Average time per cell 5.82016e-09
  Step time per cell    6.14058e-09
 Step 251 time 0.091177 control sound timestep  0.000367229 1,1 x 0 y 0
 Wall clock 344.669
 Average time per cell 5.82031e-09
  Step time per cell    5.85673e-09
 Step 252 time 0.0915442 control sound timestep  0.000367244 1,1 x 0 y 0
 Wall clock 346.042
 Average time per cell 5.82031e-09
  Step time per cell    5.81889e-09
 Step 253 time 0.0919114 control sound timestep  0.000367245 1,1 x 0 y 0
 Wall clock 347.42
 Average time per cell 5.82038e-09
  Step time per cell    5.83932e-09
 Step 254 time 0.0922787 control sound timestep  0.000367243 1,1 x 0 y 0
 Wall clock 348.797
 Average time per cell 5.82044e-09
  Step time per cell    5.83592e-09
 Step 255 time 0.0926459 control sound timestep  0.000367244 1,1 x 0 y 0
 Wall clock 350.179
 Average time per cell 5.82059e-09
  Step time per cell    5.85793e-09
 Step 256 time 0.0930132 control sound timestep  0.000367248 1,1 x 0 y 0
 Wall clock 351.549
 Average time per cell 5.82055e-09
  Step time per cell    5.80959e-09
 Step 257 time 0.0933804 control sound timestep  0.000367253 1,1 x 0 y 0
 Wall clock 352.928
 Average time per cell 5.82064e-09
  Step time per cell    5.84197e-09
 Step 258 time 0.0937477 control sound timestep  0.000367257 1,1 x 0 y 0
 Wall clock 354.301
 Average time per cell 5.82063e-09
  Step time per cell    5.81899e-09
 Step 259 time 0.0941149 control sound timestep  0.000367262 1,1 x 0 y 0
 Wall clock 355.684
 Average time per cell 5.82079e-09
  Step time per cell    5.86237e-09
 Step 260 time 0.0944822 control sound timestep  0.000367269 1,1 x 0 y 0
 Wall clock 357.133
 Average time per cell 5.82202e-09
  Step time per cell    6.13957e-09
 Step 261 time 0.0948495 control sound timestep  0.000367279 1,1 x 0 y 0
 Wall clock 358.507
 Average time per cell 5.82203e-09
  Step time per cell    5.82598e-09
 Step 262 time 0.0952167 control sound timestep  0.000367288 1,1 x 0 y 0
 Wall clock 359.887
 Average time per cell 5.82214e-09
  Step time per cell    5.84902e-09
 Step 263 time 0.095584 control sound timestep  0.000367297 1,1 x 0 y 0
 Wall clock 361.267
 Average time per cell 5.82224e-09
  Step time per cell    5.84752e-09
 Step 264 time 0.0959513 control sound timestep  0.000367307 1,1 x 0 y 0
 Wall clock 362.641
 Average time per cell 5.82224e-09
  Step time per cell    5.82364e-09
 Step 265 time 0.0963186 control sound timestep  0.00036732 1,1 x 0 y 0
 Wall clock 364.027
 Average time per cell 5.82245e-09
  Step time per cell    5.87615e-09
 Step 266 time 0.0966859 control sound timestep  0.000367334 1,1 x 0 y 0
 Wall clock 365.397
 Average time per cell 5.82239e-09
  Step time per cell    5.80642e-09
 Step 267 time 0.0970533 control sound timestep  0.000367334 1,1 x 0 y 0
 Wall clock 366.779
 Average time per cell 5.82252e-09
  Step time per cell    5.85804e-09
 Step 268 time 0.0974206 control sound timestep  0.000367332 1,1 x 0 y 0
 Wall clock 368.151
 Average time per cell 5.8225e-09
  Step time per cell    5.81589e-09
 Step 269 time 0.0977879 control sound timestep  0.000367333 1,1 x 0 y 0
 Wall clock 369.532
 Average time per cell 5.82261e-09
  Step time per cell    5.85298e-09
 Step 270 time 0.0981553 control sound timestep  0.000367338 1,1 x 0 y 0
 Wall clock 370.977
 Average time per cell 5.82372e-09
  Step time per cell    6.1216e-09
 Step 271 time 0.0985226 control sound timestep  0.000367342 1,1 x 0 y 0
 Wall clock 372.358
 Average time per cell 5.82383e-09
  Step time per cell    5.85228e-09
 Step 272 time 0.09889 control sound timestep  0.000367346 1,1 x 0 y 0
 Wall clock 373.727
 Average time per cell 5.82375e-09
  Step time per cell    5.80263e-09
 Step 273 time 0.0992573 control sound timestep  0.00036735 1,1 x 0 y 0
 Wall clock 375.108
 Average time per cell 5.82387e-09
  Step time per cell    5.85626e-09
 Step 274 time 0.0996247 control sound timestep  0.000367358 1,1 x 0 y 0
 Wall clock 376.484
 Average time per cell 5.8239e-09
  Step time per cell    5.8324e-09
 Step 275 time 0.099992 control sound timestep  0.000367367 1,1 x 0 y 0
 Wall clock 377.862
 Average time per cell 5.82396e-09
  Step time per cell    5.83862e-09
 Step 276 time 0.100359 control sound timestep  0.000367376 1,1 x 0 y 0
 Wall clock 379.241
 Average time per cell 5.82404e-09
  Step time per cell    5.84607e-09
 Step 277 time 0.100727 control sound timestep  0.000367384 1,1 x 0 y 0
 Wall clock 380.626
 Average time per cell 5.8242e-09
  Step time per cell    5.86946e-09
 Step 278 time 0.101094 control sound timestep  0.000367394 1,1 x 0 y 0
 Wall clock 382.002
 Average time per cell 5.82422e-09
  Step time per cell    5.8292e-09
 Step 279 time 0.101462 control sound timestep  0.000367406 1,1 x 0 y 0
 Wall clock 383.383
 Average time per cell 5.82433e-09
  Step time per cell    5.85345e-09
 Step 280 time 0.101829 control sound timestep  0.000367419 1,1 x 0 y 0
 Wall clock 384.827
 Average time per cell 5.82539e-09
  Step time per cell    6.12204e-09
 Step 281 time 0.102196 control sound timestep  0.000367419 1,1 x 0 y 0
 Wall clock 386.206
 Average time per cell 5.82546e-09
  Step time per cell    5.84326e-09
 Step 282 time 0.102564 control sound timestep  0.000367417 1,1 x 0 y 0
 Wall clock 387.583
 Average time per cell 5.8255e-09
  Step time per cell    5.83804e-09
 Step 283 time 0.102931 control sound timestep  0.000367418 1,1 x 0 y 0
 Wall clock 388.959
 Average time per cell 5.82552e-09
  Step time per cell    5.83024e-09
 Step 284 time 0.103299 control sound timestep  0.000367423 1,1 x 0 y 0
 Wall clock 390.339
 Average time per cell 5.8256e-09
  Step time per cell    5.84797e-09
 Step 285 time 0.103666 control sound timestep  0.000367427 1,1 x 0 y 0
 Wall clock 391.72
 Average time per cell 5.82571e-09
  Step time per cell    5.85714e-09
 Step 286 time 0.104033 control sound timestep  0.000367431 1,1 x 0 y 0
 Wall clock 393.09
 Average time per cell 5.82564e-09
  Step time per cell    5.80416e-09
 Step 287 time 0.104401 control sound timestep  0.000367435 1,1 x 0 y 0
 Wall clock 394.468
 Average time per cell 5.8257e-09
  Step time per cell    5.84238e-09
 Step 288 time 0.104768 control sound timestep  0.000367442 1,1 x 0 y 0
 Wall clock 395.842
 Average time per cell 5.82568e-09
  Step time per cell    5.82048e-09
 Step 289 time 0.105136 control sound timestep  0.000367452 1,1 x 0 y 0
 Wall clock 397.226
 Average time per cell 5.82583e-09
  Step time per cell    5.86888e-09
 Step 290 time 0.105503 control sound timestep  0.00036746 1,1 x 0 y 0
 Wall clock 398.677
 Average time per cell 5.82695e-09
  Step time per cell    6.15011e-09
 Step 291 time 0.105871 control sound timestep  0.000367468 1,1 x 0 y 0
 Wall clock 400.053
 Average time per cell 5.82697e-09
  Step time per cell    5.83243e-09
 Step 292 time 0.106238 control sound timestep  0.000367477 1,1 x 0 y 0
 Wall clock 401.424
 Average time per cell 5.8269e-09
  Step time per cell    5.80706e-09
 Step 293 time 0.106606 control sound timestep  0.00036749 1,1 x 0 y 0
 Wall clock 402.808
 Average time per cell 5.82704e-09
  Step time per cell    5.86644e-09
 Step 294 time 0.106973 control sound timestep  0.0003675 1,1 x 0 y 0
 Wall clock 404.18
 Average time per cell 5.827e-09
  Step time per cell    5.81544e-09
 Step 295 time 0.107341 control sound timestep  0.000367501 1,1 x 0 y 0
 Wall clock 405.562
 Average time per cell 5.82711e-09
  Step time per cell    5.8587e-09
 Step 296 time 0.107708 control sound timestep  0.000367498 1,1 x 0 y 0
 Wall clock 406.936
 Average time per cell 5.82709e-09
  Step time per cell    5.82217e-09
 Step 297 time 0.108076 control sound timestep  0.0003675 1,1 x 0 y 0
 Wall clock 408.315
 Average time per cell 5.82715e-09
  Step time per cell    5.84347e-09
 Step 298 time 0.108443 control sound timestep  0.000367504 1,1 x 0 y 0
 Wall clock 409.695
 Average time per cell 5.82723e-09
  Step time per cell    5.85141e-09
 Step 299 time 0.108811 control sound timestep  0.000367508 1,1 x 0 y 0
 Wall clock 411.082
 Average time per cell 5.8274e-09
  Step time per cell    5.87881e-09
 Step 300 time 0.109178 control sound timestep  0.000367512 1,1 x 0 y 0
 Wall clock 412.607
 First step overhead 0
Result:
 - Problem: none
 - Outcome: PASSED
