---
Devices:
 0: Host CPU
CloverLeaf:
 - Ver.:     2.000
 - Deck:     /home/labpc/work/cipp/CloverLeaf/InputDecks/clover_bm256_300.in
 - Out:      clover.out
 - Profiler: deck-specified
MPI:
 - Enabled:     false
 - Total ranks: 1
 - Header device-awareness (CUDA-awareness):  unknown
 - Runtime device-awareness (CUDA-awareness): unknown
 - Host-Device halo exchange staging buffer:  true
Model:
 - Name:      OpenMP (CPU)
 - Execution: Host
# ---- 
Output: |+1
 Output file clover.out opened. All output will go there.
 Args: --file /home/labpc/work/cipp/CloverLeaf/InputDecks/clover_bm256_300.in
 Using input: `/home/labpc/work/cipp/CloverLeaf/InputDecks/clover_bm256_300.in`
 Problem initialised and generated
 Launching hydro
 Step 1 time 0 control sound timestep  0.000385161 1,1 x 0 y 0
 Wall clock 1.45159
 Average time per cell 6.15264e-09
  Step time per cell    6.15264e-09
 Step 2 time 0.000385161 control sound timestep  0.000235099 1,1 x 0 y 0
 Wall clock 2.90596
 Average time per cell 6.15854e-09
  Step time per cell    6.16429e-09
 Step 3 time 0.000620261 control sound timestep  0.000298723 1,1 x 0 y 0
 Wall clock 4.35885
 Average time per cell 6.1584e-09
  Step time per cell    6.158e-09
 Step 4 time 0.000918984 control sound timestep  0.000314746 1,1 x 0 y 0
 Wall clock 5.81023
 Average time per cell 6.15675e-09
  Step time per cell    6.15167e-09
 Step 5 time 0.00123373 control sound timestep  0.000346361 1,1 x 0 y 0
 Wall clock 7.25864
 Average time per cell 6.15323e-09
  Step time per cell    6.13905e-09
 Step 6 time 0.00158009 control sound timestep  0.00034558 1,1 x 0 y 0
 Wall clock 8.72206
 Average time per cell 6.16148e-09
  Step time per cell    6.20263e-09
 Step 7 time 0.00192567 control sound timestep  0.000352154 1,1 x 0 y 0
 Wall clock 10.1748
 Average time per cell 6.1609e-09
  Step time per cell    6.15713e-09
 Step 8 time 0.00227782 control sound timestep  0.000370384 1,1 x 0 y 0
 Wall clock 11.6159
 Average time per cell 6.15435e-09
  Step time per cell    6.10822e-09
 Step 9 time 0.00264821 control sound timestep  0.000366391 1,1 x 0 y 0
 Wall clock 13.0661
 Average time per cell 6.15347e-09
  Step time per cell    6.14619e-09
 Step 10 time 0.0030146 control sound timestep  0.000363789 1,1 x 0 y 0
 Wall clock 14.5949
 Average time per cell 6.18611e-09
  Step time per cell    6.47958e-09
 Step 11 time 0.00337839 control sound timestep  0.000361224 1,1 x 0 y 0
 Wall clock 16.0458
 Average time per cell 6.1828e-09
  Step time per cell    6.14967e-09
 Step 12 time 0.00373961 control sound timestep  0.000359796 1,1 x 0 y 0
 Wall clock 17.4821
 Average time per cell 6.17489e-09
  Step time per cell    6.08767e-09
 Step 13 time 0.00409941 control sound timestep  0.000360678 1,1 x 0 y 0
 Wall clock 18.9172
 Average time per cell 6.16781e-09
  Step time per cell    6.08266e-09
 Step 14 time 0.00446009 control sound timestep  0.000362113 1,1 x 0 y 0
 Wall clock 20.3489
 Average time per cell 6.1607e-09
  Step time per cell    6.06814e-09
 Step 15 time 0.0048222 control sound timestep  0.000362661 1,1 x 0 y 0
 Wall clock 21.7846
 Average time per cell 6.15569e-09
  Step time per cell    6.08531e-09
 Step 16 time 0.00518486 control sound timestep  0.000362812 1,1 x 0 y 0
 Wall clock 23.214
 Average time per cell 6.14962e-09
  Step time per cell    6.05841e-09
 Step 17 time 0.00554767 control sound timestep  0.000362988 1,1 x 0 y 0
 Wall clock 24.6346
 Average time per cell 6.14206e-09
  Step time per cell    6.02072e-09
 Step 18 time 0.00591066 control sound timestep  0.000363082 1,1 x 0 y 0
 Wall clock 26.0906
 Average time per cell 6.14368e-09
  Step time per cell    6.171e-09
 Step 19 time 0.00627374 control sound timestep  0.000363112 1,1 x 0 y 0
 Wall clock 27.5146
 Average time per cell 6.138e-09
  Step time per cell    6.03555e-09
 Step 20 time 0.00663686 control sound timestep  0.00036317 1,1 x 0 y 0
 Wall clock 29.0203
 Average time per cell 6.1502e-09
  Step time per cell    6.3818e-09
 Step 21 time 0.00700003 control sound timestep  0.000363365 1,1 x 0 y 0
 Wall clock 30.4634
 Average time per cell 6.14861e-09
  Step time per cell    6.11676e-09
 Step 22 time 0.00736339 control sound timestep  0.00036347 1,1 x 0 y 0
 Wall clock 31.8765
 Average time per cell 6.14138e-09
  Step time per cell    5.98916e-09
 Step 23 time 0.00772686 control sound timestep  0.000363513 1,1 x 0 y 0
 Wall clock 33.2889
 Average time per cell 6.13465e-09
  Step time per cell    5.98638e-09
 Step 24 time 0.00809037 control sound timestep  0.000363629 1,1 x 0 y 0
 Wall clock 34.7078
 Average time per cell 6.12961e-09
  Step time per cell    6.0136e-09
 Step 25 time 0.008454 control sound timestep  0.000363732 1,1 x 0 y 0
 Wall clock 36.1148
 Average time per cell 6.12297e-09
  Step time per cell    5.96337e-09
 Step 26 time 0.00881773 control sound timestep  0.000363825 1,1 x 0 y 0
 Wall clock 37.5176
 Average time per cell 6.11617e-09
  Step time per cell    5.94599e-09
 Step 27 time 0.00918156 control sound timestep  0.000363914 1,1 x 0 y 0
 Wall clock 38.9321
 Average time per cell 6.1117e-09
  Step time per cell    5.99505e-09
 Step 28 time 0.00954547 control sound timestep  0.000363943 1,1 x 0 y 0
 Wall clock 40.3456
 Average time per cell 6.10739e-09
  Step time per cell    5.99092e-09
 Step 29 time 0.00990942 control sound timestep  0.000363973 1,1 x 0 y 0
 Wall clock 41.7542
 Average time per cell 6.10266e-09
  Step time per cell    5.97012e-09
 Step 30 time 0.0102734 control sound timestep  0.000363988 1,1 x 0 y 0
 Wall clock 43.2666
 Average time per cell 6.11292e-09
  Step time per cell    6.41024e-09
 Step 31 time 0.0106374 control sound timestep  0.000364002 1,1 x 0 y 0
 Wall clock 44.6834
 Average time per cell 6.10945e-09
  Step time per cell    6.00524e-09
 Step 32 time 0.0110014 control sound timestep  0.000364043 1,1 x 0 y 0
 Wall clock 46.0918
 Average time per cell 6.10508e-09
  Step time per cell    5.9694e-09
 Step 33 time 0.0113654 control sound timestep  0.000364085 1,1 x 0 y 0
 Wall clock 47.4988
 Average time per cell 6.10079e-09
  Step time per cell    5.9635e-09
 Step 34 time 0.0117295 control sound timestep  0.000364133 1,1 x 0 y 0
 Wall clock 48.8986
 Average time per cell 6.09586e-09
  Step time per cell    5.93288e-09
 Step 35 time 0.0120936 control sound timestep  0.000364198 1,1 x 0 y 0
 Wall clock 50.3073
 Average time per cell 6.09228e-09
  Step time per cell    5.97048e-09
 Step 36 time 0.0124578 control sound timestep  0.000364259 1,1 x 0 y 0
 Wall clock 51.7109
 Average time per cell 6.08832e-09
  Step time per cell    5.94933e-09
 Step 37 time 0.0128221 control sound timestep  0.000364318 1,1 x 0 y 0
 Wall clock 53.1234
 Average time per cell 6.08558e-09
  Step time per cell    5.98667e-09
 Step 38 time 0.0131864 control sound timestep  0.000364383 1,1 x 0 y 0
 Wall clock 54.5449
 Average time per cell 6.08399e-09
  Step time per cell    6.02475e-09
 Step 39 time 0.0135508 control sound timestep  0.000364422 1,1 x 0 y 0
 Wall clock 55.9462
 Average time per cell 6.08028e-09
  Step time per cell    5.93937e-09
 Step 40 time 0.0139152 control sound timestep  0.000364431 1,1 x 0 y 0
 Wall clock 57.4363
 Average time per cell 6.08617e-09
  Step time per cell    6.31555e-09
 Step 41 time 0.0142797 control sound timestep  0.000364435 1,1 x 0 y 0
 Wall clock 58.8464
 Average time per cell 6.0835e-09
  Step time per cell    5.9767e-09
 Step 42 time 0.0146441 control sound timestep  0.000364445 1,1 x 0 y 0
 Wall clock 60.2476
 Average time per cell 6.08006e-09
  Step time per cell    5.93892e-09
 Step 43 time 0.0150085 control sound timestep  0.000364471 1,1 x 0 y 0
 Wall clock 61.6555
 Average time per cell 6.07745e-09
  Step time per cell    5.96751e-09
 Step 44 time 0.015373 control sound timestep  0.000364495 1,1 x 0 y 0
 Wall clock 63.0562
 Average time per cell 6.07425e-09
  Step time per cell    5.93657e-09
 Step 45 time 0.0157375 control sound timestep  0.000364518 1,1 x 0 y 0
 Wall clock 64.4719
 Average time per cell 6.07262e-09
  Step time per cell    5.99993e-09
 Step 46 time 0.016102 control sound timestep  0.000364543 1,1 x 0 y 0
 Wall clock 65.8807
 Average time per cell 6.07041e-09
  Step time per cell    5.97106e-09
 Step 47 time 0.0164666 control sound timestep  0.000364585 1,1 x 0 y 0
 Wall clock 67.2882
 Average time per cell 6.06818e-09
  Step time per cell    5.96528e-09
 Step 48 time 0.0168311 control sound timestep  0.000364628 1,1 x 0 y 0
 Wall clock 68.693
 Average time per cell 6.06581e-09
  Step time per cell    5.95325e-09
 Step 49 time 0.0171958 control sound timestep  0.000364667 1,1 x 0 y 0
 Wall clock 70.097
 Average time per cell 6.06347e-09
  Step time per cell    5.95086e-09
 Step 50 time 0.0175604 control sound timestep  0.000364708 1,1 x 0 y 0
 Wall clock 71.5905
 Average time per cell 6.0688e-09
  Step time per cell    6.33002e-09
 Step 51 time 0.0179251 control sound timestep  0.000364758 1,1 x 0 y 0
 Wall clock 73.0024
 Average time per cell 6.06715e-09
  Step time per cell    5.98413e-09
 Step 52 time 0.0182899 control sound timestep  0.000364817 1,1 x 0 y 0
 Wall clock 74.4084
 Average time per cell 6.06508e-09
  Step time per cell    5.95939e-09
 Step 53 time 0.0186547 control sound timestep  0.000364826 1,1 x 0 y 0
 Wall clock 75.816
 Average time per cell 6.06321e-09
  Step time per cell    5.96577e-09
 Step 54 time 0.0190195 control sound timestep  0.00036483 1,1 x 0 y 0
 Wall clock 77.222
 Average time per cell 6.06129e-09
  Step time per cell    5.95914e-09
 Step 55 time 0.0193844 control sound timestep  0.000364831 1,1 x 0 y 0
 Wall clock 78.6333
 Average time per cell 6.05984e-09
  Step time per cell    5.98145e-09
 Step 56 time 0.0197492 control sound timestep  0.000364846 1,1 x 0 y 0
 Wall clock 80.0598
 Average time per cell 6.0596e-09
  Step time per cell    6.04588e-09
 Step 57 time 0.0201141 control sound timestep  0.000364866 1,1 x 0 y 0
 Wall clock 81.4805
 Average time per cell 6.05893e-09
  Step time per cell    6.02153e-09
 Step 58 time 0.0204789 control sound timestep  0.000364884 1,1 x 0 y 0
 Wall clock 82.8915
 Average time per cell 6.05759e-09
  Step time per cell    5.98063e-09
 Step 59 time 0.0208438 control sound timestep  0.000364902 1,1 x 0 y 0
 Wall clock 84.3032
 Average time per cell 6.05633e-09
  Step time per cell    5.98315e-09
 Step 60 time 0.0212087 control sound timestep  0.000364922 1,1 x 0 y 0
 Wall clock 85.7987
 Average time per cell 6.06104e-09
  Step time per cell    6.33865e-09
 Step 61 time 0.0215736 control sound timestep  0.000364956 1,1 x 0 y 0
 Wall clock 87.2183
 Average time per cell 6.06032e-09
  Step time per cell    6.0169e-09
 Step 62 time 0.0219386 control sound timestep  0.000364991 1,1 x 0 y 0
 Wall clock 88.6255
 Average time per cell 6.05877e-09
  Step time per cell    5.96422e-09
 Step 63 time 0.0223036 control sound timestep  0.000365022 1,1 x 0 y 0
 Wall clock 90.0365
 Average time per cell 6.05753e-09
  Step time per cell    5.98021e-09
 Step 64 time 0.0226686 control sound timestep  0.000365056 1,1 x 0 y 0
 Wall clock 91.4585
 Average time per cell 6.05706e-09
  Step time per cell    6.02703e-09
 Step 65 time 0.0230337 control sound timestep  0.000365098 1,1 x 0 y 0
 Wall clock 92.8799
 Average time per cell 6.05656e-09
  Step time per cell    6.0245e-09
 Step 66 time 0.0233988 control sound timestep  0.000365146 1,1 x 0 y 0
 Wall clock 94.2825
 Average time per cell 6.05487e-09
  Step time per cell    5.9446e-09
 Step 67 time 0.0237639 control sound timestep  0.000365166 1,1 x 0 y 0
 Wall clock 95.6929
 Average time per cell 6.05372e-09
  Step time per cell    5.978e-09
 Step 68 time 0.0241291 control sound timestep  0.000365169 1,1 x 0 y 0
 Wall clock 97.0981
 Average time per cell 6.05228e-09
  Step time per cell    5.95554e-09
 Step 69 time 0.0244942 control sound timestep  0.000365167 1,1 x 0 y 0
 Wall clock 98.5104
 Average time per cell 6.05133e-09
  Step time per cell    5.98579e-09
 Step 70 time 0.0248594 control sound timestep  0.000365177 1,1 x 0 y 0
 Wall clock 100.015
 Average time per cell 6.05597e-09
  Step time per cell    6.37655e-09
 Step 71 time 0.0252246 control sound timestep  0.000365194 1,1 x 0 y 0
 Wall clock 101.423
 Average time per cell 6.05475e-09
  Step time per cell    5.9692e-09
 Step 72 time 0.0255898 control sound timestep  0.000365209 1,1 x 0 y 0
 Wall clock 102.826
 Average time per cell 6.05324e-09
  Step time per cell    5.94588e-09
 Step 73 time 0.025955 control sound timestep  0.000365223 1,1 x 0 y 0
 Wall clock 104.231
 Average time per cell 6.0519e-09
  Step time per cell    5.95463e-09
 Step 74 time 0.0263202 control sound timestep  0.000365239 1,1 x 0 y 0
 Wall clock 105.645
 Average time per cell 6.05113e-09
  Step time per cell    5.99477e-09
 Step 75 time 0.0266854 control sound timestep  0.000365263 1,1 x 0 y 0
 Wall clock 107.051
 Average time per cell 6.04991e-09
  Step time per cell    5.95914e-09
 Step 76 time 0.0270507 control sound timestep  0.000365294 1,1 x 0 y 0
 Wall clock 108.461
 Average time per cell 6.04894e-09
  Step time per cell    5.97655e-09
 Step 77 time 0.027416 control sound timestep  0.000365322 1,1 x 0 y 0
 Wall clock 109.869
 Average time per cell 6.04784e-09
  Step time per cell    5.96401e-09
 Step 78 time 0.0277813 control sound timestep  0.000365349 1,1 x 0 y 0
 Wall clock 111.272
 Average time per cell 6.04659e-09
  Step time per cell    5.94989e-09
 Step 79 time 0.0281467 control sound timestep  0.000365381 1,1 x 0 y 0
 Wall clock 112.68
 Average time per cell 6.0456e-09
  Step time per cell    5.9677e-09
 Step 80 time 0.0285121 control sound timestep  0.000365421 1,1 x 0 y 0
 Wall clock 114.171
 Average time per cell 6.04901e-09
  Step time per cell    6.31866e-09
 Step 81 time 0.0288775 control sound timestep  0.000365457 1,1 x 0 y 0
 Wall clock 115.578
 Average time per cell 6.04794e-09
  Step time per cell    5.96187e-09
 Step 82 time 0.0292429 control sound timestep  0.000365459 1,1 x 0 y 0
 Wall clock 116.98
 Average time per cell 6.04667e-09
  Step time per cell    5.94393e-09
 Step 83 time 0.0296084 control sound timestep  0.000365461 1,1 x 0 y 0
 Wall clock 118.387
 Average time per cell 6.04564e-09
  Step time per cell    5.96064e-09
 Step 84 time 0.0299738 control sound timestep  0.000365461 1,1 x 0 y 0
 Wall clock 119.798
 Average time per cell 6.04491e-09
  Step time per cell    5.98364e-09
 Step 85 time 0.0303393 control sound timestep  0.000365475 1,1 x 0 y 0
 Wall clock 121.207
 Average time per cell 6.04404e-09
  Step time per cell    5.97072e-09
 Step 86 time 0.0307048 control sound timestep  0.000365488 1,1 x 0 y 0
 Wall clock 122.612
 Average time per cell 6.04298e-09
  Step time per cell    5.95256e-09
 Step 87 time 0.0310703 control sound timestep  0.0003655 1,1 x 0 y 0
 Wall clock 124.021
 Average time per cell 6.04218e-09
  Step time per cell    5.9729e-09
 Step 88 time 0.0314358 control sound timestep  0.000365513 1,1 x 0 y 0
 Wall clock 125.421
 Average time per cell 6.04094e-09
  Step time per cell    5.9329e-09
 Step 89 time 0.0318013 control sound timestep  0.000365528 1,1 x 0 y 0
 Wall clock 126.827
 Average time per cell 6.04003e-09
  Step time per cell    5.95979e-09
 Step 90 time 0.0321668 control sound timestep  0.000365555 1,1 x 0 y 0
 Wall clock 128.316
 Average time per cell 6.04305e-09
  Step time per cell    6.31141e-09
 Step 91 time 0.0325324 control sound timestep  0.00036558 1,1 x 0 y 0
 Wall clock 129.717
 Average time per cell 6.0419e-09
  Step time per cell    5.93888e-09
 Step 92 time 0.0328979 control sound timestep  0.000365603 1,1 x 0 y 0
 Wall clock 131.117
 Average time per cell 6.04072e-09
  Step time per cell    5.93271e-09
 Step 93 time 0.0332636 control sound timestep  0.000365628 1,1 x 0 y 0
 Wall clock 132.524
 Average time per cell 6.03991e-09
  Step time per cell    5.96517e-09
 Step 94 time 0.0336292 control sound timestep  0.000365659 1,1 x 0 y 0
 Wall clock 133.931
 Average time per cell 6.03908e-09
  Step time per cell    5.9618e-09
 Step 95 time 0.0339948 control sound timestep  0.000365696 1,1 x 0 y 0
 Wall clock 135.339
 Average time per cell 6.03835e-09
  Step time per cell    5.96954e-09
 Step 96 time 0.0343605 control sound timestep  0.000365709 1,1 x 0 y 0
 Wall clock 136.752
 Average time per cell 6.03784e-09
  Step time per cell    5.98858e-09
 Step 97 time 0.0347262 control sound timestep  0.00036571 1,1 x 0 y 0
 Wall clock 138.172
 Average time per cell 6.03762e-09
  Step time per cell    6.01643e-09
 Step 98 time 0.035092 control sound timestep  0.000365708 1,1 x 0 y 0
 Wall clock 139.583
 Average time per cell 6.03705e-09
  Step time per cell    5.982e-09
 Step 99 time 0.0354577 control sound timestep  0.000365716 1,1 x 0 y 0
 Wall clock 141.001
 Average time per cell 6.03676e-09
  Step time per cell    6.00774e-09
 Step 100 time 0.0358234 control sound timestep  0.000365728 1,1 x 0 y 0
 Wall clock 142.504
 Average time per cell 6.04009e-09
  Step time per cell    6.3695e-09
 Step 101 time 0.0361891 control sound timestep  0.000365739 1,1 x 0 y 0
 Wall clock 143.916
 Average time per cell 6.03956e-09
  Step time per cell    5.9869e-09
 Step 102 time 0.0365548 control sound timestep  0.000365749 1,1 x 0 y 0
 Wall clock 145.333
 Average time per cell 6.03923e-09
  Step time per cell    6.00532e-09
 Step 103 time 0.0369206 control sound timestep  0.000365761 1,1 x 0 y 0
 Wall clock 146.742
 Average time per cell 6.03859e-09
  Step time per cell    5.97282e-09
 Step 104 time 0.0372864 control sound timestep  0.00036578 1,1 x 0 y 0
 Wall clock 148.153
 Average time per cell 6.03803e-09
  Step time per cell    5.9805e-09
 Step 105 time 0.0376521 control sound timestep  0.000365803 1,1 x 0 y 0
 Wall clock 149.575
 Average time per cell 6.03794e-09
  Step time per cell    6.02757e-09
 Step 106 time 0.0380179 control sound timestep  0.000365823 1,1 x 0 y 0
 Wall clock 151.005
 Average time per cell 6.03812e-09
  Step time per cell    6.0574e-09
 Step 107 time 0.0383838 control sound timestep  0.000365844 1,1 x 0 y 0
 Wall clock 152.426
 Average time per cell 6.03799e-09
  Step time per cell    6.02398e-09
 Step 108 time 0.0387496 control sound timestep  0.000365869 1,1 x 0 y 0
 Wall clock 153.852
 Average time per cell 6.03804e-09
  Step time per cell    6.04305e-09
 Step 109 time 0.0391155 control sound timestep  0.000365899 1,1 x 0 y 0
 Wall clock 155.264
 Average time per cell 6.03757e-09
  Step time per cell    5.98594e-09
 Step 110 time 0.0394814 control sound timestep  0.000365927 1,1 x 0 y 0
 Wall clock 156.746
 Average time per cell 6.03977e-09
  Step time per cell    6.27987e-09
 Step 111 time 0.0398473 control sound timestep  0.000365928 1,1 x 0 y 0
 Wall clock 158.182
 Average time per cell 6.04019e-09
  Step time per cell    6.08568e-09
 Step 112 time 0.0402132 control sound timestep  0.000365927 1,1 x 0 y 0
 Wall clock 159.594
 Average time per cell 6.03972e-09
  Step time per cell    5.98751e-09
 Step 113 time 0.0405792 control sound timestep  0.000365929 1,1 x 0 y 0
 Wall clock 161.007
 Average time per cell 6.03925e-09
  Step time per cell    5.98604e-09
 Step 114 time 0.0409451 control sound timestep  0.000365939 1,1 x 0 y 0
 Wall clock 162.411
 Average time per cell 6.03848e-09
  Step time per cell    5.9517e-09
 Step 115 time 0.041311 control sound timestep  0.000365949 1,1 x 0 y 0
 Wall clock 163.813
 Average time per cell 6.03766e-09
  Step time per cell    5.94357e-09
 Step 116 time 0.041677 control sound timestep  0.000365958 1,1 x 0 y 0
 Wall clock 165.213
 Average time per cell 6.03677e-09
  Step time per cell    5.93465e-09
 Step 117 time 0.0420429 control sound timestep  0.000365968 1,1 x 0 y 0
 Wall clock 166.624
 Average time per cell 6.03628e-09
  Step time per cell    5.97859e-09
 Step 118 time 0.0424089 control sound timestep  0.00036598 1,1 x 0 y 0
 Wall clock 168.027
 Average time per cell 6.03553e-09
  Step time per cell    5.94818e-09
 Step 119 time 0.0427749 control sound timestep  0.000366001 1,1 x 0 y 0
 Wall clock 169.432
 Average time per cell 6.03484e-09
  Step time per cell    5.95284e-09
 Step 120 time 0.0431409 control sound timestep  0.00036602 1,1 x 0 y 0
 Wall clock 170.929
 Average time per cell 6.03743e-09
  Step time per cell    6.34522e-09
 Step 121 time 0.0435069 control sound timestep  0.000366037 1,1 x 0 y 0
 Wall clock 172.336
 Average time per cell 6.0368e-09
  Step time per cell    5.96178e-09
 Step 122 time 0.0438729 control sound timestep  0.000366057 1,1 x 0 y 0
 Wall clock 173.736
 Average time per cell 6.03599e-09
  Step time per cell    5.93734e-09
 Step 123 time 0.044239 control sound timestep  0.000366082 1,1 x 0 y 0
 Wall clock 175.157
 Average time per cell 6.03588e-09
  Step time per cell    6.02265e-09
 Step 124 time 0.0446051 control sound timestep  0.000366111 1,1 x 0 y 0
 Wall clock 176.574
 Average time per cell 6.03562e-09
  Step time per cell    6.00226e-09
 Step 125 time 0.0449712 control sound timestep  0.000366119 1,1 x 0 y 0
 Wall clock 177.986
 Average time per cell 6.03522e-09
  Step time per cell    5.98649e-09
 Step 126 time 0.0453373 control sound timestep  0.00036612 1,1 x 0 y 0
 Wall clock 179.415
 Average time per cell 6.03539e-09
  Step time per cell    6.05572e-09
 Step 127 time 0.0457034 control sound timestep  0.000366118 1,1 x 0 y 0
 Wall clock 180.833
 Average time per cell 6.03519e-09
  Step time per cell    6.00975e-09
 Step 128 time 0.0460695 control sound timestep  0.000366125 1,1 x 0 y 0
 Wall clock 182.232
 Average time per cell 6.03437e-09
  Step time per cell    5.93048e-09
 Step 129 time 0.0464357 control sound timestep  0.000366134 1,1 x 0 y 0
 Wall clock 183.642
 Average time per cell 6.03391e-09
  Step time per cell    5.97486e-09
 Step 130 time 0.0468018 control sound timestep  0.000366143 1,1 x 0 y 0
 Wall clock 185.13
 Average time per cell 6.03603e-09
  Step time per cell    6.30931e-09
 Step 131 time 0.0471679 control sound timestep  0.000366151 1,1 x 0 y 0
 Wall clock 186.533
 Average time per cell 6.03535e-09
  Step time per cell    5.94685e-09
 Step 132 time 0.0475341 control sound timestep  0.00036616 1,1 x 0 y 0
 Wall clock 187.941
 Average time per cell 6.03485e-09
  Step time per cell    5.96828e-09
 Step 133 time 0.0479003 control sound timestep  0.000366177 1,1 x 0 y 0
 Wall clock 189.368
 Average time per cell 6.03494e-09
  Step time per cell    6.04671e-09
 Step 134 time 0.0482664 control sound timestep  0.000366195 1,1 x 0 y 0
 Wall clock 190.774
 Average time per cell 6.03438e-09
  Step time per cell    5.95946e-09
 Step 135 time 0.0486326 control sound timestep  0.000366211 1,1 x 0 y 0
 Wall clock 192.177
 Average time per cell 6.03371e-09
  Step time per cell    5.94401e-09
 Step 136 time 0.0489988 control sound timestep  0.000366227 1,1 x 0 y 0
 Wall clock 193.591
 Average time per cell 6.03343e-09
  Step time per cell    5.9951e-09
 Step 137 time 0.0493651 control sound timestep  0.000366248 1,1 x 0 y 0
 Wall clock 194.995
 Average time per cell 6.03283e-09
  Step time per cell    5.9518e-09
 Step 138 time 0.0497313 control sound timestep  0.000366273 1,1 x 0 y 0
 Wall clock 196.417
 Average time per cell 6.03277e-09
  Step time per cell    6.02394e-09
 Step 139 time 0.0500976 control sound timestep  0.000366291 1,1 x 0 y 0
 Wall clock 197.828
 Average time per cell 6.0324e-09
  Step time per cell    5.98028e-09
 Step 140 time 0.0504639 control sound timestep  0.000366292 1,1 x 0 y 0
 Wall clock 199.329
 Average time per cell 6.03477e-09
  Step time per cell    6.36491e-09
 Step 141 time 0.0508302 control sound timestep  0.000366288 1,1 x 0 y 0
 Wall clock 200.739
 Average time per cell 6.03434e-09
  Step time per cell    5.9738e-09
 Step 142 time 0.0511965 control sound timestep  0.000366292 1,1 x 0 y 0
 Wall clock 202.146
 Average time per cell 6.03384e-09
  Step time per cell    5.96289e-09
 Step 143 time 0.0515627 control sound timestep  0.000366301 1,1 x 0 y 0
 Wall clock 203.583
 Average time per cell 6.03424e-09
  Step time per cell    6.09074e-09
 Step 144 time 0.051929 control sound timestep  0.000366308 1,1 x 0 y 0
 Wall clock 205.014
 Average time per cell 6.03445e-09
  Step time per cell    6.0648e-09
 Step 145 time 0.0522954 control sound timestep  0.000366316 1,1 x 0 y 0
 Wall clock 206.434
 Average time per cell 6.03435e-09
  Step time per cell    6.01868e-09
 Step 146 time 0.0526617 control sound timestep  0.000366324 1,1 x 0 y 0
 Wall clock 207.861
 Average time per cell 6.03445e-09
  Step time per cell    6.04859e-09
 Step 147 time 0.053028 control sound timestep  0.000366336 1,1 x 0 y 0
 Wall clock 209.291
 Average time per cell 6.03464e-09
  Step time per cell    6.06205e-09
 Step 148 time 0.0533943 control sound timestep  0.000366353 1,1 x 0 y 0
 Wall clock 210.727
 Average time per cell 6.03497e-09
  Step time per cell    6.08418e-09
 Step 149 time 0.0537607 control sound timestep  0.000366368 1,1 x 0 y 0
 Wall clock 212.16
 Average time per cell 6.03524e-09
  Step time per cell    6.07409e-09
 Step 150 time 0.0541271 control sound timestep  0.000366382 1,1 x 0 y 0
 Wall clock 213.661
 Average time per cell 6.03742e-09
  Step time per cell    6.36256e-09
 Step 151 time 0.0544934 control sound timestep  0.000366399 1,1 x 0 y 0
 Wall clock 215.087
 Average time per cell 6.03745e-09
  Step time per cell    6.04227e-09
 Step 152 time 0.0548598 control sound timestep  0.000366421 1,1 x 0 y 0
 Wall clock 216.514
 Average time per cell 6.03755e-09
  Step time per cell    6.05106e-09
 Step 153 time 0.0552263 control sound timestep  0.000366444 1,1 x 0 y 0
 Wall clock 217.94
 Average time per cell 6.03758e-09
  Step time per cell    6.04276e-09
 Step 154 time 0.0555927 control sound timestep  0.000366446 1,1 x 0 y 0
 Wall clock 219.373
 Average time per cell 6.03782e-09
  Step time per cell    6.07396e-09
 Step 155 time 0.0559591 control sound timestep  0.000366445 1,1 x 0 y 0
 Wall clock 220.8
 Average time per cell 6.03787e-09
  Step time per cell    6.04591e-09
 Step 156 time 0.0563256 control sound timestep  0.000366445 1,1 x 0 y 0
 Wall clock 222.226
 Average time per cell 6.03793e-09
  Step time per cell    6.0468e-09
 Step 157 time 0.056692 control sound timestep  0.000366452 1,1 x 0 y 0
 Wall clock 223.672
 Average time per cell 6.03852e-09
  Step time per cell    6.12992e-09
 Step 158 time 0.0570585 control sound timestep  0.000366459 1,1 x 0 y 0
 Wall clock 225.097
 Average time per cell 6.03853e-09
  Step time per cell    6.03951e-09
 Step 159 time 0.0574249 control sound timestep  0.000366466 1,1 x 0 y 0
 Wall clock 226.517
 Average time per cell 6.03839e-09
  Step time per cell    6.01671e-09
 Step 160 time 0.0577914 control sound timestep  0.000366473 1,1 x 0 y 0
 Wall clock 228.024
 Average time per cell 6.04058e-09
  Step time per cell    6.38872e-09
 Step 161 time 0.0581579 control sound timestep  0.000366482 1,1 x 0 y 0
 Wall clock 229.444
 Average time per cell 6.04044e-09
  Step time per cell    6.01811e-09
 Step 162 time 0.0585244 control sound timestep  0.000366498 1,1 x 0 y 0
 Wall clock 230.883
 Average time per cell 6.04079e-09
  Step time per cell    6.09616e-09
 Step 163 time 0.0588909 control sound timestep  0.000366512 1,1 x 0 y 0
 Wall clock 232.301
 Average time per cell 6.04062e-09
  Step time per cell    6.01303e-09
 Step 164 time 0.0592574 control sound timestep  0.000366525 1,1 x 0 y 0
 Wall clock 233.731
 Average time per cell 6.04074e-09
  Step time per cell    6.05958e-09
 Step 165 time 0.0596239 control sound timestep  0.000366539 1,1 x 0 y 0
 Wall clock 235.151
 Average time per cell 6.0406e-09
  Step time per cell    6.01802e-09
 Step 166 time 0.0599904 control sound timestep  0.000366558 1,1 x 0 y 0
 Wall clock 236.56
 Average time per cell 6.04021e-09
  Step time per cell    5.97409e-09
 Step 167 time 0.060357 control sound timestep  0.00036658 1,1 x 0 y 0
 Wall clock 237.981
 Average time per cell 6.04009e-09
  Step time per cell    6.02014e-09
 Step 168 time 0.0607236 control sound timestep  0.000366586 1,1 x 0 y 0
 Wall clock 239.408
 Average time per cell 6.04013e-09
  Step time per cell    6.04768e-09
 Step 169 time 0.0610902 control sound timestep  0.000366586 1,1 x 0 y 0
 Wall clock 240.821
 Average time per cell 6.03983e-09
  Step time per cell    5.98926e-09
 Step 170 time 0.0614568 control sound timestep  0.000366585 1,1 x 0 y 0
 Wall clock 242.332
 Average time per cell 6.04199e-09
  Step time per cell    6.40653e-09
 Step 171 time 0.0618233 control sound timestep  0.00036659 1,1 x 0 y 0
 Wall clock 243.756
 Average time per cell 6.04194e-09
  Step time per cell    6.03352e-09
 Step 172 time 0.0621899 control sound timestep  0.000366597 1,1 x 0 y 0
 Wall clock 245.171
 Average time per cell 6.0417e-09
  Step time per cell    5.99909e-09
 Step 173 time 0.0625565 control sound timestep  0.000366603 1,1 x 0 y 0
 Wall clock 246.584
 Average time per cell 6.04138e-09
  Step time per cell    5.98732e-09
 Step 174 time 0.0629231 control sound timestep  0.000366609 1,1 x 0 y 0
 Wall clock 248.016
 Average time per cell 6.04154e-09
  Step time per cell    6.06814e-09
 Step 175 time 0.0632897 control sound timestep  0.000366616 1,1 x 0 y 0
 Wall clock 249.432
 Average time per cell 6.04132e-09
  Step time per cell    6.00219e-09
 Step 176 time 0.0636564 control sound timestep  0.000366631 1,1 x 0 y 0
 Wall clock 250.871
 Average time per cell 6.04164e-09
  Step time per cell    6.09848e-09
 Step 177 time 0.064023 control sound timestep  0.000366644 1,1 x 0 y 0
 Wall clock 252.29
 Average time per cell 6.04149e-09
  Step time per cell    6.01449e-09
 Step 178 time 0.0643896 control sound timestep  0.000366656 1,1 x 0 y 0
 Wall clock 253.716
 Average time per cell 6.04151e-09
  Step time per cell    6.04463e-09
 Step 179 time 0.0647563 control sound timestep  0.000366668 1,1 x 0 y 0
 Wall clock 255.134
 Average time per cell 6.04134e-09
  Step time per cell    6.01061e-09
 Step 180 time 0.065123 control sound timestep  0.000366685 1,1 x 0 y 0
 Wall clock 256.627
 Average time per cell 6.04293e-09
  Step time per cell    6.32776e-09
 Step 181 time 0.0654896 control sound timestep  0.000366704 1,1 x 0 y 0
 Wall clock 258.054
 Average time per cell 6.04296e-09
  Step time per cell    6.04821e-09
 Step 182 time 0.0658563 control sound timestep  0.000366715 1,1 x 0 y 0
 Wall clock 259.491
 Average time per cell 6.04322e-09
  Step time per cell    6.09069e-09
 Step 183 time 0.0662231 control sound timestep  0.000366716 1,1 x 0 y 0
 Wall clock 260.921
 Average time per cell 6.04333e-09
  Step time per cell    6.0623e-09
 Step 184 time 0.0665898 control sound timestep  0.000366713 1,1 x 0 y 0
 Wall clock 262.358
 Average time per cell 6.04358e-09
  Step time per cell    6.08913e-09
 Step 185 time 0.0669565 control sound timestep  0.000366717 1,1 x 0 y 0
 Wall clock 263.797
 Average time per cell 6.04387e-09
  Step time per cell    6.09739e-09
 Step 186 time 0.0673232 control sound timestep  0.000366724 1,1 x 0 y 0
 Wall clock 265.235
 Average time per cell 6.04416e-09
  Step time per cell    6.0966e-09
 Step 187 time 0.0676899 control sound timestep  0.000366729 1,1 x 0 y 0
 Wall clock 266.678
 Average time per cell 6.04454e-09
  Step time per cell    6.11516e-09
 Step 188 time 0.0680567 control sound timestep  0.000366735 1,1 x 0 y 0
 Wall clock 268.104
 Average time per cell 6.04453e-09
  Step time per cell    6.04254e-09
 Step 189 time 0.0684234 control sound timestep  0.000366742 1,1 x 0 y 0
 Wall clock 269.541
 Average time per cell 6.04478e-09
  Step time per cell    6.09128e-09
 Step 190 time 0.0687901 control sound timestep  0.000366754 1,1 x 0 y 0
 Wall clock 271.048
 Average time per cell 6.04659e-09
  Step time per cell    6.38804e-09
 Step 191 time 0.0691569 control sound timestep  0.000366766 1,1 x 0 y 0
 Wall clock 272.482
 Average time per cell 6.04676e-09
  Step time per cell    6.0788e-09
 Step 192 time 0.0695237 control sound timestep  0.000366777 1,1 x 0 y 0
 Wall clock 273.905
 Average time per cell 6.04666e-09
  Step time per cell    6.02852e-09
 Step 193 time 0.0698904 control sound timestep  0.000366789 1,1 x 0 y 0
 Wall clock 275.34
 Average time per cell 6.04686e-09
  Step time per cell    6.0839e-09
 Step 194 time 0.0702572 control sound timestep  0.000366803 1,1 x 0 y 0
 Wall clock 276.764
 Average time per cell 6.0468e-09
  Step time per cell    6.03634e-09
 Step 195 time 0.070624 control sound timestep  0.000366821 1,1 x 0 y 0
 Wall clock 278.197
 Average time per cell 6.04693e-09
  Step time per cell    6.07202e-09
 Step 196 time 0.0709908 control sound timestep  0.000366835 1,1 x 0 y 0
 Wall clock 279.62
 Average time per cell 6.04685e-09
  Step time per cell    6.03067e-09
 Step 197 time 0.0713577 control sound timestep  0.000366836 1,1 x 0 y 0
 Wall clock 281.061
 Average time per cell 6.04716e-09
  Step time per cell    6.10638e-09
 Step 198 time 0.0717245 control sound timestep  0.000366833 1,1 x 0 y 0
 Wall clock 282.499
 Average time per cell 6.04741e-09
  Step time per cell    6.0978e-09
 Step 199 time 0.0720913 control sound timestep  0.000366836 1,1 x 0 y 0
 Wall clock 283.938
 Average time per cell 6.04767e-09
  Step time per cell    6.09917e-09
 Step 200 time 0.0724582 control sound timestep  0.000366842 1,1 x 0 y 0
 Wall clock 285.472
 Average time per cell 6.04994e-09
  Step time per cell    6.49968e-09
 Step 201 time 0.072825 control sound timestep  0.000366847 1,1 x 0 y 0
 Wall clock 286.956
 Average time per cell 6.05113e-09
  Step time per cell    6.28937e-09
 Step 202 time 0.0731919 control sound timestep  0.000366853 1,1 x 0 y 0
 Wall clock 288.385
 Average time per cell 6.05116e-09
  Step time per cell    6.05723e-09
 Step 203 time 0.0735587 control sound timestep  0.000366859 1,1 x 0 y 0
 Wall clock 289.825
 Average time per cell 6.05142e-09
  Step time per cell    6.10425e-09
 Step 204 time 0.0739256 control sound timestep  0.000366869 1,1 x 0 y 0
 Wall clock 291.26
 Average time per cell 6.05158e-09
  Step time per cell    6.08396e-09
 Step 205 time 0.0742925 control sound timestep  0.000366881 1,1 x 0 y 0
 Wall clock 292.697
 Average time per cell 6.05176e-09
  Step time per cell    6.08719e-09
 Step 206 time 0.0746593 control sound timestep  0.000366892 1,1 x 0 y 0
 Wall clock 294.142
 Average time per cell 6.05211e-09
  Step time per cell    6.1244e-09
 Step 207 time 0.0750262 control sound timestep  0.000366902 1,1 x 0 y 0
 Wall clock 295.584
 Average time per cell 6.05242e-09
  Step time per cell    6.11496e-09
 Step 208 time 0.0753931 control sound timestep  0.000366915 1,1 x 0 y 0
 Wall clock 297.02
 Average time per cell 6.05257e-09
  Step time per cell    6.08349e-09
 Step 209 time 0.07576 control sound timestep  0.000366932 1,1 x 0 y 0
 Wall clock 298.466
 Average time per cell 6.05294e-09
  Step time per cell    6.13071e-09
 Step 210 time 0.076127 control sound timestep  0.000366947 1,1 x 0 y 0
 Wall clock 300.005
 Average time per cell 6.05518e-09
  Step time per cell    6.52331e-09
 Step 211 time 0.0764939 control sound timestep  0.000366948 1,1 x 0 y 0
 Wall clock 301.441
 Average time per cell 6.05532e-09
  Step time per cell    6.08409e-09
 Step 212 time 0.0768609 control sound timestep  0.000366945 1,1 x 0 y 0
 Wall clock 302.883
 Average time per cell 6.05559e-09
  Step time per cell    6.11307e-09
 Step 213 time 0.0772278 control sound timestep  0.000366947 1,1 x 0 y 0
 Wall clock 304.332
 Average time per cell 6.056e-09
  Step time per cell    6.14119e-09
 Step 214 time 0.0775948 control sound timestep  0.000366952 1,1 x 0 y 0
 Wall clock 305.788
 Average time per cell 6.05654e-09
  Step time per cell    6.17155e-09
 Step 215 time 0.0779617 control sound timestep  0.000366958 1,1 x 0 y 0
 Wall clock 307.234
 Average time per cell 6.05687e-09
  Step time per cell    6.1273e-09
 Step 216 time 0.0783287 control sound timestep  0.000366963 1,1 x 0 y 0
 Wall clock 308.668
 Average time per cell 6.05698e-09
  Step time per cell    6.08061e-09
 Step 217 time 0.0786956 control sound timestep  0.000366968 1,1 x 0 y 0
 Wall clock 310.112
 Average time per cell 6.05726e-09
  Step time per cell    6.1169e-09
 Step 218 time 0.0790626 control sound timestep  0.000366977 1,1 x 0 y 0
 Wall clock 311.538
 Average time per cell 6.05719e-09
  Step time per cell    6.04309e-09
 Step 219 time 0.0794296 control sound timestep  0.000366989 1,1 x 0 y 0
 Wall clock 312.979
 Average time per cell 6.05743e-09
  Step time per cell    6.10972e-09
 Step 220 time 0.0797966 control sound timestep  0.000366999 1,1 x 0 y 0
 Wall clock 314.527
 Average time per cell 6.05971e-09
  Step time per cell    6.55863e-09
 Step 221 time 0.0801636 control sound timestep  0.000367009 1,1 x 0 y 0
 Wall clock 315.954
 Average time per cell 6.05967e-09
  Step time per cell    6.05e-09
 Step 222 time 0.0805306 control sound timestep  0.000367021 1,1 x 0 y 0
 Wall clock 317.371
 Average time per cell 6.05943e-09
  Step time per cell    6.00606e-09
 Step 223 time 0.0808976 control sound timestep  0.000367036 1,1 x 0 y 0
 Wall clock 318.806
 Average time per cell 6.05954e-09
  Step time per cell    6.0755e-09
 Step 224 time 0.0812646 control sound timestep  0.000367052 1,1 x 0 y 0
 Wall clock 320.23
 Average time per cell 6.05942e-09
  Step time per cell    6.03172e-09
 Step 225 time 0.0816317 control sound timestep  0.000367052 1,1 x 0 y 0
 Wall clock 321.661
 Average time per cell 6.05945e-09
  Step time per cell    6.0663e-09
 Step 226 time 0.0819987 control sound timestep  0.00036705 1,1 x 0 y 0
 Wall clock 323.096
 Average time per cell 6.05955e-09
  Step time per cell    6.0827e-09
 Step 227 time 0.0823658 control sound timestep  0.000367051 1,1 x 0 y 0
 Wall clock 324.536
 Average time per cell 6.05975e-09
  Step time per cell    6.10395e-09
 Step 228 time 0.0827328 control sound timestep  0.000367056 1,1 x 0 y 0
 Wall clock 325.961
 Average time per cell 6.05966e-09
  Step time per cell    6.03879e-09
 Step 229 time 0.0830999 control sound timestep  0.000367062 1,1 x 0 y 0
 Wall clock 327.385
 Average time per cell 6.05955e-09
  Step time per cell    6.03432e-09
 Step 230 time 0.083467 control sound timestep  0.000367066 1,1 x 0 y 0
 Wall clock 328.902
 Average time per cell 6.06117e-09
  Step time per cell    6.43134e-09
 Step 231 time 0.083834 control sound timestep  0.000367071 1,1 x 0 y 0
 Wall clock 330.349
 Average time per cell 6.06148e-09
  Step time per cell    6.1334e-09
 Step 232 time 0.0842011 control sound timestep  0.000367079 1,1 x 0 y 0
 Wall clock 331.78
 Average time per cell 6.06149e-09
  Step time per cell    6.06286e-09
 Step 233 time 0.0845682 control sound timestep  0.000367091 1,1 x 0 y 0
 Wall clock 333.207
 Average time per cell 6.06144e-09
  Step time per cell    6.05044e-09
 Step 234 time 0.0849353 control sound timestep  0.0003671 1,1 x 0 y 0
 Wall clock 334.64
 Average time per cell 6.0615e-09
  Step time per cell    6.07446e-09
 Step 235 time 0.0853024 control sound timestep  0.00036711 1,1 x 0 y 0
 Wall clock 336.073
 Average time per cell 6.06154e-09
  Step time per cell    6.07027e-09
 Step 236 time 0.0856695 control sound timestep  0.000367121 1,1 x 0 y 0
 Wall clock 337.51
 Average time per cell 6.06168e-09
  Step time per cell    6.09408e-09
 Step 237 time 0.0860366 control sound timestep  0.000367135 1,1 x 0 y 0
 Wall clock 338.94
 Average time per cell 6.06166e-09
  Step time per cell    6.05728e-09
 Step 238 time 0.0864037 control sound timestep  0.000367151 1,1 x 0 y 0
 Wall clock 340.381
 Average time per cell 6.06185e-09
  Step time per cell    6.10767e-09
 Step 239 time 0.0867709 control sound timestep  0.000367151 1,1 x 0 y 0
 Wall clock 341.817
 Average time per cell 6.06197e-09
  Step time per cell    6.08818e-09
 Step 240 time 0.087138 control sound timestep  0.00036715 1,1 x 0 y 0
 Wall clock 343.33
 Average time per cell 6.06342e-09
  Step time per cell    6.41122e-09
 Step 241 time 0.0875052 control sound timestep  0.00036715 1,1 x 0 y 0
 Wall clock 344.754
 Average time per cell 6.06332e-09
  Step time per cell    6.03864e-09
 Step 242 time 0.0878723 control sound timestep  0.000367155 1,1 x 0 y 0
 Wall clock 346.18
 Average time per cell 6.06323e-09
  Step time per cell    6.04265e-09
 Step 243 time 0.0882395 control sound timestep  0.00036716 1,1 x 0 y 0
 Wall clock 347.624
 Average time per cell 6.06346e-09
  Step time per cell    6.11833e-09
 Step 244 time 0.0886066 control sound timestep  0.000367164 1,1 x 0 y 0
 Wall clock 349.046
 Average time per cell 6.06332e-09
  Step time per cell    6.02914e-09
 Step 245 time 0.0889738 control sound timestep  0.000367169 1,1 x 0 y 0
 Wall clock 350.474
 Average time per cell 6.06328e-09
  Step time per cell    6.05307e-09
 Step 246 time 0.089341 control sound timestep  0.000367177 1,1 x 0 y 0
 Wall clock 351.9
 Average time per cell 6.06319e-09
  Step time per cell    6.04077e-09
 Step 247 time 0.0897082 control sound timestep  0.000367187 1,1 x 0 y 0
 Wall clock 353.335
 Average time per cell 6.06327e-09
  Step time per cell    6.08151e-09
 Step 248 time 0.0900753 control sound timestep  0.000367197 1,1 x 0 y 0
 Wall clock 354.754
 Average time per cell 6.06308e-09
  Step time per cell    6.01741e-09
 Step 249 time 0.0904425 control sound timestep  0.000367205 1,1 x 0 y 0
 Wall clock 356.179
 Average time per cell 6.06299e-09
  Step time per cell    6.04008e-09
 Step 250 time 0.0908097 control sound timestep  0.000367216 1,1 x 0 y 0
 Wall clock 357.703
 Average time per cell 6.06457e-09
  Step time per cell    6.4569e-09
 Step 251 time 0.091177 control sound timestep  0.000367229 1,1 x 0 y 0
 Wall clock 359.126
 Average time per cell 6.06444e-09
  Step time per cell    6.03202e-09
 Step 252 time 0.0915442 control sound timestep  0.000367244 1,1 x 0 y 0
 Wall clock 360.553
 Average time per cell 6.06438e-09
  Step time per cell    6.04893e-09
 Step 253 time 0.0919114 control sound timestep  0.000367245 1,1 x 0 y 0
 Wall clock 361.976
 Average time per cell 6.06424e-09
  Step time per cell    6.0302e-09
 Step 254 time 0.0922787 control sound timestep  0.000367243 1,1 x 0 y 0
 Wall clock 363.394
 Average time per cell 6.06404e-09
  Step time per cell    6.01237e-09
 Step 255 time 0.0926459 control sound timestep  0.000367244 1,1 x 0 y 0
 Wall clock 364.821
 Average time per cell 6.06397e-09
  Step time per cell    6.04588e-09
 Step 256 time 0.0930132 control sound timestep  0.000367248 1,1 x 0 y 0
 Wall clock 366.254
 Average time per cell 6.06402e-09
  Step time per cell    6.07547e-09
 Step 257 time 0.0933804 control sound timestep  0.000367253 1,1 x 0 y 0
 Wall clock 367.68
 Average time per cell 6.06394e-09
  Step time per cell    6.04303e-09
 Step 258 time 0.0937477 control sound timestep  0.000367257 1,1 x 0 y 0
 Wall clock 369.099
 Average time per cell 6.06374e-09
  Step time per cell    6.01157e-09
 Step 259 time 0.0941149 control sound timestep  0.000367262 1,1 x 0 y 0
 Wall clock 370.524
 Average time per cell 6.06365e-09
  Step time per cell    6.04143e-09
 Step 260 time 0.0944822 control sound timestep  0.000367269 1,1 x 0 y 0
 Wall clock 372.02
 Average time per cell 6.06472e-09
  Step time per cell    6.34171e-09
 Step 261 time 0.0948495 control sound timestep  0.000367279 1,1 x 0 y 0
 Wall clock 373.441
 Average time per cell 6.06456e-09
  Step time per cell    6.02356e-09
 Step 262 time 0.0952167 control sound timestep  0.000367288 1,1 x 0 y 0
 Wall clock 374.858
 Average time per cell 6.06433e-09
  Step time per cell    6.00293e-09
 Step 263 time 0.095584 control sound timestep  0.000367297 1,1 x 0 y 0
 Wall clock 376.292
 Average time per cell 6.06439e-09
  Step time per cell    6.07941e-09
 Step 264 time 0.0959513 control sound timestep  0.000367307 1,1 x 0 y 0
 Wall clock 377.726
 Average time per cell 6.06444e-09
  Step time per cell    6.07807e-09
 Step 265 time 0.0963186 control sound timestep  0.00036732 1,1 x 0 y 0
 Wall clock 379.154
 Average time per cell 6.0644e-09
  Step time per cell    6.05232e-09
 Step 266 time 0.0966859 control sound timestep  0.000367334 1,1 x 0 y 0
 Wall clock 380.586
 Average time per cell 6.06441e-09
  Step time per cell    6.0687e-09
 Step 267 time 0.0970533 control sound timestep  0.000367334 1,1 x 0 y 0
 Wall clock 382.007
 Average time per cell 6.06425e-09
  Step time per cell    6.02178e-09
 Step 268 time 0.0974206 control sound timestep  0.000367332 1,1 x 0 y 0
 Wall clock 383.442
 Average time per cell 6.06432e-09
  Step time per cell    6.08149e-09
 Step 269 time 0.0977879 control sound timestep  0.000367333 1,1 x 0 y 0
 Wall clock 384.876
 Average time per cell 6.06438e-09
  Step time per cell    6.08104e-09
 Step 270 time 0.0981553 control sound timestep  0.000367338 1,1 x 0 y 0
 Wall clock 386.403
 Average time per cell 6.06589e-09
  Step time per cell    6.47223e-09
 Step 271 time 0.0985226 control sound timestep  0.000367342 1,1 x 0 y 0
 Wall clock 387.834
 Average time per cell 6.06588e-09
  Step time per cell    6.06316e-09
 Step 272 time 0.09889 control sound timestep  0.000367346 1,1 x 0 y 0
 Wall clock 389.255
 Average time per cell 6.06573e-09
  Step time per cell    6.02293e-09
 Step 273 time 0.0992573 control sound timestep  0.00036735 1,1 x 0 y 0
 Wall clock 390.685
 Average time per cell 6.06572e-09
  Step time per cell    6.06196e-09
 Step 274 time 0.0996247 control sound timestep  0.000367358 1,1 x 0 y 0
 Wall clock 392.115
 Average time per cell 6.06569e-09
  Step time per cell    6.05838e-09
 Step 275 time 0.099992 control sound timestep  0.000367367 1,1 x 0 y 0
 Wall clock 393.545
 Average time per cell 6.06568e-09
  Step time per cell    6.06202e-09
 Step 276 time 0.100359 control sound timestep  0.000367376 1,1 x 0 y 0
 Wall clock 394.97
 Average time per cell 6.06558e-09
  Step time per cell    6.03918e-09
 Step 277 time 0.100727 control sound timestep  0.000367384 1,1 x 0 y 0
 Wall clock 396.401
 Average time per cell 6.06558e-09
  Step time per cell    6.06363e-09
 Step 278 time 0.101094 control sound timestep  0.000367394 1,1 x 0 y 0
 Wall clock 397.842
 Average time per cell 6.06574e-09
  Step time per cell    6.11078e-09
 Step 279 time 0.101462 control sound timestep  0.000367406 1,1 x 0 y 0
 Wall clock 399.276
 Average time per cell 6.06577e-09
  Step time per cell    6.07486e-09
 Step 280 time 0.101829 control sound timestep  0.000367419 1,1 x 0 y 0
 Wall clock 400.806
 Average time per cell 6.06727e-09
  Step time per cell    6.48544e-09
 Step 281 time 0.102196 control sound timestep  0.000367419 1,1 x 0 y 0
 Wall clock 402.237
 Average time per cell 6.06727e-09
  Step time per cell    6.06577e-09
 Step 282 time 0.102564 control sound timestep  0.000367417 1,1 x 0 y 0
 Wall clock 403.656
 Average time per cell 6.06708e-09
  Step time per cell    6.01449e-09
 Step 283 time 0.102931 control sound timestep  0.000367418 1,1 x 0 y 0
 Wall clock 405.084
 Average time per cell 6.06703e-09
  Step time per cell    6.05094e-09
 Step 284 time 0.103299 control sound timestep  0.000367423 1,1 x 0 y 0
 Wall clock 406.514
 Average time per cell 6.06701e-09
  Step time per cell    6.06183e-09
 Step 285 time 0.103666 control sound timestep  0.000367427 1,1 x 0 y 0
 Wall clock 407.944
 Average time per cell 6.06699e-09
  Step time per cell    6.0613e-09
 Step 286 time 0.104033 control sound timestep  0.000367431 1,1 x 0 y 0
 Wall clock 409.381
 Average time per cell 6.06707e-09
  Step time per cell    6.0909e-09
 Step 287 time 0.104401 control sound timestep  0.000367435 1,1 x 0 y 0
 Wall clock 410.814
 Average time per cell 6.0671e-09
  Step time per cell    6.07315e-09
 Step 288 time 0.104768 control sound timestep  0.000367442 1,1 x 0 y 0
 Wall clock 412.24
 Average time per cell 6.06702e-09
  Step time per cell    6.04345e-09
 Step 289 time 0.105136 control sound timestep  0.000367452 1,1 x 0 y 0
 Wall clock 413.675
 Average time per cell 6.06708e-09
  Step time per cell    6.08408e-09
 Step 290 time 0.105503 control sound timestep  0.00036746 1,1 x 0 y 0
 Wall clock 415.198
 Average time per cell 6.06842e-09
  Step time per cell    6.45539e-09
 Step 291 time 0.105871 control sound timestep  0.000367468 1,1 x 0 y 0
 Wall clock 416.644
 Average time per cell 6.06861e-09
  Step time per cell    6.12563e-09
 Step 292 time 0.106238 control sound timestep  0.000367477 1,1 x 0 y 0
 Wall clock 418.099
 Average time per cell 6.06895e-09
  Step time per cell    6.1676e-09
 Step 293 time 0.106606 control sound timestep  0.00036749 1,1 x 0 y 0
 Wall clock 419.539
 Average time per cell 6.06907e-09
  Step time per cell    6.10414e-09
 Step 294 time 0.106973 control sound timestep  0.0003675 1,1 x 0 y 0
 Wall clock 420.978
 Average time per cell 6.06917e-09
  Step time per cell    6.09667e-09
 Step 295 time 0.107341 control sound timestep  0.000367501 1,1 x 0 y 0
 Wall clock 422.406
 Average time per cell 6.06912e-09
  Step time per cell    6.05445e-09
 Step 296 time 0.107708 control sound timestep  0.000367498 1,1 x 0 y 0
 Wall clock 423.83
 Average time per cell 6.069e-09
  Step time per cell    6.03483e-09
 Step 297 time 0.108076 control sound timestep  0.0003675 1,1 x 0 y 0
 Wall clock 425.263
 Average time per cell 6.06903e-09
  Step time per cell    6.07584e-09
 Step 298 time 0.108443 control sound timestep  0.000367504 1,1 x 0 y 0
 Wall clock 426.69
 Average time per cell 6.06895e-09
  Step time per cell    6.04423e-09
 Step 299 time 0.108811 control sound timestep  0.000367508 1,1 x 0 y 0
 Wall clock 428.122
 Average time per cell 6.06896e-09
  Step time per cell    6.07299e-09
 Step 300 time 0.109178 control sound timestep  0.000367512 1,1 x 0 y 0
 Wall clock 429.727
 First step overhead 0
Result:
 - Problem: none
 - Outcome: PASSED
