---
Devices:
 0: Host CPU
CloverLeaf:
 - Ver.:     2.000
 - Deck:     /home/labpc/work/cipp/CloverLeaf/InputDecks/clover_bm256_300.in
 - Out:      clover.out
 - Profiler: deck-specified
MPI:
 - Enabled:     false
 - Total ranks: 1
 - Header device-awareness (CUDA-awareness):  unknown
 - Runtime device-awareness (CUDA-awareness): unknown
 - Host-Device halo exchange staging buffer:  true
Model:
 - Name:      OpenMP (CPU)
 - Execution: Host
# ---- 
Output: |+1
 Output file clover.out opened. All output will go there.
 Args: --file /home/labpc/work/cipp/CloverLeaf/InputDecks/clover_bm256_300.in
 Using input: `/home/labpc/work/cipp/CloverLeaf/InputDecks/clover_bm256_300.in`
 Problem initialised and generated
 Launching hydro
 Step 1 time 0 control sound timestep  0.000385161 1,1 x 0 y 0
 Wall clock 2.21684
 Average time per cell 9.39619e-09
  Step time per cell    9.39619e-09
 Step 2 time 0.000385161 control sound timestep  0.000235099 1,1 x 0 y 0
 Wall clock 4.42889
 Average time per cell 9.38605e-09
  Step time per cell    9.37568e-09
 Step 3 time 0.000620261 control sound timestep  0.000298723 1,1 x 0 y 0
 Wall clock 6.64163
 Average time per cell 9.38363e-09
  Step time per cell    9.37854e-09
 Step 4 time 0.000918984 control sound timestep  0.000314746 1,1 x 0 y 0
 Wall clock 8.84627
 Average time per cell 9.37385e-09
  Step time per cell    9.34439e-09
 Step 5 time 0.00123373 control sound timestep  0.000346361 1,1 x 0 y 0
 Wall clock 11.0689
 Average time per cell 9.38321e-09
  Step time per cell    9.42042e-09
 Step 6 time 0.00158009 control sound timestep  0.00034558 1,1 x 0 y 0
 Wall clock 13.2844
 Average time per cell 9.38441e-09
  Step time per cell    9.39016e-09
 Step 7 time 0.00192567 control sound timestep  0.000352154 1,1 x 0 y 0
 Wall clock 15.5103
 Average time per cell 9.3916e-09
  Step time per cell    9.43454e-09
 Step 8 time 0.00227782 control sound timestep  0.000370384 1,1 x 0 y 0
 Wall clock 17.7215
 Average time per cell 9.38919e-09
  Step time per cell    9.37203e-09
 Step 9 time 0.00264821 control sound timestep  0.000366391 1,1 x 0 y 0
 Wall clock 19.9359
 Average time per cell 9.38881e-09
  Step time per cell    9.38569e-09
 Step 10 time 0.0030146 control sound timestep  0.000363789 1,1 x 0 y 0
 Wall clock 22.305
 Average time per cell 9.45411e-09
  Step time per cell    1.00416e-08
 Step 11 time 0.00337839 control sound timestep  0.000361224 1,1 x 0 y 0
 Wall clock 24.504
 Average time per cell 9.44196e-09
  Step time per cell    9.32038e-09
 Step 12 time 0.00373961 control sound timestep  0.000359796 1,1 x 0 y 0
 Wall clock 26.7223
 Average time per cell 9.43864e-09
  Step time per cell    9.40194e-09
 Step 13 time 0.00409941 control sound timestep  0.000360678 1,1 x 0 y 0
 Wall clock 28.9399
 Average time per cell 9.43563e-09
  Step time per cell    9.39916e-09
 Step 14 time 0.00446009 control sound timestep  0.000362113 1,1 x 0 y 0
 Wall clock 31.1605
 Average time per cell 9.43395e-09
  Step time per cell    9.41188e-09
 Step 15 time 0.0048222 control sound timestep  0.000362661 1,1 x 0 y 0
 Wall clock 33.3701
 Average time per cell 9.42939e-09
  Step time per cell    9.36529e-09
 Step 16 time 0.00518486 control sound timestep  0.000362812 1,1 x 0 y 0
 Wall clock 35.579
 Average time per cell 9.42521e-09
  Step time per cell    9.36225e-09
 Step 17 time 0.00554767 control sound timestep  0.000362988 1,1 x 0 y 0
 Wall clock 37.799
 Average time per cell 9.4243e-09
  Step time per cell    9.40949e-09
 Step 18 time 0.00591066 control sound timestep  0.000363082 1,1 x 0 y 0
 Wall clock 40.0173
 Average time per cell 9.42308e-09
  Step time per cell    9.40217e-09
 Step 19 time 0.00627374 control sound timestep  0.000363112 1,1 x 0 y 0
 Wall clock 42.2244
 Average time per cell 9.4195e-09
  Step time per cell    9.35481e-09
 Step 20 time 0.00663686 control sound timestep  0.00036317 1,1 x 0 y 0
 Wall clock 44.5771
 Average time per cell 9.44713e-09
  Step time per cell    9.9719e-09
 Step 21 time 0.00700003 control sound timestep  0.000363365 1,1 x 0 y 0
 Wall clock 46.7966
 Average time per cell 9.44524e-09
  Step time per cell    9.40712e-09
 Step 22 time 0.00736339 control sound timestep  0.00036347 1,1 x 0 y 0
 Wall clock 49.0001
 Average time per cell 9.44044e-09
  Step time per cell    9.33933e-09
 Step 23 time 0.00772686 control sound timestep  0.000363513 1,1 x 0 y 0
 Wall clock 51.2099
 Average time per cell 9.43721e-09
  Step time per cell    9.36608e-09
 Step 24 time 0.00809037 control sound timestep  0.000363629 1,1 x 0 y 0
 Wall clock 53.4244
 Average time per cell 9.4351e-09
  Step time per cell    9.38619e-09
 Step 25 time 0.008454 control sound timestep  0.000363732 1,1 x 0 y 0
 Wall clock 55.6505
 Average time per cell 9.4351e-09
  Step time per cell    9.43485e-09
 Step 26 time 0.00881773 control sound timestep  0.000363825 1,1 x 0 y 0
 Wall clock 57.8598
 Average time per cell 9.43238e-09
  Step time per cell    9.3642e-09
 Step 27 time 0.00918156 control sound timestep  0.000363914 1,1 x 0 y 0
 Wall clock 60.0641
 Average time per cell 9.42907e-09
  Step time per cell    9.34297e-09
 Step 28 time 0.00954547 control sound timestep  0.000363943 1,1 x 0 y 0
 Wall clock 62.2763
 Average time per cell 9.42719e-09
  Step time per cell    9.37611e-09
 Step 29 time 0.00990942 control sound timestep  0.000363973 1,1 x 0 y 0
 Wall clock 64.4963
 Average time per cell 9.42658e-09
  Step time per cell    9.40924e-09
 Step 30 time 0.0102734 control sound timestep  0.000363988 1,1 x 0 y 0
 Wall clock 66.8637
 Average time per cell 9.44685e-09
  Step time per cell    1.00344e-08
 Step 31 time 0.0106374 control sound timestep  0.000364002 1,1 x 0 y 0
 Wall clock 69.085
 Average time per cell 9.44581e-09
  Step time per cell    9.41477e-09
 Step 32 time 0.0110014 control sound timestep  0.000364043 1,1 x 0 y 0
 Wall clock 71.3083
 Average time per cell 9.44512e-09
  Step time per cell    9.42331e-09
 Step 33 time 0.0113654 control sound timestep  0.000364085 1,1 x 0 y 0
 Wall clock 73.5258
 Average time per cell 9.44373e-09
  Step time per cell    9.39896e-09
 Step 34 time 0.0117295 control sound timestep  0.000364133 1,1 x 0 y 0
 Wall clock 75.7291
 Average time per cell 9.44064e-09
  Step time per cell    9.33827e-09
 Step 35 time 0.0120936 control sound timestep  0.000364198 1,1 x 0 y 0
 Wall clock 77.9424
 Average time per cell 9.43895e-09
  Step time per cell    9.38133e-09
 Step 36 time 0.0124578 control sound timestep  0.000364259 1,1 x 0 y 0
 Wall clock 80.1548
 Average time per cell 9.43723e-09
  Step time per cell    9.37675e-09
 Step 37 time 0.0128221 control sound timestep  0.000364318 1,1 x 0 y 0
 Wall clock 82.3755
 Average time per cell 9.43657e-09
  Step time per cell    9.41261e-09
 Step 38 time 0.0131864 control sound timestep  0.000364383 1,1 x 0 y 0
 Wall clock 84.5818
 Average time per cell 9.43433e-09
  Step time per cell    9.35116e-09
 Step 39 time 0.0135508 control sound timestep  0.000364422 1,1 x 0 y 0
 Wall clock 86.7889
 Average time per cell 9.43229e-09
  Step time per cell    9.35482e-09
 Step 40 time 0.0139152 control sound timestep  0.000364431 1,1 x 0 y 0
 Wall clock 89.1534
 Average time per cell 9.44703e-09
  Step time per cell    1.00215e-08
 Step 41 time 0.0142797 control sound timestep  0.000364435 1,1 x 0 y 0
 Wall clock 91.3621
 Average time per cell 9.44495e-09
  Step time per cell    9.36165e-09
 Step 42 time 0.0146441 control sound timestep  0.000364445 1,1 x 0 y 0
 Wall clock 93.5719
 Average time per cell 9.44308e-09
  Step time per cell    9.36624e-09
 Step 43 time 0.0150085 control sound timestep  0.000364471 1,1 x 0 y 0
 Wall clock 95.7933
 Average time per cell 9.44244e-09
  Step time per cell    9.41545e-09
 Step 44 time 0.015373 control sound timestep  0.000364495 1,1 x 0 y 0
 Wall clock 98.0126
 Average time per cell 9.44162e-09
  Step time per cell    9.40605e-09
 Step 45 time 0.0157375 control sound timestep  0.000364518 1,1 x 0 y 0
 Wall clock 100.226
 Average time per cell 9.44027e-09
  Step time per cell    9.38032e-09
 Step 46 time 0.016102 control sound timestep  0.000364543 1,1 x 0 y 0
 Wall clock 102.433
 Average time per cell 9.43845e-09
  Step time per cell    9.35669e-09
 Step 47 time 0.0164666 control sound timestep  0.000364585 1,1 x 0 y 0
 Wall clock 104.65
 Average time per cell 9.43753e-09
  Step time per cell    9.39484e-09
 Step 48 time 0.0168311 control sound timestep  0.000364628 1,1 x 0 y 0
 Wall clock 106.878
 Average time per cell 9.43771e-09
  Step time per cell    9.44569e-09
 Step 49 time 0.0171958 control sound timestep  0.000364667 1,1 x 0 y 0
 Wall clock 109.098
 Average time per cell 9.43713e-09
  Step time per cell    9.40922e-09
 Step 50 time 0.0175604 control sound timestep  0.000364708 1,1 x 0 y 0
 Wall clock 111.459
 Average time per cell 9.44851e-09
  Step time per cell    1.00057e-08
 Step 51 time 0.0179251 control sound timestep  0.000364758 1,1 x 0 y 0
 Wall clock 113.685
 Average time per cell 9.44821e-09
  Step time per cell    9.43297e-09
 Step 52 time 0.0182899 control sound timestep  0.000364817 1,1 x 0 y 0
 Wall clock 115.906
 Average time per cell 9.44761e-09
  Step time per cell    9.41682e-09
 Step 53 time 0.0186547 control sound timestep  0.000364826 1,1 x 0 y 0
 Wall clock 118.133
 Average time per cell 9.44739e-09
  Step time per cell    9.43588e-09
 Step 54 time 0.0190195 control sound timestep  0.00036483 1,1 x 0 y 0
 Wall clock 120.339
 Average time per cell 9.44559e-09
  Step time per cell    9.34976e-09
 Step 55 time 0.0193844 control sound timestep  0.000364831 1,1 x 0 y 0
 Wall clock 122.561
 Average time per cell 9.4451e-09
  Step time per cell    9.41839e-09
 Step 56 time 0.0197492 control sound timestep  0.000364846 1,1 x 0 y 0
 Wall clock 124.775
 Average time per cell 9.44406e-09
  Step time per cell    9.38654e-09
 Step 57 time 0.0201141 control sound timestep  0.000364866 1,1 x 0 y 0
 Wall clock 126.999
 Average time per cell 9.44372e-09
  Step time per cell    9.42472e-09
 Step 58 time 0.0204789 control sound timestep  0.000364884 1,1 x 0 y 0
 Wall clock 129.214
 Average time per cell 9.44274e-09
  Step time per cell    9.38663e-09
 Step 59 time 0.0208438 control sound timestep  0.000364902 1,1 x 0 y 0
 Wall clock 131.418
 Average time per cell 9.44103e-09
  Step time per cell    9.34183e-09
 Step 60 time 0.0212087 control sound timestep  0.000364922 1,1 x 0 y 0
 Wall clock 133.791
 Average time per cell 9.45131e-09
  Step time per cell    1.00576e-08
 Step 61 time 0.0215736 control sound timestep  0.000364956 1,1 x 0 y 0
 Wall clock 136.003
 Average time per cell 9.45009e-09
  Step time per cell    9.3765e-09
 Step 62 time 0.0219386 control sound timestep  0.000364991 1,1 x 0 y 0
 Wall clock 138.209
 Average time per cell 9.44847e-09
  Step time per cell    9.34986e-09
 Step 63 time 0.0223036 control sound timestep  0.000365022 1,1 x 0 y 0
 Wall clock 140.427
 Average time per cell 9.44771e-09
  Step time per cell    9.4003e-09
 Step 64 time 0.0226686 control sound timestep  0.000365056 1,1 x 0 y 0
 Wall clock 142.642
 Average time per cell 9.44684e-09
  Step time per cell    9.39131e-09
 Step 65 time 0.0230337 control sound timestep  0.000365098 1,1 x 0 y 0
 Wall clock 144.886
 Average time per cell 9.44777e-09
  Step time per cell    9.50756e-09
 Step 66 time 0.0233988 control sound timestep  0.000365146 1,1 x 0 y 0
 Wall clock 147.091
 Average time per cell 9.44628e-09
  Step time per cell    9.34866e-09
 Step 67 time 0.0237639 control sound timestep  0.000365166 1,1 x 0 y 0
 Wall clock 149.307
 Average time per cell 9.44543e-09
  Step time per cell    9.38956e-09
 Step 68 time 0.0241291 control sound timestep  0.000365169 1,1 x 0 y 0
 Wall clock 151.525
 Average time per cell 9.44478e-09
  Step time per cell    9.40045e-09
 Step 69 time 0.0244942 control sound timestep  0.000365167 1,1 x 0 y 0
 Wall clock 153.745
 Average time per cell 9.44427e-09
  Step time per cell    9.40977e-09
 Step 70 time 0.0248594 control sound timestep  0.000365177 1,1 x 0 y 0
 Wall clock 156.117
 Average time per cell 9.45302e-09
  Step time per cell    1.00565e-08
 Step 71 time 0.0252246 control sound timestep  0.000365194 1,1 x 0 y 0
 Wall clock 158.336
 Average time per cell 9.45233e-09
  Step time per cell    9.40363e-09
 Step 72 time 0.0255898 control sound timestep  0.000365209 1,1 x 0 y 0
 Wall clock 160.555
 Average time per cell 9.45165e-09
  Step time per cell    9.40329e-09
 Step 73 time 0.025955 control sound timestep  0.000365223 1,1 x 0 y 0
 Wall clock 162.78
 Average time per cell 9.45138e-09
  Step time per cell    9.43156e-09
 Step 74 time 0.0263202 control sound timestep  0.000365239 1,1 x 0 y 0
 Wall clock 164.996
 Average time per cell 9.45059e-09
  Step time per cell    9.39234e-09
 Step 75 time 0.0266854 control sound timestep  0.000365263 1,1 x 0 y 0
 Wall clock 167.203
 Average time per cell 9.44932e-09
  Step time per cell    9.35552e-09
 Step 76 time 0.0270507 control sound timestep  0.000365294 1,1 x 0 y 0
 Wall clock 169.433
 Average time per cell 9.44937e-09
  Step time per cell    9.45282e-09
 Step 77 time 0.027416 control sound timestep  0.000365322 1,1 x 0 y 0
 Wall clock 171.656
 Average time per cell 9.44902e-09
  Step time per cell    9.42195e-09
 Step 78 time 0.0277813 control sound timestep  0.000365349 1,1 x 0 y 0
 Wall clock 173.885
 Average time per cell 9.44897e-09
  Step time per cell    9.44499e-09
 Step 79 time 0.0281467 control sound timestep  0.000365381 1,1 x 0 y 0
 Wall clock 176.1
 Average time per cell 9.44821e-09
  Step time per cell    9.38916e-09
 Step 80 time 0.0285121 control sound timestep  0.000365421 1,1 x 0 y 0
 Wall clock 178.455
 Average time per cell 9.45486e-09
  Step time per cell    9.98003e-09
 Step 81 time 0.0288775 control sound timestep  0.000365457 1,1 x 0 y 0
 Wall clock 180.682
 Average time per cell 9.4547e-09
  Step time per cell    9.44165e-09
 Step 82 time 0.0292429 control sound timestep  0.000365459 1,1 x 0 y 0
 Wall clock 182.886
 Average time per cell 9.45332e-09
  Step time per cell    9.3408e-09
 Step 83 time 0.0296084 control sound timestep  0.000365461 1,1 x 0 y 0
 Wall clock 185.097
 Average time per cell 9.45234e-09
  Step time per cell    9.37235e-09
 Step 84 time 0.0299738 control sound timestep  0.000365461 1,1 x 0 y 0
 Wall clock 187.324
 Average time per cell 9.45218e-09
  Step time per cell    9.43823e-09
 Step 85 time 0.0303393 control sound timestep  0.000365475 1,1 x 0 y 0
 Wall clock 189.546
 Average time per cell 9.45178e-09
  Step time per cell    9.41781e-09
 Step 86 time 0.0307048 control sound timestep  0.000365488 1,1 x 0 y 0
 Wall clock 191.776
 Average time per cell 9.45176e-09
  Step time per cell    9.45025e-09
 Step 87 time 0.0310703 control sound timestep  0.0003655 1,1 x 0 y 0
 Wall clock 193.991
 Average time per cell 9.45106e-09
  Step time per cell    9.39076e-09
 Step 88 time 0.0314358 control sound timestep  0.000365513 1,1 x 0 y 0
 Wall clock 196.201
 Average time per cell 9.45008e-09
  Step time per cell    9.36443e-09
 Step 89 time 0.0318013 control sound timestep  0.000365528 1,1 x 0 y 0
 Wall clock 198.424
 Average time per cell 9.4498e-09
  Step time per cell    9.42466e-09
 Step 90 time 0.0321668 control sound timestep  0.000365555 1,1 x 0 y 0
 Wall clock 200.785
 Average time per cell 9.45598e-09
  Step time per cell    1.00055e-08
 Step 91 time 0.0325324 control sound timestep  0.00036558 1,1 x 0 y 0
 Wall clock 203
 Average time per cell 9.45521e-09
  Step time per cell    9.38627e-09
 Step 92 time 0.0328979 control sound timestep  0.000365603 1,1 x 0 y 0
 Wall clock 205.22
 Average time per cell 9.45473e-09
  Step time per cell    9.41091e-09
 Step 93 time 0.0332636 control sound timestep  0.000365628 1,1 x 0 y 0
 Wall clock 207.452
 Average time per cell 9.45479e-09
  Step time per cell    9.45994e-09
 Step 94 time 0.0336292 control sound timestep  0.000365659 1,1 x 0 y 0
 Wall clock 209.672
 Average time per cell 9.45431e-09
  Step time per cell    9.40905e-09
 Step 95 time 0.0339948 control sound timestep  0.000365696 1,1 x 0 y 0
 Wall clock 211.892
 Average time per cell 9.45383e-09
  Step time per cell    9.40835e-09
 Step 96 time 0.0343605 control sound timestep  0.000365709 1,1 x 0 y 0
 Wall clock 214.108
 Average time per cell 9.45321e-09
  Step time per cell    9.39386e-09
 Step 97 time 0.0347262 control sound timestep  0.00036571 1,1 x 0 y 0
 Wall clock 216.328
 Average time per cell 9.45275e-09
  Step time per cell    9.40895e-09
 Step 98 time 0.035092 control sound timestep  0.000365708 1,1 x 0 y 0
 Wall clock 218.559
 Average time per cell 9.45279e-09
  Step time per cell    9.45657e-09
 Step 99 time 0.0354577 control sound timestep  0.000365716 1,1 x 0 y 0
 Wall clock 220.784
 Average time per cell 9.45256e-09
  Step time per cell    9.42941e-09
 Step 100 time 0.0358234 control sound timestep  0.000365728 1,1 x 0 y 0
 Wall clock 223.141
 Average time per cell 9.45793e-09
  Step time per cell    9.98925e-09
 Step 101 time 0.0361891 control sound timestep  0.000365739 1,1 x 0 y 0
 Wall clock 225.36
 Average time per cell 9.45743e-09
  Step time per cell    9.40763e-09
 Step 102 time 0.0365548 control sound timestep  0.000365749 1,1 x 0 y 0
 Wall clock 227.586
 Average time per cell 9.45722e-09
  Step time per cell    9.43501e-09
 Step 103 time 0.0369206 control sound timestep  0.000365761 1,1 x 0 y 0
 Wall clock 229.829
 Average time per cell 9.45768e-09
  Step time per cell    9.50423e-09
 Step 104 time 0.0372864 control sound timestep  0.00036578 1,1 x 0 y 0
 Wall clock 232.033
 Average time per cell 9.45659e-09
  Step time per cell    9.34455e-09
 Step 105 time 0.0376521 control sound timestep  0.000365803 1,1 x 0 y 0
 Wall clock 234.251
 Average time per cell 9.45604e-09
  Step time per cell    9.39872e-09
 Step 106 time 0.0380179 control sound timestep  0.000365823 1,1 x 0 y 0
 Wall clock 236.476
 Average time per cell 9.45579e-09
  Step time per cell    9.42923e-09
 Step 107 time 0.0383838 control sound timestep  0.000365844 1,1 x 0 y 0
 Wall clock 238.713
 Average time per cell 9.45604e-09
  Step time per cell    9.48181e-09
 Step 108 time 0.0387496 control sound timestep  0.000365869 1,1 x 0 y 0
 Wall clock 240.933
 Average time per cell 9.45563e-09
  Step time per cell    9.41224e-09
 Step 109 time 0.0391155 control sound timestep  0.000365899 1,1 x 0 y 0
 Wall clock 243.161
 Average time per cell 9.45552e-09
  Step time per cell    9.44299e-09
 Step 110 time 0.0394814 control sound timestep  0.000365927 1,1 x 0 y 0
 Wall clock 245.517
 Average time per cell 9.46033e-09
  Step time per cell    9.98454e-09
 Step 111 time 0.0398473 control sound timestep  0.000365928 1,1 x 0 y 0
 Wall clock 247.748
 Average time per cell 9.46031e-09
  Step time per cell    9.45719e-09
 Step 112 time 0.0402132 control sound timestep  0.000365927 1,1 x 0 y 0
 Wall clock 249.975
 Average time per cell 9.46012e-09
  Step time per cell    9.43934e-09
 Step 113 time 0.0405792 control sound timestep  0.000365929 1,1 x 0 y 0
 Wall clock 252.204
 Average time per cell 9.45999e-09
  Step time per cell    9.4447e-09
 Step 114 time 0.0409451 control sound timestep  0.000365939 1,1 x 0 y 0
 Wall clock 254.41
 Average time per cell 9.45905e-09
  Step time per cell    9.35304e-09
 Step 115 time 0.041311 control sound timestep  0.000365949 1,1 x 0 y 0
 Wall clock 256.634
 Average time per cell 9.45877e-09
  Step time per cell    9.42618e-09
 Step 116 time 0.041677 control sound timestep  0.000365958 1,1 x 0 y 0
 Wall clock 258.862
 Average time per cell 9.45864e-09
  Step time per cell    9.44346e-09
 Step 117 time 0.0420429 control sound timestep  0.000365968 1,1 x 0 y 0
 Wall clock 261.101
 Average time per cell 9.45887e-09
  Step time per cell    9.48622e-09
 Step 118 time 0.0424089 control sound timestep  0.00036598 1,1 x 0 y 0
 Wall clock 263.336
 Average time per cell 9.45903e-09
  Step time per cell    9.47662e-09
 Step 119 time 0.0427749 control sound timestep  0.000366001 1,1 x 0 y 0
 Wall clock 265.558
 Average time per cell 9.45866e-09
  Step time per cell    9.41556e-09
 Step 120 time 0.0431409 control sound timestep  0.00036602 1,1 x 0 y 0
 Wall clock 267.927
 Average time per cell 9.46352e-09
  Step time per cell    1.00405e-08
 Step 121 time 0.0435069 control sound timestep  0.000366037 1,1 x 0 y 0
 Wall clock 270.158
 Average time per cell 9.46347e-09
  Step time per cell    9.45842e-09
 Step 122 time 0.0438729 control sound timestep  0.000366057 1,1 x 0 y 0
 Wall clock 272.382
 Average time per cell 9.46316e-09
  Step time per cell    9.42507e-09
 Step 123 time 0.044239 control sound timestep  0.000366082 1,1 x 0 y 0
 Wall clock 274.615
 Average time per cell 9.46317e-09
  Step time per cell    9.46402e-09
 Step 124 time 0.0446051 control sound timestep  0.000366111 1,1 x 0 y 0
 Wall clock 276.826
 Average time per cell 9.46243e-09
  Step time per cell    9.37067e-09
 Step 125 time 0.0449712 control sound timestep  0.000366119 1,1 x 0 y 0
 Wall clock 279.051
 Average time per cell 9.46217e-09
  Step time per cell    9.43041e-09
 Step 126 time 0.0453373 control sound timestep  0.00036612 1,1 x 0 y 0
 Wall clock 281.28
 Average time per cell 9.46207e-09
  Step time per cell    9.4485e-09
 Step 127 time 0.0457034 control sound timestep  0.000366118 1,1 x 0 y 0
 Wall clock 283.513
 Average time per cell 9.46209e-09
  Step time per cell    9.46459e-09
 Step 128 time 0.0460695 control sound timestep  0.000366125 1,1 x 0 y 0
 Wall clock 285.723
 Average time per cell 9.46135e-09
  Step time per cell    9.36775e-09
 Step 129 time 0.0464357 control sound timestep  0.000366134 1,1 x 0 y 0
 Wall clock 287.942
 Average time per cell 9.46091e-09
  Step time per cell    9.40437e-09
 Step 130 time 0.0468018 control sound timestep  0.000366143 1,1 x 0 y 0
 Wall clock 290.316
 Average time per cell 9.46555e-09
  Step time per cell    1.00627e-08
 Step 131 time 0.0471679 control sound timestep  0.000366151 1,1 x 0 y 0
 Wall clock 292.562
 Average time per cell 9.46596e-09
  Step time per cell    9.51967e-09
 Step 132 time 0.0475341 control sound timestep  0.00036616 1,1 x 0 y 0
 Wall clock 294.779
 Average time per cell 9.46542e-09
  Step time per cell    9.39468e-09
 Step 133 time 0.0479003 control sound timestep  0.000366177 1,1 x 0 y 0
 Wall clock 297.002
 Average time per cell 9.46509e-09
  Step time per cell    9.42126e-09
 Step 134 time 0.0482664 control sound timestep  0.000366195 1,1 x 0 y 0
 Wall clock 299.233
 Average time per cell 9.46503e-09
  Step time per cell    9.45677e-09
 Step 135 time 0.0486326 control sound timestep  0.000366211 1,1 x 0 y 0
 Wall clock 301.459
 Average time per cell 9.46481e-09
  Step time per cell    9.43486e-09
 Step 136 time 0.0489988 control sound timestep  0.000366227 1,1 x 0 y 0
 Wall clock 303.687
 Average time per cell 9.46467e-09
  Step time per cell    9.445e-09
 Step 137 time 0.0493651 control sound timestep  0.000366248 1,1 x 0 y 0
 Wall clock 305.929
 Average time per cell 9.46493e-09
  Step time per cell    9.50081e-09
 Step 138 time 0.0497313 control sound timestep  0.000366273 1,1 x 0 y 0
 Wall clock 308.14
 Average time per cell 9.46425e-09
  Step time per cell    9.37057e-09
 Step 139 time 0.0500976 control sound timestep  0.000366291 1,1 x 0 y 0
 Wall clock 310.364
 Average time per cell 9.46398e-09
  Step time per cell    9.42577e-09
 Step 140 time 0.0504639 control sound timestep  0.000366292 1,1 x 0 y 0
 Wall clock 312.735
 Average time per cell 9.46818e-09
  Step time per cell    1.00525e-08
 Step 141 time 0.0508302 control sound timestep  0.000366288 1,1 x 0 y 0
 Wall clock 314.978
 Average time per cell 9.46845e-09
  Step time per cell    9.50553e-09
 Step 142 time 0.0511965 control sound timestep  0.000366292 1,1 x 0 y 0
 Wall clock 317.195
 Average time per cell 9.46793e-09
  Step time per cell    9.39471e-09
 Step 143 time 0.0515627 control sound timestep  0.000366301 1,1 x 0 y 0
 Wall clock 319.418
 Average time per cell 9.46762e-09
  Step time per cell    9.42295e-09
 Step 144 time 0.051929 control sound timestep  0.000366308 1,1 x 0 y 0
 Wall clock 321.651
 Average time per cell 9.46761e-09
  Step time per cell    9.4671e-09
 Step 145 time 0.0522954 control sound timestep  0.000366316 1,1 x 0 y 0
 Wall clock 323.879
 Average time per cell 9.46743e-09
  Step time per cell    9.4411e-09
 Step 146 time 0.0526617 control sound timestep  0.000366324 1,1 x 0 y 0
 Wall clock 326.106
 Average time per cell 9.46725e-09
  Step time per cell    9.44044e-09
 Step 147 time 0.053028 control sound timestep  0.000366336 1,1 x 0 y 0
 Wall clock 328.349
 Average time per cell 9.46753e-09
  Step time per cell    9.50768e-09
 Step 148 time 0.0533943 control sound timestep  0.000366353 1,1 x 0 y 0
 Wall clock 330.589
 Average time per cell 9.46771e-09
  Step time per cell    9.49398e-09
 Step 149 time 0.0537607 control sound timestep  0.000366368 1,1 x 0 y 0
 Wall clock 332.815
 Average time per cell 9.46749e-09
  Step time per cell    9.43442e-09
 Step 150 time 0.0541271 control sound timestep  0.000366382 1,1 x 0 y 0
 Wall clock 335.185
 Average time per cell 9.47134e-09
  Step time per cell    1.00454e-08
 Step 151 time 0.0544934 control sound timestep  0.000366399 1,1 x 0 y 0
 Wall clock 337.425
 Average time per cell 9.47148e-09
  Step time per cell    9.49269e-09
 Step 152 time 0.0548598 control sound timestep  0.000366421 1,1 x 0 y 0
 Wall clock 339.659
 Average time per cell 9.47145e-09
  Step time per cell    9.4667e-09
 Step 153 time 0.0552263 control sound timestep  0.000366444 1,1 x 0 y 0
 Wall clock 341.887
 Average time per cell 9.47128e-09
  Step time per cell    9.4447e-09
 Step 154 time 0.0555927 control sound timestep  0.000366446 1,1 x 0 y 0
 Wall clock 344.107
 Average time per cell 9.47089e-09
  Step time per cell    9.41041e-09
 Step 155 time 0.0559591 control sound timestep  0.000366445 1,1 x 0 y 0
 Wall clock 346.323
 Average time per cell 9.47037e-09
  Step time per cell    9.39036e-09
 Step 156 time 0.0563256 control sound timestep  0.000366445 1,1 x 0 y 0
 Wall clock 348.565
 Average time per cell 9.47059e-09
  Step time per cell    9.50464e-09
 Step 157 time 0.056692 control sound timestep  0.000366452 1,1 x 0 y 0
 Wall clock 350.803
 Average time per cell 9.47068e-09
  Step time per cell    9.48457e-09
 Step 158 time 0.0570585 control sound timestep  0.000366459 1,1 x 0 y 0
 Wall clock 353.027
 Average time per cell 9.47039e-09
  Step time per cell    9.42475e-09
 Step 159 time 0.0574249 control sound timestep  0.000366466 1,1 x 0 y 0
 Wall clock 355.267
 Average time per cell 9.47054e-09
  Step time per cell    9.49439e-09
 Step 160 time 0.0577914 control sound timestep  0.000366473 1,1 x 0 y 0
 Wall clock 357.621
 Average time per cell 9.47373e-09
  Step time per cell    9.98064e-09
 Step 161 time 0.0581579 control sound timestep  0.000366482 1,1 x 0 y 0
 Wall clock 359.864
 Average time per cell 9.47394e-09
  Step time per cell    9.50645e-09
 Step 162 time 0.0585244 control sound timestep  0.000366498 1,1 x 0 y 0
 Wall clock 362.103
 Average time per cell 9.47403e-09
  Step time per cell    9.48803e-09
 Step 163 time 0.0588909 control sound timestep  0.000366512 1,1 x 0 y 0
 Wall clock 364.334
 Average time per cell 9.47392e-09
  Step time per cell    9.4558e-09
 Step 164 time 0.0592574 control sound timestep  0.000366525 1,1 x 0 y 0
 Wall clock 366.555
 Average time per cell 9.47356e-09
  Step time per cell    9.41452e-09
 Step 165 time 0.0596239 control sound timestep  0.000366539 1,1 x 0 y 0
 Wall clock 368.78
 Average time per cell 9.47328e-09
  Step time per cell    9.4278e-09
 Step 166 time 0.0599904 control sound timestep  0.000366558 1,1 x 0 y 0
 Wall clock 371.012
 Average time per cell 9.47321e-09
  Step time per cell    9.46096e-09
 Step 167 time 0.060357 control sound timestep  0.00036658 1,1 x 0 y 0
 Wall clock 373.238
 Average time per cell 9.47299e-09
  Step time per cell    9.43582e-09
 Step 168 time 0.0607236 control sound timestep  0.000366586 1,1 x 0 y 0
 Wall clock 375.474
 Average time per cell 9.47301e-09
  Step time per cell    9.47738e-09
 Step 169 time 0.0610902 control sound timestep  0.000366586 1,1 x 0 y 0
 Wall clock 377.716
 Average time per cell 9.47319e-09
  Step time per cell    9.50302e-09
 Step 170 time 0.0614568 control sound timestep  0.000366585 1,1 x 0 y 0
 Wall clock 380.101
 Average time per cell 9.47694e-09
  Step time per cell    1.01093e-08
 Step 171 time 0.0618233 control sound timestep  0.00036659 1,1 x 0 y 0
 Wall clock 382.337
 Average time per cell 9.47694e-09
  Step time per cell    9.47692e-09
 Step 172 time 0.0621899 control sound timestep  0.000366597 1,1 x 0 y 0
 Wall clock 384.58
 Average time per cell 9.47711e-09
  Step time per cell    9.50653e-09
 Step 173 time 0.0625565 control sound timestep  0.000366603 1,1 x 0 y 0
 Wall clock 386.806
 Average time per cell 9.47685e-09
  Step time per cell    9.43187e-09
 Step 174 time 0.0629231 control sound timestep  0.000366609 1,1 x 0 y 0
 Wall clock 389.044
 Average time per cell 9.4769e-09
  Step time per cell    9.48569e-09
 Step 175 time 0.0632897 control sound timestep  0.000366616 1,1 x 0 y 0
 Wall clock 391.275
 Average time per cell 9.47679e-09
  Step time per cell    9.4565e-09
 Step 176 time 0.0636564 control sound timestep  0.000366631 1,1 x 0 y 0
 Wall clock 393.497
 Average time per cell 9.47646e-09
  Step time per cell    9.41854e-09
 Step 177 time 0.064023 control sound timestep  0.000366644 1,1 x 0 y 0
 Wall clock 395.721
 Average time per cell 9.47618e-09
  Step time per cell    9.42668e-09
 Step 178 time 0.0643896 control sound timestep  0.000366656 1,1 x 0 y 0
 Wall clock 397.956
 Average time per cell 9.47616e-09
  Step time per cell    9.47187e-09
 Step 179 time 0.0647563 control sound timestep  0.000366668 1,1 x 0 y 0
 Wall clock 400.193
 Average time per cell 9.4762e-09
  Step time per cell    9.48425e-09
 Step 180 time 0.065123 control sound timestep  0.000366685 1,1 x 0 y 0
 Wall clock 402.584
 Average time per cell 9.47986e-09
  Step time per cell    1.01341e-08
 Step 181 time 0.0654896 control sound timestep  0.000366704 1,1 x 0 y 0
 Wall clock 404.812
 Average time per cell 9.47965e-09
  Step time per cell    9.44174e-09
 Step 182 time 0.0658563 control sound timestep  0.000366715 1,1 x 0 y 0
 Wall clock 407.03
 Average time per cell 9.47922e-09
  Step time per cell    9.40044e-09
 Step 183 time 0.0662231 control sound timestep  0.000366716 1,1 x 0 y 0
 Wall clock 409.26
 Average time per cell 9.47907e-09
  Step time per cell    9.45226e-09
 Step 184 time 0.0665898 control sound timestep  0.000366713 1,1 x 0 y 0
 Wall clock 411.493
 Average time per cell 9.47899e-09
  Step time per cell    9.46393e-09
 Step 185 time 0.0669565 control sound timestep  0.000366717 1,1 x 0 y 0
 Wall clock 413.74
 Average time per cell 9.47924e-09
  Step time per cell    9.524e-09
 Step 186 time 0.0673232 control sound timestep  0.000366724 1,1 x 0 y 0
 Wall clock 415.983
 Average time per cell 9.47939e-09
  Step time per cell    9.50748e-09
 Step 187 time 0.0676899 control sound timestep  0.000366729 1,1 x 0 y 0
 Wall clock 418.216
 Average time per cell 9.47931e-09
  Step time per cell    9.46368e-09
 Step 188 time 0.0680567 control sound timestep  0.000366735 1,1 x 0 y 0
 Wall clock 420.44
 Average time per cell 9.47902e-09
  Step time per cell    9.42446e-09
 Step 189 time 0.0684234 control sound timestep  0.000366742 1,1 x 0 y 0
 Wall clock 422.665
 Average time per cell 9.47878e-09
  Step time per cell    9.43397e-09
 Step 190 time 0.0687901 control sound timestep  0.000366754 1,1 x 0 y 0
 Wall clock 425.043
 Average time per cell 9.48193e-09
  Step time per cell    1.00768e-08
 Step 191 time 0.0691569 control sound timestep  0.000366766 1,1 x 0 y 0
 Wall clock 427.287
 Average time per cell 9.4821e-09
  Step time per cell    9.51392e-09
 Step 192 time 0.0695237 control sound timestep  0.000366777 1,1 x 0 y 0
 Wall clock 429.526
 Average time per cell 9.48214e-09
  Step time per cell    9.48964e-09
 Step 193 time 0.0698904 control sound timestep  0.000366789 1,1 x 0 y 0
 Wall clock 431.773
 Average time per cell 9.48235e-09
  Step time per cell    9.52246e-09
 Step 194 time 0.0702572 control sound timestep  0.000366803 1,1 x 0 y 0
 Wall clock 434.003
 Average time per cell 9.48218e-09
  Step time per cell    9.44951e-09
 Step 195 time 0.070624 control sound timestep  0.000366821 1,1 x 0 y 0
 Wall clock 436.223
 Average time per cell 9.48182e-09
  Step time per cell    9.41231e-09
 Step 196 time 0.0709908 control sound timestep  0.000366835 1,1 x 0 y 0
 Wall clock 438.464
 Average time per cell 9.4819e-09
  Step time per cell    9.49633e-09
 Step 197 time 0.0713577 control sound timestep  0.000366836 1,1 x 0 y 0
 Wall clock 440.709
 Average time per cell 9.48206e-09
  Step time per cell    9.51371e-09
 Step 198 time 0.0717245 control sound timestep  0.000366833 1,1 x 0 y 0
 Wall clock 442.954
 Average time per cell 9.48223e-09
  Step time per cell    9.5152e-09
 Step 199 time 0.0720913 control sound timestep  0.000366836 1,1 x 0 y 0
 Wall clock 445.196
 Average time per cell 9.48235e-09
  Step time per cell    9.50579e-09
 Step 200 time 0.0724582 control sound timestep  0.000366842 1,1 x 0 y 0
 Wall clock 447.578
 Average time per cell 9.48542e-09
  Step time per cell    1.0096e-08
 Step 201 time 0.072825 control sound timestep  0.000366847 1,1 x 0 y 0
 Wall clock 449.8
 Average time per cell 9.48507e-09
  Step time per cell    9.41447e-09
 Step 202 time 0.0731919 control sound timestep  0.000366853 1,1 x 0 y 0
 Wall clock 452.041
 Average time per cell 9.48514e-09
  Step time per cell    9.49827e-09
 Step 203 time 0.0735587 control sound timestep  0.000366859 1,1 x 0 y 0
 Wall clock 454.286
 Average time per cell 9.48529e-09
  Step time per cell    9.51565e-09
 Step 204 time 0.0739256 control sound timestep  0.000366869 1,1 x 0 y 0
 Wall clock 456.534
 Average time per cell 9.4855e-09
  Step time per cell    9.52774e-09
 Step 205 time 0.0742925 control sound timestep  0.000366881 1,1 x 0 y 0
 Wall clock 458.785
 Average time per cell 9.48577e-09
  Step time per cell    9.54196e-09
 Step 206 time 0.0746593 control sound timestep  0.000366892 1,1 x 0 y 0
 Wall clock 461.028
 Average time per cell 9.48589e-09
  Step time per cell    9.50866e-09
 Step 207 time 0.0750262 control sound timestep  0.000366902 1,1 x 0 y 0
 Wall clock 463.279
 Average time per cell 9.48616e-09
  Step time per cell    9.54159e-09
 Step 208 time 0.0753931 control sound timestep  0.000366915 1,1 x 0 y 0
 Wall clock 465.524
 Average time per cell 9.48629e-09
  Step time per cell    9.51265e-09
 Step 209 time 0.07576 control sound timestep  0.000366932 1,1 x 0 y 0
 Wall clock 467.772
 Average time per cell 9.48649e-09
  Step time per cell    9.52977e-09
 Step 210 time 0.076127 control sound timestep  0.000366947 1,1 x 0 y 0
 Wall clock 470.144
 Average time per cell 9.4892e-09
  Step time per cell    1.00536e-08
 Step 211 time 0.0764939 control sound timestep  0.000366948 1,1 x 0 y 0
 Wall clock 472.388
 Average time per cell 9.48931e-09
  Step time per cell    9.51196e-09
 Step 212 time 0.0768609 control sound timestep  0.000366945 1,1 x 0 y 0
 Wall clock 474.637
 Average time per cell 9.48949e-09
  Step time per cell    9.52865e-09
 Step 213 time 0.0772278 control sound timestep  0.000366947 1,1 x 0 y 0
 Wall clock 476.889
 Average time per cell 9.48976e-09
  Step time per cell    9.54657e-09
 Step 214 time 0.0775948 control sound timestep  0.000366952 1,1 x 0 y 0
 Wall clock 479.132
 Average time per cell 9.48984e-09
  Step time per cell    9.50555e-09
 Step 215 time 0.0779617 control sound timestep  0.000366958 1,1 x 0 y 0
 Wall clock 481.383
 Average time per cell 9.49008e-09
  Step time per cell    9.54226e-09
 Step 216 time 0.0783287 control sound timestep  0.000366963 1,1 x 0 y 0
 Wall clock 483.624
 Average time per cell 9.49012e-09
  Step time per cell    9.49722e-09
 Step 217 time 0.0786956 control sound timestep  0.000366968 1,1 x 0 y 0
 Wall clock 485.884
 Average time per cell 9.49054e-09
  Step time per cell    9.58015e-09
 Step 218 time 0.0790626 control sound timestep  0.000366977 1,1 x 0 y 0
 Wall clock 488.119
 Average time per cell 9.49046e-09
  Step time per cell    9.47327e-09
 Step 219 time 0.0794296 control sound timestep  0.000366989 1,1 x 0 y 0
 Wall clock 490.355
 Average time per cell 9.49038e-09
  Step time per cell    9.47349e-09
 Step 220 time 0.0797966 control sound timestep  0.000366999 1,1 x 0 y 0
 Wall clock 492.727
 Average time per cell 9.49295e-09
  Step time per cell    1.00559e-08
 Step 221 time 0.0801636 control sound timestep  0.000367009 1,1 x 0 y 0
 Wall clock 494.979
 Average time per cell 9.49319e-09
  Step time per cell    9.54585e-09
 Step 222 time 0.0805306 control sound timestep  0.000367021 1,1 x 0 y 0
 Wall clock 497.226
 Average time per cell 9.49332e-09
  Step time per cell    9.52081e-09
 Step 223 time 0.0808976 control sound timestep  0.000367036 1,1 x 0 y 0
 Wall clock 499.479
 Average time per cell 9.49358e-09
  Step time per cell    9.55123e-09
 Step 224 time 0.0812646 control sound timestep  0.000367052 1,1 x 0 y 0
 Wall clock 501.72
 Average time per cell 9.4936e-09
  Step time per cell    9.49774e-09
 Step 225 time 0.0816317 control sound timestep  0.000367052 1,1 x 0 y 0
 Wall clock 503.963
 Average time per cell 9.49367e-09
  Step time per cell    9.50848e-09
 Step 226 time 0.0819987 control sound timestep  0.00036705 1,1 x 0 y 0
 Wall clock 506.184
 Average time per cell 9.49331e-09
  Step time per cell    9.41183e-09
 Step 227 time 0.0823658 control sound timestep  0.000367051 1,1 x 0 y 0
 Wall clock 508.434
 Average time per cell 9.49351e-09
  Step time per cell    9.53876e-09
 Step 228 time 0.0827328 control sound timestep  0.000367056 1,1 x 0 y 0
 Wall clock 510.673
 Average time per cell 9.49348e-09
  Step time per cell    9.48653e-09
 Step 229 time 0.0830999 control sound timestep  0.000367062 1,1 x 0 y 0
 Wall clock 512.919
 Average time per cell 9.4936e-09
  Step time per cell    9.52241e-09
 Step 230 time 0.083467 control sound timestep  0.000367066 1,1 x 0 y 0
 Wall clock 515.314
 Average time per cell 9.49646e-09
  Step time per cell    1.01506e-08
 Step 231 time 0.083834 control sound timestep  0.000367071 1,1 x 0 y 0
 Wall clock 517.573
 Average time per cell 9.4968e-09
  Step time per cell    9.57365e-09
 Step 232 time 0.0842011 control sound timestep  0.000367079 1,1 x 0 y 0
 Wall clock 519.817
 Average time per cell 9.49685e-09
  Step time per cell    9.50995e-09
 Step 233 time 0.0845682 control sound timestep  0.000367091 1,1 x 0 y 0
 Wall clock 522.079
 Average time per cell 9.49725e-09
  Step time per cell    9.58825e-09
 Step 234 time 0.0849353 control sound timestep  0.0003671 1,1 x 0 y 0
 Wall clock 524.317
 Average time per cell 9.4972e-09
  Step time per cell    9.48651e-09
 Step 235 time 0.0853024 control sound timestep  0.00036711 1,1 x 0 y 0
 Wall clock 526.551
 Average time per cell 9.49707e-09
  Step time per cell    9.46646e-09
 Step 236 time 0.0856695 control sound timestep  0.000367121 1,1 x 0 y 0
 Wall clock 528.777
 Average time per cell 9.49681e-09
  Step time per cell    9.43459e-09
 Step 237 time 0.0860366 control sound timestep  0.000367135 1,1 x 0 y 0
 Wall clock 531.026
 Average time per cell 9.49697e-09
  Step time per cell    9.53419e-09
 Step 238 time 0.0864037 control sound timestep  0.000367151 1,1 x 0 y 0
 Wall clock 533.275
 Average time per cell 9.49712e-09
  Step time per cell    9.53322e-09
 Step 239 time 0.0867709 control sound timestep  0.000367151 1,1 x 0 y 0
 Wall clock 535.523
 Average time per cell 9.49725e-09
  Step time per cell    9.52635e-09
 Step 240 time 0.087138 control sound timestep  0.00036715 1,1 x 0 y 0
 Wall clock 537.925
 Average time per cell 9.50009e-09
  Step time per cell    1.01799e-08
 Step 241 time 0.0875052 control sound timestep  0.00036715 1,1 x 0 y 0
 Wall clock 540.185
 Average time per cell 9.50043e-09
  Step time per cell    9.58051e-09
 Step 242 time 0.0878723 control sound timestep  0.000367155 1,1 x 0 y 0
 Wall clock 542.434
 Average time per cell 9.50055e-09
  Step time per cell    9.5308e-09
 Step 243 time 0.0882395 control sound timestep  0.00036716 1,1 x 0 y 0
 Wall clock 544.689
 Average time per cell 9.50079e-09
  Step time per cell    9.55871e-09
 Step 244 time 0.0886066 control sound timestep  0.000367164 1,1 x 0 y 0
 Wall clock 546.919
 Average time per cell 9.5006e-09
  Step time per cell    9.45338e-09
 Step 245 time 0.0889738 control sound timestep  0.000367169 1,1 x 0 y 0
 Wall clock 549.163
 Average time per cell 9.50063e-09
  Step time per cell    9.50842e-09
 Step 246 time 0.089341 control sound timestep  0.000367177 1,1 x 0 y 0
 Wall clock 551.393
 Average time per cell 9.50043e-09
  Step time per cell    9.45137e-09
 Step 247 time 0.0897082 control sound timestep  0.000367187 1,1 x 0 y 0
 Wall clock 553.639
 Average time per cell 9.50052e-09
  Step time per cell    9.52213e-09
 Step 248 time 0.0900753 control sound timestep  0.000367197 1,1 x 0 y 0
 Wall clock 555.887
 Average time per cell 9.50062e-09
  Step time per cell    9.52496e-09
 Step 249 time 0.0904425 control sound timestep  0.000367205 1,1 x 0 y 0
 Wall clock 558.139
 Average time per cell 9.50081e-09
  Step time per cell    9.54808e-09
 Step 250 time 0.0908097 control sound timestep  0.000367216 1,1 x 0 y 0
 Wall clock 560.537
 Average time per cell 9.50346e-09
  Step time per cell    1.01618e-08
 Step 251 time 0.091177 control sound timestep  0.000367229 1,1 x 0 y 0
 Wall clock 562.78
 Average time per cell 9.50347e-09
  Step time per cell    9.50605e-09
 Step 252 time 0.0915442 control sound timestep  0.000367244 1,1 x 0 y 0
 Wall clock 565.009
 Average time per cell 9.50326e-09
  Step time per cell    9.44969e-09
 Step 253 time 0.0919114 control sound timestep  0.000367245 1,1 x 0 y 0
 Wall clock 567.267
 Average time per cell 9.50352e-09
  Step time per cell    9.56958e-09
 Step 254 time 0.0922787 control sound timestep  0.000367243 1,1 x 0 y 0
 Wall clock 569.495
 Average time per cell 9.50329e-09
  Step time per cell    9.44542e-09
 Step 255 time 0.0926459 control sound timestep  0.000367244 1,1 x 0 y 0
 Wall clock 571.728
 Average time per cell 9.50314e-09
  Step time per cell    9.4639e-09
 Step 256 time 0.0930132 control sound timestep  0.000367248 1,1 x 0 y 0
 Wall clock 573.974
 Average time per cell 9.50321e-09
  Step time per cell    9.52012e-09
 Step 257 time 0.0933804 control sound timestep  0.000367253 1,1 x 0 y 0
 Wall clock 576.229
 Average time per cell 9.50341e-09
  Step time per cell    9.55474e-09
 Step 258 time 0.0937477 control sound timestep  0.000367257 1,1 x 0 y 0
 Wall clock 578.474
 Average time per cell 9.50347e-09
  Step time per cell    9.51782e-09
 Step 259 time 0.0941149 control sound timestep  0.000367262 1,1 x 0 y 0
 Wall clock 580.73
 Average time per cell 9.50368e-09
  Step time per cell    9.55866e-09
 Step 260 time 0.0944822 control sound timestep  0.000367269 1,1 x 0 y 0
 Wall clock 583.124
 Average time per cell 9.50616e-09
  Step time per cell    1.01477e-08
 Step 261 time 0.0948495 control sound timestep  0.000367279 1,1 x 0 y 0
 Wall clock 585.367
 Average time per cell 9.50617e-09
  Step time per cell    9.50856e-09
 Step 262 time 0.0952167 control sound timestep  0.000367288 1,1 x 0 y 0
 Wall clock 587.595
 Average time per cell 9.50592e-09
  Step time per cell    9.4404e-09
 Step 263 time 0.095584 control sound timestep  0.000367297 1,1 x 0 y 0
 Wall clock 589.851
 Average time per cell 9.50614e-09
  Step time per cell    9.56332e-09
 Step 264 time 0.0959513 control sound timestep  0.000367307 1,1 x 0 y 0
 Wall clock 592.097
 Average time per cell 9.50618e-09
  Step time per cell    9.51843e-09
 Step 265 time 0.0963186 control sound timestep  0.00036732 1,1 x 0 y 0
 Wall clock 594.347
 Average time per cell 9.50631e-09
  Step time per cell    9.53793e-09
 Step 266 time 0.0966859 control sound timestep  0.000367334 1,1 x 0 y 0
 Wall clock 596.599
 Average time per cell 9.50646e-09
  Step time per cell    9.54639e-09
 Step 267 time 0.0970533 control sound timestep  0.000367334 1,1 x 0 y 0
 Wall clock 598.855
 Average time per cell 9.50667e-09
  Step time per cell    9.56198e-09
 Step 268 time 0.0974206 control sound timestep  0.000367332 1,1 x 0 y 0
 Wall clock 601.113
 Average time per cell 9.5069e-09
  Step time per cell    9.56837e-09
 Step 269 time 0.0977879 control sound timestep  0.000367333 1,1 x 0 y 0
 Wall clock 603.368
 Average time per cell 9.50709e-09
  Step time per cell    9.55885e-09
 Step 270 time 0.0981553 control sound timestep  0.000367338 1,1 x 0 y 0
 Wall clock 605.767
 Average time per cell 9.50954e-09
  Step time per cell    1.01672e-08
 Step 271 time 0.0985226 control sound timestep  0.000367342 1,1 x 0 y 0
 Wall clock 608.004
 Average time per cell 9.50944e-09
  Step time per cell    9.48232e-09
 Step 272 time 0.09889 control sound timestep  0.000367346 1,1 x 0 y 0
 Wall clock 610.226
 Average time per cell 9.50911e-09
  Step time per cell    9.41877e-09
 Step 273 time 0.0992573 control sound timestep  0.00036735 1,1 x 0 y 0
 Wall clock 612.482
 Average time per cell 9.5093e-09
  Step time per cell    9.54119e-09
 Step 274 time 0.0996247 control sound timestep  0.000367358 1,1 x 0 y 0
 Wall clock 614.731
 Average time per cell 9.50938e-09
  Step time per cell    9.53255e-09
 Step 275 time 0.099992 control sound timestep  0.000367367 1,1 x 0 y 0
 Wall clock 616.966
 Average time per cell 9.50924e-09
  Step time per cell    9.47013e-09
 Step 276 time 0.100359 control sound timestep  0.000367376 1,1 x 0 y 0
 Wall clock 619.213
 Average time per cell 9.5093e-09
  Step time per cell    9.52683e-09
 Step 277 time 0.100727 control sound timestep  0.000367384 1,1 x 0 y 0
 Wall clock 621.463
 Average time per cell 9.5094e-09
  Step time per cell    9.53505e-09
 Step 278 time 0.101094 control sound timestep  0.000367394 1,1 x 0 y 0
 Wall clock 623.711
 Average time per cell 9.50946e-09
  Step time per cell    9.5268e-09
 Step 279 time 0.101462 control sound timestep  0.000367406 1,1 x 0 y 0
 Wall clock 625.965
 Average time per cell 9.50963e-09
  Step time per cell    9.55608e-09
 Step 280 time 0.101829 control sound timestep  0.000367419 1,1 x 0 y 0
 Wall clock 628.357
 Average time per cell 9.51187e-09
  Step time per cell    1.0137e-08
 Step 281 time 0.102196 control sound timestep  0.000367419 1,1 x 0 y 0
 Wall clock 630.61
 Average time per cell 9.512e-09
  Step time per cell    9.54779e-09
 Step 282 time 0.102564 control sound timestep  0.000367417 1,1 x 0 y 0
 Wall clock 632.838
 Average time per cell 9.51176e-09
  Step time per cell    9.4436e-09
 Step 283 time 0.102931 control sound timestep  0.000367418 1,1 x 0 y 0
 Wall clock 635.095
 Average time per cell 9.51195e-09
  Step time per cell    9.5662e-09
 Step 284 time 0.103299 control sound timestep  0.000367423 1,1 x 0 y 0
 Wall clock 637.343
 Average time per cell 9.51202e-09
  Step time per cell    9.53035e-09
 Step 285 time 0.103666 control sound timestep  0.000367427 1,1 x 0 y 0
 Wall clock 639.596
 Average time per cell 9.51214e-09
  Step time per cell    9.54705e-09
 Step 286 time 0.104033 control sound timestep  0.000367431 1,1 x 0 y 0
 Wall clock 641.844
 Average time per cell 9.51221e-09
  Step time per cell    9.53106e-09
 Step 287 time 0.104401 control sound timestep  0.000367435 1,1 x 0 y 0
 Wall clock 644.101
 Average time per cell 9.51239e-09
  Step time per cell    9.56325e-09
 Step 288 time 0.104768 control sound timestep  0.000367442 1,1 x 0 y 0
 Wall clock 646.352
 Average time per cell 9.51249e-09
  Step time per cell    9.54104e-09
 Step 289 time 0.105136 control sound timestep  0.000367452 1,1 x 0 y 0
 Wall clock 648.608
 Average time per cell 9.51267e-09
  Step time per cell    9.56408e-09
 Step 290 time 0.105503 control sound timestep  0.00036746 1,1 x 0 y 0
 Wall clock 651.003
 Average time per cell 9.51487e-09
  Step time per cell    1.01499e-08
 Step 291 time 0.105871 control sound timestep  0.000367468 1,1 x 0 y 0
 Wall clock 653.257
 Average time per cell 9.515e-09
  Step time per cell    9.55403e-09
 Step 292 time 0.106238 control sound timestep  0.000367477 1,1 x 0 y 0
 Wall clock 655.489
 Average time per cell 9.51481e-09
  Step time per cell    9.46002e-09
 Step 293 time 0.106606 control sound timestep  0.00036749 1,1 x 0 y 0
 Wall clock 657.748
 Average time per cell 9.51501e-09
  Step time per cell    9.57201e-09
 Step 294 time 0.106973 control sound timestep  0.0003675 1,1 x 0 y 0
 Wall clock 659.982
 Average time per cell 9.51486e-09
  Step time per cell    9.47184e-09
 Step 295 time 0.107341 control sound timestep  0.000367501 1,1 x 0 y 0
 Wall clock 662.222
 Average time per cell 9.51479e-09
  Step time per cell    9.49181e-09
 Step 296 time 0.107708 control sound timestep  0.000367498 1,1 x 0 y 0
 Wall clock 664.467
 Average time per cell 9.51479e-09
  Step time per cell    9.51568e-09
 Step 297 time 0.108076 control sound timestep  0.0003675 1,1 x 0 y 0
 Wall clock 666.719
 Average time per cell 9.51489e-09
  Step time per cell    9.54428e-09
 Step 298 time 0.108443 control sound timestep  0.000367504 1,1 x 0 y 0
 Wall clock 668.968
 Average time per cell 9.51496e-09
  Step time per cell    9.53389e-09
 Step 299 time 0.108811 control sound timestep  0.000367508 1,1 x 0 y 0
 Wall clock 671.22
 Average time per cell 9.51506e-09
  Step time per cell    9.54496e-09
 Step 300 time 0.109178 control sound timestep  0.000367512 1,1 x 0 y 0
 Wall clock 673.762
 First step overhead 0
Result:
 - Problem: none
 - Outcome: PASSED
