---
Devices:
 0: Host CPU
CloverLeaf:
 - Ver.:     2.000
 - Deck:     /home/labpc/work/cipp/CloverLeaf/InputDecks/clover_bm256_300.in
 - Out:      clover.out
 - Profiler: deck-specified
MPI:
 - Enabled:     false
 - Total ranks: 1
 - Header device-awareness (CUDA-awareness):  unknown
 - Runtime device-awareness (CUDA-awareness): unknown
 - Host-Device halo exchange staging buffer:  true
Model:
 - Name:      OpenMP (CPU)
 - Execution: Host
# ---- 
Output: |+1
 Output file clover.out opened. All output will go there.
 Args: --file /home/labpc/work/cipp/CloverLeaf/InputDecks/clover_bm256_300.in
 Using input: `/home/labpc/work/cipp/CloverLeaf/InputDecks/clover_bm256_300.in`
 Problem initialised and generated
 Launching hydro
 Step 1 time 0 control sound timestep  0.000385161 1,1 x 0 y 0
 Wall clock 2.67608
 Average time per cell 1.13427e-08
  Step time per cell    1.13427e-08
 Step 2 time 0.000385161 control sound timestep  0.000235099 1,1 x 0 y 0
 Wall clock 5.32395
 Average time per cell 1.12829e-08
  Step time per cell    1.12228e-08
 Step 3 time 0.000620261 control sound timestep  0.000298723 1,1 x 0 y 0
 Wall clock 8.00322
 Average time per cell 1.13074e-08
  Step time per cell    1.13559e-08
 Step 4 time 0.000918984 control sound timestep  0.000314746 1,1 x 0 y 0
 Wall clock 10.6511
 Average time per cell 1.12863e-08
  Step time per cell    1.12228e-08
 Step 5 time 0.00123373 control sound timestep  0.000346361 1,1 x 0 y 0
 Wall clock 13.3277
 Average time per cell 1.1298e-08
  Step time per cell    1.13447e-08
 Step 6 time 0.00158009 control sound timestep  0.00034558 1,1 x 0 y 0
 Wall clock 15.9762
 Average time per cell 1.1286e-08
  Step time per cell    1.12255e-08
 Step 7 time 0.00192567 control sound timestep  0.000352154 1,1 x 0 y 0
 Wall clock 18.6657
 Average time per cell 1.13022e-08
  Step time per cell    1.13993e-08
 Step 8 time 0.00227782 control sound timestep  0.000370384 1,1 x 0 y 0
 Wall clock 21.3068
 Average time per cell 1.12888e-08
  Step time per cell    1.11941e-08
 Step 9 time 0.00264821 control sound timestep  0.000366391 1,1 x 0 y 0
 Wall clock 23.9926
 Average time per cell 1.12993e-08
  Step time per cell    1.13833e-08
 Step 10 time 0.0030146 control sound timestep  0.000363789 1,1 x 0 y 0
 Wall clock 26.9004
 Average time per cell 1.14019e-08
  Step time per cell    1.23245e-08
 Step 11 time 0.00337839 control sound timestep  0.000361224 1,1 x 0 y 0
 Wall clock 29.5868
 Average time per cell 1.14005e-08
  Step time per cell    1.13867e-08
 Step 12 time 0.00373961 control sound timestep  0.000359796 1,1 x 0 y 0
 Wall clock 32.2459
 Average time per cell 1.13897e-08
  Step time per cell    1.12706e-08
 Step 13 time 0.00409941 control sound timestep  0.000360678 1,1 x 0 y 0
 Wall clock 34.9229
 Average time per cell 1.13863e-08
  Step time per cell    1.13462e-08
 Step 14 time 0.00446009 control sound timestep  0.000362113 1,1 x 0 y 0
 Wall clock 37.562
 Average time per cell 1.1372e-08
  Step time per cell    1.11857e-08
 Step 15 time 0.0048222 control sound timestep  0.000362661 1,1 x 0 y 0
 Wall clock 40.221
 Average time per cell 1.13652e-08
  Step time per cell    1.12702e-08
 Step 16 time 0.00518486 control sound timestep  0.000362812 1,1 x 0 y 0
 Wall clock 42.8733
 Average time per cell 1.13575e-08
  Step time per cell    1.12416e-08
 Step 17 time 0.00554767 control sound timestep  0.000362988 1,1 x 0 y 0
 Wall clock 45.5574
 Average time per cell 1.13587e-08
  Step time per cell    1.13767e-08
 Step 18 time 0.00591066 control sound timestep  0.000363082 1,1 x 0 y 0
 Wall clock 48.2193
 Average time per cell 1.13544e-08
  Step time per cell    1.12819e-08
 Step 19 time 0.00627374 control sound timestep  0.000363112 1,1 x 0 y 0
 Wall clock 50.8979
 Average time per cell 1.13544e-08
  Step time per cell    1.13531e-08
 Step 20 time 0.00663686 control sound timestep  0.00036317 1,1 x 0 y 0
 Wall clock 53.7981
 Average time per cell 1.14013e-08
  Step time per cell    1.22925e-08
 Step 21 time 0.00700003 control sound timestep  0.000363365 1,1 x 0 y 0
 Wall clock 56.4852
 Average time per cell 1.14007e-08
  Step time per cell    1.13895e-08
 Step 22 time 0.00736339 control sound timestep  0.00036347 1,1 x 0 y 0
 Wall clock 59.1304
 Average time per cell 1.13921e-08
  Step time per cell    1.12111e-08
 Step 23 time 0.00772686 control sound timestep  0.000363513 1,1 x 0 y 0
 Wall clock 61.8355
 Average time per cell 1.13954e-08
  Step time per cell    1.14657e-08
 Step 24 time 0.00809037 control sound timestep  0.000363629 1,1 x 0 y 0
 Wall clock 64.5001
 Average time per cell 1.13911e-08
  Step time per cell    1.12935e-08
 Step 25 time 0.008454 control sound timestep  0.000363732 1,1 x 0 y 0
 Wall clock 67.1876
 Average time per cell 1.13911e-08
  Step time per cell    1.1391e-08
 Step 26 time 0.00881773 control sound timestep  0.000363825 1,1 x 0 y 0
 Wall clock 69.8472
 Average time per cell 1.13866e-08
  Step time per cell    1.12724e-08
 Step 27 time 0.00918156 control sound timestep  0.000363914 1,1 x 0 y 0
 Wall clock 72.527
 Average time per cell 1.13855e-08
  Step time per cell    1.13581e-08
 Step 28 time 0.00954547 control sound timestep  0.000363943 1,1 x 0 y 0
 Wall clock 75.1885
 Average time per cell 1.13818e-08
  Step time per cell    1.12808e-08
 Step 29 time 0.00990942 control sound timestep  0.000363973 1,1 x 0 y 0
 Wall clock 77.883
 Average time per cell 1.13831e-08
  Step time per cell    1.14203e-08
 Step 30 time 0.0102734 control sound timestep  0.000363988 1,1 x 0 y 0
 Wall clock 80.7937
 Average time per cell 1.14149e-08
  Step time per cell    1.2337e-08
 Step 31 time 0.0106374 control sound timestep  0.000364002 1,1 x 0 y 0
 Wall clock 83.4921
 Average time per cell 1.14157e-08
  Step time per cell    1.14371e-08
 Step 32 time 0.0110014 control sound timestep  0.000364043 1,1 x 0 y 0
 Wall clock 86.1489
 Average time per cell 1.14108e-08
  Step time per cell    1.12607e-08
 Step 33 time 0.0113654 control sound timestep  0.000364085 1,1 x 0 y 0
 Wall clock 88.8463
 Average time per cell 1.14115e-08
  Step time per cell    1.14325e-08
 Step 34 time 0.0117295 control sound timestep  0.000364133 1,1 x 0 y 0
 Wall clock 91.4946
 Average time per cell 1.1406e-08
  Step time per cell    1.12247e-08
 Step 35 time 0.0120936 control sound timestep  0.000364198 1,1 x 0 y 0
 Wall clock 94.1604
 Average time per cell 1.1403e-08
  Step time per cell    1.12987e-08
 Step 36 time 0.0124578 control sound timestep  0.000364259 1,1 x 0 y 0
 Wall clock 96.8062
 Average time per cell 1.13977e-08
  Step time per cell    1.12143e-08
 Step 37 time 0.0128221 control sound timestep  0.000364318 1,1 x 0 y 0
 Wall clock 99.4754
 Average time per cell 1.13955e-08
  Step time per cell    1.13131e-08
 Step 38 time 0.0131864 control sound timestep  0.000364383 1,1 x 0 y 0
 Wall clock 102.121
 Average time per cell 1.13907e-08
  Step time per cell    1.12132e-08
 Step 39 time 0.0135508 control sound timestep  0.000364422 1,1 x 0 y 0
 Wall clock 104.81
 Average time per cell 1.13908e-08
  Step time per cell    1.1396e-08
 Step 40 time 0.0139152 control sound timestep  0.000364431 1,1 x 0 y 0
 Wall clock 107.704
 Average time per cell 1.14128e-08
  Step time per cell    1.22685e-08
 Step 41 time 0.0142797 control sound timestep  0.000364435 1,1 x 0 y 0
 Wall clock 110.38
 Average time per cell 1.1411e-08
  Step time per cell    1.13412e-08
 Step 42 time 0.0146441 control sound timestep  0.000364445 1,1 x 0 y 0
 Wall clock 113.029
 Average time per cell 1.14067e-08
  Step time per cell    1.12276e-08
 Step 43 time 0.0150085 control sound timestep  0.000364471 1,1 x 0 y 0
 Wall clock 115.716
 Average time per cell 1.14062e-08
  Step time per cell    1.13871e-08
 Step 44 time 0.015373 control sound timestep  0.000364495 1,1 x 0 y 0
 Wall clock 118.373
 Average time per cell 1.1403e-08
  Step time per cell    1.12625e-08
 Step 45 time 0.0157375 control sound timestep  0.000364518 1,1 x 0 y 0
 Wall clock 121.056
 Average time per cell 1.14023e-08
  Step time per cell    1.13719e-08
 Step 46 time 0.016102 control sound timestep  0.000364543 1,1 x 0 y 0
 Wall clock 123.719
 Average time per cell 1.13998e-08
  Step time per cell    1.12876e-08
 Step 47 time 0.0164666 control sound timestep  0.000364585 1,1 x 0 y 0
 Wall clock 126.395
 Average time per cell 1.13985e-08
  Step time per cell    1.13412e-08
 Step 48 time 0.0168311 control sound timestep  0.000364628 1,1 x 0 y 0
 Wall clock 129.05
 Average time per cell 1.13955e-08
  Step time per cell    1.12514e-08
 Step 49 time 0.0171958 control sound timestep  0.000364667 1,1 x 0 y 0
 Wall clock 131.751
 Average time per cell 1.13966e-08
  Step time per cell    1.14494e-08
 Step 50 time 0.0175604 control sound timestep  0.000364708 1,1 x 0 y 0
 Wall clock 134.657
 Average time per cell 1.1415e-08
  Step time per cell    1.23175e-08
 Step 51 time 0.0179251 control sound timestep  0.000364758 1,1 x 0 y 0
 Wall clock 137.332
 Average time per cell 1.14135e-08
  Step time per cell    1.13388e-08
 Step 52 time 0.0182899 control sound timestep  0.000364817 1,1 x 0 y 0
 Wall clock 139.976
 Average time per cell 1.14095e-08
  Step time per cell    1.12039e-08
 Step 53 time 0.0186547 control sound timestep  0.000364826 1,1 x 0 y 0
 Wall clock 142.652
 Average time per cell 1.14083e-08
  Step time per cell    1.13456e-08
 Step 54 time 0.0190195 control sound timestep  0.00036483 1,1 x 0 y 0
 Wall clock 145.301
 Average time per cell 1.14049e-08
  Step time per cell    1.12268e-08
 Step 55 time 0.0193844 control sound timestep  0.000364831 1,1 x 0 y 0
 Wall clock 147.978
 Average time per cell 1.14038e-08
  Step time per cell    1.13439e-08
 Step 56 time 0.0197492 control sound timestep  0.000364846 1,1 x 0 y 0
 Wall clock 150.624
 Average time per cell 1.14005e-08
  Step time per cell    1.12181e-08
 Step 57 time 0.0201141 control sound timestep  0.000364866 1,1 x 0 y 0
 Wall clock 153.297
 Average time per cell 1.13993e-08
  Step time per cell    1.13295e-08
 Step 58 time 0.0204789 control sound timestep  0.000364884 1,1 x 0 y 0
 Wall clock 155.944
 Average time per cell 1.13961e-08
  Step time per cell    1.12167e-08
 Step 59 time 0.0208438 control sound timestep  0.000364902 1,1 x 0 y 0
 Wall clock 158.624
 Average time per cell 1.13955e-08
  Step time per cell    1.13596e-08
 Step 60 time 0.0212087 control sound timestep  0.000364922 1,1 x 0 y 0
 Wall clock 161.537
 Average time per cell 1.14114e-08
  Step time per cell    1.2345e-08
 Step 61 time 0.0215736 control sound timestep  0.000364956 1,1 x 0 y 0
 Wall clock 164.205
 Average time per cell 1.14097e-08
  Step time per cell    1.13105e-08
 Step 62 time 0.0219386 control sound timestep  0.000364991 1,1 x 0 y 0
 Wall clock 166.841
 Average time per cell 1.14059e-08
  Step time per cell    1.11725e-08
 Step 63 time 0.0223036 control sound timestep  0.000365022 1,1 x 0 y 0
 Wall clock 169.515
 Average time per cell 1.14047e-08
  Step time per cell    1.13323e-08
 Step 64 time 0.0226686 control sound timestep  0.000365056 1,1 x 0 y 0
 Wall clock 172.155
 Average time per cell 1.14014e-08
  Step time per cell    1.11894e-08
 Step 65 time 0.0230337 control sound timestep  0.000365098 1,1 x 0 y 0
 Wall clock 174.821
 Average time per cell 1.13998e-08
  Step time per cell    1.13023e-08
 Step 66 time 0.0233988 control sound timestep  0.000365146 1,1 x 0 y 0
 Wall clock 177.462
 Average time per cell 1.13967e-08
  Step time per cell    1.11906e-08
 Step 67 time 0.0237639 control sound timestep  0.000365166 1,1 x 0 y 0
 Wall clock 180.131
 Average time per cell 1.13954e-08
  Step time per cell    1.13123e-08
 Step 68 time 0.0241291 control sound timestep  0.000365169 1,1 x 0 y 0
 Wall clock 182.784
 Average time per cell 1.13932e-08
  Step time per cell    1.12439e-08
 Step 69 time 0.0244942 control sound timestep  0.000365167 1,1 x 0 y 0
 Wall clock 185.492
 Average time per cell 1.13945e-08
  Step time per cell    1.14791e-08
 Step 70 time 0.0248594 control sound timestep  0.000365177 1,1 x 0 y 0
 Wall clock 188.428
 Average time per cell 1.14095e-08
  Step time per cell    1.24452e-08
 Step 71 time 0.0252246 control sound timestep  0.000365194 1,1 x 0 y 0
 Wall clock 191.12
 Average time per cell 1.14095e-08
  Step time per cell    1.14095e-08
 Step 72 time 0.0255898 control sound timestep  0.000365209 1,1 x 0 y 0
 Wall clock 193.78
 Average time per cell 1.14076e-08
  Step time per cell    1.12743e-08
 Step 73 time 0.025955 control sound timestep  0.000365223 1,1 x 0 y 0
 Wall clock 196.485
 Average time per cell 1.14084e-08
  Step time per cell    1.14653e-08
 Step 74 time 0.0263202 control sound timestep  0.000365239 1,1 x 0 y 0
 Wall clock 199.134
 Average time per cell 1.14059e-08
  Step time per cell    1.12268e-08
 Step 75 time 0.0266854 control sound timestep  0.000365263 1,1 x 0 y 0
 Wall clock 201.856
 Average time per cell 1.14077e-08
  Step time per cell    1.15386e-08
 Step 76 time 0.0270507 control sound timestep  0.000365294 1,1 x 0 y 0
 Wall clock 204.532
 Average time per cell 1.14068e-08
  Step time per cell    1.13398e-08
 Step 77 time 0.027416 control sound timestep  0.000365322 1,1 x 0 y 0
 Wall clock 207.221
 Average time per cell 1.14067e-08
  Step time per cell    1.13963e-08
 Step 78 time 0.0277813 control sound timestep  0.000365349 1,1 x 0 y 0
 Wall clock 209.903
 Average time per cell 1.14062e-08
  Step time per cell    1.13707e-08
 Step 79 time 0.0281467 control sound timestep  0.000365381 1,1 x 0 y 0
 Wall clock 212.627
 Average time per cell 1.1408e-08
  Step time per cell    1.1545e-08
 Step 80 time 0.0285121 control sound timestep  0.000365421 1,1 x 0 y 0
 Wall clock 215.562
 Average time per cell 1.14209e-08
  Step time per cell    1.24386e-08
 Step 81 time 0.0288775 control sound timestep  0.000365457 1,1 x 0 y 0
 Wall clock 218.261
 Average time per cell 1.14211e-08
  Step time per cell    1.14381e-08
 Step 82 time 0.0292429 control sound timestep  0.000365459 1,1 x 0 y 0
 Wall clock 220.937
 Average time per cell 1.14201e-08
  Step time per cell    1.1342e-08
 Step 83 time 0.0296084 control sound timestep  0.000365461 1,1 x 0 y 0
 Wall clock 223.657
 Average time per cell 1.14214e-08
  Step time per cell    1.15283e-08
 Step 84 time 0.0299738 control sound timestep  0.000365461 1,1 x 0 y 0
 Wall clock 226.322
 Average time per cell 1.142e-08
  Step time per cell    1.1297e-08
 Step 85 time 0.0303393 control sound timestep  0.000365475 1,1 x 0 y 0
 Wall clock 229.023
 Average time per cell 1.14203e-08
  Step time per cell    1.14495e-08
 Step 86 time 0.0307048 control sound timestep  0.000365488 1,1 x 0 y 0
 Wall clock 231.703
 Average time per cell 1.14196e-08
  Step time per cell    1.13577e-08
 Step 87 time 0.0310703 control sound timestep  0.0003655 1,1 x 0 y 0
 Wall clock 234.416
 Average time per cell 1.14205e-08
  Step time per cell    1.14992e-08
 Step 88 time 0.0314358 control sound timestep  0.000365513 1,1 x 0 y 0
 Wall clock 237.107
 Average time per cell 1.14203e-08
  Step time per cell    1.14045e-08
 Step 89 time 0.0318013 control sound timestep  0.000365528 1,1 x 0 y 0
 Wall clock 239.828
 Average time per cell 1.14216e-08
  Step time per cell    1.15356e-08
 Step 90 time 0.0321668 control sound timestep  0.000365555 1,1 x 0 y 0
 Wall clock 242.771
 Average time per cell 1.14333e-08
  Step time per cell    1.24723e-08
 Step 91 time 0.0325324 control sound timestep  0.00036558 1,1 x 0 y 0
 Wall clock 245.462
 Average time per cell 1.1433e-08
  Step time per cell    1.1407e-08
 Step 92 time 0.0328979 control sound timestep  0.000365603 1,1 x 0 y 0
 Wall clock 248.119
 Average time per cell 1.14312e-08
  Step time per cell    1.12605e-08
 Step 93 time 0.0332636 control sound timestep  0.000365628 1,1 x 0 y 0
 Wall clock 250.83
 Average time per cell 1.14318e-08
  Step time per cell    1.14916e-08
 Step 94 time 0.0336292 control sound timestep  0.000365659 1,1 x 0 y 0
 Wall clock 253.507
 Average time per cell 1.14309e-08
  Step time per cell    1.13464e-08
 Step 95 time 0.0339948 control sound timestep  0.000365696 1,1 x 0 y 0
 Wall clock 256.205
 Average time per cell 1.14309e-08
  Step time per cell    1.14313e-08
 Step 96 time 0.0343605 control sound timestep  0.000365709 1,1 x 0 y 0
 Wall clock 258.893
 Average time per cell 1.14305e-08
  Step time per cell    1.13945e-08
 Step 97 time 0.0347262 control sound timestep  0.00036571 1,1 x 0 y 0
 Wall clock 261.617
 Average time per cell 1.14317e-08
  Step time per cell    1.15467e-08
 Step 98 time 0.035092 control sound timestep  0.000365708 1,1 x 0 y 0
 Wall clock 264.297
 Average time per cell 1.1431e-08
  Step time per cell    1.13575e-08
 Step 99 time 0.0354577 control sound timestep  0.000365716 1,1 x 0 y 0
 Wall clock 267.015
 Average time per cell 1.14319e-08
  Step time per cell    1.15188e-08
 Step 100 time 0.0358234 control sound timestep  0.000365728 1,1 x 0 y 0
 Wall clock 269.944
 Average time per cell 1.14417e-08
  Step time per cell    1.24161e-08
 Step 101 time 0.0361891 control sound timestep  0.000365739 1,1 x 0 y 0
 Wall clock 272.662
 Average time per cell 1.14425e-08
  Step time per cell    1.15189e-08
 Step 102 time 0.0365548 control sound timestep  0.000365749 1,1 x 0 y 0
 Wall clock 275.337
 Average time per cell 1.14415e-08
  Step time per cell    1.13404e-08
 Step 103 time 0.0369206 control sound timestep  0.000365761 1,1 x 0 y 0
 Wall clock 278.047
 Average time per cell 1.14419e-08
  Step time per cell    1.14866e-08
 Step 104 time 0.0372864 control sound timestep  0.00036578 1,1 x 0 y 0
 Wall clock 280.735
 Average time per cell 1.14415e-08
  Step time per cell    1.13934e-08
 Step 105 time 0.0376521 control sound timestep  0.000365803 1,1 x 0 y 0
 Wall clock 283.434
 Average time per cell 1.14414e-08
  Step time per cell    1.14394e-08
 Step 106 time 0.0380179 control sound timestep  0.000365823 1,1 x 0 y 0
 Wall clock 286.117
 Average time per cell 1.14408e-08
  Step time per cell    1.1372e-08
 Step 107 time 0.0383838 control sound timestep  0.000365844 1,1 x 0 y 0
 Wall clock 288.843
 Average time per cell 1.14418e-08
  Step time per cell    1.15511e-08
 Step 108 time 0.0387496 control sound timestep  0.000365869 1,1 x 0 y 0
 Wall clock 291.527
 Average time per cell 1.14412e-08
  Step time per cell    1.13778e-08
 Step 109 time 0.0391155 control sound timestep  0.000365899 1,1 x 0 y 0
 Wall clock 294.244
 Average time per cell 1.14419e-08
  Step time per cell    1.15132e-08
 Step 110 time 0.0394814 control sound timestep  0.000365927 1,1 x 0 y 0
 Wall clock 297.181
 Average time per cell 1.14511e-08
  Step time per cell    1.24503e-08
 Step 111 time 0.0398473 control sound timestep  0.000365928 1,1 x 0 y 0
 Wall clock 299.923
 Average time per cell 1.14526e-08
  Step time per cell    1.16206e-08
 Step 112 time 0.0402132 control sound timestep  0.000365927 1,1 x 0 y 0
 Wall clock 302.59
 Average time per cell 1.14513e-08
  Step time per cell    1.13043e-08
 Step 113 time 0.0405792 control sound timestep  0.000365929 1,1 x 0 y 0
 Wall clock 305.279
 Average time per cell 1.14508e-08
  Step time per cell    1.13975e-08
 Step 114 time 0.0409451 control sound timestep  0.000365939 1,1 x 0 y 0
 Wall clock 307.938
 Average time per cell 1.14492e-08
  Step time per cell    1.12725e-08
 Step 115 time 0.041311 control sound timestep  0.000365949 1,1 x 0 y 0
 Wall clock 310.648
 Average time per cell 1.14496e-08
  Step time per cell    1.14858e-08
 Step 116 time 0.041677 control sound timestep  0.000365958 1,1 x 0 y 0
 Wall clock 313.305
 Average time per cell 1.14479e-08
  Step time per cell    1.12615e-08
 Step 117 time 0.0420429 control sound timestep  0.000365968 1,1 x 0 y 0
 Wall clock 315.991
 Average time per cell 1.14474e-08
  Step time per cell    1.13827e-08
 Step 118 time 0.0424089 control sound timestep  0.00036598 1,1 x 0 y 0
 Wall clock 318.651
 Average time per cell 1.14459e-08
  Step time per cell    1.12755e-08
 Step 119 time 0.0427749 control sound timestep  0.000366001 1,1 x 0 y 0
 Wall clock 321.34
 Average time per cell 1.14455e-08
  Step time per cell    1.13953e-08
 Step 120 time 0.0431409 control sound timestep  0.00036602 1,1 x 0 y 0
 Wall clock 324.258
 Average time per cell 1.14532e-08
  Step time per cell    1.23682e-08
 Step 121 time 0.0435069 control sound timestep  0.000366037 1,1 x 0 y 0
 Wall clock 326.953
 Average time per cell 1.14529e-08
  Step time per cell    1.14222e-08
 Step 122 time 0.0438729 control sound timestep  0.000366057 1,1 x 0 y 0
 Wall clock 329.618
 Average time per cell 1.14517e-08
  Step time per cell    1.12963e-08
 Step 123 time 0.044239 control sound timestep  0.000366082 1,1 x 0 y 0
 Wall clock 332.311
 Average time per cell 1.14514e-08
  Step time per cell    1.14143e-08
 Step 124 time 0.0446051 control sound timestep  0.000366111 1,1 x 0 y 0
 Wall clock 334.972
 Average time per cell 1.145e-08
  Step time per cell    1.12786e-08
 Step 125 time 0.0449712 control sound timestep  0.000366119 1,1 x 0 y 0
 Wall clock 337.668
 Average time per cell 1.14498e-08
  Step time per cell    1.14268e-08
 Step 126 time 0.0453373 control sound timestep  0.00036612 1,1 x 0 y 0
 Wall clock 340.329
 Average time per cell 1.14484e-08
  Step time per cell    1.12789e-08
 Step 127 time 0.0457034 control sound timestep  0.000366118 1,1 x 0 y 0
 Wall clock 343.024
 Average time per cell 1.14482e-08
  Step time per cell    1.1426e-08
 Step 128 time 0.0460695 control sound timestep  0.000366125 1,1 x 0 y 0
 Wall clock 345.683
 Average time per cell 1.14468e-08
  Step time per cell    1.12684e-08
 Step 129 time 0.0464357 control sound timestep  0.000366134 1,1 x 0 y 0
 Wall clock 348.374
 Average time per cell 1.14465e-08
  Step time per cell    1.14065e-08
 Step 130 time 0.0468018 control sound timestep  0.000366143 1,1 x 0 y 0
 Wall clock 351.29
 Average time per cell 1.14536e-08
  Step time per cell    1.23599e-08
 Step 131 time 0.0471679 control sound timestep  0.000366151 1,1 x 0 y 0
 Wall clock 354.01
 Average time per cell 1.14541e-08
  Step time per cell    1.15271e-08
 Step 132 time 0.0475341 control sound timestep  0.00036616 1,1 x 0 y 0
 Wall clock 356.669
 Average time per cell 1.14527e-08
  Step time per cell    1.12711e-08
 Step 133 time 0.0479003 control sound timestep  0.000366177 1,1 x 0 y 0
 Wall clock 359.357
 Average time per cell 1.14523e-08
  Step time per cell    1.13903e-08
 Step 134 time 0.0482664 control sound timestep  0.000366195 1,1 x 0 y 0
 Wall clock 362.019
 Average time per cell 1.1451e-08
  Step time per cell    1.12863e-08
 Step 135 time 0.0486326 control sound timestep  0.000366211 1,1 x 0 y 0
 Wall clock 364.696
 Average time per cell 1.14502e-08
  Step time per cell    1.13431e-08
 Step 136 time 0.0489988 control sound timestep  0.000366227 1,1 x 0 y 0
 Wall clock 367.366
 Average time per cell 1.14493e-08
  Step time per cell    1.13174e-08
 Step 137 time 0.0493651 control sound timestep  0.000366248 1,1 x 0 y 0
 Wall clock 370.058
 Average time per cell 1.1449e-08
  Step time per cell    1.14118e-08
 Step 138 time 0.0497313 control sound timestep  0.000366273 1,1 x 0 y 0
 Wall clock 372.713
 Average time per cell 1.14476e-08
  Step time per cell    1.12532e-08
 Step 139 time 0.0500976 control sound timestep  0.000366291 1,1 x 0 y 0
 Wall clock 375.383
 Average time per cell 1.14466e-08
  Step time per cell    1.13177e-08
 Step 140 time 0.0504639 control sound timestep  0.000366292 1,1 x 0 y 0
 Wall clock 378.279
 Average time per cell 1.14525e-08
  Step time per cell    1.22739e-08
 Step 141 time 0.0508302 control sound timestep  0.000366288 1,1 x 0 y 0
 Wall clock 380.954
 Average time per cell 1.14517e-08
  Step time per cell    1.13362e-08
 Step 142 time 0.0511965 control sound timestep  0.000366292 1,1 x 0 y 0
 Wall clock 383.608
 Average time per cell 1.14503e-08
  Step time per cell    1.12481e-08
 Step 143 time 0.0515627 control sound timestep  0.000366301 1,1 x 0 y 0
 Wall clock 386.28
 Average time per cell 1.14494e-08
  Step time per cell    1.13268e-08
 Step 144 time 0.051929 control sound timestep  0.000366308 1,1 x 0 y 0
 Wall clock 388.932
 Average time per cell 1.1448e-08
  Step time per cell    1.12423e-08
 Step 145 time 0.0522954 control sound timestep  0.000366316 1,1 x 0 y 0
 Wall clock 391.603
 Average time per cell 1.14471e-08
  Step time per cell    1.13203e-08
 Step 146 time 0.0526617 control sound timestep  0.000366324 1,1 x 0 y 0
 Wall clock 394.255
 Average time per cell 1.14457e-08
  Step time per cell    1.1237e-08
 Step 147 time 0.053028 control sound timestep  0.000366336 1,1 x 0 y 0
 Wall clock 396.928
 Average time per cell 1.14449e-08
  Step time per cell    1.13302e-08
 Step 148 time 0.0533943 control sound timestep  0.000366353 1,1 x 0 y 0
 Wall clock 399.568
 Average time per cell 1.14432e-08
  Step time per cell    1.11906e-08
 Step 149 time 0.0537607 control sound timestep  0.000366368 1,1 x 0 y 0
 Wall clock 402.243
 Average time per cell 1.14425e-08
  Step time per cell    1.13376e-08
 Step 150 time 0.0541271 control sound timestep  0.000366382 1,1 x 0 y 0
 Wall clock 405.158
 Average time per cell 1.14486e-08
  Step time per cell    1.23554e-08
 Step 151 time 0.0544934 control sound timestep  0.000366399 1,1 x 0 y 0
 Wall clock 407.848
 Average time per cell 1.14482e-08
  Step time per cell    1.14016e-08
 Step 152 time 0.0548598 control sound timestep  0.000366421 1,1 x 0 y 0
 Wall clock 410.519
 Average time per cell 1.14474e-08
  Step time per cell    1.13208e-08
 Step 153 time 0.0552263 control sound timestep  0.000366444 1,1 x 0 y 0
 Wall clock 413.209
 Average time per cell 1.14471e-08
  Step time per cell    1.13994e-08
 Step 154 time 0.0555927 control sound timestep  0.000366446 1,1 x 0 y 0
 Wall clock 415.862
 Average time per cell 1.14458e-08
  Step time per cell    1.12472e-08
 Step 155 time 0.0559591 control sound timestep  0.000366445 1,1 x 0 y 0
 Wall clock 418.548
 Average time per cell 1.14454e-08
  Step time per cell    1.13821e-08
 Step 156 time 0.0563256 control sound timestep  0.000366445 1,1 x 0 y 0
 Wall clock 421.208
 Average time per cell 1.14443e-08
  Step time per cell    1.12749e-08
 Step 157 time 0.056692 control sound timestep  0.000366452 1,1 x 0 y 0
 Wall clock 423.9
 Average time per cell 1.14441e-08
  Step time per cell    1.1409e-08
 Step 158 time 0.0570585 control sound timestep  0.000366459 1,1 x 0 y 0
 Wall clock 426.57
 Average time per cell 1.14433e-08
  Step time per cell    1.1318e-08
 Step 159 time 0.0574249 control sound timestep  0.000366466 1,1 x 0 y 0
 Wall clock 429.273
 Average time per cell 1.14434e-08
  Step time per cell    1.14581e-08
 Step 160 time 0.0577914 control sound timestep  0.000366473 1,1 x 0 y 0
 Wall clock 432.2
 Average time per cell 1.14494e-08
  Step time per cell    1.24051e-08
 Step 161 time 0.0581579 control sound timestep  0.000366482 1,1 x 0 y 0
 Wall clock 434.893
 Average time per cell 1.14492e-08
  Step time per cell    1.14153e-08
 Step 162 time 0.0585244 control sound timestep  0.000366498 1,1 x 0 y 0
 Wall clock 437.56
 Average time per cell 1.14483e-08
  Step time per cell    1.13026e-08
 Step 163 time 0.0588909 control sound timestep  0.000366512 1,1 x 0 y 0
 Wall clock 440.256
 Average time per cell 1.14481e-08
  Step time per cell    1.14269e-08
 Step 164 time 0.0592574 control sound timestep  0.000366525 1,1 x 0 y 0
 Wall clock 442.905
 Average time per cell 1.14468e-08
  Step time per cell    1.12294e-08
 Step 165 time 0.0596239 control sound timestep  0.000366539 1,1 x 0 y 0
 Wall clock 445.594
 Average time per cell 1.14465e-08
  Step time per cell    1.1394e-08
 Step 166 time 0.0599904 control sound timestep  0.000366558 1,1 x 0 y 0
 Wall clock 448.261
 Average time per cell 1.14456e-08
  Step time per cell    1.13035e-08
 Step 167 time 0.060357 control sound timestep  0.00036658 1,1 x 0 y 0
 Wall clock 450.967
 Average time per cell 1.14458e-08
  Step time per cell    1.14713e-08
 Step 168 time 0.0607236 control sound timestep  0.000366586 1,1 x 0 y 0
 Wall clock 453.631
 Average time per cell 1.14449e-08
  Step time per cell    1.12921e-08
 Step 169 time 0.0610902 control sound timestep  0.000366586 1,1 x 0 y 0
 Wall clock 456.335
 Average time per cell 1.1445e-08
  Step time per cell    1.14584e-08
 Step 170 time 0.0614568 control sound timestep  0.000366585 1,1 x 0 y 0
 Wall clock 459.233
 Average time per cell 1.14499e-08
  Step time per cell    1.22837e-08
 Step 171 time 0.0618233 control sound timestep  0.00036659 1,1 x 0 y 0
 Wall clock 461.931
 Average time per cell 1.14498e-08
  Step time per cell    1.14366e-08
 Step 172 time 0.0621899 control sound timestep  0.000366597 1,1 x 0 y 0
 Wall clock 464.597
 Average time per cell 1.14489e-08
  Step time per cell    1.12973e-08
 Step 173 time 0.0625565 control sound timestep  0.000366603 1,1 x 0 y 0
 Wall clock 467.31
 Average time per cell 1.14492e-08
  Step time per cell    1.1502e-08
 Step 174 time 0.0629231 control sound timestep  0.000366609 1,1 x 0 y 0
 Wall clock 469.999
 Average time per cell 1.14489e-08
  Step time per cell    1.1395e-08
 Step 175 time 0.0632897 control sound timestep  0.000366616 1,1 x 0 y 0
 Wall clock 472.72
 Average time per cell 1.14494e-08
  Step time per cell    1.15353e-08
 Step 176 time 0.0636564 control sound timestep  0.000366631 1,1 x 0 y 0
 Wall clock 475.417
 Average time per cell 1.14493e-08
  Step time per cell    1.14288e-08
 Step 177 time 0.064023 control sound timestep  0.000366644 1,1 x 0 y 0
 Wall clock 478.144
 Average time per cell 1.14499e-08
  Step time per cell    1.15584e-08
 Step 178 time 0.0643896 control sound timestep  0.000366656 1,1 x 0 y 0
 Wall clock 480.843
 Average time per cell 1.14499e-08
  Step time per cell    1.14384e-08
 Step 179 time 0.0647563 control sound timestep  0.000366668 1,1 x 0 y 0
 Wall clock 483.541
 Average time per cell 1.14498e-08
  Step time per cell    1.1436e-08
 Step 180 time 0.065123 control sound timestep  0.000366685 1,1 x 0 y 0
 Wall clock 486.496
 Average time per cell 1.14558e-08
  Step time per cell    1.2526e-08
 Step 181 time 0.0654896 control sound timestep  0.000366704 1,1 x 0 y 0
 Wall clock 489.196
 Average time per cell 1.14557e-08
  Step time per cell    1.14439e-08
 Step 182 time 0.0658563 control sound timestep  0.000366715 1,1 x 0 y 0
 Wall clock 491.882
 Average time per cell 1.14553e-08
  Step time per cell    1.1385e-08
 Step 183 time 0.0662231 control sound timestep  0.000366716 1,1 x 0 y 0
 Wall clock 494.614
 Average time per cell 1.1456e-08
  Step time per cell    1.15795e-08
 Step 184 time 0.0665898 control sound timestep  0.000366713 1,1 x 0 y 0
 Wall clock 497.309
 Average time per cell 1.14558e-08
  Step time per cell    1.142e-08
 Step 185 time 0.0669565 control sound timestep  0.000366717 1,1 x 0 y 0
 Wall clock 500.05
 Average time per cell 1.14567e-08
  Step time per cell    1.16195e-08
 Step 186 time 0.0673232 control sound timestep  0.000366724 1,1 x 0 y 0
 Wall clock 502.748
 Average time per cell 1.14566e-08
  Step time per cell    1.14365e-08
 Step 187 time 0.0676899 control sound timestep  0.000366729 1,1 x 0 y 0
 Wall clock 505.478
 Average time per cell 1.14572e-08
  Step time per cell    1.15699e-08
 Step 188 time 0.0680567 control sound timestep  0.000366735 1,1 x 0 y 0
 Wall clock 508.167
 Average time per cell 1.14569e-08
  Step time per cell    1.13969e-08
 Step 189 time 0.0684234 control sound timestep  0.000366742 1,1 x 0 y 0
 Wall clock 510.898
 Average time per cell 1.14575e-08
  Step time per cell    1.15762e-08
 Step 190 time 0.0687901 control sound timestep  0.000366754 1,1 x 0 y 0
 Wall clock 513.867
 Average time per cell 1.14634e-08
  Step time per cell    1.25801e-08
 Step 191 time 0.0691569 control sound timestep  0.000366766 1,1 x 0 y 0
 Wall clock 516.615
 Average time per cell 1.14644e-08
  Step time per cell    1.16495e-08
 Step 192 time 0.0695237 control sound timestep  0.000366777 1,1 x 0 y 0
 Wall clock 519.311
 Average time per cell 1.14642e-08
  Step time per cell    1.14264e-08
 Step 193 time 0.0698904 control sound timestep  0.000366789 1,1 x 0 y 0
 Wall clock 522.064
 Average time per cell 1.14653e-08
  Step time per cell    1.16705e-08
 Step 194 time 0.0702572 control sound timestep  0.000366803 1,1 x 0 y 0
 Wall clock 524.765
 Average time per cell 1.14652e-08
  Step time per cell    1.14475e-08
 Step 195 time 0.070624 control sound timestep  0.000366821 1,1 x 0 y 0
 Wall clock 527.515
 Average time per cell 1.14661e-08
  Step time per cell    1.16525e-08
 Step 196 time 0.0709908 control sound timestep  0.000366835 1,1 x 0 y 0
 Wall clock 530.207
 Average time per cell 1.14659e-08
  Step time per cell    1.14118e-08
 Step 197 time 0.0713577 control sound timestep  0.000366836 1,1 x 0 y 0
 Wall clock 532.95
 Average time per cell 1.14667e-08
  Step time per cell    1.16268e-08
 Step 198 time 0.0717245 control sound timestep  0.000366833 1,1 x 0 y 0
 Wall clock 535.645
 Average time per cell 1.14665e-08
  Step time per cell    1.14204e-08
 Step 199 time 0.0720913 control sound timestep  0.000366836 1,1 x 0 y 0
 Wall clock 538.384
 Average time per cell 1.14672e-08
  Step time per cell    1.16105e-08
 Step 200 time 0.0724582 control sound timestep  0.000366842 1,1 x 0 y 0
 Wall clock 541.337
 Average time per cell 1.14724e-08
  Step time per cell    1.25151e-08
 Step 201 time 0.072825 control sound timestep  0.000366847 1,1 x 0 y 0
 Wall clock 544.06
 Average time per cell 1.14728e-08
  Step time per cell    1.15424e-08
 Step 202 time 0.0731919 control sound timestep  0.000366853 1,1 x 0 y 0
 Wall clock 546.765
 Average time per cell 1.14727e-08
  Step time per cell    1.14647e-08
 Step 203 time 0.0735587 control sound timestep  0.000366859 1,1 x 0 y 0
 Wall clock 549.498
 Average time per cell 1.14733e-08
  Step time per cell    1.15822e-08
 Step 204 time 0.0739256 control sound timestep  0.000366869 1,1 x 0 y 0
 Wall clock 552.182
 Average time per cell 1.14728e-08
  Step time per cell    1.13769e-08
 Step 205 time 0.0742925 control sound timestep  0.000366881 1,1 x 0 y 0
 Wall clock 554.894
 Average time per cell 1.14729e-08
  Step time per cell    1.14948e-08
 Step 206 time 0.0746593 control sound timestep  0.000366892 1,1 x 0 y 0
 Wall clock 557.613
 Average time per cell 1.14732e-08
  Step time per cell    1.1526e-08
 Step 207 time 0.0750262 control sound timestep  0.000366902 1,1 x 0 y 0
 Wall clock 560.325
 Average time per cell 1.14733e-08
  Step time per cell    1.14931e-08
 Step 208 time 0.0753931 control sound timestep  0.000366915 1,1 x 0 y 0
 Wall clock 563.035
 Average time per cell 1.14733e-08
  Step time per cell    1.14865e-08
 Step 209 time 0.07576 control sound timestep  0.000366932 1,1 x 0 y 0
 Wall clock 565.745
 Average time per cell 1.14734e-08
  Step time per cell    1.14882e-08
 Step 210 time 0.076127 control sound timestep  0.000366947 1,1 x 0 y 0
 Wall clock 568.711
 Average time per cell 1.14786e-08
  Step time per cell    1.25706e-08
 Step 211 time 0.0764939 control sound timestep  0.000366948 1,1 x 0 y 0
 Wall clock 571.432
 Average time per cell 1.14789e-08
  Step time per cell    1.15309e-08
 Step 212 time 0.0768609 control sound timestep  0.000366945 1,1 x 0 y 0
 Wall clock 574.101
 Average time per cell 1.14781e-08
  Step time per cell    1.13149e-08
 Step 213 time 0.0772278 control sound timestep  0.000366947 1,1 x 0 y 0
 Wall clock 576.8
 Average time per cell 1.14779e-08
  Step time per cell    1.14355e-08
 Step 214 time 0.0775948 control sound timestep  0.000366952 1,1 x 0 y 0
 Wall clock 579.469
 Average time per cell 1.14771e-08
  Step time per cell    1.13141e-08
 Step 215 time 0.0779617 control sound timestep  0.000366958 1,1 x 0 y 0
 Wall clock 582.173
 Average time per cell 1.14771e-08
  Step time per cell    1.14617e-08
 Step 216 time 0.0783287 control sound timestep  0.000366963 1,1 x 0 y 0
 Wall clock 584.833
 Average time per cell 1.14761e-08
  Step time per cell    1.12728e-08
 Step 217 time 0.0786956 control sound timestep  0.000366968 1,1 x 0 y 0
 Wall clock 587.537
 Average time per cell 1.14761e-08
  Step time per cell    1.14614e-08
 Step 218 time 0.0790626 control sound timestep  0.000366977 1,1 x 0 y 0
 Wall clock 590.201
 Average time per cell 1.14752e-08
  Step time per cell    1.12896e-08
 Step 219 time 0.0794296 control sound timestep  0.000366989 1,1 x 0 y 0
 Wall clock 592.889
 Average time per cell 1.14748e-08
  Step time per cell    1.13938e-08
 Step 220 time 0.0797966 control sound timestep  0.000366999 1,1 x 0 y 0
 Wall clock 595.819
 Average time per cell 1.14791e-08
  Step time per cell    1.2419e-08
 Step 221 time 0.0801636 control sound timestep  0.000367009 1,1 x 0 y 0
 Wall clock 598.512
 Average time per cell 1.14788e-08
  Step time per cell    1.14148e-08
 Step 222 time 0.0805306 control sound timestep  0.000367021 1,1 x 0 y 0
 Wall clock 601.191
 Average time per cell 1.14783e-08
  Step time per cell    1.13558e-08
 Step 223 time 0.0808976 control sound timestep  0.000367036 1,1 x 0 y 0
 Wall clock 603.88
 Average time per cell 1.14779e-08
  Step time per cell    1.13942e-08
 Step 224 time 0.0812646 control sound timestep  0.000367052 1,1 x 0 y 0
 Wall clock 606.531
 Average time per cell 1.14768e-08
  Step time per cell    1.12372e-08
 Step 225 time 0.0816317 control sound timestep  0.000367052 1,1 x 0 y 0
 Wall clock 609.229
 Average time per cell 1.14767e-08
  Step time per cell    1.14377e-08
 Step 226 time 0.0819987 control sound timestep  0.00036705 1,1 x 0 y 0
 Wall clock 611.902
 Average time per cell 1.1476e-08
  Step time per cell    1.13264e-08
 Step 227 time 0.0823658 control sound timestep  0.000367051 1,1 x 0 y 0
 Wall clock 614.603
 Average time per cell 1.14759e-08
  Step time per cell    1.1447e-08
 Step 228 time 0.0827328 control sound timestep  0.000367056 1,1 x 0 y 0
 Wall clock 617.266
 Average time per cell 1.14751e-08
  Step time per cell    1.12894e-08
 Step 229 time 0.0830999 control sound timestep  0.000367062 1,1 x 0 y 0
 Wall clock 619.971
 Average time per cell 1.1475e-08
  Step time per cell    1.14655e-08
 Step 230 time 0.083467 control sound timestep  0.000367066 1,1 x 0 y 0
 Wall clock 622.913
 Average time per cell 1.14794e-08
  Step time per cell    1.24705e-08
 Step 231 time 0.083834 control sound timestep  0.000367071 1,1 x 0 y 0
 Wall clock 625.606
 Average time per cell 1.14791e-08
  Step time per cell    1.14112e-08
 Step 232 time 0.0842011 control sound timestep  0.000367079 1,1 x 0 y 0
 Wall clock 628.28
 Average time per cell 1.14784e-08
  Step time per cell    1.13358e-08
 Step 233 time 0.0845682 control sound timestep  0.000367091 1,1 x 0 y 0
 Wall clock 630.979
 Average time per cell 1.14783e-08
  Step time per cell    1.144e-08
 Step 234 time 0.0849353 control sound timestep  0.0003671 1,1 x 0 y 0
 Wall clock 633.652
 Average time per cell 1.14776e-08
  Step time per cell    1.1327e-08
 Step 235 time 0.0853024 control sound timestep  0.00036711 1,1 x 0 y 0
 Wall clock 636.355
 Average time per cell 1.14776e-08
  Step time per cell    1.14582e-08
 Step 236 time 0.0856695 control sound timestep  0.000367121 1,1 x 0 y 0
 Wall clock 639.026
 Average time per cell 1.14769e-08
  Step time per cell    1.1321e-08
 Step 237 time 0.0860366 control sound timestep  0.000367135 1,1 x 0 y 0
 Wall clock 641.735
 Average time per cell 1.14769e-08
  Step time per cell    1.14812e-08
 Step 238 time 0.0864037 control sound timestep  0.000367151 1,1 x 0 y 0
 Wall clock 644.412
 Average time per cell 1.14764e-08
  Step time per cell    1.13453e-08
 Step 239 time 0.0867709 control sound timestep  0.000367151 1,1 x 0 y 0
 Wall clock 647.114
 Average time per cell 1.14763e-08
  Step time per cell    1.14543e-08
 Step 240 time 0.087138 control sound timestep  0.00036715 1,1 x 0 y 0
 Wall clock 650.04
 Average time per cell 1.14801e-08
  Step time per cell    1.23983e-08
 Step 241 time 0.0875052 control sound timestep  0.00036715 1,1 x 0 y 0
 Wall clock 652.741
 Average time per cell 1.148e-08
  Step time per cell    1.14492e-08
 Step 242 time 0.0878723 control sound timestep  0.000367155 1,1 x 0 y 0
 Wall clock 655.414
 Average time per cell 1.14794e-08
  Step time per cell    1.13324e-08
 Step 243 time 0.0882395 control sound timestep  0.00036716 1,1 x 0 y 0
 Wall clock 658.119
 Average time per cell 1.14793e-08
  Step time per cell    1.14612e-08
 Step 244 time 0.0886066 control sound timestep  0.000367164 1,1 x 0 y 0
 Wall clock 660.798
 Average time per cell 1.14788e-08
  Step time per cell    1.13551e-08
 Step 245 time 0.0889738 control sound timestep  0.000367169 1,1 x 0 y 0
 Wall clock 663.487
 Average time per cell 1.14785e-08
  Step time per cell    1.13968e-08
 Step 246 time 0.089341 control sound timestep  0.000367177 1,1 x 0 y 0
 Wall clock 666.177
 Average time per cell 1.14782e-08
  Step time per cell    1.14045e-08
 Step 247 time 0.0897082 control sound timestep  0.000367187 1,1 x 0 y 0
 Wall clock 668.878
 Average time per cell 1.1478e-08
  Step time per cell    1.14451e-08
 Step 248 time 0.0900753 control sound timestep  0.000367197 1,1 x 0 y 0
 Wall clock 671.557
 Average time per cell 1.14775e-08
  Step time per cell    1.13539e-08
 Step 249 time 0.0904425 control sound timestep  0.000367205 1,1 x 0 y 0
 Wall clock 674.256
 Average time per cell 1.14774e-08
  Step time per cell    1.14405e-08
 Step 250 time 0.0908097 control sound timestep  0.000367216 1,1 x 0 y 0
 Wall clock 677.19
 Average time per cell 1.14812e-08
  Step time per cell    1.24351e-08
 Step 251 time 0.091177 control sound timestep  0.000367229 1,1 x 0 y 0
 Wall clock 679.895
 Average time per cell 1.14812e-08
  Step time per cell    1.14647e-08
 Step 252 time 0.0915442 control sound timestep  0.000367244 1,1 x 0 y 0
 Wall clock 682.56
 Average time per cell 1.14804e-08
  Step time per cell    1.12963e-08
 Step 253 time 0.0919114 control sound timestep  0.000367245 1,1 x 0 y 0
 Wall clock 685.266
 Average time per cell 1.14804e-08
  Step time per cell    1.14713e-08
 Step 254 time 0.0922787 control sound timestep  0.000367243 1,1 x 0 y 0
 Wall clock 687.935
 Average time per cell 1.14797e-08
  Step time per cell    1.13098e-08
 Step 255 time 0.0926459 control sound timestep  0.000367244 1,1 x 0 y 0
 Wall clock 690.63
 Average time per cell 1.14795e-08
  Step time per cell    1.14222e-08
 Step 256 time 0.0930132 control sound timestep  0.000367248 1,1 x 0 y 0
 Wall clock 693.34
 Average time per cell 1.14795e-08
  Step time per cell    1.14863e-08
 Step 257 time 0.0933804 control sound timestep  0.000367253 1,1 x 0 y 0
 Wall clock 696.086
 Average time per cell 1.14801e-08
  Step time per cell    1.16395e-08
 Step 258 time 0.0937477 control sound timestep  0.000367257 1,1 x 0 y 0
 Wall clock 698.798
 Average time per cell 1.14802e-08
  Step time per cell    1.14949e-08
 Step 259 time 0.0941149 control sound timestep  0.000367262 1,1 x 0 y 0
 Wall clock 701.567
 Average time per cell 1.14812e-08
  Step time per cell    1.17352e-08
 Step 260 time 0.0944822 control sound timestep  0.000367269 1,1 x 0 y 0
 Wall clock 704.543
 Average time per cell 1.14856e-08
  Step time per cell    1.2617e-08
 Step 261 time 0.0948495 control sound timestep  0.000367279 1,1 x 0 y 0
 Wall clock 707.27
 Average time per cell 1.14858e-08
  Step time per cell    1.15581e-08
 Step 262 time 0.0952167 control sound timestep  0.000367288 1,1 x 0 y 0
 Wall clock 709.993
 Average time per cell 1.1486e-08
  Step time per cell    1.15419e-08
 Step 263 time 0.095584 control sound timestep  0.000367297 1,1 x 0 y 0
 Wall clock 712.729
 Average time per cell 1.14865e-08
  Step time per cell    1.15949e-08
 Step 264 time 0.0959513 control sound timestep  0.000367307 1,1 x 0 y 0
 Wall clock 715.398
 Average time per cell 1.14858e-08
  Step time per cell    1.1311e-08
 Step 265 time 0.0963186 control sound timestep  0.00036732 1,1 x 0 y 0
 Wall clock 718.097
 Average time per cell 1.14856e-08
  Step time per cell    1.14383e-08
 Step 266 time 0.0966859 control sound timestep  0.000367334 1,1 x 0 y 0
 Wall clock 720.781
 Average time per cell 1.14852e-08
  Step time per cell    1.13791e-08
 Step 267 time 0.0970533 control sound timestep  0.000367334 1,1 x 0 y 0
 Wall clock 723.472
 Average time per cell 1.14849e-08
  Step time per cell    1.14028e-08
 Step 268 time 0.0974206 control sound timestep  0.000367332 1,1 x 0 y 0
 Wall clock 726.152
 Average time per cell 1.14844e-08
  Step time per cell    1.13594e-08
 Step 269 time 0.0977879 control sound timestep  0.000367333 1,1 x 0 y 0
 Wall clock 728.869
 Average time per cell 1.14846e-08
  Step time per cell    1.15191e-08
 Step 270 time 0.0981553 control sound timestep  0.000367338 1,1 x 0 y 0
 Wall clock 731.818
 Average time per cell 1.14883e-08
  Step time per cell    1.2498e-08
 Step 271 time 0.0985226 control sound timestep  0.000367342 1,1 x 0 y 0
 Wall clock 734.509
 Average time per cell 1.1488e-08
  Step time per cell    1.14034e-08
 Step 272 time 0.09889 control sound timestep  0.000367346 1,1 x 0 y 0
 Wall clock 737.191
 Average time per cell 1.14876e-08
  Step time per cell    1.13672e-08
 Step 273 time 0.0992573 control sound timestep  0.00036735 1,1 x 0 y 0
 Wall clock 739.902
 Average time per cell 1.14876e-08
  Step time per cell    1.1492e-08
 Step 274 time 0.0996247 control sound timestep  0.000367358 1,1 x 0 y 0
 Wall clock 742.588
 Average time per cell 1.14872e-08
  Step time per cell    1.13837e-08
 Step 275 time 0.099992 control sound timestep  0.000367367 1,1 x 0 y 0
 Wall clock 745.3
 Average time per cell 1.14872e-08
  Step time per cell    1.14945e-08
 Step 276 time 0.100359 control sound timestep  0.000367376 1,1 x 0 y 0
 Wall clock 747.985
 Average time per cell 1.14869e-08
  Step time per cell    1.13793e-08
 Step 277 time 0.100727 control sound timestep  0.000367384 1,1 x 0 y 0
 Wall clock 750.678
 Average time per cell 1.14866e-08
  Step time per cell    1.14148e-08
 Step 278 time 0.101094 control sound timestep  0.000367394 1,1 x 0 y 0
 Wall clock 753.352
 Average time per cell 1.14861e-08
  Step time per cell    1.13364e-08
 Step 279 time 0.101462 control sound timestep  0.000367406 1,1 x 0 y 0
 Wall clock 756.056
 Average time per cell 1.1486e-08
  Step time per cell    1.1461e-08
 Step 280 time 0.101829 control sound timestep  0.000367419 1,1 x 0 y 0
 Wall clock 758.97
 Average time per cell 1.14891e-08
  Step time per cell    1.23502e-08
 Step 281 time 0.102196 control sound timestep  0.000367419 1,1 x 0 y 0
 Wall clock 761.681
 Average time per cell 1.14891e-08
  Step time per cell    1.14916e-08
 Step 282 time 0.102564 control sound timestep  0.000367417 1,1 x 0 y 0
 Wall clock 764.359
 Average time per cell 1.14886e-08
  Step time per cell    1.13465e-08
 Step 283 time 0.102931 control sound timestep  0.000367418 1,1 x 0 y 0
 Wall clock 767.102
 Average time per cell 1.1489e-08
  Step time per cell    1.16269e-08
 Step 284 time 0.103299 control sound timestep  0.000367423 1,1 x 0 y 0
 Wall clock 769.821
 Average time per cell 1.14892e-08
  Step time per cell    1.15268e-08
 Step 285 time 0.103666 control sound timestep  0.000367427 1,1 x 0 y 0
 Wall clock 772.589
 Average time per cell 1.149e-08
  Step time per cell    1.17309e-08
 Step 286 time 0.104033 control sound timestep  0.000367431 1,1 x 0 y 0
 Wall clock 775.309
 Average time per cell 1.14902e-08
  Step time per cell    1.15291e-08
 Step 287 time 0.104401 control sound timestep  0.000367435 1,1 x 0 y 0
 Wall clock 778.046
 Average time per cell 1.14906e-08
  Step time per cell    1.16003e-08
 Step 288 time 0.104768 control sound timestep  0.000367442 1,1 x 0 y 0
 Wall clock 780.768
 Average time per cell 1.14907e-08
  Step time per cell    1.1538e-08
 Step 289 time 0.105136 control sound timestep  0.000367452 1,1 x 0 y 0
 Wall clock 783.494
 Average time per cell 1.14909e-08
  Step time per cell    1.15517e-08
 Step 290 time 0.105503 control sound timestep  0.00036746 1,1 x 0 y 0
 Wall clock 786.47
 Average time per cell 1.14948e-08
  Step time per cell    1.26126e-08
 Step 291 time 0.105871 control sound timestep  0.000367468 1,1 x 0 y 0
 Wall clock 789.215
 Average time per cell 1.14953e-08
  Step time per cell    1.16383e-08
 Step 292 time 0.106238 control sound timestep  0.000367477 1,1 x 0 y 0
 Wall clock 791.936
 Average time per cell 1.14954e-08
  Step time per cell    1.15297e-08
 Step 293 time 0.106606 control sound timestep  0.00036749 1,1 x 0 y 0
 Wall clock 794.658
 Average time per cell 1.14956e-08
  Step time per cell    1.15386e-08
 Step 294 time 0.106973 control sound timestep  0.0003675 1,1 x 0 y 0
 Wall clock 797.372
 Average time per cell 1.14956e-08
  Step time per cell    1.15006e-08
 Step 295 time 0.107341 control sound timestep  0.000367501 1,1 x 0 y 0
 Wall clock 800.11
 Average time per cell 1.1496e-08
  Step time per cell    1.16065e-08
 Step 296 time 0.107708 control sound timestep  0.000367498 1,1 x 0 y 0
 Wall clock 802.833
 Average time per cell 1.14961e-08
  Step time per cell    1.15414e-08
 Step 297 time 0.108076 control sound timestep  0.0003675 1,1 x 0 y 0
 Wall clock 805.552
 Average time per cell 1.14962e-08
  Step time per cell    1.15263e-08
 Step 298 time 0.108443 control sound timestep  0.000367504 1,1 x 0 y 0
 Wall clock 808.273
 Average time per cell 1.14963e-08
  Step time per cell    1.15291e-08
 Step 299 time 0.108811 control sound timestep  0.000367508 1,1 x 0 y 0
 Wall clock 811.02
 Average time per cell 1.14968e-08
  Step time per cell    1.16463e-08
 Step 300 time 0.109178 control sound timestep  0.000367512 1,1 x 0 y 0
 Wall clock 814.254
 First step overhead 0
Result:
 - Problem: none
 - Outcome: PASSED
