nr_free_pages 485055909
nr_zone_inactive_anon 337
nr_zone_active_anon 6
nr_zone_inactive_file 188
nr_zone_active_file 8
nr_zone_unevictable 576
nr_zone_write_pending 0
nr_mlock 0
nr_bounce 0
nr_zspages 0
nr_free_cma 0
nr_unaccepted 0
numa_hit 96431288
numa_miss 212845323
numa_foreign 212845323
numa_interleave 184
numa_local 90871314
numa_other 218405297
nr_inactive_anon 337
nr_active_anon 6
nr_inactive_file 188
nr_active_file 8
nr_unevictable 576
nr_slab_reclaimable 19177
nr_slab_unreclaimable 104560
nr_isolated_anon 0
nr_isolated_file 0
workingset_nodes 8
workingset_refault_anon 22090307
workingset_refault_file 3273
workingset_activate_anon 13083836
workingset_activate_file 2850
workingset_restore_anon 9341494
workingset_restore_file 2801
workingset_nodereclaim 581176
nr_anon_pages 26245
nr_mapped 20485
nr_file_pages 167778
nr_dirty 0
nr_writeback 0
nr_writeback_temp 0
nr_shmem 7155
nr_shmem_hugepages 0
nr_shmem_pmdmapped 0
nr_file_hugepages 0
nr_file_pmdmapped 0
nr_anon_transparent_hugepages 5
nr_vmscan_write 49695628
nr_vmscan_immediate_reclaim 3
nr_dirtied 45399
nr_written 49714021
nr_throttled_written 592271
nr_kernel_misc_reclaimable 0
nr_foll_pin_acquired 3899
nr_foll_pin_released 3899
nr_kernel_stack 22432
nr_page_table_pages 1249
nr_sec_page_table_pages 2580
nr_iommu_pages 2580
nr_swapcached 23
pgpromote_success 238056
pgpromote_candidate 89427752
pgdemote_kswapd 1467799
pgdemote_direct 816
pgdemote_khugepaged 0
nr_dirty_threshold 193247386
nr_dirty_background_threshold 48252857
nr_memmap_pages 8388608
nr_memmap_boot_pages 3137024
pgpgin 209228111
pgpgout 198914929
pswpin 52026513
pswpout 49694560
pgalloc_dma 102596
pgalloc_dma32 2926117
pgalloc_normal 1425148028
pgalloc_movable 1012768023
pgalloc_device 0
allocstall_dma 0
allocstall_dma32 0
allocstall_normal 8011
allocstall_movable 1
allocstall_device 0
pgskip_dma 0
pgskip_dma32 101401497
pgskip_normal 8261035801
pgskip_movable 0
pgskip_device 0
pgfree 2926847839
pgactivate 170715849
pgdeactivate 177586858
pglazyfree 0
pgfault 346344727
pgmajfault 13333314
pglazyfreed 0
pgrefill 8336903003
pgreuse 4390874
pgsteal_kswapd 53963639
pgsteal_direct 382526
pgsteal_khugepaged 54
pgscan_kswapd 507742708
pgscan_direct 26847399
pgscan_khugepaged 30045
pgscan_direct_throttle 569
pgscan_anon 534612314
pgscan_file 7838
pgsteal_anon 54341478
pgsteal_file 4741
zone_reclaim_failed 0
pginodesteal 0
slabs_scanned 5277292
kswapd_inodesteal 1
kswapd_low_wmark_hit_quickly 23029
kswapd_high_wmark_hit_quickly 68144
pageoutrun 91488
pgrotated 48105792
drop_pagecache 0
drop_slab 0
oom_kill 3
numa_pte_updates 773366988
numa_huge_pte_updates 1328212
numa_hint_faults 93870992
numa_hint_faults_local 2616632
numa_pages_migrated 238056
pgmigrate_success 441069266
pgmigrate_fail 79226
thp_migration_success 740795
thp_migration_fail 38320
thp_migration_split 38281
compact_migrate_scanned 588148022
compact_free_scanned 7360874060
compact_isolated 1711201
compact_stall 11384
compact_fail 11014
compact_success 370
compact_daemon_wake 1200
compact_daemon_migrate_scanned 587211480
compact_daemon_free_scanned 7360802648
htlb_buddy_alloc_success 0
htlb_buddy_alloc_fail 0
unevictable_pgs_culled 37271
unevictable_pgs_scanned 2250
unevictable_pgs_rescued 2314
unevictable_pgs_mlocked 68
unevictable_pgs_munlocked 64
unevictable_pgs_cleared 0
unevictable_pgs_stranded 4
thp_fault_alloc 2909462
thp_fault_fallback 341466
thp_fault_fallback_charge 0
thp_collapse_alloc 195
thp_collapse_alloc_failed 1
thp_file_alloc 0
thp_file_fallback 0
thp_file_fallback_charge 0
thp_file_mapped 0
thp_split_page 39344
thp_split_page_failed 371165
thp_deferred_split_page 653
thp_split_pmd 47069
thp_scan_exceed_none_pte 189
thp_scan_exceed_swap_pte 859
thp_scan_exceed_share_pte 244
thp_split_pud 0
thp_zero_page_alloc 1
thp_zero_page_alloc_failed 0
thp_swpout 7600
thp_swpout_fallback 1059
balloon_inflate 0
balloon_deflate 0
balloon_migrate 0
swap_ra 38706781
swap_ra_hit 39108143
ksm_swpin_copy 0
cow_ksm 0
zswpin 0
zswpout 0
zswpwb 0
direct_map_level2_splits 210
direct_map_level3_splits 20
nr_unstable 0
