nr_free_pages 485559738
nr_zone_inactive_anon 254
nr_zone_active_anon 20
nr_zone_inactive_file 181
nr_zone_active_file 24
nr_zone_unevictable 576
nr_zone_write_pending 0
nr_mlock 0
nr_bounce 0
nr_zspages 0
nr_free_cma 0
nr_unaccepted 0
numa_hit 67865979
numa_miss 187048443
numa_foreign 187048443
numa_interleave 184
numa_local 64371333
numa_other 190543089
nr_inactive_anon 254
nr_active_anon 20
nr_inactive_file 181
nr_active_file 24
nr_unevictable 576
nr_slab_reclaimable 19295
nr_slab_unreclaimable 104364
nr_isolated_anon 0
nr_isolated_file 0
workingset_nodes 0
workingset_refault_anon 10776305
workingset_refault_file 1908
workingset_activate_anon 6309917
workingset_activate_file 1699
workingset_restore_anon 4347091
workingset_restore_file 1677
workingset_nodereclaim 324640
nr_anon_pages 26104
nr_mapped 20658
nr_file_pages 167471
nr_dirty 0
nr_writeback 0
nr_writeback_temp 0
nr_shmem 7155
nr_shmem_hugepages 0
nr_shmem_pmdmapped 0
nr_file_hugepages 0
nr_file_pmdmapped 0
nr_anon_transparent_hugepages 5
nr_vmscan_write 27174901
nr_vmscan_immediate_reclaim 1
nr_dirtied 42961
nr_written 27192942
nr_throttled_written 459300
nr_kernel_misc_reclaimable 0
nr_foll_pin_acquired 3896
nr_foll_pin_released 3896
nr_kernel_stack 22336
nr_page_table_pages 1230
nr_sec_page_table_pages 2580
nr_iommu_pages 2580
nr_swapcached 30
pgpromote_success 238056
pgpromote_candidate 89427752
pgdemote_kswapd 1467799
pgdemote_direct 816
pgdemote_khugepaged 0
nr_dirty_threshold 193448872
nr_dirty_background_threshold 48303167
nr_memmap_pages 8388608
nr_memmap_boot_pages 3137024
pgpgin 113906047
pgpgout 108826709
pswpin 28226780
pswpout 27174524
pgalloc_dma 69761
pgalloc_dma32 2702690
pgalloc_normal 1397069801
pgalloc_movable 674425439
pgalloc_device 0
allocstall_dma 0
allocstall_dma32 0
allocstall_normal 4405
allocstall_movable 1
allocstall_device 0
pgskip_dma 0
pgskip_dma32 70884562
pgskip_normal 4994146701
pgskip_movable 0
pgskip_device 0
pgfree 2560296248
pgactivate 99544894
pgdeactivate 101740945
pglazyfree 0
pgfault 318819076
pgmajfault 7100092
pglazyfreed 0
pgrefill 5064165572
pgreuse 3993525
pgsteal_kswapd 29992305
pgsteal_direct 209261
pgsteal_khugepaged 54
pgscan_kswapd 273486167
pgscan_direct 17625509
pgscan_khugepaged 30045
pgscan_direct_throttle 272
pgscan_anon 291136777
pgscan_file 4944
pgsteal_anon 30198301
pgsteal_file 3319
zone_reclaim_failed 0
pginodesteal 0
slabs_scanned 3433276
kswapd_inodesteal 0
kswapd_low_wmark_hit_quickly 13207
kswapd_high_wmark_hit_quickly 39676
pageoutrun 53094
pgrotated 26356662
drop_pagecache 0
drop_slab 0
oom_kill 1
numa_pte_updates 773366988
numa_huge_pte_updates 1328212
numa_hint_faults 93870992
numa_hint_faults_local 2616632
numa_pages_migrated 238056
pgmigrate_success 265539932
pgmigrate_fail 54032
thp_migration_success 451714
thp_migration_fail 22541
thp_migration_split 22511
compact_migrate_scanned 450902502
compact_free_scanned 4462488868
compact_isolated 788396
compact_stall 2287
compact_fail 2117
compact_success 170
compact_daemon_wake 725
compact_daemon_migrate_scanned 450760576
compact_daemon_free_scanned 4462462108
htlb_buddy_alloc_success 0
htlb_buddy_alloc_fail 0
unevictable_pgs_culled 37271
unevictable_pgs_scanned 2250
unevictable_pgs_rescued 2314
unevictable_pgs_mlocked 68
unevictable_pgs_munlocked 64
unevictable_pgs_cleared 0
unevictable_pgs_stranded 4
thp_fault_alloc 2637142
thp_fault_fallback 341466
thp_fault_fallback_charge 0
thp_collapse_alloc 161
thp_collapse_alloc_failed 1
thp_file_alloc 0
thp_file_fallback 0
thp_file_fallback_charge 0
thp_file_mapped 0
thp_split_page 23253
thp_split_page_failed 215847
thp_deferred_split_page 573
thp_split_pmd 28745
thp_scan_exceed_none_pte 182
thp_scan_exceed_swap_pte 452
thp_scan_exceed_share_pte 236
thp_split_pud 0
thp_zero_page_alloc 1
thp_zero_page_alloc_failed 0
thp_swpout 5350
thp_swpout_fallback 740
balloon_inflate 0
balloon_deflate 0
balloon_migrate 0
swap_ra 21134457
swap_ra_hit 21363235
ksm_swpin_copy 0
cow_ksm 0
zswpin 0
zswpout 0
zswpwb 0
direct_map_level2_splits 210
direct_map_level3_splits 20
nr_unstable 0
