-------------------------------------------------------------
STREAM version $Revision: 5.10 $
-------------------------------------------------------------
This system uses 8 bytes per array element.
-------------------------------------------------------------
Array size = 1000000000 (elements), Offset = 0 (elements)
Memory per array = 7629.4 MiB (= 7.5 GiB).
Total memory required = 22888.2 MiB (= 22.4 GiB).
Each kernel will be executed 750 times.
 The *best* time for each kernel (excluding the first iteration)
 will be used to compute the reported bandwidth.
-------------------------------------------------------------
Number of Threads requested = 64
Number of Threads counted = 64
-------------------------------------------------------------
Your clock granularity/precision appears to be 1 microseconds.
Each test below will take on the order of 49294 microseconds.
   (= 49294 clock ticks)
Increase the size of the arrays if this shows that
you are not getting at least 20 clock ticks per test.
-------------------------------------------------------------
WARNING -- The above is only a rough guideline.
For best results, please be sure you know the
precision of your system timer.
-------------------------------------------------------------
Function    Best Rate MB/s  Avg time     Min time     Max time
Copy:          453334.1     0.039115     0.035294     0.051201
Scale:         461108.9     0.040812     0.034699     0.056253
Add:           527231.7     0.050908     0.045521     0.076029
Triad:         528807.7     0.056888     0.045385     0.074649
-------------------------------------------------------------
Solution Validates: avg error less than 1.000000e-13 on all three arrays
-------------------------------------------------------------
