Local 643 Remote 499
Local 624 Remote 499
Local 645 Remote 499
Local 631 Remote 500
Local 634 Remote 500
Local 649 Remote 500
Local 632 Remote 500
Local 636 Remote 500
Local 651 Remote 500
Local 632 Remote 500
Local 649 Remote 500
Local 642 Remote 500
Local 636 Remote 500
Local 646 Remote 500
Local 625 Remote 500
Local 634 Remote 500
Local 634 Remote 500
Local 633 Remote 500
Local 643 Remote 500
Local 629 Remote 500
Local 643 Remote 500
Local 645 Remote 500
Local 633 Remote 500
Local 647 Remote 500
Local 631 Remote 500
Local 634 Remote 500
Local 639 Remote 500
Local 625 Remote 500
Local 641 Remote 500
Local 635 Remote 500
Local 636 Remote 500
Local 638 Remote 500
Local 629 Remote 500
Local 649 Remote 500
Local 632 Remote 500
Local 637 Remote 500
Local 636 Remote 500
Local 628 Remote 500
Local 648 Remote 500
Local 637 Remote 500
Local 638 Remote 500
Local 644 Remote 500
Local 631 Remote 500
Local 633 Remote 500
Local 640 Remote 500
Local 638 Remote 500
Local 654 Remote 500
Local 634 Remote 500
Local 637 Remote 500
Local 641 Remote 500
Local 627 Remote 500
Local 645 Remote 500
Local 637 Remote 500
Local 639 Remote 500
Local 638 Remote 500
