Local 889 Remote 499
Local 874 Remote 500
Local 865 Remote 500
Local 895 Remote 500
Local 873 Remote 500
Local 872 Remote 500
Local 888 Remote 500
Local 878 Remote 500
Local 866 Remote 500
Local 886 Remote 500
Local 897 Remote 500
Local 875 Remote 500
Local 879 Remote 500
Local 862 Remote 500
Local 863 Remote 500
Local 873 Remote 500
Local 885 Remote 500
Local 864 Remote 500
Local 878 Remote 500
Local 892 Remote 500
Local 872 Remote 500
Local 874 Remote 500
Local 874 Remote 500
Local 869 Remote 500
Local 883 Remote 500
Local 871 Remote 500
Local 869 Remote 500
Local 877 Remote 500
Local 873 Remote 500
Local 873 Remote 500
Local 860 Remote 500
Local 884 Remote 500
Local 866 Remote 500
Local 868 Remote 500
Local 890 Remote 500
Local 864 Remote 512
Local 880 Remote 500
Local 884 Remote 500
Local 868 Remote 500
Local 880 Remote 500
Local 888 Remote 500
Local 866 Remote 500
Local 882 Remote 500
Local 884 Remote 500
Local 877 Remote 500
Local 894 Remote 500
Local 868 Remote 500
Local 873 Remote 500
Local 889 Remote 500
Local 859 Remote 500
Local 887 Remote 500
