Running with 
	Sample interval: 100 ms
	Adjust interval: 9000 ms
	Bandwidth saturation cutoff: 250000 MB/s
0
100
0
Target ratio: 100 BW Change: 0 Int Change: 2000 BW: 220348
100
0
Target ratio: 100 BW Change: -930 Int Change: -1000 BW: 240844
100
0
Target ratio: 100 BW Change: 264 Int Change: -1000 BW: 234462
100
0
Target ratio: 100 BW Change: -518 Int Change: -1000 BW: 246623
100
0
Target ratio: 100 BW Change: -34 Int Change: -1000 BW: 247467
100
0
Target ratio: 100 BW Change: 271 Int Change: -1000 BW: 240759
100
0
Target ratio: 100 BW Change: 642 Int Change: -1000 BW: 225293
100
0
Target ratio: 100 BW Change: 587 Int Change: -1000 BW: 212055
100
0
Target ratio: 100 BW Change: -824 Int Change: -1000 BW: 229540
100
0
Target ratio: 100 BW Change: -62 Int Change: -1000 BW: 230975
100
0
Target ratio: 100 BW Change: -342 Int Change: -1000 BW: 238893
100
0
Target ratio: 100 BW Change: -396 Int Change: -1000 BW: 248366
100
0
Target ratio: 100 BW Change: 451 Int Change: -1000 BW: 237150
100
0
Target ratio: 100 BW Change: 548 Int Change: -1000 BW: 224154
100
0
Target ratio: 100 BW Change: 975 Int Change: -1000 BW: 202297
100
0
Target ratio: 100 BW Change: -1147 Int Change: -1000 BW: 225507
100
0
Target ratio: 100 BW Change: -823 Int Change: -1000 BW: 244084
100
0
Target ratio: 100 BW Change: -75 Int Change: -1000 BW: 245924
100
0
Target ratio: 100 BW Change: 343 Int Change: -1000 BW: 237483
100
0
Target ratio: 100 BW Change: 410 Int Change: -1000 BW: 227723
100
0
Target ratio: 100 BW Change: 757 Int Change: -1000 BW: 210473
100
0
Target ratio: 100 BW Change: -831 Int Change: -1000 BW: 227968
100
0
Target ratio: 100 BW Change: -685 Int Change: -1000 BW: 243595
100
0
Target ratio: 100 BW Change: -41 Int Change: -1000 BW: 244605
100
0
Target ratio: 100 BW Change: 849 Int Change: -1000 BW: 223824
100
0
Target ratio: 100 BW Change: -371 Int Change: -1000 BW: 232149
100
0
Target ratio: 100 BW Change: 526 Int Change: -1000 BW: 219919
100
0
Target ratio: 100 BW Change: -168 Int Change: -1000 BW: 223625
95
5
Target ratio: 95 BW Change: -1396 Int Change: -1000 BW: 254859
97
3
Target ratio: 97 BW Change: 1126 Int Change: 500 BW: 226152
99
1
Target ratio: 99 BW Change: -640 Int Change: -200 BW: 240632
100
0
Target ratio: 100 BW Change: 1196 Int Change: -200 BW: 211839
100
0
Target ratio: 100 BW Change: -821 Int Change: -200 BW: 229249
100
0
Target ratio: 100 BW Change: 72 Int Change: -400 BW: 227597
100
0
Target ratio: 100 BW Change: -215 Int Change: -400 BW: 232494
100
0
Target ratio: 100 BW Change: -421 Int Change: -400 BW: 242290
100
0
Target ratio: 100 BW Change: 931 Int Change: -800 BW: 219716
100
0
Target ratio: 100 BW Change: 251 Int Change: -800 BW: 214191
100
0
Target ratio: 100 BW Change: 134 Int Change: -800 BW: 211307
100
0
Target ratio: 100 BW Change: -1029 Int Change: -1000 BW: 233063
100
0
Target ratio: 100 BW Change: -250 Int Change: -1000 BW: 238891
100
0
Target ratio: 100 BW Change: 403 Int Change: -1000 BW: 229252
100
0
Target ratio: 100 BW Change: 691 Int Change: -1000 BW: 213406
100
0
Target ratio: 100 BW Change: 460 Int Change: -1000 BW: 203578
100
0
Target ratio: 100 BW Change: -1180 Int Change: -1000 BW: 227619
100
0
Target ratio: 100 BW Change: -567 Int Change: -1000 BW: 240539
100
0
Target ratio: 100 BW Change: 705 Int Change: -1000 BW: 223579
100
0
Target ratio: 100 BW Change: 707 Int Change: -1000 BW: 207756
100
0
Target ratio: 100 BW Change: 278 Int Change: -1000 BW: 201970
100
0
Target ratio: 100 BW Change: -1688 Int Change: -1000 BW: 236067
100
0
Target ratio: 100 BW Change: -410 Int Change: -1000 BW: 245756
100
0
Target ratio: 100 BW Change: 1640 Int Change: -1000 BW: 205449
100
0
Target ratio: 100 BW Change: -328 Int Change: -1000 BW: 212202
100
0
Target ratio: 100 BW Change: -1195 Int Change: -1000 BW: 237572
100
0
Target ratio: 100 BW Change: 301 Int Change: -1000 BW: 230408
100
0
Target ratio: 100 BW Change: 510 Int Change: -1000 BW: 218646
100
0
Target ratio: 100 BW Change: -457 Int Change: -1000 BW: 228651
100
0
Target ratio: 100 BW Change: 349 Int Change: -1000 BW: 220649
100
0
Target ratio: 100 BW Change: -1138 Int Change: -1000 BW: 245774
100
0
Target ratio: 100 BW Change: 912 Int Change: -1000 BW: 223335
100
0
Target ratio: 100 BW Change: -496 Int Change: -1000 BW: 234416
100
0
Target ratio: 100 BW Change: 205 Int Change: -1000 BW: 229599
