Running with 
	Sample interval: 100 ms
	Adjust interval: 9000 ms
	Bandwidth saturation cutoff: 250000 MB/s
0
100
0
Target ratio: 100 BW Change: 0 Int Change: 2000 BW: 8253
100
0
Target ratio: 100 BW Change: -84 Int Change: -1000 BW: 8323
100
0
Target ratio: 100 BW Change: -153 Int Change: -1000 BW: 8451
100
0
Target ratio: 100 BW Change: 18 Int Change: -1000 BW: 8435
100
0
Target ratio: 100 BW Change: 7 Int Change: -1000 BW: 8429
100
0
Target ratio: 100 BW Change: -17 Int Change: -1000 BW: 8444
100
0
Target ratio: 100 BW Change: 3 Int Change: -1000 BW: 8441
100
0
Target ratio: 100 BW Change: -9 Int Change: -1000 BW: 8449
100
0
Target ratio: 100 BW Change: 4071 Int Change: -1000 BW: 5009
100
0
Target ratio: 100 BW Change: -10059 Int Change: -1000 BW: 10048
100
0
Target ratio: 100 BW Change: -179881 Int Change: -1000 BW: 190793
100
0
Target ratio: 100 BW Change: 3492 Int Change: -1000 BW: 124159
100
0
Target ratio: 100 BW Change: -1 Int Change: -1000 BW: 124181
100
0
Target ratio: 100 BW Change: -3776 Int Change: -1000 BW: 171080
100
0
Target ratio: 100 BW Change: 54 Int Change: -1000 BW: 170141
100
0
Target ratio: 100 BW Change: 9 Int Change: -1000 BW: 169972
100
0
Target ratio: 100 BW Change: 13 Int Change: -1000 BW: 169747
100
0
Target ratio: 100 BW Change: 1599 Int Change: -1000 BW: 142590
100
0
Target ratio: 100 BW Change: 8908 Int Change: -1000 BW: 15567
100
0
Target ratio: 100 BW Change: 8 Int Change: -1000 BW: 15554
100
0
Target ratio: 100 BW Change: -10 Int Change: -1000 BW: 15571
100
0
Target ratio: 100 BW Change: -3 Int Change: -1000 BW: 15577
100
0
Target ratio: 100 BW Change: 14 Int Change: -1000 BW: 15554
100
0
Target ratio: 100 BW Change: -65107 Int Change: -1000 BW: 116822
100
0
Target ratio: 100 BW Change: 1675 Int Change: -1000 BW: 97246
100
0
Target ratio: 100 BW Change: -4073 Int Change: -1000 BW: 136860
100
0
Target ratio: 100 BW Change: 809 Int Change: -1000 BW: 125785
100
0
Target ratio: 100 BW Change: 3197 Int Change: -1000 BW: 85563
100
0
Target ratio: 100 BW Change: -7680 Int Change: -1000 BW: 151280
100
0
Target ratio: 100 BW Change: 1639 Int Change: -1000 BW: 126474
100
0
Target ratio: 100 BW Change: 1738 Int Change: -1000 BW: 104482
100
0
Target ratio: 100 BW Change: -4607 Int Change: -1000 BW: 152617
100
0
Target ratio: 100 BW Change: 1782 Int Change: -1000 BW: 125417
100
0
Target ratio: 100 BW Change: 1689 Int Change: -1000 BW: 104227
100
0
Target ratio: 100 BW Change: -4673 Int Change: -1000 BW: 152940
100
0
Target ratio: 100 BW Change: 2119 Int Change: -1000 BW: 120523
100
0
Target ratio: 100 BW Change: 2313 Int Change: -1000 BW: 92634
100
0
Target ratio: 100 BW Change: -3409 Int Change: -1000 BW: 124215
100
0
Target ratio: 100 BW Change: 1214 Int Change: -1000 BW: 109123
100
0
Target ratio: 100 BW Change: 2204 Int Change: -1000 BW: 85068
100
0
Target ratio: 100 BW Change: -3621 Int Change: -1000 BW: 115879
100
0
Target ratio: 100 BW Change: 1725 Int Change: -1000 BW: 95884
100
0
Target ratio: 100 BW Change: -2926 Int Change: -1000 BW: 123945
100
0
Target ratio: 100 BW Change: 1414 Int Change: -1000 BW: 106407
100
0
Target ratio: 100 BW Change: 4562 Int Change: -1000 BW: 57861
100
0
Target ratio: 100 BW Change: -11794 Int Change: -1000 BW: 126107
100
0
Target ratio: 100 BW Change: 1638 Int Change: -1000 BW: 105448
100
0
Target ratio: 100 BW Change: -3752 Int Change: -1000 BW: 145021
100
0
Target ratio: 100 BW Change: 2064 Int Change: -1000 BW: 115077
100
0
Target ratio: 100 BW Change: 6397 Int Change: -1000 BW: 41461
100
0
Target ratio: 100 BW Change: -21408 Int Change: -1000 BW: 130223
100
0
Target ratio: 100 BW Change: 989 Int Change: -1000 BW: 117343
100
0
Target ratio: 100 BW Change: -2484 Int Change: -1000 BW: 146493
100
0
Target ratio: 100 BW Change: 1197 Int Change: -1000 BW: 128950
100
0
Target ratio: 100 BW Change: 616 Int Change: -1000 BW: 120995
100
0
Target ratio: 100 BW Change: -3075 Int Change: -1000 BW: 158201
100
0
Target ratio: 100 BW Change: 2609 Int Change: -1000 BW: 116920
100
0
Target ratio: 100 BW Change: 1203 Int Change: -1000 BW: 102847
100
0
Target ratio: 100 BW Change: -1806 Int Change: -1000 BW: 121424
100
0
Target ratio: 100 BW Change: 1219 Int Change: -1000 BW: 106621
100
0
Target ratio: 100 BW Change: 4782 Int Change: -1000 BW: 55632
100
0
Target ratio: 100 BW Change: -12564 Int Change: -1000 BW: 125529
100
0
Target ratio: 100 BW Change: 1412 Int Change: -1000 BW: 107804
100
0
Target ratio: 100 BW Change: -3920 Int Change: -1000 BW: 150069
100
0
Target ratio: 100 BW Change: 1309 Int Change: -1000 BW: 130417
100
0
Target ratio: 100 BW Change: 1263 Int Change: -1000 BW: 113945
100
0
Target ratio: 100 BW Change: -3845 Int Change: -1000 BW: 157765
