Running with 
	Sample interval: 100 ms
	Adjust interval: 9000 ms
	Bandwidth saturation cutoff: 250000 MB/s
0
100
0
Target ratio: 100 BW Change: 0 Int Change: 2000 BW: 28657
100
0
Target ratio: 100 BW Change: -90 Int Change: -1000 BW: 28915
100
0
Target ratio: 100 BW Change: 6837 Int Change: -1000 BW: 9143
100
0
Target ratio: 100 BW Change: -1401 Int Change: -1000 BW: 10424
95
5
Target ratio: 95 BW Change: -359014 Int Change: -1000 BW: 384661
90
10
Target ratio: 90 BW Change: -634 Int Change: 500 BW: 409070
92
8
Target ratio: 92 BW Change: 899 Int Change: 500 BW: 372280
94
6
Target ratio: 94 BW Change: 8664 Int Change: -200 BW: 49721
96
4
Target ratio: 96 BW Change: -42249 Int Change: -200 BW: 259791
