Running with 
	Sample interval: 100 ms
	Adjust interval: 9000 ms
	Bandwidth saturation cutoff: 250000 MB/s
0
100
0
Target ratio: 100 BW Change: 0 Int Change: 2000 BW: 219682
100
0
Target ratio: 100 BW Change: -767 Int Change: -1000 BW: 236547
100
0
Target ratio: 100 BW Change: -113 Int Change: -1000 BW: 239225
100
0
Target ratio: 100 BW Change: -333 Int Change: -1000 BW: 247210
100
0
Target ratio: 100 BW Change: 146 Int Change: -1000 BW: 243584
100
0
Target ratio: 100 BW Change: 170 Int Change: -1000 BW: 239441
100
0
Target ratio: 100 BW Change: 673 Int Change: -1000 BW: 223316
100
0
Target ratio: 100 BW Change: 278 Int Change: -1000 BW: 217093
100
0
Target ratio: 100 BW Change: -568 Int Change: -1000 BW: 229441
100
0
Target ratio: 100 BW Change: -712 Int Change: -1000 BW: 245791
100
0
Target ratio: 100 BW Change: 597 Int Change: -1000 BW: 231116
100
0
Target ratio: 100 BW Change: -93 Int Change: -1000 BW: 233280
100
0
Target ratio: 100 BW Change: 696 Int Change: -1000 BW: 217042
100
0
Target ratio: 100 BW Change: -205 Int Change: -1000 BW: 221506
100
0
Target ratio: 100 BW Change: -92 Int Change: -1000 BW: 223544
100
0
Target ratio: 100 BW Change: -837 Int Change: -1000 BW: 242276
100
0
Target ratio: 100 BW Change: -43 Int Change: -1000 BW: 243335
100
0
Target ratio: 100 BW Change: 549 Int Change: -1000 BW: 229969
100
0
Target ratio: 100 BW Change: 477 Int Change: -1000 BW: 218979
100
0
Target ratio: 100 BW Change: -368 Int Change: -1000 BW: 227039
100
0
Target ratio: 100 BW Change: -490 Int Change: -1000 BW: 238182
100
0
Target ratio: 100 BW Change: -317 Int Change: -1000 BW: 245733
100
0
Target ratio: 100 BW Change: 358 Int Change: -1000 BW: 236920
100
0
Target ratio: 100 BW Change: 293 Int Change: -1000 BW: 229969
100
0
Target ratio: 100 BW Change: 170 Int Change: -1000 BW: 226052
100
0
Target ratio: 100 BW Change: -418 Int Change: -1000 BW: 235515
100
0
Target ratio: 100 BW Change: -300 Int Change: -1000 BW: 242597
100
0
Target ratio: 100 BW Change: 54 Int Change: -1000 BW: 241280
100
0
Target ratio: 100 BW Change: 622 Int Change: -1000 BW: 226258
100
0
Target ratio: 100 BW Change: 537 Int Change: -1000 BW: 214096
100
0
Target ratio: 100 BW Change: -1254 Int Change: -1000 BW: 240955
95
5
Target ratio: 95 BW Change: -412 Int Change: -1000 BW: 250897
97
3
Target ratio: 97 BW Change: 957 Int Change: 500 BW: 226866
99
1
Target ratio: 99 BW Change: 575 Int Change: -200 BW: 213820
100
0
Target ratio: 100 BW Change: -60 Int Change: -200 BW: 215124
100
0
Target ratio: 100 BW Change: -690 Int Change: -200 BW: 229972
100
0
Target ratio: 100 BW Change: -580 Int Change: -400 BW: 243326
100
0
Target ratio: 100 BW Change: 945 Int Change: -400 BW: 220315
100
0
Target ratio: 100 BW Change: 1107 Int Change: -400 BW: 195918
100
0
Target ratio: 100 BW Change: -828 Int Change: -800 BW: 212144
100
0
Target ratio: 100 BW Change: -768 Int Change: -800 BW: 228446
100
0
Target ratio: 100 BW Change: -269 Int Change: -800 BW: 234593
100
0
Target ratio: 100 BW Change: 752 Int Change: -1000 BW: 216929
100
0
Target ratio: 100 BW Change: 18 Int Change: -1000 BW: 216528
100
0
Target ratio: 100 BW Change: -186 Int Change: -1000 BW: 220558
100
0
Target ratio: 100 BW Change: -21 Int Change: -1000 BW: 221033
100
0
Target ratio: 100 BW Change: 250 Int Change: -1000 BW: 215499
100
0
Target ratio: 100 BW Change: 1122 Int Change: -1000 BW: 191314
100
0
Target ratio: 100 BW Change: -1906 Int Change: -1000 BW: 227793
100
0
Target ratio: 100 BW Change: -927 Int Change: -1000 BW: 248925
100
0
Target ratio: 100 BW Change: 2016 Int Change: -1000 BW: 198740
100
0
Target ratio: 100 BW Change: -202 Int Change: -1000 BW: 202771
100
0
Target ratio: 100 BW Change: -936 Int Change: -1000 BW: 221763
100
0
Target ratio: 100 BW Change: -255 Int Change: -1000 BW: 227421
100
0
Target ratio: 100 BW Change: 1378 Int Change: -1000 BW: 196069
100
0
Target ratio: 100 BW Change: -1044 Int Change: -1000 BW: 216552
100
0
Target ratio: 100 BW Change: -287 Int Change: -1000 BW: 222778
100
0
Target ratio: 100 BW Change: -1081 Int Change: -1000 BW: 246869
100
0
Target ratio: 100 BW Change: 662 Int Change: -1000 BW: 230503
100
0
Target ratio: 100 BW Change: 703 Int Change: -1000 BW: 214290
100
0
Target ratio: 100 BW Change: -46 Int Change: -1000 BW: 215288
95
5
Target ratio: 95 BW Change: -1652 Int Change: -1000 BW: 250866
