Running with 
	Sample interval: 100 ms
	Adjust interval: 9000 ms
	Bandwidth saturation cutoff: 250000 MB/s
0
100
0
Target ratio: 100 BW Change: 0 Int Change: 2000 BW: 22460
100
0
Target ratio: 100 BW Change: -87 Int Change: -1000 BW: 22657
100
0
Target ratio: 100 BW Change: 1125 Int Change: -1000 BW: 20106
100
0
Target ratio: 100 BW Change: 5298 Int Change: -1000 BW: 9453
100
0
Target ratio: 100 BW Change: -1002 Int Change: -1000 BW: 10401
95
5
Target ratio: 95 BW Change: -267261 Int Change: -1000 BW: 288380
90
10
Target ratio: 90 BW Change: -2230 Int Change: 500 BW: 352696
92
8
Target ratio: 92 BW Change: 558 Int Change: 500 BW: 332997
94
6
Target ratio: 94 BW Change: 8829 Int Change: -200 BW: 38985
96
4
Target ratio: 96 BW Change: 797 Int Change: -200 BW: 35875
100
0
Target ratio: 100 BW Change: -68111 Int Change: -200 BW: 280226
98
2
Target ratio: 98 BW Change: -1403 Int Change: -400 BW: 319555
96
4
Target ratio: 96 BW Change: -246 Int Change: 200 BW: 327435
96
4
Target ratio: 96 BW Change: 1413 Int Change: 200 BW: 281150
96
4
Target ratio: 96 BW Change: -233 Int Change: 0 BW: 287706
92
8
Target ratio: 92 BW Change: -576 Int Change: 0 BW: 297365
94
6
Target ratio: 94 BW Change: 919 Int Change: 400 BW: 270021
96
4
Target ratio: 96 BW Change: -317 Int Change: -200 BW: 278586
96
4
Target ratio: 96 BW Change: -103 Int Change: -200 BW: 281462
91
9
Target ratio: 91 BW Change: -855 Int Change: 0 BW: 305538
93
7
Target ratio: 93 BW Change: 534 Int Change: 500 BW: 289196
93
7
Target ratio: 93 BW Change: 1106 Int Change: -200 BW: 257206
98
2
Target ratio: 98 BW Change: 1337 Int Change: 0 BW: 222798
100
0
Target ratio: 100 BW Change: -1958 Int Change: -500 BW: 266444
98
2
Target ratio: 98 BW Change: -880 Int Change: -500 BW: 289896
98
2
Target ratio: 98 BW Change: 355 Int Change: 200 BW: 279579
93
7
Target ratio: 93 BW Change: -935 Int Change: 0 BW: 305737
88
12
Target ratio: 88 BW Change: -77 Int Change: 500 BW: 308102
