Running with 
	Sample interval: 100 ms
	Adjust interval: 9000 ms
	Bandwidth saturation cutoff: 250000 MB/s
0
100
0
Target ratio: 100 BW Change: 0 Int Change: 2000 BW: 22362
100
0
Target ratio: 100 BW Change: -71 Int Change: -1000 BW: 22522
100
0
Target ratio: 100 BW Change: 1210 Int Change: -1000 BW: 19796
100
0
Target ratio: 100 BW Change: 5229 Int Change: -1000 BW: 9444
100
0
Target ratio: 100 BW Change: -945 Int Change: -1000 BW: 10337
95
5
Target ratio: 95 BW Change: -268846 Int Change: -1000 BW: 288244
90
10
Target ratio: 90 BW Change: -2228 Int Change: 500 BW: 352475
92
8
Target ratio: 92 BW Change: 511 Int Change: 500 BW: 334440
94
6
Target ratio: 94 BW Change: 8832 Int Change: -200 BW: 39040
96
4
Target ratio: 96 BW Change: 768 Int Change: -200 BW: 36040
100
0
Target ratio: 100 BW Change: -66467 Int Change: -200 BW: 275588
