Running with 
	Sample interval: 100 ms
	Adjust interval: 9000 ms
	Bandwidth saturation cutoff: 250000 MB/s
0
100
0
Target ratio: 100 BW Change: 0 Int Change: 2000 BW: 15631
100
0
Target ratio: 100 BW Change: 137 Int Change: -1000 BW: 15416
100
0
Target ratio: 100 BW Change: -31 Int Change: -1000 BW: 15464
100
0
Target ratio: 100 BW Change: 73 Int Change: -1000 BW: 15350
100
0
Target ratio: 100 BW Change: 7247 Int Change: -1000 BW: 4225
100
0
Target ratio: 100 BW Change: -13566 Int Change: -1000 BW: 9957
95
5
Target ratio: 95 BW Change: -284497 Int Change: -1000 BW: 293231
97
3
Target ratio: 97 BW Change: 2095 Int Change: 500 BW: 231777
99
1
Target ratio: 99 BW Change: -834 Int Change: -200 BW: 251129
100
0
Target ratio: 100 BW Change: -1520 Int Change: -200 BW: 289316
100
0
Target ratio: 100 BW Change: -69 Int Change: -200 BW: 291313
100
0
Target ratio: 100 BW Change: 8986 Int Change: 0 BW: 29516
100
0
Target ratio: 100 BW Change: -29 Int Change: -500 BW: 29604
100
0
Target ratio: 100 BW Change: 3714 Int Change: -500 BW: 18608
98
2
Target ratio: 98 BW Change: -150706 Int Change: -500 BW: 299043
96
4
Target ratio: 96 BW Change: 127 Int Change: 200 BW: 295239
94
6
Target ratio: 94 BW Change: 176 Int Change: 200 BW: 290035
90
10
Target ratio: 90 BW Change: 189 Int Change: 200 BW: 284547
86
14
Target ratio: 86 BW Change: 129 Int Change: 400 BW: 280854
88
12
Target ratio: 88 BW Change: 636 Int Change: 400 BW: 262987
88
12
Target ratio: 88 BW Change: 13 Int Change: -200 BW: 262640
88
12
Target ratio: 88 BW Change: -88 Int Change: 0 BW: 264969
88
12
Target ratio: 88 BW Change: -69 Int Change: 0 BW: 264457
88
12
Target ratio: 88 BW Change: -69 Int Change: 0 BW: 264461
88
12
Target ratio: 88 BW Change: -55 Int Change: 0 BW: 264098
88
12
Target ratio: 88 BW Change: -67 Int Change: 0 BW: 264405
88
12
Target ratio: 88 BW Change: -67 Int Change: 0 BW: 264410
88
12
Target ratio: 88 BW Change: -66 Int Change: 0 BW: 264396
88
12
Target ratio: 88 BW Change: -60 Int Change: 0 BW: 264233
88
12
Target ratio: 88 BW Change: -63 Int Change: 0 BW: 264295
88
12
Target ratio: 88 BW Change: -71 Int Change: 0 BW: 264531
88
12
Target ratio: 88 BW Change: -74 Int Change: 0 BW: 264593
88
12
Target ratio: 88 BW Change: -72 Int Change: 0 BW: 264555
88
12
Target ratio: 88 BW Change: -77 Int Change: 0 BW: 264670
88
12
Target ratio: 88 BW Change: -76 Int Change: 0 BW: 264640
88
12
Target ratio: 88 BW Change: -72 Int Change: 0 BW: 264540
88
12
Target ratio: 88 BW Change: -67 Int Change: 0 BW: 264401
88
12
Target ratio: 88 BW Change: -71 Int Change: 0 BW: 264526
88
12
Target ratio: 88 BW Change: -71 Int Change: 0 BW: 264529
