Running with 
	Sample interval: 100 ms
	Adjust interval: 6000 ms
	Bandwidth saturation cutoff: 250000 MB/s
0
92
8
Target ratio: 92 BW Change: 0 Int Change: 1600 BW: 317710
86
14
Target ratio: 86 BW Change: -400 Int Change: 800 BW: 330442
86
14
Target ratio: 86 BW Change: -101 Int Change: 600 BW: 333811
86
14
Target ratio: 86 BW Change: 3 Int Change: 0 BW: 333684
86
14
Target ratio: 86 BW Change: -73 Int Change: 0 BW: 336261
86
14
Target ratio: 86 BW Change: -158 Int Change: 0 BW: 339104
86
14
Target ratio: 86 BW Change: -103 Int Change: 0 BW: 337273
86
14
Target ratio: 86 BW Change: -72 Int Change: 0 BW: 336229
86
14
Target ratio: 86 BW Change: -80 Int Change: 0 BW: 336499
86
14
Target ratio: 86 BW Change: -79 Int Change: 0 BW: 336464
86
14
Target ratio: 86 BW Change: -100 Int Change: 0 BW: 337173
86
14
Target ratio: 86 BW Change: -67 Int Change: 0 BW: 336050
86
14
Target ratio: 86 BW Change: -85 Int Change: 0 BW: 336672
86
14
Target ratio: 86 BW Change: -251 Int Change: 0 BW: 342208
86
14
Target ratio: 86 BW Change: 0 Int Change: 0 BW: 333823
86
14
Target ratio: 86 BW Change: -71 Int Change: 0 BW: 336192
86
14
Target ratio: 86 BW Change: 16 Int Change: 0 BW: 333255
86
14
Target ratio: 86 BW Change: -16 Int Change: 0 BW: 334369
86
14
Target ratio: 86 BW Change: -13 Int Change: 0 BW: 334255
86
14
Target ratio: 86 BW Change: -45 Int Change: 0 BW: 335329
86
14
Target ratio: 86 BW Change: 19 Int Change: 0 BW: 333155
86
14
Target ratio: 86 BW Change: 0 Int Change: 0 BW: 333790
86
14
Target ratio: 86 BW Change: 105 Int Change: 0 BW: 330295
86
14
Target ratio: 86 BW Change: -22 Int Change: 0 BW: 334564
86
14
Target ratio: 86 BW Change: 52 Int Change: 0 BW: 332067
86
14
Target ratio: 86 BW Change: -33 Int Change: 0 BW: 334932
86
14
Target ratio: 86 BW Change: 9 Int Change: 0 BW: 333498
86
14
Target ratio: 86 BW Change: -52 Int Change: 0 BW: 335550
86
14
Target ratio: 86 BW Change: -31 Int Change: 0 BW: 334873
86
14
Target ratio: 86 BW Change: 80 Int Change: 0 BW: 331129
86
14
Target ratio: 86 BW Change: -41 Int Change: 0 BW: 335190
86
14
Target ratio: 86 BW Change: 12 Int Change: 0 BW: 333383
86
14
Target ratio: 86 BW Change: -52 Int Change: 0 BW: 335576
86
14
Target ratio: 86 BW Change: -13 Int Change: 0 BW: 334255
86
14
Target ratio: 86 BW Change: 19 Int Change: 0 BW: 333147
86
14
Target ratio: 86 BW Change: -48 Int Change: 0 BW: 335439
86
14
Target ratio: 86 BW Change: 6 Int Change: 0 BW: 333602
86
14
Target ratio: 86 BW Change: 2 Int Change: 0 BW: 333743
86
14
Target ratio: 86 BW Change: -18 Int Change: 0 BW: 334413
86
14
Target ratio: 86 BW Change: 103 Int Change: 0 BW: 330356
