Running with 
	Sample interval: 100 ms
	Adjust interval: 6000 ms
	Bandwidth saturation cutoff: 250000 MB/s
0
92
8
Target ratio: 92 BW Change: 0 Int Change: 1600 BW: 384040
84
16
Target ratio: 84 BW Change: -578 Int Change: 800 BW: 406241
82
18
Target ratio: 82 BW Change: -159 Int Change: 800 BW: 412727
80
20
Target ratio: 80 BW Change: -308 Int Change: 200 BW: 425466
76
24
Target ratio: 76 BW Change: -478 Int Change: 200 BW: 445829
76
24
Target ratio: 76 BW Change: -119 Int Change: 400 BW: 451142
76
24
Target ratio: 76 BW Change: -79 Int Change: 0 BW: 454708
76
24
Target ratio: 76 BW Change: 45 Int Change: 0 BW: 449078
76
24
Target ratio: 76 BW Change: 50 Int Change: 0 BW: 448867
76
24
Target ratio: 76 BW Change: 45 Int Change: 0 BW: 449088
76
24
Target ratio: 76 BW Change: 47 Int Change: 0 BW: 449001
76
24
Target ratio: 76 BW Change: 47 Int Change: 0 BW: 448991
76
24
Target ratio: 76 BW Change: 62 Int Change: 0 BW: 448315
76
24
Target ratio: 76 BW Change: 23 Int Change: 0 BW: 450062
76
24
Target ratio: 76 BW Change: 22 Int Change: 0 BW: 450134
76
24
Target ratio: 76 BW Change: 43 Int Change: 0 BW: 449194
76
24
Target ratio: 76 BW Change: 36 Int Change: 0 BW: 449489
76
24
Target ratio: 76 BW Change: 44 Int Change: 0 BW: 449138
76
24
Target ratio: 76 BW Change: 43 Int Change: 0 BW: 449197
76
24
Target ratio: 76 BW Change: 28 Int Change: 0 BW: 449877
76
24
Target ratio: 76 BW Change: 34 Int Change: 0 BW: 449566
76
24
Target ratio: 76 BW Change: 30 Int Change: 0 BW: 449766
76
24
Target ratio: 76 BW Change: 51 Int Change: 0 BW: 448837
