Running with 
	Sample interval: 100 ms
	Adjust interval: 6000 ms
	Bandwidth saturation cutoff: 250000 MB/s
0
92
8
Target ratio: 92 BW Change: 0 Int Change: 1600 BW: 325273
84
16
Target ratio: 84 BW Change: -828 Int Change: 800 BW: 352223
76
24
Target ratio: 76 BW Change: -476 Int Change: 800 BW: 368989
76
24
Target ratio: 76 BW Change: -112 Int Change: 800 BW: 373152
76
24
Target ratio: 76 BW Change: -386 Int Change: 0 BW: 387577
76
24
Target ratio: 76 BW Change: -369 Int Change: 0 BW: 386952
76
24
Target ratio: 76 BW Change: -365 Int Change: 0 BW: 386805
76
24
Target ratio: 76 BW Change: -320 Int Change: 0 BW: 385119
76
24
Target ratio: 76 BW Change: -103 Int Change: 0 BW: 377010
76
24
Target ratio: 76 BW Change: -509 Int Change: 0 BW: 392172
76
24
Target ratio: 76 BW Change: -373 Int Change: 0 BW: 387073
76
24
Target ratio: 76 BW Change: -548 Int Change: 0 BW: 393627
76
24
Target ratio: 76 BW Change: -372 Int Change: 0 BW: 387041
76
24
Target ratio: 76 BW Change: -406 Int Change: 0 BW: 388314
76
24
Target ratio: 76 BW Change: -379 Int Change: 0 BW: 387311
76
24
Target ratio: 76 BW Change: -450 Int Change: 0 BW: 389977
76
24
Target ratio: 76 BW Change: 9 Int Change: 0 BW: 372786
76
24
Target ratio: 76 BW Change: -175 Int Change: 0 BW: 379693
72
28
Target ratio: 72 BW Change: -736 Int Change: 0 BW: 400623
72
28
Target ratio: 72 BW Change: -98 Int Change: 400 BW: 404569
72
28
Target ratio: 72 BW Change: -30 Int Change: 0 BW: 405794
72
28
Target ratio: 72 BW Change: 426 Int Change: 0 BW: 387299
72
28
Target ratio: 72 BW Change: 354 Int Change: 0 BW: 390207
72
28
Target ratio: 72 BW Change: 521 Int Change: 0 BW: 383460
76
24
Target ratio: 76 BW Change: 820 Int Change: 0 BW: 371367
80
20
Target ratio: 80 BW Change: -595 Int Change: -400 BW: 393470
78
22
Target ratio: 78 BW Change: 319 Int Change: -400 BW: 380887
78
22
Target ratio: 78 BW Change: -64 Int Change: 200 BW: 383331
78
22
Target ratio: 78 BW Change: 2 Int Change: 0 BW: 383242
78
22
Target ratio: 78 BW Change: -111 Int Change: 0 BW: 387590
78
22
Target ratio: 78 BW Change: -114 Int Change: 0 BW: 387727
78
22
Target ratio: 78 BW Change: -14 Int Change: 0 BW: 383877
78
22
Target ratio: 78 BW Change: -9 Int Change: 0 BW: 383696
78
22
Target ratio: 78 BW Change: -53 Int Change: 0 BW: 385365
78
22
Target ratio: 78 BW Change: -134 Int Change: 0 BW: 388468
78
22
Target ratio: 78 BW Change: -49 Int Change: 0 BW: 385217
78
22
Target ratio: 78 BW Change: 234 Int Change: 0 BW: 374327
78
22
Target ratio: 78 BW Change: 82 Int Change: 0 BW: 380176
78
22
Target ratio: 78 BW Change: 301 Int Change: 0 BW: 371760
78
22
Target ratio: 78 BW Change: 248 Int Change: 0 BW: 373795
78
22
Target ratio: 78 BW Change: 22 Int Change: 0 BW: 382486
78
22
Target ratio: 78 BW Change: -233 Int Change: 0 BW: 392279
78
22
Target ratio: 78 BW Change: 60 Int Change: 0 BW: 381014
78
22
Target ratio: 78 BW Change: 185 Int Change: 0 BW: 376228
78
22
Target ratio: 78 BW Change: -61 Int Change: 0 BW: 385694
78
22
Target ratio: 78 BW Change: -2 Int Change: 0 BW: 383418
78
22
Target ratio: 78 BW Change: 155 Int Change: 0 BW: 377359
78
22
Target ratio: 78 BW Change: -167 Int Change: 0 BW: 389757
78
22
Target ratio: 78 BW Change: -58 Int Change: 0 BW: 385573
78
22
Target ratio: 78 BW Change: -87 Int Change: 0 BW: 386698
78
22
Target ratio: 78 BW Change: -225 Int Change: 0 BW: 391994
