Running with 
	Sample interval: 100 ms
	Adjust interval: 6000 ms
	Bandwidth saturation cutoff: 250000 MB/s
0
92
8
Target ratio: 92 BW Change: 0 Int Change: 1600 BW: 402265
87
13
Target ratio: 87 BW Change: -384 Int Change: 800 BW: 417720
82
18
Target ratio: 82 BW Change: -338 Int Change: 500 BW: 431849
77
23
Target ratio: 77 BW Change: -780 Int Change: 500 BW: 465535
69
31
Target ratio: 69 BW Change: -421 Int Change: 500 BW: 485142
61
39
Target ratio: 61 BW Change: -679 Int Change: 800 BW: 518090
58
42
Target ratio: 58 BW Change: -216 Int Change: 800 BW: 529332
58
42
Target ratio: 58 BW Change: 236 Int Change: 300 BW: 516829
58
42
Target ratio: 58 BW Change: 443 Int Change: 0 BW: 493908
58
42
Target ratio: 58 BW Change: 480 Int Change: 0 BW: 491974
58
42
Target ratio: 58 BW Change: 333 Int Change: 0 BW: 499595
58
42
Target ratio: 58 BW Change: 92 Int Change: 0 BW: 512059
58
42
Target ratio: 58 BW Change: 90 Int Change: 0 BW: 512126
58
42
Target ratio: 58 BW Change: 94 Int Change: 0 BW: 511969
58
42
Target ratio: 58 BW Change: 341 Int Change: 0 BW: 499161
58
42
Target ratio: 58 BW Change: 417 Int Change: 0 BW: 495276
58
42
Target ratio: 58 BW Change: 548 Int Change: 0 BW: 488473
58
42
Target ratio: 58 BW Change: 477 Int Change: 0 BW: 492137
58
42
Target ratio: 58 BW Change: 326 Int Change: 0 BW: 499975
58
42
Target ratio: 58 BW Change: 534 Int Change: 0 BW: 489219
58
42
Target ratio: 58 BW Change: 605 Int Change: 0 BW: 485513
58
42
Target ratio: 58 BW Change: 95 Int Change: 0 BW: 511888
58
42
Target ratio: 58 BW Change: 150 Int Change: 0 BW: 509053
58
42
Target ratio: 58 BW Change: 200 Int Change: 0 BW: 506483
58
42
Target ratio: 58 BW Change: 91 Int Change: 0 BW: 512110
58
42
Target ratio: 58 BW Change: 328 Int Change: 0 BW: 499846
58
42
Target ratio: 58 BW Change: 96 Int Change: 0 BW: 511825
58
42
Target ratio: 58 BW Change: 45 Int Change: 0 BW: 514460
58
42
Target ratio: 58 BW Change: 661 Int Change: 0 BW: 482664
58
42
Target ratio: 58 BW Change: 257 Int Change: 0 BW: 503541
58
42
Target ratio: 58 BW Change: 457 Int Change: 0 BW: 493209
58
42
Target ratio: 58 BW Change: 405 Int Change: 0 BW: 495885
58
42
Target ratio: 58 BW Change: 610 Int Change: 0 BW: 485286
58
42
Target ratio: 58 BW Change: 462 Int Change: 0 BW: 492921
58
42
Target ratio: 58 BW Change: 519 Int Change: 0 BW: 489960
58
42
Target ratio: 58 BW Change: 406 Int Change: 0 BW: 495804
58
42
Target ratio: 58 BW Change: 583 Int Change: 0 BW: 486661
58
42
Target ratio: 58 BW Change: 575 Int Change: 0 BW: 487096
58
42
Target ratio: 58 BW Change: 611 Int Change: 0 BW: 485248
58
42
Target ratio: 58 BW Change: 552 Int Change: 0 BW: 488274
58
42
Target ratio: 58 BW Change: 532 Int Change: 0 BW: 489328
62
38
Target ratio: 62 BW Change: 789 Int Change: 0 BW: 476021
66
34
Target ratio: 66 BW Change: -544 Int Change: -400 BW: 501939
66
34
Target ratio: 66 BW Change: -125 Int Change: -400 BW: 508232
66
34
Target ratio: 66 BW Change: -90 Int Change: 0 BW: 512818
66
34
Target ratio: 66 BW Change: -31 Int Change: 0 BW: 509834
66
34
Target ratio: 66 BW Change: -47 Int Change: 0 BW: 510664
66
34
Target ratio: 66 BW Change: 117 Int Change: 0 BW: 502252
66
34
Target ratio: 66 BW Change: 182 Int Change: 0 BW: 498935
70
30
Target ratio: 70 BW Change: 725 Int Change: 0 BW: 471341
74
26
Target ratio: 74 BW Change: -264 Int Change: -400 BW: 483791
