Running with 
	Sample interval: 100 ms
	Adjust interval: 6000 ms
	Bandwidth saturation cutoff: 250000 MB/s
0
92
8
Target ratio: 92 BW Change: 0 Int Change: 1600 BW: 327700
87
13
Target ratio: 87 BW Change: -364 Int Change: 800 BW: 339649
89
11
Target ratio: 89 BW Change: 140 Int Change: 500 BW: 334862
89
11
Target ratio: 89 BW Change: 94 Int Change: -200 BW: 331712
89
11
Target ratio: 89 BW Change: -4 Int Change: 0 BW: 331855
89
11
Target ratio: 89 BW Change: -78 Int Change: 0 BW: 334318
89
11
Target ratio: 89 BW Change: 388 Int Change: 0 BW: 318834
89
11
Target ratio: 89 BW Change: 135 Int Change: 0 BW: 327218
89
11
Target ratio: 89 BW Change: 252 Int Change: 0 BW: 323325
89
11
Target ratio: 89 BW Change: 227 Int Change: 0 BW: 324166
89
11
Target ratio: 89 BW Change: -358 Int Change: 0 BW: 343620
89
11
Target ratio: 89 BW Change: 94 Int Change: 0 BW: 328587
89
11
Target ratio: 89 BW Change: 223 Int Change: 0 BW: 324288
89
11
Target ratio: 89 BW Change: 160 Int Change: 0 BW: 326390
89
11
Target ratio: 89 BW Change: 105 Int Change: 0 BW: 328227
89
11
Target ratio: 89 BW Change: 161 Int Change: 0 BW: 326357
89
11
Target ratio: 89 BW Change: -23 Int Change: 0 BW: 332480
89
11
Target ratio: 89 BW Change: 85 Int Change: 0 BW: 328885
89
11
Target ratio: 89 BW Change: 37 Int Change: 0 BW: 330454
89
11
Target ratio: 89 BW Change: 273 Int Change: 0 BW: 322628
89
11
Target ratio: 89 BW Change: 116 Int Change: 0 BW: 327863
89
11
Target ratio: 89 BW Change: 309 Int Change: 0 BW: 321445
89
11
Target ratio: 89 BW Change: 43 Int Change: 0 BW: 330267
89
11
Target ratio: 89 BW Change: 167 Int Change: 0 BW: 326164
89
11
Target ratio: 89 BW Change: 48 Int Change: 0 BW: 330098
89
11
Target ratio: 89 BW Change: 12 Int Change: 0 BW: 331313
89
11
Target ratio: 89 BW Change: 50 Int Change: 0 BW: 330031
89
11
Target ratio: 89 BW Change: -176 Int Change: 0 BW: 337570
89
11
Target ratio: 89 BW Change: -15 Int Change: 0 BW: 332233
89
11
Target ratio: 89 BW Change: 139 Int Change: 0 BW: 327071
89
11
Target ratio: 89 BW Change: 47 Int Change: 0 BW: 330128
89
11
Target ratio: 89 BW Change: 82 Int Change: 0 BW: 328979
89
11
Target ratio: 89 BW Change: -11 Int Change: 0 BW: 332100
89
11
Target ratio: 89 BW Change: -23 Int Change: 0 BW: 332487
89
11
Target ratio: 89 BW Change: 5 Int Change: 0 BW: 331531
89
11
Target ratio: 89 BW Change: 35 Int Change: 0 BW: 330518
89
11
Target ratio: 89 BW Change: -313 Int Change: 0 BW: 342123
89
11
Target ratio: 89 BW Change: -2 Int Change: 0 BW: 331795
89
11
Target ratio: 89 BW Change: 16 Int Change: 0 BW: 331168
89
11
Target ratio: 89 BW Change: 217 Int Change: 0 BW: 324487
89
11
Target ratio: 89 BW Change: -32 Int Change: 0 BW: 332806
89
11
Target ratio: 89 BW Change: -160 Int Change: 0 BW: 337026
89
11
Target ratio: 89 BW Change: -26 Int Change: 0 BW: 332606
85
15
Target ratio: 85 BW Change: -785 Int Change: 0 BW: 357776
81
19
Target ratio: 81 BW Change: -356 Int Change: 400 BW: 370513
83
17
Target ratio: 83 BW Change: 200 Int Change: 400 BW: 363097
85
15
Target ratio: 85 BW Change: -147 Int Change: -200 BW: 368442
85
15
Target ratio: 85 BW Change: -28 Int Change: -200 BW: 369498
85
15
Target ratio: 85 BW Change: 258 Int Change: 0 BW: 359930
85
15
Target ratio: 85 BW Change: 332 Int Change: 0 BW: 357202
85
15
Target ratio: 85 BW Change: 256 Int Change: 0 BW: 360029
85
15
Target ratio: 85 BW Change: 166 Int Change: 0 BW: 363364
89
11
Target ratio: 89 BW Change: 810 Int Change: 0 BW: 339534
93
7
Target ratio: 93 BW Change: -552 Int Change: -400 BW: 358295
91
9
Target ratio: 91 BW Change: 188 Int Change: -400 BW: 351532
91
9
Target ratio: 91 BW Change: 131 Int Change: 200 BW: 346914
91
9
Target ratio: 91 BW Change: 67 Int Change: 0 BW: 344571
91
9
Target ratio: 91 BW Change: 52 Int Change: 0 BW: 345092
91
9
Target ratio: 91 BW Change: 36 Int Change: 0 BW: 345646
91
9
Target ratio: 91 BW Change: 129 Int Change: 0 BW: 342424
91
9
Target ratio: 91 BW Change: 222 Int Change: 0 BW: 339197
91
9
Target ratio: 91 BW Change: 162 Int Change: 0 BW: 341288
91
9
Target ratio: 91 BW Change: 233 Int Change: 0 BW: 338822
91
9
Target ratio: 91 BW Change: 35 Int Change: 0 BW: 345686
91
9
Target ratio: 91 BW Change: 55 Int Change: 0 BW: 344972
91
9
Target ratio: 91 BW Change: 83 Int Change: 0 BW: 344021
91
9
Target ratio: 91 BW Change: 195 Int Change: 0 BW: 340129
91
9
Target ratio: 91 BW Change: 75 Int Change: 0 BW: 344295
91
9
Target ratio: 91 BW Change: 50 Int Change: 0 BW: 345149
91
9
Target ratio: 91 BW Change: -47 Int Change: 0 BW: 348573
91
9
Target ratio: 91 BW Change: -29 Int Change: 0 BW: 347944
91
9
Target ratio: 91 BW Change: 246 Int Change: 0 BW: 338363
91
9
Target ratio: 91 BW Change: -182 Int Change: 0 BW: 353241
91
9
Target ratio: 91 BW Change: 2 Int Change: 0 BW: 346844
91
9
Target ratio: 91 BW Change: 52 Int Change: 0 BW: 345077
91
9
Target ratio: 91 BW Change: 14 Int Change: 0 BW: 346402
91
9
Target ratio: 91 BW Change: -15 Int Change: 0 BW: 347444
