Running with 
	Sample interval: 100 ms
	Adjust interval: 9000 ms
	Bandwidth saturation cutoff: 200000 MB/s
0
100
0
Target ratio: 100 BW Change: 0 Int Change: 1000 BW: 15674
100
0
Target ratio: 100 BW Change: 137 Int Change: -500 BW: 15458
100
0
Target ratio: 100 BW Change: -14 Int Change: -500 BW: 15480
100
0
Target ratio: 100 BW Change: 83 Int Change: -500 BW: 15350
100
0
Target ratio: 100 BW Change: 7096 Int Change: -1000 BW: 4457
100
0
Target ratio: 100 BW Change: -11904 Int Change: -1000 BW: 9763
90
10
Target ratio: 90 BW Change: -290070 Int Change: -1000 BW: 292959
95
5
Target ratio: 95 BW Change: 2500 Int Change: 1000 BW: 219713
100
0
Target ratio: 100 BW Change: 2572 Int Change: -500 BW: 163196
95
5
Target ratio: 95 BW Change: -7840 Int Change: -500 BW: 291155
97
3
Target ratio: 97 BW Change: 627 Int Change: 500 BW: 272883
99
1
Target ratio: 99 BW Change: 8947 Int Change: -200 BW: 28732
100
0
Target ratio: 100 BW Change: -73 Int Change: -200 BW: 28942
100
0
Target ratio: 100 BW Change: 3648 Int Change: -200 BW: 18383
96
4
Target ratio: 96 BW Change: -152915 Int Change: -400 BW: 299487
92
8
Target ratio: 92 BW Change: 191 Int Change: 400 BW: 293755
94
6
Target ratio: 94 BW Change: 473 Int Change: 400 BW: 279838
94
6
Target ratio: 94 BW Change: -111 Int Change: -200 BW: 282964
94
6
Target ratio: 94 BW Change: -9 Int Change: 0 BW: 283236
94
6
Target ratio: 94 BW Change: -24 Int Change: 0 BW: 283654
94
6
Target ratio: 94 BW Change: -20 Int Change: 0 BW: 283545
94
6
Target ratio: 94 BW Change: -16 Int Change: 0 BW: 283426
94
6
Target ratio: 94 BW Change: -9 Int Change: 0 BW: 283237
94
6
Target ratio: 94 BW Change: -8 Int Change: 0 BW: 283206
94
6
Target ratio: 94 BW Change: -12 Int Change: 0 BW: 283316
94
6
Target ratio: 94 BW Change: -4 Int Change: 0 BW: 283104
94
6
Target ratio: 94 BW Change: -9 Int Change: 0 BW: 283225
94
6
Target ratio: 94 BW Change: -15 Int Change: 0 BW: 283402
94
6
Target ratio: 94 BW Change: -15 Int Change: 0 BW: 283393
94
6
Target ratio: 94 BW Change: -16 Int Change: 0 BW: 283437
94
6
Target ratio: 94 BW Change: -8 Int Change: 0 BW: 283191
94
6
Target ratio: 94 BW Change: -13 Int Change: 0 BW: 283353
94
6
Target ratio: 94 BW Change: -14 Int Change: 0 BW: 283367
94
6
Target ratio: 94 BW Change: -11 Int Change: 0 BW: 283279
94
6
Target ratio: 94 BW Change: -17 Int Change: 0 BW: 283446
94
6
Target ratio: 94 BW Change: -6 Int Change: 0 BW: 283138
94
6
Target ratio: 94 BW Change: 0 Int Change: 0 BW: 282968
94
6
Target ratio: 94 BW Change: -8 Int Change: 0 BW: 283216
94
6
Target ratio: 94 BW Change: -8 Int Change: 0 BW: 283211
