Running with 
	Sample interval: 100 ms
	Adjust interval: 9000 ms
	Bandwidth saturation cutoff: 200000 MB/s
0
100
0
Target ratio: 100 BW Change: 0 Int Change: 1000 BW: 28175
100
0
Target ratio: 100 BW Change: 56 Int Change: -500 BW: 28016
100
0
Target ratio: 100 BW Change: 6951 Int Change: -500 BW: 8542
100
0
Target ratio: 100 BW Change: -1951 Int Change: -500 BW: 10209
90
10
Target ratio: 90 BW Change: -366896 Int Change: -1000 BW: 384774
80
20
Target ratio: 80 BW Change: -291 Int Change: 1000 BW: 395992
70
30
Target ratio: 70 BW Change: 868 Int Change: 1000 BW: 361591
75
25
Target ratio: 75 BW Change: 8815 Int Change: 1000 BW: 42843
80
20
Target ratio: 80 BW Change: -65086 Int Change: -500 BW: 321695
78
22
Target ratio: 78 BW Change: -376 Int Change: -500 BW: 333802
76
24
Target ratio: 76 BW Change: -307 Int Change: 200 BW: 344080
76
24
Target ratio: 76 BW Change: 447 Int Change: 200 BW: 328699
76
24
Target ratio: 76 BW Change: 38 Int Change: 0 BW: 327419
76
24
Target ratio: 76 BW Change: 43 Int Change: 0 BW: 327269
76
24
Target ratio: 76 BW Change: 48 Int Change: 0 BW: 327090
76
24
Target ratio: 76 BW Change: 55 Int Change: 0 BW: 326881
76
24
Target ratio: 76 BW Change: 45 Int Change: 0 BW: 327191
76
24
Target ratio: 76 BW Change: 44 Int Change: 0 BW: 327239
76
24
Target ratio: 76 BW Change: 39 Int Change: 0 BW: 327387
76
24
Target ratio: 76 BW Change: 39 Int Change: 0 BW: 327401
76
24
Target ratio: 76 BW Change: 46 Int Change: 0 BW: 327175
76
24
Target ratio: 76 BW Change: 53 Int Change: 0 BW: 326946
76
24
Target ratio: 76 BW Change: 57 Int Change: 0 BW: 326804
76
24
Target ratio: 76 BW Change: 43 Int Change: 0 BW: 327257
76
24
Target ratio: 76 BW Change: 49 Int Change: 0 BW: 327079
76
24
Target ratio: 76 BW Change: 53 Int Change: 0 BW: 326955
76
24
Target ratio: 76 BW Change: 44 Int Change: 0 BW: 327228
76
24
Target ratio: 76 BW Change: 47 Int Change: 0 BW: 327132
76
24
Target ratio: 76 BW Change: 42 Int Change: 0 BW: 327313
76
24
Target ratio: 76 BW Change: 44 Int Change: 0 BW: 327238
