Local 1046 Remote 501
Local 984 Remote 645
Local 1064 Remote 566
Local 842 Remote 541
Local 867 Remote 588
Local 615 Remote 573
Local 541 Remote 519
Local 577 Remote 572
Local 652 Remote 521
Local 722 Remote 543
Local 596 Remote 513
Local 781 Remote 522
Local 774 Remote 675
Local 1045 Remote 558
Local 799 Remote 531
Local 823 Remote 607
Local 836 Remote 634
Local 787 Remote 821
Local 930 Remote 976
Local 688 Remote 968
Local 803 Remote 1035
Local 612 Remote 945
Local 756 Remote 1004
Local 633 Remote 968
Local 693 Remote 930
Local 734 Remote 1026
Local 592 Remote 1120
Local 626 Remote 785
Local 630 Remote 564
Local 973 Remote 530
Local 504 Remote 512
Local 1184 Remote 674
Local 612 Remote 1037
Local 797 Remote 1110
Local 800 Remote 1278
Local 809 Remote 1224
Local 545 Remote 1010
Local 843 Remote 695
Local 515 Remote 562
Local 941 Remote 1050
Local 823 Remote 1140
Local 653 Remote 1078
Local 667 Remote 938
Local 568 Remote 1256
Local 708 Remote 815
Local 443 Remote 872
Local 498 Remote 2844
Local 872 Remote 976
Local 619 Remote 1036
Local 832 Remote 1035
Local 1088 Remote 914
Local 1089 Remote 868
Local 411 Remote 844
Local 566 Remote 707
Local 761 Remote 820
Local 825 Remote 751
Local 473 Remote 875
Local 611 Remote 742
Local 593 Remote 890
Local 705 Remote 780
Local 398 Remote 995
Local 596 Remote 847
Local 628 Remote 861
Local 724 Remote 741
Local 352 Remote 743
Local 648 Remote 794
Local 695 Remote 804
Local 584 Remote 914
Local 582 Remote 878
Local 728 Remote 790
Local 826 Remote 740
Local 709 Remote 801
Local 725 Remote 681
Local 705 Remote 734
Local 625 Remote 967
Local 728 Remote 770
Local 729 Remote 656
Local 852 Remote 753
Local 736 Remote 781
Local 695 Remote 912
Local 324 Remote 727
Local 557 Remote 640
Local 727 Remote 833
Local 945 Remote 729
Local 837 Remote 782
Local 631 Remote 605
Local 658 Remote 774
Local 673 Remote 861
Local 755 Remote 958
Local 516 Remote 642
Local 649 Remote 773
Local 775 Remote 752
Local 1005 Remote 992
Local 512 Remote 571
Local 826 Remote 791
Local 801 Remote 818
Local 855 Remote 1033
