Local 776 Remote 500
Local 999 Remote 500
Local 544 Remote 500
Local 807 Remote 500
Local 778 Remote 500
Local 843 Remote 500
Local 843 Remote 500
Local 830 Remote 500
Local 771 Remote 500
Local 759 Remote 500
Local 775 Remote 500
Local 1137 Remote 500
Local 674 Remote 500
Local 980 Remote 500
Local 793 Remote 500
Local 833 Remote 500
Local 1000 Remote 500
Local 1376 Remote 500
Local 867 Remote 500
Local 748 Remote 500
Local 735 Remote 500
Local 651 Remote 500
Local 1005 Remote 500
Local 809 Remote 500
Local 846 Remote 500
Local 636 Remote 500
Local 439 Remote 500
Local 922 Remote 500
Local 833 Remote 500
Local 786 Remote 500
Local 1059 Remote 500
Local 830 Remote 500
Local 892 Remote 500
Local 771 Remote 500
Local 703 Remote 500
Local 443 Remote 500
Local 976 Remote 500
Local 767 Remote 500
Local 858 Remote 500
Local 685 Remote 500
Local 1367 Remote 500
Local 792 Remote 500
Local 837 Remote 591
Local 884 Remote 500
Local 815 Remote 500
Local 779 Remote 500
Local 804 Remote 500
Local 744 Remote 500
Local 376 Remote 500
Local 854 Remote 500
Local 776 Remote 500
Local 724 Remote 500
Local 579 Remote 500
Local 1070 Remote 500
Local 797 Remote 500
Local 840 Remote 500
Local 1028 Remote 500
Local 1014 Remote 500
Local 847 Remote 500
Local 842 Remote 500
Local 710 Remote 500
Local 896 Remote 500
Local 828 Remote 500
Local 732 Remote 500
Local 667 Remote 500
Local 442 Remote 500
Local 847 Remote 500
Local 784 Remote 500
Local 693 Remote 500
Local 580 Remote 500
Local 997 Remote 500
Local 863 Remote 500
Local 809 Remote 500
Local 1073 Remote 500
Local 1256 Remote 500
Local 724 Remote 500
Local 778 Remote 500
Local 719 Remote 500
Local 562 Remote 500
Local 983 Remote 500
Local 818 Remote 500
Local 668 Remote 500
Local 544 Remote 500
Local 767 Remote 500
Local 730 Remote 500
Local 764 Remote 500
Local 367 Remote 500
Local 820 Remote 512
Local 761 Remote 500
Local 856 Remote 500
Local 592 Remote 500
Local 1029 Remote 500
Local 903 Remote 500
Local 785 Remote 500
Local 669 Remote 500
Local 1012 Remote 500
Local 783 Remote 500
Local 828 Remote 500
Local 1048 Remote 500
Local 1353 Remote 500
Local 965 Remote 500
Local 830 Remote 500
Local 796 Remote 500
Local 556 Remote 500
Local 1055 Remote 500
Local 772 Remote 500
Local 708 Remote 500
Local 381 Remote 500
