Local 1461 Remote 499
Local 1344 Remote 499
Local 1337 Remote 499
Local 1366 Remote 499
Local 1455 Remote 499
Local 1305 Remote 499
Local 879 Remote 499
Local 1462 Remote 499
Local 953 Remote 499
Local 389 Remote 499
Local 1622 Remote 499
Local 1247 Remote 500
Local 1224 Remote 500
Local 1371 Remote 500
Local 1426 Remote 500
Local 1472 Remote 500
Local 1168 Remote 500
Local 1529 Remote 500
Local 1337 Remote 500
Local 1336 Remote 500
Local 864 Remote 500
Local 1143 Remote 500
Local 736 Remote 500
Local 696 Remote 500
Local 1229 Remote 500
Local 1596 Remote 500
Local 1221 Remote 500
Local 1344 Remote 500
Local 1484 Remote 500
Local 1413 Remote 500
Local 1247 Remote 500
Local 1251 Remote 500
Local 1513 Remote 500
Local 1349 Remote 500
Local 1340 Remote 500
Local 870 Remote 500
Local 1054 Remote 500
Local 781 Remote 500
Local 656 Remote 500
Local 1366 Remote 500
Local 1513 Remote 500
Local 1189 Remote 500
Local 1383 Remote 500
Local 1433 Remote 500
Local 1419 Remote 500
Local 1462 Remote 500
Local 1517 Remote 500
Local 1395 Remote 500
Local 1435 Remote 500
Local 977 Remote 500
Local 841 Remote 514
Local 933 Remote 500
Local 473 Remote 500
Local 1320 Remote 500
Local 1601 Remote 500
Local 1225 Remote 500
Local 1265 Remote 500
Local 1479 Remote 500
Local 1488 Remote 500
Local 1229 Remote 500
Local 1500 Remote 500
Local 1383 Remote 500
Local 989 Remote 500
Local 730 Remote 500
Local 1512 Remote 500
Local 940 Remote 500
Local 455 Remote 500
Local 1592 Remote 500
Local 1230 Remote 500
Local 1279 Remote 500
Local 1372 Remote 500
Local 1464 Remote 500
Local 1229 Remote 500
Local 1223 Remote 500
Local 1543 Remote 500
Local 1409 Remote 500
Local 1415 Remote 500
Local 871 Remote 500
Local 1171 Remote 500
Local 926 Remote 500
Local 468 Remote 500
Local 1474 Remote 500
Local 1436 Remote 500
Local 1177 Remote 500
Local 1470 Remote 500
Local 1362 Remote 500
Local 1270 Remote 500
Local 1341 Remote 500
Local 1448 Remote 500
Local 1438 Remote 500
Local 1177 Remote 500
Local 880 Remote 500
Local 1459 Remote 500
Local 420 Remote 500
Local 1207 Remote 500
Local 1557 Remote 500
Local 1235 Remote 500
Local 1223 Remote 500
Local 1445 Remote 500
Local 1483 Remote 500
Local 1232 Remote 500
Local 1194 Remote 500
Local 1558 Remote 500
Local 1320 Remote 500
Local 902 Remote 500
Local 1108 Remote 500
Local 982 Remote 500
Local 394 Remote 500
Local 1168 Remote 500
Local 1224 Remote 500
Local 1221 Remote 500
Local 1364 Remote 500
Local 1423 Remote 500
Local 1436 Remote 500
Local 1317 Remote 500
Local 1519 Remote 612
Local 1324 Remote 500
Local 1295 Remote 500
Local 954 Remote 500
Local 435 Remote 500
Local 1334 Remote 500
Local 1538 Remote 500
Local 1228 Remote 500
Local 1216 Remote 500
Local 1408 Remote 500
Local 1422 Remote 500
Local 1462 Remote 500
Local 1209 Remote 500
Local 1525 Remote 500
Local 1325 Remote 500
Local 868 Remote 500
Local 1094 Remote 500
Local 1029 Remote 500
Local 402 Remote 500
Local 1163 Remote 500
Local 1217 Remote 500
Local 1212 Remote 500
Local 1361 Remote 500
Local 1455 Remote 500
Local 1331 Remote 500
Local 1329 Remote 500
Local 1471 Remote 500
Local 1457 Remote 500
Local 1202 Remote 500
Local 881 Remote 500
Local 914 Remote 500
Local 458 Remote 500
Local 1354 Remote 500
Local 1477 Remote 500
Local 1389 Remote 500
Local 1475 Remote 500
Local 1386 Remote 500
Local 1196 Remote 500
Local 1235 Remote 500
Local 1356 Remote 500
