Local 970 Remote 499
Local 1042 Remote 500
Local 880 Remote 500
Local 715 Remote 500
Local 806 Remote 500
Local 1103 Remote 500
Local 1123 Remote 500
Local 991 Remote 500
Local 889 Remote 500
Local 1171 Remote 500
Local 1307 Remote 500
Local 1008 Remote 500
Local 1044 Remote 500
Local 905 Remote 500
Local 891 Remote 500
Local 1039 Remote 500
Local 551 Remote 500
Local 943 Remote 500
Local 1102 Remote 500
Local 1035 Remote 500
Local 876 Remote 500
Local 598 Remote 500
Local 1225 Remote 500
Local 923 Remote 500
Local 1058 Remote 500
Local 995 Remote 500
Local 741 Remote 500
Local 602 Remote 500
Local 1034 Remote 500
Local 1148 Remote 500
Local 1033 Remote 500
Local 1011 Remote 500
Local 945 Remote 500
Local 539 Remote 500
Local 969 Remote 503
Local 1154 Remote 500
Local 1008 Remote 500
Local 936 Remote 500
Local 718 Remote 500
Local 1259 Remote 500
Local 976 Remote 500
Local 1064 Remote 500
Local 1039 Remote 500
Local 764 Remote 500
Local 620 Remote 500
Local 1260 Remote 500
Local 1103 Remote 500
Local 978 Remote 500
Local 1095 Remote 500
Local 1020 Remote 500
Local 841 Remote 500
Local 1099 Remote 500
Local 1094 Remote 500
Local 1135 Remote 500
Local 733 Remote 500
Local 595 Remote 500
Local 968 Remote 500
Local 1094 Remote 500
Local 1005 Remote 500
Local 1029 Remote 500
Local 771 Remote 500
Local 1282 Remote 500
Local 983 Remote 500
Local 1003 Remote 500
Local 1032 Remote 500
Local 1015 Remote 500
Local 546 Remote 500
Local 1030 Remote 500
Local 941 Remote 500
Local 1027 Remote 500
Local 1141 Remote 500
Local 829 Remote 500
Local 1073 Remote 500
Local 1059 Remote 500
Local 1004 Remote 500
Local 794 Remote 500
Local 419 Remote 500
Local 986 Remote 500
Local 970 Remote 500
Local 1013 Remote 500
Local 746 Remote 500
Local 811 Remote 500
Local 990 Remote 500
Local 1071 Remote 500
Local 1080 Remote 500
Local 757 Remote 500
Local 566 Remote 500
Local 937 Remote 500
Local 1006 Remote 500
Local 1029 Remote 664
Local 757 Remote 500
Local 369 Remote 500
Local 1044 Remote 500
Local 1080 Remote 500
Local 1063 Remote 500
Local 718 Remote 500
Local 458 Remote 500
Local 974 Remote 500
Local 1050 Remote 500
Local 1015 Remote 500
Local 768 Remote 500
Local 426 Remote 500
Local 1055 Remote 500
Local 989 Remote 500
Local 1028 Remote 500
Local 762 Remote 500
