nr_free_pages 724793569
nr_zone_inactive_anon 2398
nr_zone_active_anon 6
nr_zone_inactive_file 14057
nr_zone_active_file 1738
nr_zone_unevictable 0
nr_zone_write_pending 4
nr_mlock 0
nr_bounce 0
nr_zspages 0
nr_free_cma 0
nr_unaccepted 0
numa_hit 195643210
numa_miss 0
numa_foreign 0
numa_interleave 232
numa_local 164810298
numa_other 30832429
nr_inactive_anon 2398
nr_active_anon 6
nr_inactive_file 14057
nr_active_file 1738
nr_unevictable 0
nr_slab_reclaimable 45940
nr_slab_unreclaimable 124436
nr_isolated_anon 0
nr_isolated_file 0
workingset_nodes 0
workingset_refault_anon 0
workingset_refault_file 0
workingset_activate_anon 0
workingset_activate_file 0
workingset_restore_anon 0
workingset_restore_file 0
workingset_nodereclaim 0
nr_anon_pages 24956
nr_mapped 18910
nr_file_pages 180182
nr_dirty 4
nr_writeback 0
nr_writeback_temp 0
nr_shmem 7235
nr_shmem_hugepages 0
nr_shmem_pmdmapped 0
nr_file_hugepages 3
nr_file_pmdmapped 0
nr_anon_transparent_hugepages 3
nr_vmscan_write 0
nr_vmscan_immediate_reclaim 0
nr_dirtied 87165
nr_written 55720
nr_throttled_written 0
nr_kernel_misc_reclaimable 0
nr_foll_pin_acquired 1768
nr_foll_pin_released 1768
nr_kernel_stack 38320
nr_page_table_pages 1154
nr_sec_page_table_pages 2580
nr_iommu_pages 2580
nr_swapcached 0
pgpromote_success 0
pgpromote_candidate 0
pgdemote_kswapd 0
pgdemote_direct 0
pgdemote_khugepaged 0
nr_dirty_threshold 289123344
nr_dirty_background_threshold 72192581
nr_memmap_pages 8388608
nr_memmap_boot_pages 3137024
pgpgin 893839
pgpgout 416265
pswpin 0
pswpout 0
pgalloc_dma 1024
pgalloc_dma32 1024
pgalloc_normal 9330977127
pgalloc_movable 2580614944
pgalloc_device 0
allocstall_dma 0
allocstall_dma32 0
allocstall_normal 0
allocstall_movable 0
allocstall_device 0
pgskip_dma 0
pgskip_dma32 0
pgskip_normal 0
pgskip_movable 0
pgskip_device 0
pgfree 12636560313
pgactivate 98651
pgdeactivate 0
pglazyfree 0
pgfault 187501194
pgmajfault 551
pglazyfreed 0
pgrefill 0
pgreuse 13359131
pgsteal_kswapd 0
pgsteal_direct 0
pgsteal_khugepaged 0
pgscan_kswapd 0
pgscan_direct 0
pgscan_khugepaged 0
pgscan_direct_throttle 0
pgscan_anon 0
pgscan_file 0
pgsteal_anon 0
pgsteal_file 0
zone_reclaim_failed 0
pginodesteal 0
slabs_scanned 0
kswapd_inodesteal 0
kswapd_low_wmark_hit_quickly 0
kswapd_high_wmark_hit_quickly 0
pageoutrun 0
pgrotated 0
drop_pagecache 0
drop_slab 0
oom_kill 0
numa_pte_updates 0
numa_huge_pte_updates 0
numa_hint_faults 0
numa_hint_faults_local 0
numa_pages_migrated 0
pgmigrate_success 111280783
pgmigrate_fail 1025
thp_migration_success 216299
thp_migration_fail 2
thp_migration_split 0
compact_migrate_scanned 0
compact_free_scanned 0
compact_isolated 0
compact_stall 0
compact_fail 0
compact_success 0
compact_daemon_wake 0
compact_daemon_migrate_scanned 0
compact_daemon_free_scanned 0
htlb_buddy_alloc_success 0
htlb_buddy_alloc_fail 0
unevictable_pgs_culled 37203
unevictable_pgs_scanned 2250
unevictable_pgs_rescued 2250
unevictable_pgs_mlocked 0
unevictable_pgs_munlocked 0
unevictable_pgs_cleared 0
unevictable_pgs_stranded 0
thp_fault_alloc 15189781
thp_fault_fallback 0
thp_fault_fallback_charge 0
thp_collapse_alloc 76
thp_collapse_alloc_failed 0
thp_file_alloc 0
thp_file_fallback 0
thp_file_fallback_charge 0
thp_file_mapped 0
thp_split_page 0
thp_split_page_failed 0
thp_deferred_split_page 3924
thp_split_pmd 3956
thp_scan_exceed_none_pte 0
thp_scan_exceed_swap_pte 0
thp_scan_exceed_share_pte 13143
thp_split_pud 0
thp_zero_page_alloc 1
thp_zero_page_alloc_failed 0
thp_swpout 0
thp_swpout_fallback 0
balloon_inflate 0
balloon_deflate 0
balloon_migrate 0
swap_ra 0
swap_ra_hit 0
ksm_swpin_copy 0
cow_ksm 0
zswpin 0
zswpout 0
zswpwb 0
direct_map_level2_splits 250
direct_map_level3_splits 47
nr_unstable 0
