Local 931 Remote 820
Local 1016 Remote 820
Local 1064 Remote 820
Local 1075 Remote 820
Local 1122 Remote 820
Local 1100 Remote 820
Local 1066 Remote 820
Local 1077 Remote 820
Local 1061 Remote 820
Local 1058 Remote 820
Local 1072 Remote 820
Local 1104 Remote 820
Local 1075 Remote 820
Local 1090 Remote 820
Local 1076 Remote 820
Local 1037 Remote 820
Local 1058 Remote 820
Local 1095 Remote 820
Local 1035 Remote 820
Local 1055 Remote 820
Local 1022 Remote 820
Local 1093 Remote 820
Local 1073 Remote 820
Local 1100 Remote 820
Local 1062 Remote 820
Local 1090 Remote 820
Local 1094 Remote 820
Local 1060 Remote 820
Local 1090 Remote 820
Local 1111 Remote 820
Local 1089 Remote 820
Local 1043 Remote 820
Local 1071 Remote 820
Local 1100 Remote 820
Local 1124 Remote 820
Local 1103 Remote 820
Local 1152 Remote 820
Local 1094 Remote 820
Local 1051 Remote 820
Local 1119 Remote 820
Local 1068 Remote 820
Local 1008 Remote 820
Local 1064 Remote 820
Local 1083 Remote 820
Local 1102 Remote 820
Local 1077 Remote 820
Local 1081 Remote 820
Local 1093 Remote 820
Local 1110 Remote 820
Local 1100 Remote 820
Local 1079 Remote 820
Local 1144 Remote 820
Local 1083 Remote 820
Local 1077 Remote 820
Local 1044 Remote 820
Local 1093 Remote 820
Local 1100 Remote 820
Local 1048 Remote 820
Local 1041 Remote 820
Local 1065 Remote 820
Local 1090 Remote 820
Local 1085 Remote 820
Local 1066 Remote 820
Local 1085 Remote 820
Local 1077 Remote 820
Local 1073 Remote 820
Local 1110 Remote 820
Local 1075 Remote 820
Local 1097 Remote 820
Local 1052 Remote 820
Local 1090 Remote 820
Local 1063 Remote 820
Local 1122 Remote 820
Local 1119 Remote 820
Local 1105 Remote 820
Local 1134 Remote 820
Local 1097 Remote 820
Local 1112 Remote 820
Local 1077 Remote 820
Local 1089 Remote 820
Local 1102 Remote 820
Local 1088 Remote 820
Local 1089 Remote 820
Local 1076 Remote 820
Local 1067 Remote 820
Local 1054 Remote 820
Local 1064 Remote 820
Local 1069 Remote 820
Local 1061 Remote 820
Local 1080 Remote 820
Local 1076 Remote 820
Local 1035 Remote 820
Local 1047 Remote 820
Local 1048 Remote 820
Local 1073 Remote 820
Local 1037 Remote 820
Local 1091 Remote 820
Local 1085 Remote 820
Local 1065 Remote 820
Local 1092 Remote 820
Local 1090 Remote 820
Local 1110 Remote 820
Local 1057 Remote 820
Local 1095 Remote 820
Local 1072 Remote 820
Local 1095 Remote 820
Local 1082 Remote 820
Local 1066 Remote 820
Local 1086 Remote 820
Local 1068 Remote 820
Local 1048 Remote 820
Local 1083 Remote 820
Local 1069 Remote 820
Local 1067 Remote 820
Local 1097 Remote 820
Local 1088 Remote 820
Local 1094 Remote 820
Local 1086 Remote 820
Local 1046 Remote 820
Local 1019 Remote 820
Local 1086 Remote 820
Local 1068 Remote 820
Local 1129 Remote 820
Local 1039 Remote 820
Local 1050 Remote 820
Local 1029 Remote 820
Local 1110 Remote 820
Local 1080 Remote 820
Local 1084 Remote 820
Local 1060 Remote 820
Local 1054 Remote 820
Local 1093 Remote 820
Local 1072 Remote 820
Local 1053 Remote 820
Local 1052 Remote 820
Local 1093 Remote 820
Local 1090 Remote 820
Local 1065 Remote 820
Local 1072 Remote 820
Local 1081 Remote 820
Local 1069 Remote 820
Local 1102 Remote 820
Local 1074 Remote 820
Local 1103 Remote 820
Local 1041 Remote 820
Local 1049 Remote 820
Local 1110 Remote 820
Local 1091 Remote 820
Local 1078 Remote 820
Local 1056 Remote 820
Local 1050 Remote 820
Local 1103 Remote 820
Local 1075 Remote 820
Local 1126 Remote 820
Local 1079 Remote 820
Local 1063 Remote 820
Local 1054 Remote 820
Local 1093 Remote 820
Local 1070 Remote 820
Local 1063 Remote 820
Local 1093 Remote 820
Local 1079 Remote 820
Local 1082 Remote 820
Local 1058 Remote 820
Local 1100 Remote 820
Local 1094 Remote 820
Local 1128 Remote 820
Local 1124 Remote 820
Local 1085 Remote 820
Local 1109 Remote 820
Local 1045 Remote 820
Local 1030 Remote 820
Local 1061 Remote 820
Local 1027 Remote 820
Local 1034 Remote 820
Local 1074 Remote 820
Local 1090 Remote 820
Local 1086 Remote 820
Local 1090 Remote 820
Local 1071 Remote 820
Local 1102 Remote 820
Local 1088 Remote 820
Local 1075 Remote 820
Local 1116 Remote 820
Local 1050 Remote 820
Local 1125 Remote 820
Local 1073 Remote 820
Local 1078 Remote 820
Local 1052 Remote 820
Local 1106 Remote 820
Local 1068 Remote 820
Local 1044 Remote 820
Local 1064 Remote 820
Local 1062 Remote 820
Local 1126 Remote 820
Local 1066 Remote 820
Local 1058 Remote 820
Local 1094 Remote 820
Local 1080 Remote 820
Local 1056 Remote 820
Local 1085 Remote 820
Local 1074 Remote 820
Local 1072 Remote 820
Local 1077 Remote 820
Local 1052 Remote 820
Local 1070 Remote 820
Local 1052 Remote 820
Local 1026 Remote 820
Local 1046 Remote 820
Local 1100 Remote 820
Local 1082 Remote 820
Local 1085 Remote 820
Local 1084 Remote 820
Local 1087 Remote 820
Local 1045 Remote 820
Local 1109 Remote 820
Local 1067 Remote 820
Local 1075 Remote 820
Local 1105 Remote 820
Local 1065 Remote 820
Local 1134 Remote 820
Local 1096 Remote 820
Local 1192 Remote 820
Local 1122 Remote 820
Local 1037 Remote 820
Local 1105 Remote 820
Local 1106 Remote 820
Local 1117 Remote 820
Local 1059 Remote 820
Local 1083 Remote 820
Local 1085 Remote 820
Local 1080 Remote 820
Local 1100 Remote 820
Local 1054 Remote 820
Local 1087 Remote 820
Local 1079 Remote 820
Local 1108 Remote 820
Local 1069 Remote 820
Local 1078 Remote 820
Local 1080 Remote 820
Local 1106 Remote 820
Local 1094 Remote 820
Local 1061 Remote 820
Local 1088 Remote 820
Local 1086 Remote 820
Local 1060 Remote 820
Local 1077 Remote 820
Local 1103 Remote 820
Local 1065 Remote 820
Local 1103 Remote 820
Local 1112 Remote 820
Local 1091 Remote 820
Local 1123 Remote 820
Local 1065 Remote 820
Local 1072 Remote 820
Local 1064 Remote 820
Local 1031 Remote 820
Local 1082 Remote 820
Local 1127 Remote 820
Local 1080 Remote 820
Local 1104 Remote 820
Local 1062 Remote 820
Local 1074 Remote 820
Local 1072 Remote 820
Local 1087 Remote 820
Local 1093 Remote 820
Local 1048 Remote 820
Local 1043 Remote 820
Local 1062 Remote 820
Local 1024 Remote 820
Local 1082 Remote 820
Local 1094 Remote 820
Local 1085 Remote 820
Local 1078 Remote 820
Local 1088 Remote 820
Local 1165 Remote 820
Local 1100 Remote 820
Local 1086 Remote 820
Local 1074 Remote 820
Local 1080 Remote 820
Local 1051 Remote 820
Local 1056 Remote 820
Local 1072 Remote 820
Local 1087 Remote 820
Local 1109 Remote 820
Local 1054 Remote 820
Local 1094 Remote 820
Local 1145 Remote 820
Local 1085 Remote 820
Local 1098 Remote 820
Local 1069 Remote 820
Local 1084 Remote 820
Local 1013 Remote 820
Local 1047 Remote 820
Local 1079 Remote 820
Local 1062 Remote 820
Local 1060 Remote 820
Local 1058 Remote 820
Local 1041 Remote 820
Local 1052 Remote 820
Local 1087 Remote 820
Local 1075 Remote 820
Local 1058 Remote 820
Local 1075 Remote 820
Local 1077 Remote 820
Local 1071 Remote 820
Local 1115 Remote 820
Local 1118 Remote 820
Local 1144 Remote 820
Local 1098 Remote 820
Local 1092 Remote 820
Local 1082 Remote 820
Local 1070 Remote 820
Local 1086 Remote 820
Local 1063 Remote 820
Local 1093 Remote 820
Local 1084 Remote 820
Local 1097 Remote 820
Local 1063 Remote 820
Local 1092 Remote 820
Local 1073 Remote 820
Local 1032 Remote 820
Local 1050 Remote 820
Local 1083 Remote 820
Local 1079 Remote 820
Local 1093 Remote 820
Local 1078 Remote 820
Local 1086 Remote 820
Local 1097 Remote 820
Local 1099 Remote 820
Local 1067 Remote 820
Local 1122 Remote 820
Local 1105 Remote 820
Local 1062 Remote 820
Local 1062 Remote 820
Local 1117 Remote 820
Local 1083 Remote 820
Local 1072 Remote 820
Local 1078 Remote 820
Local 1062 Remote 820
Local 1042 Remote 820
Local 1055 Remote 820
Local 1090 Remote 820
Local 1045 Remote 820
Local 1130 Remote 820
Local 1091 Remote 820
Local 1106 Remote 820
Local 1044 Remote 820
Local 1099 Remote 820
Local 1080 Remote 820
Local 1116 Remote 820
Local 1046 Remote 820
Local 1056 Remote 820
Local 1079 Remote 820
Local 1039 Remote 820
Local 1068 Remote 820
Local 1060 Remote 820
Local 1074 Remote 820
Local 1085 Remote 820
Local 1087 Remote 820
Local 1056 Remote 820
Local 1029 Remote 820
Local 1088 Remote 820
Local 1052 Remote 820
Local 1037 Remote 820
Local 1047 Remote 820
Local 1029 Remote 820
Local 1068 Remote 820
Local 1072 Remote 820
Local 1069 Remote 820
Local 1080 Remote 820
Local 1058 Remote 820
Local 1149 Remote 820
Local 1063 Remote 820
Local 1094 Remote 820
Local 1096 Remote 820
Local 1107 Remote 820
Local 1090 Remote 820
Local 1048 Remote 820
Local 1039 Remote 820
Local 1079 Remote 820
Local 1062 Remote 820
Local 1037 Remote 820
Local 1084 Remote 820
Local 1147 Remote 820
Local 1096 Remote 820
Local 1110 Remote 820
Local 1098 Remote 820
Local 1080 Remote 820
Local 1069 Remote 820
Local 1092 Remote 820
Local 1089 Remote 820
Local 1117 Remote 820
Local 1130 Remote 820
Local 1123 Remote 820
Local 1170 Remote 820
Local 1124 Remote 820
Local 1062 Remote 820
Local 1039 Remote 820
Local 1077 Remote 820
Local 1068 Remote 820
Local 1090 Remote 820
Local 1106 Remote 820
Local 1063 Remote 820
Local 1057 Remote 820
Local 1036 Remote 820
Local 1083 Remote 820
Local 1131 Remote 820
Local 1121 Remote 820
Local 1099 Remote 820
Local 1051 Remote 820
Local 1082 Remote 820
Local 1089 Remote 820
Local 1087 Remote 820
Local 1095 Remote 820
Local 1067 Remote 820
Local 1066 Remote 820
Local 1123 Remote 820
Local 1146 Remote 820
Local 1092 Remote 820
Local 1067 Remote 820
Local 1066 Remote 820
Local 1097 Remote 820
Local 1114 Remote 820
Local 1121 Remote 820
Local 1109 Remote 820
Local 1066 Remote 820
Local 1066 Remote 820
Local 1093 Remote 820
Local 1080 Remote 820
Local 1079 Remote 820
Local 1059 Remote 820
Local 1089 Remote 820
Local 1064 Remote 820
Local 1077 Remote 820
Local 1094 Remote 820
Local 1106 Remote 820
Local 1078 Remote 820
Local 1071 Remote 820
Local 1082 Remote 820
Local 1082 Remote 820
Local 1082 Remote 820
Local 1062 Remote 820
Local 1066 Remote 820
Local 1057 Remote 820
Local 1098 Remote 820
Local 1110 Remote 820
Local 1126 Remote 820
Local 1080 Remote 820
Local 1108 Remote 820
Local 1096 Remote 820
Local 1089 Remote 820
Local 1061 Remote 820
Local 1077 Remote 820
Local 1081 Remote 820
Local 1102 Remote 820
Local 1108 Remote 820
Local 1093 Remote 820
Local 1068 Remote 820
Local 1146 Remote 820
Local 1081 Remote 820
Local 1060 Remote 820
Local 1081 Remote 820
Local 1049 Remote 820
Local 1117 Remote 820
Local 1060 Remote 820
Local 1072 Remote 820
Local 1064 Remote 820
Local 1057 Remote 820
Local 1118 Remote 820
Local 1106 Remote 820
Local 1100 Remote 820
Local 1051 Remote 820
Local 1089 Remote 820
Local 1138 Remote 820
Local 1071 Remote 820
Local 1099 Remote 820
Local 1100 Remote 820
Local 1025 Remote 820
Local 1010 Remote 820
Local 1047 Remote 820
Local 1104 Remote 820
Local 1094 Remote 820
Local 1078 Remote 820
Local 1090 Remote 820
Local 1123 Remote 820
Local 1113 Remote 820
Local 1135 Remote 820
Local 1058 Remote 820
Local 1116 Remote 820
Local 1091 Remote 820
Local 1142 Remote 820
Local 1122 Remote 820
Local 1075 Remote 820
Local 1100 Remote 820
Local 1088 Remote 820
Local 1104 Remote 820
Local 1085 Remote 820
Local 1094 Remote 820
Local 1103 Remote 820
Local 1034 Remote 820
Local 1103 Remote 820
Local 1079 Remote 820
Local 1094 Remote 820
Local 1119 Remote 820
Local 1097 Remote 820
Local 1120 Remote 820
Local 1077 Remote 820
Local 1092 Remote 820
Local 1112 Remote 820
Local 1091 Remote 820
Local 1092 Remote 820
Local 1047 Remote 820
Local 1056 Remote 820
Local 1111 Remote 820
Local 1098 Remote 820
Local 1083 Remote 820
Local 1044 Remote 820
Local 1068 Remote 820
Local 1032 Remote 820
Local 1098 Remote 820
Local 1090 Remote 820
Local 1058 Remote 820
Local 1088 Remote 820
Local 1085 Remote 820
Local 1097 Remote 820
Local 1101 Remote 820
Local 1049 Remote 820
Local 1091 Remote 820
Local 1064 Remote 820
Local 1085 Remote 820
Local 1081 Remote 820
Local 1058 Remote 820
Local 1094 Remote 820
Local 1116 Remote 820
Local 1087 Remote 820
Local 1059 Remote 820
Local 1080 Remote 820
Local 1095 Remote 820
Local 1073 Remote 820
Local 1120 Remote 820
Local 1098 Remote 820
Local 1108 Remote 820
Local 1088 Remote 820
Local 1056 Remote 820
Local 1072 Remote 820
Local 1102 Remote 820
Local 1079 Remote 820
Local 1063 Remote 820
Local 1088 Remote 820
Local 1068 Remote 820
Local 1054 Remote 820
Local 1066 Remote 820
Local 1067 Remote 820
Local 1102 Remote 820
Local 1059 Remote 820
Local 1118 Remote 820
Local 1098 Remote 820
Local 1058 Remote 820
Local 1110 Remote 820
Local 1067 Remote 820
Local 1103 Remote 820
Local 1079 Remote 820
Local 1064 Remote 820
Local 1138 Remote 820
Local 1078 Remote 820
Local 1083 Remote 820
Local 1035 Remote 820
Local 1031 Remote 820
Local 1100 Remote 820
Local 1071 Remote 820
Local 1122 Remote 820
Local 1118 Remote 820
Local 1152 Remote 820
Local 1090 Remote 820
Local 1088 Remote 820
Local 1127 Remote 820
Local 1126 Remote 820
Local 1079 Remote 820
Local 1085 Remote 820
Local 1105 Remote 820
Local 1074 Remote 820
Local 1063 Remote 820
Local 1068 Remote 820
Local 1127 Remote 820
Local 1074 Remote 820
Local 1104 Remote 820
Local 1094 Remote 820
Local 1065 Remote 820
Local 1084 Remote 820
Local 1082 Remote 820
Local 1132 Remote 820
Local 1073 Remote 820
Local 1116 Remote 820
Local 1086 Remote 820
Local 1114 Remote 820
Local 1100 Remote 820
Local 1070 Remote 820
Local 1038 Remote 820
Local 1048 Remote 820
Local 1069 Remote 820
Local 1060 Remote 820
Local 1081 Remote 820
Local 1087 Remote 820
Local 1030 Remote 820
Local 1055 Remote 820
Local 1034 Remote 820
Local 1056 Remote 820
Local 1091 Remote 820
Local 1108 Remote 820
Local 1119 Remote 820
Local 1135 Remote 820
Local 1088 Remote 820
Local 1076 Remote 820
Local 1097 Remote 820
Local 1071 Remote 820
Local 1061 Remote 820
Local 1145 Remote 820
Local 1097 Remote 820
Local 1103 Remote 820
Local 1096 Remote 820
Local 1076 Remote 820
Local 1083 Remote 820
Local 1054 Remote 820
Local 1116 Remote 820
Local 1100 Remote 820
Local 1074 Remote 820
Local 1098 Remote 820
Local 1042 Remote 820
Local 1085 Remote 820
Local 1049 Remote 820
Local 1162 Remote 820
Local 1105 Remote 820
Local 1158 Remote 820
Local 1102 Remote 820
Local 1086 Remote 820
Local 1097 Remote 820
Local 1084 Remote 820
Local 1060 Remote 820
Local 1005 Remote 820
Local 1085 Remote 820
Local 1060 Remote 820
Local 1106 Remote 820
Local 1065 Remote 820
Local 1090 Remote 820
Local 1081 Remote 820
Local 1059 Remote 820
Local 1070 Remote 820
Local 1065 Remote 820
Local 1079 Remote 820
Local 1082 Remote 820
Local 1088 Remote 820
Local 1094 Remote 820
Local 1057 Remote 820
Local 1073 Remote 820
Local 1110 Remote 820
Local 1090 Remote 820
Local 1111 Remote 820
Local 1084 Remote 820
Local 1063 Remote 820
Local 1054 Remote 820
Local 1098 Remote 820
Local 1044 Remote 820
Local 1039 Remote 820
Local 1083 Remote 820
Local 1051 Remote 820
Local 1080 Remote 820
Local 1069 Remote 820
Local 1066 Remote 820
Local 1129 Remote 820
Local 1092 Remote 820
Local 1092 Remote 820
Local 1071 Remote 820
Local 1041 Remote 820
Local 1041 Remote 820
Local 1075 Remote 820
Local 1073 Remote 820
Local 1048 Remote 820
Local 1067 Remote 820
Local 1051 Remote 820
Local 1089 Remote 820
Local 1128 Remote 820
Local 1111 Remote 820
Local 1101 Remote 820
Local 1083 Remote 820
Local 1073 Remote 820
Local 1113 Remote 820
Local 1117 Remote 820
Local 1111 Remote 820
Local 1057 Remote 820
Local 1079 Remote 820
Local 1089 Remote 820
Local 1076 Remote 820
Local 1077 Remote 820
Local 1070 Remote 820
Local 1121 Remote 820
Local 1090 Remote 820
Local 1143 Remote 820
Local 1078 Remote 820
Local 1093 Remote 820
Local 1086 Remote 820
Local 1083 Remote 820
Local 1062 Remote 820
Local 1094 Remote 820
Local 1070 Remote 820
Local 1044 Remote 820
Local 1103 Remote 820
Local 1061 Remote 820
Local 1046 Remote 820
Local 1119 Remote 820
Local 1064 Remote 820
Local 1099 Remote 820
Local 1095 Remote 820
Local 1083 Remote 820
Local 1049 Remote 820
Local 1062 Remote 820
Local 1067 Remote 820
Local 1060 Remote 820
Local 1042 Remote 820
Local 1055 Remote 820
Local 1094 Remote 820
Local 1073 Remote 820
Local 1045 Remote 820
Local 1092 Remote 820
Local 1093 Remote 820
Local 1098 Remote 820
Local 1085 Remote 820
Local 1037 Remote 820
Local 1047 Remote 820
Local 1095 Remote 820
Local 1161 Remote 820
Local 1070 Remote 820
Local 1048 Remote 820
Local 1092 Remote 820
Local 1071 Remote 820
Local 1086 Remote 820
Local 1075 Remote 820
Local 1054 Remote 820
Local 1073 Remote 820
Local 1092 Remote 820
Local 1084 Remote 820
Local 1097 Remote 820
Local 1090 Remote 820
Local 1078 Remote 820
Local 1084 Remote 820
Local 1041 Remote 820
Local 1070 Remote 820
Local 1048 Remote 820
Local 1108 Remote 820
Local 1090 Remote 820
Local 1076 Remote 820
Local 1072 Remote 820
Local 1068 Remote 820
Local 1102 Remote 820
Local 1032 Remote 820
Local 1073 Remote 820
Local 1087 Remote 820
Local 1086 Remote 820
Local 1081 Remote 820
Local 1083 Remote 820
Local 1087 Remote 820
Local 1049 Remote 820
Local 1080 Remote 820
Local 1048 Remote 820
Local 1096 Remote 820
Local 1095 Remote 820
Local 1136 Remote 820
Local 1134 Remote 820
Local 1096 Remote 820
Local 1066 Remote 820
Local 1114 Remote 820
Local 1064 Remote 820
Local 1087 Remote 820
Local 1079 Remote 820
Local 1075 Remote 820
Local 1084 Remote 820
Local 1085 Remote 820
Local 1111 Remote 820
Local 1101 Remote 820
Local 1142 Remote 820
Local 1043 Remote 820
Local 1085 Remote 820
Local 1020 Remote 820
Local 1050 Remote 820
Local 1053 Remote 820
Local 1093 Remote 820
Local 1074 Remote 820
Local 1100 Remote 820
Local 1132 Remote 820
Local 1088 Remote 820
Local 1121 Remote 820
Local 1072 Remote 820
Local 1072 Remote 820
Local 1086 Remote 820
Local 1056 Remote 820
Local 1066 Remote 820
Local 1102 Remote 820
Local 1088 Remote 820
Local 1080 Remote 820
Local 1107 Remote 820
Local 1056 Remote 820
Local 1052 Remote 820
Local 1070 Remote 820
Local 1022 Remote 820
Local 1128 Remote 820
Local 1083 Remote 820
Local 1118 Remote 820
Local 1116 Remote 820
Local 1131 Remote 820
Local 1071 Remote 820
Local 1015 Remote 820
Local 1088 Remote 820
Local 1070 Remote 820
Local 1080 Remote 820
Local 1068 Remote 820
Local 1083 Remote 820
Local 1067 Remote 820
Local 1045 Remote 820
Local 1101 Remote 820
Local 1049 Remote 820
Local 1159 Remote 820
Local 1090 Remote 820
Local 1055 Remote 820
Local 1120 Remote 820
Local 1103 Remote 820
Local 1084 Remote 820
Local 1091 Remote 820
Local 1049 Remote 820
Local 1104 Remote 820
Local 1069 Remote 820
Local 1109 Remote 820
Local 1053 Remote 820
Local 1107 Remote 820
Local 1059 Remote 820
Local 1095 Remote 820
Local 1112 Remote 820
Local 1090 Remote 820
Local 1098 Remote 820
Local 1094 Remote 820
Local 1127 Remote 820
Local 1058 Remote 820
Local 1042 Remote 820
Local 1074 Remote 820
Local 1209 Remote 820
Local 1141 Remote 820
Local 1057 Remote 820
Local 1092 Remote 820
Local 1059 Remote 820
Local 1055 Remote 820
Local 1048 Remote 820
Local 1095 Remote 820
Local 1086 Remote 820
Local 1065 Remote 820
Local 1071 Remote 820
Local 1070 Remote 820
Local 1133 Remote 820
Local 1085 Remote 820
Local 1057 Remote 820
Local 1070 Remote 820
Local 1085 Remote 820
Local 1145 Remote 820
Local 1115 Remote 820
Local 1113 Remote 820
Local 1063 Remote 820
Local 1052 Remote 820
Local 1050 Remote 820
Local 1071 Remote 820
Local 1055 Remote 820
Local 1066 Remote 820
Local 1080 Remote 820
Local 1081 Remote 820
Local 1091 Remote 820
Local 1061 Remote 820
Local 1051 Remote 820
Local 1059 Remote 820
Local 1047 Remote 820
Local 1048 Remote 820
Local 1090 Remote 820
Local 1045 Remote 820
Local 1136 Remote 820
Local 1056 Remote 820
Local 1105 Remote 820
Local 1123 Remote 820
Local 1097 Remote 820
Local 1098 Remote 820
Local 1106 Remote 820
Local 1052 Remote 820
Local 1044 Remote 820
Local 1040 Remote 820
Local 1100 Remote 820
Local 1077 Remote 820
Local 1138 Remote 820
Local 1105 Remote 820
Local 1084 Remote 820
Local 1123 Remote 820
Local 1057 Remote 820
Local 1102 Remote 820
Local 1060 Remote 820
Local 1110 Remote 820
Local 1021 Remote 820
Local 1055 Remote 820
Local 1132 Remote 820
Local 1069 Remote 820
Local 1085 Remote 820
Local 1068 Remote 820
Local 1071 Remote 820
Local 1031 Remote 820
Local 1051 Remote 820
Local 1103 Remote 820
Local 1059 Remote 820
Local 1066 Remote 820
Local 1037 Remote 820
Local 1039 Remote 820
Local 1095 Remote 820
Local 1044 Remote 820
Local 1074 Remote 820
Local 1070 Remote 820
Local 1122 Remote 820
Local 1107 Remote 820
Local 1064 Remote 820
Local 1076 Remote 820
Local 1103 Remote 820
Local 1072 Remote 820
Local 1084 Remote 820
Local 1073 Remote 820
Local 1087 Remote 820
Local 1113 Remote 820
Local 1095 Remote 820
Local 1051 Remote 820
Local 1073 Remote 820
Local 1115 Remote 820
Local 1059 Remote 820
Local 1061 Remote 820
Local 1055 Remote 820
Local 1075 Remote 820
Local 1019 Remote 820
Local 1060 Remote 820
Local 1032 Remote 820
Local 1038 Remote 820
Local 1038 Remote 820
Local 1047 Remote 820
Local 1093 Remote 820
Local 1075 Remote 820
Local 1052 Remote 820
Local 1121 Remote 820
Local 1100 Remote 820
Local 1105 Remote 820
Local 1018 Remote 820
Local 1026 Remote 820
Local 1057 Remote 820
Local 1092 Remote 820
Local 1113 Remote 820
Local 1139 Remote 820
Local 1163 Remote 820
Local 1089 Remote 820
Local 1062 Remote 820
Local 1019 Remote 820
Local 1044 Remote 820
Local 1071 Remote 820
Local 1072 Remote 820
Local 1105 Remote 820
Local 1099 Remote 820
Local 1100 Remote 820
Local 1073 Remote 820
Local 1022 Remote 820
Local 1125 Remote 820
Local 1073 Remote 820
Local 1127 Remote 820
Local 1101 Remote 820
Local 1054 Remote 820
Local 1059 Remote 820
Local 1071 Remote 820
Local 1077 Remote 820
Local 1105 Remote 820
Local 1082 Remote 820
Local 1076 Remote 820
Local 1080 Remote 820
Local 1069 Remote 820
Local 1077 Remote 820
Local 1059 Remote 820
Local 1069 Remote 820
Local 1044 Remote 820
Local 1030 Remote 820
Local 1044 Remote 820
Local 1057 Remote 820
Local 1088 Remote 820
Local 1112 Remote 820
Local 1092 Remote 820
Local 1081 Remote 820
Local 1113 Remote 820
Local 1084 Remote 820
Local 1131 Remote 820
Local 1068 Remote 820
Local 1060 Remote 820
Local 1065 Remote 820
Local 1108 Remote 820
Local 1120 Remote 820
Local 1072 Remote 820
Local 1072 Remote 820
Local 1092 Remote 820
Local 1065 Remote 820
Local 1083 Remote 820
Local 1078 Remote 820
Local 1090 Remote 820
Local 1094 Remote 820
Local 1062 Remote 820
Local 1030 Remote 820
Local 1048 Remote 820
Local 1075 Remote 820
Local 1081 Remote 820
Local 1112 Remote 820
Local 1085 Remote 820
Local 1095 Remote 820
Local 1073 Remote 820
Local 1065 Remote 820
Local 1069 Remote 820
Local 1079 Remote 820
Local 1070 Remote 820
Local 1047 Remote 820
Local 1078 Remote 820
Local 1100 Remote 820
Local 1140 Remote 820
Local 1122 Remote 820
Local 1098 Remote 820
Local 1056 Remote 820
Local 1085 Remote 820
Local 1077 Remote 820
Local 1115 Remote 820
Local 1097 Remote 820
Local 1074 Remote 820
Local 1064 Remote 820
Local 1093 Remote 820
Local 1057 Remote 820
Local 1104 Remote 820
Local 1058 Remote 820
Local 1074 Remote 820
Local 1081 Remote 820
Local 1074 Remote 820
Local 1084 Remote 820
Local 1044 Remote 820
Local 1071 Remote 820
Local 1072 Remote 820
Local 1050 Remote 820
Local 1081 Remote 820
Local 1092 Remote 820
Local 1109 Remote 820
Local 1111 Remote 820
Local 1068 Remote 820
Local 1117 Remote 820
Local 1056 Remote 820
Local 1059 Remote 820
Local 1098 Remote 820
Local 1078 Remote 820
Local 1086 Remote 820
Local 1059 Remote 820
Local 1097 Remote 820
Local 1101 Remote 820
Local 1094 Remote 820
Local 1076 Remote 820
Local 1049 Remote 820
Local 1097 Remote 820
Local 1108 Remote 820
Local 1054 Remote 820
Local 1029 Remote 820
Local 1082 Remote 820
Local 1070 Remote 820
Local 1089 Remote 820
Local 1038 Remote 820
Local 1034 Remote 820
Local 1135 Remote 820
Local 1065 Remote 820
Local 1089 Remote 820
Local 1073 Remote 820
Local 1129 Remote 820
Local 1085 Remote 820
Local 1091 Remote 820
Local 1022 Remote 820
Local 1059 Remote 820
Local 1084 Remote 820
Local 1063 Remote 820
Local 1060 Remote 820
Local 1136 Remote 820
Local 1059 Remote 820
Local 1090 Remote 820
Local 1077 Remote 820
Local 1058 Remote 820
Local 1067 Remote 820
Local 1050 Remote 820
Local 1119 Remote 820
Local 1110 Remote 820
Local 1098 Remote 820
Local 1069 Remote 820
Local 1090 Remote 820
Local 1113 Remote 820
Local 1068 Remote 820
Local 1089 Remote 820
Local 1094 Remote 820
Local 1101 Remote 820
Local 1063 Remote 820
Local 1078 Remote 820
Local 1058 Remote 820
Local 1050 Remote 820
Local 1095 Remote 820
Local 1098 Remote 820
Local 1101 Remote 820
Local 1075 Remote 820
Local 1152 Remote 820
Local 1078 Remote 820
Local 1089 Remote 820
Local 1068 Remote 820
Local 1058 Remote 820
Local 1087 Remote 820
Local 1057 Remote 820
Local 1083 Remote 820
Local 1071 Remote 820
Local 1078 Remote 820
Local 1057 Remote 820
Local 1038 Remote 820
Local 1069 Remote 820
Local 1067 Remote 820
Local 1094 Remote 820
Local 1128 Remote 820
Local 1074 Remote 820
Local 1046 Remote 820
Local 1065 Remote 820
Local 1079 Remote 820
Local 1067 Remote 820
Local 1048 Remote 820
Local 1083 Remote 820
Local 1051 Remote 820
Local 1082 Remote 820
Local 1065 Remote 820
Local 1101 Remote 820
Local 1075 Remote 820
Local 1145 Remote 820
Local 1050 Remote 820
Local 1085 Remote 820
Local 1053 Remote 820
Local 1034 Remote 820
Local 1062 Remote 820
Local 1081 Remote 820
Local 1073 Remote 820
Local 1067 Remote 820
Local 1121 Remote 820
Local 1081 Remote 820
Local 1115 Remote 820
Local 1148 Remote 820
Local 1098 Remote 820
Local 1105 Remote 820
Local 1062 Remote 820
Local 1073 Remote 820
Local 1040 Remote 820
Local 1073 Remote 820
Local 1038 Remote 820
Local 1073 Remote 820
Local 1064 Remote 820
Local 1115 Remote 820
Local 1123 Remote 820
Local 1078 Remote 820
Local 1061 Remote 820
Local 1060 Remote 820
Local 1044 Remote 820
Local 1046 Remote 820
Local 1073 Remote 820
Local 1070 Remote 820
Local 1046 Remote 820
Local 1077 Remote 820
Local 1029 Remote 820
Local 1060 Remote 820
Local 1081 Remote 820
Local 1034 Remote 820
Local 1044 Remote 820
Local 1045 Remote 820
Local 1083 Remote 820
Local 1057 Remote 820
Local 1045 Remote 820
Local 1100 Remote 820
Local 1057 Remote 820
Local 1101 Remote 820
Local 1114 Remote 820
Local 1072 Remote 820
Local 1075 Remote 820
Local 1100 Remote 820
Local 1110 Remote 820
Local 1106 Remote 820
Local 1071 Remote 820
Local 1051 Remote 820
Local 1096 Remote 820
Local 1103 Remote 820
Local 1042 Remote 820
Local 1072 Remote 820
Local 1090 Remote 820
Local 1069 Remote 820
Local 1074 Remote 820
Local 1025 Remote 820
Local 1101 Remote 820
Local 1091 Remote 820
Local 1149 Remote 820
Local 1068 Remote 820
Local 1120 Remote 820
Local 1071 Remote 820
Local 1041 Remote 820
Local 1091 Remote 820
Local 1060 Remote 820
Local 1061 Remote 820
Local 1072 Remote 820
Local 1078 Remote 820
Local 1086 Remote 820
Local 1084 Remote 820
Local 1133 Remote 820
Local 1053 Remote 820
Local 1074 Remote 820
Local 1080 Remote 820
Local 1094 Remote 820
Local 1065 Remote 820
Local 1047 Remote 820
Local 1087 Remote 820
Local 1068 Remote 820
Local 1071 Remote 820
Local 1085 Remote 820
Local 1062 Remote 820
Local 1088 Remote 820
Local 1108 Remote 820
Local 1102 Remote 820
Local 1088 Remote 820
Local 1124 Remote 820
Local 1088 Remote 820
Local 1139 Remote 820
Local 1117 Remote 820
Local 1092 Remote 820
Local 1074 Remote 820
Local 1052 Remote 820
Local 1076 Remote 820
Local 1095 Remote 820
Local 1067 Remote 820
Local 1081 Remote 820
Local 1071 Remote 820
Local 1083 Remote 820
Local 1090 Remote 820
Local 1075 Remote 820
Local 1070 Remote 820
Local 1046 Remote 820
Local 1046 Remote 820
Local 1065 Remote 820
Local 1125 Remote 820
Local 1144 Remote 820
Local 1061 Remote 820
Local 1042 Remote 820
Local 1054 Remote 820
Local 1112 Remote 820
Local 1115 Remote 820
Local 1054 Remote 820
Local 1039 Remote 820
Local 1066 Remote 820
Local 1063 Remote 820
Local 1083 Remote 820
Local 1075 Remote 820
Local 1076 Remote 820
Local 1107 Remote 820
Local 1071 Remote 820
Local 1072 Remote 820
Local 1042 Remote 820
Local 1045 Remote 820
Local 1104 Remote 820
Local 1075 Remote 820
Local 1079 Remote 820
Local 1116 Remote 820
Local 1062 Remote 820
Local 1122 Remote 820
Local 1110 Remote 820
Local 1053 Remote 820
Local 1104 Remote 820
Local 1064 Remote 820
Local 1047 Remote 820
Local 1085 Remote 820
Local 1134 Remote 820
Local 1058 Remote 820
Local 1089 Remote 820
Local 1090 Remote 820
Local 1112 Remote 820
Local 1095 Remote 820
Local 1082 Remote 820
Local 1109 Remote 820
Local 1103 Remote 820
Local 1130 Remote 820
Local 1096 Remote 820
Local 1100 Remote 820
Local 1079 Remote 820
Local 1068 Remote 820
Local 1086 Remote 820
Local 1035 Remote 820
Local 1096 Remote 820
Local 1054 Remote 820
Local 1107 Remote 820
Local 1136 Remote 820
Local 1118 Remote 820
Local 1111 Remote 820
Local 1042 Remote 820
Local 1066 Remote 820
Local 1060 Remote 820
Local 1061 Remote 820
Local 712 Remote 820
Local 565 Remote 820
Local 503 Remote 820
Local 478 Remote 820
Local 466 Remote 820
Local 481 Remote 820
Local 471 Remote 820
Local 464 Remote 820
Local 461 Remote 820
Local 460 Remote 820
Local 460 Remote 820
Local 460 Remote 820
Local 462 Remote 820
Local 460 Remote 820
Local 460 Remote 820
Local 461 Remote 820
Local 460 Remote 820
Local 507 Remote 820
Local 479 Remote 820
Local 467 Remote 820
Local 462 Remote 820
Local 460 Remote 820
Local 460 Remote 820
Local 460 Remote 820
Local 460 Remote 820
Local 460 Remote 820
Local 460 Remote 820
Local 460 Remote 820
Local 460 Remote 820
Local 460 Remote 820
Local 460 Remote 820
