Local 629 Remote 820
Local 701 Remote 820
Local 724 Remote 820
Local 703 Remote 820
Local 708 Remote 820
Local 703 Remote 820
Local 694 Remote 820
Local 701 Remote 820
Local 693 Remote 820
Local 680 Remote 820
Local 689 Remote 820
Local 680 Remote 820
Local 704 Remote 820
Local 688 Remote 820
Local 712 Remote 821
Local 710 Remote 820
Local 726 Remote 820
Local 705 Remote 820
Local 748 Remote 820
Local 722 Remote 820
Local 696 Remote 820
Local 697 Remote 820
Local 696 Remote 820
Local 712 Remote 820
Local 718 Remote 820
Local 702 Remote 820
Local 701 Remote 820
Local 714 Remote 820
Local 709 Remote 820
Local 699 Remote 820
Local 718 Remote 820
Local 726 Remote 820
Local 729 Remote 820
Local 743 Remote 820
Local 716 Remote 820
Local 733 Remote 820
Local 709 Remote 944
Local 696 Remote 858
Local 706 Remote 831
Local 697 Remote 823
Local 705 Remote 820
Local 704 Remote 825
Local 682 Remote 820
Local 694 Remote 820
Local 683 Remote 820
Local 699 Remote 820
Local 717 Remote 820
Local 701 Remote 820
Local 723 Remote 820
Local 716 Remote 820
Local 747 Remote 820
Local 727 Remote 820
Local 711 Remote 820
Local 717 Remote 820
Local 714 Remote 820
Local 701 Remote 820
Local 708 Remote 820
Local 709 Remote 820
Local 698 Remote 820
Local 700 Remote 820
Local 716 Remote 820
Local 728 Remote 820
Local 718 Remote 821
Local 693 Remote 820
Local 706 Remote 892
Local 719 Remote 842
Local 706 Remote 826
Local 698 Remote 821
Local 703 Remote 820
Local 680 Remote 820
Local 706 Remote 820
Local 693 Remote 820
Local 706 Remote 820
Local 703 Remote 820
Local 744 Remote 820
Local 701 Remote 820
Local 720 Remote 820
Local 702 Remote 820
Local 702 Remote 820
Local 710 Remote 820
Local 696 Remote 820
Local 700 Remote 820
Local 699 Remote 820
Local 697 Remote 820
Local 689 Remote 820
Local 726 Remote 820
Local 715 Remote 820
Local 705 Remote 952
Local 707 Remote 861
Local 728 Remote 832
Local 733 Remote 823
Local 706 Remote 820
Local 728 Remote 820
Local 720 Remote 820
Local 730 Remote 820
Local 719 Remote 820
Local 703 Remote 820
Local 693 Remote 820
Local 693 Remote 820
Local 719 Remote 820
Local 704 Remote 820
Local 744 Remote 820
Local 732 Remote 820
Local 722 Remote 820
Local 726 Remote 820
Local 702 Remote 820
Local 716 Remote 820
Local 688 Remote 820
Local 702 Remote 820
Local 696 Remote 820
Local 702 Remote 820
Local 729 Remote 940
Local 710 Remote 857
Local 684 Remote 831
Local 716 Remote 823
Local 711 Remote 820
Local 749 Remote 972
Local 719 Remote 867
Local 720 Remote 836
Local 702 Remote 824
Local 726 Remote 820
Local 714 Remote 823
Local 723 Remote 820
Local 715 Remote 820
Local 716 Remote 820
Local 709 Remote 820
Local 704 Remote 820
Local 717 Remote 820
Local 744 Remote 832
Local 716 Remote 823
Local 710 Remote 820
Local 712 Remote 820
Local 711 Remote 820
Local 707 Remote 820
Local 723 Remote 820
Local 685 Remote 820
Local 697 Remote 820
Local 704 Remote 820
Local 711 Remote 847
Local 700 Remote 828
Local 732 Remote 822
Local 720 Remote 820
Local 705 Remote 838
Local 711 Remote 824
Local 724 Remote 820
Local 739 Remote 820
Local 713 Remote 820
Local 738 Remote 820
Local 707 Remote 820
Local 699 Remote 820
Local 714 Remote 820
Local 728 Remote 820
Local 710 Remote 820
Local 715 Remote 820
Local 711 Remote 957
Local 700 Remote 862
Local 687 Remote 832
Local 759 Remote 823
Local 721 Remote 820
Local 772 Remote 820
Local 746 Remote 869
Local 706 Remote 835
Local 689 Remote 824
Local 701 Remote 820
Local 707 Remote 820
Local 696 Remote 820
Local 708 Remote 820
Local 698 Remote 820
Local 702 Remote 820
Local 711 Remote 820
Local 690 Remote 820
Local 709 Remote 820
Local 716 Remote 820
Local 708 Remote 820
Local 714 Remote 820
Local 706 Remote 820
Local 705 Remote 820
Local 714 Remote 820
Local 723 Remote 820
Local 701 Remote 820
Local 705 Remote 820
Local 699 Remote 820
Local 691 Remote 820
Local 700 Remote 831
Local 693 Remote 823
Local 695 Remote 820
Local 688 Remote 820
Local 691 Remote 850
Local 689 Remote 829
Local 670 Remote 822
Local 695 Remote 820
Local 691 Remote 820
Local 713 Remote 820
Local 713 Remote 820
Local 713 Remote 820
Local 701 Remote 820
Local 741 Remote 820
Local 725 Remote 820
Local 719 Remote 820
Local 728 Remote 820
Local 739 Remote 820
Local 719 Remote 820
Local 705 Remote 831
Local 714 Remote 823
Local 733 Remote 820
Local 713 Remote 820
Local 703 Remote 820
Local 712 Remote 820
Local 699 Remote 820
Local 706 Remote 820
Local 717 Remote 820
Local 703 Remote 820
Local 754 Remote 820
Local 739 Remote 820
Local 719 Remote 820
Local 740 Remote 820
Local 712 Remote 820
Local 689 Remote 820
Local 715 Remote 820
Local 703 Remote 820
Local 692 Remote 820
Local 703 Remote 820
Local 712 Remote 820
Local 700 Remote 820
Local 717 Remote 820
Local 724 Remote 820
Local 697 Remote 820
Local 703 Remote 820
Local 715 Remote 820
Local 692 Remote 820
Local 706 Remote 820
Local 763 Remote 820
Local 728 Remote 820
Local 710 Remote 820
Local 714 Remote 820
Local 722 Remote 820
Local 707 Remote 820
Local 707 Remote 820
Local 708 Remote 820
Local 730 Remote 857
Local 763 Remote 831
Local 723 Remote 823
Local 713 Remote 820
Local 710 Remote 820
Local 724 Remote 820
Local 711 Remote 820
Local 716 Remote 886
Local 702 Remote 840
Local 718 Remote 826
Local 739 Remote 821
Local 718 Remote 820
Local 724 Remote 820
Local 743 Remote 820
Local 715 Remote 820
Local 737 Remote 820
Local 711 Remote 820
Local 730 Remote 824
Local 712 Remote 820
Local 703 Remote 820
Local 735 Remote 820
Local 716 Remote 820
Local 732 Remote 820
Local 721 Remote 820
Local 695 Remote 820
Local 704 Remote 820
Local 715 Remote 820
Local 710 Remote 820
Local 716 Remote 820
Local 695 Remote 820
Local 706 Remote 820
Local 692 Remote 820
Local 705 Remote 820
Local 712 Remote 820
Local 713 Remote 838
Local 695 Remote 824
Local 712 Remote 820
Local 716 Remote 820
Local 684 Remote 820
Local 698 Remote 820
Local 703 Remote 820
Local 709 Remote 820
Local 707 Remote 820
Local 696 Remote 875
Local 694 Remote 933
Local 702 Remote 855
Local 721 Remote 830
Local 700 Remote 822
Local 708 Remote 820
Local 729 Remote 820
Local 744 Remote 820
Local 699 Remote 820
Local 691 Remote 820
Local 706 Remote 820
Local 702 Remote 820
Local 706 Remote 820
Local 716 Remote 820
Local 699 Remote 820
Local 704 Remote 820
Local 713 Remote 820
Local 705 Remote 820
Local 704 Remote 820
Local 709 Remote 820
Local 723 Remote 820
Local 724 Remote 820
Local 723 Remote 820
Local 704 Remote 820
Local 700 Remote 820
Local 735 Remote 820
Local 775 Remote 820
Local 707 Remote 820
Local 694 Remote 820
Local 720 Remote 827
Local 714 Remote 821
Local 710 Remote 856
Local 713 Remote 831
Local 714 Remote 823
Local 701 Remote 820
Local 679 Remote 820
Local 710 Remote 820
Local 698 Remote 820
Local 706 Remote 820
Local 710 Remote 820
Local 721 Remote 820
Local 719 Remote 820
Local 721 Remote 820
Local 705 Remote 820
Local 698 Remote 820
Local 706 Remote 820
Local 701 Remote 820
Local 713 Remote 820
Local 709 Remote 820
Local 712 Remote 839
Local 714 Remote 825
Local 717 Remote 820
Local 729 Remote 820
Local 713 Remote 820
Local 757 Remote 820
Local 729 Remote 820
Local 707 Remote 820
Local 720 Remote 820
Local 717 Remote 820
Local 728 Remote 820
Local 706 Remote 820
Local 698 Remote 820
Local 695 Remote 820
Local 716 Remote 835
Local 828 Remote 824
Local 761 Remote 820
Local 740 Remote 820
Local 708 Remote 820
Local 721 Remote 820
Local 707 Remote 820
Local 702 Remote 820
Local 715 Remote 820
Local 724 Remote 820
Local 739 Remote 826
Local 710 Remote 821
Local 697 Remote 820
Local 734 Remote 820
Local 717 Remote 820
Local 727 Remote 820
Local 697 Remote 820
Local 709 Remote 820
Local 706 Remote 820
Local 694 Remote 820
Local 697 Remote 820
Local 701 Remote 820
Local 693 Remote 820
Local 684 Remote 820
Local 699 Remote 820
Local 704 Remote 820
Local 717 Remote 820
Local 736 Remote 820
Local 714 Remote 820
Local 704 Remote 820
Local 709 Remote 820
Local 697 Remote 820
Local 696 Remote 820
Local 710 Remote 820
Local 704 Remote 820
Local 718 Remote 820
Local 706 Remote 820
Local 712 Remote 820
Local 739 Remote 820
Local 718 Remote 820
Local 699 Remote 820
Local 707 Remote 820
Local 712 Remote 820
Local 713 Remote 820
Local 697 Remote 820
Local 725 Remote 820
Local 715 Remote 820
Local 713 Remote 820
Local 696 Remote 820
Local 714 Remote 820
Local 707 Remote 820
Local 709 Remote 820
Local 715 Remote 820
Local 695 Remote 820
Local 711 Remote 820
Local 709 Remote 820
Local 719 Remote 820
Local 706 Remote 820
Local 720 Remote 820
Local 716 Remote 820
Local 693 Remote 820
Local 705 Remote 820
Local 706 Remote 820
Local 718 Remote 820
Local 706 Remote 820
Local 712 Remote 820
Local 715 Remote 820
Local 697 Remote 820
Local 715 Remote 820
Local 734 Remote 820
Local 727 Remote 820
Local 701 Remote 820
Local 714 Remote 820
Local 704 Remote 820
Local 706 Remote 911
Local 687 Remote 848
Local 700 Remote 828
Local 697 Remote 822
Local 705 Remote 820
Local 710 Remote 820
Local 725 Remote 820
Local 724 Remote 820
Local 696 Remote 820
Local 724 Remote 820
Local 698 Remote 820
Local 711 Remote 820
Local 734 Remote 820
Local 704 Remote 820
Local 715 Remote 820
Local 707 Remote 820
Local 723 Remote 820
Local 707 Remote 820
Local 712 Remote 820
Local 707 Remote 820
Local 702 Remote 820
Local 718 Remote 820
Local 708 Remote 820
Local 723 Remote 820
Local 712 Remote 820
Local 696 Remote 820
Local 711 Remote 820
Local 707 Remote 820
Local 708 Remote 824
Local 717 Remote 862
Local 710 Remote 832
Local 729 Remote 823
Local 742 Remote 861
Local 715 Remote 832
Local 704 Remote 823
Local 720 Remote 820
Local 713 Remote 820
Local 722 Remote 820
Local 715 Remote 820
Local 712 Remote 820
Local 709 Remote 820
Local 771 Remote 820
Local 718 Remote 820
Local 737 Remote 820
Local 727 Remote 820
Local 707 Remote 820
Local 733 Remote 820
Local 720 Remote 820
Local 746 Remote 861
Local 717 Remote 832
Local 698 Remote 823
Local 691 Remote 820
Local 703 Remote 820
Local 718 Remote 820
Local 696 Remote 820
Local 724 Remote 820
Local 715 Remote 820
Local 705 Remote 820
Local 709 Remote 820
Local 723 Remote 820
Local 718 Remote 820
Local 718 Remote 820
Local 703 Remote 820
Local 744 Remote 820
Local 710 Remote 820
Local 750 Remote 846
Local 716 Remote 827
Local 705 Remote 821
Local 706 Remote 820
Local 702 Remote 820
Local 735 Remote 820
Local 688 Remote 820
Local 700 Remote 820
Local 716 Remote 820
Local 704 Remote 820
Local 783 Remote 820
Local 726 Remote 820
Local 695 Remote 820
Local 696 Remote 820
Local 701 Remote 820
Local 690 Remote 820
Local 688 Remote 885
Local 713 Remote 840
Local 698 Remote 826
Local 741 Remote 821
Local 721 Remote 820
Local 721 Remote 822
Local 701 Remote 820
Local 705 Remote 820
Local 699 Remote 820
Local 707 Remote 822
Local 701 Remote 820
Local 696 Remote 820
Local 689 Remote 820
Local 710 Remote 820
Local 700 Remote 820
Local 705 Remote 820
Local 755 Remote 823
Local 708 Remote 820
Local 712 Remote 820
Local 718 Remote 820
Local 708 Remote 820
Local 704 Remote 820
Local 688 Remote 820
Local 704 Remote 820
Local 695 Remote 820
Local 710 Remote 820
Local 702 Remote 820
Local 738 Remote 820
Local 729 Remote 820
Local 714 Remote 821
Local 703 Remote 918
Local 699 Remote 850
Local 690 Remote 829
Local 700 Remote 822
Local 713 Remote 820
Local 717 Remote 820
Local 716 Remote 820
Local 715 Remote 820
Local 701 Remote 820
Local 697 Remote 820
Local 720 Remote 820
Local 719 Remote 820
Local 703 Remote 820
Local 715 Remote 820
Local 701 Remote 820
Local 716 Remote 820
Local 705 Remote 820
Local 700 Remote 820
Local 689 Remote 820
Local 694 Remote 820
Local 688 Remote 820
Local 692 Remote 820
Local 698 Remote 820
Local 701 Remote 820
Local 713 Remote 820
Local 682 Remote 854
Local 696 Remote 829
Local 694 Remote 822
Local 707 Remote 820
Local 734 Remote 824
Local 708 Remote 820
Local 718 Remote 820
Local 705 Remote 820
Local 697 Remote 820
Local 700 Remote 820
Local 714 Remote 820
Local 719 Remote 820
Local 705 Remote 820
Local 723 Remote 820
Local 714 Remote 820
Local 700 Remote 820
Local 709 Remote 820
Local 710 Remote 820
Local 714 Remote 820
Local 716 Remote 820
Local 703 Remote 820
Local 728 Remote 820
Local 725 Remote 820
Local 724 Remote 820
Local 712 Remote 820
Local 723 Remote 820
Local 713 Remote 820
Local 725 Remote 820
Local 705 Remote 820
Local 693 Remote 820
Local 707 Remote 820
Local 712 Remote 820
Local 703 Remote 820
Local 706 Remote 820
Local 700 Remote 820
Local 712 Remote 820
Local 692 Remote 847
Local 702 Remote 828
Local 699 Remote 822
Local 718 Remote 830
Local 711 Remote 822
Local 718 Remote 824
Local 730 Remote 820
Local 701 Remote 820
Local 710 Remote 820
Local 699 Remote 820
Local 700 Remote 820
Local 688 Remote 820
Local 704 Remote 820
Local 687 Remote 820
Local 707 Remote 820
Local 693 Remote 820
Local 701 Remote 820
Local 696 Remote 820
Local 696 Remote 820
Local 687 Remote 820
Local 709 Remote 820
Local 733 Remote 820
Local 712 Remote 820
Local 722 Remote 820
Local 716 Remote 820
Local 713 Remote 820
Local 713 Remote 820
Local 698 Remote 820
Local 705 Remote 832
Local 699 Remote 823
Local 693 Remote 820
Local 723 Remote 820
Local 727 Remote 820
Local 700 Remote 820
Local 740 Remote 820
Local 713 Remote 820
Local 699 Remote 820
Local 700 Remote 820
Local 707 Remote 820
Local 744 Remote 820
Local 706 Remote 820
Local 724 Remote 820
Local 705 Remote 820
Local 721 Remote 820
Local 704 Remote 820
Local 702 Remote 820
Local 721 Remote 820
Local 684 Remote 820
Local 702 Remote 820
Local 713 Remote 820
Local 713 Remote 885
Local 724 Remote 952
Local 709 Remote 861
Local 704 Remote 832
Local 716 Remote 823
Local 705 Remote 820
Local 711 Remote 820
Local 726 Remote 820
Local 706 Remote 820
Local 724 Remote 820
Local 714 Remote 820
Local 708 Remote 820
Local 729 Remote 820
Local 734 Remote 820
Local 713 Remote 820
Local 709 Remote 820
Local 702 Remote 820
Local 710 Remote 820
Local 697 Remote 820
Local 698 Remote 820
Local 709 Remote 820
Local 694 Remote 820
Local 721 Remote 820
Local 719 Remote 820
Local 725 Remote 820
Local 728 Remote 820
Local 708 Remote 820
Local 715 Remote 820
Local 719 Remote 847
Local 710 Remote 828
Local 730 Remote 822
Local 707 Remote 820
Local 728 Remote 820
Local 710 Remote 888
Local 702 Remote 841
Local 695 Remote 826
Local 695 Remote 821
Local 693 Remote 820
Local 708 Remote 820
Local 711 Remote 820
Local 696 Remote 820
Local 703 Remote 820
Local 730 Remote 820
Local 701 Remote 820
Local 722 Remote 820
Local 728 Remote 820
Local 702 Remote 820
Local 706 Remote 820
Local 705 Remote 820
Local 699 Remote 924
Local 706 Remote 852
Local 701 Remote 829
Local 708 Remote 894
Local 714 Remote 842
Local 713 Remote 835
Local 715 Remote 824
Local 714 Remote 820
Local 708 Remote 820
Local 714 Remote 820
Local 740 Remote 850
Local 712 Remote 829
Local 731 Remote 824
Local 724 Remote 820
Local 713 Remote 820
Local 691 Remote 820
Local 693 Remote 820
Local 707 Remote 820
Local 742 Remote 820
Local 717 Remote 820
Local 714 Remote 820
Local 707 Remote 820
Local 716 Remote 820
Local 696 Remote 820
Local 710 Remote 820
Local 706 Remote 820
Local 690 Remote 820
Local 728 Remote 820
Local 715 Remote 820
Local 722 Remote 820
Local 714 Remote 820
Local 709 Remote 820
Local 715 Remote 825
Local 728 Remote 820
Local 731 Remote 820
Local 706 Remote 820
Local 698 Remote 820
Local 687 Remote 820
Local 717 Remote 820
Local 712 Remote 820
Local 709 Remote 820
Local 706 Remote 820
Local 704 Remote 820
Local 711 Remote 820
Local 793 Remote 845
Local 743 Remote 826
Local 711 Remote 821
Local 707 Remote 820
Local 708 Remote 820
Local 703 Remote 820
Local 701 Remote 820
Local 745 Remote 820
Local 717 Remote 820
Local 734 Remote 820
Local 699 Remote 820
Local 691 Remote 820
Local 684 Remote 820
Local 698 Remote 820
Local 702 Remote 820
Local 696 Remote 820
Local 719 Remote 820
Local 718 Remote 820
Local 712 Remote 820
Local 708 Remote 820
Local 707 Remote 820
Local 707 Remote 820
Local 709 Remote 820
Local 722 Remote 820
Local 722 Remote 820
Local 727 Remote 820
Local 708 Remote 820
Local 703 Remote 820
Local 712 Remote 820
Local 697 Remote 820
Local 698 Remote 868
Local 726 Remote 835
Local 718 Remote 824
Local 692 Remote 820
Local 717 Remote 820
Local 702 Remote 820
Local 727 Remote 820
Local 705 Remote 821
Local 685 Remote 820
Local 682 Remote 820
Local 711 Remote 820
Local 712 Remote 820
Local 755 Remote 820
Local 722 Remote 820
Local 720 Remote 820
Local 714 Remote 820
Local 727 Remote 820
Local 701 Remote 820
Local 721 Remote 820
Local 719 Remote 820
Local 716 Remote 820
Local 729 Remote 820
Local 708 Remote 820
Local 720 Remote 820
Local 717 Remote 820
Local 704 Remote 820
Local 723 Remote 820
Local 711 Remote 820
Local 712 Remote 853
Local 706 Remote 829
Local 719 Remote 822
Local 716 Remote 820
Local 739 Remote 820
Local 722 Remote 820
Local 702 Remote 820
Local 696 Remote 820
Local 703 Remote 820
Local 702 Remote 820
Local 713 Remote 842
Local 704 Remote 826
Local 734 Remote 821
Local 729 Remote 820
Local 717 Remote 820
Local 717 Remote 820
Local 704 Remote 820
Local 718 Remote 835
Local 711 Remote 824
Local 707 Remote 820
Local 700 Remote 820
Local 702 Remote 820
Local 721 Remote 820
Local 697 Remote 820
Local 710 Remote 820
Local 700 Remote 820
Local 709 Remote 820
Local 718 Remote 820
Local 705 Remote 820
Local 741 Remote 820
Local 726 Remote 820
Local 728 Remote 820
Local 711 Remote 820
Local 699 Remote 820
Local 696 Remote 820
Local 720 Remote 820
Local 717 Remote 820
Local 726 Remote 820
Local 729 Remote 820
Local 707 Remote 820
Local 706 Remote 820
Local 698 Remote 820
Local 689 Remote 820
Local 721 Remote 820
Local 723 Remote 820
Local 699 Remote 820
Local 685 Remote 820
Local 683 Remote 820
Local 712 Remote 820
Local 720 Remote 820
Local 716 Remote 820
Local 745 Remote 820
Local 721 Remote 820
Local 710 Remote 862
Local 717 Remote 832
Local 697 Remote 867
Local 691 Remote 847
Local 702 Remote 828
Local 720 Remote 822
Local 706 Remote 820
Local 707 Remote 869
Local 703 Remote 835
Local 702 Remote 824
Local 714 Remote 922
Local 702 Remote 889
Local 712 Remote 841
Local 737 Remote 846
Local 727 Remote 827
Local 740 Remote 821
Local 724 Remote 820
Local 728 Remote 828
Local 712 Remote 822
Local 701 Remote 820
Local 699 Remote 820
Local 696 Remote 820
Local 734 Remote 820
Local 708 Remote 820
Local 716 Remote 820
Local 709 Remote 820
Local 706 Remote 820
Local 687 Remote 820
Local 702 Remote 820
Local 729 Remote 820
Local 715 Remote 920
Local 701 Remote 851
Local 712 Remote 829
Local 731 Remote 822
Local 752 Remote 820
Local 744 Remote 820
Local 712 Remote 820
Local 714 Remote 820
Local 707 Remote 820
Local 707 Remote 820
Local 688 Remote 820
Local 707 Remote 820
Local 714 Remote 820
Local 714 Remote 833
Local 693 Remote 823
Local 691 Remote 820
Local 715 Remote 820
Local 733 Remote 820
Local 714 Remote 820
Local 729 Remote 820
Local 710 Remote 820
Local 733 Remote 832
Local 710 Remote 823
Local 700 Remote 859
Local 714 Remote 831
Local 713 Remote 823
Local 770 Remote 820
Local 732 Remote 820
Local 711 Remote 820
Local 714 Remote 820
Local 720 Remote 820
Local 714 Remote 820
Local 713 Remote 820
Local 698 Remote 820
Local 734 Remote 820
Local 702 Remote 820
Local 718 Remote 820
Local 694 Remote 820
Local 711 Remote 820
Local 699 Remote 820
Local 702 Remote 820
Local 701 Remote 820
Local 701 Remote 820
Local 716 Remote 820
Local 707 Remote 820
Local 716 Remote 820
Local 716 Remote 820
Local 700 Remote 820
Local 703 Remote 820
Local 742 Remote 820
Local 737 Remote 820
Local 737 Remote 820
Local 711 Remote 820
Local 744 Remote 820
Local 703 Remote 820
Local 697 Remote 820
Local 688 Remote 820
Local 697 Remote 820
Local 689 Remote 820
Local 691 Remote 846
Local 722 Remote 827
Local 699 Remote 821
Local 701 Remote 820
Local 712 Remote 820
Local 716 Remote 820
Local 711 Remote 820
Local 718 Remote 820
Local 726 Remote 820
Local 716 Remote 820
Local 707 Remote 820
Local 708 Remote 820
Local 718 Remote 833
Local 704 Remote 823
Local 703 Remote 820
Local 714 Remote 820
Local 743 Remote 850
Local 726 Remote 829
Local 710 Remote 857
Local 724 Remote 976
Local 709 Remote 868
Local 704 Remote 835
Local 710 Remote 824
Local 691 Remote 820
Local 699 Remote 820
Local 703 Remote 820
Local 705 Remote 820
Local 727 Remote 823
Local 738 Remote 820
Local 710 Remote 820
Local 712 Remote 820
Local 723 Remote 820
Local 721 Remote 820
Local 698 Remote 820
Local 731 Remote 820
Local 722 Remote 820
Local 700 Remote 820
Local 742 Remote 1046
Local 705 Remote 890
Local 736 Remote 841
Local 730 Remote 868
Local 715 Remote 835
Local 704 Remote 824
Local 696 Remote 820
Local 710 Remote 820
Local 691 Remote 820
Local 702 Remote 820
Local 700 Remote 820
Local 701 Remote 820
Local 710 Remote 820
Local 700 Remote 820
Local 693 Remote 820
Local 701 Remote 820
Local 711 Remote 820
Local 739 Remote 820
Local 713 Remote 820
Local 713 Remote 820
Local 739 Remote 820
Local 736 Remote 820
Local 709 Remote 820
Local 698 Remote 820
Local 700 Remote 820
Local 737 Remote 820
Local 723 Remote 820
Local 708 Remote 820
Local 700 Remote 873
Local 695 Remote 835
Local 697 Remote 824
Local 708 Remote 820
Local 696 Remote 820
Local 706 Remote 820
Local 702 Remote 820
Local 706 Remote 820
Local 752 Remote 820
Local 735 Remote 843
Local 729 Remote 826
Local 718 Remote 825
Local 706 Remote 820
Local 715 Remote 820
Local 703 Remote 820
Local 695 Remote 820
Local 718 Remote 820
Local 730 Remote 820
Local 726 Remote 820
Local 703 Remote 820
Local 700 Remote 820
Local 700 Remote 820
Local 700 Remote 820
Local 718 Remote 820
Local 726 Remote 820
Local 708 Remote 841
Local 707 Remote 840
Local 709 Remote 831
Local 689 Remote 823
Local 708 Remote 820
Local 727 Remote 820
Local 707 Remote 820
Local 700 Remote 820
Local 721 Remote 929
Local 710 Remote 853
Local 701 Remote 829
Local 721 Remote 822
Local 708 Remote 820
Local 700 Remote 820
Local 706 Remote 820
Local 697 Remote 820
Local 703 Remote 904
Local 707 Remote 846
Local 710 Remote 827
Local 724 Remote 822
Local 702 Remote 830
Local 708 Remote 822
Local 712 Remote 820
Local 688 Remote 849
Local 717 Remote 828
Local 695 Remote 822
Local 701 Remote 820
Local 705 Remote 820
Local 710 Remote 820
Local 725 Remote 820
Local 720 Remote 820
Local 712 Remote 820
Local 722 Remote 820
Local 702 Remote 820
Local 703 Remote 820
Local 697 Remote 820
Local 725 Remote 820
Local 716 Remote 820
Local 716 Remote 820
Local 693 Remote 820
Local 695 Remote 820
Local 687 Remote 897
Local 688 Remote 843
Local 721 Remote 988
Local 725 Remote 872
Local 719 Remote 835
Local 756 Remote 824
Local 719 Remote 820
Local 733 Remote 820
Local 706 Remote 820
Local 714 Remote 820
Local 712 Remote 829
Local 733 Remote 822
Local 759 Remote 820
Local 704 Remote 820
Local 702 Remote 820
Local 691 Remote 820
Local 702 Remote 820
Local 714 Remote 820
Local 709 Remote 820
Local 717 Remote 820
Local 698 Remote 820
Local 708 Remote 820
Local 712 Remote 820
Local 739 Remote 856
Local 804 Remote 831
Local 721 Remote 823
Local 710 Remote 821
Local 705 Remote 820
Local 705 Remote 820
Local 707 Remote 820
Local 729 Remote 820
Local 723 Remote 820
Local 723 Remote 820
Local 712 Remote 820
Local 702 Remote 820
Local 700 Remote 820
Local 724 Remote 820
Local 707 Remote 820
Local 708 Remote 820
Local 719 Remote 877
Local 716 Remote 837
Local 715 Remote 826
Local 708 Remote 821
Local 729 Remote 820
Local 720 Remote 832
Local 704 Remote 823
Local 737 Remote 820
Local 714 Remote 820
Local 690 Remote 820
Local 707 Remote 820
Local 708 Remote 820
Local 706 Remote 820
Local 712 Remote 820
Local 712 Remote 820
Local 706 Remote 820
Local 718 Remote 820
Local 699 Remote 820
Local 683 Remote 820
Local 716 Remote 844
Local 705 Remote 826
Local 735 Remote 821
Local 740 Remote 1039
Local 695 Remote 889
Local 702 Remote 864
Local 727 Remote 833
Local 713 Remote 823
Local 710 Remote 820
Local 700 Remote 847
Local 694 Remote 828
Local 697 Remote 822
Local 704 Remote 820
Local 701 Remote 820
Local 706 Remote 847
Local 700 Remote 828
Local 691 Remote 822
Local 713 Remote 925
Local 696 Remote 852
Local 697 Remote 829
Local 732 Remote 822
Local 725 Remote 820
Local 726 Remote 820
Local 705 Remote 820
Local 712 Remote 820
Local 719 Remote 820
Local 706 Remote 820
Local 721 Remote 820
Local 703 Remote 820
Local 709 Remote 820
Local 708 Remote 820
Local 717 Remote 825
Local 708 Remote 820
Local 708 Remote 820
Local 701 Remote 820
Local 700 Remote 820
Local 756 Remote 820
Local 705 Remote 820
Local 716 Remote 820
Local 707 Remote 820
Local 697 Remote 820
Local 687 Remote 820
Local 678 Remote 839
Local 708 Remote 825
Local 725 Remote 820
Local 722 Remote 820
Local 723 Remote 820
Local 694 Remote 820
Local 702 Remote 820
Local 685 Remote 887
Local 705 Remote 840
Local 697 Remote 826
Local 695 Remote 821
Local 738 Remote 820
Local 717 Remote 852
Local 717 Remote 844
Local 723 Remote 826
Local 721 Remote 821
Local 709 Remote 820
Local 694 Remote 820
Local 718 Remote 849
Local 710 Remote 828
Local 705 Remote 822
Local 722 Remote 820
Local 696 Remote 820
Local 701 Remote 820
Local 716 Remote 881
Local 709 Remote 838
Local 722 Remote 824
Local 708 Remote 820
Local 716 Remote 983
Local 707 Remote 871
Local 702 Remote 835
Local 702 Remote 824
Local 696 Remote 820
Local 693 Remote 820
Local 730 Remote 820
Local 699 Remote 820
Local 733 Remote 820
Local 706 Remote 820
Local 717 Remote 820
Local 704 Remote 820
Local 709 Remote 820
Local 708 Remote 832
Local 699 Remote 823
Local 705 Remote 833
Local 707 Remote 823
Local 704 Remote 820
Local 722 Remote 820
Local 711 Remote 820
Local 694 Remote 820
Local 709 Remote 820
Local 697 Remote 820
Local 689 Remote 820
Local 704 Remote 820
Local 711 Remote 820
Local 708 Remote 820
Local 795 Remote 820
Local 718 Remote 820
Local 733 Remote 820
Local 731 Remote 820
Local 705 Remote 820
Local 702 Remote 820
Local 719 Remote 820
Local 718 Remote 830
Local 697 Remote 822
Local 697 Remote 822
Local 711 Remote 820
Local 713 Remote 820
Local 704 Remote 820
Local 685 Remote 820
Local 708 Remote 820
Local 721 Remote 820
Local 722 Remote 820
Local 714 Remote 820
Local 715 Remote 820
Local 753 Remote 820
Local 720 Remote 820
Local 709 Remote 831
Local 691 Remote 823
Local 713 Remote 820
Local 709 Remote 849
Local 694 Remote 828
Local 729 Remote 822
Local 722 Remote 820
Local 732 Remote 820
Local 721 Remote 820
Local 710 Remote 820
Local 711 Remote 824
Local 703 Remote 820
Local 705 Remote 820
Local 716 Remote 820
Local 705 Remote 820
Local 736 Remote 820
Local 702 Remote 820
Local 719 Remote 820
Local 724 Remote 820
Local 714 Remote 820
Local 712 Remote 820
Local 703 Remote 820
Local 690 Remote 820
Local 701 Remote 820
Local 695 Remote 820
Local 697 Remote 820
Local 690 Remote 820
Local 741 Remote 820
Local 717 Remote 820
Local 707 Remote 820
Local 697 Remote 820
Local 693 Remote 820
Local 726 Remote 820
Local 711 Remote 820
Local 659 Remote 820
Local 543 Remote 820
Local 497 Remote 831
Local 475 Remote 824
Local 490 Remote 821
Local 481 Remote 820
Local 468 Remote 820
Local 463 Remote 820
Local 475 Remote 820
Local 522 Remote 820
Local 485 Remote 820
Local 476 Remote 820
Local 466 Remote 820
Local 471 Remote 820
Local 464 Remote 820
Local 474 Remote 820
Local 482 Remote 820
Local 475 Remote 820
Local 466 Remote 820
Local 462 Remote 820
Local 460 Remote 820
Local 466 Remote 820
Local 462 Remote 820
Local 472 Remote 820
Local 464 Remote 820
Local 469 Remote 820
Local 463 Remote 820
