Local 693 Remote 820
Local 739 Remote 820
Local 723 Remote 820
Local 751 Remote 820
Local 734 Remote 820
Local 766 Remote 820
Local 743 Remote 820
Local 741 Remote 820
Local 751 Remote 820
Local 769 Remote 820
Local 749 Remote 820
Local 732 Remote 820
Local 750 Remote 820
Local 755 Remote 820
Local 766 Remote 820
Local 732 Remote 820
Local 758 Remote 820
Local 765 Remote 820
Local 775 Remote 820
Local 745 Remote 820
Local 744 Remote 820
Local 757 Remote 820
Local 778 Remote 820
Local 757 Remote 820
Local 743 Remote 820
Local 764 Remote 820
Local 747 Remote 820
Local 745 Remote 820
Local 747 Remote 820
Local 752 Remote 820
Local 754 Remote 820
Local 780 Remote 820
Local 749 Remote 820
Local 759 Remote 820
Local 760 Remote 820
Local 761 Remote 820
Local 750 Remote 820
Local 752 Remote 820
Local 758 Remote 820
Local 735 Remote 820
Local 755 Remote 820
Local 745 Remote 820
Local 775 Remote 820
Local 744 Remote 820
Local 765 Remote 820
Local 735 Remote 820
Local 740 Remote 820
Local 740 Remote 820
Local 757 Remote 820
Local 752 Remote 820
Local 738 Remote 820
Local 754 Remote 820
Local 733 Remote 820
Local 758 Remote 820
Local 754 Remote 820
Local 751 Remote 820
Local 742 Remote 820
Local 749 Remote 820
Local 744 Remote 820
Local 738 Remote 820
Local 774 Remote 820
Local 774 Remote 820
Local 760 Remote 820
Local 757 Remote 820
Local 729 Remote 820
Local 759 Remote 820
Local 732 Remote 820
Local 746 Remote 820
Local 749 Remote 820
Local 741 Remote 820
Local 750 Remote 820
Local 770 Remote 820
Local 757 Remote 820
Local 768 Remote 820
Local 736 Remote 820
Local 747 Remote 820
Local 762 Remote 820
Local 740 Remote 820
Local 754 Remote 820
Local 756 Remote 820
Local 757 Remote 820
Local 778 Remote 820
Local 754 Remote 820
Local 760 Remote 820
Local 775 Remote 820
Local 769 Remote 820
Local 754 Remote 820
Local 735 Remote 820
Local 743 Remote 820
Local 745 Remote 820
Local 751 Remote 820
Local 740 Remote 820
Local 738 Remote 820
Local 756 Remote 820
Local 751 Remote 820
Local 765 Remote 820
Local 745 Remote 820
Local 755 Remote 820
Local 755 Remote 820
Local 763 Remote 820
Local 768 Remote 820
Local 756 Remote 820
Local 765 Remote 820
Local 767 Remote 820
Local 765 Remote 820
Local 758 Remote 820
Local 754 Remote 820
Local 763 Remote 820
Local 793 Remote 820
Local 753 Remote 820
Local 753 Remote 820
Local 747 Remote 820
Local 778 Remote 820
Local 769 Remote 820
Local 753 Remote 820
Local 759 Remote 820
Local 766 Remote 820
Local 761 Remote 820
Local 745 Remote 820
Local 767 Remote 820
Local 739 Remote 820
Local 764 Remote 820
Local 742 Remote 820
Local 758 Remote 820
Local 763 Remote 820
Local 755 Remote 820
Local 755 Remote 820
Local 762 Remote 820
Local 743 Remote 820
Local 746 Remote 820
Local 737 Remote 820
Local 742 Remote 820
Local 758 Remote 820
Local 737 Remote 820
Local 750 Remote 820
Local 739 Remote 820
Local 744 Remote 820
Local 743 Remote 820
Local 731 Remote 820
Local 740 Remote 820
Local 759 Remote 820
Local 767 Remote 820
Local 769 Remote 820
Local 752 Remote 820
Local 764 Remote 820
Local 768 Remote 820
Local 759 Remote 820
Local 750 Remote 820
Local 752 Remote 820
Local 741 Remote 820
Local 776 Remote 820
Local 756 Remote 820
Local 756 Remote 820
Local 747 Remote 820
Local 773 Remote 820
Local 785 Remote 820
Local 763 Remote 820
Local 756 Remote 820
Local 744 Remote 820
Local 783 Remote 820
Local 747 Remote 820
Local 759 Remote 820
Local 779 Remote 820
Local 754 Remote 820
Local 746 Remote 820
Local 723 Remote 820
Local 745 Remote 820
Local 744 Remote 820
Local 778 Remote 820
Local 755 Remote 820
Local 756 Remote 820
Local 750 Remote 820
Local 760 Remote 820
Local 761 Remote 820
Local 750 Remote 820
Local 737 Remote 820
Local 745 Remote 820
Local 749 Remote 820
Local 751 Remote 820
Local 754 Remote 820
Local 764 Remote 820
Local 771 Remote 820
Local 746 Remote 820
Local 748 Remote 820
Local 750 Remote 820
Local 756 Remote 820
Local 763 Remote 820
Local 750 Remote 820
Local 776 Remote 820
Local 763 Remote 820
Local 746 Remote 820
Local 743 Remote 820
Local 748 Remote 820
Local 766 Remote 820
Local 767 Remote 820
Local 746 Remote 820
Local 759 Remote 820
Local 770 Remote 820
Local 769 Remote 820
Local 736 Remote 820
Local 751 Remote 820
Local 750 Remote 820
Local 753 Remote 820
Local 760 Remote 820
Local 747 Remote 820
Local 741 Remote 820
Local 762 Remote 820
Local 754 Remote 820
Local 746 Remote 820
Local 752 Remote 820
Local 753 Remote 820
Local 775 Remote 820
Local 728 Remote 820
Local 759 Remote 820
Local 751 Remote 820
Local 771 Remote 820
Local 748 Remote 820
Local 764 Remote 820
Local 781 Remote 820
Local 771 Remote 820
Local 741 Remote 820
Local 750 Remote 820
Local 745 Remote 820
Local 752 Remote 820
Local 766 Remote 820
Local 774 Remote 820
Local 777 Remote 820
Local 769 Remote 820
Local 770 Remote 820
Local 734 Remote 820
Local 757 Remote 820
Local 743 Remote 820
Local 752 Remote 820
Local 753 Remote 820
Local 750 Remote 820
Local 747 Remote 820
Local 755 Remote 820
Local 758 Remote 820
Local 757 Remote 820
Local 748 Remote 820
Local 758 Remote 820
Local 774 Remote 820
Local 757 Remote 820
Local 744 Remote 820
Local 739 Remote 820
Local 755 Remote 820
Local 748 Remote 820
Local 734 Remote 820
Local 753 Remote 820
Local 735 Remote 820
Local 740 Remote 820
Local 739 Remote 820
Local 746 Remote 820
Local 739 Remote 820
Local 739 Remote 820
Local 742 Remote 820
Local 745 Remote 820
Local 747 Remote 820
Local 754 Remote 820
Local 757 Remote 820
Local 770 Remote 820
Local 740 Remote 820
Local 739 Remote 820
Local 758 Remote 820
Local 743 Remote 820
Local 736 Remote 820
Local 755 Remote 820
Local 742 Remote 820
Local 744 Remote 820
Local 757 Remote 820
Local 757 Remote 820
Local 749 Remote 820
Local 782 Remote 820
Local 740 Remote 820
Local 750 Remote 820
Local 762 Remote 820
Local 772 Remote 820
Local 759 Remote 820
Local 745 Remote 820
Local 752 Remote 820
Local 765 Remote 820
Local 750 Remote 820
Local 749 Remote 820
Local 766 Remote 820
Local 758 Remote 820
Local 753 Remote 820
Local 726 Remote 820
Local 747 Remote 820
Local 757 Remote 820
Local 759 Remote 820
Local 749 Remote 820
Local 747 Remote 820
Local 726 Remote 820
Local 741 Remote 820
Local 765 Remote 820
Local 746 Remote 820
Local 758 Remote 820
Local 756 Remote 820
Local 750 Remote 820
Local 752 Remote 820
Local 755 Remote 820
Local 769 Remote 820
Local 757 Remote 820
Local 766 Remote 820
Local 742 Remote 820
Local 762 Remote 820
Local 752 Remote 820
Local 767 Remote 820
Local 750 Remote 820
Local 762 Remote 820
Local 774 Remote 820
Local 764 Remote 820
Local 755 Remote 820
Local 768 Remote 820
Local 736 Remote 820
Local 758 Remote 820
Local 742 Remote 820
Local 750 Remote 820
Local 739 Remote 820
Local 740 Remote 820
Local 762 Remote 820
Local 744 Remote 820
Local 765 Remote 820
Local 750 Remote 820
Local 757 Remote 820
Local 756 Remote 820
Local 740 Remote 820
Local 756 Remote 820
Local 764 Remote 820
Local 751 Remote 820
Local 759 Remote 820
Local 774 Remote 820
Local 770 Remote 820
Local 744 Remote 820
Local 746 Remote 820
Local 773 Remote 820
Local 758 Remote 820
Local 769 Remote 820
Local 755 Remote 820
Local 760 Remote 820
Local 761 Remote 820
Local 742 Remote 820
Local 753 Remote 820
Local 744 Remote 820
Local 729 Remote 820
Local 758 Remote 820
Local 744 Remote 820
Local 741 Remote 820
Local 763 Remote 820
Local 767 Remote 820
Local 734 Remote 820
Local 754 Remote 820
Local 752 Remote 820
Local 758 Remote 820
Local 748 Remote 820
Local 752 Remote 820
Local 755 Remote 820
Local 739 Remote 820
Local 750 Remote 820
Local 743 Remote 820
Local 755 Remote 820
Local 761 Remote 820
Local 759 Remote 820
Local 748 Remote 820
Local 739 Remote 820
Local 747 Remote 820
Local 739 Remote 820
Local 756 Remote 820
Local 765 Remote 820
Local 767 Remote 820
Local 774 Remote 820
Local 757 Remote 820
Local 768 Remote 820
Local 749 Remote 820
Local 763 Remote 820
Local 746 Remote 820
Local 769 Remote 820
Local 751 Remote 820
Local 749 Remote 820
Local 734 Remote 820
Local 738 Remote 820
Local 754 Remote 820
Local 763 Remote 820
Local 785 Remote 820
Local 736 Remote 820
Local 780 Remote 820
Local 757 Remote 820
Local 767 Remote 820
Local 736 Remote 820
Local 757 Remote 820
Local 767 Remote 820
Local 759 Remote 820
Local 737 Remote 820
Local 729 Remote 820
Local 744 Remote 820
Local 734 Remote 820
Local 767 Remote 820
Local 757 Remote 820
Local 764 Remote 820
Local 749 Remote 820
Local 765 Remote 820
Local 751 Remote 820
Local 765 Remote 820
Local 753 Remote 820
Local 772 Remote 820
Local 753 Remote 820
Local 752 Remote 820
Local 769 Remote 820
Local 785 Remote 820
Local 764 Remote 820
Local 730 Remote 820
Local 751 Remote 820
Local 728 Remote 820
Local 753 Remote 820
Local 746 Remote 820
Local 767 Remote 820
Local 732 Remote 820
Local 752 Remote 820
Local 736 Remote 820
Local 750 Remote 820
Local 764 Remote 820
Local 764 Remote 820
Local 744 Remote 820
Local 747 Remote 820
Local 765 Remote 820
Local 753 Remote 820
Local 762 Remote 820
Local 754 Remote 820
Local 755 Remote 820
Local 746 Remote 820
Local 743 Remote 820
Local 752 Remote 820
Local 750 Remote 820
Local 742 Remote 820
Local 752 Remote 820
Local 742 Remote 820
Local 747 Remote 820
Local 767 Remote 820
Local 764 Remote 820
Local 742 Remote 820
Local 762 Remote 820
Local 755 Remote 820
Local 764 Remote 820
Local 744 Remote 820
Local 758 Remote 820
Local 786 Remote 820
Local 750 Remote 820
Local 752 Remote 820
Local 743 Remote 820
Local 749 Remote 820
Local 767 Remote 820
Local 752 Remote 820
Local 745 Remote 820
Local 740 Remote 820
Local 758 Remote 820
Local 772 Remote 820
Local 734 Remote 820
Local 751 Remote 820
Local 754 Remote 820
Local 766 Remote 820
Local 739 Remote 820
Local 762 Remote 820
Local 749 Remote 820
Local 758 Remote 820
Local 740 Remote 820
Local 749 Remote 820
Local 783 Remote 820
Local 774 Remote 820
Local 739 Remote 820
Local 733 Remote 820
Local 753 Remote 820
Local 757 Remote 820
Local 765 Remote 820
Local 751 Remote 820
Local 737 Remote 820
Local 764 Remote 820
Local 775 Remote 820
Local 750 Remote 820
Local 763 Remote 820
Local 767 Remote 820
Local 780 Remote 820
Local 740 Remote 820
Local 760 Remote 820
Local 766 Remote 820
Local 748 Remote 820
Local 741 Remote 820
Local 735 Remote 820
Local 769 Remote 820
Local 754 Remote 820
Local 748 Remote 820
Local 743 Remote 820
Local 748 Remote 820
Local 755 Remote 820
Local 757 Remote 820
Local 762 Remote 820
Local 776 Remote 820
Local 757 Remote 820
Local 767 Remote 820
Local 731 Remote 820
Local 759 Remote 820
Local 774 Remote 820
Local 762 Remote 820
Local 739 Remote 820
Local 736 Remote 820
Local 752 Remote 820
Local 741 Remote 820
Local 736 Remote 820
Local 734 Remote 820
Local 740 Remote 820
Local 746 Remote 820
Local 762 Remote 820
Local 742 Remote 820
Local 734 Remote 820
Local 741 Remote 820
Local 743 Remote 820
Local 754 Remote 820
Local 778 Remote 820
Local 742 Remote 820
Local 761 Remote 820
Local 756 Remote 820
Local 755 Remote 820
Local 757 Remote 820
Local 766 Remote 820
Local 768 Remote 820
Local 767 Remote 820
Local 770 Remote 820
Local 750 Remote 820
Local 753 Remote 820
Local 763 Remote 820
Local 768 Remote 820
Local 746 Remote 820
Local 751 Remote 820
Local 731 Remote 820
Local 751 Remote 820
Local 781 Remote 820
Local 778 Remote 820
Local 742 Remote 820
Local 741 Remote 820
Local 769 Remote 820
Local 763 Remote 820
Local 777 Remote 820
Local 736 Remote 820
Local 750 Remote 820
Local 765 Remote 820
Local 764 Remote 820
Local 753 Remote 820
Local 762 Remote 820
Local 767 Remote 820
Local 761 Remote 820
Local 738 Remote 820
Local 731 Remote 820
Local 738 Remote 820
Local 770 Remote 820
Local 760 Remote 820
Local 755 Remote 820
Local 775 Remote 820
Local 769 Remote 820
Local 767 Remote 820
Local 756 Remote 820
Local 750 Remote 820
Local 751 Remote 820
Local 773 Remote 820
Local 775 Remote 820
Local 745 Remote 820
Local 753 Remote 820
Local 756 Remote 820
Local 773 Remote 820
Local 742 Remote 820
Local 747 Remote 820
Local 728 Remote 820
Local 740 Remote 820
Local 750 Remote 820
Local 747 Remote 820
Local 744 Remote 820
Local 742 Remote 820
Local 734 Remote 820
Local 761 Remote 820
Local 765 Remote 820
Local 765 Remote 820
Local 748 Remote 820
Local 765 Remote 820
Local 756 Remote 820
Local 777 Remote 820
Local 765 Remote 820
Local 769 Remote 820
Local 758 Remote 820
Local 770 Remote 820
Local 764 Remote 820
Local 750 Remote 820
Local 764 Remote 820
Local 769 Remote 820
Local 769 Remote 820
Local 747 Remote 820
Local 768 Remote 820
Local 748 Remote 820
Local 757 Remote 820
Local 743 Remote 820
Local 741 Remote 820
Local 752 Remote 820
Local 753 Remote 820
Local 750 Remote 820
Local 752 Remote 820
Local 751 Remote 820
Local 761 Remote 820
Local 769 Remote 820
Local 742 Remote 820
Local 751 Remote 820
Local 745 Remote 820
Local 775 Remote 820
Local 753 Remote 820
Local 768 Remote 820
Local 762 Remote 820
Local 766 Remote 820
Local 759 Remote 820
Local 737 Remote 820
Local 757 Remote 820
Local 767 Remote 820
Local 751 Remote 820
Local 747 Remote 820
Local 756 Remote 820
Local 750 Remote 820
Local 751 Remote 820
Local 744 Remote 820
Local 763 Remote 820
Local 761 Remote 820
Local 777 Remote 820
Local 733 Remote 820
Local 755 Remote 820
Local 756 Remote 820
Local 749 Remote 820
Local 758 Remote 820
Local 745 Remote 820
Local 769 Remote 820
Local 756 Remote 820
Local 745 Remote 820
Local 740 Remote 820
Local 749 Remote 820
Local 745 Remote 820
Local 764 Remote 820
Local 756 Remote 820
Local 767 Remote 820
Local 762 Remote 820
Local 783 Remote 820
Local 732 Remote 820
Local 756 Remote 820
Local 745 Remote 820
Local 764 Remote 820
Local 759 Remote 820
Local 744 Remote 820
Local 775 Remote 820
Local 746 Remote 820
Local 745 Remote 820
Local 750 Remote 820
Local 755 Remote 820
Local 765 Remote 820
Local 772 Remote 820
Local 752 Remote 820
Local 748 Remote 820
Local 774 Remote 820
Local 754 Remote 820
Local 753 Remote 820
Local 745 Remote 820
Local 746 Remote 820
Local 758 Remote 820
Local 764 Remote 820
Local 748 Remote 820
Local 765 Remote 820
Local 778 Remote 820
Local 766 Remote 820
Local 739 Remote 820
Local 747 Remote 820
Local 779 Remote 820
Local 772 Remote 820
Local 752 Remote 820
Local 742 Remote 820
Local 771 Remote 820
Local 741 Remote 820
Local 738 Remote 820
Local 760 Remote 820
Local 734 Remote 820
Local 772 Remote 820
Local 776 Remote 820
Local 763 Remote 820
Local 784 Remote 820
Local 752 Remote 820
Local 762 Remote 820
Local 759 Remote 820
Local 769 Remote 820
Local 758 Remote 820
Local 759 Remote 820
Local 751 Remote 820
Local 738 Remote 820
Local 746 Remote 820
Local 756 Remote 820
Local 767 Remote 820
Local 749 Remote 820
Local 769 Remote 820
Local 754 Remote 820
Local 765 Remote 820
Local 741 Remote 820
Local 763 Remote 820
Local 764 Remote 820
Local 758 Remote 820
Local 746 Remote 820
Local 744 Remote 820
Local 758 Remote 820
Local 713 Remote 820
Local 720 Remote 820
Local 744 Remote 820
Local 767 Remote 820
Local 748 Remote 820
Local 757 Remote 820
Local 744 Remote 820
Local 783 Remote 820
Local 780 Remote 820
Local 760 Remote 820
Local 744 Remote 820
Local 767 Remote 820
Local 754 Remote 820
Local 779 Remote 820
Local 752 Remote 820
Local 742 Remote 820
Local 774 Remote 820
Local 742 Remote 820
Local 749 Remote 820
Local 737 Remote 820
Local 757 Remote 820
Local 748 Remote 820
Local 740 Remote 820
Local 728 Remote 820
Local 750 Remote 820
Local 786 Remote 820
Local 776 Remote 820
Local 769 Remote 820
Local 757 Remote 820
Local 756 Remote 820
Local 776 Remote 820
Local 761 Remote 820
Local 775 Remote 820
Local 767 Remote 820
Local 762 Remote 820
Local 739 Remote 820
Local 735 Remote 820
Local 744 Remote 820
Local 750 Remote 820
Local 761 Remote 820
Local 748 Remote 820
Local 758 Remote 820
Local 761 Remote 820
Local 758 Remote 820
Local 742 Remote 820
Local 730 Remote 820
Local 745 Remote 820
Local 757 Remote 820
Local 748 Remote 820
Local 736 Remote 820
Local 741 Remote 820
Local 772 Remote 820
Local 764 Remote 820
Local 748 Remote 820
Local 756 Remote 820
Local 736 Remote 820
Local 765 Remote 820
Local 736 Remote 820
Local 746 Remote 820
Local 767 Remote 820
Local 750 Remote 820
Local 734 Remote 820
Local 737 Remote 820
Local 743 Remote 820
Local 747 Remote 820
Local 758 Remote 820
Local 741 Remote 820
Local 752 Remote 820
Local 760 Remote 820
Local 767 Remote 820
Local 739 Remote 820
Local 743 Remote 820
Local 764 Remote 820
Local 763 Remote 820
Local 745 Remote 820
Local 760 Remote 820
Local 772 Remote 820
Local 762 Remote 820
Local 732 Remote 820
Local 744 Remote 820
Local 739 Remote 820
Local 740 Remote 820
Local 743 Remote 820
Local 733 Remote 820
Local 758 Remote 820
Local 759 Remote 820
Local 751 Remote 820
Local 732 Remote 820
Local 747 Remote 820
Local 763 Remote 820
Local 770 Remote 820
Local 737 Remote 820
Local 755 Remote 820
Local 745 Remote 820
Local 754 Remote 820
Local 752 Remote 820
Local 748 Remote 820
Local 747 Remote 820
Local 732 Remote 820
Local 764 Remote 820
Local 760 Remote 820
Local 776 Remote 820
Local 756 Remote 820
Local 768 Remote 820
Local 757 Remote 820
Local 753 Remote 820
Local 750 Remote 820
Local 754 Remote 820
Local 751 Remote 820
Local 760 Remote 820
Local 760 Remote 820
Local 767 Remote 820
Local 752 Remote 820
Local 737 Remote 820
Local 740 Remote 820
Local 750 Remote 820
Local 773 Remote 820
Local 746 Remote 820
Local 764 Remote 820
Local 773 Remote 820
Local 763 Remote 820
Local 741 Remote 820
Local 763 Remote 820
Local 751 Remote 820
Local 765 Remote 820
Local 749 Remote 820
Local 771 Remote 820
Local 748 Remote 820
Local 747 Remote 820
Local 743 Remote 820
Local 755 Remote 820
Local 762 Remote 820
Local 733 Remote 820
Local 746 Remote 820
Local 747 Remote 820
Local 774 Remote 820
Local 761 Remote 820
Local 762 Remote 820
Local 743 Remote 820
Local 772 Remote 820
Local 760 Remote 820
Local 754 Remote 820
Local 741 Remote 820
Local 754 Remote 820
Local 779 Remote 820
Local 750 Remote 820
Local 739 Remote 820
Local 749 Remote 820
Local 732 Remote 820
Local 749 Remote 820
Local 752 Remote 820
Local 724 Remote 820
Local 775 Remote 820
Local 763 Remote 820
Local 764 Remote 820
Local 747 Remote 820
Local 758 Remote 820
Local 755 Remote 820
Local 767 Remote 820
Local 746 Remote 820
Local 742 Remote 820
Local 751 Remote 820
Local 750 Remote 820
Local 746 Remote 820
Local 742 Remote 820
Local 747 Remote 820
Local 730 Remote 820
Local 752 Remote 820
Local 748 Remote 820
Local 764 Remote 820
Local 756 Remote 820
Local 767 Remote 820
Local 734 Remote 820
Local 749 Remote 820
Local 758 Remote 820
Local 753 Remote 820
Local 731 Remote 820
Local 751 Remote 820
Local 742 Remote 820
Local 748 Remote 820
Local 744 Remote 820
Local 763 Remote 820
Local 753 Remote 820
Local 763 Remote 820
Local 746 Remote 820
Local 715 Remote 820
Local 758 Remote 820
Local 755 Remote 820
Local 748 Remote 820
Local 732 Remote 820
Local 735 Remote 820
Local 768 Remote 820
Local 757 Remote 820
Local 736 Remote 820
Local 768 Remote 820
Local 749 Remote 820
Local 787 Remote 820
Local 760 Remote 820
Local 744 Remote 820
Local 780 Remote 820
Local 752 Remote 820
Local 749 Remote 820
Local 726 Remote 820
Local 718 Remote 820
Local 739 Remote 820
Local 774 Remote 820
Local 746 Remote 820
Local 758 Remote 820
Local 748 Remote 820
Local 757 Remote 820
Local 729 Remote 820
Local 739 Remote 820
Local 773 Remote 820
Local 746 Remote 820
Local 752 Remote 820
Local 735 Remote 820
Local 750 Remote 820
Local 774 Remote 820
Local 751 Remote 820
Local 739 Remote 820
Local 757 Remote 820
Local 759 Remote 820
Local 770 Remote 820
Local 730 Remote 820
Local 763 Remote 820
Local 764 Remote 820
Local 760 Remote 820
Local 749 Remote 820
Local 758 Remote 820
Local 754 Remote 820
Local 760 Remote 820
Local 754 Remote 820
Local 754 Remote 820
Local 744 Remote 820
Local 757 Remote 820
Local 751 Remote 820
Local 746 Remote 820
Local 745 Remote 820
Local 763 Remote 820
Local 757 Remote 820
Local 736 Remote 820
Local 754 Remote 820
Local 770 Remote 820
Local 774 Remote 820
Local 758 Remote 820
Local 761 Remote 820
Local 760 Remote 820
Local 753 Remote 820
Local 747 Remote 820
Local 753 Remote 820
Local 760 Remote 820
Local 766 Remote 820
Local 767 Remote 820
Local 748 Remote 820
Local 772 Remote 820
Local 763 Remote 820
Local 768 Remote 820
Local 757 Remote 820
Local 751 Remote 820
Local 758 Remote 820
Local 758 Remote 820
Local 749 Remote 820
Local 742 Remote 820
Local 747 Remote 820
Local 743 Remote 820
Local 749 Remote 820
Local 746 Remote 820
Local 749 Remote 820
Local 763 Remote 820
Local 773 Remote 820
Local 740 Remote 820
Local 772 Remote 820
Local 767 Remote 820
Local 633 Remote 820
Local 532 Remote 820
Local 490 Remote 820
Local 472 Remote 820
Local 488 Remote 820
Local 514 Remote 820
Local 508 Remote 825
Local 483 Remote 847
Local 469 Remote 831
Local 463 Remote 824
Local 460 Remote 860
Local 466 Remote 836
Local 462 Remote 826
Local 460 Remote 822
Local 460 Remote 820
Local 460 Remote 820
Local 460 Remote 820
Local 460 Remote 820
Local 460 Remote 820
Local 460 Remote 820
Local 486 Remote 828
Local 470 Remote 823
Local 463 Remote 820
Local 460 Remote 820
Local 460 Remote 820
Local 460 Remote 820
Local 460 Remote 820
Local 460 Remote 820
Local 460 Remote 820
Local 460 Remote 820
Local 460 Remote 820
Local 460 Remote 820
Local 460 Remote 820
Local 460 Remote 820
