Local 545 Remote 820
Local 580 Remote 820
Local 573 Remote 820
Local 582 Remote 820
Local 589 Remote 820
Local 576 Remote 820
Local 568 Remote 820
Local 584 Remote 820
Local 583 Remote 820
Local 585 Remote 820
Local 601 Remote 820
Local 597 Remote 820
Local 589 Remote 820
Local 590 Remote 820
Local 564 Remote 820
Local 564 Remote 820
Local 577 Remote 820
Local 560 Remote 820
Local 578 Remote 820
Local 589 Remote 820
Local 579 Remote 820
Local 579 Remote 820
Local 583 Remote 820
Local 562 Remote 820
Local 567 Remote 820
Local 585 Remote 820
Local 565 Remote 820
Local 561 Remote 820
Local 570 Remote 820
Local 556 Remote 820
Local 558 Remote 820
Local 582 Remote 820
Local 586 Remote 820
Local 578 Remote 820
Local 579 Remote 820
Local 571 Remote 820
Local 567 Remote 820
Local 582 Remote 820
Local 565 Remote 820
Local 566 Remote 820
Local 581 Remote 820
Local 580 Remote 820
Local 615 Remote 820
Local 604 Remote 820
Local 598 Remote 820
Local 578 Remote 820
Local 586 Remote 820
Local 587 Remote 820
Local 601 Remote 820
Local 605 Remote 820
Local 577 Remote 820
Local 579 Remote 820
Local 592 Remote 820
Local 581 Remote 820
Local 582 Remote 820
Local 587 Remote 820
Local 617 Remote 820
Local 590 Remote 820
Local 604 Remote 820
Local 629 Remote 820
Local 585 Remote 820
Local 596 Remote 820
Local 587 Remote 820
Local 589 Remote 820
Local 584 Remote 820
Local 581 Remote 820
Local 577 Remote 820
Local 584 Remote 820
Local 573 Remote 820
Local 587 Remote 820
Local 595 Remote 820
Local 578 Remote 820
Local 578 Remote 820
Local 583 Remote 820
Local 569 Remote 820
Local 573 Remote 820
Local 581 Remote 820
Local 575 Remote 820
Local 575 Remote 820
Local 605 Remote 820
Local 595 Remote 820
Local 584 Remote 820
Local 594 Remote 820
Local 591 Remote 820
Local 586 Remote 820
Local 606 Remote 820
Local 579 Remote 820
Local 573 Remote 820
Local 580 Remote 820
Local 582 Remote 820
Local 562 Remote 820
Local 586 Remote 820
Local 576 Remote 820
Local 573 Remote 820
Local 588 Remote 820
Local 575 Remote 820
Local 571 Remote 820
Local 584 Remote 820
Local 565 Remote 820
Local 588 Remote 820
Local 594 Remote 820
Local 584 Remote 820
Local 584 Remote 820
Local 581 Remote 820
Local 571 Remote 820
Local 575 Remote 820
Local 584 Remote 820
Local 577 Remote 820
Local 564 Remote 820
Local 574 Remote 820
Local 558 Remote 820
Local 624 Remote 820
Local 601 Remote 820
Local 590 Remote 820
Local 581 Remote 820
Local 590 Remote 820
Local 589 Remote 820
Local 576 Remote 820
Local 578 Remote 820
Local 577 Remote 820
Local 583 Remote 820
Local 610 Remote 820
Local 575 Remote 820
Local 569 Remote 820
Local 583 Remote 820
Local 587 Remote 820
Local 572 Remote 820
Local 590 Remote 820
Local 580 Remote 820
Local 610 Remote 820
Local 611 Remote 820
Local 578 Remote 820
Local 570 Remote 820
Local 576 Remote 820
Local 568 Remote 820
Local 579 Remote 820
Local 598 Remote 820
Local 583 Remote 820
Local 581 Remote 820
Local 595 Remote 820
Local 583 Remote 820
Local 578 Remote 820
Local 589 Remote 820
Local 583 Remote 820
Local 576 Remote 820
Local 585 Remote 820
Local 581 Remote 820
Local 584 Remote 820
Local 582 Remote 820
Local 571 Remote 820
Local 577 Remote 820
Local 592 Remote 820
Local 576 Remote 820
Local 587 Remote 820
Local 585 Remote 820
Local 567 Remote 820
Local 579 Remote 820
Local 587 Remote 820
Local 568 Remote 820
Local 571 Remote 820
Local 590 Remote 820
Local 584 Remote 820
Local 591 Remote 820
Local 590 Remote 820
Local 578 Remote 820
Local 586 Remote 820
Local 589 Remote 820
Local 585 Remote 820
Local 577 Remote 820
Local 573 Remote 820
Local 575 Remote 820
Local 585 Remote 820
Local 571 Remote 820
Local 580 Remote 820
Local 578 Remote 820
Local 578 Remote 820
Local 566 Remote 820
Local 571 Remote 820
Local 583 Remote 820
Local 570 Remote 820
Local 585 Remote 820
Local 584 Remote 820
Local 578 Remote 820
Local 582 Remote 820
Local 595 Remote 820
Local 578 Remote 820
Local 582 Remote 820
Local 583 Remote 820
Local 575 Remote 820
Local 586 Remote 820
Local 589 Remote 820
Local 575 Remote 820
Local 584 Remote 820
Local 582 Remote 820
Local 576 Remote 820
Local 583 Remote 820
Local 582 Remote 820
Local 576 Remote 820
Local 575 Remote 820
Local 600 Remote 820
Local 578 Remote 820
Local 586 Remote 820
Local 585 Remote 820
Local 563 Remote 820
Local 577 Remote 820
Local 587 Remote 820
Local 568 Remote 820
Local 573 Remote 820
Local 586 Remote 820
Local 576 Remote 820
Local 586 Remote 820
Local 623 Remote 820
Local 578 Remote 820
Local 582 Remote 820
Local 609 Remote 820
Local 586 Remote 820
Local 577 Remote 820
Local 581 Remote 820
Local 576 Remote 820
Local 577 Remote 820
Local 585 Remote 820
Local 572 Remote 820
Local 574 Remote 820
Local 590 Remote 820
Local 580 Remote 820
Local 587 Remote 820
Local 589 Remote 820
Local 567 Remote 820
Local 578 Remote 820
Local 573 Remote 820
Local 571 Remote 828
Local 579 Remote 822
Local 597 Remote 820
Local 573 Remote 820
Local 579 Remote 820
Local 586 Remote 820
Local 581 Remote 820
Local 587 Remote 820
Local 591 Remote 820
Local 578 Remote 820
Local 587 Remote 820
Local 592 Remote 820
Local 580 Remote 820
Local 590 Remote 820
Local 592 Remote 820
Local 582 Remote 820
Local 575 Remote 820
Local 582 Remote 820
Local 569 Remote 820
Local 579 Remote 820
Local 594 Remote 820
Local 575 Remote 820
Local 591 Remote 820
Local 622 Remote 820
Local 571 Remote 820
Local 568 Remote 820
Local 588 Remote 820
Local 572 Remote 820
Local 584 Remote 820
Local 599 Remote 820
Local 578 Remote 820
Local 571 Remote 820
Local 591 Remote 820
Local 572 Remote 820
Local 581 Remote 820
Local 579 Remote 820
Local 572 Remote 820
Local 573 Remote 820
Local 594 Remote 820
Local 579 Remote 820
Local 569 Remote 820
Local 593 Remote 820
Local 571 Remote 820
Local 574 Remote 820
Local 598 Remote 820
Local 582 Remote 820
Local 578 Remote 820
Local 587 Remote 820
Local 586 Remote 820
Local 582 Remote 820
Local 602 Remote 820
Local 591 Remote 820
Local 580 Remote 820
Local 602 Remote 820
Local 596 Remote 820
Local 580 Remote 820
Local 583 Remote 820
Local 560 Remote 820
Local 585 Remote 820
Local 587 Remote 820
Local 589 Remote 820
Local 582 Remote 820
Local 581 Remote 820
Local 576 Remote 820
Local 581 Remote 820
Local 581 Remote 820
Local 571 Remote 820
Local 572 Remote 820
Local 591 Remote 820
Local 584 Remote 820
Local 584 Remote 820
Local 587 Remote 820
Local 572 Remote 820
Local 570 Remote 820
Local 595 Remote 820
Local 561 Remote 820
Local 576 Remote 820
Local 577 Remote 820
Local 566 Remote 820
Local 569 Remote 820
Local 585 Remote 820
Local 577 Remote 820
Local 590 Remote 820
Local 572 Remote 820
Local 588 Remote 820
Local 591 Remote 820
Local 593 Remote 820
Local 571 Remote 820
Local 586 Remote 820
Local 583 Remote 820
Local 569 Remote 820
Local 582 Remote 820
Local 585 Remote 820
Local 585 Remote 820
Local 591 Remote 820
Local 586 Remote 820
Local 585 Remote 820
Local 573 Remote 820
Local 575 Remote 820
Local 584 Remote 820
Local 585 Remote 820
Local 599 Remote 820
Local 577 Remote 820
Local 577 Remote 820
Local 584 Remote 820
Local 581 Remote 820
Local 579 Remote 820
Local 584 Remote 820
Local 585 Remote 820
Local 559 Remote 820
Local 588 Remote 820
Local 587 Remote 820
Local 573 Remote 820
Local 581 Remote 820
Local 575 Remote 820
Local 578 Remote 820
Local 580 Remote 820
Local 586 Remote 820
Local 586 Remote 820
Local 596 Remote 820
Local 577 Remote 820
Local 576 Remote 820
Local 597 Remote 820
Local 586 Remote 820
Local 581 Remote 820
Local 588 Remote 820
Local 578 Remote 820
Local 575 Remote 820
Local 603 Remote 820
Local 575 Remote 820
Local 585 Remote 820
Local 578 Remote 820
Local 582 Remote 820
Local 579 Remote 820
Local 596 Remote 820
Local 593 Remote 820
Local 583 Remote 820
Local 594 Remote 820
Local 580 Remote 820
Local 577 Remote 820
Local 603 Remote 820
Local 577 Remote 820
Local 580 Remote 820
Local 589 Remote 820
Local 592 Remote 820
Local 583 Remote 820
Local 596 Remote 820
Local 596 Remote 820
Local 575 Remote 820
Local 585 Remote 820
Local 565 Remote 820
Local 584 Remote 820
Local 588 Remote 820
Local 584 Remote 820
Local 584 Remote 820
Local 596 Remote 820
Local 583 Remote 820
Local 579 Remote 820
Local 597 Remote 820
Local 571 Remote 820
Local 584 Remote 820
Local 590 Remote 820
Local 570 Remote 820
Local 578 Remote 820
Local 587 Remote 820
Local 576 Remote 820
Local 580 Remote 820
Local 581 Remote 820
Local 613 Remote 820
Local 581 Remote 820
Local 578 Remote 820
Local 590 Remote 820
Local 575 Remote 820
Local 584 Remote 820
Local 572 Remote 820
Local 577 Remote 820
Local 590 Remote 820
Local 584 Remote 820
Local 585 Remote 820
Local 597 Remote 820
Local 586 Remote 820
Local 583 Remote 820
Local 589 Remote 820
Local 575 Remote 820
Local 592 Remote 820
Local 594 Remote 820
Local 578 Remote 820
Local 588 Remote 820
Local 587 Remote 820
Local 588 Remote 820
Local 579 Remote 820
Local 586 Remote 820
Local 583 Remote 820
Local 578 Remote 820
Local 581 Remote 820
Local 580 Remote 820
Local 582 Remote 820
Local 575 Remote 820
Local 573 Remote 820
Local 574 Remote 820
Local 583 Remote 820
Local 572 Remote 820
Local 588 Remote 820
Local 594 Remote 820
Local 590 Remote 820
Local 593 Remote 820
Local 592 Remote 820
Local 578 Remote 820
Local 588 Remote 820
Local 593 Remote 820
Local 593 Remote 820
Local 590 Remote 820
Local 595 Remote 820
Local 572 Remote 820
Local 587 Remote 820
Local 583 Remote 820
Local 581 Remote 820
Local 583 Remote 820
Local 589 Remote 820
Local 574 Remote 820
Local 596 Remote 820
Local 588 Remote 820
Local 574 Remote 820
Local 588 Remote 820
Local 581 Remote 820
Local 577 Remote 820
Local 579 Remote 820
Local 581 Remote 820
Local 575 Remote 820
Local 576 Remote 820
Local 572 Remote 820
Local 564 Remote 820
Local 586 Remote 820
Local 598 Remote 820
Local 568 Remote 820
Local 581 Remote 820
Local 573 Remote 820
Local 577 Remote 820
Local 580 Remote 820
Local 592 Remote 820
Local 587 Remote 820
Local 597 Remote 820
Local 572 Remote 820
Local 572 Remote 820
Local 587 Remote 820
Local 625 Remote 820
Local 603 Remote 820
Local 615 Remote 820
Local 588 Remote 820
Local 578 Remote 820
Local 578 Remote 820
Local 581 Remote 820
Local 579 Remote 820
Local 579 Remote 820
Local 576 Remote 820
Local 575 Remote 820
Local 577 Remote 820
Local 591 Remote 820
Local 579 Remote 820
Local 588 Remote 820
Local 588 Remote 820
Local 586 Remote 820
Local 594 Remote 820
Local 609 Remote 820
Local 585 Remote 820
Local 601 Remote 820
Local 583 Remote 820
Local 589 Remote 820
Local 588 Remote 820
Local 585 Remote 820
Local 581 Remote 820
Local 592 Remote 820
Local 582 Remote 820
Local 584 Remote 820
Local 594 Remote 820
Local 579 Remote 820
Local 580 Remote 820
Local 565 Remote 820
Local 621 Remote 820
Local 589 Remote 820
Local 601 Remote 820
Local 564 Remote 820
Local 571 Remote 820
Local 584 Remote 820
Local 571 Remote 820
Local 576 Remote 820
Local 585 Remote 820
Local 568 Remote 820
Local 586 Remote 820
Local 587 Remote 820
Local 577 Remote 820
Local 581 Remote 820
Local 595 Remote 820
Local 570 Remote 820
Local 564 Remote 820
Local 585 Remote 820
Local 576 Remote 820
Local 583 Remote 820
Local 593 Remote 820
Local 582 Remote 820
Local 576 Remote 820
Local 587 Remote 820
Local 580 Remote 820
Local 595 Remote 820
Local 583 Remote 820
Local 581 Remote 820
Local 591 Remote 820
Local 633 Remote 820
Local 597 Remote 820
Local 595 Remote 820
Local 590 Remote 820
Local 588 Remote 820
Local 577 Remote 820
Local 580 Remote 820
Local 591 Remote 820
Local 592 Remote 820
Local 583 Remote 820
Local 586 Remote 820
Local 603 Remote 820
Local 588 Remote 820
Local 591 Remote 820
Local 598 Remote 820
Local 597 Remote 820
Local 586 Remote 820
Local 585 Remote 820
Local 581 Remote 820
Local 589 Remote 820
Local 595 Remote 820
Local 587 Remote 820
Local 573 Remote 820
Local 573 Remote 820
Local 583 Remote 820
Local 587 Remote 820
Local 587 Remote 820
Local 567 Remote 820
Local 585 Remote 820
Local 595 Remote 820
Local 574 Remote 820
Local 588 Remote 820
Local 591 Remote 820
Local 586 Remote 820
Local 570 Remote 820
Local 579 Remote 820
Local 571 Remote 820
Local 603 Remote 820
Local 610 Remote 820
Local 643 Remote 820
Local 611 Remote 820
Local 615 Remote 820
Local 578 Remote 820
Local 581 Remote 820
Local 593 Remote 820
Local 578 Remote 820
Local 583 Remote 820
Local 593 Remote 820
Local 587 Remote 820
Local 574 Remote 820
Local 597 Remote 820
Local 579 Remote 820
Local 587 Remote 820
Local 587 Remote 820
Local 569 Remote 820
Local 581 Remote 820
Local 581 Remote 820
Local 573 Remote 820
Local 586 Remote 820
Local 583 Remote 820
Local 588 Remote 820
Local 584 Remote 820
Local 586 Remote 820
Local 582 Remote 820
Local 582 Remote 820
Local 568 Remote 820
Local 582 Remote 820
Local 579 Remote 820
Local 603 Remote 820
Local 581 Remote 820
Local 584 Remote 820
Local 568 Remote 820
Local 566 Remote 820
Local 572 Remote 820
Local 574 Remote 820
Local 577 Remote 820
Local 581 Remote 820
Local 571 Remote 820
Local 575 Remote 820
Local 582 Remote 820
Local 589 Remote 820
Local 581 Remote 820
Local 586 Remote 820
Local 581 Remote 820
Local 576 Remote 820
Local 600 Remote 820
Local 586 Remote 820
Local 579 Remote 820
Local 616 Remote 820
Local 586 Remote 820
Local 580 Remote 820
Local 593 Remote 820
Local 589 Remote 820
Local 573 Remote 820
Local 589 Remote 820
Local 570 Remote 820
Local 583 Remote 820
Local 594 Remote 820
Local 566 Remote 820
Local 585 Remote 820
Local 591 Remote 820
Local 583 Remote 851
Local 579 Remote 829
Local 581 Remote 822
Local 569 Remote 820
Local 572 Remote 820
Local 592 Remote 820
Local 575 Remote 820
Local 591 Remote 820
Local 589 Remote 820
Local 592 Remote 820
Local 587 Remote 820
Local 586 Remote 820
Local 571 Remote 820
Local 585 Remote 820
Local 590 Remote 820
Local 583 Remote 820
Local 583 Remote 820
Local 599 Remote 820
Local 578 Remote 820
Local 595 Remote 820
Local 589 Remote 820
Local 579 Remote 820
Local 579 Remote 820
Local 588 Remote 820
Local 581 Remote 820
Local 582 Remote 820
Local 584 Remote 820
Local 587 Remote 820
Local 581 Remote 820
Local 588 Remote 820
Local 573 Remote 820
Local 575 Remote 820
Local 580 Remote 820
Local 577 Remote 820
Local 584 Remote 820
Local 590 Remote 820
Local 579 Remote 820
Local 604 Remote 820
Local 586 Remote 820
Local 575 Remote 820
Local 586 Remote 820
Local 591 Remote 820
Local 566 Remote 820
Local 579 Remote 820
Local 585 Remote 820
Local 572 Remote 820
Local 580 Remote 820
Local 585 Remote 820
Local 576 Remote 820
Local 585 Remote 820
Local 569 Remote 820
Local 560 Remote 820
Local 579 Remote 820
Local 574 Remote 820
Local 587 Remote 820
Local 585 Remote 820
Local 587 Remote 820
Local 567 Remote 820
Local 588 Remote 820
Local 590 Remote 820
Local 578 Remote 820
Local 591 Remote 820
Local 590 Remote 820
Local 577 Remote 820
Local 586 Remote 820
Local 580 Remote 820
Local 578 Remote 820
Local 581 Remote 820
Local 586 Remote 820
Local 590 Remote 820
Local 587 Remote 820
Local 577 Remote 820
Local 580 Remote 820
Local 589 Remote 820
Local 575 Remote 820
Local 577 Remote 820
Local 590 Remote 820
Local 587 Remote 820
Local 576 Remote 820
Local 593 Remote 820
Local 578 Remote 820
Local 573 Remote 820
Local 594 Remote 820
Local 579 Remote 820
Local 579 Remote 820
Local 598 Remote 820
Local 590 Remote 820
Local 578 Remote 820
Local 572 Remote 820
Local 575 Remote 820
Local 576 Remote 820
Local 586 Remote 820
Local 591 Remote 820
Local 582 Remote 820
Local 573 Remote 820
Local 576 Remote 820
Local 580 Remote 820
Local 588 Remote 820
Local 585 Remote 820
Local 574 Remote 820
Local 587 Remote 820
Local 579 Remote 820
Local 568 Remote 820
Local 585 Remote 820
Local 582 Remote 820
Local 580 Remote 820
Local 590 Remote 820
Local 569 Remote 820
Local 575 Remote 820
Local 597 Remote 820
Local 592 Remote 820
Local 595 Remote 820
Local 591 Remote 820
Local 589 Remote 820
Local 576 Remote 820
Local 573 Remote 820
Local 572 Remote 820
Local 577 Remote 820
Local 585 Remote 820
Local 576 Remote 820
Local 577 Remote 820
Local 586 Remote 820
Local 579 Remote 820
Local 581 Remote 820
Local 574 Remote 820
Local 589 Remote 820
Local 593 Remote 820
Local 606 Remote 820
Local 588 Remote 820
Local 574 Remote 820
Local 607 Remote 820
Local 595 Remote 820
Local 575 Remote 820
Local 581 Remote 820
Local 583 Remote 820
Local 595 Remote 820
Local 592 Remote 820
Local 568 Remote 820
Local 574 Remote 820
Local 589 Remote 820
Local 596 Remote 820
Local 578 Remote 820
Local 591 Remote 820
Local 583 Remote 820
Local 563 Remote 820
Local 590 Remote 820
Local 580 Remote 820
Local 573 Remote 820
Local 610 Remote 820
Local 589 Remote 820
Local 577 Remote 820
Local 586 Remote 820
Local 581 Remote 820
Local 583 Remote 820
Local 579 Remote 820
Local 583 Remote 820
Local 587 Remote 820
Local 590 Remote 820
Local 584 Remote 820
Local 578 Remote 820
Local 584 Remote 820
Local 577 Remote 820
Local 586 Remote 820
Local 590 Remote 820
Local 575 Remote 820
Local 589 Remote 820
Local 592 Remote 820
Local 576 Remote 820
Local 578 Remote 820
Local 588 Remote 820
Local 564 Remote 820
Local 573 Remote 820
Local 590 Remote 820
Local 581 Remote 820
Local 586 Remote 820
Local 586 Remote 820
Local 583 Remote 820
Local 572 Remote 820
Local 589 Remote 820
Local 569 Remote 820
Local 578 Remote 820
Local 608 Remote 820
Local 579 Remote 820
Local 576 Remote 820
Local 584 Remote 820
Local 574 Remote 820
Local 580 Remote 820
Local 594 Remote 820
Local 588 Remote 820
Local 584 Remote 820
Local 583 Remote 820
Local 575 Remote 820
Local 595 Remote 820
Local 592 Remote 820
Local 575 Remote 820
Local 580 Remote 820
Local 582 Remote 820
Local 589 Remote 820
Local 589 Remote 820
Local 581 Remote 820
Local 564 Remote 820
Local 586 Remote 820
Local 575 Remote 820
Local 580 Remote 820
Local 587 Remote 820
Local 575 Remote 820
Local 581 Remote 820
Local 593 Remote 820
Local 589 Remote 820
Local 565 Remote 820
Local 584 Remote 820
Local 575 Remote 820
Local 570 Remote 820
Local 583 Remote 820
Local 584 Remote 820
Local 570 Remote 820
Local 590 Remote 820
Local 569 Remote 820
Local 594 Remote 820
Local 577 Remote 820
Local 588 Remote 820
Local 561 Remote 820
Local 582 Remote 820
Local 583 Remote 820
Local 577 Remote 820
Local 590 Remote 820
Local 595 Remote 820
Local 580 Remote 820
Local 574 Remote 820
Local 578 Remote 820
Local 579 Remote 820
Local 599 Remote 820
Local 592 Remote 820
Local 581 Remote 820
Local 590 Remote 820
Local 581 Remote 820
Local 582 Remote 820
Local 590 Remote 820
Local 592 Remote 820
Local 574 Remote 820
Local 576 Remote 820
Local 585 Remote 820
Local 588 Remote 820
Local 591 Remote 820
Local 582 Remote 820
Local 588 Remote 820
Local 587 Remote 820
Local 579 Remote 820
Local 568 Remote 820
Local 575 Remote 820
Local 584 Remote 820
Local 570 Remote 820
Local 587 Remote 820
Local 593 Remote 820
Local 565 Remote 820
Local 581 Remote 820
Local 590 Remote 820
Local 575 Remote 820
Local 580 Remote 820
Local 584 Remote 820
Local 572 Remote 820
Local 572 Remote 820
Local 589 Remote 820
Local 584 Remote 820
Local 593 Remote 820
Local 603 Remote 820
Local 589 Remote 820
Local 586 Remote 820
Local 589 Remote 820
Local 582 Remote 820
Local 588 Remote 820
Local 589 Remote 820
Local 581 Remote 820
Local 573 Remote 820
Local 577 Remote 820
Local 585 Remote 820
Local 597 Remote 820
Local 579 Remote 820
Local 583 Remote 820
Local 592 Remote 820
Local 597 Remote 820
Local 575 Remote 820
Local 581 Remote 820
Local 594 Remote 820
Local 577 Remote 820
Local 587 Remote 820
Local 581 Remote 820
Local 579 Remote 820
Local 583 Remote 820
Local 584 Remote 820
Local 586 Remote 820
Local 586 Remote 820
Local 588 Remote 820
Local 579 Remote 820
Local 578 Remote 820
Local 590 Remote 820
Local 574 Remote 820
Local 586 Remote 820
Local 575 Remote 820
Local 579 Remote 820
Local 596 Remote 820
Local 581 Remote 820
Local 581 Remote 820
Local 595 Remote 820
Local 584 Remote 820
Local 568 Remote 820
Local 589 Remote 820
Local 599 Remote 820
Local 585 Remote 820
Local 586 Remote 820
Local 598 Remote 820
Local 590 Remote 820
Local 591 Remote 820
Local 598 Remote 820
Local 596 Remote 820
Local 589 Remote 820
Local 574 Remote 820
Local 583 Remote 820
Local 588 Remote 820
Local 591 Remote 820
Local 584 Remote 820
Local 608 Remote 820
Local 596 Remote 820
Local 581 Remote 820
Local 579 Remote 820
Local 568 Remote 820
Local 581 Remote 820
Local 591 Remote 820
Local 587 Remote 820
Local 584 Remote 820
Local 593 Remote 820
Local 573 Remote 820
Local 573 Remote 820
Local 600 Remote 820
Local 581 Remote 820
Local 582 Remote 820
Local 586 Remote 820
Local 583 Remote 820
Local 562 Remote 820
Local 590 Remote 820
Local 580 Remote 820
Local 576 Remote 820
Local 588 Remote 820
Local 581 Remote 820
Local 578 Remote 820
Local 582 Remote 820
Local 575 Remote 820
Local 576 Remote 820
Local 574 Remote 820
Local 589 Remote 820
Local 578 Remote 820
Local 583 Remote 820
Local 571 Remote 820
Local 574 Remote 820
Local 571 Remote 820
Local 578 Remote 820
Local 581 Remote 820
Local 590 Remote 820
Local 586 Remote 820
Local 589 Remote 820
Local 592 Remote 820
Local 607 Remote 820
Local 581 Remote 820
Local 581 Remote 820
Local 592 Remote 820
Local 579 Remote 820
Local 591 Remote 820
Local 576 Remote 820
Local 579 Remote 820
Local 600 Remote 820
Local 593 Remote 820
Local 575 Remote 820
Local 598 Remote 820
Local 590 Remote 820
Local 574 Remote 820
Local 586 Remote 820
Local 574 Remote 820
Local 576 Remote 820
Local 587 Remote 820
Local 583 Remote 820
Local 583 Remote 820
Local 573 Remote 820
Local 586 Remote 820
Local 587 Remote 820
Local 596 Remote 820
Local 580 Remote 820
Local 581 Remote 820
Local 584 Remote 820
Local 588 Remote 820
Local 582 Remote 820
Local 589 Remote 820
Local 589 Remote 820
Local 588 Remote 820
Local 602 Remote 820
Local 601 Remote 820
Local 590 Remote 820
Local 581 Remote 820
Local 582 Remote 820
Local 584 Remote 820
Local 606 Remote 820
Local 600 Remote 820
Local 588 Remote 820
Local 591 Remote 820
Local 607 Remote 820
Local 589 Remote 820
Local 587 Remote 820
Local 572 Remote 820
Local 566 Remote 820
Local 586 Remote 820
Local 580 Remote 820
Local 563 Remote 820
Local 571 Remote 820
Local 590 Remote 820
Local 579 Remote 820
Local 589 Remote 820
Local 594 Remote 820
Local 598 Remote 820
Local 586 Remote 820
Local 578 Remote 820
Local 573 Remote 820
Local 580 Remote 820
Local 580 Remote 820
Local 575 Remote 820
Local 587 Remote 820
Local 577 Remote 820
Local 579 Remote 820
Local 580 Remote 820
Local 573 Remote 820
Local 576 Remote 820
Local 580 Remote 820
Local 571 Remote 820
Local 574 Remote 820
Local 584 Remote 820
Local 591 Remote 820
Local 575 Remote 820
Local 579 Remote 820
Local 569 Remote 820
Local 583 Remote 820
Local 582 Remote 820
Local 581 Remote 820
Local 573 Remote 820
Local 587 Remote 820
Local 581 Remote 820
Local 574 Remote 820
Local 590 Remote 820
Local 589 Remote 820
Local 585 Remote 820
Local 578 Remote 820
Local 592 Remote 820
Local 574 Remote 820
Local 581 Remote 820
Local 579 Remote 820
Local 575 Remote 820
Local 586 Remote 820
Local 579 Remote 820
Local 583 Remote 820
Local 582 Remote 820
Local 583 Remote 820
Local 600 Remote 820
Local 593 Remote 820
Local 591 Remote 820
Local 577 Remote 820
Local 582 Remote 820
Local 587 Remote 820
Local 594 Remote 820
Local 591 Remote 820
Local 590 Remote 820
Local 580 Remote 820
Local 587 Remote 820
Local 591 Remote 820
Local 574 Remote 820
Local 580 Remote 820
Local 587 Remote 820
Local 580 Remote 820
Local 581 Remote 820
Local 583 Remote 820
Local 573 Remote 820
Local 589 Remote 820
Local 588 Remote 820
Local 580 Remote 820
Local 568 Remote 820
Local 565 Remote 820
Local 563 Remote 820
Local 579 Remote 820
Local 596 Remote 820
Local 586 Remote 820
Local 591 Remote 820
Local 553 Remote 820
Local 500 Remote 820
Local 476 Remote 858
Local 473 Remote 835
Local 464 Remote 826
Local 461 Remote 822
Local 460 Remote 820
Local 460 Remote 820
Local 460 Remote 820
Local 460 Remote 902
Local 473 Remote 853
Local 464 Remote 833
Local 461 Remote 824
Local 460 Remote 821
Local 460 Remote 820
Local 460 Remote 820
Local 460 Remote 820
Local 502 Remote 820
Local 477 Remote 838
Local 466 Remote 867
Local 464 Remote 839
Local 461 Remote 827
Local 460 Remote 822
Local 460 Remote 820
Local 473 Remote 820
Local 464 Remote 820
Local 475 Remote 820
Local 481 Remote 820
Local 523 Remote 957
Local 486 Remote 877
Local 470 Remote 843
Local 467 Remote 829
Local 462 Remote 823
Local 460 Remote 820
Local 460 Remote 820
Local 460 Remote 820
Local 460 Remote 820
