Local 690 Remote 820
Local 762 Remote 820
Local 777 Remote 820
Local 783 Remote 820
Local 804 Remote 820
Local 783 Remote 820
Local 802 Remote 820
Local 786 Remote 820
Local 816 Remote 820
Local 789 Remote 820
Local 764 Remote 820
Local 787 Remote 820
Local 770 Remote 820
Local 774 Remote 820
Local 791 Remote 820
Local 803 Remote 820
Local 799 Remote 820
Local 806 Remote 820
Local 800 Remote 820
Local 784 Remote 820
Local 785 Remote 820
Local 811 Remote 820
Local 819 Remote 820
Local 795 Remote 820
Local 766 Remote 820
Local 799 Remote 820
Local 782 Remote 820
Local 773 Remote 820
Local 803 Remote 820
Local 803 Remote 820
Local 798 Remote 820
Local 786 Remote 820
Local 781 Remote 820
Local 809 Remote 820
Local 782 Remote 820
Local 777 Remote 820
Local 810 Remote 820
Local 808 Remote 820
Local 777 Remote 820
Local 777 Remote 820
Local 796 Remote 820
Local 813 Remote 820
Local 787 Remote 820
Local 792 Remote 820
Local 789 Remote 820
Local 794 Remote 820
Local 803 Remote 820
Local 786 Remote 820
Local 782 Remote 820
Local 770 Remote 820
Local 789 Remote 820
Local 808 Remote 820
Local 760 Remote 820
Local 794 Remote 820
Local 786 Remote 820
Local 791 Remote 820
Local 796 Remote 820
Local 789 Remote 820
Local 789 Remote 820
Local 770 Remote 820
Local 808 Remote 820
Local 779 Remote 820
Local 803 Remote 820
Local 775 Remote 820
Local 772 Remote 820
Local 771 Remote 820
Local 794 Remote 820
Local 776 Remote 820
Local 779 Remote 820
Local 780 Remote 820
Local 793 Remote 820
Local 807 Remote 820
Local 800 Remote 820
Local 805 Remote 820
Local 777 Remote 820
Local 809 Remote 820
Local 800 Remote 820
Local 785 Remote 820
Local 774 Remote 820
Local 772 Remote 820
Local 787 Remote 820
Local 781 Remote 820
Local 799 Remote 820
Local 783 Remote 820
Local 796 Remote 820
Local 774 Remote 820
Local 784 Remote 820
Local 803 Remote 820
Local 816 Remote 820
Local 797 Remote 820
Local 811 Remote 820
Local 788 Remote 820
Local 797 Remote 820
Local 801 Remote 820
Local 799 Remote 820
Local 789 Remote 820
Local 797 Remote 820
Local 812 Remote 820
Local 808 Remote 820
Local 783 Remote 820
Local 791 Remote 820
Local 794 Remote 820
Local 787 Remote 820
Local 780 Remote 820
Local 809 Remote 820
Local 822 Remote 820
Local 775 Remote 820
Local 787 Remote 820
Local 797 Remote 820
Local 785 Remote 820
Local 768 Remote 820
Local 805 Remote 820
Local 797 Remote 820
Local 782 Remote 820
Local 795 Remote 820
Local 801 Remote 820
Local 807 Remote 820
Local 772 Remote 820
Local 793 Remote 820
Local 802 Remote 820
Local 798 Remote 820
Local 789 Remote 820
Local 803 Remote 820
Local 807 Remote 820
Local 787 Remote 820
Local 772 Remote 820
Local 774 Remote 820
Local 773 Remote 820
Local 771 Remote 820
Local 778 Remote 820
Local 781 Remote 820
Local 783 Remote 820
Local 772 Remote 820
Local 785 Remote 820
Local 806 Remote 820
Local 759 Remote 820
Local 785 Remote 820
Local 791 Remote 820
Local 792 Remote 820
Local 797 Remote 820
Local 799 Remote 820
Local 797 Remote 820
Local 802 Remote 820
Local 778 Remote 820
Local 771 Remote 820
Local 797 Remote 820
Local 764 Remote 820
Local 785 Remote 820
Local 813 Remote 820
Local 802 Remote 820
Local 795 Remote 820
Local 790 Remote 820
Local 785 Remote 820
Local 794 Remote 820
Local 799 Remote 820
Local 774 Remote 820
Local 760 Remote 820
Local 770 Remote 820
Local 775 Remote 820
Local 774 Remote 820
Local 757 Remote 820
Local 801 Remote 820
Local 798 Remote 820
Local 790 Remote 820
Local 791 Remote 820
Local 794 Remote 820
Local 796 Remote 820
Local 774 Remote 820
Local 795 Remote 820
Local 810 Remote 820
Local 783 Remote 820
Local 792 Remote 820
Local 773 Remote 820
Local 781 Remote 820
Local 786 Remote 820
Local 780 Remote 820
Local 799 Remote 820
Local 791 Remote 820
Local 764 Remote 820
Local 785 Remote 820
Local 795 Remote 820
Local 795 Remote 820
Local 787 Remote 820
Local 814 Remote 820
Local 803 Remote 820
Local 803 Remote 820
Local 800 Remote 820
Local 789 Remote 820
Local 792 Remote 820
Local 782 Remote 820
Local 793 Remote 820
Local 810 Remote 820
Local 803 Remote 820
Local 774 Remote 820
Local 808 Remote 820
Local 791 Remote 820
Local 782 Remote 820
Local 795 Remote 820
Local 807 Remote 820
Local 791 Remote 820
Local 800 Remote 820
Local 790 Remote 820
Local 798 Remote 820
Local 795 Remote 820
Local 794 Remote 820
Local 807 Remote 820
Local 799 Remote 820
Local 774 Remote 820
Local 788 Remote 820
Local 786 Remote 820
Local 792 Remote 820
Local 772 Remote 820
Local 798 Remote 820
Local 787 Remote 820
Local 787 Remote 820
Local 767 Remote 820
Local 774 Remote 820
Local 805 Remote 820
Local 781 Remote 820
Local 804 Remote 820
Local 772 Remote 820
Local 805 Remote 820
Local 778 Remote 820
Local 802 Remote 820
Local 804 Remote 820
Local 781 Remote 820
Local 793 Remote 820
Local 805 Remote 820
Local 780 Remote 820
Local 784 Remote 820
Local 804 Remote 820
Local 779 Remote 820
Local 789 Remote 820
Local 770 Remote 820
Local 770 Remote 820
Local 794 Remote 820
Local 803 Remote 820
Local 787 Remote 820
Local 762 Remote 820
Local 772 Remote 820
Local 777 Remote 820
Local 813 Remote 820
Local 814 Remote 820
Local 816 Remote 820
Local 785 Remote 820
Local 804 Remote 820
Local 800 Remote 820
Local 794 Remote 820
Local 806 Remote 820
Local 797 Remote 820
Local 788 Remote 820
Local 777 Remote 820
Local 790 Remote 820
Local 797 Remote 820
Local 798 Remote 820
Local 774 Remote 820
Local 791 Remote 820
Local 776 Remote 820
Local 791 Remote 820
Local 770 Remote 820
Local 799 Remote 820
Local 785 Remote 820
Local 779 Remote 820
Local 790 Remote 820
Local 796 Remote 820
Local 806 Remote 820
Local 789 Remote 820
Local 795 Remote 820
Local 803 Remote 820
Local 802 Remote 820
Local 802 Remote 820
Local 798 Remote 820
Local 777 Remote 820
Local 788 Remote 820
Local 783 Remote 820
Local 796 Remote 820
Local 797 Remote 820
Local 780 Remote 820
Local 786 Remote 820
Local 788 Remote 820
Local 785 Remote 820
Local 785 Remote 820
Local 799 Remote 820
Local 792 Remote 820
Local 752 Remote 820
Local 776 Remote 820
Local 794 Remote 820
Local 803 Remote 820
Local 776 Remote 820
Local 790 Remote 820
Local 797 Remote 820
Local 776 Remote 820
Local 799 Remote 820
Local 786 Remote 820
Local 799 Remote 820
Local 774 Remote 820
Local 776 Remote 820
Local 792 Remote 820
Local 788 Remote 820
Local 800 Remote 820
Local 799 Remote 820
Local 775 Remote 820
Local 780 Remote 820
Local 784 Remote 820
Local 802 Remote 820
Local 789 Remote 820
Local 769 Remote 820
Local 800 Remote 820
Local 803 Remote 820
Local 780 Remote 820
Local 782 Remote 820
Local 751 Remote 820
Local 790 Remote 820
Local 793 Remote 820
Local 776 Remote 820
Local 788 Remote 820
Local 810 Remote 820
Local 769 Remote 820
Local 786 Remote 820
Local 791 Remote 820
Local 782 Remote 820
Local 797 Remote 820
Local 794 Remote 820
Local 793 Remote 820
Local 785 Remote 820
Local 785 Remote 820
Local 775 Remote 820
Local 797 Remote 820
Local 788 Remote 820
Local 786 Remote 820
Local 770 Remote 820
Local 779 Remote 820
Local 785 Remote 820
Local 802 Remote 820
Local 800 Remote 820
Local 778 Remote 820
Local 806 Remote 820
Local 779 Remote 820
Local 791 Remote 820
Local 777 Remote 820
Local 784 Remote 820
Local 804 Remote 820
Local 803 Remote 820
Local 797 Remote 820
Local 790 Remote 820
Local 794 Remote 820
Local 768 Remote 820
Local 764 Remote 820
Local 803 Remote 820
Local 782 Remote 820
Local 772 Remote 820
Local 801 Remote 820
Local 801 Remote 820
Local 772 Remote 820
Local 802 Remote 820
Local 792 Remote 820
Local 781 Remote 820
Local 779 Remote 820
Local 778 Remote 820
Local 786 Remote 820
Local 778 Remote 820
Local 778 Remote 820
Local 772 Remote 820
Local 754 Remote 820
Local 778 Remote 820
Local 771 Remote 820
Local 780 Remote 820
Local 775 Remote 820
Local 783 Remote 820
Local 774 Remote 820
Local 768 Remote 820
Local 791 Remote 820
Local 784 Remote 820
Local 798 Remote 820
Local 782 Remote 820
Local 779 Remote 820
Local 797 Remote 820
Local 784 Remote 820
Local 767 Remote 820
Local 771 Remote 820
Local 756 Remote 820
Local 787 Remote 820
Local 801 Remote 820
Local 797 Remote 820
Local 790 Remote 820
Local 767 Remote 820
Local 811 Remote 820
Local 782 Remote 820
Local 791 Remote 820
Local 789 Remote 820
Local 795 Remote 820
Local 782 Remote 820
Local 783 Remote 820
Local 783 Remote 820
Local 797 Remote 820
Local 813 Remote 820
Local 778 Remote 820
Local 799 Remote 820
Local 799 Remote 820
Local 789 Remote 820
Local 771 Remote 820
Local 789 Remote 820
Local 786 Remote 820
Local 788 Remote 820
Local 801 Remote 820
Local 812 Remote 820
Local 802 Remote 820
Local 781 Remote 820
Local 789 Remote 820
Local 799 Remote 820
Local 788 Remote 820
Local 782 Remote 820
Local 775 Remote 820
Local 780 Remote 820
Local 768 Remote 820
Local 778 Remote 820
Local 778 Remote 820
Local 793 Remote 820
Local 775 Remote 820
Local 793 Remote 820
Local 792 Remote 820
Local 778 Remote 820
Local 787 Remote 820
Local 779 Remote 820
Local 775 Remote 820
Local 761 Remote 820
Local 781 Remote 820
Local 808 Remote 820
Local 796 Remote 820
Local 790 Remote 820
Local 790 Remote 820
Local 800 Remote 820
Local 769 Remote 820
Local 790 Remote 820
Local 773 Remote 820
Local 802 Remote 820
Local 788 Remote 820
Local 791 Remote 820
Local 813 Remote 820
Local 797 Remote 820
Local 790 Remote 820
Local 801 Remote 820
Local 799 Remote 820
Local 784 Remote 820
Local 793 Remote 820
Local 786 Remote 820
Local 780 Remote 820
Local 783 Remote 820
Local 796 Remote 820
Local 780 Remote 820
Local 785 Remote 820
Local 791 Remote 820
Local 780 Remote 820
Local 777 Remote 820
Local 779 Remote 820
Local 778 Remote 820
Local 785 Remote 820
Local 797 Remote 820
Local 760 Remote 820
Local 787 Remote 820
Local 785 Remote 820
Local 786 Remote 820
Local 802 Remote 820
Local 810 Remote 820
Local 766 Remote 820
Local 761 Remote 820
Local 789 Remote 820
Local 794 Remote 820
Local 788 Remote 820
Local 786 Remote 820
Local 800 Remote 820
Local 793 Remote 820
Local 767 Remote 820
Local 771 Remote 820
Local 776 Remote 820
Local 800 Remote 820
Local 800 Remote 820
Local 759 Remote 820
Local 804 Remote 820
Local 824 Remote 820
Local 798 Remote 820
Local 802 Remote 820
Local 781 Remote 820
Local 807 Remote 820
Local 764 Remote 820
Local 782 Remote 820
Local 792 Remote 820
Local 780 Remote 820
Local 771 Remote 820
Local 789 Remote 820
Local 775 Remote 820
Local 779 Remote 820
Local 787 Remote 820
Local 780 Remote 820
Local 804 Remote 820
Local 777 Remote 820
Local 786 Remote 820
Local 779 Remote 820
Local 787 Remote 820
Local 793 Remote 820
Local 790 Remote 820
Local 790 Remote 820
Local 782 Remote 820
Local 776 Remote 820
Local 792 Remote 820
Local 792 Remote 820
Local 762 Remote 820
Local 772 Remote 820
Local 796 Remote 820
Local 789 Remote 820
Local 780 Remote 820
Local 817 Remote 820
Local 770 Remote 820
Local 782 Remote 820
Local 778 Remote 820
Local 766 Remote 820
Local 790 Remote 820
Local 765 Remote 820
Local 805 Remote 820
Local 777 Remote 820
Local 765 Remote 820
Local 782 Remote 820
Local 772 Remote 820
Local 773 Remote 820
Local 780 Remote 820
Local 788 Remote 820
Local 782 Remote 820
Local 802 Remote 820
Local 778 Remote 820
Local 804 Remote 820
Local 804 Remote 820
Local 806 Remote 820
Local 783 Remote 820
Local 804 Remote 820
Local 815 Remote 820
Local 774 Remote 820
Local 795 Remote 820
Local 782 Remote 820
Local 771 Remote 820
Local 780 Remote 820
Local 771 Remote 820
Local 781 Remote 820
Local 788 Remote 820
Local 789 Remote 820
Local 801 Remote 820
Local 812 Remote 820
Local 779 Remote 820
Local 782 Remote 820
Local 780 Remote 820
Local 765 Remote 820
Local 749 Remote 820
Local 780 Remote 820
Local 818 Remote 820
Local 800 Remote 820
Local 777 Remote 820
Local 804 Remote 820
Local 779 Remote 820
Local 790 Remote 820
Local 788 Remote 820
Local 796 Remote 820
Local 797 Remote 820
Local 787 Remote 820
Local 804 Remote 820
Local 799 Remote 820
Local 768 Remote 820
Local 797 Remote 820
Local 781 Remote 820
Local 796 Remote 820
Local 775 Remote 820
Local 801 Remote 820
Local 794 Remote 820
Local 772 Remote 820
Local 789 Remote 820
Local 764 Remote 820
Local 792 Remote 820
Local 785 Remote 820
Local 789 Remote 820
Local 798 Remote 820
Local 803 Remote 820
Local 788 Remote 820
Local 805 Remote 820
Local 791 Remote 820
Local 788 Remote 820
Local 774 Remote 820
Local 788 Remote 820
Local 782 Remote 820
Local 774 Remote 820
Local 762 Remote 820
Local 800 Remote 820
Local 794 Remote 820
Local 760 Remote 820
Local 775 Remote 820
Local 787 Remote 820
Local 789 Remote 820
Local 769 Remote 820
Local 785 Remote 820
Local 785 Remote 820
Local 764 Remote 820
Local 796 Remote 820
Local 780 Remote 820
Local 783 Remote 820
Local 781 Remote 820
Local 782 Remote 820
Local 791 Remote 820
Local 786 Remote 820
Local 790 Remote 820
Local 780 Remote 820
Local 800 Remote 820
Local 750 Remote 820
Local 786 Remote 820
Local 788 Remote 820
Local 813 Remote 820
Local 794 Remote 820
Local 772 Remote 820
Local 794 Remote 820
Local 775 Remote 820
Local 805 Remote 820
Local 798 Remote 820
Local 764 Remote 820
Local 781 Remote 820
Local 798 Remote 820
Local 789 Remote 820
Local 779 Remote 820
Local 790 Remote 820
Local 797 Remote 820
Local 781 Remote 820
Local 791 Remote 820
Local 782 Remote 820
Local 797 Remote 820
Local 783 Remote 820
Local 799 Remote 820
Local 808 Remote 820
Local 809 Remote 820
Local 797 Remote 820
Local 783 Remote 820
Local 745 Remote 820
Local 774 Remote 820
Local 801 Remote 820
Local 787 Remote 820
Local 802 Remote 820
Local 771 Remote 820
Local 799 Remote 820
Local 782 Remote 820
Local 785 Remote 820
Local 798 Remote 820
Local 800 Remote 820
Local 784 Remote 820
Local 782 Remote 820
Local 804 Remote 820
Local 791 Remote 820
Local 788 Remote 820
Local 776 Remote 820
Local 799 Remote 820
Local 784 Remote 820
Local 786 Remote 820
Local 794 Remote 820
Local 793 Remote 820
Local 775 Remote 820
Local 777 Remote 820
Local 778 Remote 820
Local 792 Remote 820
Local 814 Remote 820
Local 782 Remote 820
Local 775 Remote 820
Local 769 Remote 820
Local 779 Remote 820
Local 760 Remote 820
Local 782 Remote 820
Local 790 Remote 820
Local 763 Remote 820
Local 775 Remote 820
Local 799 Remote 820
Local 791 Remote 820
Local 781 Remote 820
Local 794 Remote 820
Local 792 Remote 820
Local 796 Remote 820
Local 786 Remote 820
Local 800 Remote 820
Local 798 Remote 820
Local 791 Remote 820
Local 794 Remote 820
Local 771 Remote 820
Local 789 Remote 820
Local 796 Remote 820
Local 783 Remote 820
Local 822 Remote 820
Local 827 Remote 820
Local 777 Remote 820
Local 798 Remote 820
Local 784 Remote 820
Local 787 Remote 820
Local 759 Remote 820
Local 775 Remote 820
Local 777 Remote 820
Local 789 Remote 820
Local 791 Remote 820
Local 785 Remote 820
Local 769 Remote 820
Local 791 Remote 820
Local 785 Remote 820
Local 780 Remote 820
Local 793 Remote 820
Local 767 Remote 820
Local 810 Remote 820
Local 809 Remote 820
Local 778 Remote 820
Local 774 Remote 820
Local 800 Remote 820
Local 774 Remote 820
Local 773 Remote 820
Local 774 Remote 820
Local 798 Remote 820
Local 799 Remote 820
Local 764 Remote 820
Local 793 Remote 820
Local 794 Remote 820
Local 792 Remote 820
Local 786 Remote 820
Local 779 Remote 820
Local 797 Remote 820
Local 806 Remote 820
Local 773 Remote 820
Local 814 Remote 820
Local 782 Remote 820
Local 782 Remote 820
Local 781 Remote 820
Local 789 Remote 820
Local 780 Remote 820
Local 770 Remote 820
Local 789 Remote 820
Local 809 Remote 820
Local 788 Remote 820
Local 792 Remote 820
Local 791 Remote 820
Local 777 Remote 820
Local 783 Remote 820
Local 789 Remote 820
Local 787 Remote 820
Local 804 Remote 820
Local 782 Remote 820
Local 799 Remote 820
Local 791 Remote 820
Local 797 Remote 820
Local 778 Remote 820
Local 779 Remote 820
Local 772 Remote 820
Local 783 Remote 820
Local 788 Remote 820
Local 786 Remote 820
Local 785 Remote 820
Local 774 Remote 820
Local 785 Remote 820
Local 790 Remote 820
Local 785 Remote 820
Local 796 Remote 820
Local 785 Remote 820
Local 792 Remote 820
Local 799 Remote 820
Local 779 Remote 820
Local 792 Remote 820
Local 799 Remote 820
Local 785 Remote 820
Local 793 Remote 820
Local 800 Remote 820
Local 796 Remote 820
Local 783 Remote 820
Local 792 Remote 820
Local 803 Remote 820
Local 794 Remote 820
Local 783 Remote 820
Local 787 Remote 820
Local 774 Remote 820
Local 794 Remote 820
Local 794 Remote 820
Local 790 Remote 820
Local 796 Remote 820
Local 770 Remote 820
Local 804 Remote 820
Local 795 Remote 820
Local 784 Remote 820
Local 776 Remote 820
Local 781 Remote 820
Local 776 Remote 820
Local 791 Remote 820
Local 790 Remote 820
Local 808 Remote 820
Local 790 Remote 820
Local 789 Remote 820
Local 786 Remote 820
Local 783 Remote 820
Local 780 Remote 820
Local 743 Remote 820
Local 807 Remote 820
Local 797 Remote 820
Local 775 Remote 820
Local 774 Remote 820
Local 806 Remote 820
Local 802 Remote 820
Local 774 Remote 820
Local 790 Remote 820
Local 803 Remote 820
Local 786 Remote 820
Local 792 Remote 820
Local 790 Remote 820
Local 774 Remote 820
Local 788 Remote 820
Local 803 Remote 820
Local 782 Remote 820
Local 784 Remote 820
Local 797 Remote 820
Local 770 Remote 820
Local 791 Remote 820
Local 776 Remote 820
Local 794 Remote 820
Local 794 Remote 820
Local 800 Remote 820
Local 809 Remote 820
Local 781 Remote 820
Local 790 Remote 820
Local 783 Remote 820
Local 793 Remote 820
Local 765 Remote 820
Local 765 Remote 820
Local 786 Remote 820
Local 785 Remote 820
Local 786 Remote 820
Local 794 Remote 820
Local 798 Remote 820
Local 781 Remote 820
Local 796 Remote 820
Local 775 Remote 820
Local 774 Remote 820
Local 788 Remote 820
Local 763 Remote 820
Local 767 Remote 820
Local 769 Remote 820
Local 770 Remote 820
Local 807 Remote 820
Local 773 Remote 820
Local 811 Remote 820
Local 771 Remote 820
Local 778 Remote 820
Local 782 Remote 820
Local 788 Remote 820
Local 796 Remote 820
Local 783 Remote 820
Local 780 Remote 820
Local 781 Remote 820
Local 773 Remote 820
Local 780 Remote 820
Local 787 Remote 820
Local 789 Remote 820
Local 782 Remote 820
Local 773 Remote 820
Local 803 Remote 820
Local 779 Remote 820
Local 781 Remote 820
Local 781 Remote 820
Local 773 Remote 820
Local 778 Remote 820
Local 791 Remote 820
Local 781 Remote 820
Local 808 Remote 820
Local 788 Remote 820
Local 777 Remote 820
Local 775 Remote 820
Local 783 Remote 820
Local 779 Remote 820
Local 782 Remote 820
Local 820 Remote 820
Local 802 Remote 820
Local 798 Remote 820
Local 814 Remote 820
Local 807 Remote 820
Local 795 Remote 820
Local 765 Remote 820
Local 777 Remote 820
Local 799 Remote 820
Local 785 Remote 820
Local 792 Remote 820
Local 792 Remote 820
Local 812 Remote 820
Local 805 Remote 820
Local 801 Remote 820
Local 805 Remote 820
Local 799 Remote 820
Local 782 Remote 820
Local 768 Remote 820
Local 775 Remote 820
Local 770 Remote 820
Local 775 Remote 820
Local 801 Remote 820
Local 772 Remote 820
Local 770 Remote 820
Local 785 Remote 820
Local 779 Remote 820
Local 781 Remote 820
Local 772 Remote 820
Local 765 Remote 820
Local 778 Remote 820
Local 772 Remote 820
Local 800 Remote 820
Local 776 Remote 820
Local 789 Remote 820
Local 777 Remote 820
Local 808 Remote 820
Local 796 Remote 820
Local 774 Remote 820
Local 772 Remote 820
Local 770 Remote 820
Local 780 Remote 820
Local 776 Remote 820
Local 780 Remote 820
Local 792 Remote 820
Local 787 Remote 820
Local 782 Remote 820
Local 783 Remote 820
Local 776 Remote 820
Local 778 Remote 820
Local 782 Remote 820
Local 799 Remote 820
Local 792 Remote 820
Local 784 Remote 820
Local 790 Remote 820
Local 788 Remote 820
Local 789 Remote 820
Local 804 Remote 820
Local 780 Remote 820
Local 780 Remote 820
Local 785 Remote 820
Local 791 Remote 820
Local 769 Remote 820
Local 794 Remote 820
Local 778 Remote 820
Local 786 Remote 820
Local 802 Remote 820
Local 807 Remote 820
Local 778 Remote 820
Local 767 Remote 820
Local 816 Remote 820
Local 804 Remote 820
Local 791 Remote 820
Local 785 Remote 820
Local 802 Remote 820
Local 790 Remote 820
Local 807 Remote 820
Local 801 Remote 820
Local 792 Remote 820
Local 768 Remote 820
Local 816 Remote 820
Local 803 Remote 820
Local 804 Remote 820
Local 786 Remote 820
Local 803 Remote 820
Local 797 Remote 820
Local 787 Remote 820
Local 791 Remote 820
Local 773 Remote 820
Local 806 Remote 820
Local 782 Remote 820
Local 786 Remote 820
Local 787 Remote 820
Local 767 Remote 820
Local 782 Remote 820
Local 816 Remote 820
Local 810 Remote 820
Local 787 Remote 820
Local 802 Remote 820
Local 804 Remote 820
Local 789 Remote 820
Local 777 Remote 820
Local 783 Remote 820
Local 811 Remote 820
Local 805 Remote 820
Local 786 Remote 820
Local 794 Remote 820
Local 820 Remote 820
Local 798 Remote 820
Local 776 Remote 820
Local 786 Remote 820
Local 786 Remote 820
Local 767 Remote 820
Local 789 Remote 820
Local 776 Remote 820
Local 786 Remote 820
Local 768 Remote 820
Local 786 Remote 820
Local 800 Remote 820
Local 777 Remote 820
Local 786 Remote 820
Local 813 Remote 820
Local 801 Remote 820
Local 768 Remote 820
Local 779 Remote 820
Local 791 Remote 820
Local 800 Remote 820
Local 762 Remote 820
Local 782 Remote 820
Local 781 Remote 820
Local 794 Remote 820
Local 801 Remote 820
Local 781 Remote 820
Local 819 Remote 820
Local 785 Remote 820
Local 809 Remote 820
Local 801 Remote 820
Local 815 Remote 820
Local 786 Remote 820
Local 766 Remote 820
Local 793 Remote 820
Local 794 Remote 820
Local 791 Remote 820
Local 786 Remote 820
Local 801 Remote 820
Local 790 Remote 820
Local 806 Remote 820
Local 789 Remote 820
Local 806 Remote 820
Local 777 Remote 820
Local 768 Remote 820
Local 803 Remote 820
Local 785 Remote 820
Local 788 Remote 820
Local 790 Remote 820
Local 812 Remote 820
Local 783 Remote 820
Local 793 Remote 820
Local 808 Remote 820
Local 804 Remote 820
Local 789 Remote 820
Local 789 Remote 820
Local 799 Remote 820
Local 648 Remote 820
Local 538 Remote 820
Local 492 Remote 820
Local 489 Remote 820
Local 471 Remote 820
Local 464 Remote 820
Local 461 Remote 820
Local 460 Remote 820
Local 460 Remote 820
Local 460 Remote 820
Local 460 Remote 820
Local 460 Remote 820
Local 460 Remote 838
Local 460 Remote 826
Local 460 Remote 822
Local 460 Remote 820
Local 460 Remote 820
Local 460 Remote 820
Local 460 Remote 820
Local 460 Remote 820
Local 460 Remote 853
Local 509 Remote 833
Local 504 Remote 824
Local 478 Remote 821
Local 466 Remote 820
Local 462 Remote 820
Local 460 Remote 820
Local 460 Remote 820
Local 460 Remote 820
Local 488 Remote 820
Local 471 Remote 820
Local 464 Remote 820
Local 461 Remote 820
Local 460 Remote 820
