Local 586 Remote 978
Local 499 Remote 1034
Local 538 Remote 918
Local 484 Remote 850
Local 603 Remote 940
Local 511 Remote 857
Local 563 Remote 848
Local 679 Remote 918
Local 562 Remote 860
Local 548 Remote 912
Local 577 Remote 848
Local 568 Remote 828
Local 614 Remote 857
Local 662 Remote 878
Local 673 Remote 944
Local 529 Remote 858
Local 491 Remote 831
Local 546 Remote 839
Local 498 Remote 946
Local 548 Remote 876
Local 752 Remote 843
Local 726 Remote 831
Local 613 Remote 827
Local 607 Remote 841
Local 558 Remote 841
Local 653 Remote 826
Local 564 Remote 821
Local 604 Remote 892
Local 505 Remote 842
Local 549 Remote 845
Local 517 Remote 844
Local 545 Remote 931
Local 616 Remote 1464
Local 692 Remote 1097
Local 561 Remote 1081
Local 551 Remote 901
Local 663 Remote 989
Local 551 Remote 892
Local 640 Remote 986
Local 581 Remote 871
Local 497 Remote 845
Local 517 Remote 881
Local 570 Remote 844
Local 509 Remote 826
Local 559 Remote 878
Local 623 Remote 844
Local 656 Remote 835
Local 730 Remote 869
Local 694 Remote 880
Local 682 Remote 847
Local 605 Remote 828
Local 604 Remote 822
Local 505 Remote 820
Local 478 Remote 820
Local 561 Remote 861
Local 523 Remote 836
Local 497 Remote 844
Local 567 Remote 854
Local 944 Remote 872
Local 763 Remote 1242
Local 574 Remote 952
Local 616 Remote 875
Local 671 Remote 894
Local 668 Remote 842
Local 601 Remote 919
Local 526 Remote 850
Local 480 Remote 829
Local 530 Remote 966
Local 492 Remote 889
Local 646 Remote 886
Local 817 Remote 1264
Local 694 Remote 1004
Local 623 Remote 925
Local 672 Remote 890
Local 632 Remote 951
Local 595 Remote 860
Local 549 Remote 832
Local 554 Remote 823
Local 499 Remote 907
Local 471 Remote 847
Local 571 Remote 902
Local 564 Remote 856
Local 581 Remote 882
Local 782 Remote 1013
Local 667 Remote 2722
Local 557 Remote 1439
Local 593 Remote 1251
Local 657 Remote 1026
Local 605 Remote 923
Local 626 Remote 964
Local 642 Remote 865
Local 521 Remote 833
Local 550 Remote 878
Local 584 Remote 874
Local 578 Remote 836
Local 572 Remote 847
Local 781 Remote 868
Local 691 Remote 860
Local 732 Remote 971
Local 710 Remote 883
Local 763 Remote 978
Local 690 Remote 881
Local 610 Remote 838
Local 588 Remote 824
Local 500 Remote 820
Local 572 Remote 841
Local 554 Remote 852
Local 501 Remote 831
Local 627 Remote 841
Local 667 Remote 1924
Local 703 Remote 1534
Local 624 Remote 1219
Local 659 Remote 948
Local 636 Remote 905
Local 605 Remote 863
Local 596 Remote 856
Local 548 Remote 831
Local 489 Remote 823
Local 578 Remote 948
Local 553 Remote 860
Local 621 Remote 906
Local 748 Remote 1217
Local 682 Remote 953
Local 608 Remote 863
Local 777 Remote 989
Local 654 Remote 882
Local 619 Remote 838
Local 644 Remote 844
Local 541 Remote 871
Local 484 Remote 840
Local 531 Remote 826
Local 545 Remote 870
Local 500 Remote 840
Local 489 Remote 862
Local 575 Remote 844
Local 605 Remote 957
Local 690 Remote 896
Local 562 Remote 843
Local 628 Remote 838
Local 666 Remote 958
Local 744 Remote 910
Local 629 Remote 1087
Local 512 Remote 904
Local 484 Remote 846
Local 536 Remote 929
Local 486 Remote 853
Local 585 Remote 849
Local 1699 Remote 977
Local 955 Remote 956
Local 769 Remote 894
Local 739 Remote 866
Local 682 Remote 956
Local 579 Remote 862
Local 571 Remote 832
Local 528 Remote 823
Local 537 Remote 826
Local 483 Remote 821
Local 529 Remote 876
Local 575 Remote 837
Local 604 Remote 826
Local 763 Remote 1309
Local 646 Remote 1120
Local 518 Remote 917
Local 619 Remote 980
Local 621 Remote 1024
Local 711 Remote 908
Local 648 Remote 878
Local 682 Remote 838
Local 529 Remote 824
Local 604 Remote 1016
Local 622 Remote 881
Local 630 Remote 943
Local 1030 Remote 871
Local 722 Remote 855
Local 619 Remote 844
Local 754 Remote 947
Local 692 Remote 868
Local 610 Remote 838
Local 590 Remote 824
Local 516 Remote 880
Local 482 Remote 856
Local 534 Remote 870
Local 505 Remote 840
Local 510 Remote 826
Local 537 Remote 1462
Local 571 Remote 1093
Local 550 Remote 952
Local 488 Remote 861
Local 556 Remote 832
Local 602 Remote 877
Local 629 Remote 847
Local 577 Remote 828
Local 496 Remote 851
Local 473 Remote 877
Local 539 Remote 882
Local 541 Remote 838
Local 568 Remote 824
Local 662 Remote 1198
Local 638 Remote 1001
Local 623 Remote 973
Local 673 Remote 928
Local 771 Remote 907
Local 558 Remote 868
Local 583 Remote 873
Local 523 Remote 835
Local 573 Remote 824
Local 495 Remote 820
Local 526 Remote 916
Local 535 Remote 850
Local 591 Remote 892
Local 674 Remote 1550
Local 604 Remote 1140
Local 509 Remote 921
Local 662 Remote 862
Local 693 Remote 832
Local 703 Remote 909
Local 634 Remote 877
Local 523 Remote 837
Local 484 Remote 824
Local 524 Remote 820
Local 500 Remote 824
Local 499 Remote 831
Local 569 Remote 907
Local 685 Remote 1054
Local 767 Remote 895
Local 658 Remote 887
Local 599 Remote 877
Local 570 Remote 876
Local 559 Remote 837
Local 544 Remote 824
Local 500 Remote 847
Local 472 Remote 828
Local 540 Remote 951
Local 554 Remote 860
Local 564 Remote 961
Local 931 Remote 1012
Local 758 Remote 1070
Local 565 Remote 898
Local 571 Remote 844
Local 612 Remote 833
Local 667 Remote 823
Local 741 Remote 930
Local 559 Remote 853
Local 496 Remote 829
Local 471 Remote 822
Local 570 Remote 864
Local 498 Remote 848
Local 549 Remote 865
Local 745 Remote 844
Local 700 Remote 858
Local 678 Remote 945
Local 664 Remote 914
Local 680 Remote 1095
Local 563 Remote 906
Local 567 Remote 850
Local 514 Remote 829
Local 491 Remote 829
Local 475 Remote 822
Local 556 Remote 845
Local 534 Remote 829
Local 488 Remote 886
Local 576 Remote 861
Local 622 Remote 925
Local 634 Remote 1006
Local 612 Remote 884
Local 655 Remote 840
Local 591 Remote 1009
Local 605 Remote 1048
Local 566 Remote 969
Local 609 Remote 866
Local 506 Remote 833
Local 520 Remote 824
Local 532 Remote 822
Local 505 Remote 820
Local 618 Remote 907
Local 552 Remote 1081
Local 624 Remote 966
Local 677 Remote 892
Local 711 Remote 1042
Local 634 Remote 960
Local 568 Remote 863
Local 512 Remote 833
Local 536 Remote 823
Local 483 Remote 820
Local 609 Remote 907
Local 550 Remote 868
Local 602 Remote 890
Local 583 Remote 2320
Local 589 Remote 1345
Local 537 Remote 1003
Local 575 Remote 877
Local 598 Remote 904
Local 629 Remote 846
Local 653 Remote 943
Local 633 Remote 948
Local 561 Remote 910
Local 491 Remote 847
Local 524 Remote 864
Local 505 Remote 833
Local 579 Remote 829
Local 760 Remote 1356
Local 668 Remote 1008
Local 645 Remote 1007
Local 713 Remote 919
Local 674 Remote 881
Local 657 Remote 868
Local 553 Remote 835
Local 499 Remote 848
Local 475 Remote 828
Local 625 Remote 947
Local 530 Remote 859
Local 529 Remote 842
Local 530 Remote 1649
Local 607 Remote 1459
Local 518 Remote 1038
Local 496 Remote 964
Local 553 Remote 865
Local 558 Remote 856
Local 751 Remote 934
Local 570 Remote 855
Local 493 Remote 894
Local 469 Remote 842
Local 523 Remote 895
Local 542 Remote 843
Local 586 Remote 983
Local 612 Remote 1047
Local 653 Remote 891
Local 668 Remote 956
Local 634 Remote 894
Local 620 Remote 882
Local 705 Remote 838
Local 559 Remote 1062
Local 490 Remote 895
Local 469 Remote 843
Local 511 Remote 826
Local 518 Remote 821
Local 588 Remote 859
Local 629 Remote 866
Local 876 Remote 875
Local 659 Remote 904
Local 566 Remote 846
Local 646 Remote 949
Local 567 Remote 867
Local 566 Remote 847
Local 571 Remote 904
Local 494 Remote 877
Local 666 Remote 880
Local 584 Remote 856
Local 500 Remote 880
Local 571 Remote 1061
Local 607 Remote 914
Local 669 Remote 897
Local 684 Remote 870
Local 703 Remote 951
Local 608 Remote 860
Local 666 Remote 832
Local 587 Remote 823
Local 508 Remote 820
Local 475 Remote 820
Local 606 Remote 864
Local 510 Remote 941
Local 555 Remote 881
Local 694 Remote 1094
Local 672 Remote 1021
Local 553 Remote 895
Local 599 Remote 1051
Local 652 Remote 954
Local 600 Remote 862
Local 619 Remote 868
Local 599 Remote 877
Local 504 Remote 940
Local 473 Remote 857
Local 528 Remote 843
Local 520 Remote 826
Local 584 Remote 963
Local 643 Remote 1033
Local 693 Remote 967
Local 633 Remote 865
Local 643 Remote 903
Local 594 Remote 845
Local 576 Remote 878
Local 583 Remote 838
Local 498 Remote 824
Local 484 Remote 833
Local 466 Remote 823
Local 637 Remote 889
Local 521 Remote 841
Local 564 Remote 856
Local 619 Remote 1102
Local 603 Remote 938
Local 566 Remote 1117
Local 624 Remote 946
Local 574 Remote 880
Local 607 Remote 865
Local 582 Remote 834
Local 617 Remote 871
Local 589 Remote 925
Local 500 Remote 852
Local 542 Remote 877
Local 544 Remote 855
Local 566 Remote 1077
Local 698 Remote 984
Local 623 Remote 894
Local 585 Remote 865
Local 784 Remote 953
Local 775 Remote 926
Local 569 Remote 853
Local 556 Remote 852
Local 520 Remote 829
Local 478 Remote 822
Local 464 Remote 820
Local 615 Remote 820
Local 573 Remote 820
Local 568 Remote 830
Local 541 Remote 918
Local 588 Remote 1052
Local 511 Remote 892
Local 596 Remote 863
Local 652 Remote 866
Local 626 Remote 932
Local 732 Remote 933
Local 641 Remote 878
Local 520 Remote 876
Local 549 Remote 838
Local 517 Remote 826
Local 493 Remote 821
Local 545 Remote 842
Local 741 Remote 1125
Local 706 Remote 1025
Local 654 Remote 898
Local 646 Remote 890
Local 636 Remote 897
Local 752 Remote 843
Local 600 Remote 826
Local 614 Remote 1056
Local 516 Remote 894
Local 572 Remote 1099
Local 509 Remote 959
Local 549 Remote 886
Local 630 Remote 973
Local 602 Remote 1440
Local 579 Remote 1074
Local 532 Remote 1092
Local 732 Remote 999
Local 588 Remote 895
Local 632 Remote 1470
Local 583 Remote 1027
Local 498 Remote 885
Local 476 Remote 853
Local 546 Remote 841
Local 527 Remote 842
Local 587 Remote 877
Local 890 Remote 1165
Local 721 Remote 955
Local 707 Remote 888
Local 689 Remote 850
Local 641 Remote 879
Local 639 Remote 838
Local 590 Remote 863
Local 528 Remote 833
Local 481 Remote 832
Local 601 Remote 840
Local 529 Remote 828
Local 505 Remote 822
Local 856 Remote 1099
Local 631 Remote 940
Local 611 Remote 887
Local 773 Remote 840
Local 629 Remote 835
Local 597 Remote 913
Local 552 Remote 889
Local 590 Remote 892
Local 521 Remote 842
Local 495 Remote 826
Local 558 Remote 885
Local 539 Remote 840
Local 568 Remote 844
Local 841 Remote 1112
Local 759 Remote 1156
Local 664 Remote 967
Local 719 Remote 1048
Local 702 Remote 1207
Local 638 Remote 958
Local 577 Remote 862
Local 503 Remote 832
Local 507 Remote 880
Local 474 Remote 844
Local 518 Remote 886
Local 549 Remote 840
Local 599 Remote 829
Local 1415 Remote 855
Local 963 Remote 928
Local 682 Remote 853
Local 756 Remote 829
Local 616 Remote 840
Local 635 Remote 829
Local 619 Remote 921
Local 534 Remote 859
Local 482 Remote 870
Local 466 Remote 835
Local 572 Remote 833
Local 558 Remote 823
Local 589 Remote 829
Local 665 Remote 894
Local 638 Remote 865
Local 655 Remote 933
Local 741 Remote 914
Local 719 Remote 922
Local 557 Remote 851
Local 644 Remote 829
Local 533 Remote 822
Local 482 Remote 820
Local 507 Remote 820
Local 480 Remote 820
Local 610 Remote 841
Local 539 Remote 826
Local 605 Remote 844
Local 804 Remote 1099
Local 655 Remote 947
Local 550 Remote 859
Local 584 Remote 864
Local 630 Remote 945
Local 608 Remote 876
Local 707 Remote 853
Local 550 Remote 837
Local 533 Remote 860
Local 549 Remote 874
Local 524 Remote 836
Local 554 Remote 1006
Local 605 Remote 1338
Local 577 Remote 1023
Local 660 Remote 885
Local 654 Remote 885
Local 629 Remote 910
Local 611 Remote 847
Local 572 Remote 828
Local 522 Remote 847
Local 510 Remote 828
Local 477 Remote 822
Local 571 Remote 841
Local 564 Remote 826
Local 578 Remote 916
Local 725 Remote 1068
Local 682 Remote 1127
Local 569 Remote 1259
Local 600 Remote 958
Local 604 Remote 906
Local 601 Remote 935
Local 664 Remote 856
Local 525 Remote 871
Local 481 Remote 835
Local 541 Remote 862
Local 487 Remote 832
Local 539 Remote 905
Local 612 Remote 1011
Local 542 Remote 884
Local 581 Remote 868
Local 716 Remote 969
Local 724 Remote 933
Local 629 Remote 866
Local 661 Remote 844
Local 595 Remote 835
Local 664 Remote 824
Local 529 Remote 823
Local 559 Remote 941
Local 587 Remote 857
Local 584 Remote 871
Local 578 Remote 2147
Local 637 Remote 1503
Local 606 Remote 1036
Local 565 Remote 1007
Local 598 Remote 878
Local 584 Remote 853
Local 626 Remote 829
Local 546 Remote 895
Local 487 Remote 906
Local 468 Remote 847
Local 505 Remote 828
Local 495 Remote 822
Local 585 Remote 825
Local 672 Remote 900
Local 663 Remote 874
Local 698 Remote 903
Local 777 Remote 845
Local 715 Remote 874
Local 676 Remote 836
Local 608 Remote 824
Local 529 Remote 821
Local 499 Remote 820
Local 517 Remote 822
Local 511 Remote 970
Local 511 Remote 867
Local 816 Remote 883
Local 682 Remote 1219
Local 727 Remote 1040
Local 654 Remote 1029
Local 622 Remote 914
Local 613 Remote 894
Local 647 Remote 842
Local 616 Remote 844
Local 508 Remote 855
Local 509 Remote 830
Local 694 Remote 847
Local 589 Remote 835
Local 612 Remote 854
Local 620 Remote 1225
Local 551 Remote 972
Local 647 Remote 4269
Local 706 Remote 2042
Local 671 Remote 1278
Local 605 Remote 964
Local 592 Remote 865
Local 543 Remote 833
Local 485 Remote 823
Local 466 Remote 820
Local 558 Remote 898
Local 512 Remote 844
Local 570 Remote 907
Local 579 Remote 890
Local 689 Remote 901
Local 580 Remote 844
Local 525 Remote 874
Local 618 Remote 851
Local 573 Remote 829
Local 748 Remote 878
Local 602 Remote 838
Local 518 Remote 824
Local 478 Remote 820
Local 510 Remote 930
Local 510 Remote 853
Local 564 Remote 870
Local 661 Remote 883
Local 666 Remote 885
Local 630 Remote 901
Local 594 Remote 866
Local 565 Remote 853
Local 576 Remote 829
Local 531 Remote 837
Local 492 Remote 860
Local 480 Remote 844
Local 470 Remote 826
Local 532 Remote 825
Local 517 Remote 820
Local 595 Remote 859
Local 631 Remote 1082
Local 629 Remote 1030
Local 581 Remote 952
Local 586 Remote 1107
Local 611 Remote 989
Local 571 Remote 890
Local 555 Remote 858
Local 577 Remote 848
Local 507 Remote 967
Local 475 Remote 865
Local 584 Remote 840
Local 521 Remote 958
Local 561 Remote 921
Local 639 Remote 983
Local 611 Remote 871
Local 600 Remote 851
Local 706 Remote 975
Local 724 Remote 964
Local 617 Remote 865
Local 614 Remote 833
Local 578 Remote 823
Local 504 Remote 820
Local 607 Remote 862
Local 612 Remote 904
Local 518 Remote 846
Local 577 Remote 847
Local 599 Remote 1059
Local 624 Remote 1068
Local 555 Remote 1033
Local 712 Remote 973
Local 677 Remote 894
Local 644 Remote 937
Local 629 Remote 904
Local 523 Remote 846
Local 479 Remote 827
Local 521 Remote 821
Local 488 Remote 820
Local 532 Remote 820
Local 635 Remote 1428
Local 583 Remote 1076
Local 659 Remote 946
Local 742 Remote 935
Local 691 Remote 882
Local 713 Remote 844
Local 684 Remote 826
Local 607 Remote 835
Local 532 Remote 1262
Local 482 Remote 959
Local 658 Remote 864
Local 545 Remote 869
Local 493 Remote 835
Local 617 Remote 900
Local 561 Remote 930
Local 565 Remote 914
Local 526 Remote 886
Local 541 Remote 864
Local 588 Remote 878
Local 675 Remote 888
Local 573 Remote 958
Local 525 Remote 862
Local 480 Remote 832
Local 559 Remote 868
Local 548 Remote 835
Local 606 Remote 824
Local 630 Remote 831
Local 607 Remote 848
Local 705 Remote 906
Local 703 Remote 933
Local 686 Remote 937
Local 557 Remote 891
Local 585 Remote 841
Local 545 Remote 826
Local 504 Remote 840
Local 473 Remote 826
Local 624 Remote 906
Local 657 Remote 865
Local 615 Remote 881
Local 615 Remote 1051
Local 638 Remote 991
Local 572 Remote 874
Local 498 Remote 928
Local 523 Remote 881
Local 618 Remote 925
Local 723 Remote 1015
Local 604 Remote 892
Local 526 Remote 842
Local 494 Remote 845
Local 540 Remote 856
Local 522 Remote 989
Local 574 Remote 896
Local 640 Remote 1113
Local 622 Remote 915
Local 645 Remote 936
Local 741 Remote 974
Local 664 Remote 1019
Local 721 Remote 882
Local 602 Remote 847
Local 541 Remote 828
Local 501 Remote 832
Local 472 Remote 823
Local 590 Remote 926
Local 542 Remote 853
Local 593 Remote 914
Local 573 Remote 1594
Local 694 Remote 1158
Local 568 Remote 925
Local 526 Remote 1092
Local 604 Remote 996
Local 556 Remote 875
Local 623 Remote 963
Local 564 Remote 959
Local 492 Remote 919
Local 541 Remote 863
Local 523 Remote 853
Local 513 Remote 829
Local 608 Remote 1401
Local 604 Remote 1064
Local 633 Remote 953
Local 675 Remote 951
Local 716 Remote 879
Local 661 Remote 892
Local 555 Remote 842
Local 601 Remote 838
Local 540 Remote 824
Local 605 Remote 828
Local 510 Remote 822
Local 564 Remote 820
Local 641 Remote 866
Local 545 Remote 833
Local 638 Remote 922
Local 634 Remote 1823
Local 618 Remote 1207
Local 509 Remote 1122
Local 649 Remote 914
Local 657 Remote 856
Local 596 Remote 866
Local 588 Remote 860
Local 559 Remote 832
Local 490 Remote 823
Local 626 Remote 879
Local 578 Remote 927
Local 536 Remote 861
Local 595 Remote 1020
Local 586 Remote 889
Local 629 Remote 869
Local 749 Remote 878
Local 710 Remote 974
Local 589 Remote 868
Local 561 Remote 835
Local 521 Remote 976
Local 505 Remote 868
Local 474 Remote 835
Local 647 Remote 871
Local 576 Remote 841
Local 602 Remote 897
Local 580 Remote 1114
Local 626 Remote 1115
Local 529 Remote 912
Local 498 Remote 992
Local 602 Remote 939
Local 551 Remote 867
Local 917 Remote 883
Local 630 Remote 839
Local 513 Remote 825
Local 475 Remote 820
Local 550 Remote 850
Local 532 Remote 846
Local 551 Remote 861
Local 791 Remote 1027
Local 717 Remote 957
Local 680 Remote 892
Local 658 Remote 862
Local 631 Remote 858
Local 654 Remote 831
Local 636 Remote 834
Local 594 Remote 823
Local 502 Remote 820
Local 621 Remote 1083
Local 580 Remote 1044
Local 562 Remote 925
Local 603 Remote 1293
Local 636 Remote 1168
Local 599 Remote 1018
Local 521 Remote 882
Local 627 Remote 964
Local 577 Remote 865
Local 699 Remote 1866
Local 607 Remote 1150
Local 505 Remote 926
Local 475 Remote 853
Local 518 Remote 829
Local 489 Remote 822
Local 609 Remote 865
Local 771 Remote 1165
Local 657 Remote 928
Local 598 Remote 880
Local 679 Remote 946
Local 714 Remote 909
Local 587 Remote 847
Local 552 Remote 828
Local 510 Remote 868
Local 475 Remote 835
Local 472 Remote 824
Local 610 Remote 838
Local 574 Remote 877
Local 586 Remote 839
Local 590 Remote 1116
Local 644 Remote 1032
Local 550 Remote 907
Local 601 Remote 847
Local 584 Remote 828
Local 547 Remote 836
Local 634 Remote 988
Local 542 Remote 872
Local 562 Remote 842
Local 491 Remote 826
Local 557 Remote 843
Local 511 Remote 826
Local 600 Remote 839
Local 808 Remote 928
Local 734 Remote 892
Local 654 Remote 953
Local 670 Remote 888
Local 637 Remote 853
Local 616 Remote 829
Local 627 Remote 822
Local 651 Remote 820
Local 520 Remote 820
Local 643 Remote 927
Local 571 Remote 902
Local 559 Remote 844
Local 631 Remote 1116
Local 610 Remote 980
Local 578 Remote 904
Local 499 Remote 882
Local 601 Remote 838
Local 601 Remote 844
Local 611 Remote 940
Local 565 Remote 881
Local 492 Remote 838
Local 469 Remote 824
Local 588 Remote 826
Local 520 Remote 825
Local 590 Remote 906
Local 631 Remote 1108
Local 618 Remote 1023
Local 646 Remote 886
Local 675 Remote 1002
Local 608 Remote 986
Local 535 Remote 871
Local 529 Remote 837
Local 507 Remote 824
Local 474 Remote 820
Local 550 Remote 893
Local 491 Remote 847
Local 525 Remote 894
Local 568 Remote 842
Local 612 Remote 826
Local 632 Remote 1005
Local 557 Remote 941
Local 520 Remote 857
Local 571 Remote 831
Local 613 Remote 856
Local 600 Remote 836
Local 582 Remote 907
Local 642 Remote 847
Local 524 Remote 828
Local 572 Remote 828
Local 569 Remote 850
Local 572 Remote 898
Local 545 Remote 898
Local 646 Remote 849
Local 671 Remote 848
Local 677 Remote 937
Local 698 Remote 897
Local 707 Remote 953
Local 660 Remote 899
Local 558 Remote 853
Local 502 Remote 829
Local 472 Remote 822
Local 573 Remote 854
Local 518 Remote 833
Local 536 Remote 925
Local 660 Remote 982
Local 648 Remote 934
Local 577 Remote 1112
Local 537 Remote 1301
Local 592 Remote 1015
Local 670 Remote 947
Local 608 Remote 859
Local 562 Remote 841
Local 525 Remote 853
Local 480 Remote 829
Local 576 Remote 823
Local 536 Remote 820
Local 572 Remote 827
Local 620 Remote 988
Local 630 Remote 933
Local 601 Remote 867
Local 672 Remote 900
Local 712 Remote 948
Local 544 Remote 860
Local 538 Remote 833
Local 719 Remote 976
Local 554 Remote 868
Local 593 Remote 916
Local 611 Remote 893
Local 600 Remote 844
Local 583 Remote 843
Local 915 Remote 1002
Local 680 Remote 912
Local 539 Remote 848
Local 597 Remote 874
Local 598 Remote 934
Local 624 Remote 894
Local 639 Remote 922
Local 536 Remote 972
Local 483 Remote 867
Local 532 Remote 864
Local 524 Remote 838
Local 493 Remote 824
Local 589 Remote 889
Local 605 Remote 848
Local 651 Remote 835
Local 715 Remote 886
Local 730 Remote 868
Local 684 Remote 887
Local 762 Remote 868
Local 636 Remote 848
Local 515 Remote 828
Local 478 Remote 823
Local 628 Remote 970
Local 551 Remote 874
Local 579 Remote 954
Local 625 Remote 1687
Local 698 Remote 1475
Local 620 Remote 1027
Local 535 Remote 885
Local 580 Remote 840
Local 552 Remote 876
Local 654 Remote 865
Local 733 Remote 833
Local 547 Remote 823
Local 487 Remote 820
Local 546 Remote 895
Local 544 Remote 843
Local 580 Remote 867
Local 669 Remote 1046
Local 667 Remote 912
Local 643 Remote 894
Local 724 Remote 968
Local 697 Remote 992
Local 660 Remote 874
Local 581 Remote 836
Local 529 Remote 880
Local 481 Remote 850
Local 538 Remote 957
Local 550 Remote 862
Local 547 Remote 832
Local 631 Remote 1324
Local 673 Remote 1095
Local 593 Remote 940
Local 508 Remote 857
Local 587 Remote 831
Local 623 Remote 886
Local 577 Remote 847
Local 607 Remote 956
Local 541 Remote 1009
Local 498 Remote 878
Local 530 Remote 872
Local 579 Remote 835
Local 571 Remote 882
Local 669 Remote 1074
Local 604 Remote 950
Local 585 Remote 892
Local 727 Remote 947
Local 705 Remote 978
Local 575 Remote 893
Local 587 Remote 843
Local 566 Remote 826
Local 493 Remote 821
Local 486 Remote 820
Local 467 Remote 820
Local 510 Remote 838
Local 475 Remote 824
Local 562 Remote 874
Local 577 Remote 892
Local 582 Remote 872
Local 547 Remote 835
Local 621 Remote 962
Local 636 Remote 864
Local 599 Remote 878
Local 587 Remote 840
Local 646 Remote 826
Local 534 Remote 821
Local 564 Remote 952
Local 522 Remote 861
Local 562 Remote 893
Local 634 Remote 1111
Local 660 Remote 929
Local 614 Remote 868
Local 659 Remote 897
Local 624 Remote 968
Local 556 Remote 869
Local 563 Remote 846
Local 550 Remote 830
Local 678 Remote 834
Local 528 Remote 823
Local 536 Remote 826
Local 509 Remote 821
Local 601 Remote 874
Local 2748 Remote 933
Local 1423 Remote 933
Local 780 Remote 855
Local 573 Remote 890
Local 599 Remote 960
Local 532 Remote 865
Local 551 Remote 850
Local 510 Remote 854
Local 475 Remote 829
Local 535 Remote 954
Local 567 Remote 877
Local 510 Remote 870
Local 550 Remote 928
Local 703 Remote 913
Local 725 Remote 977
Local 705 Remote 909
Local 610 Remote 894
Local 631 Remote 897
Local 616 Remote 871
Local 534 Remote 1398
Local 482 Remote 1157
Local 479 Remote 925
Local 545 Remote 884
Local 486 Remote 848
Local 546 Remote 828
Local 685 Remote 827
Local 631 Remote 899
Local 571 Remote 844
Local 536 Remote 826
Local 562 Remote 881
Local 642 Remote 851
Local 681 Remote 987
Local 577 Remote 914
Local 509 Remote 979
Local 475 Remote 869
Local 540 Remote 901
Local 530 Remote 862
Local 604 Remote 838
Local 1176 Remote 1794
Local 809 Remote 1137
Local 647 Remote 937
Local 783 Remote 962
Local 668 Remote 865
Local 528 Remote 833
Local 554 Remote 823
Local 682 Remote 846
Local 529 Remote 827
Local 540 Remote 826
Local 613 Remote 822
Local 539 Remote 820
Local 585 Remote 820
Local 758 Remote 1141
Local 656 Remote 958
Local 562 Remote 1017
Local 552 Remote 895
Local 591 Remote 907
Local 620 Remote 867
Local 563 Remote 896
Local 519 Remote 896
Local 478 Remote 843
Local 620 Remote 951
Local 527 Remote 860
Local 536 Remote 1052
Local 700 Remote 1210
Local 670 Remote 1000
Local 730 Remote 924
Local 660 Remote 908
Local 623 Remote 903
Local 574 Remote 845
Local 601 Remote 833
Local 751 Remote 823
Local 595 Remote 876
Local 505 Remote 840
Local 557 Remote 983
Local 508 Remote 887
Local 555 Remote 927
Local 717 Remote 969
Local 665 Remote 896
Local 553 Remote 868
Local 496 Remote 982
Local 609 Remote 938
Local 530 Remote 856
Local 783 Remote 939
Local 588 Remote 1059
Local 500 Remote 895
Local 472 Remote 843
Local 532 Remote 831
Local 518 Remote 823
Local 606 Remote 1085
Local 571 Remote 989
Local 651 Remote 969
Local 721 Remote 1019
Local 695 Remote 895
Local 673 Remote 878
Local 613 Remote 838
Local 592 Remote 854
Local 522 Remote 829
Local 760 Remote 842
Local 554 Remote 826
Local 561 Remote 821
Local 514 Remote 820
Local 564 Remote 978
Local 647 Remote 1341
Local 550 Remote 1364
Local 652 Remote 1012
Local 560 Remote 913
Local 654 Remote 854
Local 584 Remote 853
Local 623 Remote 930
Local 610 Remote 904
Local 628 Remote 954
Local 530 Remote 862
Local 577 Remote 913
Local 565 Remote 848
Local 601 Remote 829
Local 629 Remote 1093
Local 608 Remote 905
Local 624 Remote 991
Local 712 Remote 967
Local 652 Remote 981
Local 651 Remote 870
Local 537 Remote 844
Local 645 Remote 826
Local 518 Remote 821
Local 564 Remote 881
Local 492 Remote 856
Local 531 Remote 835
Local 578 Remote 1391
Local 597 Remote 1060
Local 599 Remote 935
Local 634 Remote 856
Local 576 Remote 831
Local 577 Remote 862
Local 619 Remote 950
Local 600 Remote 874
Local 514 Remote 849
Local 480 Remote 828
Local 553 Remote 835
Local 690 Remote 835
Local 630 Remote 844
Local 622 Remote 1166
Local 601 Remote 960
Local 611 Remote 897
Local 762 Remote 948
Local 743 Remote 991
Local 601 Remote 874
Local 544 Remote 836
Local 511 Remote 824
Local 500 Remote 961
Local 472 Remote 863
Local 640 Remote 889
Local 566 Remote 907
Local 574 Remote 865
Local 691 Remote 861
Local 654 Remote 910
Local 553 Remote 847
Local 534 Remote 907
Local 656 Remote 915
Local 598 Remote 849
Local 754 Remote 945
Local 636 Remote 858
Local 523 Remote 831
Local 479 Remote 823
Local 539 Remote 892
Local 565 Remote 842
Local 598 Remote 930
Local 709 Remote 1017
Local 683 Remote 937
Local 671 Remote 897
Local 693 Remote 896
Local 688 Remote 892
Local 545 Remote 842
Local 526 Remote 826
Local 514 Remote 887
Local 479 Remote 840
Local 516 Remote 826
Local 554 Remote 933
Local 526 Remote 855
Local 584 Remote 858
Local 607 Remote 986
Local 612 Remote 926
Local 541 Remote 853
Local 677 Remote 829
Local 625 Remote 868
Local 573 Remote 851
Local 786 Remote 912
Local 565 Remote 848
Local 492 Remote 836
Local 546 Remote 895
Local 511 Remote 851
Local 484 Remote 829
Local 554 Remote 835
Local 667 Remote 877
Local 657 Remote 942
Local 687 Remote 964
Local 669 Remote 872
Local 683 Remote 914
Local 626 Remote 865
Local 544 Remote 834
Local 512 Remote 823
Local 476 Remote 820
Local 697 Remote 874
Local 578 Remote 842
Local 511 Remote 885
Local 648 Remote 1217
Local 620 Remote 986
Local 656 Remote 889
Local 587 Remote 946
Local 578 Remote 873
Local 620 Remote 860
Local 624 Remote 908
Local 643 Remote 869
Local 519 Remote 835
Local 480 Remote 824
Local 581 Remote 955
Local 551 Remote 862
Local 614 Remote 947
Local 730 Remote 1573
Local 646 Remote 1128
Local 613 Remote 988
Local 708 Remote 1038
Local 635 Remote 899
Local 543 Remote 967
Local 562 Remote 866
Local 499 Remote 833
Local 471 Remote 823
Local 466 Remote 820
Local 461 Remote 820
Local 603 Remote 909
Local 589 Remote 849
Local 651 Remote 832
Local 734 Remote 1108
Local 700 Remote 1331
Local 554 Remote 981
Local 544 Remote 939
Local 638 Remote 856
Local 554 Remote 852
Local 809 Remote 952
Local 581 Remote 865
Local 497 Remote 833
Local 471 Remote 823
Local 527 Remote 820
Local 512 Remote 820
Local 562 Remote 832
Local 655 Remote 824
Local 640 Remote 823
Local 678 Remote 833
Local 586 Remote 827
Local 625 Remote 897
Local 629 Remote 885
Local 554 Remote 840
Local 510 Remote 904
Local 479 Remote 846
Local 580 Remote 862
Local 517 Remote 832
Local 583 Remote 880
Local 624 Remote 1291
Local 630 Remote 1018
Local 588 Remote 949
Local 514 Remote 860
Local 653 Remote 838
Local 726 Remote 859
Local 663 Remote 893
Local 631 Remote 965
Local 514 Remote 886
Local 476 Remote 846
Local 547 Remote 886
Local 516 Remote 856
Local 495 Remote 845
Local 655 Remote 916
Local 613 Remote 1148
Local 669 Remote 1018
Local 715 Remote 920
Local 669 Remote 862
Local 683 Remote 869
Local 549 Remote 835
Local 527 Remote 835
Local 575 Remote 878
Local 496 Remote 838
Local 507 Remote 945
Local 517 Remote 986
Local 490 Remote 871
Local 558 Remote 910
Local 682 Remote 1368
Local 610 Remote 1057
Local 528 Remote 894
Local 589 Remote 848
Local 641 Remote 880
Local 567 Remote 917
Local 610 Remote 908
Local 507 Remote 847
Local 475 Remote 828
Local 548 Remote 898
Local 487 Remote 844
Local 600 Remote 841
Local 681 Remote 830
Local 735 Remote 1271
Local 683 Remote 1003
Local 662 Remote 877
Local 594 Remote 913
Local 636 Remote 848
Local 612 Remote 867
Local 561 Remote 838
Local 516 Remote 824
Local 478 Remote 820
Local 577 Remote 1080
Local 528 Remote 912
Local 582 Remote 856
Local 630 Remote 920
Local 657 Remote 1168
Local 553 Remote 946
Local 531 Remote 934
Local 572 Remote 855
Local 544 Remote 838
Local 590 Remote 876
Local 552 Remote 837
Local 490 Remote 824
Local 469 Remote 820
Local 497 Remote 820
Local 481 Remote 820
Local 538 Remote 891
Local 616 Remote 898
Local 682 Remote 921
Local 657 Remote 910
Local 653 Remote 880
Local 667 Remote 895
Local 700 Remote 846
Local 628 Remote 835
Local 512 Remote 831
Local 496 Remote 877
Local 537 Remote 838
Local 503 Remote 826
Local 510 Remote 826
Local 603 Remote 874
Local 729 Remote 1545
Local 658 Remote 1074
Local 522 Remote 1258
Local 573 Remote 958
Local 652 Remote 880
Local 588 Remote 847
Local 646 Remote 862
Local 641 Remote 832
Local 518 Remote 823
Local 566 Remote 824
Local 515 Remote 820
Local 551 Remote 881
Local 759 Remote 1463
Local 648 Remote 1105
Local 628 Remote 942
Local 725 Remote 981
Local 644 Remote 908
Local 554 Remote 876
Local 553 Remote 837
Local 544 Remote 852
Local 486 Remote 829
Local 473 Remote 822
Local 463 Remote 820
Local 564 Remote 853
Local 526 Remote 855
Local 604 Remote 912
Local 706 Remote 2349
Local 754 Remote 1375
Local 579 Remote 995
Local 649 Remote 968
Local 599 Remote 900
Local 633 Remote 951
Local 661 Remote 888
Local 606 Remote 859
Local 533 Remote 851
Local 533 Remote 868
Local 505 Remote 851
Local 505 Remote 829
Local 547 Remote 823
Local 858 Remote 820
Local 735 Remote 1072
Local 699 Remote 1006
Local 646 Remote 898
Local 688 Remote 891
Local 667 Remote 841
Local 570 Remote 826
Local 526 Remote 865
Local 481 Remote 833
Local 559 Remote 870
Local 501 Remote 840
Local 484 Remote 858
Local 1076 Remote 1092
Local 817 Remote 2536
Local 659 Remote 1373
Local 648 Remote 1373
Local 592 Remote 1010
Local 570 Remote 970
Local 602 Remote 867
Local 581 Remote 878
Local 497 Remote 838
Local 481 Remote 824
Local 536 Remote 875
Local 491 Remote 836
Local 534 Remote 846
Local 604 Remote 1420
Local 598 Remote 1247
Local 674 Remote 1051
Local 679 Remote 928
Local 813 Remote 920
Local 744 Remote 1051
Local 563 Remote 892
Local 566 Remote 842
Local 779 Remote 920
Local 560 Remote 873
Local 564 Remote 903
Local 604 Remote 905
Local 514 Remote 851
Local 611 Remote 875
Local 829 Remote 1073
Local 680 Remote 898
Local 589 Remote 1333
Local 574 Remote 982
Local 599 Remote 952
Local 669 Remote 925
Local 697 Remote 857
Local 534 Remote 831
Local 482 Remote 847
Local 593 Remote 889
Local 523 Remote 841
Local 546 Remote 826
Local 593 Remote 823
Local 582 Remote 1148
Local 684 Remote 963
Local 686 Remote 934
Local 629 Remote 976
Local 584 Remote 945
Local 583 Remote 947
Local 555 Remote 859
Local 499 Remote 863
Local 481 Remote 833
Local 608 Remote 861
Local 568 Remote 865
Local 604 Remote 913
Local 631 Remote 1087
Local 692 Remote 1116
Local 575 Remote 913
Local 505 Remote 848
Local 521 Remote 849
Local 595 Remote 828
Local 589 Remote 977
Local 611 Remote 937
Local 533 Remote 856
Local 484 Remote 831
Local 553 Remote 909
Local 528 Remote 880
Local 571 Remote 838
Local 642 Remote 1481
Local 636 Remote 1078
Local 624 Remote 931
Local 632 Remote 931
Local 595 Remote 894
Local 583 Remote 871
Local 582 Remote 835
Local 624 Remote 824
Local 516 Remote 977
Local 477 Remote 868
Local 608 Remote 976
Local 527 Remote 875
Local 560 Remote 1161
Local 557 Remote 1366
Local 640 Remote 1103
Local 758 Remote 909
Local 595 Remote 847
Local 592 Remote 842
Local 547 Remote 826
Local 614 Remote 848
Local 1177 Remote 918
Local 685 Remote 871
Local 646 Remote 904
Local 598 Remote 897
Local 518 Remote 849
Local 551 Remote 831
Local 576 Remote 904
Local 662 Remote 882
Local 700 Remote 895
Local 645 Remote 843
Local 606 Remote 891
Local 590 Remote 841
Local 564 Remote 832
Local 492 Remote 823
Local 469 Remote 820
Local 462 Remote 820
Local 529 Remote 820
Local 510 Remote 820
Local 562 Remote 822
Local 646 Remote 1055
Local 571 Remote 953
Local 573 Remote 870
Local 628 Remote 835
Local 582 Remote 885
Local 723 Remote 901
Local 634 Remote 876
Local 557 Remote 857
Local 492 Remote 832
Local 472 Remote 823
Local 581 Remote 831
Local 610 Remote 823
Local 593 Remote 870
Local 678 Remote 1112
Local 634 Remote 1033
Local 617 Remote 928
Local 729 Remote 988
Local 744 Remote 970
Local 556 Remote 867
Local 589 Remote 834
Local 519 Remote 927
Local 527 Remote 860
Local 480 Remote 832
Local 509 Remote 824
Local 509 Remote 820
Local 580 Remote 871
Local 611 Remote 1093
Local 624 Remote 931
Local 511 Remote 854
Local 576 Remote 1049
Local 588 Remote 892
Local 587 Remote 916
Local 594 Remote 856
Local 506 Remote 831
Local 477 Remote 833
Local 527 Remote 915
Local 589 Remote 849
Local 588 Remote 847
Local 661 Remote 1326
Local 660 Remote 1111
Local 697 Remote 974
Local 667 Remote 882
Local 748 Remote 928
Local 783 Remote 925
Local 617 Remote 860
Local 576 Remote 832
Local 520 Remote 844
Local 499 Remote 826
Local 536 Remote 860
Local 535 Remote 873
Local 641 Remote 940
Local 591 Remote 899
Local 791 Remote 1097
Local 757 Remote 1090
Local 573 Remote 904
Local 676 Remote 883
Local 674 Remote 845
Local 656 Remote 885
Local 784 Remote 840
Local 568 Remote 826
Local 508 Remote 835
Local 539 Remote 918
Local 508 Remote 850
Local 553 Remote 829
Local 722 Remote 972
Local 608 Remote 1185
Local 661 Remote 1007
Local 624 Remote 943
Local 622 Remote 930
Local 608 Remote 892
Local 603 Remote 842
Local 525 Remote 838
Local 485 Remote 883
Local 469 Remote 839
Local 602 Remote 858
Local 536 Remote 836
Local 578 Remote 947
Local 602 Remote 1311
Local 625 Remote 1079
Local 518 Remote 901
Local 502 Remote 844
Local 545 Remote 826
Local 575 Remote 823
Local 802 Remote 831
Local 605 Remote 826
Local 509 Remote 821
Local 475 Remote 820
Local 517 Remote 820
Local 540 Remote 825
Local 651 Remote 855
Local 688 Remote 950
Local 676 Remote 945
Local 690 Remote 887
Local 683 Remote 861
Local 680 Remote 875
Local 671 Remote 841
Local 679 Remote 828
Local 529 Remote 823
Local 481 Remote 820
Local 567 Remote 835
Local 534 Remote 824
Local 544 Remote 824
Local 575 Remote 1327
Local 649 Remote 1026
Local 590 Remote 888
Local 519 Remote 841
Local 547 Remote 858
Local 519 Remote 841
Local 708 Remote 888
Local 551 Remote 841
Local 488 Remote 835
Local 468 Remote 824
Local 554 Remote 978
Local 590 Remote 902
Local 563 Remote 878
Local 652 Remote 888
Local 690 Remote 863
Local 654 Remote 971
Local 694 Remote 884
Local 672 Remote 874
Local 666 Remote 836
Local 623 Remote 835
Local 568 Remote 901
Local 523 Remote 844
Local 483 Remote 826
Local 535 Remote 934
Local 488 Remote 855
Local 513 Remote 830
Local 582 Remote 1310
Local 619 Remote 1026
Local 656 Remote 898
Local 562 Remote 942
Local 562 Remote 902
Local 750 Remote 847
Local 613 Remote 856
Local 608 Remote 831
Local 506 Remote 823
Local 475 Remote 823
Local 636 Remote 839
Local 556 Remote 833
Local 564 Remote 930
Local 2017 Remote 1594
Local 1062 Remote 1076
Local 793 Remote 946
Local 741 Remote 886
Local 680 Remote 967
Local 543 Remote 865
Local 599 Remote 835
Local 513 Remote 852
Local 475 Remote 829
Local 464 Remote 822
Local 615 Remote 840
Local 513 Remote 959
Local 581 Remote 868
Local 716 Remote 1128
Local 646 Remote 937
Local 565 Remote 856
Local 572 Remote 1032
Local 636 Remote 887
Local 573 Remote 856
Local 655 Remote 904
Local 761 Remote 1067
Local 554 Remote 897
Local 551 Remote 887
Local 544 Remote 858
Local 525 Remote 831
Local 611 Remote 938
Local 858 Remote 912
Local 746 Remote 936
Local 744 Remote 982
Local 679 Remote 870
Local 649 Remote 880
Local 718 Remote 970
Local 602 Remote 883
Local 513 Remote 839
Local 475 Remote 826
Local 570 Remote 878
Local 544 Remote 838
Local 571 Remote 828
Local 709 Remote 1767
Local 675 Remote 1351
Local 560 Remote 1021
Local 510 Remote 946
Local 547 Remote 859
Local 565 Remote 842
Local 673 Remote 892
Local 555 Remote 955
Local 489 Remote 862
Local 542 Remote 890
Local 534 Remote 861
Local 526 Remote 832
Local 594 Remote 827
Local 683 Remote 1517
Local 700 Remote 1044
Local 689 Remote 1003
Local 619 Remote 889
Local 677 Remote 883
Local 623 Remote 839
Local 544 Remote 825
Local 602 Remote 1015
Local 521 Remote 884
Local 596 Remote 864
Local 544 Remote 838
Local 498 Remote 897
Local 560 Remote 1011
Local 667 Remote 1033
Local 610 Remote 931
Local 576 Remote 1129
Local 576 Remote 916
Local 599 Remote 871
Local 589 Remote 842
Local 768 Remote 844
Local 581 Remote 883
Local 502 Remote 839
Local 540 Remote 840
Local 491 Remote 826
Local 549 Remote 838
Local 596 Remote 1082
Local 621 Remote 917
Local 600 Remote 978
Local 735 Remote 1064
Local 693 Remote 940
Local 562 Remote 857
Local 558 Remote 831
Local 508 Remote 843
Local 475 Remote 826
Local 464 Remote 821
Local 567 Remote 971
Local 523 Remote 881
Local 582 Remote 914
Local 694 Remote 970
Local 639 Remote 938
Local 533 Remote 856
Local 482 Remote 840
Local 734 Remote 993
Local 577 Remote 882
Local 649 Remote 962
Local 553 Remote 864
Local 509 Remote 869
Local 475 Remote 835
Local 565 Remote 840
Local 541 Remote 826
Local 570 Remote 913
Local 710 Remote 1263
Local 688 Remote 995
Local 619 Remote 885
Local 597 Remote 898
Local 602 Remote 851
Local 606 Remote 856
Local 622 Remote 831
Local 511 Remote 823
Local 571 Remote 826
Local 494 Remote 821
Local 529 Remote 851
Local 520 Remote 840
Local 570 Remote 826
Local 608 Remote 1210
Local 683 Remote 2272
Local 600 Remote 1279
Local 1236 Remote 964
Local 775 Remote 865
Local 700 Remote 849
Local 574 Remote 908
Local 642 Remote 869
Local 520 Remote 853
Local 478 Remote 829
Local 606 Remote 871
Local 532 Remote 835
Local 570 Remote 864
Local 835 Remote 997
Local 666 Remote 892
Local 645 Remote 970
Local 653 Remote 955
Local 661 Remote 943
Local 652 Remote 931
Local 617 Remote 977
Local 595 Remote 868
Local 505 Remote 849
Local 526 Remote 931
Local 521 Remote 867
Local 506 Remote 836
Local 561 Remote 858
Local 863 Remote 905
Local 675 Remote 925
Local 572 Remote 852
Local 618 Remote 829
Local 670 Remote 986
Local 687 Remote 1001
Local 806 Remote 876
Local 568 Remote 837
Local 524 Remote 824
Local 543 Remote 910
Local 499 Remote 857
Local 502 Remote 851
Local 565 Remote 1081
Local 520 Remote 929
Local 618 Remote 909
Local 607 Remote 916
Local 674 Remote 941
Local 595 Remote 857
Local 685 Remote 831
Local 563 Remote 847
Local 556 Remote 907
Local 499 Remote 847
Local 593 Remote 889
Local 523 Remote 867
Local 569 Remote 839
Local 706 Remote 877
Local 648 Remote 864
Local 593 Remote 836
Local 536 Remote 878
Local 547 Remote 838
Local 527 Remote 838
Local 643 Remote 899
Local 599 Remote 844
Local 503 Remote 826
Local 473 Remote 821
Local 507 Remote 822
Local 497 Remote 820
Local 543 Remote 827
Local 620 Remote 892
Local 715 Remote 912
Local 636 Remote 910
Local 646 Remote 874
Local 639 Remote 862
Local 648 Remote 832
Local 623 Remote 823
Local 525 Remote 863
Local 496 Remote 835
Local 602 Remote 939
Local 591 Remote 920
Local 567 Remote 852
Local 578 Remote 842
Local 596 Remote 844
Local 624 Remote 889
Local 532 Remote 985
Local 594 Remote 914
Local 593 Remote 959
Local 606 Remote 942
Local 669 Remote 910
Local 575 Remote 901
Local 496 Remote 860
Local 540 Remote 846
Local 513 Remote 835
Local 480 Remote 842
Local 520 Remote 839
Local 709 Remote 1067
Local 688 Remote 982
Local 693 Remote 937
Local 625 Remote 892
Local 651 Remote 895
Local 634 Remote 859
Local 632 Remote 831
Local 533 Remote 834
Local 500 Remote 863
Local 500 Remote 847
Local 550 Remote 855
Local 505 Remote 840
Local 542 Remote 851
Local 644 Remote 1310
Local 674 Remote 1003
Local 679 Remote 888
Local 735 Remote 846
Local 591 Remote 841
Local 567 Remote 993
Local 622 Remote 875
Local 516 Remote 876
Local 477 Remote 837
Local 518 Remote 838
Local 566 Remote 845
Local 587 Remote 877
Local 713 Remote 1070
Local 640 Remote 898
Local 634 Remote 889
Local 631 Remote 863
Local 620 Remote 916
Local 614 Remote 850
Local 593 Remote 829
Local 523 Remote 839
Local 479 Remote 825
Local 502 Remote 820
Local 588 Remote 820
Local 604 Remote 939
Local 619 Remote 907
Local 659 Remote 873
Local 661 Remote 1043
Local 607 Remote 1038
Local 527 Remote 888
Local 765 Remote 841
Local 719 Remote 947
Local 645 Remote 997
Local 660 Remote 880
Local 651 Remote 842
Local 520 Remote 826
Local 578 Remote 1036
Local 533 Remote 889
Local 520 Remote 857
Local 564 Remote 1001
Local 538 Remote 878
Local 601 Remote 854
Local 582 Remote 868
Local 572 Remote 892
Local 585 Remote 901
Local 595 Remote 844
Local 564 Remote 831
Local 520 Remote 911
Local 518 Remote 895
Local 534 Remote 851
Local 487 Remote 852
Local 549 Remote 921
Local 567 Remote 1089
Local 571 Remote 904
Local 538 Remote 846
Local 491 Remote 885
Local 613 Remote 940
Local 620 Remote 871
Local 732 Remote 973
Local 590 Remote 919
Local 500 Remote 850
Local 479 Remote 851
Local 631 Remote 851
Local 565 Remote 829
Local 568 Remote 983
Local 564 Remote 1829
Local 632 Remote 1219
Local 586 Remote 955
Local 761 Remote 998
Local 722 Remote 875
Local 544 Remote 836
Local 524 Remote 824
Local 525 Remote 822
Local 482 Remote 826
Local 741 Remote 837
Local 622 Remote 867
Local 574 Remote 870
Local 586 Remote 898
Local 558 Remote 1049
Local 621 Remote 898
Local 527 Remote 970
Local 638 Remote 867
Local 581 Remote 834
Local 555 Remote 907
Local 555 Remote 861
Local 577 Remote 855
Local 496 Remote 830
Local 574 Remote 916
Local 543 Remote 910
Local 564 Remote 859
Local 624 Remote 1209
Local 577 Remote 942
Local 605 Remote 953
Local 641 Remote 997
Local 616 Remote 1003
Local 570 Remote 887
Local 592 Remote 840
Local 518 Remote 826
Local 490 Remote 831
Local 469 Remote 823
Local 541 Remote 903
Local 518 Remote 1000
Local 571 Remote 912
Local 856 Remote 909
Local 708 Remote 940
Local 575 Remote 857
Local 543 Remote 860
Local 601 Remote 841
Local 545 Remote 838
Local 650 Remote 985
Local 526 Remote 871
Local 513 Remote 835
Local 475 Remote 824
Local 511 Remote 843
Local 504 Remote 826
Local 553 Remote 821
Local 638 Remote 821
Local 685 Remote 885
Local 620 Remote 840
Local 649 Remote 906
Local 702 Remote 927
Local 665 Remote 853
Local 601 Remote 848
Local 652 Remote 868
Local 520 Remote 835
Local 554 Remote 894
Local 536 Remote 863
Local 527 Remote 833
Local 582 Remote 865
Local 572 Remote 943
Local 642 Remote 861
Local 522 Remote 842
Local 711 Remote 826
Local 623 Remote 835
Local 599 Remote 941
Local 632 Remote 857
Local 514 Remote 831
Local 483 Remote 823
Local 549 Remote 830
Local 514 Remote 823
Local 507 Remote 820
Local 613 Remote 863
Local 602 Remote 838
Local 692 Remote 885
Local 686 Remote 916
Local 647 Remote 862
Local 655 Remote 894
Local 672 Remote 908
Local 630 Remote 879
Local 513 Remote 838
Local 479 Remote 824
Local 465 Remote 820
Local 573 Remote 960
Local 516 Remote 863
Local 559 Remote 838
Local 807 Remote 1341
Local 935 Remote 1025
Local 613 Remote 883
Local 550 Remote 849
Local 632 Remote 830
Local 569 Remote 822
Local 609 Remote 851
Local 545 Remote 829
Local 486 Remote 822
Local 689 Remote 880
Local 619 Remote 868
Local 537 Remote 839
Local 553 Remote 897
Local 628 Remote 843
Local 665 Remote 869
Local 707 Remote 956
Local 639 Remote 862
Local 657 Remote 874
Local 685 Remote 836
Local 556 Remote 842
Local 544 Remote 1029
Local 487 Remote 885
Local 523 Remote 938
Local 583 Remote 856
Local 592 Remote 916
Local 751 Remote 3848
Local 655 Remote 1887
Local 572 Remote 1157
Local 530 Remote 925
Local 599 Remote 852
Local 549 Remote 901
Local 791 Remote 950
Local 590 Remote 889
Local 579 Remote 841
Local 496 Remote 831
Local 562 Remote 883
Local 580 Remote 839
Local 564 Remote 887
Local 741 Remote 1243
Local 713 Remote 996
Local 676 Remote 933
Local 720 Remote 873
Local 680 Remote 907
Local 665 Remote 847
Local 573 Remote 828
Local 558 Remote 1048
Local 515 Remote 892
Local 551 Remote 1014
Local 515 Remote 902
Local 501 Remote 857
Local 637 Remote 1144
Local 684 Remote 2208
Local 608 Remote 1297
Local 581 Remote 970
Local 613 Remote 867
Local 589 Remote 896
Local 586 Remote 852
Local 599 Remote 852
Local 506 Remote 880
Local 473 Remote 838
Local 596 Remote 891
Local 517 Remote 847
Local 558 Remote 837
Local 593 Remote 1349
Local 566 Remote 1054
Local 587 Remote 907
Local 589 Remote 919
Local 588 Remote 912
Local 618 Remote 898
Local 674 Remote 844
Local 621 Remote 849
Local 520 Remote 838
Local 483 Remote 824
Local 658 Remote 906
Local 581 Remote 856
Local 542 Remote 960
Local 638 Remote 1103
Local 573 Remote 956
Local 536 Remote 919
Local 930 Remote 866
Local 758 Remote 1021
Local 599 Remote 894
Local 573 Remote 964
Local 573 Remote 865
Local 495 Remote 833
Local 479 Remote 823
Local 557 Remote 875
Local 527 Remote 1019
Local 576 Remote 886
Local 649 Remote 1021
Local 615 Remote 883
Local 657 Remote 880
Local 700 Remote 877
Local 665 Remote 879
Local 658 Remote 838
Local 558 Remote 889
Local 490 Remote 901
Local 481 Remote 844
Local 560 Remote 945
Local 510 Remote 871
Local 518 Remote 835
Local 829 Remote 862
Local 699 Remote 1090
Local 622 Remote 1021
Local 521 Remote 991
Local 763 Remote 927
Local 617 Remote 912
Local 618 Remote 877
Local 622 Remote 874
Local 766 Remote 840
Local 556 Remote 826
Local 634 Remote 942
Local 599 Remote 858
Local 612 Remote 850
Local 624 Remote 939
Local 612 Remote 1055
Local 625 Remote 939
Local 665 Remote 1057
Local 714 Remote 1004
Local 559 Remote 877
Local 622 Remote 837
Local 525 Remote 824
Local 480 Remote 820
Local 502 Remote 820
Local 472 Remote 820
Local 523 Remote 855
Local 513 Remote 830
Local 540 Remote 879
Local 697 Remote 1015
Local 612 Remote 967
Local 513 Remote 891
Local 557 Remote 991
Local 575 Remote 907
Local 734 Remote 849
Local 640 Remote 828
Local 529 Remote 844
Local 481 Remote 826
Local 598 Remote 1049
Local 741 Remote 948
Local 603 Remote 871
Local 620 Remote 865
Local 614 Remote 931
Local 703 Remote 866
Local 646 Remote 833
Local 617 Remote 872
Local 596 Remote 853
Local 757 Remote 839
Local 577 Remote 888
Local 502 Remote 899
Local 472 Remote 844
Local 522 Remote 826
Local 561 Remote 821
Local 595 Remote 828
Local 687 Remote 862
Local 658 Remote 893
Local 572 Remote 842
Local 533 Remote 826
Local 594 Remote 854
Local 532 Remote 845
Local 662 Remote 925
Local 606 Remote 1196
Local 507 Remote 938
Local 615 Remote 1093
Local 560 Remote 936
Local 527 Remote 856
Local 568 Remote 847
Local 681 Remote 1215
Local 701 Remote 968
Local 723 Remote 866
Local 688 Remote 867
Local 744 Remote 1006
Local 654 Remote 878
Local 601 Remote 843
Local 508 Remote 826
Local 487 Remote 821
Local 533 Remote 892
Local 517 Remote 876
Local 567 Remote 837
Local 651 Remote 1020
Local 665 Remote 1150
Local 631 Remote 961
Local 577 Remote 877
Local 647 Remote 838
Local 591 Remote 844
Local 584 Remote 859
Local 564 Remote 886
Local 532 Remote 840
Local 482 Remote 826
Local 576 Remote 859
Local 514 Remote 832
Local 578 Remote 915
Local 682 Remote 1011
Local 636 Remote 946
Local 603 Remote 859
Local 727 Remote 944
Local 813 Remote 926
Local 588 Remote 853
Local 624 Remote 832
Local 569 Remote 905
Local 506 Remote 943
Local 473 Remote 858
Local 559 Remote 835
Local 508 Remote 824
Local 581 Remote 913
Local 790 Remote 1791
Local 741 Remote 1192
Local 566 Remote 994
Local 552 Remote 918
Local 604 Remote 850
Local 705 Remote 898
Local 650 Remote 922
Local 560 Remote 851
Local 491 Remote 829
Local 536 Remote 822
Local 527 Remote 831
Local 508 Remote 823
Local 545 Remote 843
Local 692 Remote 1049
Local 691 Remote 1086
Local 649 Remote 959
Local 643 Remote 894
Local 612 Remote 856
Local 735 Remote 831
Local 625 Remote 834
Local 518 Remote 850
Local 478 Remote 829
Local 610 Remote 983
Local 584 Remote 871
Local 541 Remote 872
Local 612 Remote 1165
Local 645 Remote 964
Local 628 Remote 940
Local 547 Remote 857
Local 623 Remote 831
Local 561 Remote 856
Local 543 Remote 861
Local 586 Remote 840
Local 499 Remote 826
Local 475 Remote 821
Local 536 Remote 1018
Local 518 Remote 903
Local 510 Remote 845
Local 638 Remote 844
Local 552 Remote 826
Local 678 Remote 869
Local 637 Remote 835
Local 631 Remote 891
Local 570 Remote 842
Local 628 Remote 826
Local 565 Remote 821
Local 492 Remote 820
Local 469 Remote 820
Local 479 Remote 820
Local 544 Remote 848
Local 515 Remote 828
Local 586 Remote 958
Local 663 Remote 1259
Local 650 Remote 962
Local 519 Remote 960
Local 504 Remote 863
Local 586 Remote 888
Local 534 Remote 847
Local 633 Remote 838
Local 601 Remote 824
Local 512 Remote 820
Local 586 Remote 820
Local 551 Remote 835
Local 524 Remote 852
Local 553 Remote 847
Local 638 Remote 1020
Local 673 Remote 925
Local 621 Remote 913
Local 662 Remote 1025
Local 650 Remote 961
Local 654 Remote 863
Local 632 Remote 833
Local 563 Remote 823
Local 491 Remote 839
Local 558 Remote 902
Local 523 Remote 859
Local 529 Remote 831
Local 690 Remote 1112
Local 718 Remote 946
Local 628 Remote 996
Local 561 Remote 897
Local 611 Remote 1036
Local 668 Remote 942
Local 591 Remote 919
Local 568 Remote 856
Local 709 Remote 833
Local 538 Remote 823
Local 627 Remote 1065
Local 591 Remote 926
Local 564 Remote 905
Local 686 Remote 1198
Local 613 Remote 939
Local 623 Remote 880
Local 704 Remote 980
Local 716 Remote 982
Local 596 Remote 1063
Local 572 Remote 899
Local 555 Remote 874
Local 497 Remote 836
Local 480 Remote 827
Local 538 Remote 822
Local 491 Remote 820
Local 583 Remote 876
Local 602 Remote 1071
Local 666 Remote 945
Local 553 Remote 888
Local 547 Remote 908
Local 535 Remote 847
Local 584 Remote 844
Local 601 Remote 916
Local 590 Remote 885
Local 500 Remote 840
Local 472 Remote 826
Local 763 Remote 880
Local 581 Remote 838
Local 603 Remote 893
Local 693 Remote 1800
Local 693 Remote 1173
Local 662 Remote 993
Local 758 Remote 961
Local 702 Remote 941
Local 557 Remote 858
Local 548 Remote 861
Local 573 Remote 878
Local 496 Remote 977
Local 471 Remote 868
Local 509 Remote 840
Local 489 Remote 826
Local 572 Remote 912
Local 611 Remote 1009
Local 705 Remote 943
Local 554 Remote 858
Local 577 Remote 1195
Local 584 Remote 941
Local 583 Remote 946
Local 628 Remote 881
Local 535 Remote 981
Local 484 Remote 870
Local 602 Remote 1043
Local 574 Remote 937
Local 525 Remote 863
Local 572 Remote 838
Local 660 Remote 856
Local 609 Remote 835
Local 618 Remote 892
Local 657 Remote 881
Local 634 Remote 898
Local 697 Remote 844
Local 585 Remote 832
Local 499 Remote 839
Local 502 Remote 905
Local 553 Remote 890
Local 505 Remote 849
Local 498 Remote 828
Local 623 Remote 979
Local 655 Remote 999
Local 623 Remote 937
Local 570 Remote 998
Local 559 Remote 875
Local 630 Remote 876
Local 602 Remote 923
Local 639 Remote 883
Local 613 Remote 1018
Local 508 Remote 882
Local 582 Remote 858
Local 525 Remote 831
Local 588 Remote 823
Local 859 Remote 1136
Local 690 Remote 951
Local 671 Remote 860
Local 807 Remote 937
Local 790 Remote 982
Local 586 Remote 870
Local 621 Remote 848
Local 520 Remote 846
Local 478 Remote 827
Local 484 Remote 889
Local 466 Remote 841
Local 536 Remote 880
Local 522 Remote 844
Local 601 Remote 967
Local 660 Remote 943
Local 600 Remote 902
Local 530 Remote 844
Local 528 Remote 826
Local 623 Remote 926
Local 642 Remote 853
Local 896 Remote 883
Local 801 Remote 895
Local 567 Remote 843
Local 616 Remote 841
Local 599 Remote 844
Local 523 Remote 847
Local 540 Remote 896
Local 653 Remote 959
Local 681 Remote 882
Local 678 Remote 912
Local 665 Remote 930
Local 672 Remote 933
Local 644 Remote 865
Local 619 Remote 833
Local 551 Remote 922
Local 490 Remote 851
Local 678 Remote 914
Local 638 Remote 855
Local 613 Remote 872
Local 703 Remote 1127
Local 647 Remote 967
Local 618 Remote 881
Local 578 Remote 848
Local 619 Remote 877
Local 584 Remote 847
Local 602 Remote 829
Local 596 Remote 844
Local 603 Remote 1058
Local 505 Remote 912
Local 541 Remote 848
Local 571 Remote 864
Local 608 Remote 905
Local 788 Remote 1147
Local 692 Remote 950
Local 624 Remote 860
Local 649 Remote 899
Local 624 Remote 847
Local 563 Remote 856
Local 576 Remote 837
Local 586 Remote 949
Local 532 Remote 860
Local 482 Remote 832
Local 608 Remote 961
Local 594 Remote 864
Local 618 Remote 869
Local 717 Remote 962
Local 674 Remote 936
Local 561 Remote 856
Local 535 Remote 835
Local 597 Remote 854
Local 552 Remote 838
Local 580 Remote 869
Local 514 Remote 838
Local 476 Remote 835
Local 552 Remote 874
Local 532 Remote 838
Local 482 Remote 826
Local 653 Remote 997
Local 572 Remote 875
Local 649 Remote 891
Local 631 Remote 925
Local 626 Remote 881
Local 565 Remote 868
Local 605 Remote 835
Local 595 Remote 868
Local 624 Remote 917
Local 515 Remote 850
Local 576 Remote 896
Local 528 Remote 851
Local 544 Remote 829
Local 622 Remote 832
Local 1223 Remote 870
Local 796 Remote 896
Local 726 Remote 843
Local 715 Remote 894
Local 606 Remote 842
Local 606 Remote 853
Local 600 Remote 874
Local 503 Remote 862
Local 473 Remote 832
Local 609 Remote 916
Local 560 Remote 874
Local 595 Remote 920
Local 716 Remote 1075
Local 658 Remote 966
Local 618 Remote 905
Local 626 Remote 892
Local 599 Remote 927
Local 554 Remote 853
Local 590 Remote 829
Local 584 Remote 822
Local 552 Remote 820
Local 493 Remote 820
Local 559 Remote 888
Local 521 Remote 841
Local 587 Remote 835
Local 721 Remote 1488
Local 650 Remote 1103
Local 585 Remote 909
Local 606 Remote 1554
Local 619 Remote 1078
Local 556 Remote 940
Local 578 Remote 883
Local 534 Remote 840
Local 482 Remote 838
Local 602 Remote 936
Local 550 Remote 867
Local 531 Remote 865
Local 611 Remote 1688
Local 610 Remote 1143
Local 718 Remote 921
Local 722 Remote 1015
Local 652 Remote 880
Local 657 Remote 850
Local 603 Remote 829
Local 517 Remote 822
Local 477 Remote 820
Local 482 Remote 848
Local 516 Remote 839
Local 541 Remote 871
Local 513 Remote 835
Local 552 Remote 845
Local 544 Remote 869
Local 555 Remote 1048
Local 512 Remote 939
Local 556 Remote 872
Local 572 Remote 859
Local 564 Remote 831
Local 596 Remote 844
Local 524 Remote 826
Local 481 Remote 821
Local 571 Remote 897
Local 556 Remote 847
Local 555 Remote 862
Local 637 Remote 837
Local 593 Remote 824
Local 640 Remote 821
Local 910 Remote 885
Local 790 Remote 899
Local 660 Remote 844
Local 645 Remote 861
Local 533 Remote 851
Local 496 Remote 834
Local 471 Remote 823
Local 544 Remote 832
Local 547 Remote 823
Local 572 Remote 856
Local 668 Remote 1022
Local 698 Remote 984
Local 549 Remote 871
Local 525 Remote 835
Local 550 Remote 824
Local 529 Remote 892
Local 661 Remote 897
Local 558 Remote 843
Local 511 Remote 877
Local 475 Remote 837
Local 526 Remote 907
Local 488 Remote 853
Local 534 Remote 896
Local 640 Remote 1020
Local 683 Remote 958
Local 647 Remote 948
Local 645 Remote 881
Local 633 Remote 901
Local 624 Remote 844
Local 573 Remote 831
Local 588 Remote 823
Local 500 Remote 835
Local 547 Remote 859
Local 493 Remote 831
Local 546 Remote 843
Local 617 Remote 1233
Local 559 Remote 1279
Local 556 Remote 1041
Local 684 Remote 889
Local 605 Remote 841
Local 594 Remote 837
Local 636 Remote 953
Local 598 Remote 934
Local 511 Remote 901
Local 475 Remote 844
Local 579 Remote 849
Local 540 Remote 828
Local 562 Remote 832
Local 677 Remote 911
Local 633 Remote 871
Local 646 Remote 883
Local 662 Remote 919
Local 652 Remote 896
Local 633 Remote 847
Local 610 Remote 862
Local 530 Remote 931
Local 538 Remote 860
Local 577 Remote 847
Local 550 Remote 835
Local 501 Remote 824
Local 579 Remote 965
Local 906 Remote 1101
Local 652 Remote 925
Local 581 Remote 1026
Local 586 Remote 904
Local 598 Remote 931
Local 623 Remote 854
Local 657 Remote 877
Local 526 Remote 869
Local 499 Remote 835
Local 619 Remote 835
Local 532 Remote 826
Local 499 Remote 821
Local 581 Remote 959
Local 704 Remote 927
Local 676 Remote 911
Local 662 Remote 927
Local 649 Remote 887
Local 614 Remote 865
Local 613 Remote 844
Local 638 Remote 826
Local 527 Remote 824
Local 483 Remote 820
Local 587 Remote 820
Local 564 Remote 820
Local 518 Remote 820
Local 593 Remote 877
Local 756 Remote 1049
Local 925 Remote 1072
Local 606 Remote 898
Local 584 Remote 844
Local 599 Remote 867
Local 578 Remote 834
Local 556 Remote 895
Local 613 Remote 843
Local 507 Remote 826
Local 576 Remote 931
Local 509 Remote 866
Local 493 Remote 840
Local 584 Remote 988
Local 592 Remote 872
Local 625 Remote 857
Local 754 Remote 894
Local 718 Remote 961
Local 612 Remote 892
Local 648 Remote 842
Local 532 Remote 826
Local 491 Remote 822
Local 484 Remote 850
Local 469 Remote 829
Local 640 Remote 829
Local 516 Remote 1037
Local 569 Remote 992
Local 888 Remote 1288
Local 711 Remote 1352
Local 606 Remote 988
Local 521 Remote 872
Local 571 Remote 841
Local 556 Remote 872
Local 626 Remote 916
Local 543 Remote 850
Local 590 Remote 900
Local 500 Remote 844
Local 523 Remote 871
Local 491 Remote 835
Local 581 Remote 847
Local 698 Remote 865
Local 690 Remote 908
Local 636 Remote 1028
Local 673 Remote 965
Local 648 Remote 904
Local 651 Remote 846
Local 594 Remote 827
Local 545 Remote 821
Local 518 Remote 820
Local 559 Remote 883
Local 526 Remote 846
Local 508 Remote 827
Local 723 Remote 856
Local 779 Remote 1837
Local 674 Remote 1259
Local 567 Remote 989
Local 629 Remote 872
Local 550 Remote 836
Local 560 Remote 855
Local 562 Remote 927
Local 505 Remote 903
Local 473 Remote 865
Local 551 Remote 833
Local 504 Remote 825
Local 568 Remote 854
Local 692 Remote 833
Local 627 Remote 897
Local 624 Remote 871
Local 701 Remote 915
Local 717 Remote 901
Local 583 Remote 844
Local 592 Remote 826
Local 547 Remote 847
Local 496 Remote 938
Local 472 Remote 856
Local 568 Remote 865
Local 571 Remote 833
Local 605 Remote 877
Local 638 Remote 853
Local 697 Remote 943
Local 556 Remote 858
Local 605 Remote 851
Local 650 Remote 898
Local 655 Remote 905
Local 720 Remote 1027
Local 547 Remote 907
Local 487 Remote 847
Local 526 Remote 840
Local 507 Remote 828
Local 480 Remote 822
Local 765 Remote 1337
Local 671 Remote 1012
Local 685 Remote 968
Local 718 Remote 872
Local 713 Remote 1114
Local 661 Remote 964
Local 730 Remote 865
Local 618 Remote 851
Local 509 Remote 883
Local 475 Remote 842
Local 560 Remote 980
Local 562 Remote 927
Local 566 Remote 861
Local 664 Remote 850
Local 663 Remote 930
Local 574 Remote 951
Local 544 Remote 927
Local 576 Remote 886
Local 522 Remote 856
Local 631 Remote 913
Local 567 Remote 1087
Local 495 Remote 919
Local 570 Remote 916
Local 547 Remote 935
Local 496 Remote 906
Local 547 Remote 880
Local 665 Remote 1171
Local 655 Remote 945
Local 593 Remote 910
Local 593 Remote 886
Local 581 Remote 899
Local 631 Remote 844
Local 569 Remote 826
Local 493 Remote 849
Local 504 Remote 828
Local 630 Remote 835
Local 550 Remote 824
Local 631 Remote 840
Local 758 Remote 1606
Local 675 Remote 1568
Local 556 Remote 1056
Local 586 Remote 901
Local 622 Remote 844
Local 556 Remote 826
Local 610 Remote 917
Local 533 Remote 850
Local 524 Remote 829
Local 480 Remote 822
Local 576 Remote 889
Local 555 Remote 896
Local 569 Remote 880
Local 835 Remote 957
Local 674 Remote 900
Local 643 Remote 890
Local 730 Remote 956
Local 682 Remote 904
Local 552 Remote 853
Local 577 Remote 829
Local 554 Remote 822
Local 489 Remote 820
Local 485 Remote 831
Local 473 Remote 824
Local 516 Remote 828
Local 505 Remote 822
Local 585 Remote 916
Local 734 Remote 1306
Local 722 Remote 1040
Local 561 Remote 889
Local 526 Remote 922
Local 594 Remote 893
Local 538 Remote 877
Local 616 Remote 865
Local 517 Remote 833
Local 496 Remote 823
Local 509 Remote 943
Local 520 Remote 919
Local 488 Remote 850
Local 569 Remote 855
Local 671 Remote 868
Local 617 Remote 840
Local 683 Remote 938
Local 752 Remote 884
Local 697 Remote 881
Local 669 Remote 838
Local 626 Remote 824
Local 760 Remote 820
Local 554 Remote 847
Local 568 Remote 950
Local 560 Remote 903
Local 510 Remote 859
Local 615 Remote 976
Local 577 Remote 1199
Local 580 Remote 939
Local 569 Remote 1255
Local 664 Remote 998
Local 583 Remote 879
Local 592 Remote 886
Local 599 Remote 890
Local 503 Remote 841
Local 473 Remote 826
Local 581 Remote 895
Local 522 Remote 843
Local 558 Remote 905
Local 704 Remote 952
Local 654 Remote 910
Local 663 Remote 847
Local 680 Remote 940
Local 638 Remote 920
Local 522 Remote 851
Local 583 Remote 830
Local 525 Remote 822
Local 484 Remote 820
Local 471 Remote 820
Local 577 Remote 834
Local 496 Remote 846
Local 564 Remote 890
Local 729 Remote 1138
Local 658 Remote 1023
Local 550 Remote 883
Local 658 Remote 841
Local 655 Remote 1058
Local 593 Remote 909
Local 642 Remote 858
Local 550 Remote 915
Local 487 Remote 849
Local 615 Remote 911
Local 508 Remote 848
Local 556 Remote 883
Local 606 Remote 1115
Local 529 Remote 936
Local 600 Remote 877
Local 716 Remote 974
Local 716 Remote 1016
Local 586 Remote 882
Local 566 Remote 838
Local 569 Remote 824
Local 493 Remote 820
Local 472 Remote 820
Local 572 Remote 989
Local 534 Remote 872
Local 585 Remote 835
Local 722 Remote 1367
Local 648 Remote 1038
Local 594 Remote 892
Local 540 Remote 921
Local 714 Remote 965
Local 593 Remote 883
Local 614 Remote 885
Local 802 Remote 840
Local 568 Remote 826
Local 609 Remote 1075
Local 612 Remote 951
Local 546 Remote 860
Local 570 Remote 884
Local 705 Remote 1162
Local 634 Remote 1005
Local 647 Remote 937
Local 737 Remote 907
Local 644 Remote 912
Local 662 Remote 848
Local 626 Remote 832
Local 554 Remote 917
Local 507 Remote 850
Local 538 Remote 904
Local 533 Remote 850
Local 505 Remote 835
Local 667 Remote 896
Local 725 Remote 1369
Local 628 Remote 1006
Local 529 Remote 891
Local 641 Remote 1224
Local 684 Remote 982
Local 613 Remote 1022
Local 632 Remote 922
Local 625 Remote 851
Local 511 Remote 833
Local 616 Remote 922
Local 616 Remote 1037
Local 595 Remote 964
Local 638 Remote 1047
Local 608 Remote 899
Local 605 Remote 969
Local 775 Remote 939
Local 759 Remote 987
Local 628 Remote 886
Local 574 Remote 840
Local 495 Remote 826
Local 470 Remote 995
Local 462 Remote 874
Local 520 Remote 848
Local 493 Remote 831
Local 480 Remote 823
Local 558 Remote 953
Local 732 Remote 958
Local 720 Remote 978
Local 596 Remote 869
Local 637 Remote 906
Local 708 Remote 938
Local 637 Remote 862
Local 824 Remote 874
Local 604 Remote 923
Local 505 Remote 858
Local 650 Remote 941
Local 539 Remote 870
Local 495 Remote 847
Local 629 Remote 1345
Local 579 Remote 985
Local 625 Remote 958
Local 703 Remote 1047
Local 663 Remote 922
Local 586 Remote 851
Local 645 Remote 829
Local 538 Remote 829
Local 502 Remote 822
Local 482 Remote 820
Local 553 Remote 858
Local 840 Remote 868
Local 676 Remote 844
Local 644 Remote 1361
Local 734 Remote 1084
Local 585 Remote 1006
Local 643 Remote 925
Local 618 Remote 893
Local 646 Remote 842
Local 616 Remote 826
Local 523 Remote 923
Local 489 Remote 851
Local 526 Remote 925
Local 487 Remote 863
Local 490 Remote 844
Local 611 Remote 979
Local 589 Remote 1093
Local 670 Remote 1023
Local 671 Remote 909
Local 671 Remote 914
Local 677 Remote 892
Local 684 Remote 842
Local 560 Remote 852
Local 538 Remote 885
Local 484 Remote 921
Local 676 Remote 990
Local 530 Remote 873
Local 549 Remote 838
Local 673 Remote 1065
Local 667 Remote 1090
Local 614 Remote 948
Local 546 Remote 960
Local 546 Remote 874
Local 602 Remote 892
Local 546 Remote 856
Local 541 Remote 851
Local 546 Remote 859
Local 487 Remote 831
Local 549 Remote 841
Local 536 Remote 826
Local 575 Remote 838
Local 574 Remote 1708
Local 649 Remote 1214
Local 661 Remote 943
Local 691 Remote 1019
Local 692 Remote 965
Local 552 Remote 873
Local 604 Remote 851
Local 532 Remote 924
Local 500 Remote 855
Local 473 Remote 830
Local 576 Remote 972
Local 518 Remote 867
Local 560 Remote 910
Local 630 Remote 2071
Local 647 Remote 1445
Local 582 Remote 1059
Local 549 Remote 895
Local 613 Remote 894
Local 615 Remote 848
Local 636 Remote 899
Local 608 Remote 846
Local 506 Remote 827
Local 547 Remote 885
Local 552 Remote 862
Local 515 Remote 832
Local 552 Remote 854
Local 595 Remote 1040
Local 638 Remote 934
Local 702 Remote 901
Local 693 Remote 862
Local 642 Remote 930
Local 738 Remote 947
Local 588 Remote 866
Local 524 Remote 833
Local 480 Remote 828
Local 582 Remote 921
Local 581 Remote 851
Local 632 Remote 837
Local 616 Remote 911
Local 689 Remote 858
Local 624 Remote 875
Local 530 Remote 853
Local 627 Remote 1779
Local 614 Remote 1127
Local 593 Remote 959
Local 628 Remote 903
Local 560 Remote 948
Local 500 Remote 860
Local 592 Remote 849
Local 630 Remote 916
Local 610 Remote 851
Local 648 Remote 962
Local 606 Remote 915
Local 623 Remote 975
Local 762 Remote 963
Local 690 Remote 974
Local 632 Remote 947
Local 628 Remote 928
Local 621 Remote 853
Local 540 Remote 829
Local 493 Remote 836
Local 567 Remote 900
Local 497 Remote 844
Local 548 Remote 842
Local 670 Remote 1179
Local 547 Remote 970
Local 609 Remote 956
Local 906 Remote 907
Local 689 Remote 905
Local 704 Remote 927
Local 612 Remote 853
Local 655 Remote 831
Local 548 Remote 862
Local 493 Remote 832
Local 569 Remote 871
Local 526 Remote 835
Local 581 Remote 873
Local 650 Remote 1109
Local 629 Remote 1216
Local 642 Remote 986
Local 632 Remote 934
Local 633 Remote 900
Local 608 Remote 887
Local 713 Remote 840
Local 686 Remote 826
Local 530 Remote 918
Local 481 Remote 850
Local 583 Remote 917
Local 538 Remote 1656
Local 579 Remote 1142
Local 644 Remote 1560
Local 556 Remote 1213
Local 534 Remote 1060
Local 559 Remote 922
Local 559 Remote 910
Local 571 Remote 883
Local 558 Remote 850
Local 595 Remote 879
Local 529 Remote 844
Local 481 Remote 826
Local 516 Remote 823
Local 504 Remote 820
Local 617 Remote 897
Local 647 Remote 940
Local 622 Remote 948
Local 564 Remote 872
Local 711 Remote 1012
Local 735 Remote 946
Local 637 Remote 859
Local 633 Remote 880
Local 527 Remote 914
Local 492 Remote 849
Local 469 Remote 828
Local 601 Remote 836
Local 537 Remote 824
Local 596 Remote 854
Local 922 Remote 1168
Local 685 Remote 1009
Local 530 Remote 878
Local 588 Remote 860
Local 611 Remote 880
Local 571 Remote 838
Local 778 Remote 850
Local 563 Remote 854
Local 493 Remote 829
Local 589 Remote 863
Local 581 Remote 835
Local 551 Remote 866
Local 594 Remote 1135
Local 565 Remote 933
Local 651 Remote 940
Local 668 Remote 949
Local 694 Remote 1068
Local 601 Remote 898
Local 637 Remote 856
Local 633 Remote 831
Local 520 Remote 935
Local 478 Remote 856
Local 540 Remote 856
Local 496 Remote 831
Local 596 Remote 992
Local 764 Remote 892
Local 668 Remote 858
Local 545 Remote 831
Local 511 Remote 823
Local 601 Remote 930
Local 564 Remote 853
Local 616 Remote 852
Local 736 Remote 980
Local 547 Remote 885
Local 598 Remote 847
Local 592 Remote 831
Local 532 Remote 823
Local 905 Remote 1090
Local 637 Remote 919
Local 682 Remote 891
Local 628 Remote 841
Local 597 Remote 943
Local 559 Remote 909
Local 655 Remote 904
Local 575 Remote 846
Local 515 Remote 875
Local 478 Remote 850
Local 551 Remote 837
Local 580 Remote 825
Local 556 Remote 866
Local 609 Remote 865
Local 684 Remote 838
Local 633 Remote 829
Local 571 Remote 1126
Local 583 Remote 921
Local 620 Remote 893
Local 627 Remote 842
Local 624 Remote 880
Local 626 Remote 878
Local 521 Remote 838
Local 703 Remote 949
Local 579 Remote 860
Local 568 Remote 835
Local 568 Remote 826
Local 582 Remote 927
Local 666 Remote 981
Local 692 Remote 909
Local 670 Remote 958
Local 635 Remote 879
Local 596 Remote 880
Local 604 Remote 838
Local 522 Remote 878
Local 483 Remote 860
Local 558 Remote 870
Local 536 Remote 863
Local 536 Remote 833
Local 576 Remote 834
Local 565 Remote 1127
Local 544 Remote 1009
Local 570 Remote 898
Local 596 Remote 1243
Local 558 Remote 988
Local 552 Remote 907
Local 745 Remote 863
Local 555 Remote 877
Local 493 Remote 844
Local 694 Remote 826
Local 565 Remote 853
Local 618 Remote 859
Local 636 Remote 966
Local 609 Remote 951
Local 606 Remote 908
Local 699 Remote 968
Local 623 Remote 913
Local 542 Remote 848
Local 549 Remote 828
Local 552 Remote 822
Local 521 Remote 859
Local 482 Remote 831
Local 673 Remote 844
Local 556 Remote 877
Local 562 Remote 891
Local 1183 Remote 1272
Local 812 Remote 1153
Local 571 Remote 924
Local 643 Remote 912
Local 595 Remote 848
Local 618 Remote 922
Local 702 Remote 888
Local 538 Remote 941
Local 502 Remote 857
Local 596 Remote 838
Local 516 Remote 824
Local 572 Remote 863
Local 621 Remote 1352
Local 548 Remote 988
Local 656 Remote 952
Local 679 Remote 965
Local 672 Remote 865
Local 667 Remote 833
Local 788 Remote 823
Local 633 Remote 827
Local 514 Remote 821
Local 550 Remote 822
Local 584 Remote 891
Local 528 Remote 849
Local 507 Remote 859
Local 577 Remote 835
Local 800 Remote 857
Local 729 Remote 925
Local 562 Remote 852
Local 618 Remote 942
Local 652 Remote 888
Local 635 Remote 970
Local 600 Remote 937
Local 519 Remote 856
Local 478 Remote 831
Local 534 Remote 851
Local 516 Remote 832
Local 501 Remote 858
Local 555 Remote 848
Local 574 Remote 1157
Local 643 Remote 959
Local 674 Remote 981
Local 658 Remote 980
Local 654 Remote 894
Local 583 Remote 842
Local 565 Remote 826
Local 551 Remote 821
Local 490 Remote 820
Local 518 Remote 908
Local 556 Remote 874
Local 496 Remote 843
Local 619 Remote 1013
Local 599 Remote 901
Local 589 Remote 889
Local 547 Remote 841
Local 599 Remote 914
Local 706 Remote 874
Local 599 Remote 886
Local 614 Remote 869
Local 523 Remote 967
Local 493 Remote 865
Local 604 Remote 865
Local 550 Remote 833
Local 612 Remote 838
Local 649 Remote 826
Local 589 Remote 918
Local 636 Remote 889
Local 711 Remote 864
Local 644 Remote 921
Local 579 Remote 851
Local 566 Remote 829
Local 505 Remote 876
Local 481 Remote 847
Local 512 Remote 846
Local 475 Remote 827
Local 564 Remote 869
Local 601 Remote 1136
Local 638 Remote 1350
Local 589 Remote 1004
Local 530 Remote 877
Local 600 Remote 1089
Local 562 Remote 950
Local 557 Remote 868
Local 610 Remote 871
Local 532 Remote 853
Local 482 Remote 830
Local 561 Remote 850
Local 504 Remote 838
Local 610 Remote 882
Local 671 Remote 882
Local 620 Remote 855
Local 644 Remote 950
Local 614 Remote 961
Local 642 Remote 871
Local 599 Remote 840
Local 756 Remote 892
Local 553 Remote 860
Local 488 Remote 998
Local 475 Remote 976
Local 553 Remote 1013
Local 499 Remote 880
Local 605 Remote 840
Local 605 Remote 1359
Local 714 Remote 1125
Local 607 Remote 916
Local 576 Remote 850
Local 665 Remote 852
Local 575 Remote 829
Local 600 Remote 1039
Local 579 Remote 891
Local 520 Remote 841
Local 490 Remote 844
Local 542 Remote 835
Local 504 Remote 903
Local 564 Remote 845
Local 671 Remote 1162
Local 613 Remote 955
Local 674 Remote 967
Local 743 Remote 927
Local 681 Remote 858
Local 681 Remote 833
Local 651 Remote 849
Local 629 Remote 828
Local 512 Remote 828
Local 590 Remote 822
Local 607 Remote 868
Local 566 Remote 853
Local 568 Remote 880
Local 943 Remote 1051
Local 683 Remote 892
Local 603 Remote 842
Local 556 Remote 871
Local 647 Remote 923
Local 571 Remote 858
Local 634 Remote 891
Local 536 Remote 841
Local 502 Remote 828
Local 566 Remote 974
Local 556 Remote 901
Local 541 Remote 885
Local 565 Remote 916
Local 625 Remote 1090
Local 649 Remote 925
Local 667 Remote 975
Local 732 Remote 1040
Local 654 Remote 889
Local 568 Remote 841
Local 599 Remote 834
Local 601 Remote 831
Local 503 Remote 883
Local 473 Remote 839
Local 523 Remote 874
Local 538 Remote 836
Local 558 Remote 826
Local 660 Remote 966
Local 614 Remote 1004
Local 514 Remote 877
Local 597 Remote 837
Local 603 Remote 837
Local 579 Remote 857
Local 648 Remote 941
Local 600 Remote 1039
Local 532 Remote 889
Local 651 Remote 955
Local 564 Remote 862
Local 533 Remote 864
Local 626 Remote 1369
Local 616 Remote 1273
Local 684 Remote 1011
Local 707 Remote 1040
Local 592 Remote 947
Local 625 Remote 889
Local 654 Remote 842
Local 595 Remote 826
Local 554 Remote 841
Local 497 Remote 859
Local 656 Remote 900
Local 548 Remote 854
Local 530 Remote 829
Local 635 Remote 1137
Local 634 Remote 1811
Local 563 Remote 1297
Local 506 Remote 1010
Local 654 Remote 963
Local 597 Remote 918
Local 708 Remote 894
Local 691 Remote 916
Local 574 Remote 850
Local 495 Remote 829
Local 618 Remote 939
Local 538 Remote 869
Local 524 Remote 853
Local 616 Remote 892
Local 810 Remote 860
Local 724 Remote 883
Local 642 Remote 885
Local 693 Remote 911
Local 641 Remote 896
Local 628 Remote 868
Local 587 Remote 860
Local 572 Remote 873
Local 498 Remote 837
Local 535 Remote 865
Local 491 Remote 838
Local 512 Remote 824
Local 607 Remote 1059
Local 575 Remote 1088
Local 570 Remote 959
Local 509 Remote 1045
Local 617 Remote 890
Local 585 Remote 874
Local 671 Remote 958
Local 578 Remote 909
Local 497 Remote 847
Local 482 Remote 828
Local 535 Remote 1003
Local 502 Remote 896
Local 498 Remote 880
Local 593 Remote 1020
Local 549 Remote 883
Local 666 Remote 894
Local 602 Remote 849
Local 579 Remote 959
Local 552 Remote 893
Local 652 Remote 842
Local 632 Remote 826
Local 514 Remote 826
Local 510 Remote 1024
Local 475 Remote 883
Local 531 Remote 983
Local 493 Remote 871
Local 557 Remote 852
Local 939 Remote 887
Local 721 Remote 847
Local 669 Remote 937
Local 734 Remote 856
Local 731 Remote 857
Local 645 Remote 881
Local 612 Remote 874
Local 580 Remote 836
Local 503 Remote 929
Local 473 Remote 853
Local 566 Remote 870
Local 522 Remote 835
Local 525 Remote 824
Local 654 Remote 970
Local 607 Remote 869
Local 702 Remote 894
Local 672 Remote 849
Local 637 Remote 878
Local 579 Remote 842
Local 576 Remote 836
Local 596 Remote 824
Local 507 Remote 841
Local 475 Remote 826
Local 584 Remote 937
Local 514 Remote 856
Local 556 Remote 855
Local 670 Remote 1073
Local 613 Remote 961
Local 561 Remote 907
Local 582 Remote 847
Local 607 Remote 861
Local 536 Remote 832
Local 608 Remote 838
Local 546 Remote 853
Local 487 Remote 829
Local 538 Remote 822
Local 529 Remote 820
Local 511 Remote 820
Local 636 Remote 861
Local 651 Remote 880
Local 675 Remote 882
Local 656 Remote 911
Local 664 Remote 883
Local 624 Remote 885
Local 708 Remote 840
Local 599 Remote 862
Local 503 Remote 832
Local 473 Remote 823
Local 637 Remote 894
Local 579 Remote 842
Local 599 Remote 939
Local 718 Remote 978
Local 641 Remote 869
Local 602 Remote 835
Local 621 Remote 1277
Local 607 Remote 978
Local 621 Remote 984
Local 628 Remote 982
Local 544 Remote 894
Local 486 Remote 842
Local 467 Remote 826
Local 550 Remote 867
Local 701 Remote 839
Local 650 Remote 882
Local 701 Remote 858
Local 618 Remote 848
Local 641 Remote 873
Local 718 Remote 979
Local 609 Remote 874
Local 604 Remote 836
Local 548 Remote 824
Local 515 Remote 879
Local 486 Remote 838
Local 550 Remote 841
Local 549 Remote 856
Local 520 Remote 831
Local 566 Remote 834
Local 1238 Remote 1099
Local 850 Remote 977
Local 589 Remote 961
Local 598 Remote 932
Local 668 Remote 906
Local 632 Remote 913
Local 706 Remote 855
Local 537 Remote 830
Local 487 Remote 822
Local 523 Remote 820
Local 525 Remote 823
Local 521 Remote 820
Local 587 Remote 867
Local 667 Remote 839
Local 597 Remote 841
Local 658 Remote 1050
Local 790 Remote 1015
Local 671 Remote 931
Local 675 Remote 854
Local 619 Remote 829
Local 509 Remote 924
Local 475 Remote 878
Local 526 Remote 929
Local 520 Remote 860
Local 505 Remote 832
Local 588 Remote 931
Local 691 Remote 938
Local 604 Remote 907
Local 771 Remote 847
Local 628 Remote 880
Local 642 Remote 863
Local 601 Remote 833
Local 625 Remote 854
Local 563 Remote 829
Local 491 Remote 822
Local 544 Remote 937
Local 505 Remote 939
Local 548 Remote 861
Local 641 Remote 1055
Local 669 Remote 999
Local 640 Remote 963
Local 703 Remote 940
Local 664 Remote 881
Local 627 Remote 838
Local 574 Remote 840
Local 499 Remote 832
Local 471 Remote 823
Local 475 Remote 820
Local 534 Remote 860
Local 517 Remote 836
Local 505 Remote 824
Local 618 Remote 861
Local 647 Remote 2371
Local 593 Remote 1320
Local 558 Remote 977
Local 615 Remote 868
Local 771 Remote 934
Local 620 Remote 855
Local 647 Remote 841
Local 524 Remote 826
Local 488 Remote 821
Local 713 Remote 820
Local 795 Remote 854
Local 635 Remote 838
Local 716 Remote 1036
Local 651 Remote 935
Local 599 Remote 856
Local 772 Remote 958
Local 748 Remote 886
Local 567 Remote 840
Local 538 Remote 826
Local 546 Remote 821
Local 501 Remote 963
Local 472 Remote 865
Local 523 Remote 973
Local 537 Remote 867
Local 584 Remote 915
Local 652 Remote 895
Local 611 Remote 920
Local 555 Remote 851
Local 624 Remote 838
Local 625 Remote 886
Local 580 Remote 871
Local 653 Remote 940
Local 529 Remote 964
Local 486 Remote 876
Local 569 Remote 917
Local 512 Remote 860
Local 512 Remote 832
Local 653 Remote 1045
Local 589 Remote 924
Local 658 Remote 877
Local 740 Remote 874
Local 725 Remote 845
Local 655 Remote 829
Local 635 Remote 822
Local 605 Remote 843
Local 529 Remote 826
Local 481 Remote 821
Local 541 Remote 825
Local 519 Remote 821
Local 496 Remote 822
Local 674 Remote 829
Local 904 Remote 959
Local 698 Remote 921
Local 638 Remote 913
Local 693 Remote 848
Local 606 Remote 847
Local 600 Remote 918
Local 623 Remote 897
Local 525 Remote 1642
Local 534 Remote 1110
Local 545 Remote 999
Local 509 Remote 895
Local 488 Remote 874
Local 599 Remote 1085
Local 597 Remote 931
Local 690 Remote 1058
Local 749 Remote 894
Local 692 Remote 842
Local 618 Remote 829
Local 676 Remote 822
Local 557 Remote 820
Local 541 Remote 943
Local 484 Remote 858
Local 554 Remote 922
Local 523 Remote 862
Local 538 Remote 832
Local 1239 Remote 1329
Local 854 Remote 1033
Local 690 Remote 916
Local 550 Remote 850
Local 602 Remote 829
Local 566 Remote 823
Local 607 Remote 909
Local 671 Remote 932
Local 541 Remote 1042
Local 487 Remote 892
Local 582 Remote 1072
Local 511 Remote 898
Local 498 Remote 846
Local 769 Remote 1046
Local 649 Remote 914
Local 618 Remote 849
Local 664 Remote 883
Local 655 Remote 884
Local 620 Remote 876
Local 726 Remote 837
Local 565 Remote 907
Local 506 Remote 847
Local 473 Remote 828
Local 574 Remote 828
Local 525 Remote 834
Local 533 Remote 911
Local 596 Remote 1435
Local 589 Remote 1084
Local 570 Remote 955
Local 514 Remote 976
Local 543 Remote 870
Local 586 Remote 1153
Local 571 Remote 959
Local 671 Remote 863
Local 541 Remote 833
Local 484 Remote 840
Local 579 Remote 1046
Local 545 Remote 890
Local 572 Remote 879
Local 768 Remote 934
Local 742 Remote 906
Local 685 Remote 864
Local 768 Remote 993
Local 713 Remote 986
Local 591 Remote 933
Local 560 Remote 927
Local 542 Remote 862
Local 488 Remote 832
Local 513 Remote 876
Local 478 Remote 837
Local 609 Remote 937
Local 574 Remote 856
Local 593 Remote 860
Local 640 Remote 984
Local 638 Remote 1028
Local 581 Remote 976
Local 549 Remote 877
Local 492 Remote 841
Local 511 Remote 861
Local 661 Remote 979
Local 568 Remote 869
Local 493 Remote 910
Local 469 Remote 847
Local 598 Remote 894
Local 526 Remote 842
Local 571 Remote 884
Local 700 Remote 1545
Local 795 Remote 1199
Local 736 Remote 984
Local 720 Remote 948
Local 685 Remote 1082
Local 589 Remote 902
Local 500 Remote 844
Local 495 Remote 850
Local 698 Remote 928
Local 539 Remote 853
Local 583 Remote 882
Local 498 Remote 858
Local 559 Remote 872
Local 675 Remote 963
Local 711 Remote 972
Local 568 Remote 874
Local 520 Remote 855
Local 687 Remote 893
Local 606 Remote 842
Local 635 Remote 826
Local 541 Remote 849
Local 486 Remote 835
Local 567 Remote 824
Local 559 Remote 821
Local 517 Remote 820
Local 603 Remote 880
Local 687 Remote 1428
Local 591 Remote 1012
Local 807 Remote 978
Local 749 Remote 946
Local 737 Remote 927
Local 570 Remote 853
Local 607 Remote 832
Local 572 Remote 823
Local 506 Remote 891
Local 473 Remote 841
Local 505 Remote 874
Local 526 Remote 1114
Local 591 Remote 920
Local 651 Remote 905
Local 607 Remote 880
Local 592 Remote 838
Local 676 Remote 824
Local 610 Remote 852
Local 607 Remote 922
Local 673 Remote 952
Local 545 Remote 1439
Local 486 Remote 1015
Local 535 Remote 890
Local 593 Remote 849
Local 616 Remote 828
Local 677 Remote 859
Local 566 Remote 831
Local 655 Remote 860
Local 614 Remote 873
Local 620 Remote 1024
Local 580 Remote 919
Local 630 Remote 862
Local 620 Remote 836
Local 535 Remote 833
Local 493 Remote 823
Local 569 Remote 901
Local 502 Remote 858
Local 522 Remote 904
Local 608 Remote 1027
Local 631 Remote 973
Local 608 Remote 941
Local 559 Remote 858
Local 592 Remote 831
Local 610 Remote 844
Local 557 Remote 826
Local 541 Remote 830
Local 484 Remote 853
Local 469 Remote 829
Local 544 Remote 941
Local 496 Remote 857
Local 560 Remote 909
Local 592 Remote 918
Local 629 Remote 895
Local 618 Remote 889
Local 764 Remote 881
Local 688 Remote 850
Local 553 Remote 830
Local 585 Remote 828
Local 548 Remote 990
Local 492 Remote 875
Local 520 Remote 848
Local 538 Remote 842
Local 498 Remote 859
Local 545 Remote 868
Local 580 Remote 1078
Local 867 Remote 952
Local 591 Remote 861
Local 614 Remote 832
Local 598 Remote 823
Local 595 Remote 860
Local 637 Remote 889
Local 532 Remote 841
Local 483 Remote 837
Local 596 Remote 952
Local 502 Remote 861
Local 566 Remote 862
Local 605 Remote 947
Local 610 Remote 873
Local 684 Remote 873
Local 659 Remote 904
Local 682 Remote 925
Local 647 Remote 871
Local 642 Remote 858
Local 579 Remote 831
Local 496 Remote 823
Local 580 Remote 820
Local 510 Remote 820
Local 480 Remote 820
Local 468 Remote 820
Local 463 Remote 820
Local 460 Remote 820
Local 460 Remote 820
