Local 460 Remote 820
Local 484 Remote 859
Local 479 Remote 835
Local 468 Remote 834
Local 463 Remote 850
Local 460 Remote 832
Local 547 Remote 824
Local 500 Remote 821
Local 476 Remote 904
Local 466 Remote 855
Local 462 Remote 834
Local 460 Remote 825
Local 468 Remote 830
Local 470 Remote 823
Local 463 Remote 820
Local 479 Remote 820
Local 468 Remote 820
Local 486 Remote 820
Local 470 Remote 820
Local 470 Remote 858
Local 463 Remote 835
Local 460 Remote 826
Local 460 Remote 822
Local 460 Remote 820
Local 634 Remote 853
Local 561 Remote 887
Local 502 Remote 851
Local 502 Remote 869
Local 493 Remote 868
Local 811 Remote 902
Local 1056 Remote 864
Local 1149 Remote 911
Local 1060 Remote 921
Local 1085 Remote 911
Local 1081 Remote 922
Local 1103 Remote 892
Local 1127 Remote 871
Local 1059 Remote 941
Local 1089 Remote 916
Local 1047 Remote 850
Local 1002 Remote 829
Local 1097 Remote 866
Local 1091 Remote 882
Local 1126 Remote 893
Local 1122 Remote 877
Local 1073 Remote 964
Local 1090 Remote 917
Local 1084 Remote 872
Local 1096 Remote 860
Local 1133 Remote 898
Local 946 Remote 858
Local 986 Remote 888
Local 1093 Remote 867
Local 1091 Remote 856
Local 1078 Remote 857
Local 1183 Remote 889
Local 1112 Remote 876
Local 1099 Remote 858
Local 1096 Remote 909
Local 1097 Remote 875
Local 1102 Remote 886
Local 996 Remote 868
Local 988 Remote 917
Local 1101 Remote 855
Local 1111 Remote 860
Local 1137 Remote 868
Local 1144 Remote 905
Local 1130 Remote 883
Local 1169 Remote 889
Local 1097 Remote 865
Local 1085 Remote 898
Local 1073 Remote 868
Local 946 Remote 863
Local 1009 Remote 869
Local 1094 Remote 864
Local 1079 Remote 865
Local 1086 Remote 899
Local 1122 Remote 872
Local 1104 Remote 847
Local 1105 Remote 903
Local 1138 Remote 904
Local 1080 Remote 899
Local 1095 Remote 883
Local 916 Remote 963
Local 1016 Remote 872
Local 1094 Remote 856
Local 1107 Remote 897
Local 1116 Remote 899
Local 1125 Remote 920
Local 1140 Remote 885
Local 1166 Remote 897
Local 1133 Remote 907
Local 1164 Remote 871
Local 1139 Remote 866
Local 875 Remote 842
Local 977 Remote 861
Local 1070 Remote 880
Local 1074 Remote 861
Local 1119 Remote 885
Local 1107 Remote 857
Local 1155 Remote 847
Local 1143 Remote 886
Local 1089 Remote 877
Local 1085 Remote 878
Local 1076 Remote 883
Local 813 Remote 842
Local 1015 Remote 850
Local 1112 Remote 886
Local 1126 Remote 916
Local 1092 Remote 889
Local 1131 Remote 883
Local 1146 Remote 866
Local 1068 Remote 911
Local 1124 Remote 893
Local 1148 Remote 892
Local 1086 Remote 907
Local 835 Remote 868
Local 998 Remote 931
Local 1092 Remote 897
Local 1093 Remote 903
Local 1083 Remote 890
Local 1106 Remote 848
Local 1068 Remote 895
Local 1136 Remote 881
Local 1128 Remote 887
Local 1128 Remote 881
Local 1159 Remote 845
Local 749 Remote 835
Local 1076 Remote 898
Local 1169 Remote 897
Local 1120 Remote 882
Local 1101 Remote 889
Local 1086 Remote 889
Local 1090 Remote 901
Local 1106 Remote 884
Local 1192 Remote 861
Local 1147 Remote 885
Local 994 Remote 898
Local 865 Remote 880
Local 1065 Remote 886
Local 1119 Remote 853
Local 1145 Remote 914
Local 1159 Remote 878
Local 1134 Remote 895
Local 1118 Remote 874
Local 1132 Remote 917
Local 1078 Remote 913
Local 1075 Remote 894
Local 944 Remote 847
Local 986 Remote 946
Local 1084 Remote 872
Local 1140 Remote 859
Local 1107 Remote 919
Local 1111 Remote 881
Local 1138 Remote 868
Local 1122 Remote 861
Local 1068 Remote 871
Local 1149 Remote 893
Local 1089 Remote 891
Local 812 Remote 875
Local 1012 Remote 865
Local 1123 Remote 880
Local 1101 Remote 868
Local 1110 Remote 878
Local 1098 Remote 863
Local 1083 Remote 884
Local 1063 Remote 871
Local 1118 Remote 935
Local 1094 Remote 889
Local 1131 Remote 866
Local 822 Remote 847
Local 1031 Remote 870
Local 1076 Remote 894
Local 1102 Remote 906
Local 1098 Remote 859
Local 1117 Remote 862
Local 1065 Remote 887
Local 1080 Remote 858
Local 1096 Remote 886
Local 1155 Remote 871
Local 1094 Remote 858
Local 838 Remote 832
Local 1092 Remote 862
Local 1148 Remote 873
Local 1119 Remote 866
Local 1092 Remote 844
Local 1121 Remote 866
Local 1155 Remote 853
Local 1124 Remote 845
Local 1120 Remote 866
Local 1066 Remote 901
Local 1139 Remote 913
Local 745 Remote 858
Local 1003 Remote 868
Local 1065 Remote 872
Local 1089 Remote 876
Local 1076 Remote 882
Local 1085 Remote 874
Local 1142 Remote 870
Local 1126 Remote 923
Local 1097 Remote 925
Local 1086 Remote 870
Local 955 Remote 868
Local 855 Remote 858
Local 1075 Remote 885
Local 1143 Remote 884
Local 1147 Remote 871
Local 1089 Remote 841
Local 1142 Remote 872
Local 1133 Remote 894
Local 1111 Remote 895
Local 1145 Remote 905
Local 1114 Remote 868
Local 988 Remote 875
Local 846 Remote 861
Local 1071 Remote 911
Local 1068 Remote 891
Local 1100 Remote 907
Local 1103 Remote 913
Local 1077 Remote 902
Local 1105 Remote 919
Local 1078 Remote 887
Local 1043 Remote 876
Local 1094 Remote 911
Local 923 Remote 848
Local 841 Remote 889
Local 1103 Remote 869
Local 1107 Remote 861
Local 1114 Remote 931
Local 1118 Remote 865
Local 1099 Remote 879
Local 1083 Remote 902
Local 1141 Remote 894
Local 1160 Remote 903
Local 1100 Remote 879
Local 934 Remote 862
Local 819 Remote 884
Local 1050 Remote 881
Local 1144 Remote 885
Local 1078 Remote 900
Local 1110 Remote 915
Local 1124 Remote 908
Local 1136 Remote 913
Local 1104 Remote 926
Local 1159 Remote 874
Local 1100 Remote 936
Local 1213 Remote 940
Local 960 Remote 916
Local 1129 Remote 874
Local 1147 Remote 865
Local 1101 Remote 877
Local 1110 Remote 886
Local 1094 Remote 897
Local 1110 Remote 887
Local 1097 Remote 878
Local 1121 Remote 877
Local 1145 Remote 892
Local 985 Remote 880
Local 980 Remote 887
Local 1137 Remote 875
Local 1084 Remote 872
Local 1072 Remote 900
Local 1060 Remote 878
Local 1092 Remote 873
Local 1122 Remote 866
Local 1120 Remote 853
Local 1155 Remote 896
Local 1120 Remote 900
Local 745 Remote 875
Local 1027 Remote 930
Local 1115 Remote 891
Local 1092 Remote 862
Local 1052 Remote 869
Local 1053 Remote 872
Local 1119 Remote 866
Local 1120 Remote 860
Local 1124 Remote 854
Local 1105 Remote 938
Local 1119 Remote 870
Local 886 Remote 856
Local 1109 Remote 866
Local 1080 Remote 904
Local 1115 Remote 917
Local 1126 Remote 915
Local 1143 Remote 870
Local 1071 Remote 856
Local 1108 Remote 875
Local 1096 Remote 876
Local 1075 Remote 889
Local 937 Remote 838
Local 975 Remote 865
Local 1051 Remote 867
Local 1119 Remote 883
Local 1084 Remote 863
Local 1119 Remote 898
Local 1098 Remote 873
Local 1168 Remote 883
Local 1135 Remote 866
Local 1170 Remote 922
Local 1079 Remote 873
Local 945 Remote 850
Local 983 Remote 887
Local 1056 Remote 857
Local 1092 Remote 873
Local 1099 Remote 872
Local 1122 Remote 874
Local 1039 Remote 881
Local 1070 Remote 869
Local 1071 Remote 874
Local 1118 Remote 889
Local 1108 Remote 855
Local 864 Remote 856
Local 1044 Remote 880
Local 1115 Remote 885
Local 1108 Remote 874
Local 1147 Remote 910
Local 1130 Remote 877
Local 1109 Remote 892
Local 1071 Remote 875
Local 1130 Remote 914
Local 1124 Remote 871
Local 1133 Remote 888
Local 817 Remote 872
Local 1006 Remote 931
Local 1113 Remote 880
Local 1148 Remote 858
Local 1062 Remote 882
Local 1121 Remote 847
Local 1135 Remote 866
Local 1116 Remote 849
Local 1120 Remote 847
Local 1117 Remote 862
Local 1131 Remote 886
Local 851 Remote 849
Local 1064 Remote 936
Local 1107 Remote 877
Local 1109 Remote 852
Local 1086 Remote 887
Local 1079 Remote 847
Local 1104 Remote 879
Local 1127 Remote 865
Local 1135 Remote 893
Local 1118 Remote 919
Local 1131 Remote 861
Local 903 Remote 889
Local 1095 Remote 873
Local 1150 Remote 850
Local 1111 Remote 890
Local 1124 Remote 870
Local 1155 Remote 902
Local 1103 Remote 896
Local 1095 Remote 856
Local 1137 Remote 876
Local 1101 Remote 878
Local 906 Remote 862
Local 966 Remote 952
Local 1082 Remote 916
Local 1106 Remote 893
Local 1098 Remote 893
Local 1147 Remote 859
Local 1124 Remote 894
Local 1127 Remote 864
Local 1090 Remote 870
Local 1116 Remote 888
Local 1073 Remote 891
Local 910 Remote 853
Local 1028 Remote 925
Local 1128 Remote 927
Local 1129 Remote 932
Local 931 Remote 871
Local 658 Remote 841
Local 549 Remote 828
Local 502 Remote 823
Local 477 Remote 820
Local 464 Remote 891
Local 462 Remote 894
Local 513 Remote 1119
Local 569 Remote 946
Local 592 Remote 947
Local 952 Remote 908
Local 1073 Remote 901
Local 1117 Remote 930
Local 1077 Remote 883
Local 1123 Remote 912
Local 1069 Remote 914
Local 1109 Remote 912
Local 1068 Remote 895
Local 1111 Remote 925
Local 1101 Remote 919
Local 795 Remote 851
Local 1074 Remote 855
Local 1117 Remote 868
Local 1110 Remote 897
Local 1099 Remote 886
Local 1068 Remote 892
Local 1090 Remote 869
Local 1130 Remote 866
Local 1091 Remote 863
Local 1113 Remote 883
Local 1115 Remote 877
Local 833 Remote 843
Local 1013 Remote 865
Local 1093 Remote 922
Local 1093 Remote 936
Local 1098 Remote 887
Local 1108 Remote 907
Local 1043 Remote 913
Local 1076 Remote 901
Local 1074 Remote 884
Local 1108 Remote 887
Local 1053 Remote 901
Local 736 Remote 853
Local 1056 Remote 873
Local 1051 Remote 932
Local 1083 Remote 904
Local 1035 Remote 905
Local 1081 Remote 887
Local 1064 Remote 912
Local 1076 Remote 894
Local 1105 Remote 909
Local 1114 Remote 928
Local 933 Remote 871
Local 843 Remote 867
Local 1029 Remote 930
Local 1049 Remote 878
Local 1098 Remote 903
Local 1120 Remote 867
Local 1103 Remote 849
Local 1123 Remote 862
Local 1084 Remote 865
Local 1175 Remote 886
Local 1108 Remote 878
Local 878 Remote 842
Local 997 Remote 870
Local 1093 Remote 905
Local 1094 Remote 918
Local 1095 Remote 877
Local 1072 Remote 938
Local 1058 Remote 894
Local 1098 Remote 877
Local 1092 Remote 909
Local 1052 Remote 936
Local 1107 Remote 915
Local 732 Remote 859
Local 989 Remote 898
Local 1050 Remote 873
Local 1140 Remote 872
Local 1114 Remote 861
Local 1099 Remote 882
Local 1093 Remote 895
Local 1100 Remote 890
Local 1082 Remote 891
Local 1100 Remote 914
Local 1080 Remote 950
Local 838 Remote 874
Local 1024 Remote 877
Local 1086 Remote 849
Local 1094 Remote 896
Local 1053 Remote 910
Local 1086 Remote 879
Local 1076 Remote 878
Local 1026 Remote 887
Local 1109 Remote 877
Local 1077 Remote 882
Local 938 Remote 867
Local 922 Remote 876
Local 1076 Remote 884
Local 1066 Remote 872
Local 1047 Remote 865
Local 1052 Remote 892
Local 1100 Remote 839
Local 1049 Remote 923
Local 1087 Remote 913
Local 1057 Remote 877
Local 1073 Remote 875
Local 909 Remote 873
Local 780 Remote 848
Local 1061 Remote 864
Local 1118 Remote 868
Local 1102 Remote 924
Local 1100 Remote 889
Local 1111 Remote 912
Local 1074 Remote 876
Local 1114 Remote 853
Local 1044 Remote 885
Local 1110 Remote 891
Local 1005 Remote 865
Local 855 Remote 883
Local 1043 Remote 880
Local 1085 Remote 868
Local 1073 Remote 874
Local 1073 Remote 874
Local 1080 Remote 873
Local 1060 Remote 886
Local 1059 Remote 898
Local 1069 Remote 852
Local 1073 Remote 887
Local 925 Remote 902
Local 939 Remote 913
Local 1067 Remote 875
Local 1092 Remote 859
Local 1100 Remote 881
Local 1054 Remote 870
Local 1065 Remote 884
Local 1062 Remote 868
Local 1111 Remote 899
Local 1068 Remote 876
Local 1116 Remote 872
Local 904 Remote 958
Local 975 Remote 928
Local 1042 Remote 895
Local 1162 Remote 865
Local 1096 Remote 871
Local 1059 Remote 912
Local 1086 Remote 893
Local 1107 Remote 899
Local 1076 Remote 912
Local 1084 Remote 889
Local 1099 Remote 894
Local 808 Remote 860
Local 903 Remote 895
Local 1064 Remote 885
Local 1062 Remote 867
Local 1085 Remote 888
Local 1138 Remote 871
Local 1065 Remote 878
Local 1052 Remote 843
Local 1088 Remote 944
Local 1114 Remote 904
Local 1116 Remote 874
Local 901 Remote 861
Local 954 Remote 905
Local 1041 Remote 898
Local 1089 Remote 892
Local 1120 Remote 896
Local 1147 Remote 910
Local 1091 Remote 889
Local 1102 Remote 923
Local 1064 Remote 933
Local 1123 Remote 856
Local 1079 Remote 899
Local 792 Remote 853
Local 952 Remote 860
Local 1030 Remote 905
Local 1091 Remote 919
Local 1089 Remote 899
Local 1120 Remote 902
Local 1101 Remote 876
Local 1082 Remote 894
Local 1079 Remote 872
Local 1038 Remote 869
Local 1061 Remote 848
Local 810 Remote 862
Local 1042 Remote 874
Local 1060 Remote 893
Local 1121 Remote 884
Local 1149 Remote 879
Local 1114 Remote 889
Local 1096 Remote 922
Local 1085 Remote 884
Local 1069 Remote 868
Local 1092 Remote 896
Local 1137 Remote 881
Local 738 Remote 844
Local 1023 Remote 902
Local 1058 Remote 909
Local 1083 Remote 854
Local 1049 Remote 851
Local 1131 Remote 884
Local 1079 Remote 890
Local 1094 Remote 863
Local 1128 Remote 893
Local 1049 Remote 927
Local 1075 Remote 865
Local 784 Remote 853
Local 981 Remote 889
Local 1069 Remote 901
Local 1083 Remote 868
Local 1086 Remote 883
Local 1097 Remote 889
Local 1048 Remote 853
Local 1098 Remote 914
Local 1029 Remote 893
Local 1072 Remote 908
Local 1067 Remote 887
Local 770 Remote 847
Local 1069 Remote 919
Local 1123 Remote 884
Local 1109 Remote 875
Local 1112 Remote 859
Local 1065 Remote 868
Local 1126 Remote 913
Local 1069 Remote 884
Local 1076 Remote 871
Local 1138 Remote 873
Local 1071 Remote 904
Local 815 Remote 846
Local 1031 Remote 873
Local 1039 Remote 893
Local 1121 Remote 890
Local 1091 Remote 890
Local 1108 Remote 908
Local 1069 Remote 866
Local 1096 Remote 886
Local 1082 Remote 896
Local 1082 Remote 887
Local 1063 Remote 880
Local 803 Remote 851
Local 978 Remote 882
Local 1066 Remote 886
Local 1053 Remote 888
Local 1089 Remote 881
Local 1138 Remote 871
Local 1093 Remote 891
Local 1096 Remote 882
Local 1139 Remote 907
Local 1120 Remote 865
Local 1082 Remote 844
Local 818 Remote 839
Local 1011 Remote 962
Local 1060 Remote 902
Local 1118 Remote 846
Local 1075 Remote 885
Local 1078 Remote 890
Local 1090 Remote 844
Local 1073 Remote 880
Local 1066 Remote 921
Local 1134 Remote 877
Local 1126 Remote 887
Local 820 Remote 849
Local 1015 Remote 898
Local 1015 Remote 881
Local 1071 Remote 900
Local 1152 Remote 880
Local 1147 Remote 906
Local 1120 Remote 900
Local 1096 Remote 883
Local 1093 Remote 899
Local 1073 Remote 872
Local 1051 Remote 883
Local 793 Remote 850
Local 1027 Remote 872
Local 1070 Remote 885
Local 1082 Remote 879
Local 1104 Remote 896
Local 1088 Remote 874
Local 1102 Remote 917
Local 1089 Remote 895
Local 1092 Remote 875
Local 1081 Remote 871
Local 1106 Remote 873
Local 807 Remote 835
Local 1046 Remote 884
Local 1120 Remote 877
Local 1092 Remote 867
Local 1064 Remote 843
Local 1043 Remote 869
Local 1073 Remote 919
Local 1071 Remote 925
Local 1073 Remote 859
Local 1073 Remote 859
Local 1087 Remote 850
Local 795 Remote 843
Local 1013 Remote 901
Local 1104 Remote 891
Local 1120 Remote 931
Local 1174 Remote 866
Local 1101 Remote 876
Local 1116 Remote 869
Local 1101 Remote 852
Local 1097 Remote 888
Local 1116 Remote 854
Local 1060 Remote 898
Local 936 Remote 852
Local 1078 Remote 912
Local 1129 Remote 886
Local 1043 Remote 929
Local 1132 Remote 907
Local 1111 Remote 867
Local 1092 Remote 863
Local 1080 Remote 892
Local 1099 Remote 939
Local 1097 Remote 866
Local 1101 Remote 891
Local 923 Remote 851
Local 1042 Remote 850
Local 1093 Remote 928
Local 1073 Remote 868
Local 1123 Remote 878
Local 1094 Remote 901
Local 1110 Remote 907
Local 1095 Remote 879
Local 1124 Remote 864
Local 1115 Remote 864
Local 1070 Remote 923
Local 712 Remote 846
Local 1039 Remote 921
Local 1102 Remote 907
Local 1082 Remote 865
Local 1085 Remote 906
Local 1081 Remote 878
Local 1088 Remote 877
Local 1122 Remote 855
Local 1064 Remote 861
Local 1101 Remote 867
Local 1119 Remote 878
Local 748 Remote 838
Local 995 Remote 836
Local 1035 Remote 881
Local 1093 Remote 887
Local 1141 Remote 910
Local 1088 Remote 887
Local 1072 Remote 885
Local 1119 Remote 866
Local 1072 Remote 864
Local 1048 Remote 869
Local 1109 Remote 868
Local 770 Remote 838
Local 1010 Remote 932
Local 1110 Remote 922
Local 954 Remote 856
Local 667 Remote 835
Local 547 Remote 826
Local 496 Remote 845
Local 475 Remote 832
Local 514 Remote 823
Local 491 Remote 868
Local 481 Remote 865
Local 549 Remote 838
Local 603 Remote 938
Local 582 Remote 892
Local 992 Remote 932
Local 1087 Remote 892
Local 1086 Remote 884
Local 1084 Remote 863
Local 1085 Remote 871
Local 1114 Remote 874
Local 1126 Remote 893
Local 1108 Remote 879
Local 1097 Remote 879
Local 1074 Remote 897
Local 718 Remote 851
Local 1039 Remote 892
Local 1128 Remote 864
Local 1080 Remote 875
Local 1066 Remote 857
Local 1086 Remote 843
Local 1065 Remote 859
Local 1024 Remote 888
Local 1104 Remote 873
Local 1082 Remote 856
Local 935 Remote 840
Local 986 Remote 861
Local 1069 Remote 851
Local 1105 Remote 857
Local 1101 Remote 869
Local 1072 Remote 841
Local 1078 Remote 869
Local 1068 Remote 870
Local 1065 Remote 861
Local 1077 Remote 877
Local 1123 Remote 895
Local 795 Remote 846
Local 1026 Remote 848
Local 1096 Remote 849
Local 1081 Remote 893
Local 1098 Remote 880
Local 1084 Remote 867
Local 1098 Remote 870
Local 1109 Remote 885
Local 1112 Remote 929
Local 1062 Remote 873
Local 930 Remote 886
Local 810 Remote 905
Local 1064 Remote 916
Local 1133 Remote 854
Local 1111 Remote 877
Local 1091 Remote 899
Local 1108 Remote 861
Local 1089 Remote 859
Local 1117 Remote 889
Local 1129 Remote 873
Local 1104 Remote 911
Local 946 Remote 881
Local 877 Remote 866
Local 1081 Remote 883
Local 1131 Remote 882
Local 1090 Remote 916
Local 1068 Remote 864
Local 1080 Remote 875
Local 1124 Remote 892
Local 1086 Remote 869
Local 1087 Remote 919
Local 1112 Remote 894
Local 942 Remote 1012
Local 1040 Remote 911
Local 1058 Remote 879
Local 1087 Remote 902
Local 1154 Remote 868
Local 1117 Remote 887
Local 1070 Remote 895
Local 1106 Remote 875
Local 1069 Remote 882
Local 1140 Remote 863
Local 1117 Remote 860
Local 822 Remote 864
Local 983 Remote 894
Local 1094 Remote 857
Local 1083 Remote 869
Local 1102 Remote 872
Local 1083 Remote 859
Local 1042 Remote 880
Local 1091 Remote 859
Local 1081 Remote 877
Local 1109 Remote 857
Local 1107 Remote 917
Local 858 Remote 905
Local 1015 Remote 864
Local 1132 Remote 910
Local 1132 Remote 892
Local 1078 Remote 857
Local 1071 Remote 870
Local 1078 Remote 855
Local 1081 Remote 842
Local 1142 Remote 910
Local 1138 Remote 890
Local 823 Remote 847
Local 927 Remote 883
Local 1074 Remote 872
Local 1083 Remote 903
Local 1046 Remote 877
Local 1066 Remote 860
Local 1084 Remote 893
Local 1122 Remote 884
Local 1085 Remote 857
Local 1120 Remote 874
Local 1044 Remote 859
Local 698 Remote 838
Local 1023 Remote 849
Local 1041 Remote 862
Local 1018 Remote 918
Local 1158 Remote 861
Local 1098 Remote 881
Local 1101 Remote 865
Local 1103 Remote 876
Local 1087 Remote 890
Local 1101 Remote 863
Local 911 Remote 847
Local 983 Remote 868
Local 1079 Remote 882
Local 1126 Remote 869
Local 1085 Remote 888
Local 1116 Remote 902
Local 1096 Remote 882
Local 1052 Remote 854
Local 1128 Remote 881
Local 1086 Remote 853
Local 1101 Remote 876
Local 903 Remote 845
Local 1028 Remote 879
Local 1087 Remote 877
Local 1128 Remote 849
Local 1100 Remote 843
Local 1085 Remote 887
Local 1099 Remote 887
Local 1067 Remote 859
Local 1111 Remote 864
Local 1050 Remote 869
Local 1131 Remote 897
Local 740 Remote 843
Local 1032 Remote 897
Local 1116 Remote 883
Local 1068 Remote 900
Local 1120 Remote 878
Local 1073 Remote 873
Local 1041 Remote 851
Local 1089 Remote 879
Local 1090 Remote 857
Local 1089 Remote 852
Local 1060 Remote 856
Local 712 Remote 835
Local 1068 Remote 917
Local 1102 Remote 874
Local 1109 Remote 887
Local 1063 Remote 895
Local 1088 Remote 866
Local 1095 Remote 896
Local 1127 Remote 878
Local 1105 Remote 854
Local 1106 Remote 890
Local 937 Remote 862
Local 829 Remote 836
Local 1041 Remote 879
Local 1068 Remote 887
Local 1050 Remote 873
Local 1091 Remote 863
Local 1097 Remote 896
Local 1111 Remote 886
Local 1088 Remote 866
Local 1117 Remote 860
Local 1077 Remote 870
Local 911 Remote 847
Local 965 Remote 898
Local 1098 Remote 891
Local 1145 Remote 879
Local 1105 Remote 853
Local 1108 Remote 868
Local 1064 Remote 864
Local 1060 Remote 876
Local 1099 Remote 865
Local 1109 Remote 882
Local 1082 Remote 891
Local 929 Remote 857
Local 923 Remote 867
Local 1082 Remote 911
Local 1106 Remote 877
Local 1076 Remote 856
Local 1042 Remote 870
Local 1058 Remote 865
Local 1035 Remote 860
Local 1107 Remote 877
Local 1068 Remote 858
Local 1154 Remote 896
Local 1010 Remote 862
Local 994 Remote 891
Local 1062 Remote 878
Local 1104 Remote 883
Local 1115 Remote 917
Local 1078 Remote 851
Local 1087 Remote 883
Local 1124 Remote 886
Local 1083 Remote 871
Local 1163 Remote 873
Local 1136 Remote 889
Local 953 Remote 847
Local 957 Remote 931
Local 1084 Remote 883
Local 1082 Remote 861
Local 1084 Remote 866
Local 1105 Remote 868
Local 1092 Remote 909
Local 1074 Remote 879
Local 1110 Remote 863
Local 1085 Remote 861
Local 1137 Remote 886
Local 820 Remote 859
Local 919 Remote 874
Local 1036 Remote 872
Local 1115 Remote 905
Local 1073 Remote 864
Local 1111 Remote 860
Local 1107 Remote 867
Local 1103 Remote 884
Local 1063 Remote 864
Local 1058 Remote 880
Local 1071 Remote 880
Local 843 Remote 843
Local 950 Remote 936
Local 1070 Remote 887
Local 1074 Remote 866
Local 1091 Remote 866
Local 1108 Remote 870
Local 1110 Remote 870
Local 1089 Remote 842
Local 1146 Remote 849
Local 1067 Remote 894
Local 1123 Remote 896
Local 913 Remote 866
Local 953 Remote 967
Local 1072 Remote 867
Local 1103 Remote 849
Local 1077 Remote 908
Local 1079 Remote 866
Local 1055 Remote 868
Local 1061 Remote 862
Local 1086 Remote 869
Local 1094 Remote 886
Local 1078 Remote 858
Local 862 Remote 857
Local 1073 Remote 902
Local 1077 Remote 850
Local 1095 Remote 900
Local 1091 Remote 909
Local 1143 Remote 883
Local 1078 Remote 885
Local 1107 Remote 862
Local 1107 Remote 887
Local 1079 Remote 888
Local 1072 Remote 847
Local 718 Remote 922
Local 1072 Remote 875
Local 1067 Remote 862
Local 1105 Remote 874
Local 1103 Remote 863
Local 1057 Remote 846
Local 1127 Remote 876
Local 1093 Remote 893
Local 1080 Remote 867
Local 1050 Remote 870
Local 892 Remote 856
Local 789 Remote 867
Local 1080 Remote 859
Local 1106 Remote 898
Local 1062 Remote 873
Local 1064 Remote 886
Local 1082 Remote 887
Local 1077 Remote 866
Local 1092 Remote 864
Local 1108 Remote 870
Local 1079 Remote 882
Local 1032 Remote 852
Local 848 Remote 906
Local 1087 Remote 887
Local 1089 Remote 941
Local 1133 Remote 876
Local 1128 Remote 865
Local 1100 Remote 883
Local 1135 Remote 863
Local 1095 Remote 883
Local 1063 Remote 892
Local 1131 Remote 914
Local 937 Remote 857
Local 810 Remote 921
Local 1053 Remote 872
Local 1078 Remote 873
Local 1107 Remote 892
Local 1036 Remote 901
Local 1066 Remote 880
Local 1081 Remote 878
Local 1085 Remote 872
Local 1125 Remote 888
Local 1037 Remote 881
Local 945 Remote 877
Local 845 Remote 883
Local 1082 Remote 915
Local 1094 Remote 884
Local 1145 Remote 866
Local 1094 Remote 878
Local 1136 Remote 892
Local 1100 Remote 880
Local 1056 Remote 850
Local 1112 Remote 865
Local 1115 Remote 855
Local 814 Remote 829
Local 978 Remote 842
Local 1119 Remote 881
Local 1090 Remote 872
Local 1069 Remote 892
Local 1098 Remote 904
Local 1104 Remote 900
Local 1050 Remote 899
Local 1095 Remote 867
Local 1070 Remote 856
Local 1114 Remote 853
Local 808 Remote 833
Local 972 Remote 968
Local 1094 Remote 903
Local 1124 Remote 902
Local 1108 Remote 898
Local 1041 Remote 879
Local 1111 Remote 856
Local 1130 Remote 852
Local 1103 Remote 863
Local 1101 Remote 842
Local 1108 Remote 863
Local 815 Remote 850
Local 995 Remote 884
Local 1123 Remote 890
Local 998 Remote 856
Local 686 Remote 835
Local 554 Remote 826
Local 520 Remote 822
Local 484 Remote 820
Local 552 Remote 820
Local 523 Remote 849
Local 520 Remote 841
Local 484 Remote 878
Local 507 Remote 932
Local 499 Remote 969
Local 1029 Remote 874
Local 1135 Remote 873
Local 1090 Remote 924
Local 1101 Remote 894
Local 1144 Remote 898
Local 1104 Remote 865
Local 1101 Remote 910
Local 1074 Remote 879
Local 1124 Remote 905
Local 1097 Remote 843
Local 732 Remote 826
Local 1003 Remote 931
Local 1074 Remote 890
Local 1041 Remote 871
Local 1136 Remote 890
Local 1111 Remote 956
Local 1087 Remote 873
Local 1048 Remote 891
Local 1085 Remote 916
Local 1083 Remote 877
Local 1133 Remote 892
Local 903 Remote 943
Local 1027 Remote 869
Local 1107 Remote 867
Local 1115 Remote 882
Local 1109 Remote 881
Local 1075 Remote 915
Local 1125 Remote 922
Local 1149 Remote 860
Local 1113 Remote 900
Local 1088 Remote 917
Local 791 Remote 860
Local 1051 Remote 882
Local 1106 Remote 879
Local 1083 Remote 867
Local 1072 Remote 885
Local 1139 Remote 904
Local 1082 Remote 889
Local 1075 Remote 920
Local 1123 Remote 878
Local 1101 Remote 918
Local 952 Remote 869
Local 846 Remote 859
Local 1057 Remote 906
Local 1087 Remote 867
Local 1111 Remote 883
Local 1072 Remote 899
Local 1150 Remote 871
Local 1113 Remote 873
Local 1124 Remote 877
Local 1087 Remote 926
Local 1111 Remote 890
Local 1045 Remote 855
Local 1023 Remote 888
Local 1066 Remote 870
Local 1113 Remote 898
Local 1136 Remote 903
Local 1096 Remote 918
Local 1073 Remote 886
Local 1086 Remote 893
Local 1093 Remote 925
Local 1053 Remote 881
Local 1088 Remote 871
Local 877 Remote 858
Local 905 Remote 970
Local 1069 Remote 907
Local 1094 Remote 869
Local 1119 Remote 898
Local 1103 Remote 885
Local 1118 Remote 898
Local 1067 Remote 878
Local 1074 Remote 896
Local 1107 Remote 891
Local 1069 Remote 886
Local 796 Remote 850
Local 993 Remote 891
Local 1045 Remote 884
Local 1102 Remote 878
Local 1158 Remote 877
Local 1120 Remote 860
Local 1097 Remote 893
Local 1109 Remote 887
Local 1092 Remote 856
Local 1145 Remote 884
Local 1096 Remote 878
Local 814 Remote 845
Local 1045 Remote 933
Local 1110 Remote 889
Local 1080 Remote 882
Local 1111 Remote 904
Local 1086 Remote 872
Local 1106 Remote 856
Local 1138 Remote 868
Local 1083 Remote 888
Local 1112 Remote 903
Local 1087 Remote 893
Local 724 Remote 850
Local 1001 Remote 862
Local 1128 Remote 944
Local 1159 Remote 878
Local 1093 Remote 909
Local 1117 Remote 891
Local 1093 Remote 901
Local 1110 Remote 883
Local 1096 Remote 854
Local 1092 Remote 893
Local 1119 Remote 869
Local 737 Remote 840
Local 1061 Remote 916
Local 1149 Remote 890
Local 1110 Remote 871
Local 1136 Remote 852
Local 1128 Remote 861
Local 1099 Remote 844
Local 1089 Remote 861
Local 1071 Remote 879
Local 1091 Remote 874
Local 1087 Remote 864
Local 724 Remote 838
Local 1037 Remote 904
Local 1081 Remote 883
Local 1110 Remote 897
Local 1107 Remote 902
Local 1093 Remote 883
Local 1067 Remote 886
Local 1142 Remote 859
Local 1073 Remote 860
Local 1113 Remote 898
Local 894 Remote 867
Local 959 Remote 1013
Local 1103 Remote 883
Local 1088 Remote 924
Local 1130 Remote 897
Local 1122 Remote 872
Local 1079 Remote 910
Local 1105 Remote 908
Local 1076 Remote 860
Local 1084 Remote 931
Local 1105 Remote 901
Local 831 Remote 880
Local 1061 Remote 871
Local 1068 Remote 850
Local 1090 Remote 865
Local 1076 Remote 871
Local 1104 Remote 868
Local 1084 Remote 878
Local 1067 Remote 880
Local 1112 Remote 875
Local 1082 Remote 873
Local 1001 Remote 881
Local 853 Remote 844
Local 1067 Remote 919
Local 1035 Remote 871
Local 1079 Remote 884
Local 1112 Remote 881
Local 1061 Remote 912
Local 1108 Remote 859
Local 1095 Remote 886
Local 1095 Remote 893
Local 1118 Remote 890
Local 900 Remote 861
Local 1025 Remote 893
Local 1063 Remote 912
Local 1096 Remote 883
Local 1095 Remote 864
Local 1078 Remote 850
Local 1096 Remote 862
Local 1096 Remote 882
Local 1062 Remote 878
Local 1114 Remote 897
Local 1092 Remote 879
Local 920 Remote 941
Local 962 Remote 1012
Local 1073 Remote 897
Local 1131 Remote 873
Local 1068 Remote 841
Local 1076 Remote 870
Local 1052 Remote 885
Local 1120 Remote 871
Local 1082 Remote 878
Local 1093 Remote 872
Local 1106 Remote 870
Local 874 Remote 857
Local 967 Remote 890
Local 1071 Remote 917
Local 1078 Remote 958
Local 1114 Remote 917
Local 1105 Remote 940
Local 1091 Remote 880
Local 1080 Remote 877
Local 1111 Remote 902
Local 1088 Remote 901
Local 1116 Remote 863
Local 1011 Remote 838
Local 1109 Remote 867
Local 1133 Remote 888
Local 1100 Remote 950
Local 1077 Remote 912
Local 1080 Remote 909
Local 1089 Remote 899
Local 1152 Remote 886
Local 1136 Remote 918
Local 1102 Remote 937
Local 1096 Remote 898
Local 881 Remote 856
Local 1043 Remote 866
Local 1094 Remote 865
Local 1084 Remote 865
Local 1075 Remote 867
Local 1127 Remote 882
Local 1056 Remote 901
Local 1102 Remote 872
Local 1105 Remote 886
Local 1113 Remote 859
Local 808 Remote 849
Local 968 Remote 850
Local 1041 Remote 859
Local 1053 Remote 913
Local 1114 Remote 884
Local 1094 Remote 910
Local 1108 Remote 879
Local 1082 Remote 862
Local 1068 Remote 929
Local 1100 Remote 890
Local 1101 Remote 880
Local 795 Remote 847
Local 1054 Remote 965
Local 1126 Remote 937
Local 1097 Remote 874
Local 1107 Remote 891
Local 1100 Remote 862
Local 1089 Remote 893
Local 1111 Remote 861
Local 1119 Remote 888
Local 1101 Remote 878
Local 1118 Remote 870
Local 831 Remote 874
Local 1034 Remote 919
Local 1074 Remote 924
Local 1104 Remote 897
Local 1096 Remote 874
Local 1077 Remote 907
Local 1077 Remote 910
Local 1061 Remote 859
Local 1071 Remote 880
Local 1048 Remote 922
Local 1086 Remote 875
Local 902 Remote 855
Local 1044 Remote 909
Local 1075 Remote 878
Local 1091 Remote 868
Local 1086 Remote 866
Local 1100 Remote 863
Local 1094 Remote 879
Local 1123 Remote 904
Local 1089 Remote 884
Local 1083 Remote 875
Local 982 Remote 848
Local 967 Remote 895
Local 1074 Remote 872
Local 1105 Remote 858
Local 1121 Remote 880
Local 1093 Remote 890
Local 1068 Remote 918
Local 1055 Remote 887
Local 1058 Remote 892
Local 1119 Remote 858
Local 1095 Remote 911
Local 915 Remote 884
Local 1078 Remote 913
Local 1115 Remote 883
Local 1130 Remote 891
Local 1076 Remote 871
Local 1023 Remote 887
Local 1112 Remote 907
Local 1109 Remote 907
Local 1130 Remote 912
Local 1124 Remote 877
Local 1094 Remote 869
Local 727 Remote 840
Local 1015 Remote 904
Local 1068 Remote 911
Local 1128 Remote 912
Local 1073 Remote 878
Local 1082 Remote 858
Local 1145 Remote 877
Local 1045 Remote 896
Local 1120 Remote 920
Local 1073 Remote 926
Local 1060 Remote 904
Local 783 Remote 881
Local 986 Remote 920
Local 1070 Remote 882
Local 1107 Remote 890
Local 1126 Remote 888
Local 1053 Remote 908
Local 1118 Remote 892
Local 1049 Remote 897
Local 1107 Remote 900
Local 1054 Remote 909
Local 943 Remote 879
Local 797 Remote 908
Local 1042 Remote 937
Local 1090 Remote 915
Local 1111 Remote 892
Local 1112 Remote 887
Local 1106 Remote 907
Local 1053 Remote 921
Local 1079 Remote 896
Local 1094 Remote 902
Local 1099 Remote 889
Local 947 Remote 920
Local 968 Remote 971
Local 1086 Remote 933
Local 1098 Remote 902
Local 1108 Remote 872
Local 1105 Remote 882
Local 1127 Remote 890
Local 1083 Remote 854
Local 1109 Remote 903
Local 1110 Remote 938
Local 1123 Remote 914
Local 860 Remote 865
Local 1047 Remote 990
Local 1107 Remote 900
Local 1117 Remote 908
Local 1073 Remote 885
Local 1134 Remote 878
Local 1056 Remote 880
Local 1105 Remote 855
Local 1060 Remote 893
Local 1051 Remote 898
Local 1053 Remote 900
Local 885 Remote 853
Local 1029 Remote 841
Local 1052 Remote 849
Local 877 Remote 840
Local 635 Remote 828
Local 533 Remote 823
Local 490 Remote 825
Local 472 Remote 882
Local 490 Remote 845
Local 617 Remote 867
Local 534 Remote 851
Local 490 Remote 847
Local 528 Remote 1032
Local 659 Remote 932
Local 1069 Remote 850
Local 1094 Remote 910
Local 1085 Remote 880
Local 1081 Remote 879
Local 1088 Remote 885
Local 1104 Remote 904
Local 1124 Remote 868
Local 1110 Remote 890
Local 1098 Remote 890
Local 930 Remote 912
Local 977 Remote 888
Local 1020 Remote 867
Local 1093 Remote 920
Local 1080 Remote 868
Local 1141 Remote 871
Local 1108 Remote 864
Local 1084 Remote 875
Local 1050 Remote 874
Local 1110 Remote 847
Local 1094 Remote 870
Local 792 Remote 858
Local 984 Remote 879
Local 1076 Remote 872
Local 1068 Remote 867
Local 1104 Remote 867
Local 1080 Remote 896
Local 1108 Remote 923
Local 1075 Remote 878
Local 1090 Remote 879
Local 1130 Remote 892
Local 1126 Remote 885
Local 823 Remote 860
Local 998 Remote 888
Local 1118 Remote 887
Local 1108 Remote 860
Local 1177 Remote 900
Local 1114 Remote 908
Local 1105 Remote 864
Local 1097 Remote 861
Local 1138 Remote 871
Local 1143 Remote 848
Local 1097 Remote 899
Local 847 Remote 862
Local 958 Remote 888
Local 1075 Remote 917
Local 1073 Remote 870
Local 1056 Remote 868
Local 1064 Remote 892
Local 1112 Remote 855
Local 1081 Remote 902
Local 1059 Remote 874
Local 1067 Remote 888
Local 1037 Remote 895
Local 940 Remote 851
Local 988 Remote 856
Local 1043 Remote 841
Local 1136 Remote 845
Local 1075 Remote 861
Local 1163 Remote 874
Local 1096 Remote 841
Local 1103 Remote 838
Local 1093 Remote 893
Local 1085 Remote 854
Local 1146 Remote 882
Local 949 Remote 901
Local 984 Remote 871
Local 1088 Remote 838
Local 1076 Remote 864
Local 1071 Remote 908
Local 1074 Remote 863
Local 1071 Remote 879
Local 1085 Remote 866
Local 1090 Remote 847
Local 1125 Remote 858
Local 1110 Remote 891
Local 855 Remote 866
Local 983 Remote 854
Local 1061 Remote 887
Local 1109 Remote 907
Local 1096 Remote 862
Local 1089 Remote 880
Local 1125 Remote 899
Local 1070 Remote 882
Local 1110 Remote 879
Local 1095 Remote 919
Local 1070 Remote 888
Local 934 Remote 864
Local 1015 Remote 914
Local 1117 Remote 881
Local 1110 Remote 897
Local 1085 Remote 886
Local 1127 Remote 874
Local 1086 Remote 932
Local 1070 Remote 882
Local 1132 Remote 854
Local 1132 Remote 856
Local 1063 Remote 874
Local 929 Remote 866
Local 962 Remote 841
Local 1073 Remote 839
Local 1065 Remote 872
Local 1113 Remote 894
Local 1086 Remote 899
Local 1039 Remote 857
Local 1085 Remote 836
Local 1115 Remote 869
Local 1124 Remote 868
Local 1081 Remote 886
Local 965 Remote 868
Local 990 Remote 949
Local 1134 Remote 920
Local 1100 Remote 874
Local 1118 Remote 883
Local 1103 Remote 895
Local 1113 Remote 906
Local 1093 Remote 879
Local 1071 Remote 885
Local 1084 Remote 858
Local 1128 Remote 873
Local 929 Remote 859
Local 1055 Remote 896
Local 1078 Remote 919
Local 1092 Remote 891
Local 1114 Remote 868
Local 1096 Remote 864
Local 1103 Remote 883
Local 1053 Remote 875
Local 1163 Remote 855
Local 1116 Remote 858
Local 1154 Remote 885
Local 963 Remote 842
Local 980 Remote 875
Local 1185 Remote 853
Local 1167 Remote 860
Local 1158 Remote 845
Local 1131 Remote 841
Local 1075 Remote 855
Local 1089 Remote 854
Local 1085 Remote 867
Local 1106 Remote 871
Local 1103 Remote 922
Local 893 Remote 836
Local 948 Remote 844
Local 1057 Remote 867
Local 1088 Remote 868
Local 1131 Remote 904
Local 1128 Remote 851
Local 1124 Remote 863
Local 1081 Remote 868
Local 1088 Remote 867
Local 1089 Remote 893
Local 1094 Remote 908
Local 834 Remote 860
Local 926 Remote 835
Local 1106 Remote 861
Local 1078 Remote 895
Local 1125 Remote 894
Local 1161 Remote 866
Local 1135 Remote 864
Local 1106 Remote 851
Local 1132 Remote 888
Local 1064 Remote 849
Local 1090 Remote 868
Local 811 Remote 844
Local 917 Remote 843
Local 1132 Remote 870
Local 1082 Remote 910
Local 1147 Remote 894
Local 1106 Remote 901
Local 1090 Remote 886
Local 1111 Remote 859
Local 1081 Remote 857
Local 1112 Remote 841
Local 1068 Remote 888
Local 818 Remote 872
Local 993 Remote 886
Local 1094 Remote 856
Local 1134 Remote 862
Local 1105 Remote 899
Local 1132 Remote 859
Local 1122 Remote 857
Local 1103 Remote 883
Local 1113 Remote 873
Local 1125 Remote 871
Local 1113 Remote 867
Local 920 Remote 851
Local 936 Remote 873
Local 1096 Remote 853
Local 1116 Remote 876
Local 1064 Remote 908
Local 1089 Remote 890
Local 1120 Remote 869
Local 1118 Remote 856
Local 1122 Remote 868
Local 1150 Remote 873
Local 1139 Remote 875
Local 909 Remote 835
Local 963 Remote 881
Local 1118 Remote 846
Local 1092 Remote 870
Local 1128 Remote 850
Local 1116 Remote 867
Local 1127 Remote 874
Local 1162 Remote 875
Local 1102 Remote 864
Local 1115 Remote 860
Local 1081 Remote 847
Local 876 Remote 844
Local 988 Remote 928
Local 1072 Remote 905
Local 1134 Remote 891
Local 1109 Remote 876
Local 1103 Remote 844
Local 1100 Remote 870
Local 1129 Remote 871
Local 1054 Remote 840
Local 1055 Remote 893
Local 1044 Remote 870
Local 928 Remote 862
Local 924 Remote 925
Local 1069 Remote 906
Local 1061 Remote 879
Local 1128 Remote 869
Local 1069 Remote 892
Local 1144 Remote 867
Local 1116 Remote 860
Local 1071 Remote 898
Local 1087 Remote 856
Local 1103 Remote 871
Local 899 Remote 848
Local 954 Remote 877
Local 1103 Remote 878
Local 1103 Remote 876
Local 1118 Remote 874
Local 1078 Remote 859
Local 1097 Remote 844
Local 1089 Remote 852
Local 1099 Remote 892
Local 1123 Remote 863
Local 1056 Remote 826
Local 910 Remote 853
Local 975 Remote 919
Local 1077 Remote 859
Local 1097 Remote 861
Local 1093 Remote 886
Local 1123 Remote 896
Local 1062 Remote 871
Local 1080 Remote 843
Local 1071 Remote 862
Local 1099 Remote 882
Local 1040 Remote 856
Local 816 Remote 839
Local 897 Remote 898
Local 1057 Remote 881
Local 1139 Remote 896
Local 1059 Remote 897
Local 1115 Remote 846
Local 1120 Remote 879
Local 1110 Remote 851
Local 1075 Remote 876
Local 1137 Remote 857
Local 1131 Remote 861
Local 825 Remote 870
Local 963 Remote 915
Local 1077 Remote 868
Local 1151 Remote 843
Local 1095 Remote 881
Local 1101 Remote 861
Local 1072 Remote 873
Local 1060 Remote 870
Local 1115 Remote 854
Local 1105 Remote 843
Local 1089 Remote 881
Local 811 Remote 994
Local 934 Remote 885
Local 1079 Remote 877
Local 1055 Remote 858
Local 1154 Remote 857
Local 1100 Remote 865
Local 1106 Remote 925
Local 1076 Remote 885
Local 1083 Remote 886
Local 1103 Remote 875
Local 1107 Remote 846
Local 894 Remote 880
Local 1112 Remote 874
Local 1132 Remote 849
Local 1077 Remote 957
Local 1051 Remote 884
Local 1108 Remote 866
Local 1095 Remote 855
Local 1104 Remote 849
Local 1149 Remote 894
Local 1088 Remote 875
Local 1120 Remote 906
Local 839 Remote 857
Local 1046 Remote 877
Local 1066 Remote 867
Local 1108 Remote 853
Local 1077 Remote 911
Local 1134 Remote 891
Local 1102 Remote 873
Local 1093 Remote 899
Local 1079 Remote 862
Local 1117 Remote 886
Local 1109 Remote 853
Local 759 Remote 856
Local 1039 Remote 884
Local 1065 Remote 850
Local 1126 Remote 885
Local 1082 Remote 845
Local 1130 Remote 868
Local 1071 Remote 868
Local 1088 Remote 880
Local 1084 Remote 863
Local 1110 Remote 850
Local 1117 Remote 872
Local 793 Remote 841
Local 1029 Remote 869
Local 1111 Remote 887
Local 1104 Remote 890
Local 1080 Remote 857
Local 1117 Remote 874
Local 1080 Remote 874
Local 1118 Remote 861
Local 1128 Remote 845
Local 1067 Remote 854
Local 1073 Remote 876
Local 714 Remote 840
Local 1057 Remote 898
Local 1152 Remote 889
Local 1087 Remote 873
Local 1072 Remote 903
Local 1081 Remote 909
Local 1127 Remote 854
Local 1142 Remote 856
Local 1098 Remote 875
Local 1093 Remote 880
Local 1133 Remote 861
Local 766 Remote 836
Local 1026 Remote 863
Local 1156 Remote 873
Local 880 Remote 889
Local 637 Remote 848
Local 547 Remote 831
Local 501 Remote 824
Local 476 Remote 821
Local 490 Remote 820
Local 472 Remote 820
Local 480 Remote 820
Local 468 Remote 820
Local 478 Remote 941
Local 466 Remote 870
Local 462 Remote 840
Local 460 Remote 828
Local 460 Remote 823
Local 460 Remote 826
Local 460 Remote 822
Local 460 Remote 820
Local 460 Remote 820
Local 460 Remote 820
Local 460 Remote 829
Local 481 Remote 969
Local 468 Remote 882
Local 463 Remote 845
Local 460 Remote 829
Local 460 Remote 894
Local 460 Remote 850
Local 460 Remote 843
Local 460 Remote 829
Local 460 Remote 823
Local 460 Remote 820
Local 496 Remote 820
Local 475 Remote 820
Local 479 Remote 847
Local 494 Remote 881
Local 503 Remote 844
Local 478 Remote 829
Local 466 Remote 823
Local 462 Remote 820
Local 460 Remote 820
