Local 554 Remote 820
Local 493 Remote 820
Local 593 Remote 828
Local 520 Remote 858
Local 731 Remote 937
Local 799 Remote 952
Local 712 Remote 861
Local 1139 Remote 958
Local 1513 Remote 1699
Local 1104 Remote 1264
Local 777 Remote 959
Local 745 Remote 863
Local 741 Remote 833
Local 743 Remote 915
Local 781 Remote 909
Local 837 Remote 881
Local 702 Remote 907
Local 612 Remote 901
Local 763 Remote 844
Local 676 Remote 826
Local 909 Remote 821
Local 1117 Remote 1110
Local 1016 Remote 945
Local 883 Remote 960
Local 910 Remote 863
Local 984 Remote 850
Local 701 Remote 829
Local 783 Remote 1587
Local 673 Remote 1062
Local 598 Remote 1114
Local 513 Remote 912
Local 745 Remote 898
Local 729 Remote 844
Local 1019 Remote 1903
Local 1797 Remote 3754
Local 1398 Remote 1946
Local 865 Remote 1207
Local 844 Remote 2061
Local 782 Remote 1581
Local 778 Remote 1083
Local 800 Remote 965
Local 936 Remote 916
Local 614 Remote 876
Local 574 Remote 907
Local 1033 Remote 847
Local 785 Remote 828
Local 913 Remote 852
Local 1493 Remote 3612
Local 943 Remote 1702
Local 834 Remote 1112
Local 844 Remote 1060
Local 922 Remote 977
Local 788 Remote 868
Local 709 Remote 922
Local 812 Remote 851
Local 693 Remote 829
Local 557 Remote 849
Local 840 Remote 831
Local 803 Remote 823
Local 871 Remote 1061
Local 1558 Remote 1320
Local 930 Remote 977
Local 864 Remote 868
Local 1133 Remote 1726
Local 972 Remote 1106
Local 898 Remote 951
Local 852 Remote 885
Local 995 Remote 840
Local 811 Remote 826
Local 631 Remote 835
Local 717 Remote 846
Local 892 Remote 919
Local 781 Remote 850
Local 1217 Remote 3443
Local 1200 Remote 1987
Local 1062 Remote 1339
Local 928 Remote 983
Local 992 Remote 871
Local 1014 Remote 922
Local 675 Remote 851
Local 761 Remote 829
Local 614 Remote 822
Local 580 Remote 833
Local 719 Remote 1511
Local 822 Remote 1149
Local 671 Remote 923
Local 920 Remote 851
Local 1741 Remote 832
Local 1475 Remote 874
Local 843 Remote 836
Local 787 Remote 1531
Local 821 Remote 1148
Local 763 Remote 923
Local 843 Remote 851
Local 762 Remote 1065
Local 634 Remote 901
Local 517 Remote 846
Local 764 Remote 1085
Local 782 Remote 903
Local 906 Remote 1080
Local 1265 Remote 2055
Local 952 Remote 1336
Local 816 Remote 982
Local 934 Remote 870
Local 907 Remote 1121
Local 725 Remote 914
Local 668 Remote 867
Local 828 Remote 891
Local 594 Remote 881
Local 535 Remote 883
Local 1095 Remote 1031
Local 767 Remote 886
Local 837 Remote 840
Local 1639 Remote 4310
Local 1091 Remote 2291
Local 1053 Remote 1440
Local 778 Remote 1015
Local 861 Remote 880
Local 879 Remote 838
Local 764 Remote 824
Local 857 Remote 886
Local 696 Remote 940
Local 635 Remote 1085
Local 740 Remote 903
Local 773 Remote 2083
Local 738 Remote 1219
Local 879 Remote 988
Local 1464 Remote 1580
Local 1000 Remote 1209
Local 894 Remote 964
Local 977 Remote 917
Local 912 Remote 850
Local 780 Remote 829
Local 769 Remote 847
Local 724 Remote 828
Local 798 Remote 822
Local 1359 Remote 820
Local 777 Remote 838
Local 1070 Remote 1090
Local 813 Remote 904
Local 881 Remote 846
Local 1293 Remote 2427
Local 963 Remote 1497
Local 959 Remote 1222
Local 937 Remote 1290
Local 795 Remote 1046
Local 785 Remote 890
Local 804 Remote 901
Local 835 Remote 844
Local 748 Remote 1328
Local 729 Remote 1096
Local 544 Remote 907
Local 892 Remote 898
Local 848 Remote 844
Local 936 Remote 1010
Local 1049 Remote 2858
Local 858 Remote 1670
Local 833 Remote 1248
Local 870 Remote 1076
Local 925 Remote 997
Local 752 Remote 875
Local 714 Remote 836
Local 740 Remote 853
Local 619 Remote 923
Local 523 Remote 865
Local 968 Remote 1330
Local 707 Remote 980
Local 758 Remote 1662
Local 1339 Remote 1943
Local 1581 Remote 1315
Local 1455 Remote 1014
Local 805 Remote 880
Local 828 Remote 912
Local 787 Remote 986
Local 875 Remote 880
Local 964 Remote 838
Local 737 Remote 1292
Local 634 Remote 971
Local 520 Remote 867
Local 847 Remote 931
Local 734 Remote 854
Local 885 Remote 829
Local 1318 Remote 2280
Local 1010 Remote 1494
Local 842 Remote 1072
Local 911 Remote 904
Local 1046 Remote 846
Local 717 Remote 827
Local 790 Remote 910
Local 754 Remote 847
Local 711 Remote 944
Local 543 Remote 858
Local 791 Remote 977
Local 819 Remote 868
Local 922 Remote 1380
Local 1852 Remote 3212
Local 1336 Remote 1744
Local 920 Remote 1317
Local 895 Remote 1245
Local 823 Remote 953
Local 873 Remote 1103
Local 834 Remote 909
Local 1013 Remote 847
Local 731 Remote 828
Local 633 Remote 859
Local 811 Remote 831
Local 697 Remote 823
Local 877 Remote 832
Local 1339 Remote 835
Local 974 Remote 910
Local 890 Remote 940
Local 887 Remote 970
Local 966 Remote 1104
Local 760 Remote 919
Local 727 Remote 850
Local 731 Remote 829
Local 684 Remote 823
Local 545 Remote 820
Local 813 Remote 1385
Local 873 Remote 997
Local 897 Remote 1230
Local 1748 Remote 2803
Local 1345 Remote 1629
Local 913 Remote 1075
Local 888 Remote 922
Local 836 Remote 851
Local 770 Remote 864
Local 781 Remote 895
Local 877 Remote 1123
Local 867 Remote 915
Local 710 Remote 870
Local 974 Remote 862
Local 850 Remote 866
Local 751 Remote 833
Local 1328 Remote 847
Local 862 Remote 941
Local 955 Remote 910
Local 927 Remote 847
Local 838 Remote 828
Local 853 Remote 822
Local 837 Remote 820
Local 877 Remote 874
Local 673 Remote 836
Local 541 Remote 835
Local 653 Remote 915
Local 625 Remote 852
Local 592 Remote 829
Local 813 Remote 823
Local 1048 Remote 2956
Local 994 Remote 1679
Local 859 Remote 1091
Local 825 Remote 905
Local 909 Remote 846
Local 775 Remote 827
Local 844 Remote 821
Local 686 Remote 820
Local 829 Remote 835
Local 581 Remote 824
Local 907 Remote 925
Local 747 Remote 852
Local 962 Remote 1078
Local 1075 Remote 1599
Local 1035 Remote 1398
Local 836 Remote 1002
Local 947 Remote 907
Local 960 Remote 1019
Local 717 Remote 882
Local 646 Remote 838
Local 721 Remote 1048
Local 544 Remote 892
Local 510 Remote 843
Local 527 Remote 846
Local 854 Remote 1486
Local 698 Remote 1030
Local 849 Remote 898
Local 1320 Remote 1813
Local 1158 Remote 1517
Local 1063 Remote 1216
Local 1197 Remote 944
Local 841 Remote 864
Local 852 Remote 1029
Local 1217 Remote 905
Local 908 Remote 846
Local 659 Remote 827
Local 543 Remote 821
Local 935 Remote 997
Local 700 Remote 875
Local 817 Remote 956
Local 1324 Remote 5130
Local 823 Remote 2185
Local 811 Remote 1276
Local 875 Remote 964
Local 769 Remote 865
Local 902 Remote 1051
Local 792 Remote 892
Local 855 Remote 842
Local 769 Remote 826
Local 677 Remote 858
Local 753 Remote 884
Local 640 Remote 843
Local 731 Remote 826
Local 987 Remote 1648
Local 1246 Remote 1840
Local 1164 Remote 1249
Local 747 Remote 955
Local 627 Remote 1138
Local 702 Remote 1115
Local 720 Remote 912
Local 865 Remote 858
Local 741 Remote 831
Local 592 Remote 850
Local 502 Remote 829
Local 786 Remote 1173
Local 784 Remote 931
Local 906 Remote 915
Local 1323 Remote 2160
Local 946 Remote 1243
Local 893 Remote 966
Local 918 Remote 865
Local 955 Remote 916
Local 776 Remote 850
Local 795 Remote 829
Local 752 Remote 822
Local 647 Remote 820
Local 528 Remote 820
Local 915 Remote 988
Local 782 Remote 872
Local 757 Remote 835
Local 1486 Remote 3734
Local 1054 Remote 3047
Local 1163 Remote 1535
Local 804 Remote 1045
Local 793 Remote 890
Local 819 Remote 885
Local 750 Remote 840
Local 867 Remote 1197
Local 800 Remote 938
Local 648 Remote 877
Local 781 Remote 1136
Local 640 Remote 932
Local 621 Remote 1105
Local 891 Remote 939
Local 1701 Remote 1807
Local 1212 Remote 1348
Local 943 Remote 994
Local 942 Remote 874
Local 949 Remote 836
Local 668 Remote 824
Local 807 Remote 820
Local 768 Remote 927
Local 639 Remote 865
Local 518 Remote 833
Local 1149 Remote 824
Local 853 Remote 820
Local 951 Remote 820
Local 1646 Remote 1094
Local 1206 Remote 905
Local 815 Remote 846
Local 645 Remote 1042
Local 756 Remote 889
Local 785 Remote 979
Local 905 Remote 869
Local 739 Remote 835
Local 606 Remote 864
Local 532 Remote 850
Local 868 Remote 832
Local 905 Remote 823
Local 1136 Remote 820
Local 1455 Remote 820
Local 1019 Remote 894
Local 889 Remote 842
Local 937 Remote 826
Local 1210 Remote 999
Local 868 Remote 876
Local 703 Remote 883
Local 666 Remote 839
Local 562 Remote 842
Local 508 Remote 835
Local 936 Remote 907
Local 825 Remote 847
Local 968 Remote 828
Local 1421 Remote 1012
Local 1484 Remote 880
Local 1075 Remote 844
Local 1401 Remote 826
Local 969 Remote 821
Local 871 Remote 865
Local 852 Remote 833
Local 933 Remote 823
Local 660 Remote 1197
Local 548 Remote 938
Local 927 Remote 856
Local 619 Remote 831
Local 851 Remote 823
Local 1499 Remote 827
Local 1399 Remote 829
Local 1109 Remote 847
Local 942 Remote 829
Local 981 Remote 822
Local 981 Remote 841
Local 789 Remote 826
Local 772 Remote 821
Local 699 Remote 831
Local 690 Remote 823
Local 718 Remote 864
Local 713 Remote 1260
Local 664 Remote 991
Local 651 Remote 887
Local 886 Remote 847
Local 2018 Remote 831
Local 2000 Remote 933
Local 971 Remote 855
Local 969 Remote 830
Local 1033 Remote 843
Local 887 Remote 832
Local 904 Remote 823
Local 727 Remote 820
Local 690 Remote 948
Local 535 Remote 860
Local 734 Remote 901
Local 703 Remote 877
Local 914 Remote 837
Local 1673 Remote 1645
Local 1108 Remote 1080
Local 819 Remote 901
Local 979 Remote 844
Local 985 Remote 898
Local 690 Remote 844
Local 868 Remote 833
Local 790 Remote 823
Local 600 Remote 820
Local 511 Remote 864
Local 755 Remote 838
Local 696 Remote 824
Local 993 Remote 1220
Local 1222 Remote 988
Local 1087 Remote 932
Local 985 Remote 862
Local 994 Remote 982
Local 777 Remote 870
Local 914 Remote 871
Local 886 Remote 835
Local 898 Remote 824
Local 711 Remote 847
Local 605 Remote 871
Local 887 Remote 1030
Local 695 Remote 965
Local 964 Remote 865
Local 1181 Remote 838
Local 810 Remote 824
Local 877 Remote 828
Local 1105 Remote 822
Local 906 Remote 820
Local 909 Remote 820
Local 930 Remote 820
Local 918 Remote 820
Local 763 Remote 820
Local 604 Remote 856
Local 879 Remote 908
Local 713 Remote 883
Local 799 Remote 839
Local 1179 Remote 991
Local 1254 Remote 874
Local 1126 Remote 898
Local 762 Remote 844
Local 908 Remote 826
Local 976 Remote 873
Local 867 Remote 835
Local 901 Remote 824
Local 746 Remote 821
Local 603 Remote 846
Local 686 Remote 827
Local 653 Remote 821
Local 687 Remote 988
Local 1808 Remote 872
Local 1324 Remote 841
Local 1117 Remote 866
Local 991 Remote 833
Local 1039 Remote 823
Local 976 Remote 879
Local 783 Remote 838
Local 773 Remote 825
Local 630 Remote 820
Local 537 Remote 820
Local 831 Remote 820
Local 689 Remote 852
Local 682 Remote 948
Local 1049 Remote 874
Local 1691 Remote 1120
Local 1271 Remote 1019
Local 753 Remote 882
Local 949 Remote 855
Local 924 Remote 882
Local 744 Remote 841
Local 891 Remote 826
Local 760 Remote 821
Local 656 Remote 862
Local 549 Remote 832
Local 815 Remote 869
Local 835 Remote 835
Local 763 Remote 826
Local 1435 Remote 879
Local 1454 Remote 838
Local 1011 Remote 824
Local 974 Remote 820
Local 864 Remote 820
Local 802 Remote 820
Local 797 Remote 820
Local 865 Remote 820
Local 655 Remote 820
Local 532 Remote 820
Local 848 Remote 820
Local 761 Remote 1062
Local 1039 Remote 970
Local 1803 Remote 883
Local 1319 Remote 886
Local 1090 Remote 840
Local 940 Remote 902
Local 742 Remote 844
Local 956 Remote 891
Local 926 Remote 841
Local 867 Remote 934
Local 620 Remote 855
Local 539 Remote 835
Local 885 Remote 1021
Local 758 Remote 883
Local 834 Remote 849
Local 1456 Remote 1200
Local 1030 Remote 939
Local 910 Remote 869
Local 889 Remote 835
Local 909 Remote 824
Local 811 Remote 820
Local 779 Remote 820
Local 928 Remote 853
Local 644 Remote 829
Local 816 Remote 822
Local 626 Remote 853
Local 1028 Remote 895
Local 825 Remote 843
Local 911 Remote 832
Local 1235 Remote 1135
Local 1041 Remote 919
Local 863 Remote 1166
Local 1072 Remote 928
Local 836 Remote 853
Local 1037 Remote 1014
Local 827 Remote 880
Local 964 Remote 850
Local 668 Remote 829
Local 552 Remote 829
Local 714 Remote 829
Local 707 Remote 823
Local 685 Remote 961
Local 1003 Remote 947
Local 1062 Remote 919
Local 853 Remote 889
Local 876 Remote 841
Local 928 Remote 826
Local 905 Remote 821
Local 788 Remote 820
Local 864 Remote 882
Local 720 Remote 838
Local 634 Remote 949
Local 520 Remote 862
Local 679 Remote 879
Local 639 Remote 838
Local 861 Remote 831
Local 1613 Remote 826
Local 1092 Remote 833
Local 742 Remote 823
Local 838 Remote 820
Local 1050 Remote 917
Local 887 Remote 952
Local 969 Remote 861
Local 852 Remote 832
Local 740 Remote 866
Local 725 Remote 1072
Local 685 Remote 898
Local 659 Remote 844
Local 1058 Remote 829
Local 1388 Remote 823
Local 1026 Remote 820
Local 848 Remote 820
Local 938 Remote 820
Local 936 Remote 820
Local 825 Remote 820
Local 836 Remote 863
Local 801 Remote 893
Local 597 Remote 842
Local 762 Remote 1603
Local 747 Remote 1159
Local 812 Remote 970
Local 978 Remote 1151
Local 1633 Remote 964
Local 1224 Remote 969
Local 861 Remote 866
Local 1577 Remote 833
Local 1002 Remote 823
Local 874 Remote 820
Local 791 Remote 820
Local 781 Remote 820
Local 653 Remote 826
Local 530 Remote 821
Local 799 Remote 862
Local 704 Remote 841
Local 934 Remote 826
Local 1100 Remote 1626
Local 896 Remote 1098
Local 757 Remote 907
Local 837 Remote 847
Local 948 Remote 828
Local 719 Remote 824
Local 839 Remote 828
Local 697 Remote 822
Local 572 Remote 820
Local 522 Remote 832
Local 748 Remote 992
Local 758 Remote 880
Local 931 Remote 848
Local 1080 Remote 855
Local 1045 Remote 993
Local 809 Remote 880
Local 721 Remote 1013
Local 640 Remote 880
Local 709 Remote 875
Local 825 Remote 836
Local 777 Remote 830
Local 613 Remote 870
Local 516 Remote 835
Local 904 Remote 920
Local 877 Remote 851
Local 950 Remote 829
Local 1293 Remote 2453
Local 973 Remote 1336
Local 1016 Remote 982
Local 961 Remote 870
Local 892 Remote 835
Local 715 Remote 833
Local 757 Remote 826
Local 770 Remote 862
Local 739 Remote 836
Local 593 Remote 854
Local 906 Remote 1706
Local 843 Remote 1099
Local 812 Remote 946
Local 1446 Remote 1077
Local 1697 Remote 928
Local 1192 Remote 853
Local 853 Remote 829
Local 754 Remote 822
Local 723 Remote 875
Local 709 Remote 836
Local 869 Remote 824
Local 690 Remote 1066
Local 583 Remote 914
Local 720 Remote 851
Local 583 Remote 829
Local 711 Remote 822
Local 844 Remote 1436
Local 1213 Remote 1079
Local 1085 Remote 973
Local 962 Remote 867
Local 883 Remote 834
Local 950 Remote 939
Local 814 Remote 856
Local 780 Remote 1088
Local 614 Remote 904
Local 644 Remote 1603
Local 626 Remote 1159
Local 800 Remote 935
Local 686 Remote 860
Local 659 Remote 1012
Local 869 Remote 970
Local 1174 Remote 1135
Local 1020 Remote 919
Local 779 Remote 850
Local 743 Remote 829
Local 959 Remote 887
Local 840 Remote 840
Local 912 Remote 899
Local 748 Remote 844
Local 621 Remote 875
Local 792 Remote 860
Local 815 Remote 840
Local 745 Remote 826
Local 853 Remote 829
Local 1466 Remote 823
Local 1091 Remote 830
Local 901 Remote 833
Local 957 Remote 823
Local 953 Remote 858
Local 847 Remote 831
Local 922 Remote 823
Local 772 Remote 1108
Local 588 Remote 910
Local 764 Remote 847
Local 699 Remote 828
Local 686 Remote 823
Local 1092 Remote 856
Local 1262 Remote 855
Local 1019 Remote 838
Local 684 Remote 824
Local 845 Remote 827
Local 911 Remote 821
Local 798 Remote 840
Local 837 Remote 826
Local 755 Remote 821
Local 600 Remote 907
Local 523 Remote 854
Local 820 Remote 967
Local 719 Remote 865
Local 957 Remote 833
Local 1152 Remote 827
Local 943 Remote 843
Local 749 Remote 826
Local 980 Remote 821
Local 943 Remote 1133
Local 675 Remote 918
Local 704 Remote 850
Local 653 Remote 829
Local 641 Remote 847
Local 529 Remote 828
Local 701 Remote 928
Local 1019 Remote 898
Local 1120 Remote 1134
Local 1782 Remote 952
Local 1318 Remote 904
Local 798 Remote 846
Local 688 Remote 887
Local 661 Remote 840
Local 908 Remote 826
Local 899 Remote 821
Local 762 Remote 820
Local 652 Remote 830
Local 573 Remote 868
Local 1024 Remote 848
Local 859 Remote 828
Local 883 Remote 822
Local 1893 Remote 820
Local 1257 Remote 820
Local 1534 Remote 828
Local 1218 Remote 822
Local 948 Remote 849
Local 746 Remote 862
Local 779 Remote 853
Local 785 Remote 859
Local 1263 Remote 995
Local 728 Remote 883
Local 895 Remote 892
Local 810 Remote 842
Local 919 Remote 1062
Local 1296 Remote 1135
Local 1134 Remote 975
Local 773 Remote 868
Local 634 Remote 835
Local 652 Remote 824
Local 780 Remote 964
Local 745 Remote 865
Local 961 Remote 833
Local 881 Remote 934
Local 662 Remote 956
Local 922 Remote 1169
Local 785 Remote 943
Local 1213 Remote 894
Local 1790 Remote 850
Local 1009 Remote 829
Local 902 Remote 880
Local 893 Remote 838
Local 823 Remote 824
Local 825 Remote 820
Local 840 Remote 820
Local 1054 Remote 821
Local 656 Remote 820
Local 654 Remote 880
Local 881 Remote 1018
Local 773 Remote 904
Local 679 Remote 873
Local 941 Remote 841
Local 1417 Remote 2012
Local 1128 Remote 1363
Local 738 Remote 991
Local 665 Remote 874
Local 765 Remote 836
Local 787 Remote 826
Local 760 Remote 821
Local 815 Remote 820
Local 643 Remote 820
Local 670 Remote 892
Local 788 Remote 1453
Local 676 Remote 1086
Local 679 Remote 967
Local 1108 Remote 883
Local 1378 Remote 846
Local 1128 Remote 880
Local 919 Remote 838
Local 952 Remote 824
Local 1007 Remote 820
Local 673 Remote 820
Local 716 Remote 1011
Local 685 Remote 880
Local 546 Remote 838
Local 603 Remote 969
Local 518 Remote 866
Local 752 Remote 850
Local 696 Remote 829
Local 976 Remote 823
Local 1243 Remote 912
Local 1040 Remote 848
Local 903 Remote 932
Local 703 Remote 855
Local 763 Remote 830
Local 857 Remote 822
Local 769 Remote 820
Local 970 Remote 820
Local 700 Remote 820
Local 555 Remote 842
Local 889 Remote 1210
Local 721 Remote 943
Local 1007 Remote 858
Local 1602 Remote 971
Local 949 Remote 867
Local 889 Remote 850
Local 884 Remote 829
Local 1000 Remote 829
Local 779 Remote 822
Local 756 Remote 820
Local 768 Remote 1309
Local 734 Remote 997
Local 553 Remote 875
Local 995 Remote 836
Local 851 Remote 860
Local 934 Remote 832
Local 1218 Remote 824
Local 1230 Remote 820
Local 958 Remote 820
Local 766 Remote 1402
Local 870 Remote 1003
Local 727 Remote 932
Local 843 Remote 855
Local 742 Remote 830
Local 629 Remote 824
Local 517 Remote 820
Local 811 Remote 908
Local 736 Remote 847
Local 928 Remote 990
Local 2081 Remote 1366
Local 1253 Remote 991
Local 876 Remote 874
Local 972 Remote 842
Local 965 Remote 826
Local 844 Remote 916
Local 784 Remote 850
Local 819 Remote 829
Local 628 Remote 867
Local 552 Remote 879
Local 769 Remote 894
Local 653 Remote 854
Local 916 Remote 842
Local 1071 Remote 1192
Local 1501 Remote 977
Local 898 Remote 1105
Local 735 Remote 909
Local 742 Remote 847
Local 765 Remote 828
Local 914 Remote 822
Local 819 Remote 820
Local 653 Remote 838
Local 545 Remote 824
Local 802 Remote 937
Local 696 Remote 856
Local 890 Remote 903
Local 1481 Remote 854
Local 1105 Remote 869
Local 1011 Remote 885
Local 952 Remote 840
Local 919 Remote 875
Local 817 Remote 836
Local 767 Remote 824
Local 1006 Remote 826
Local 648 Remote 821
Local 563 Remote 874
Local 767 Remote 839
Local 766 Remote 825
Local 892 Remote 820
Local 1621 Remote 820
Local 1222 Remote 971
Local 941 Remote 867
Local 803 Remote 834
Local 757 Remote 823
Local 867 Remote 910
Local 739 Remote 847
Local 887 Remote 828
Local 740 Remote 822
Local 581 Remote 829
Local 1050 Remote 822
Local 709 Remote 842
Local 895 Remote 851
Local 1372 Remote 836
Local 1237 Remote 824
Local 1127 Remote 825
Local 987 Remote 937
Local 872 Remote 856
Local 868 Remote 831
Local 855 Remote 828
Local 1069 Remote 850
Local 729 Remote 829
Local 605 Remote 853
Local 855 Remote 1234
Local 730 Remote 950
Local 741 Remote 1528
Local 1093 Remote 1138
Local 910 Remote 919
Local 787 Remote 850
Local 633 Remote 920
Local 710 Remote 851
Local 696 Remote 832
Local 813 Remote 1000
Local 895 Remote 876
Local 677 Remote 837
Local 550 Remote 846
Local 691 Remote 827
Local 782 Remote 822
Local 686 Remote 820
Local 1056 Remote 820
Local 1209 Remote 1746
Local 896 Remote 1181
Local 806 Remote 933
Local 960 Remote 855
Local 980 Remote 968
Local 734 Remote 866
Local 710 Remote 955
Local 775 Remote 862
Local 562 Remote 832
Local 663 Remote 889
Local 558 Remote 894
Local 868 Remote 850
Local 788 Remote 829
Local 924 Remote 822
Local 1608 Remote 851
Local 1146 Remote 829
Local 839 Remote 822
Local 851 Remote 820
Local 697 Remote 820
Local 757 Remote 835
Local 854 Remote 824
Local 797 Remote 820
Local 809 Remote 839
Local 607 Remote 844
Local 815 Remote 898
Local 745 Remote 1109
Local 993 Remote 936
Local 1133 Remote 1184
Local 892 Remote 966
Local 842 Remote 865
Local 905 Remote 833
Local 977 Remote 912
Local 669 Remote 848
Local 816 Remote 828
Local 712 Remote 828
Local 666 Remote 885
Local 529 Remote 840
Local 701 Remote 828
Local 663 Remote 822
Local 1024 Remote 848
Local 1410 Remote 1078
Local 1118 Remote 973
Local 754 Remote 924
Local 907 Remote 948
Local 875 Remote 937
Local 758 Remote 856
Local 943 Remote 871
Local 774 Remote 835
Local 674 Remote 849
Local 532 Remote 843
Local 799 Remote 829
Local 795 Remote 822
Local 936 Remote 1138
Local 976 Remote 953
Local 836 Remote 875
Local 791 Remote 845
Local 877 Remote 847
Local 940 Remote 1396
Local 737 Remote 1002
Local 781 Remote 877
Local 694 Remote 837
Local 661 Remote 896
Local 616 Remote 843
Local 1008 Remote 826
Local 908 Remote 821
Local 1053 Remote 820
Local 1476 Remote 1551
Local 1300 Remote 1265
Local 813 Remote 959
Local 787 Remote 907
Local 784 Remote 847
Local 808 Remote 837
Local 792 Remote 824
Local 818 Remote 820
Local 728 Remote 929
Local 556 Remote 855
Local 882 Remote 1297
Local 809 Remote 1021
Local 929 Remote 957
Local 1668 Remote 881
Local 1053 Remote 848
Local 885 Remote 828
Local 959 Remote 822
Local 893 Remote 833
Local 784 Remote 823
Local 754 Remote 820
Local 832 Remote 822
Local 678 Remote 882
Local 565 Remote 851
Local 857 Remote 829
Local 676 Remote 967
Local 769 Remote 881
Local 1141 Remote 844
Local 1002 Remote 826
Local 878 Remote 844
Local 814 Remote 826
Local 769 Remote 821
Local 784 Remote 820
Local 858 Remote 860
Local 1101 Remote 832
Local 866 Remote 823
Local 694 Remote 3655
Local 783 Remote 2067
Local 650 Remote 1363
Local 760 Remote 992
Local 1440 Remote 986
Local 1046 Remote 982
Local 1016 Remote 929
Local 917 Remote 853
Local 829 Remote 829
Local 895 Remote 836
Local 853 Remote 824
Local 810 Remote 824
Local 648 Remote 820
Local 559 Remote 855
Local 982 Remote 832
Local 716 Remote 823
Local 921 Remote 820
Local 1577 Remote 845
Local 945 Remote 826
Local 885 Remote 1119
Local 801 Remote 914
Local 841 Remote 849
Local 776 Remote 865
Local 782 Remote 833
Local 931 Remote 823
Local 841 Remote 820
Local 631 Remote 820
Local 771 Remote 980
Local 702 Remote 887
Local 628 Remote 841
Local 808 Remote 840
Local 1207 Remote 828
Local 1033 Remote 829
Local 899 Remote 822
Local 948 Remote 820
Local 972 Remote 829
Local 744 Remote 822
Local 794 Remote 820
Local 676 Remote 820
Local 528 Remote 820
Local 612 Remote 840
Local 511 Remote 826
Local 776 Remote 835
Local 732 Remote 868
Local 977 Remote 886
Local 1723 Remote 854
Local 1206 Remote 835
Local 813 Remote 824
Local 700 Remote 858
Local 737 Remote 831
Local 865 Remote 947
Local 931 Remote 859
Local 947 Remote 831
Local 709 Remote 862
Local 586 Remote 832
Local 776 Remote 824
Local 721 Remote 821
Local 666 Remote 869
Local 1160 Remote 848
Local 1543 Remote 831
Local 1144 Remote 883
Local 916 Remote 839
Local 955 Remote 825
Local 955 Remote 820
Local 760 Remote 820
Local 758 Remote 820
Local 745 Remote 820
Local 648 Remote 863
Local 715 Remote 1125
Local 728 Remote 1009
Local 788 Remote 878
Local 853 Remote 841
Local 1597 Remote 828
Local 1148 Remote 974
Local 717 Remote 868
Local 1035 Remote 1934
Local 897 Remote 1385
Local 805 Remote 997
Local 863 Remote 875
Local 691 Remote 836
Local 621 Remote 866
Local 518 Remote 833
Local 848 Remote 1012
Local 778 Remote 880
Local 987 Remote 850
Local 1278 Remote 832
Local 1046 Remote 1013
Local 962 Remote 880
Local 965 Remote 838
Local 964 Remote 931
Local 714 Remote 855
Local 732 Remote 830
Local 774 Remote 822
Local 575 Remote 889
Local 519 Remote 841
Local 799 Remote 913
Local 752 Remote 848
Local 922 Remote 838
Local 1091 Remote 2110
Local 1148 Remote 1287
Local 871 Remote 967
Local 722 Remote 934
Local 733 Remote 855
Local 843 Remote 847
Local 791 Remote 828
Local 849 Remote 822
Local 696 Remote 847
Local 555 Remote 885
Local 939 Remote 1140
Local 756 Remote 921
Local 881 Remote 851
Local 1487 Remote 959
Local 1027 Remote 865
Local 883 Remote 833
Local 900 Remote 823
Local 883 Remote 923
Local 725 Remote 851
Local 771 Remote 829
Local 794 Remote 822
Local 810 Remote 820
Local 574 Remote 823
Local 813 Remote 1046
Local 1080 Remote 890
Local 1085 Remote 841
Local 1782 Remote 828
Local 1181 Remote 881
Local 773 Remote 838
Local 1459 Remote 824
Local 964 Remote 1078
Local 1167 Remote 1103
Local 1036 Remote 909
Local 911 Remote 847
Local 930 Remote 828
Local 674 Remote 836
Local 644 Remote 837
Local 877 Remote 1087
Local 785 Remote 904
Local 1008 Remote 846
Local 1522 Remote 1221
Local 1075 Remote 988
Local 979 Remote 964
Local 901 Remote 865
Local 793 Remote 833
Local 817 Remote 925
Local 903 Remote 852
Local 846 Remote 1065
Local 679 Remote 896
Local 655 Remote 1447
Local 773 Remote 1084
Local 716 Remote 931
Local 654 Remote 904
Local 1027 Remote 884
Local 1444 Remote 849
Local 1167 Remote 849
Local 726 Remote 828
Local 939 Remote 822
Local 828 Remote 870
Local 707 Remote 919
Local 818 Remote 850
Local 833 Remote 829
Local 689 Remote 985
Local 700 Remote 880
Local 905 Remote 946
Local 720 Remote 859
Local 930 Remote 831
Local 1344 Remote 830
Local 880 Remote 822
Local 859 Remote 820
Local 859 Remote 820
Local 885 Remote 820
Local 738 Remote 820
Local 785 Remote 865
Local 832 Remote 833
Local 600 Remote 823
Local 540 Remote 829
Local 511 Remote 826
Local 940 Remote 822
Local 843 Remote 820
Local 818 Remote 820
Local 1080 Remote 820
Local 1025 Remote 820
Local 1019 Remote 820
Local 918 Remote 820
Local 849 Remote 820
Local 835 Remote 828
Local 774 Remote 822
Local 889 Remote 820
Local 698 Remote 836
Local 552 Remote 828
Local 934 Remote 822
Local 702 Remote 820
Local 827 Remote 868
Local 1124 Remote 2758
Local 975 Remote 1441
Local 1069 Remote 1088
Local 964 Remote 904
Local 995 Remote 846
Local 891 Remote 856
Local 785 Remote 839
Local 818 Remote 825
Local 622 Remote 820
Local 640 Remote 856
Local 773 Remote 831
Local 604 Remote 838
Local 745 Remote 824
Local 1008 Remote 868
Local 1971 Remote 840
Local 1284 Remote 830
Local 807 Remote 822
Local 887 Remote 850
Local 809 Remote 831
Local 828 Remote 824
Local 901 Remote 820
Local 750 Remote 820
Local 568 Remote 838
Local 553 Remote 853
Local 740 Remote 930
Local 686 Remote 853
Local 950 Remote 829
Local 1255 Remote 823
Local 1077 Remote 999
Local 913 Remote 876
Local 931 Remote 837
Local 967 Remote 856
Local 685 Remote 831
Local 810 Remote 823
Local 783 Remote 823
Local 643 Remote 969
Local 599 Remote 866
Local 956 Remote 862
Local 825 Remote 832
Local 851 Remote 823
Local 1511 Remote 820
Local 1270 Remote 827
Local 941 Remote 955
Local 832 Remote 862
Local 794 Remote 832
Local 850 Remote 916
Local 845 Remote 850
Local 1044 Remote 829
Local 712 Remote 822
Local 553 Remote 835
Local 873 Remote 892
Local 830 Remote 842
Local 797 Remote 1060
Local 1425 Remote 921
Local 880 Remote 851
Local 847 Remote 829
Local 853 Remote 823
Local 934 Remote 1056
Local 732 Remote 894
Local 846 Remote 842
Local 803 Remote 826
Local 679 Remote 821
Local 537 Remote 820
Local 998 Remote 838
Local 781 Remote 824
Local 819 Remote 908
Local 1738 Remote 877
Local 1230 Remote 1110
Local 1017 Remote 910
Local 817 Remote 847
Local 781 Remote 828
Local 796 Remote 822
Local 853 Remote 820
Local 1020 Remote 820
Local 803 Remote 820
Local 685 Remote 865
Local 742 Remote 844
Local 647 Remote 904
Local 649 Remote 846
Local 805 Remote 830
Local 880 Remote 902
Local 911 Remote 940
Local 913 Remote 857
Local 839 Remote 866
Local 808 Remote 862
Local 839 Remote 832
Local 866 Remote 823
Local 637 Remote 820
Local 538 Remote 829
Local 818 Remote 833
Local 705 Remote 823
Local 794 Remote 828
Local 1569 Remote 1943
Local 1292 Remote 3531
Local 1105 Remote 1774
Local 754 Remote 1121
Local 735 Remote 914
Local 732 Remote 862
Local 784 Remote 838
Local 998 Remote 824
Local 876 Remote 820
Local 602 Remote 874
Local 694 Remote 836
Local 736 Remote 874
Local 965 Remote 836
Local 1043 Remote 1222
Local 1036 Remote 1011
Local 848 Remote 880
Local 755 Remote 838
Local 843 Remote 824
Local 872 Remote 1049
Local 708 Remote 892
Local 806 Remote 842
Local 726 Remote 826
Local 558 Remote 821
Local 562 Remote 842
Local 496 Remote 826
Local 1005 Remote 901
Local 989 Remote 871
Local 965 Remote 835
Local 1080 Remote 826
Local 964 Remote 977
Local 807 Remote 868
Local 676 Remote 835
Local 691 Remote 824
Local 861 Remote 835
Local 820 Remote 831
Local 782 Remote 823
Local 630 Remote 820
Local 527 Remote 820
Local 984 Remote 862
Local 883 Remote 839
Local 1043 Remote 827
Local 1362 Remote 1477
Local 970 Remote 1027
Local 851 Remote 908
Local 881 Remote 847
Local 962 Remote 830
Local 825 Remote 822
Local 812 Remote 820
Local 812 Remote 820
Local 654 Remote 820
Local 596 Remote 991
Local 748 Remote 892
Local 808 Remote 845
Local 902 Remote 826
Local 2404 Remote 880
Local 1456 Remote 918
Local 954 Remote 862
Local 845 Remote 847
Local 752 Remote 828
Local 904 Remote 850
Local 865 Remote 829
Local 941 Remote 822
Local 883 Remote 820
Local 617 Remote 820
Local 922 Remote 1108
Local 721 Remote 910
Local 796 Remote 847
Local 1143 Remote 831
Local 896 Remote 1029
Local 909 Remote 978
Local 933 Remote 869
Local 1029 Remote 835
Local 952 Remote 824
Local 746 Remote 1906
Local 753 Remote 1162
Local 650 Remote 928
Local 551 Remote 889
Local 709 Remote 850
Local 757 Remote 931
Local 719 Remote 889
Local 985 Remote 841
Local 1359 Remote 1040
Local 1035 Remote 991
Local 825 Remote 874
Local 906 Remote 836
Local 812 Remote 824
Local 811 Remote 820
Local 942 Remote 820
Local 842 Remote 820
Local 656 Remote 828
Local 743 Remote 822
Local 754 Remote 884
Local 700 Remote 902
Local 927 Remote 953
Local 1213 Remote 875
Local 962 Remote 850
Local 754 Remote 844
Local 952 Remote 826
Local 932 Remote 826
Local 661 Remote 821
Local 804 Remote 820
Local 718 Remote 975
Local 737 Remote 924
Local 547 Remote 852
Local 760 Remote 942
Local 637 Remote 884
Local 863 Remote 935
Local 1307 Remote 1008
Local 1397 Remote 880
Local 856 Remote 838
Local 811 Remote 824
Local 777 Remote 845
Local 761 Remote 869
Local 772 Remote 835
Local 892 Remote 1143
Local 793 Remote 929
Local 599 Remote 857
Local 832 Remote 1003
Local 717 Remote 898
Local 720 Remote 844
Local 867 Remote 897
Local 1086 Remote 937
Local 1043 Remote 1032
Local 804 Remote 886
Local 894 Remote 840
Local 922 Remote 942
Local 668 Remote 858
Local 803 Remote 831
Local 748 Remote 823
Local 826 Remote 825
Local 593 Remote 820
Local 905 Remote 859
Local 952 Remote 831
Local 1185 Remote 857
Local 1235 Remote 1041
Local 1000 Remote 889
Local 685 Remote 841
Local 687 Remote 826
Local 784 Remote 821
Local 765 Remote 1001
Local 770 Remote 943
Local 873 Remote 858
Local 612 Remote 841
Local 710 Remote 902
Local 785 Remote 918
Local 715 Remote 865
Local 635 Remote 833
Local 825 Remote 848
Local 1850 Remote 831
Local 1238 Remote 823
Local 981 Remote 820
Local 935 Remote 820
Local 1011 Remote 820
Local 716 Remote 820
Local 802 Remote 892
Local 687 Remote 896
Local 576 Remote 843
Local 536 Remote 979
Local 496 Remote 869
Local 758 Remote 865
Local 786 Remote 1145
Local 898 Remote 922
Local 1462 Remote 862
Local 1084 Remote 878
Local 767 Remote 838
Local 683 Remote 824
Local 753 Remote 820
Local 849 Remote 938
Local 799 Remote 856
Local 962 Remote 886
Local 748 Remote 854
Local 576 Remote 829
Local 916 Remote 928
Local 708 Remote 855
Local 754 Remote 830
Local 1360 Remote 848
Local 864 Remote 828
Local 837 Remote 844
Local 800 Remote 826
Local 882 Remote 821
Local 709 Remote 820
Local 710 Remote 820
Local 764 Remote 893
Local 627 Remote 902
Local 552 Remote 863
Local 899 Remote 857
Local 806 Remote 831
Local 985 Remote 845
Local 1501 Remote 829
Local 1098 Remote 853
Local 800 Remote 829
Local 666 Remote 822
Local 726 Remote 820
Local 753 Remote 847
Local 809 Remote 828
Local 1059 Remote 822
Local 711 Remote 820
Local 595 Remote 847
Local 720 Remote 859
Local 628 Remote 831
Local 739 Remote 823
Local 1437 Remote 1152
Local 1069 Remote 924
Local 975 Remote 913
Local 912 Remote 848
Local 807 Remote 828
Local 790 Remote 874
Local 849 Remote 1030
Local 942 Remote 885
Local 700 Remote 848
Local 594 Remote 828
Local 726 Remote 832
Local 689 Remote 824
Local 633 Remote 820
Local 823 Remote 820
Local 1278 Remote 850
Local 1036 Remote 954
Local 728 Remote 862
Local 745 Remote 860
Local 682 Remote 862
Local 771 Remote 838
Local 793 Remote 835
Local 799 Remote 880
Local 717 Remote 844
Local 541 Remote 833
Local 771 Remote 886
Local 745 Remote 840
Local 970 Remote 826
Local 1263 Remote 3355
Local 944 Remote 1621
Local 751 Remote 1090
Local 872 Remote 904
Local 1018 Remote 938
Local 767 Remote 856
Local 814 Remote 857
Local 755 Remote 831
Local 588 Remote 825
Local 547 Remote 820
Local 790 Remote 973
Local 762 Remote 919
Local 915 Remote 850
Local 1469 Remote 871
Local 1098 Remote 995
Local 975 Remote 874
Local 1148 Remote 966
Local 819 Remote 865
Local 821 Remote 860
Local 829 Remote 832
Local 863 Remote 957
Local 858 Remote 862
Local 620 Remote 880
Local 801 Remote 1084
Local 798 Remote 903
Local 892 Remote 845
Local 1232 Remote 829
Local 998 Remote 1101
Local 971 Remote 937
Local 895 Remote 856
Local 796 Remote 834
Local 856 Remote 835
Local 909 Remote 824
Local 1088 Remote 820
Local 748 Remote 820
Local 606 Remote 838
Local 833 Remote 824
Local 752 Remote 820
Local 731 Remote 827
Local 1350 Remote 922
Local 1335 Remote 851
Local 1051 Remote 841
Local 773 Remote 826
Local 780 Remote 821
Local 842 Remote 820
Local 799 Remote 820
Local 833 Remote 820
Local 772 Remote 826
Local 631 Remote 865
Local 805 Remote 872
Local 753 Remote 843
Local 807 Remote 1408
Local 960 Remote 1067
Local 1202 Remote 923
Local 912 Remote 851
Local 832 Remote 829
Local 874 Remote 822
Local 1037 Remote 820
Local 811 Remote 820
Local 829 Remote 820
Local 799 Remote 892
Local 574 Remote 842
Local 583 Remote 826
Local 579 Remote 829
Local 684 Remote 849
Local 670 Remote 828
Local 942 Remote 852
Local 1630 Remote 829
Local 1050 Remote 1153
Local 728 Remote 924
Local 787 Remote 852
Local 835 Remote 933
Local 928 Remote 855
Local 936 Remote 830
Local 877 Remote 822
Local 645 Remote 826
Local 520 Remote 821
Local 721 Remote 920
Local 672 Remote 851
Local 914 Remote 829
Local 1453 Remote 823
Local 1161 Remote 840
Local 913 Remote 826
Local 937 Remote 821
Local 906 Remote 894
Local 722 Remote 842
Local 722 Remote 869
Local 886 Remote 835
Local 622 Remote 870
Local 532 Remote 855
Local 816 Remote 838
Local 864 Remote 861
Local 964 Remote 832
Local 1744 Remote 824
Local 1327 Remote 832
Local 933 Remote 833
Local 703 Remote 823
Local 685 Remote 826
Local 749 Remote 821
Local 872 Remote 820
Local 1000 Remote 820
Local 661 Remote 820
Local 710 Remote 820
Local 1011 Remote 986
Local 842 Remote 1031
Local 802 Remote 901
Local 1157 Remote 853
Local 802 Remote 829
Local 887 Remote 829
Local 866 Remote 822
Local 793 Remote 820
Local 814 Remote 820
Local 847 Remote 820
Local 1056 Remote 820
Local 842 Remote 820
Local 628 Remote 868
Local 943 Remote 903
Local 854 Remote 845
Local 881 Remote 883
Local 1654 Remote 2535
Local 1724 Remote 1543
Local 1137 Remote 1081
Local 925 Remote 901
Local 885 Remote 851
Local 1057 Remote 970
Local 980 Remote 867
Local 985 Remote 834
Local 750 Remote 823
Local 759 Remote 893
Local 723 Remote 1097
Local 655 Remote 907
Local 1020 Remote 855
Local 946 Remote 878
Local 985 Remote 1002
Local 924 Remote 879
Local 864 Remote 838
Local 874 Remote 824
Local 908 Remote 907
Local 763 Remote 847
Local 825 Remote 828
Local 706 Remote 822
Local 641 Remote 846
Local 791 Remote 1252
Local 755 Remote 1002
Local 722 Remote 877
Local 804 Remote 918
Local 1460 Remote 1105
Local 1116 Remote 1023
Local 740 Remote 883
Local 811 Remote 901
Local 793 Remote 1090
Local 774 Remote 1090
Local 877 Remote 904
Local 769 Remote 846
Local 675 Remote 901
Local 550 Remote 846
Local 894 Remote 1143
Local 757 Remote 930
Local 922 Remote 853
Local 1236 Remote 833
Local 895 Remote 823
Local 837 Remote 820
Local 920 Remote 820
Local 951 Remote 885
Local 722 Remote 857
Local 646 Remote 831
Local 809 Remote 862
Local 793 Remote 832
Local 574 Remote 823
Local 842 Remote 822
Local 764 Remote 828
Local 829 Remote 822
Local 1402 Remote 1600
Local 1079 Remote 1228
Local 802 Remote 948
Local 679 Remote 860
Local 796 Remote 832
Local 795 Remote 823
Local 805 Remote 820
Local 852 Remote 820
Local 631 Remote 853
Local 554 Remote 871
Local 857 Remote 841
Local 865 Remote 833
Local 949 Remote 823
Local 1739 Remote 820
Local 986 Remote 820
Local 895 Remote 905
Local 873 Remote 846
Local 882 Remote 848
Local 793 Remote 961
Local 724 Remote 863
Local 739 Remote 833
Local 554 Remote 823
Local 545 Remote 820
Local 524 Remote 849
Local 830 Remote 870
Local 948 Remote 904
Local 1093 Remote 846
Local 1771 Remote 830
Local 1703 Remote 1124
Local 1092 Remote 916
Local 1006 Remote 850
Local 829 Remote 829
Local 805 Remote 828
Local 764 Remote 822
Local 852 Remote 820
Local 732 Remote 943
Local 563 Remote 871
Local 970 Remote 958
Local 772 Remote 873
Local 744 Remote 835
Local 1141 Remote 826
Local 865 Remote 821
Local 892 Remote 824
Local 894 Remote 820
Local 857 Remote 840
Local 733 Remote 826
Local 819 Remote 1080
Local 847 Remote 901
Local 613 Remote 844
Local 586 Remote 826
Local 916 Remote 821
Local 776 Remote 820
Local 786 Remote 820
Local 1197 Remote 908
Local 1074 Remote 868
Local 896 Remote 850
Local 771 Remote 829
Local 774 Remote 822
Local 957 Remote 934
Local 802 Remote 855
Local 937 Remote 830
Local 659 Remote 848
Local 825 Remote 1160
Local 1016 Remote 1325
Local 826 Remote 979
Local 818 Remote 869
Local 1119 Remote 1325
Local 796 Remote 979
Local 833 Remote 892
Local 832 Remote 842
Local 889 Remote 826
Local 754 Remote 821
Local 767 Remote 820
Local 799 Remote 820
Local 647 Remote 1003
Local 547 Remote 896
Local 832 Remote 1297
Local 698 Remote 970
Local 791 Remote 867
Local 1090 Remote 839
Local 1210 Remote 827
Local 1038 Remote 821
Local 810 Remote 827
Local 849 Remote 821
Local 923 Remote 820
Local 879 Remote 820
Local 1060 Remote 820
Local 705 Remote 820
Local 664 Remote 901
Local 733 Remote 944
Local 642 Remote 901
Local 770 Remote 926
Local 1758 Remote 908
Local 1957 Remote 856
Local 1211 Remote 835
Local 981 Remote 883
Local 996 Remote 839
Local 937 Remote 889
Local 774 Remote 841
Local 994 Remote 826
Local 728 Remote 1033
Local 574 Remote 912
Local 750 Remote 859
Local 681 Remote 868
Local 695 Remote 835
Local 896 Remote 1066
Local 1770 Remote 923
Local 1447 Remote 905
Local 852 Remote 846
Local 695 Remote 827
Local 780 Remote 821
Local 706 Remote 820
Local 844 Remote 1936
Local 725 Remote 1288
Local 629 Remote 967
Local 540 Remote 882
Local 932 Remote 924
Local 943 Remote 852
Local 1030 Remote 829
Local 1173 Remote 823
Local 909 Remote 820
Local 804 Remote 820
Local 879 Remote 820
Local 944 Remote 839
Local 728 Remote 825
Local 836 Remote 1465
Local 808 Remote 1023
Local 646 Remote 888
Local 533 Remote 842
Local 887 Remote 1015
Local 735 Remote 880
Local 803 Remote 838
Local 991 Remote 844
Local 990 Remote 885
Local 754 Remote 840
Local 702 Remote 826
Local 734 Remote 821
Local 869 Remote 898
Local 787 Remote 844
Local 1036 Remote 826
Local 677 Remote 975
Local 565 Remote 907
Local 840 Remote 1163
Local 908 Remote 928
Local 955 Remote 853
Local 1477 Remote 926
Local 968 Remote 853
Local 927 Remote 833
Local 1007 Remote 823
Local 874 Remote 820
Local 927 Remote 830
Local 877 Remote 822
Local 915 Remote 820
Local 664 Remote 820
Local 613 Remote 820
Local 546 Remote 865
Local 821 Remote 835
Local 616 Remote 824
Local 755 Remote 820
Local 1331 Remote 2702
Local 1495 Remote 1613
Local 1290 Remote 1160
Local 846 Remote 1012
Local 736 Remote 880
Local 696 Remote 874
Local 783 Remote 836
Local 826 Remote 824
Local 771 Remote 842
Local 575 Remote 826
Local 738 Remote 838
Local 685 Remote 962
Local 706 Remote 864
Local 986 Remote 847
Local 1495 Remote 831
Local 1040 Remote 823
Local 869 Remote 820
Local 944 Remote 820
Local 995 Remote 820
Local 685 Remote 820
Local 805 Remote 820
Local 684 Remote 820
Local 839 Remote 872
Local 581 Remote 835
Local 802 Remote 857
Local 827 Remote 898
Local 1110 Remote 900
Local 1854 Remote 853
Local 1256 Remote 2148
Local 766 Remote 1240
Local 1034 Remote 1005
Local 935 Remote 883
Local 775 Remote 909
Local 866 Remote 847
Local 715 Remote 828
Local 615 Remote 847
Local 539 Remote 828
Local 959 Remote 1165
Local 836 Remote 928
Local 982 Remote 853
Local 1823 Remote 875
Local 1013 Remote 836
Local 872 Remote 829
Local 869 Remote 822
Local 908 Remote 820
Local 748 Remote 820
Local 782 Remote 820
Local 814 Remote 895
Local 681 Remote 879
Local 530 Remote 851
Local 851 Remote 1176
Local 826 Remote 935
Local 1003 Remote 856
Local 1146 Remote 939
Local 956 Remote 957
Local 826 Remote 862
Local 873 Remote 832
Local 747 Remote 823
Local 742 Remote 856
Local 848 Remote 831
Local 862 Remote 823
Local 603 Remote 853
Local 515 Remote 829
Local 838 Remote 822
Local 835 Remote 820
Local 951 Remote 958
Local 1778 Remote 877
Local 1102 Remote 837
Local 893 Remote 824
Local 959 Remote 820
Local 1000 Remote 1025
Local 762 Remote 883
Local 734 Remote 839
Local 759 Remote 825
Local 597 Remote 820
Local 576 Remote 841
Local 1029 Remote 946
Local 804 Remote 891
Local 966 Remote 877
Local 2158 Remote 2542
Local 1348 Remote 1546
Local 1253 Remote 1193
Local 900 Remote 937
Local 902 Remote 856
Local 876 Remote 864
Local 817 Remote 833
Local 961 Remote 823
Local 835 Remote 820
Local 616 Remote 823
Local 690 Remote 1109
Local 1210 Remote 941
Local 826 Remote 857
Local 989 Remote 990
Local 1396 Remote 1508
Local 973 Remote 1179
Local 753 Remote 932
Local 941 Remote 855
Local 952 Remote 830
Local 672 Remote 822
Local 860 Remote 2017
Local 777 Remote 1198
Local 753 Remote 1089
Local 552 Remote 904
Local 816 Remote 1135
Local 677 Remote 996
Local 968 Remote 880
Local 1589 Remote 844
Local 1253 Remote 826
Local 817 Remote 821
Local 936 Remote 1501
Local 772 Remote 1034
Local 808 Remote 887
Local 774 Remote 840
Local 779 Remote 826
Local 759 Remote 821
Local 565 Remote 820
Local 823 Remote 1006
Local 723 Remote 880
Local 927 Remote 838
Local 1159 Remote 826
Local 890 Remote 855
Local 834 Remote 830
Local 943 Remote 822
Local 948 Remote 820
Local 703 Remote 972
Local 700 Remote 867
Local 806 Remote 834
Local 614 Remote 823
Local 526 Remote 820
Local 547 Remote 833
Local 848 Remote 838
Local 825 Remote 824
Local 900 Remote 820
Local 1435 Remote 827
Local 1218 Remote 1103
Local 848 Remote 909
Local 877 Remote 847
Local 799 Remote 828
Local 870 Remote 844
Local 847 Remote 917
Local 961 Remote 850
Local 759 Remote 829
Local 583 Remote 833
Local 755 Remote 823
Local 675 Remote 832
Local 629 Remote 823
Local 932 Remote 820
Local 1123 Remote 1319
Local 858 Remote 1027
Local 857 Remote 885
Local 952 Remote 840
Local 890 Remote 869
Local 777 Remote 835
Local 758 Remote 824
Local 755 Remote 820
Local 612 Remote 828
Local 729 Remote 871
Local 756 Remote 890
Local 753 Remote 841
Local 1044 Remote 839
Local 1627 Remote 1343
Local 1075 Remote 1002
Local 744 Remote 1032
Local 771 Remote 1243
Local 723 Remote 952
Local 757 Remote 893
Local 808 Remote 842
Local 823 Remote 826
Local 791 Remote 1078
Local 581 Remote 905
Local 835 Remote 855
Local 755 Remote 830
Local 895 Remote 822
Local 1176 Remote 850
Local 772 Remote 829
Local 787 Remote 846
Local 864 Remote 827
Local 906 Remote 877
Local 730 Remote 837
Local 804 Remote 827
Local 746 Remote 821
Local 668 Remote 846
Local 568 Remote 827
Local 940 Remote 1042
Local 753 Remote 889
Local 825 Remote 871
Local 1177 Remote 841
Local 1386 Remote 1596
Local 975 Remote 1216
Local 991 Remote 944
Local 926 Remote 858
Local 865 Remote 1268
Local 932 Remote 961
Local 909 Remote 863
Local 866 Remote 833
Local 670 Remote 823
Local 757 Remote 820
Local 677 Remote 820
Local 786 Remote 820
Local 1346 Remote 820
Local 1073 Remote 820
Local 1042 Remote 941
Local 1027 Remote 857
Local 965 Remote 836
Local 954 Remote 851
Local 807 Remote 829
Local 838 Remote 822
Local 833 Remote 820
Local 659 Remote 820
Local 733 Remote 820
Local 660 Remote 836
Local 667 Remote 824
Local 877 Remote 821
Local 1560 Remote 891
Local 1223 Remote 901
Local 794 Remote 844
Local 645 Remote 826
Local 663 Remote 821
Local 777 Remote 970
Local 856 Remote 867
Local 775 Remote 837
Local 617 Remote 855
Local 529 Remote 830
Local 798 Remote 822
Local 988 Remote 820
Local 965 Remote 918
Local 1246 Remote 1338
Local 975 Remote 1017
Local 904 Remote 881
Local 929 Remote 838
Local 998 Remote 970
Local 691 Remote 940
Local 760 Remote 950
Local 797 Remote 860
Local 809 Remote 892
Local 570 Remote 844
Local 760 Remote 883
Local 729 Remote 845
Local 1080 Remote 924
Local 1607 Remote 1828
Local 1062 Remote 2511
Local 732 Remote 1354
Local 667 Remote 1192
Local 852 Remote 958
Local 879 Remote 944
Local 854 Remote 891
Local 784 Remote 1112
Local 614 Remote 926
Local 534 Remote 853
Local 854 Remote 1192
Local 688 Remote 1042
Local 939 Remote 1034
Local 1525 Remote 1266
Local 1058 Remote 1011
Local 931 Remote 919
Local 864 Remote 997
Local 874 Remote 915
Local 703 Remote 875
Local 748 Remote 836
Local 724 Remote 955
Local 578 Remote 862
Local 1123 Remote 1159
Local 685 Remote 926
Local 927 Remote 866
Local 1070 Remote 1021
Local 953 Remote 1536
Local 1433 Remote 4265
Local 1017 Remote 3153
Local 901 Remote 1631
Local 809 Remote 1076
Local 864 Remote 901
Local 827 Remote 860
Local 780 Remote 832
Local 968 Remote 1014
Local 974 Remote 880
Local 685 Remote 864
Local 707 Remote 1098
Local 651 Remote 1033
Local 582 Remote 931
Local 829 Remote 871
Local 1115 Remote 1652
Local 957 Remote 1379
Local 881 Remote 1210
Local 958 Remote 1096
Local 913 Remote 1029
Local 759 Remote 885
Local 918 Remote 840
Local 847 Remote 954
Local 635 Remote 864
Local 717 Remote 1140
Local 691 Remote 982
Local 603 Remote 870
Local 1051 Remote 845
Local 1767 Remote 1092
Local 1221 Remote 1281
Local 786 Remote 964
Local 920 Remote 865
Local 925 Remote 833
Local 789 Remote 1022
Local 885 Remote 1329
Local 800 Remote 1277
Local 614 Remote 965
Local 520 Remote 865
Local 801 Remote 1057
Local 702 Remote 894
Local 957 Remote 842
Local 1344 Remote 1672
Local 998 Remote 1292
Local 1016 Remote 1030
Local 970 Remote 1416
Local 985 Remote 1198
Local 740 Remote 939
Local 1016 Remote 856
Local 776 Remote 831
Local 645 Remote 823
Local 522 Remote 820
Local 748 Remote 868
Local 718 Remote 835
Local 969 Remote 824
Local 1182 Remote 1519
Local 1218 Remote 1066
Local 802 Remote 897
Local 728 Remote 1465
Local 709 Remote 1032
Local 747 Remote 931
Local 758 Remote 859
Local 802 Remote 869
Local 597 Remote 835
Local 523 Remote 824
Local 782 Remote 820
Local 782 Remote 820
Local 910 Remote 820
Local 1268 Remote 1352
Local 925 Remote 1027
Local 826 Remote 957
Local 910 Remote 926
Local 964 Remote 997
Local 718 Remote 875
Local 653 Remote 836
Local 834 Remote 984
Local 659 Remote 883
Local 623 Remote 866
Local 920 Remote 844
Local 770 Remote 1283
Local 936 Remote 1084
Local 1571 Remote 2145
Local 1126 Remote 1315
Local 809 Remote 976
Local 920 Remote 885
Local 826 Remote 840
Local 831 Remote 860
Local 744 Remote 1081
Local 994 Remote 1059
Local 650 Remote 919
Local 679 Remote 1461
Local 722 Remote 1389
Local 686 Remote 1059
Local 724 Remote 895
Local 842 Remote 851
Local 1346 Remote 1882
Local 1162 Remote 1273
Local 965 Remote 962
Local 920 Remote 864
Local 911 Remote 907
Local 885 Remote 847
Local 895 Remote 828
Local 703 Remote 836
Local 643 Remote 842
Local 773 Remote 829
Local 676 Remote 908
Local 641 Remote 847
Local 882 Remote 1445
Local 1444 Remote 5520
Local 1168 Remote 2314
Local 775 Remote 1292
Local 679 Remote 968
Local 665 Remote 866
Local 1084 Remote 892
Local 884 Remote 858
Local 1017 Remote 877
Local 646 Remote 840
Local 547 Remote 840
Local 851 Remote 832
Local 778 Remote 823
Local 770 Remote 951
Local 1717 Remote 2579
Local 976 Remote 1474
Local 905 Remote 1033
Local 929 Remote 941
Local 899 Remote 1144
Local 828 Remote 922
Local 754 Remote 856
Local 922 Remote 884
Local 608 Remote 840
Local 533 Remote 881
Local 567 Remote 927
Local 802 Remote 1114
Local 719 Remote 912
Local 801 Remote 1162
Local 955 Remote 2356
Local 918 Remote 1306
Local 716 Remote 973
Local 688 Remote 867
Local 698 Remote 889
Local 732 Remote 850
Local 834 Remote 864
Local 895 Remote 898
Local 623 Remote 844
Local 547 Remote 826
Local 858 Remote 904
Local 793 Remote 1050
Local 746 Remote 938
Local 1583 Remote 3141
Local 956 Remote 1553
Local 904 Remote 1101
Local 881 Remote 911
Local 947 Remote 1051
Local 814 Remote 1002
Local 749 Remote 913
Local 775 Remote 848
Local 670 Remote 828
Local 613 Remote 869
Local 924 Remote 835
Local 765 Remote 824
Local 870 Remote 968
Local 1458 Remote 1084
Local 1155 Remote 1204
Local 951 Remote 941
Local 1078 Remote 857
Local 885 Remote 894
Local 853 Remote 842
Local 978 Remote 826
Local 982 Remote 862
Local 735 Remote 832
Local 579 Remote 835
Local 914 Remote 1244
Local 819 Remote 953
Local 837 Remote 1919
Local 1261 Remote 1618
Local 802 Remote 1072
Local 998 Remote 1000
Local 1017 Remote 892
Local 841 Remote 889
Local 825 Remote 969
Local 862 Remote 866
Local 823 Remote 833
Local 625 Remote 832
Local 560 Remote 826
Local 765 Remote 931
Local 702 Remote 866
Local 588 Remote 833
Local 791 Remote 979
Local 1114 Remote 1645
Local 988 Remote 1854
Local 717 Remote 1146
Local 736 Remote 975
Local 672 Remote 889
Local 872 Remote 1354
Local 870 Remote 988
Local 829 Remote 943
Local 625 Remote 903
Local 541 Remote 902
Local 819 Remote 936
Local 704 Remote 891
Local 997 Remote 1059
Local 1732 Remote 1877
Local 975 Remote 1294
Local 863 Remote 1147
Local 835 Remote 1014
Local 906 Remote 976
Local 712 Remote 868
Local 738 Remote 835
Local 742 Remote 824
Local 785 Remote 820
Local 606 Remote 820
Local 955 Remote 840
Local 784 Remote 826
Local 919 Remote 821
Local 1016 Remote 2300
Local 950 Remote 1483
Local 766 Remote 1193
Local 744 Remote 1764
Local 751 Remote 1118
Local 896 Remote 1039
Local 817 Remote 940
Local 980 Remote 857
Local 741 Remote 845
Local 565 Remote 829
Local 854 Remote 848
Local 685 Remote 829
Local 851 Remote 822
Local 1420 Remote 1998
Local 903 Remote 1192
Local 883 Remote 1018
Local 860 Remote 914
Local 873 Remote 1088
Local 802 Remote 923
Local 773 Remote 851
Local 774 Remote 866
Local 744 Remote 833
Local 612 Remote 856
Local 941 Remote 988
Local 755 Remote 924
Local 890 Remote 852
Local 1359 Remote 2551
Local 1112 Remote 1819
Local 829 Remote 1299
Local 691 Remote 970
Local 769 Remote 888
Local 881 Remote 980
Local 878 Remote 870
Local 980 Remote 851
Local 782 Remote 874
Local 608 Remote 850
Local 962 Remote 829
Local 658 Remote 822
Local 700 Remote 826
Local 1238 Remote 3175
Local 1290 Remote 1564
Local 1129 Remote 1167
Local 984 Remote 1017
Local 839 Remote 881
Local 802 Remote 910
Local 864 Remote 847
Local 785 Remote 828
Local 568 Remote 822
Local 714 Remote 820
Local 548 Remote 847
Local 845 Remote 1002
Local 623 Remote 878
Local 701 Remote 1339
Local 957 Remote 1721
Local 896 Remote 1199
Local 897 Remote 1220
Local 777 Remote 946
Local 851 Remote 859
Local 871 Remote 947
Local 755 Remote 877
Local 996 Remote 1001
Local 805 Remote 879
Local 645 Remote 838
Local 535 Remote 824
Local 827 Remote 945
Local 876 Remote 858
Local 885 Remote 1167
Local 1314 Remote 1374
Local 910 Remote 994
Local 805 Remote 979
Local 894 Remote 869
Local 904 Remote 1046
Local 774 Remote 913
Local 773 Remote 889
Local 743 Remote 895
Local 590 Remote 858
Local 524 Remote 841
Local 814 Remote 826
Local 782 Remote 821
Local 947 Remote 1344
Local 1615 Remote 1381
Local 1175 Remote 1006
Local 879 Remote 977
Local 769 Remote 1104
Local 739 Remote 958
Local 803 Remote 862
Local 929 Remote 832
Local 857 Remote 851
Local 652 Remote 878
Local 546 Remote 851
Local 844 Remote 1111
Local 727 Remote 911
Local 837 Remote 848
Local 1230 Remote 3118
Local 855 Remote 1546
Local 878 Remote 1319
Local 955 Remote 977
Local 856 Remote 868
Local 807 Remote 889
Local 821 Remote 841
Local 892 Remote 840
Local 708 Remote 1299
Local 604 Remote 997
Local 728 Remote 1010
Local 689 Remote 936
Local 622 Remote 856
Local 928 Remote 1008
Local 1713 Remote 1333
Local 1330 Remote 1007
Local 775 Remote 878
Local 777 Remote 838
Local 774 Remote 824
Local 867 Remote 1108
Local 790 Remote 983
Local 901 Remote 1116
Local 692 Remote 942
Local 557 Remote 869
Local 827 Remote 903
Local 705 Remote 947
Local 811 Remote 1701
Local 1346 Remote 1925
Local 922 Remote 1195
Local 855 Remote 1169
Local 871 Remote 961
Local 893 Remote 1204
Local 705 Remote 1004
Local 773 Remote 877
Local 742 Remote 837
Local 582 Remote 835
Local 534 Remote 887
Local 817 Remote 943
Local 673 Remote 892
Local 736 Remote 1292
Local 974 Remote 3477
Local 816 Remote 1810
Local 814 Remote 1204
Local 670 Remote 1382
Local 686 Remote 997
Local 757 Remote 878
Local 722 Remote 855
Local 883 Remote 970
Local 713 Remote 867
Local 643 Remote 838
Local 844 Remote 845
Local 703 Remote 870
Local 1001 Remote 858
Local 1428 Remote 2871
Local 868 Remote 1486
Local 828 Remote 1150
Local 847 Remote 1009
Local 938 Remote 1123
Local 724 Remote 990
Local 746 Remote 873
Local 737 Remote 881
Local 746 Remote 849
Local 580 Remote 828
Local 860 Remote 1061
Local 715 Remote 1424
Local 785 Remote 1048
Local 1009 Remote 1198
Local 939 Remote 1160
Local 813 Remote 964
Local 705 Remote 865
Local 676 Remote 833
Local 744 Remote 861
Local 721 Remote 880
Local 825 Remote 1226
Local 778 Remote 948
Local 570 Remote 860
Local 806 Remote 936
Local 675 Remote 856
Local 845 Remote 952
Local 1204 Remote 887
Local 888 Remote 840
Local 835 Remote 826
Local 926 Remote 1063
Local 861 Remote 905
Local 767 Remote 846
Local 778 Remote 827
Local 915 Remote 835
Local 620 Remote 824
Local 570 Remote 820
Local 532 Remote 820
Local 700 Remote 1478
Local 762 Remote 1027
Local 915 Remote 987
Local 1124 Remote 1471
Local 1157 Remote 1217
Local 985 Remote 949
Local 985 Remote 860
Local 883 Remote 832
Local 805 Remote 851
Local 926 Remote 1290
Local 1002 Remote 1081
Local 676 Remote 979
Local 554 Remote 869
Local 829 Remote 842
Local 608 Remote 826
Local 825 Remote 1677
Local 1153 Remote 1239
Local 1159 Remote 952
Local 1082 Remote 959
Local 1008 Remote 1128
Local 874 Remote 1149
Local 814 Remote 923
Local 861 Remote 911
Local 794 Remote 848
Local 617 Remote 856
Local 549 Remote 832
Local 871 Remote 823
Local 712 Remote 1005
Local 726 Remote 1638
Local 1106 Remote 1321
Local 1119 Remote 1024
Local 994 Remote 978
Local 694 Remote 869
Local 746 Remote 835
Local 774 Remote 1027
Local 677 Remote 885
Local 825 Remote 930
Local 733 Remote 853
Local 613 Remote 829
Local 512 Remote 823
Local 658 Remote 820
Local 660 Remote 820
Local 963 Remote 894
Local 1248 Remote 1347
Local 941 Remote 1177
Local 802 Remote 933
Local 886 Remote 948
Local 924 Remote 916
Local 863 Remote 850
Local 790 Remote 958
Local 712 Remote 865
Local 932 Remote 833
Local 677 Remote 844
Local 855 Remote 829
Local 732 Remote 822
Local 945 Remote 820
Local 1389 Remote 1778
Local 1062 Remote 1348
Local 747 Remote 997
Local 718 Remote 875
Local 698 Remote 836
Local 701 Remote 829
Local 773 Remote 822
Local 886 Remote 820
Local 682 Remote 825
Local 547 Remote 841
Local 671 Remote 835
Local 572 Remote 826
Local 627 Remote 821
Local 893 Remote 838
Local 1188 Remote 1495
Local 927 Remote 1081
Local 875 Remote 916
Local 915 Remote 1080
Local 949 Remote 1019
Local 726 Remote 882
Local 722 Remote 838
Local 739 Remote 824
Local 586 Remote 843
Local 528 Remote 826
Local 1023 Remote 1282
Local 794 Remote 972
Local 1062 Remote 867
Local 1338 Remote 1960
Local 1019 Remote 1437
Local 741 Remote 1014
Local 805 Remote 889
Local 662 Remote 853
Local 738 Remote 1029
Local 774 Remote 885
Local 934 Remote 1038
Local 666 Remote 1144
Local 544 Remote 929
Local 825 Remote 949
Local 723 Remote 1626
Local 761 Remote 1074
Local 1041 Remote 2653
Local 774 Remote 1399
Local 878 Remote 1110
Local 891 Remote 920
Local 921 Remote 1523
Local 917 Remote 1083
Local 813 Remote 902
Local 881 Remote 844
Local 656 Remote 826
Local 663 Remote 853
Local 702 Remote 1048
Local 608 Remote 903
Local 718 Remote 845
Local 1195 Remote 1006
Local 1660 Remote 1381
Local 1142 Remote 1184
Local 755 Remote 934
Local 780 Remote 1380
Local 819 Remote 997
Local 818 Remote 1199
Local 935 Remote 939
Local 799 Remote 856
Local 607 Remote 1045
Local 518 Remote 890
Local 820 Remote 849
Local 672 Remote 828
Local 846 Remote 1036
Local 1050 Remote 1239
Local 941 Remote 1268
Local 843 Remote 961
Local 950 Remote 1524
Local 908 Remote 1085
Local 755 Remote 903
Local 879 Remote 1135
Local 639 Remote 919
Local 593 Remote 850
Local 578 Remote 846
Local 711 Remote 832
Local 719 Remote 829
Local 665 Remote 830
Local 875 Remote 1467
Local 1267 Remote 1092
Local 1027 Remote 919
Local 813 Remote 850
Local 745 Remote 829
Local 694 Remote 822
Local 817 Remote 980
Local 884 Remote 1090
Local 967 Remote 1006
Local 694 Remote 878
Local 570 Remote 839
Local 871 Remote 841
Local 790 Remote 833
Local 828 Remote 823
Local 1080 Remote 1910
Local 877 Remote 1164
Local 957 Remote 975
Local 872 Remote 868
Local 944 Remote 1181
Local 868 Remote 1186
Local 764 Remote 934
Local 808 Remote 855
Local 684 Remote 830
Local 608 Remote 888
Local 704 Remote 1379
Local 705 Remote 1055
Local 641 Remote 896
Local 975 Remote 958
Local 1525 Remote 862
Local 1148 Remote 876
Local 1007 Remote 837
Local 817 Remote 950
Local 777 Remote 997
Local 753 Remote 1358
Local 905 Remote 1001
Local 807 Remote 876
Local 711 Remote 892
Local 774 Remote 1087
Local 589 Remote 904
Local 689 Remote 846
Local 1083 Remote 979
Local 1134 Remote 1994
Local 951 Remote 1227
Local 867 Remote 1147
Local 916 Remote 1109
Local 902 Remote 933
Local 804 Remote 855
Local 761 Remote 831
Local 626 Remote 855
Local 780 Remote 960
Local 700 Remote 1078
Local 736 Remote 1015
Local 673 Remote 880
Local 880 Remote 1032
Local 1290 Remote 1126
Local 1005 Remote 1201
Local 702 Remote 939
Local 802 Remote 1268
Local 748 Remote 961
Local 836 Remote 863
Local 888 Remote 1106
Local 730 Remote 910
Local 609 Remote 847
Local 509 Remote 828
Local 731 Remote 1015
Local 682 Remote 880
Local 888 Remote 903
Local 1196 Remote 905
Local 944 Remote 955
Local 853 Remote 862
Local 904 Remote 1071
Local 900 Remote 1075
Local 694 Remote 900
Local 718 Remote 903
Local 809 Remote 887
Local 637 Remote 860
Local 559 Remote 871
Local 774 Remote 1220
Local 778 Remote 946
Local 879 Remote 1079
Local 1135 Remote 1501
Local 972 Remote 1990
Local 730 Remote 1189
Local 819 Remote 1089
Local 730 Remote 925
Local 785 Remote 1018
Local 747 Remote 884
Local 956 Remote 885
Local 649 Remote 863
Local 562 Remote 838
Local 735 Remote 1086
Local 595 Remote 961
Local 684 Remote 867
Local 867 Remote 1556
Local 1628 Remote 1558
Local 1073 Remote 1093
Local 896 Remote 940
Local 921 Remote 875
Local 899 Remote 992
Local 649 Remote 883
Local 695 Remote 839
Local 769 Remote 825
Local 599 Remote 841
Local 517 Remote 832
Local 799 Remote 1007
Local 767 Remote 2014
Local 906 Remote 1828
Local 1437 Remote 1993
Local 1112 Remote 1640
Local 861 Remote 1127
Local 849 Remote 916
Local 760 Remote 873
Local 638 Remote 894
Local 796 Remote 935
Local 871 Remote 913
Local 721 Remote 860
Local 586 Remote 842
Local 791 Remote 1073
Local 616 Remote 912
Local 762 Remote 848
Local 1319 Remote 1285
Local 1064 Remote 1274
Local 1016 Remote 1099
Local 948 Remote 932
Local 865 Remote 919
Local 957 Remote 936
Local 910 Remote 856
Local 898 Remote 831
Local 600 Remote 823
Local 593 Remote 834
Local 544 Remote 840
Local 804 Remote 826
Local 765 Remote 910
Local 725 Remote 847
Local 1147 Remote 1414
Local 1112 Remote 1161
Local 1128 Remote 1066
Local 837 Remote 897
Local 875 Remote 843
Local 889 Remote 1080
Local 929 Remote 1180
Local 904 Remote 1224
Local 628 Remote 972
Local 814 Remote 968
Local 798 Remote 1390
Local 707 Remote 1123
Local 692 Remote 929
Local 907 Remote 865
Local 1249 Remote 938
Local 939 Remote 1189
Local 859 Remote 1036
Local 938 Remote 942
Local 914 Remote 1038
Local 734 Remote 888
Local 707 Remote 841
Local 695 Remote 896
Local 659 Remote 858
Local 534 Remote 831
Local 759 Remote 997
Local 944 Remote 875
Local 1022 Remote 1345
Local 1768 Remote 2440
Local 1143 Remote 1663
Local 831 Remote 1086
Local 875 Remote 903
Local 813 Remote 845
Local 881 Remote 859
Local 880 Remote 963
Local 862 Remote 865
Local 738 Remote 833
Local 635 Remote 907
Local 961 Remote 953
Local 753 Remote 861
Local 793 Remote 966
Local 1491 Remote 2563
Local 949 Remote 1437
Local 890 Remote 1043
Local 889 Remote 908
Local 835 Remote 1082
Local 772 Remote 912
Local 1018 Remote 890
Local 927 Remote 841
Local 688 Remote 839
Local 628 Remote 844
Local 825 Remote 898
Local 691 Remote 844
Local 792 Remote 1418
Local 1426 Remote 2513
Local 880 Remote 1426
Local 866 Remote 1182
Local 696 Remote 934
Local 801 Remote 855
Local 847 Remote 830
Local 821 Remote 829
Local 843 Remote 822
Local 879 Remote 820
Local 718 Remote 928
Local 744 Remote 1118
Local 727 Remote 964
Local 700 Remote 865
Local 974 Remote 833
Local 939 Remote 938
Local 900 Remote 898
Local 924 Remote 866
Local 816 Remote 853
Local 846 Remote 941
Local 769 Remote 857
Local 839 Remote 903
Local 646 Remote 988
Local 806 Remote 978
Local 759 Remote 869
Local 689 Remote 840
Local 582 Remote 826
Local 827 Remote 1064
Local 1695 Remote 2646
Local 1098 Remote 1670
Local 917 Remote 1087
Local 747 Remote 1333
Local 667 Remote 1051
Local 693 Remote 892
Local 753 Remote 842
Local 839 Remote 982
Local 640 Remote 870
Local 583 Remote 849
Local 694 Remote 1328
Local 700 Remote 1033
Local 664 Remote 887
Local 799 Remote 892
Local 1202 Remote 932
Local 1010 Remote 969
Local 834 Remote 890
Local 941 Remote 903
Local 930 Remote 940
Local 968 Remote 860
Local 942 Remote 866
Local 743 Remote 833
Local 601 Remote 862
Local 654 Remote 1025
Local 648 Remote 961
Local 652 Remote 963
Local 805 Remote 1416
Local 1005 Remote 1432
Local 857 Remote 1279
Local 848 Remote 964
Local 784 Remote 865
Local 896 Remote 949
Local 775 Remote 860
Local 774 Remote 859
Local 721 Remote 950
Local 729 Remote 962
Local 553 Remote 865
Local 754 Remote 994
Local 783 Remote 1774
Local 890 Remote 1187
Local 1050 Remote 2108
Local 1032 Remote 1393
Local 831 Remote 1000
Local 922 Remote 1066
Local 908 Remote 901
Local 765 Remote 844
Local 758 Remote 851
Local 631 Remote 829
Local 618 Remote 822
Local 556 Remote 829
Local 751 Remote 1268
Local 682 Remote 978
Local 690 Remote 869
Local 921 Remote 840
Local 1279 Remote 1578
Local 905 Remote 1324
Local 697 Remote 979
Local 705 Remote 869
Local 685 Remote 835
Local 835 Remote 919
Local 894 Remote 1110
Local 834 Remote 975
Local 691 Remote 1006
Local 555 Remote 878
Local 791 Remote 844
Local 775 Remote 826
Local 901 Remote 835
Local 1289 Remote 2520
Local 860 Remote 1369
Local 904 Remote 1163
Local 897 Remote 1004
Local 859 Remote 877
Local 880 Remote 953
Local 866 Remote 861
Local 987 Remote 1222
Local 691 Remote 946
Local 622 Remote 965
Local 705 Remote 1361
Local 643 Remote 990
Local 772 Remote 873
Local 1224 Remote 841
Local 1311 Remote 984
Local 1100 Remote 988
Local 719 Remote 872
Local 774 Remote 2628
Local 802 Remote 1629
Local 688 Remote 1075
Local 998 Remote 964
Local 757 Remote 865
Local 706 Remote 853
Local 571 Remote 925
Local 751 Remote 1069
Local 763 Remote 1068
Local 935 Remote 1325
Local 1278 Remote 1379
Local 929 Remote 1250
Local 757 Remote 997
Local 843 Remote 1114
Local 881 Remote 1012
Local 721 Remote 880
Local 697 Remote 838
Local 669 Remote 824
Local 604 Remote 839
Local 520 Remote 825
Local 893 Remote 1063
Local 784 Remote 2185
Local 957 Remote 1632
Local 1112 Remote 1718
Local 961 Remote 1251
Local 783 Remote 955
Local 983 Remote 970
Local 856 Remote 867
Local 828 Remote 882
Local 798 Remote 838
Local 929 Remote 1009
Local 646 Remote 878
Local 664 Remote 859
Local 710 Remote 831
Local 605 Remote 942
Local 577 Remote 996
Local 766 Remote 1033
Local 1220 Remote 1666
Local 1003 Remote 1337
Local 853 Remote 990
Local 936 Remote 873
Local 933 Remote 904
Local 658 Remote 896
Local 830 Remote 843
Local 712 Remote 827
Local 668 Remote 844
Local 526 Remote 880
Local 737 Remote 943
Local 639 Remote 858
Local 921 Remote 1504
Local 1513 Remote 2389
Local 1130 Remote 1671
Local 843 Remote 1099
Local 1017 Remote 942
Local 883 Remote 1045
Local 824 Remote 890
Local 769 Remote 884
Local 853 Remote 1026
Local 622 Remote 884
Local 525 Remote 855
Local 857 Remote 830
Local 745 Remote 871
Local 826 Remote 942
Local 1757 Remote 3647
Local 1530 Remote 1732
Local 1120 Remote 1155
Local 1001 Remote 1006
Local 871 Remote 1079
Local 956 Remote 1157
Local 792 Remote 925
Local 802 Remote 857
Local 641 Remote 831
Local 543 Remote 823
Local 753 Remote 820
Local 714 Remote 876
Local 707 Remote 837
Local 824 Remote 826
Local 1070 Remote 1677
Local 1105 Remote 1090
Local 781 Remote 904
Local 657 Remote 846
Local 797 Remote 891
Local 748 Remote 928
Local 792 Remote 1840
Local 725 Remote 1177
Local 589 Remote 954
Local 503 Remote 862
Local 742 Remote 1016
Local 984 Remote 881
Local 989 Remote 935
Local 1198 Remote 874
Local 896 Remote 885
Local 851 Remote 846
Local 867 Remote 827
Local 868 Remote 937
Local 728 Remote 858
Local 745 Remote 878
Local 817 Remote 838
Local 593 Remote 824
Local 527 Remote 838
Local 553 Remote 930
Local 756 Remote 923
Local 732 Remote 868
Local 791 Remote 835
Local 1373 Remote 1381
Local 1167 Remote 997
Local 999 Remote 1102
Local 763 Remote 908
Local 743 Remote 847
Local 750 Remote 992
Local 791 Remote 1077
Local 789 Remote 901
Local 668 Remote 844
Local 701 Remote 907
Local 537 Remote 847
Local 756 Remote 936
Local 667 Remote 884
Local 978 Remote 1343
Local 1754 Remote 2078
Local 1139 Remote 1375
Local 941 Remote 1073
Local 1007 Remote 988
Local 925 Remote 1074
Local 731 Remote 899
Local 778 Remote 887
Local 832 Remote 847
Local 631 Remote 828
Local 737 Remote 1148
Local 754 Remote 986
Local 674 Remote 871
Local 823 Remote 845
Local 2103 Remote 1300
Local 1340 Remote 1426
Local 816 Remote 1011
Local 730 Remote 880
Local 695 Remote 1020
Local 785 Remote 1621
Local 733 Remote 1086
Local 931 Remote 1012
Local 655 Remote 880
Local 602 Remote 952
Local 822 Remote 1087
Local 716 Remote 904
Local 872 Remote 970
Local 1301 Remote 1933
Local 894 Remote 1609
Local 899 Remote 1199
Local 941 Remote 941
Local 878 Remote 910
Local 877 Remote 913
Local 856 Remote 848
Local 909 Remote 828
Local 728 Remote 1065
Local 608 Remote 908
Local 831 Remote 1142
Local 670 Remote 921
Local 751 Remote 868
Local 1062 Remote 1755
Local 1192 Remote 2365
Local 1012 Remote 1615
Local 675 Remote 1071
Local 818 Remote 1039
Local 803 Remote 945
Local 705 Remote 858
Local 817 Remote 1114
Local 728 Remote 912
Local 664 Remote 936
Local 528 Remote 856
Local 743 Remote 941
Local 745 Remote 857
Local 820 Remote 1325
Local 1278 Remote 1032
Local 969 Remote 1188
Local 839 Remote 989
Local 864 Remote 872
Local 884 Remote 886
Local 669 Remote 840
Local 654 Remote 860
Local 880 Remote 965
Local 644 Remote 897
Local 528 Remote 849
Local 690 Remote 922
Local 845 Remote 880
Local 969 Remote 981
Local 1435 Remote 2209
Local 1292 Remote 1357
Local 861 Remote 991
Local 771 Remote 874
Local 753 Remote 836
Local 741 Remote 830
Local 796 Remote 822
Local 897 Remote 820
Local 651 Remote 833
Local 566 Remote 829
Local 750 Remote 823
Local 657 Remote 820
Local 588 Remote 820
Local 878 Remote 1059
Local 1010 Remote 991
Local 859 Remote 942
Local 797 Remote 863
Local 839 Remote 836
Local 838 Remote 879
Local 700 Remote 844
Local 818 Remote 829
Local 838 Remote 1328
Local 785 Remote 982
Local 568 Remote 888
Local 688 Remote 974
Local 748 Remote 868
Local 935 Remote 889
Local 1687 Remote 1023
Local 1190 Remote 991
Local 766 Remote 874
Local 669 Remote 1018
Local 682 Remote 882
Local 914 Remote 1126
Local 766 Remote 916
Local 898 Remote 921
Local 629 Remote 894
Local 525 Remote 842
Local 814 Remote 826
Local 683 Remote 1035
Local 873 Remote 2353
Local 1272 Remote 3784
Local 840 Remote 1757
Local 938 Remote 1211
Local 847 Remote 973
Local 872 Remote 1022
Local 732 Remote 897
Local 768 Remote 843
Local 733 Remote 833
Local 560 Remote 823
Local 522 Remote 820
Local 548 Remote 875
Local 874 Remote 842
Local 724 Remote 1045
Local 751 Remote 1279
Local 1185 Remote 1219
Local 916 Remote 1299
Local 823 Remote 1372
Local 1184 Remote 994
Local 889 Remote 874
Local 894 Remote 980
Local 871 Remote 901
Local 901 Remote 902
Local 667 Remote 862
Local 554 Remote 849
Local 743 Remote 828
Local 647 Remote 838
Local 613 Remote 864
Local 946 Remote 1396
Local 1163 Remote 2025
Local 937 Remote 1335
Local 1139 Remote 1116
Local 1033 Remote 991
Local 967 Remote 1054
Local 683 Remote 893
Local 704 Remote 842
Local 727 Remote 826
Local 721 Remote 1335
Local 572 Remote 1001
Local 777 Remote 993
Local 791 Remote 874
Local 878 Remote 1000
Local 2508 Remote 1204
Local 1429 Remote 1196
Local 1027 Remote 1055
Local 903 Remote 894
Local 800 Remote 847
Local 841 Remote 994
Local 718 Remote 1074
Local 966 Remote 1009
Local 789 Remote 906
Local 603 Remote 850
Local 863 Remote 1396
Local 774 Remote 1002
Local 874 Remote 998
Local 1775 Remote 2288
Local 1036 Remote 1283
Local 894 Remote 1159
Local 836 Remote 926
Local 901 Remote 939
Local 820 Remote 1032
Local 873 Remote 886
Local 911 Remote 854
Local 686 Remote 829
Local 532 Remote 844
Local 812 Remote 931
Local 686 Remote 854
Local 837 Remote 1055
Local 1265 Remote 1643
Local 1081 Remote 1385
Local 934 Remote 1087
Local 811 Remote 904
Local 721 Remote 846
Local 719 Remote 830
Local 803 Remote 856
Local 857 Remote 835
Local 932 Remote 824
Local 666 Remote 848
Local 699 Remote 916
Local 697 Remote 903
Local 697 Remote 845
Local 962 Remote 881
Local 1285 Remote 1987
Local 917 Remote 1302
Local 796 Remote 971
Local 868 Remote 867
Local 910 Remote 918
Local 843 Remote 886
Local 1018 Remote 840
Local 846 Remote 829
Local 644 Remote 841
Local 539 Remote 826
Local 845 Remote 1286
Local 674 Remote 1041
Local 726 Remote 889
Local 1594 Remote 3909
Local 956 Remote 1796
Local 914 Remote 1299
Local 1149 Remote 970
Local 927 Remote 867
Local 987 Remote 888
Local 911 Remote 1083
Local 924 Remote 902
Local 709 Remote 861
Local 666 Remote 931
Local 697 Remote 854
Local 705 Remote 833
Local 636 Remote 836
Local 1091 Remote 838
Local 1094 Remote 1058
Local 827 Remote 987
Local 797 Remote 972
Local 861 Remote 890
Local 943 Remote 905
Local 696 Remote 846
Local 641 Remote 827
Local 661 Remote 821
Local 573 Remote 1066
Local 530 Remote 924
Local 962 Remote 1139
Local 768 Remote 921
Local 795 Remote 1218
Local 1236 Remote 4059
Local 933 Remote 1843
Local 851 Remote 1329
Local 862 Remote 1392
Local 871 Remote 1086
Local 791 Remote 1058
Local 755 Remote 916
Local 828 Remote 1012
Local 700 Remote 1048
Local 753 Remote 976
Local 552 Remote 874
Local 826 Remote 1026
Local 713 Remote 884
Local 1004 Remote 1362
Local 1192 Remote 1378
Local 909 Remote 1303
Local 849 Remote 972
Local 839 Remote 946
Local 903 Remote 973
Local 760 Remote 907
Local 767 Remote 847
Local 824 Remote 1038
Local 609 Remote 888
Local 569 Remote 913
Local 739 Remote 901
Local 768 Remote 853
Local 669 Remote 937
Local 784 Remote 856
Local 1029 Remote 4213
Local 1360 Remote 2674
Local 1231 Remote 1523
Local 732 Remote 1042
Local 741 Remote 928
Local 766 Remote 872
Local 736 Remote 1009
Local 828 Remote 974
Local 820 Remote 901
Local 625 Remote 864
Local 538 Remote 836
Local 822 Remote 1129
Local 680 Remote 916
Local 954 Remote 850
Local 1462 Remote 832
Local 1020 Remote 1275
Local 804 Remote 1006
Local 940 Remote 916
Local 951 Remote 1398
Local 722 Remote 1002
Local 674 Remote 877
Local 644 Remote 844
Local 581 Remote 834
Local 520 Remote 902
Local 838 Remote 953
Local 805 Remote 910
Local 986 Remote 847
Local 1159 Remote 2638
Local 960 Remote 1456
Local 730 Remote 1020
Local 739 Remote 932
Local 735 Remote 889
Local 833 Remote 982
Local 803 Remote 1104
Local 934 Remote 1177
Local 659 Remote 932
Local 583 Remote 855
Local 731 Remote 861
Local 664 Remote 926
Local 598 Remote 853
Local 970 Remote 1152
Local 1462 Remote 1273
Local 981 Remote 1216
Local 788 Remote 1074
Local 913 Remote 1178
Local 946 Remote 1287
Local 687 Remote 1065
Local 745 Remote 896
Local 881 Remote 853
Local 653 Remote 865
Local 623 Remote 862
Local 945 Remote 946
Local 742 Remote 859
Local 899 Remote 1173
Local 1287 Remote 1539
Local 1053 Remote 1140
Local 793 Remote 921
Local 928 Remote 851
Local 784 Remote 829
Local 908 Remote 1104
Local 907 Remote 1077
Local 878 Remote 1129
Local 819 Remote 916
Local 591 Remote 859
Local 740 Remote 831
Local 647 Remote 927
Local 696 Remote 1065
Local 1036 Remote 943
Local 1340 Remote 1067
Local 1016 Remote 1029
Local 888 Remote 1003
Local 985 Remote 1061
Local 932 Remote 1000
Local 780 Remote 898
Local 767 Remote 879
Local 722 Remote 1796
Local 571 Remote 1138
Local 673 Remote 1346
Local 643 Remote 1111
Local 692 Remote 911
Local 913 Remote 871
Local 1245 Remote 1304
Local 1012 Remote 973
Local 1138 Remote 867
Local 824 Remote 1453
Local 741 Remote 1019
Local 1057 Remote 940
Local 853 Remote 857
Local 882 Remote 831
Local 626 Remote 823
Local 698 Remote 832
Local 826 Remote 1302
Local 699 Remote 971
Local 896 Remote 867
Local 1340 Remote 2987
Local 951 Remote 1733
Local 941 Remote 1234
Local 958 Remote 1023
Local 944 Remote 1122
Local 1002 Remote 963
Local 662 Remote 865
Local 924 Remote 1078
Local 732 Remote 995
Local 596 Remote 939
Local 502 Remote 857
Local 710 Remote 1081
Local 693 Remote 901
Local 990 Remote 1073
Local 1662 Remote 1635
Local 1173 Remote 1244
Local 820 Remote 1028
Local 700 Remote 943
Local 683 Remote 944
Local 733 Remote 1780
Local 908 Remote 1123
Local 891 Remote 926
Local 749 Remote 855
Local 557 Remote 830
Local 963 Remote 1040
Local 723 Remote 889
Local 709 Remote 841
Local 1200 Remote 2357
Local 811 Remote 1326
Local 792 Remote 1061
Local 807 Remote 895
Local 756 Remote 971
Local 794 Remote 964
Local 963 Remote 865
Local 867 Remote 1192
Local 638 Remote 937
Local 558 Remote 856
Local 541 Remote 836
Local 811 Remote 1222
Local 665 Remote 1062
Local 623 Remote 895
Local 760 Remote 853
Local 1313 Remote 3065
Local 935 Remote 1972
Local 640 Remote 1184
Local 906 Remote 1934
Local 823 Remote 1351
Local 732 Remote 1010
Local 951 Remote 889
Local 759 Remote 897
Local 665 Remote 854
Local 537 Remote 835
Local 893 Remote 839
Local 733 Remote 825
Local 1017 Remote 1022
Local 1308 Remote 1493
Local 930 Remote 1143
Local 844 Remote 921
Local 863 Remote 951
Local 914 Remote 1136
Local 761 Remote 919
Local 752 Remote 850
Local 821 Remote 829
Local 620 Remote 829
Local 556 Remote 841
Local 838 Remote 1387
Local 946 Remote 1000
Local 963 Remote 922
Local 1755 Remote 2194
Local 1218 Remote 1492
Local 832 Remote 1100
Local 651 Remote 907
Local 671 Remote 847
Local 912 Remote 1022
Local 826 Remote 883
Local 942 Remote 842
Local 625 Remote 1684
Local 535 Remote 1106
Local 814 Remote 1468
Local 748 Remote 1032
Local 826 Remote 886
Local 1522 Remote 881
Local 1135 Remote 844
Local 1007 Remote 990
Local 935 Remote 875
Local 909 Remote 925
Local 944 Remote 1037
Local 791 Remote 887
Local 814 Remote 959
Local 637 Remote 863
Local 560 Remote 841
Local 702 Remote 939
Local 653 Remote 880
Local 613 Remote 848
Local 891 Remote 1894
Local 1540 Remote 2477
Local 1182 Remote 1343
Local 731 Remote 985
Local 625 Remote 1062
Local 625 Remote 895
Local 711 Remote 997
Local 887 Remote 875
Local 989 Remote 836
Local 640 Remote 824
Local 543 Remote 820
Local 902 Remote 820
Local 671 Remote 820
Local 720 Remote 868
Local 917 Remote 877
Local 1027 Remote 2239
Local 982 Remote 1689
Local 765 Remote 1099
Local 884 Remote 1121
Local 931 Remote 1234
Local 674 Remote 950
Local 762 Remote 860
Local 695 Remote 980
Local 588 Remote 942
Local 518 Remote 874
Local 910 Remote 854
Local 723 Remote 829
Local 953 Remote 1089
Local 1643 Remote 974
Local 1170 Remote 1427
Local 856 Remote 1043
Local 1070 Remote 931
Local 826 Remote 878
Local 732 Remote 919
Local 881 Remote 859
Local 992 Remote 955
Local 687 Remote 881
Local 684 Remote 904
Local 707 Remote 987
Local 590 Remote 946
Local 692 Remote 2508
Local 1559 Remote 1574
Local 1365 Remote 1222
Local 1069 Remote 1123
Local 907 Remote 1333
Local 1002 Remote 982
Local 1035 Remote 895
Local 694 Remote 843
Local 743 Remote 826
Local 678 Remote 821
Local 690 Remote 948
Local 541 Remote 860
Local 699 Remote 864
Local 720 Remote 954
Local 882 Remote 926
Local 1445 Remote 1804
Local 1072 Remote 1477
Local 843 Remote 1133
Local 1032 Remote 1040
Local 860 Remote 889
Local 970 Remote 989
Local 862 Remote 889
Local 923 Remote 850
Local 721 Remote 1080
Local 628 Remote 929
Local 703 Remote 959
Local 596 Remote 863
Local 779 Remote 833
Local 1363 Remote 1872
Local 968 Remote 1152
Local 973 Remote 1041
Local 884 Remote 952
Local 919 Remote 959
Local 1008 Remote 1210
Local 793 Remote 943
Local 893 Remote 858
Local 696 Remote 844
Local 590 Remote 826
Local 585 Remote 884
Local 499 Remote 840
Local 709 Remote 828
Local 747 Remote 822
Local 934 Remote 820
Local 1344 Remote 1040
Local 972 Remote 1012
Local 735 Remote 880
Local 750 Remote 930
Local 715 Remote 903
Local 752 Remote 883
Local 760 Remote 960
Local 864 Remote 1021
Local 608 Remote 925
Local 574 Remote 901
Local 917 Remote 991
Local 734 Remote 1107
Local 768 Remote 911
Local 1646 Remote 3942
Local 973 Remote 1822
Local 981 Remote 1242
Local 925 Remote 1084
Local 845 Remote 903
Local 807 Remote 912
Local 816 Remote 856
Local 778 Remote 831
Local 630 Remote 934
Local 549 Remote 867
Local 686 Remote 1141
Local 788 Remote 955
Local 683 Remote 862
Local 1021 Remote 922
Local 1220 Remote 1239
Local 991 Remote 1461
Local 681 Remote 1099
Local 796 Remote 907
Local 715 Remote 847
Local 691 Remote 880
Local 741 Remote 838
Local 742 Remote 1015
Local 717 Remote 920
Local 605 Remote 868
Local 885 Remote 839
Local 753 Remote 1054
Local 851 Remote 1660
Local 774 Remote 1249
Local 749 Remote 1149
Local 925 Remote 927
Local 997 Remote 862
Local 893 Remote 832
Local 746 Remote 890
Local 774 Remote 841
Local 757 Remote 875
Local 587 Remote 898
Local 543 Remote 859
Local 792 Remote 1033
Local 756 Remote 1114
Local 863 Remote 964
Local 907 Remote 1208
Local 990 Remote 1119
Local 763 Remote 995
Local 838 Remote 874
Local 773 Remote 836
Local 836 Remote 964
Local 923 Remote 1006
Local 963 Remote 878
Local 874 Remote 838
Local 631 Remote 843
Local 823 Remote 845
Local 683 Remote 826
Local 836 Remote 1389
Local 1439 Remote 3766
Local 942 Remote 1751
Local 888 Remote 1288
Local 847 Remote 967
Local 945 Remote 1094
Local 801 Remote 905
Local 709 Remote 846
Local 1062 Remote 827
Local 750 Remote 821
Local 770 Remote 846
Local 969 Remote 955
Local 726 Remote 862
Local 1059 Remote 832
Local 1464 Remote 2597
Local 1096 Remote 1394
Local 822 Remote 1047
Local 912 Remote 1039
Local 784 Remote 889
Local 764 Remote 927
Local 757 Remote 861
Local 842 Remote 1317
Local 702 Remote 976
Local 588 Remote 880
Local 768 Remote 1144
Local 713 Remote 1146
Local 661 Remote 965
Local 829 Remote 928
Local 957 Remote 1422
Local 855 Remote 1109
Local 861 Remote 937
Local 909 Remote 856
Local 921 Remote 831
Local 754 Remote 823
Local 740 Remote 820
Local 754 Remote 840
Local 593 Remote 1332
Local 532 Remote 994
Local 870 Remote 1746
Local 699 Remote 1112
Local 888 Remote 1085
Local 884 Remote 937
Local 894 Remote 1096
Local 739 Remote 925
Local 764 Remote 1078
Local 720 Remote 901
Local 745 Remote 1010
Local 761 Remote 979
Local 1103 Remote 869
Local 769 Remote 845
Local 577 Remote 830
Local 692 Remote 928
Local 664 Remote 865
Local 691 Remote 841
Local 979 Remote 1060
Local 1468 Remote 1375
Local 1014 Remote 1003
Local 843 Remote 877
Local 981 Remote 856
Local 933 Remote 878
Local 676 Remote 838
Local 707 Remote 824
Local 748 Remote 820
Local 550 Remote 820
Local 528 Remote 832
Local 488 Remote 831
Local 712 Remote 1050
Local 682 Remote 892
Local 883 Remote 1438
Local 1573 Remote 2145
Local 1042 Remote 1761
Local 853 Remote 1148
Local 733 Remote 923
Local 678 Remote 862
Local 713 Remote 904
Local 808 Remote 1111
Local 1009 Remote 1021
Local 785 Remote 2239
Local 580 Remote 1290
Local 627 Remote 1263
Local 686 Remote 1144
Local 768 Remote 922
Local 836 Remote 862
Local 1100 Remote 1744
Local 860 Remote 1219
Local 860 Remote 1236
Local 860 Remote 951
Local 923 Remote 935
Local 817 Remote 856
Local 883 Remote 874
Local 793 Remote 836
Local 702 Remote 1179
Local 578 Remote 947
Local 858 Remote 1249
Local 826 Remote 958
Local 868 Remote 884
Local 1220 Remote 1269
Local 1106 Remote 1627
Local 935 Remote 1141
Local 711 Remote 921
Local 800 Remote 945
Local 767 Remote 953
Local 800 Remote 865
Local 953 Remote 1009
Local 801 Remote 878
Local 626 Remote 884
Local 909 Remote 1102
Local 676 Remote 911
Local 730 Remote 848
Local 1158 Remote 831
Local 1032 Remote 1132
Local 1003 Remote 967
Local 849 Remote 952
Local 916 Remote 1165
Local 963 Remote 1084
Local 751 Remote 903
Local 754 Remote 845
Local 646 Remote 839
Local 679 Remote 1520
Local 531 Remote 1040
Local 718 Remote 1271
Local 655 Remote 961
Local 985 Remote 882
Local 1468 Remote 1932
Local 1068 Remote 2000
Local 714 Remote 1192
Local 691 Remote 937
Local 626 Remote 856
Local 661 Remote 941
Local 759 Remote 877
Local 821 Remote 837
Local 637 Remote 841
Local 572 Remote 826
Local 995 Remote 822
Local 745 Remote 858
Local 814 Remote 831
Local 1376 Remote 1720
Local 2202 Remote 1551
Local 1527 Remote 1225
Local 1086 Remote 951
Local 1015 Remote 889
Local 956 Remote 946
Local 805 Remote 859
Local 911 Remote 1265
Local 666 Remote 959
Local 549 Remote 870
Local 718 Remote 1292
Local 685 Remote 1018
Local 627 Remote 882
Local 857 Remote 1081
Local 1365 Remote 2119
Local 1124 Remote 1258
Local 804 Remote 958
Local 728 Remote 948
Local 688 Remote 860
Local 767 Remote 843
Local 741 Remote 838
Local 822 Remote 880
Local 636 Remote 838
Local 596 Remote 841
Local 880 Remote 1046
Local 873 Remote 890
Local 856 Remote 2231
Local 1396 Remote 1544
Local 1033 Remote 1048
Local 1039 Remote 982
Local 905 Remote 870
Local 995 Remote 992
Local 938 Remote 1069
Local 721 Remote 898
Local 761 Remote 844
Local 651 Remote 826
Local 547 Remote 853
Local 511 Remote 829
Local 751 Remote 991
Local 666 Remote 874
Local 884 Remote 854
Local 1614 Remote 1645
Local 1267 Remote 1534
Local 813 Remote 1133
Local 724 Remote 918
Local 718 Remote 864
Local 769 Remote 847
Local 752 Remote 1829
Local 902 Remote 1289
Local 724 Remote 967
Local 574 Remote 881
Local 669 Remote 844
Local 653 Remote 834
Local 609 Remote 983
Local 848 Remote 996
Local 1192 Remote 1015
Local 929 Remote 1032
Local 790 Remote 1060
Local 897 Remote 1010
Local 957 Remote 1006
Local 750 Remote 878
Local 737 Remote 838
Local 704 Remote 824
Local 904 Remote 820
Local 647 Remote 889
Local 538 Remote 871
Local 798 Remote 852
Local 676 Remote 849
Local 854 Remote 1100
Local 1611 Remote 1597
Local 1229 Remote 1452
Local 808 Remote 1019
Local 774 Remote 990
Local 791 Remote 873
Local 777 Remote 953
Local 793 Remote 861
Local 888 Remote 1326
Local 704 Remote 1008
Local 585 Remote 878
Local 718 Remote 974
Local 595 Remote 868
Local 725 Remote 843
Local 1183 Remote 829
Local 1007 Remote 822
Local 954 Remote 862
Local 852 Remote 943
Local 992 Remote 1002
Local 992 Remote 1048
Local 847 Remote 892
Local 796 Remote 847
Local 790 Remote 828
Local 607 Remote 841
Local 530 Remote 839
Local 644 Remote 902
Local 609 Remote 844
Local 802 Remote 835
Local 1625 Remote 1927
Local 1260 Remote 1822
Local 772 Remote 1136
Local 928 Remote 952
Local 854 Remote 899
Local 809 Remote 844
Local 1311 Remote 850
Local 839 Remote 829
Local 729 Remote 973
Local 576 Remote 883
Local 927 Remote 977
Local 697 Remote 868
Local 852 Remote 873
Local 1150 Remote 1818
Local 879 Remote 1180
Local 831 Remote 985
Local 1077 Remote 914
Local 970 Remote 928
Local 759 Remote 853
Local 774 Remote 850
Local 802 Remote 1084
Local 580 Remote 1150
Local 541 Remote 970
Local 801 Remote 903
Local 688 Remote 845
Local 866 Remote 903
Local 1017 Remote 3762
Local 895 Remote 1996
Local 859 Remote 1254
Local 775 Remote 956
Local 729 Remote 947
Local 724 Remote 945
Local 792 Remote 1051
Local 860 Remote 1230
Local 691 Remote 1170
Local 573 Remote 955
Local 682 Remote 896
Local 679 Remote 1074
Local 604 Remote 899
Local 862 Remote 1942
Local 1877 Remote 1292
Local 1144 Remote 992
Local 855 Remote 949
Local 910 Remote 1044
Local 980 Remote 983
Local 749 Remote 943
Local 749 Remote 858
Local 685 Remote 831
Local 577 Remote 842
Local 535 Remote 841
Local 840 Remote 916
Local 864 Remote 909
Local 973 Remote 987
Local 1036 Remote 1168
Local 954 Remote 1162
Local 781 Remote 1101
Local 961 Remote 907
Local 793 Remote 955
Local 803 Remote 1569
Local 806 Remote 1056
Local 889 Remote 997
Local 688 Remote 875
Local 547 Remote 836
Local 951 Remote 847
Local 755 Remote 828
Local 863 Remote 977
Local 1622 Remote 1494
Local 979 Remote 1036
Local 987 Remote 1002
Local 884 Remote 935
Local 913 Remote 1010
Local 703 Remote 879
Local 771 Remote 871
Local 908 Remote 835
Local 639 Remote 824
Local 558 Remote 826
Local 718 Remote 822
Local 598 Remote 820
Local 649 Remote 820
Local 858 Remote 822
Local 1262 Remote 1918
Local 1018 Remote 1269
Local 690 Remote 961
Local 699 Remote 1033
Local 682 Remote 886
Local 667 Remote 858
Local 855 Remote 838
Local 901 Remote 1015
Local 612 Remote 880
Local 600 Remote 1276
Local 778 Remote 1241
Local 689 Remote 952
Local 841 Remote 873
Local 1200 Remote 841
Local 1352 Remote 1075
Local 1044 Remote 1122
Local 868 Remote 914
Local 914 Remote 855
Local 950 Remote 1048
Local 808 Remote 892
Local 887 Remote 842
Local 647 Remote 826
Local 525 Remote 825
Local 487 Remote 821
Local 471 Remote 820
Local 464 Remote 820
Local 461 Remote 820
