Local 771 Remote 820
Local 859 Remote 820
Local 902 Remote 820
Local 883 Remote 820
Local 874 Remote 820
Local 916 Remote 820
Local 882 Remote 820
Local 890 Remote 820
Local 897 Remote 820
Local 913 Remote 820
Local 884 Remote 820
Local 895 Remote 820
Local 888 Remote 820
Local 895 Remote 820
Local 887 Remote 820
Local 879 Remote 820
Local 902 Remote 820
Local 894 Remote 820
Local 883 Remote 820
Local 873 Remote 820
Local 894 Remote 820
Local 890 Remote 820
Local 894 Remote 820
Local 896 Remote 820
Local 884 Remote 820
Local 892 Remote 820
Local 892 Remote 820
Local 885 Remote 820
Local 865 Remote 820
Local 913 Remote 820
Local 907 Remote 820
Local 886 Remote 820
Local 901 Remote 820
Local 895 Remote 820
Local 905 Remote 820
Local 880 Remote 820
Local 885 Remote 820
Local 903 Remote 820
Local 906 Remote 820
Local 867 Remote 820
Local 912 Remote 820
Local 900 Remote 820
Local 882 Remote 820
Local 885 Remote 820
Local 860 Remote 820
Local 902 Remote 820
Local 878 Remote 820
Local 873 Remote 820
Local 873 Remote 820
Local 885 Remote 820
Local 885 Remote 820
Local 892 Remote 820
Local 890 Remote 820
Local 883 Remote 820
Local 889 Remote 820
Local 855 Remote 820
Local 889 Remote 820
Local 880 Remote 820
Local 880 Remote 820
Local 887 Remote 820
Local 908 Remote 820
Local 865 Remote 820
Local 909 Remote 820
Local 904 Remote 820
Local 905 Remote 820
Local 898 Remote 820
Local 902 Remote 820
Local 882 Remote 820
Local 896 Remote 820
Local 890 Remote 820
Local 890 Remote 820
Local 913 Remote 820
Local 896 Remote 820
Local 893 Remote 820
Local 895 Remote 820
Local 903 Remote 820
Local 908 Remote 820
Local 903 Remote 820
Local 899 Remote 820
Local 904 Remote 820
Local 868 Remote 820
Local 880 Remote 820
Local 915 Remote 820
Local 910 Remote 820
Local 923 Remote 820
Local 895 Remote 820
Local 878 Remote 820
Local 882 Remote 820
Local 870 Remote 820
Local 901 Remote 820
Local 883 Remote 820
Local 898 Remote 820
Local 888 Remote 820
Local 907 Remote 820
Local 876 Remote 820
Local 885 Remote 820
Local 903 Remote 820
Local 888 Remote 820
Local 882 Remote 820
Local 879 Remote 820
Local 898 Remote 820
Local 879 Remote 820
Local 881 Remote 820
Local 891 Remote 820
Local 911 Remote 820
Local 907 Remote 820
Local 892 Remote 820
Local 900 Remote 820
Local 880 Remote 820
Local 889 Remote 820
Local 904 Remote 820
Local 900 Remote 820
Local 889 Remote 820
Local 883 Remote 820
Local 880 Remote 820
Local 907 Remote 820
Local 876 Remote 820
Local 880 Remote 820
Local 897 Remote 820
Local 894 Remote 820
Local 899 Remote 820
Local 861 Remote 820
Local 899 Remote 820
Local 891 Remote 820
Local 881 Remote 820
Local 879 Remote 820
Local 886 Remote 820
Local 865 Remote 820
Local 903 Remote 820
Local 920 Remote 820
Local 902 Remote 820
Local 915 Remote 820
Local 885 Remote 820
Local 893 Remote 820
Local 881 Remote 820
Local 878 Remote 820
Local 883 Remote 820
Local 891 Remote 820
Local 871 Remote 820
Local 903 Remote 820
Local 883 Remote 820
Local 908 Remote 820
Local 898 Remote 820
Local 887 Remote 820
Local 863 Remote 820
Local 879 Remote 820
Local 863 Remote 820
Local 864 Remote 820
Local 901 Remote 820
Local 893 Remote 820
Local 905 Remote 820
Local 894 Remote 820
Local 881 Remote 820
Local 898 Remote 820
Local 860 Remote 820
Local 869 Remote 820
Local 887 Remote 820
Local 869 Remote 820
Local 891 Remote 820
Local 902 Remote 820
Local 891 Remote 820
Local 895 Remote 820
Local 927 Remote 820
Local 913 Remote 820
Local 903 Remote 820
Local 890 Remote 820
Local 887 Remote 820
Local 908 Remote 820
Local 873 Remote 820
Local 907 Remote 820
Local 907 Remote 820
Local 883 Remote 820
Local 909 Remote 820
Local 896 Remote 820
Local 885 Remote 820
Local 890 Remote 820
Local 892 Remote 820
Local 882 Remote 820
Local 876 Remote 820
Local 891 Remote 820
Local 898 Remote 820
Local 887 Remote 820
Local 893 Remote 820
Local 883 Remote 820
Local 902 Remote 820
Local 859 Remote 820
Local 887 Remote 820
Local 895 Remote 820
Local 898 Remote 820
Local 894 Remote 820
Local 871 Remote 820
Local 883 Remote 820
Local 912 Remote 820
Local 880 Remote 820
Local 896 Remote 820
Local 901 Remote 820
Local 880 Remote 820
Local 913 Remote 820
Local 919 Remote 820
Local 899 Remote 820
Local 889 Remote 820
Local 868 Remote 820
Local 889 Remote 820
Local 907 Remote 820
Local 879 Remote 820
Local 894 Remote 820
Local 915 Remote 820
Local 892 Remote 820
Local 896 Remote 820
Local 873 Remote 820
Local 896 Remote 820
Local 897 Remote 820
Local 873 Remote 820
Local 900 Remote 820
Local 879 Remote 820
Local 898 Remote 820
Local 890 Remote 820
Local 907 Remote 820
Local 861 Remote 820
Local 881 Remote 820
Local 888 Remote 820
Local 896 Remote 820
Local 875 Remote 820
Local 875 Remote 820
Local 904 Remote 820
Local 896 Remote 820
Local 896 Remote 820
Local 914 Remote 820
Local 921 Remote 820
Local 885 Remote 820
Local 874 Remote 820
Local 883 Remote 820
Local 907 Remote 820
Local 904 Remote 820
Local 892 Remote 820
Local 880 Remote 820
Local 894 Remote 820
Local 908 Remote 820
Local 898 Remote 820
Local 905 Remote 820
Local 884 Remote 820
Local 909 Remote 820
Local 917 Remote 820
Local 888 Remote 820
Local 871 Remote 820
Local 868 Remote 820
Local 863 Remote 820
Local 900 Remote 820
Local 898 Remote 820
Local 904 Remote 820
Local 894 Remote 820
Local 910 Remote 820
Local 889 Remote 820
Local 890 Remote 820
Local 847 Remote 820
Local 888 Remote 820
Local 883 Remote 820
Local 897 Remote 820
Local 905 Remote 820
Local 899 Remote 820
Local 882 Remote 820
Local 878 Remote 820
Local 877 Remote 820
Local 911 Remote 820
Local 920 Remote 820
Local 891 Remote 820
Local 912 Remote 820
Local 907 Remote 820
Local 884 Remote 820
Local 915 Remote 820
Local 876 Remote 820
Local 900 Remote 820
Local 909 Remote 820
Local 887 Remote 820
Local 877 Remote 820
Local 893 Remote 820
Local 874 Remote 820
Local 899 Remote 820
Local 889 Remote 820
Local 894 Remote 820
Local 888 Remote 820
Local 878 Remote 820
Local 888 Remote 820
Local 897 Remote 820
Local 873 Remote 820
Local 880 Remote 820
Local 903 Remote 820
Local 895 Remote 820
Local 877 Remote 820
Local 877 Remote 820
Local 900 Remote 820
Local 907 Remote 820
Local 905 Remote 820
Local 862 Remote 820
Local 901 Remote 820
Local 869 Remote 820
Local 889 Remote 820
Local 885 Remote 820
Local 893 Remote 820
Local 885 Remote 820
Local 869 Remote 820
Local 900 Remote 820
Local 889 Remote 820
Local 881 Remote 820
Local 885 Remote 820
Local 909 Remote 820
Local 886 Remote 820
Local 901 Remote 820
Local 876 Remote 820
Local 875 Remote 820
Local 886 Remote 820
Local 889 Remote 820
Local 893 Remote 820
Local 918 Remote 820
Local 865 Remote 820
Local 880 Remote 820
Local 873 Remote 820
Local 869 Remote 820
Local 894 Remote 820
Local 865 Remote 820
Local 885 Remote 820
Local 877 Remote 820
Local 873 Remote 820
Local 883 Remote 820
Local 915 Remote 820
Local 874 Remote 820
Local 879 Remote 820
Local 891 Remote 820
Local 894 Remote 820
Local 904 Remote 820
Local 890 Remote 820
Local 897 Remote 820
Local 886 Remote 820
Local 895 Remote 820
Local 898 Remote 820
Local 882 Remote 820
Local 896 Remote 820
Local 894 Remote 820
Local 900 Remote 820
Local 873 Remote 820
Local 877 Remote 820
Local 894 Remote 820
Local 878 Remote 820
Local 895 Remote 820
Local 907 Remote 820
Local 884 Remote 820
Local 899 Remote 820
Local 870 Remote 820
Local 901 Remote 820
Local 905 Remote 820
Local 891 Remote 820
Local 910 Remote 820
Local 882 Remote 820
Local 880 Remote 820
Local 891 Remote 820
Local 872 Remote 820
Local 879 Remote 820
Local 899 Remote 820
Local 892 Remote 820
Local 905 Remote 820
Local 899 Remote 820
Local 909 Remote 820
Local 893 Remote 820
Local 884 Remote 820
Local 900 Remote 820
Local 912 Remote 820
Local 881 Remote 820
Local 868 Remote 820
Local 890 Remote 820
Local 873 Remote 820
Local 874 Remote 820
Local 904 Remote 820
Local 914 Remote 820
Local 893 Remote 820
Local 888 Remote 820
Local 895 Remote 820
Local 917 Remote 820
Local 904 Remote 820
Local 901 Remote 820
Local 910 Remote 820
Local 876 Remote 820
Local 893 Remote 820
Local 902 Remote 820
Local 892 Remote 820
Local 876 Remote 820
Local 866 Remote 820
Local 885 Remote 820
Local 898 Remote 820
Local 888 Remote 820
Local 896 Remote 820
Local 893 Remote 820
Local 857 Remote 820
Local 904 Remote 820
Local 893 Remote 820
Local 877 Remote 820
Local 891 Remote 820
Local 861 Remote 820
Local 892 Remote 820
Local 915 Remote 820
Local 888 Remote 820
Local 902 Remote 820
Local 921 Remote 820
Local 878 Remote 820
Local 900 Remote 820
Local 883 Remote 820
Local 883 Remote 820
Local 905 Remote 820
Local 888 Remote 820
Local 872 Remote 820
Local 900 Remote 820
Local 880 Remote 820
Local 883 Remote 820
Local 887 Remote 820
Local 881 Remote 821
Local 880 Remote 820
Local 874 Remote 820
Local 873 Remote 820
Local 904 Remote 820
Local 875 Remote 820
Local 900 Remote 820
Local 890 Remote 820
Local 878 Remote 820
Local 901 Remote 820
Local 897 Remote 820
Local 914 Remote 820
Local 899 Remote 820
Local 887 Remote 820
Local 895 Remote 820
Local 926 Remote 820
Local 875 Remote 820
Local 893 Remote 820
Local 898 Remote 820
Local 894 Remote 820
Local 883 Remote 820
Local 880 Remote 820
Local 906 Remote 820
Local 895 Remote 820
Local 883 Remote 820
Local 911 Remote 820
Local 893 Remote 820
Local 896 Remote 820
Local 884 Remote 820
Local 899 Remote 820
Local 887 Remote 820
Local 924 Remote 820
Local 912 Remote 820
Local 906 Remote 820
Local 905 Remote 820
Local 884 Remote 820
Local 888 Remote 820
Local 913 Remote 820
Local 892 Remote 820
Local 916 Remote 820
Local 913 Remote 820
Local 883 Remote 820
Local 886 Remote 820
Local 917 Remote 820
Local 887 Remote 820
Local 874 Remote 820
Local 894 Remote 820
Local 898 Remote 820
Local 920 Remote 820
Local 877 Remote 820
Local 890 Remote 820
Local 882 Remote 820
Local 879 Remote 820
Local 857 Remote 820
Local 890 Remote 820
Local 876 Remote 820
Local 897 Remote 820
Local 902 Remote 820
Local 906 Remote 820
Local 914 Remote 820
Local 901 Remote 820
Local 903 Remote 820
Local 894 Remote 820
Local 895 Remote 820
Local 894 Remote 820
Local 897 Remote 820
Local 908 Remote 820
Local 895 Remote 820
Local 897 Remote 820
Local 860 Remote 820
Local 868 Remote 820
Local 884 Remote 820
Local 899 Remote 820
Local 896 Remote 820
Local 874 Remote 820
Local 889 Remote 820
Local 887 Remote 820
Local 884 Remote 820
Local 895 Remote 820
Local 888 Remote 820
Local 895 Remote 820
Local 881 Remote 820
Local 872 Remote 820
Local 885 Remote 820
Local 886 Remote 820
Local 891 Remote 820
Local 904 Remote 820
Local 885 Remote 820
Local 896 Remote 820
Local 890 Remote 820
Local 884 Remote 820
Local 886 Remote 820
Local 901 Remote 820
Local 900 Remote 820
Local 892 Remote 820
Local 897 Remote 820
Local 887 Remote 820
Local 875 Remote 820
Local 888 Remote 820
Local 891 Remote 820
Local 901 Remote 820
Local 885 Remote 820
Local 910 Remote 820
Local 904 Remote 820
Local 884 Remote 820
Local 881 Remote 820
Local 914 Remote 820
Local 900 Remote 820
Local 869 Remote 820
Local 887 Remote 820
Local 915 Remote 820
Local 877 Remote 820
Local 891 Remote 820
Local 883 Remote 820
Local 896 Remote 820
Local 903 Remote 820
Local 883 Remote 820
Local 882 Remote 820
Local 884 Remote 820
Local 848 Remote 820
Local 866 Remote 820
Local 909 Remote 820
Local 879 Remote 820
Local 892 Remote 820
Local 891 Remote 820
Local 900 Remote 820
Local 896 Remote 820
Local 889 Remote 820
Local 893 Remote 820
Local 899 Remote 820
Local 881 Remote 820
Local 898 Remote 820
Local 894 Remote 820
Local 872 Remote 820
Local 885 Remote 820
Local 882 Remote 820
Local 902 Remote 820
Local 900 Remote 820
Local 883 Remote 820
Local 882 Remote 820
Local 895 Remote 820
Local 864 Remote 820
Local 895 Remote 820
Local 883 Remote 820
Local 887 Remote 820
Local 875 Remote 820
Local 890 Remote 820
Local 888 Remote 820
Local 889 Remote 820
Local 871 Remote 820
Local 873 Remote 820
Local 892 Remote 820
Local 876 Remote 820
Local 890 Remote 820
Local 905 Remote 820
Local 895 Remote 820
Local 889 Remote 820
Local 852 Remote 820
Local 879 Remote 820
Local 885 Remote 820
Local 874 Remote 820
Local 881 Remote 820
Local 886 Remote 820
Local 881 Remote 820
Local 885 Remote 820
Local 879 Remote 820
Local 882 Remote 820
Local 885 Remote 820
Local 873 Remote 820
Local 894 Remote 820
Local 889 Remote 820
Local 905 Remote 820
Local 914 Remote 820
Local 897 Remote 820
Local 905 Remote 820
Local 890 Remote 820
Local 880 Remote 820
Local 887 Remote 820
Local 913 Remote 820
Local 923 Remote 820
Local 885 Remote 820
Local 893 Remote 820
Local 912 Remote 820
Local 890 Remote 820
Local 875 Remote 820
Local 875 Remote 820
Local 888 Remote 820
Local 883 Remote 820
Local 893 Remote 820
Local 896 Remote 820
Local 891 Remote 820
Local 898 Remote 820
Local 910 Remote 820
Local 871 Remote 820
Local 878 Remote 820
Local 904 Remote 820
Local 872 Remote 820
Local 895 Remote 820
Local 880 Remote 820
Local 887 Remote 820
Local 898 Remote 820
Local 891 Remote 820
Local 889 Remote 820
Local 876 Remote 820
Local 904 Remote 820
Local 899 Remote 820
Local 887 Remote 820
Local 904 Remote 820
Local 901 Remote 820
Local 879 Remote 820
Local 893 Remote 820
Local 882 Remote 820
Local 902 Remote 820
Local 910 Remote 820
Local 898 Remote 820
Local 890 Remote 820
Local 897 Remote 820
Local 910 Remote 820
Local 893 Remote 820
Local 877 Remote 820
Local 882 Remote 820
Local 909 Remote 820
Local 886 Remote 820
Local 908 Remote 820
Local 874 Remote 820
Local 894 Remote 820
Local 916 Remote 820
Local 869 Remote 820
Local 888 Remote 820
Local 895 Remote 820
Local 876 Remote 820
Local 881 Remote 820
Local 891 Remote 820
Local 909 Remote 820
Local 871 Remote 820
Local 900 Remote 820
Local 898 Remote 820
Local 877 Remote 820
Local 888 Remote 820
Local 895 Remote 820
Local 887 Remote 820
Local 889 Remote 820
Local 904 Remote 820
Local 901 Remote 820
Local 876 Remote 820
Local 872 Remote 820
Local 887 Remote 820
Local 893 Remote 820
Local 897 Remote 820
Local 882 Remote 820
Local 873 Remote 820
Local 907 Remote 820
Local 888 Remote 820
Local 894 Remote 820
Local 913 Remote 820
Local 865 Remote 820
Local 864 Remote 820
Local 895 Remote 820
Local 872 Remote 820
Local 901 Remote 820
Local 887 Remote 820
Local 886 Remote 820
Local 906 Remote 820
Local 887 Remote 820
Local 880 Remote 820
Local 869 Remote 820
Local 900 Remote 820
Local 889 Remote 820
Local 887 Remote 820
Local 887 Remote 820
Local 865 Remote 820
Local 875 Remote 820
Local 883 Remote 820
Local 875 Remote 820
Local 876 Remote 820
Local 880 Remote 820
Local 877 Remote 820
Local 893 Remote 820
Local 885 Remote 820
Local 876 Remote 820
Local 912 Remote 820
Local 879 Remote 820
Local 879 Remote 820
Local 867 Remote 820
Local 901 Remote 820
Local 901 Remote 820
Local 881 Remote 820
Local 885 Remote 820
Local 889 Remote 820
Local 885 Remote 820
Local 886 Remote 820
Local 879 Remote 820
Local 870 Remote 820
Local 882 Remote 820
Local 896 Remote 820
Local 883 Remote 820
Local 903 Remote 820
Local 901 Remote 820
Local 920 Remote 820
Local 884 Remote 820
Local 880 Remote 820
Local 874 Remote 820
Local 889 Remote 820
Local 878 Remote 820
Local 859 Remote 820
Local 895 Remote 820
Local 879 Remote 820
Local 909 Remote 820
Local 876 Remote 820
Local 865 Remote 820
Local 881 Remote 820
Local 890 Remote 820
Local 864 Remote 820
Local 886 Remote 820
Local 883 Remote 820
Local 907 Remote 820
Local 891 Remote 820
Local 896 Remote 820
Local 924 Remote 820
Local 891 Remote 820
Local 876 Remote 820
Local 910 Remote 820
Local 900 Remote 820
Local 883 Remote 820
Local 890 Remote 820
Local 884 Remote 820
Local 884 Remote 820
Local 869 Remote 820
Local 881 Remote 820
Local 898 Remote 820
Local 901 Remote 820
Local 898 Remote 820
Local 873 Remote 820
Local 890 Remote 820
Local 893 Remote 820
Local 865 Remote 820
Local 894 Remote 820
Local 886 Remote 820
Local 902 Remote 820
Local 872 Remote 820
Local 878 Remote 820
Local 896 Remote 820
Local 892 Remote 820
Local 895 Remote 820
Local 887 Remote 820
Local 875 Remote 820
Local 892 Remote 820
Local 886 Remote 820
Local 882 Remote 820
Local 899 Remote 820
Local 894 Remote 820
Local 898 Remote 820
Local 901 Remote 820
Local 857 Remote 820
Local 888 Remote 820
Local 901 Remote 820
Local 886 Remote 820
Local 873 Remote 820
Local 885 Remote 820
Local 897 Remote 820
Local 915 Remote 820
Local 896 Remote 820
Local 909 Remote 820
Local 876 Remote 820
Local 889 Remote 820
Local 891 Remote 820
Local 890 Remote 820
Local 910 Remote 820
Local 910 Remote 820
Local 889 Remote 820
Local 894 Remote 820
Local 883 Remote 820
Local 867 Remote 820
Local 880 Remote 820
Local 890 Remote 820
Local 886 Remote 820
Local 888 Remote 820
Local 889 Remote 820
Local 885 Remote 820
Local 876 Remote 820
Local 902 Remote 820
Local 872 Remote 820
Local 885 Remote 820
Local 907 Remote 820
Local 870 Remote 820
Local 884 Remote 820
Local 872 Remote 820
Local 897 Remote 820
Local 893 Remote 820
Local 883 Remote 820
Local 886 Remote 820
Local 874 Remote 820
Local 878 Remote 820
Local 878 Remote 820
Local 889 Remote 820
Local 883 Remote 820
Local 895 Remote 820
Local 891 Remote 820
Local 893 Remote 820
Local 888 Remote 820
Local 882 Remote 820
Local 908 Remote 820
Local 886 Remote 820
Local 878 Remote 820
Local 869 Remote 820
Local 886 Remote 820
Local 909 Remote 820
Local 875 Remote 820
Local 881 Remote 820
Local 875 Remote 820
Local 903 Remote 820
Local 896 Remote 820
Local 886 Remote 820
Local 890 Remote 820
Local 887 Remote 820
Local 882 Remote 820
Local 887 Remote 820
Local 883 Remote 820
Local 874 Remote 820
Local 902 Remote 820
Local 886 Remote 820
Local 892 Remote 820
Local 901 Remote 820
Local 893 Remote 820
Local 896 Remote 820
Local 864 Remote 820
Local 879 Remote 820
Local 895 Remote 820
Local 910 Remote 820
Local 905 Remote 820
Local 894 Remote 820
Local 920 Remote 820
Local 888 Remote 820
Local 876 Remote 820
Local 891 Remote 820
Local 877 Remote 820
Local 907 Remote 820
Local 902 Remote 820
Local 878 Remote 820
Local 895 Remote 820
Local 856 Remote 820
Local 906 Remote 820
Local 910 Remote 820
Local 877 Remote 820
Local 865 Remote 820
Local 902 Remote 820
Local 890 Remote 820
Local 884 Remote 820
Local 885 Remote 820
Local 892 Remote 820
Local 900 Remote 820
Local 894 Remote 820
Local 882 Remote 820
Local 863 Remote 820
Local 863 Remote 820
Local 883 Remote 820
Local 873 Remote 820
Local 896 Remote 820
Local 882 Remote 820
Local 908 Remote 820
Local 895 Remote 820
Local 857 Remote 820
Local 875 Remote 820
Local 876 Remote 820
Local 883 Remote 820
Local 887 Remote 820
Local 888 Remote 820
Local 892 Remote 820
Local 889 Remote 820
Local 894 Remote 820
Local 889 Remote 820
Local 885 Remote 820
Local 886 Remote 820
Local 893 Remote 820
Local 876 Remote 820
Local 888 Remote 820
Local 880 Remote 820
Local 896 Remote 820
Local 911 Remote 820
Local 890 Remote 820
Local 894 Remote 820
Local 895 Remote 820
Local 887 Remote 820
Local 863 Remote 820
Local 879 Remote 820
Local 906 Remote 820
Local 893 Remote 820
Local 879 Remote 820
Local 887 Remote 820
Local 882 Remote 820
Local 903 Remote 820
Local 902 Remote 820
Local 879 Remote 820
Local 907 Remote 820
Local 894 Remote 820
Local 884 Remote 820
Local 886 Remote 820
Local 853 Remote 820
Local 881 Remote 820
Local 873 Remote 820
Local 889 Remote 820
Local 908 Remote 820
Local 893 Remote 820
Local 898 Remote 820
Local 895 Remote 820
Local 891 Remote 820
Local 897 Remote 820
Local 892 Remote 820
Local 898 Remote 820
Local 884 Remote 820
Local 871 Remote 820
Local 907 Remote 820
Local 874 Remote 820
Local 870 Remote 820
Local 875 Remote 820
Local 886 Remote 820
Local 902 Remote 820
Local 862 Remote 820
Local 871 Remote 820
Local 897 Remote 820
Local 876 Remote 820
Local 913 Remote 820
Local 891 Remote 820
Local 876 Remote 820
Local 892 Remote 820
Local 877 Remote 820
Local 900 Remote 820
Local 900 Remote 820
Local 901 Remote 820
Local 898 Remote 820
Local 882 Remote 820
Local 875 Remote 820
Local 882 Remote 820
Local 888 Remote 820
Local 899 Remote 820
Local 879 Remote 820
Local 888 Remote 820
Local 898 Remote 820
Local 887 Remote 820
Local 878 Remote 820
Local 891 Remote 820
Local 895 Remote 820
Local 894 Remote 820
Local 888 Remote 820
Local 897 Remote 820
Local 913 Remote 820
Local 886 Remote 820
Local 901 Remote 820
Local 878 Remote 820
Local 882 Remote 820
Local 919 Remote 820
Local 875 Remote 820
Local 879 Remote 820
Local 893 Remote 820
Local 878 Remote 820
Local 901 Remote 820
Local 882 Remote 820
Local 919 Remote 820
Local 889 Remote 820
Local 897 Remote 820
Local 894 Remote 820
Local 888 Remote 820
Local 900 Remote 820
Local 878 Remote 820
Local 895 Remote 820
Local 878 Remote 820
Local 878 Remote 820
Local 867 Remote 820
Local 896 Remote 820
Local 879 Remote 820
Local 891 Remote 820
Local 876 Remote 820
Local 887 Remote 820
Local 908 Remote 820
Local 880 Remote 820
Local 902 Remote 820
Local 883 Remote 820
Local 883 Remote 820
Local 904 Remote 820
Local 891 Remote 820
Local 896 Remote 820
Local 893 Remote 820
Local 896 Remote 820
Local 895 Remote 820
Local 856 Remote 820
Local 866 Remote 820
Local 891 Remote 820
Local 899 Remote 820
Local 899 Remote 820
Local 857 Remote 820
Local 862 Remote 820
Local 892 Remote 820
Local 882 Remote 820
Local 891 Remote 820
Local 874 Remote 820
Local 890 Remote 820
Local 869 Remote 820
Local 889 Remote 820
Local 901 Remote 820
Local 881 Remote 820
Local 899 Remote 820
Local 906 Remote 820
Local 888 Remote 820
Local 903 Remote 820
Local 888 Remote 820
Local 910 Remote 820
Local 878 Remote 820
Local 906 Remote 820
Local 898 Remote 820
Local 892 Remote 820
Local 889 Remote 820
Local 898 Remote 820
Local 871 Remote 820
Local 873 Remote 820
Local 910 Remote 820
Local 880 Remote 820
Local 906 Remote 820
Local 877 Remote 820
Local 889 Remote 820
Local 910 Remote 820
Local 865 Remote 820
Local 904 Remote 820
Local 910 Remote 820
Local 880 Remote 820
Local 893 Remote 820
Local 881 Remote 820
Local 887 Remote 820
Local 881 Remote 820
Local 884 Remote 820
Local 887 Remote 820
Local 888 Remote 820
Local 890 Remote 820
Local 881 Remote 820
Local 872 Remote 820
Local 897 Remote 820
Local 879 Remote 820
Local 886 Remote 820
Local 888 Remote 820
Local 889 Remote 820
Local 889 Remote 820
Local 894 Remote 820
Local 886 Remote 820
Local 895 Remote 820
Local 881 Remote 820
Local 879 Remote 820
Local 918 Remote 820
Local 897 Remote 820
Local 904 Remote 820
Local 880 Remote 820
Local 866 Remote 820
Local 907 Remote 820
Local 872 Remote 820
Local 862 Remote 820
Local 875 Remote 820
Local 894 Remote 820
Local 881 Remote 820
Local 891 Remote 820
Local 895 Remote 820
Local 905 Remote 820
Local 884 Remote 820
Local 880 Remote 820
Local 890 Remote 820
Local 880 Remote 820
Local 890 Remote 820
Local 903 Remote 820
Local 906 Remote 820
Local 891 Remote 820
Local 886 Remote 820
Local 899 Remote 820
Local 904 Remote 820
Local 878 Remote 820
Local 889 Remote 820
Local 911 Remote 820
Local 910 Remote 820
Local 884 Remote 820
Local 868 Remote 820
Local 885 Remote 820
Local 897 Remote 820
Local 904 Remote 820
Local 905 Remote 820
Local 885 Remote 820
Local 894 Remote 820
Local 890 Remote 820
Local 883 Remote 820
Local 902 Remote 820
Local 895 Remote 820
Local 875 Remote 820
Local 893 Remote 820
Local 901 Remote 820
Local 881 Remote 820
Local 888 Remote 820
Local 885 Remote 820
Local 884 Remote 826
Local 868 Remote 820
Local 877 Remote 820
Local 895 Remote 820
Local 904 Remote 820
Local 872 Remote 820
Local 890 Remote 820
Local 858 Remote 820
Local 877 Remote 820
Local 894 Remote 820
Local 883 Remote 820
Local 910 Remote 820
Local 878 Remote 820
Local 904 Remote 820
Local 913 Remote 820
Local 904 Remote 820
Local 895 Remote 820
Local 884 Remote 820
Local 884 Remote 820
Local 885 Remote 820
Local 876 Remote 820
Local 900 Remote 820
Local 892 Remote 820
Local 897 Remote 820
Local 902 Remote 820
Local 900 Remote 820
Local 890 Remote 820
Local 883 Remote 820
Local 866 Remote 820
Local 874 Remote 820
Local 864 Remote 820
Local 888 Remote 820
Local 868 Remote 820
Local 868 Remote 820
Local 882 Remote 820
Local 883 Remote 820
Local 885 Remote 820
Local 898 Remote 820
Local 880 Remote 820
Local 883 Remote 820
Local 885 Remote 820
Local 894 Remote 820
Local 906 Remote 820
Local 896 Remote 820
Local 883 Remote 820
Local 888 Remote 820
Local 868 Remote 820
Local 895 Remote 820
Local 877 Remote 820
Local 881 Remote 820
Local 906 Remote 820
Local 874 Remote 820
Local 884 Remote 820
Local 891 Remote 820
Local 886 Remote 820
Local 889 Remote 820
Local 890 Remote 820
Local 900 Remote 820
Local 874 Remote 820
Local 906 Remote 820
Local 908 Remote 820
Local 898 Remote 820
Local 888 Remote 820
Local 916 Remote 820
Local 884 Remote 820
Local 889 Remote 820
Local 882 Remote 820
Local 895 Remote 820
Local 896 Remote 820
Local 890 Remote 820
Local 909 Remote 820
Local 880 Remote 820
Local 883 Remote 820
Local 886 Remote 820
Local 879 Remote 820
Local 879 Remote 820
Local 902 Remote 820
Local 916 Remote 820
Local 925 Remote 820
Local 888 Remote 820
Local 885 Remote 820
Local 892 Remote 820
Local 877 Remote 820
Local 879 Remote 820
Local 852 Remote 820
Local 895 Remote 820
Local 883 Remote 820
Local 899 Remote 820
Local 883 Remote 820
Local 880 Remote 820
Local 882 Remote 820
Local 887 Remote 820
Local 857 Remote 820
Local 900 Remote 820
Local 919 Remote 820
Local 883 Remote 820
Local 902 Remote 820
Local 896 Remote 820
Local 910 Remote 820
Local 893 Remote 820
Local 695 Remote 820
Local 595 Remote 872
Local 550 Remote 841
Local 529 Remote 828
Local 492 Remote 823
Local 473 Remote 820
Local 464 Remote 820
Local 461 Remote 820
Local 460 Remote 820
Local 460 Remote 820
Local 487 Remote 820
Local 471 Remote 820
Local 464 Remote 820
Local 461 Remote 820
Local 464 Remote 820
Local 461 Remote 820
Local 460 Remote 820
Local 508 Remote 820
Local 490 Remote 820
Local 472 Remote 820
Local 488 Remote 820
Local 481 Remote 820
Local 497 Remote 820
Local 486 Remote 820
Local 486 Remote 820
Local 487 Remote 820
Local 471 Remote 820
Local 476 Remote 820
Local 466 Remote 820
Local 462 Remote 820
Local 460 Remote 820
Local 460 Remote 820
Local 470 Remote 820
Local 463 Remote 820
Local 460 Remote 820
Local 460 Remote 820
Local 460 Remote 820
