Local 941 Remote 820
Local 984 Remote 820
Local 962 Remote 820
Local 981 Remote 820
Local 999 Remote 820
Local 962 Remote 820
Local 986 Remote 820
Local 1025 Remote 820
Local 953 Remote 820
Local 982 Remote 820
Local 978 Remote 820
Local 955 Remote 820
Local 979 Remote 820
Local 977 Remote 820
Local 965 Remote 820
Local 963 Remote 820
Local 979 Remote 820
Local 972 Remote 820
Local 1008 Remote 820
Local 972 Remote 820
Local 984 Remote 820
Local 961 Remote 820
Local 978 Remote 820
Local 1004 Remote 820
Local 951 Remote 820
Local 972 Remote 820
Local 1002 Remote 820
Local 972 Remote 820
Local 940 Remote 820
Local 990 Remote 820
Local 957 Remote 820
Local 965 Remote 820
Local 976 Remote 820
Local 991 Remote 820
Local 971 Remote 820
Local 967 Remote 820
Local 958 Remote 820
Local 954 Remote 820
Local 975 Remote 820
Local 960 Remote 820
Local 997 Remote 820
Local 961 Remote 820
Local 975 Remote 820
Local 985 Remote 820
Local 977 Remote 820
Local 976 Remote 820
Local 949 Remote 820
Local 996 Remote 820
Local 994 Remote 820
Local 969 Remote 820
Local 976 Remote 820
Local 987 Remote 820
Local 957 Remote 820
Local 967 Remote 820
Local 982 Remote 820
Local 954 Remote 820
Local 988 Remote 820
Local 971 Remote 820
Local 987 Remote 820
Local 976 Remote 820
Local 982 Remote 820
Local 1007 Remote 820
Local 981 Remote 820
Local 954 Remote 820
Local 969 Remote 820
Local 977 Remote 820
Local 998 Remote 820
Local 968 Remote 820
Local 973 Remote 820
Local 989 Remote 820
Local 981 Remote 820
Local 978 Remote 820
Local 951 Remote 820
Local 967 Remote 820
Local 972 Remote 820
Local 1017 Remote 820
Local 987 Remote 820
Local 969 Remote 820
Local 1004 Remote 820
Local 998 Remote 820
Local 962 Remote 820
Local 946 Remote 820
Local 988 Remote 820
Local 977 Remote 820
Local 954 Remote 820
Local 982 Remote 820
Local 986 Remote 820
Local 979 Remote 820
Local 985 Remote 820
Local 985 Remote 820
Local 978 Remote 820
Local 964 Remote 820
Local 966 Remote 820
Local 961 Remote 820
Local 983 Remote 820
Local 990 Remote 820
Local 967 Remote 820
Local 980 Remote 820
Local 987 Remote 820
Local 975 Remote 820
Local 986 Remote 820
Local 985 Remote 820
Local 979 Remote 820
Local 1011 Remote 820
Local 962 Remote 820
Local 971 Remote 820
Local 975 Remote 820
Local 968 Remote 820
Local 957 Remote 820
Local 983 Remote 820
Local 996 Remote 820
Local 994 Remote 820
Local 958 Remote 820
Local 963 Remote 820
Local 937 Remote 820
Local 959 Remote 820
Local 954 Remote 820
Local 933 Remote 820
Local 947 Remote 820
Local 980 Remote 820
Local 962 Remote 820
Local 956 Remote 820
Local 996 Remote 820
Local 948 Remote 820
Local 951 Remote 820
Local 985 Remote 820
Local 1004 Remote 820
Local 963 Remote 820
Local 983 Remote 820
Local 971 Remote 820
Local 945 Remote 820
Local 948 Remote 820
Local 969 Remote 820
Local 987 Remote 820
Local 980 Remote 820
Local 983 Remote 820
Local 985 Remote 820
Local 1004 Remote 820
Local 975 Remote 820
Local 945 Remote 820
Local 921 Remote 820
Local 959 Remote 820
Local 989 Remote 820
Local 953 Remote 820
Local 955 Remote 820
Local 1000 Remote 820
Local 954 Remote 820
Local 968 Remote 820
Local 1006 Remote 820
Local 975 Remote 820
Local 973 Remote 820
Local 959 Remote 820
Local 976 Remote 820
Local 962 Remote 820
Local 979 Remote 820
Local 960 Remote 820
Local 974 Remote 820
Local 979 Remote 820
Local 975 Remote 820
Local 985 Remote 820
Local 989 Remote 820
Local 966 Remote 820
Local 953 Remote 820
Local 978 Remote 820
Local 941 Remote 820
Local 973 Remote 820
Local 973 Remote 820
Local 961 Remote 820
Local 970 Remote 820
Local 936 Remote 820
Local 989 Remote 820
Local 975 Remote 820
Local 974 Remote 820
Local 994 Remote 820
Local 957 Remote 820
Local 978 Remote 820
Local 983 Remote 820
Local 987 Remote 820
Local 966 Remote 820
Local 969 Remote 820
Local 999 Remote 820
Local 961 Remote 820
Local 969 Remote 820
Local 982 Remote 820
Local 982 Remote 820
Local 988 Remote 820
Local 975 Remote 820
Local 986 Remote 820
Local 963 Remote 820
Local 1006 Remote 820
Local 987 Remote 820
Local 965 Remote 820
Local 950 Remote 820
Local 949 Remote 820
Local 939 Remote 820
Local 991 Remote 820
Local 952 Remote 820
Local 954 Remote 820
Local 991 Remote 820
Local 954 Remote 820
Local 959 Remote 820
Local 1000 Remote 820
Local 985 Remote 820
Local 968 Remote 820
Local 953 Remote 820
Local 989 Remote 820
Local 1009 Remote 820
Local 954 Remote 820
Local 944 Remote 820
Local 992 Remote 820
Local 982 Remote 820
Local 971 Remote 820
Local 951 Remote 820
Local 964 Remote 820
Local 990 Remote 820
Local 976 Remote 820
Local 988 Remote 820
Local 1000 Remote 820
Local 996 Remote 820
Local 959 Remote 820
Local 1003 Remote 820
Local 980 Remote 820
Local 957 Remote 820
Local 996 Remote 820
Local 976 Remote 820
Local 992 Remote 820
Local 943 Remote 820
Local 970 Remote 820
Local 968 Remote 820
Local 982 Remote 820
Local 969 Remote 820
Local 962 Remote 820
Local 949 Remote 820
Local 963 Remote 820
Local 988 Remote 820
Local 974 Remote 820
Local 988 Remote 820
Local 994 Remote 820
Local 970 Remote 820
Local 990 Remote 820
Local 985 Remote 820
Local 950 Remote 820
Local 987 Remote 820
Local 986 Remote 820
Local 956 Remote 820
Local 941 Remote 820
Local 976 Remote 820
Local 945 Remote 820
Local 988 Remote 820
Local 968 Remote 820
Local 953 Remote 820
Local 997 Remote 820
Local 960 Remote 820
Local 989 Remote 820
Local 1013 Remote 820
Local 970 Remote 820
Local 964 Remote 820
Local 962 Remote 820
Local 965 Remote 820
Local 970 Remote 820
Local 961 Remote 820
Local 990 Remote 820
Local 965 Remote 820
Local 961 Remote 820
Local 978 Remote 820
Local 967 Remote 820
Local 970 Remote 820
Local 993 Remote 820
Local 974 Remote 820
Local 932 Remote 820
Local 993 Remote 820
Local 974 Remote 820
Local 953 Remote 820
Local 970 Remote 820
Local 963 Remote 820
Local 995 Remote 820
Local 979 Remote 820
Local 971 Remote 820
Local 989 Remote 820
Local 950 Remote 820
Local 958 Remote 820
Local 975 Remote 820
Local 958 Remote 820
Local 975 Remote 820
Local 981 Remote 820
Local 990 Remote 820
Local 949 Remote 820
Local 990 Remote 820
Local 973 Remote 820
Local 951 Remote 820
Local 955 Remote 820
Local 959 Remote 820
Local 956 Remote 820
Local 951 Remote 820
Local 975 Remote 820
Local 964 Remote 820
Local 961 Remote 820
Local 986 Remote 820
Local 983 Remote 820
Local 959 Remote 820
Local 966 Remote 820
Local 966 Remote 820
Local 969 Remote 820
Local 1005 Remote 820
Local 1009 Remote 820
Local 966 Remote 820
Local 970 Remote 820
Local 953 Remote 820
Local 992 Remote 820
Local 953 Remote 820
Local 975 Remote 820
Local 987 Remote 820
Local 974 Remote 820
Local 980 Remote 820
Local 949 Remote 820
Local 972 Remote 820
Local 967 Remote 820
Local 975 Remote 820
Local 959 Remote 820
Local 1001 Remote 820
Local 989 Remote 820
Local 952 Remote 820
Local 987 Remote 820
Local 953 Remote 820
Local 988 Remote 820
Local 974 Remote 820
Local 996 Remote 820
Local 977 Remote 820
Local 955 Remote 820
Local 1010 Remote 820
Local 958 Remote 820
Local 975 Remote 820
Local 1004 Remote 820
Local 991 Remote 820
Local 948 Remote 820
Local 986 Remote 820
Local 951 Remote 820
Local 960 Remote 820
Local 983 Remote 820
Local 958 Remote 820
Local 935 Remote 820
Local 963 Remote 820
Local 990 Remote 820
Local 982 Remote 820
Local 952 Remote 820
Local 972 Remote 820
Local 980 Remote 820
Local 938 Remote 820
Local 983 Remote 820
Local 974 Remote 820
Local 972 Remote 820
Local 925 Remote 820
Local 969 Remote 820
Local 949 Remote 820
Local 1003 Remote 820
Local 957 Remote 820
Local 942 Remote 820
Local 953 Remote 820
Local 952 Remote 820
Local 962 Remote 820
Local 991 Remote 820
Local 967 Remote 820
Local 987 Remote 820
Local 982 Remote 820
Local 990 Remote 820
Local 985 Remote 820
Local 953 Remote 820
Local 998 Remote 820
Local 991 Remote 820
Local 988 Remote 820
Local 994 Remote 820
Local 978 Remote 820
Local 986 Remote 820
Local 971 Remote 820
Local 973 Remote 820
Local 948 Remote 820
Local 990 Remote 820
Local 1003 Remote 820
Local 958 Remote 820
Local 967 Remote 820
Local 992 Remote 820
Local 992 Remote 820
Local 939 Remote 820
Local 970 Remote 820
Local 960 Remote 820
Local 950 Remote 820
Local 943 Remote 820
Local 971 Remote 820
Local 965 Remote 820
Local 957 Remote 820
Local 977 Remote 820
Local 976 Remote 820
Local 996 Remote 820
Local 940 Remote 820
Local 953 Remote 820
Local 997 Remote 820
Local 962 Remote 820
Local 947 Remote 820
Local 924 Remote 820
Local 972 Remote 820
Local 963 Remote 820
Local 990 Remote 820
Local 976 Remote 820
Local 970 Remote 820
Local 966 Remote 820
Local 959 Remote 820
Local 973 Remote 820
Local 971 Remote 820
Local 965 Remote 820
Local 984 Remote 820
Local 949 Remote 820
Local 976 Remote 820
Local 966 Remote 820
Local 961 Remote 820
Local 1002 Remote 820
Local 964 Remote 820
Local 994 Remote 820
Local 1001 Remote 820
Local 988 Remote 820
Local 986 Remote 820
Local 967 Remote 820
Local 967 Remote 820
Local 949 Remote 820
Local 956 Remote 820
Local 993 Remote 820
Local 955 Remote 820
Local 945 Remote 820
Local 965 Remote 820
Local 954 Remote 820
Local 949 Remote 820
Local 974 Remote 820
Local 948 Remote 820
Local 981 Remote 820
Local 980 Remote 820
Local 949 Remote 820
Local 1006 Remote 820
Local 966 Remote 820
Local 967 Remote 820
Local 985 Remote 820
Local 961 Remote 820
Local 962 Remote 820
Local 972 Remote 820
Local 965 Remote 820
Local 983 Remote 820
Local 962 Remote 820
Local 956 Remote 820
Local 983 Remote 820
Local 934 Remote 820
Local 949 Remote 820
Local 965 Remote 820
Local 932 Remote 820
Local 978 Remote 820
Local 958 Remote 820
Local 982 Remote 820
Local 985 Remote 820
Local 967 Remote 820
Local 973 Remote 820
Local 1008 Remote 820
Local 980 Remote 820
Local 963 Remote 820
Local 962 Remote 820
Local 980 Remote 820
Local 944 Remote 820
Local 929 Remote 820
Local 974 Remote 820
Local 980 Remote 820
Local 967 Remote 820
Local 982 Remote 820
Local 973 Remote 820
Local 966 Remote 820
Local 998 Remote 820
Local 985 Remote 820
Local 961 Remote 820
Local 969 Remote 820
Local 978 Remote 820
Local 957 Remote 820
Local 975 Remote 820
Local 980 Remote 820
Local 975 Remote 820
Local 969 Remote 820
Local 973 Remote 820
Local 1011 Remote 820
Local 967 Remote 820
Local 957 Remote 820
Local 968 Remote 820
Local 987 Remote 820
Local 987 Remote 820
Local 993 Remote 820
Local 975 Remote 820
Local 993 Remote 820
Local 952 Remote 820
Local 944 Remote 820
Local 1006 Remote 820
Local 977 Remote 820
Local 938 Remote 820
Local 969 Remote 820
Local 990 Remote 820
Local 976 Remote 820
Local 999 Remote 820
Local 968 Remote 820
Local 982 Remote 820
Local 973 Remote 820
Local 967 Remote 820
Local 966 Remote 820
Local 966 Remote 820
Local 982 Remote 820
Local 971 Remote 820
Local 952 Remote 820
Local 964 Remote 820
Local 955 Remote 820
Local 968 Remote 820
Local 1006 Remote 820
Local 961 Remote 820
Local 936 Remote 820
Local 963 Remote 820
Local 996 Remote 820
Local 952 Remote 820
Local 1020 Remote 820
Local 989 Remote 820
Local 942 Remote 820
Local 978 Remote 820
Local 977 Remote 820
Local 948 Remote 820
Local 1015 Remote 820
Local 974 Remote 820
Local 973 Remote 820
Local 1013 Remote 820
Local 965 Remote 820
Local 978 Remote 820
Local 973 Remote 820
Local 987 Remote 820
Local 971 Remote 820
Local 951 Remote 820
Local 953 Remote 820
Local 980 Remote 820
Local 930 Remote 820
Local 934 Remote 820
Local 951 Remote 820
Local 957 Remote 820
Local 982 Remote 820
Local 980 Remote 820
Local 943 Remote 820
Local 942 Remote 820
Local 971 Remote 820
Local 958 Remote 820
Local 989 Remote 820
Local 1004 Remote 820
Local 959 Remote 820
Local 974 Remote 820
Local 969 Remote 820
Local 958 Remote 820
Local 962 Remote 820
Local 976 Remote 820
Local 990 Remote 820
Local 967 Remote 820
Local 970 Remote 820
Local 968 Remote 820
Local 988 Remote 820
Local 947 Remote 820
Local 947 Remote 820
Local 982 Remote 820
Local 990 Remote 820
Local 1005 Remote 820
Local 935 Remote 820
Local 949 Remote 820
Local 1015 Remote 820
Local 964 Remote 820
Local 958 Remote 820
Local 967 Remote 820
Local 961 Remote 820
Local 972 Remote 820
Local 977 Remote 820
Local 932 Remote 820
Local 1000 Remote 820
Local 998 Remote 820
Local 950 Remote 820
Local 970 Remote 820
Local 958 Remote 820
Local 961 Remote 820
Local 991 Remote 820
Local 999 Remote 820
Local 991 Remote 820
Local 943 Remote 820
Local 979 Remote 820
Local 957 Remote 820
Local 939 Remote 820
Local 988 Remote 820
Local 974 Remote 820
Local 978 Remote 820
Local 975 Remote 820
Local 966 Remote 820
Local 982 Remote 820
Local 966 Remote 820
Local 944 Remote 820
Local 957 Remote 820
Local 942 Remote 820
Local 988 Remote 820
Local 1003 Remote 820
Local 978 Remote 820
Local 987 Remote 820
Local 970 Remote 820
Local 967 Remote 820
Local 975 Remote 820
Local 965 Remote 820
Local 951 Remote 820
Local 994 Remote 820
Local 978 Remote 820
Local 963 Remote 820
Local 996 Remote 820
Local 989 Remote 820
Local 967 Remote 820
Local 1018 Remote 820
Local 978 Remote 820
Local 959 Remote 820
Local 1017 Remote 820
Local 982 Remote 820
Local 947 Remote 820
Local 968 Remote 820
Local 978 Remote 820
Local 1007 Remote 820
Local 957 Remote 820
Local 978 Remote 820
Local 961 Remote 820
Local 940 Remote 820
Local 956 Remote 820
Local 980 Remote 820
Local 949 Remote 820
Local 963 Remote 820
Local 1000 Remote 820
Local 974 Remote 820
Local 1022 Remote 820
Local 945 Remote 820
Local 987 Remote 820
Local 1013 Remote 820
Local 974 Remote 820
Local 962 Remote 820
Local 979 Remote 820
Local 968 Remote 820
Local 952 Remote 820
Local 987 Remote 820
Local 993 Remote 820
Local 997 Remote 820
Local 967 Remote 820
Local 986 Remote 820
Local 986 Remote 820
Local 942 Remote 820
Local 956 Remote 820
Local 1009 Remote 820
Local 966 Remote 820
Local 963 Remote 820
Local 974 Remote 820
Local 969 Remote 820
Local 977 Remote 820
Local 1012 Remote 820
Local 1004 Remote 820
Local 966 Remote 820
Local 963 Remote 820
Local 954 Remote 820
Local 989 Remote 820
Local 1002 Remote 820
Local 966 Remote 820
Local 939 Remote 820
Local 972 Remote 820
Local 933 Remote 820
Local 942 Remote 820
Local 969 Remote 820
Local 969 Remote 820
Local 974 Remote 820
Local 983 Remote 820
Local 971 Remote 820
Local 969 Remote 820
Local 981 Remote 820
Local 982 Remote 820
Local 966 Remote 820
Local 964 Remote 820
Local 964 Remote 820
Local 991 Remote 820
Local 961 Remote 820
Local 984 Remote 820
Local 990 Remote 820
Local 958 Remote 820
Local 997 Remote 820
Local 980 Remote 820
Local 978 Remote 820
Local 958 Remote 820
Local 992 Remote 820
Local 932 Remote 820
Local 952 Remote 820
Local 992 Remote 820
Local 972 Remote 820
Local 943 Remote 820
Local 935 Remote 820
Local 986 Remote 820
Local 945 Remote 820
Local 1001 Remote 820
Local 990 Remote 820
Local 950 Remote 820
Local 998 Remote 820
Local 967 Remote 820
Local 939 Remote 820
Local 969 Remote 820
Local 959 Remote 820
Local 948 Remote 820
Local 979 Remote 820
Local 984 Remote 820
Local 985 Remote 820
Local 972 Remote 820
Local 991 Remote 820
Local 973 Remote 820
Local 942 Remote 820
Local 958 Remote 820
Local 1006 Remote 820
Local 973 Remote 820
Local 981 Remote 820
Local 990 Remote 820
Local 965 Remote 820
Local 962 Remote 820
Local 959 Remote 820
Local 936 Remote 828
Local 997 Remote 820
Local 973 Remote 820
Local 967 Remote 820
Local 980 Remote 820
Local 991 Remote 820
Local 959 Remote 820
Local 995 Remote 820
Local 987 Remote 820
Local 938 Remote 820
Local 980 Remote 820
Local 982 Remote 820
Local 973 Remote 820
Local 995 Remote 820
Local 973 Remote 820
Local 967 Remote 820
Local 983 Remote 820
Local 966 Remote 820
Local 971 Remote 820
Local 972 Remote 820
Local 976 Remote 820
Local 994 Remote 820
Local 988 Remote 820
Local 975 Remote 820
Local 988 Remote 820
Local 944 Remote 820
Local 971 Remote 820
Local 987 Remote 820
Local 959 Remote 820
Local 1006 Remote 820
Local 982 Remote 820
Local 974 Remote 820
Local 989 Remote 820
Local 975 Remote 820
Local 975 Remote 820
Local 955 Remote 820
Local 977 Remote 820
Local 958 Remote 820
Local 1029 Remote 820
Local 991 Remote 820
Local 987 Remote 820
Local 988 Remote 820
Local 994 Remote 820
Local 956 Remote 820
Local 966 Remote 820
Local 963 Remote 820
Local 981 Remote 820
Local 943 Remote 820
Local 961 Remote 820
Local 981 Remote 820
Local 952 Remote 820
Local 995 Remote 820
Local 974 Remote 820
Local 982 Remote 820
Local 973 Remote 820
Local 991 Remote 820
Local 972 Remote 820
Local 969 Remote 820
Local 973 Remote 820
Local 985 Remote 820
Local 957 Remote 820
Local 948 Remote 820
Local 1002 Remote 820
Local 975 Remote 820
Local 976 Remote 820
Local 971 Remote 820
Local 941 Remote 820
Local 992 Remote 820
Local 970 Remote 820
Local 982 Remote 820
Local 991 Remote 820
Local 998 Remote 820
Local 952 Remote 820
Local 951 Remote 820
Local 988 Remote 820
Local 973 Remote 820
Local 949 Remote 820
Local 977 Remote 820
Local 938 Remote 820
Local 958 Remote 820
Local 979 Remote 820
Local 974 Remote 820
Local 948 Remote 820
Local 976 Remote 820
Local 967 Remote 820
Local 998 Remote 820
Local 937 Remote 820
Local 986 Remote 820
Local 981 Remote 820
Local 960 Remote 820
Local 955 Remote 820
Local 994 Remote 820
Local 953 Remote 820
Local 980 Remote 820
Local 955 Remote 820
Local 951 Remote 820
Local 973 Remote 820
Local 974 Remote 820
Local 970 Remote 820
Local 1015 Remote 820
Local 956 Remote 820
Local 951 Remote 820
Local 979 Remote 820
Local 975 Remote 820
Local 965 Remote 820
Local 1010 Remote 820
Local 1002 Remote 820
Local 990 Remote 820
Local 983 Remote 820
Local 977 Remote 820
Local 1000 Remote 820
Local 945 Remote 820
Local 955 Remote 820
Local 940 Remote 820
Local 962 Remote 820
Local 960 Remote 820
Local 979 Remote 820
Local 962 Remote 820
Local 938 Remote 820
Local 982 Remote 820
Local 969 Remote 820
Local 980 Remote 820
Local 960 Remote 820
Local 979 Remote 820
Local 978 Remote 820
Local 985 Remote 820
Local 956 Remote 820
Local 985 Remote 820
Local 1003 Remote 820
Local 975 Remote 820
Local 959 Remote 820
Local 968 Remote 820
Local 949 Remote 820
Local 962 Remote 820
Local 952 Remote 820
Local 990 Remote 820
Local 986 Remote 820
Local 983 Remote 820
Local 975 Remote 820
Local 1004 Remote 820
Local 972 Remote 820
Local 939 Remote 820
Local 981 Remote 820
Local 986 Remote 820
Local 991 Remote 820
Local 951 Remote 820
Local 975 Remote 820
Local 989 Remote 820
Local 964 Remote 820
Local 989 Remote 820
Local 1006 Remote 820
Local 963 Remote 820
Local 946 Remote 820
Local 970 Remote 820
Local 968 Remote 820
Local 1018 Remote 820
Local 941 Remote 820
Local 982 Remote 820
Local 997 Remote 820
Local 996 Remote 820
Local 968 Remote 820
Local 976 Remote 820
Local 964 Remote 820
Local 973 Remote 820
Local 969 Remote 820
Local 935 Remote 820
Local 977 Remote 820
Local 975 Remote 820
Local 1005 Remote 820
Local 976 Remote 820
Local 958 Remote 820
Local 976 Remote 820
Local 964 Remote 820
Local 950 Remote 820
Local 972 Remote 820
Local 976 Remote 820
Local 977 Remote 820
Local 973 Remote 820
Local 956 Remote 820
Local 970 Remote 820
Local 977 Remote 820
Local 986 Remote 820
Local 952 Remote 820
Local 974 Remote 820
Local 983 Remote 820
Local 960 Remote 820
Local 951 Remote 820
Local 987 Remote 820
Local 1004 Remote 820
Local 962 Remote 820
Local 990 Remote 820
Local 964 Remote 820
Local 979 Remote 820
Local 957 Remote 820
Local 975 Remote 820
Local 994 Remote 820
Local 962 Remote 820
Local 968 Remote 820
Local 991 Remote 820
Local 989 Remote 820
Local 988 Remote 820
Local 971 Remote 820
Local 979 Remote 820
Local 991 Remote 820
Local 969 Remote 820
Local 970 Remote 820
Local 1010 Remote 820
Local 929 Remote 820
Local 981 Remote 820
Local 945 Remote 820
Local 974 Remote 820
Local 968 Remote 820
Local 969 Remote 820
Local 972 Remote 820
Local 1011 Remote 820
Local 981 Remote 820
Local 965 Remote 820
Local 948 Remote 820
Local 979 Remote 820
Local 951 Remote 820
Local 938 Remote 820
Local 976 Remote 820
Local 989 Remote 820
Local 994 Remote 820
Local 964 Remote 820
Local 972 Remote 820
Local 945 Remote 820
Local 937 Remote 820
Local 945 Remote 820
Local 957 Remote 820
Local 979 Remote 820
Local 966 Remote 820
Local 963 Remote 820
Local 987 Remote 820
Local 990 Remote 820
Local 996 Remote 820
Local 998 Remote 820
Local 978 Remote 820
Local 982 Remote 820
Local 970 Remote 820
Local 971 Remote 820
Local 979 Remote 820
Local 967 Remote 820
Local 994 Remote 820
Local 942 Remote 820
Local 957 Remote 820
Local 957 Remote 820
Local 975 Remote 820
Local 962 Remote 820
Local 971 Remote 820
Local 997 Remote 820
Local 960 Remote 820
Local 1004 Remote 820
Local 999 Remote 820
Local 975 Remote 820
Local 965 Remote 820
Local 982 Remote 820
Local 1008 Remote 820
Local 963 Remote 820
Local 975 Remote 820
Local 963 Remote 820
Local 965 Remote 820
Local 983 Remote 820
Local 977 Remote 820
Local 943 Remote 820
Local 972 Remote 820
Local 978 Remote 820
Local 964 Remote 820
Local 970 Remote 820
Local 976 Remote 820
Local 942 Remote 820
Local 994 Remote 820
Local 967 Remote 820
Local 933 Remote 820
Local 983 Remote 820
Local 951 Remote 820
Local 974 Remote 820
Local 989 Remote 820
Local 967 Remote 820
Local 943 Remote 820
Local 976 Remote 820
Local 954 Remote 820
Local 961 Remote 820
Local 991 Remote 820
Local 964 Remote 820
Local 948 Remote 820
Local 982 Remote 820
Local 950 Remote 820
Local 985 Remote 820
Local 986 Remote 820
Local 948 Remote 820
Local 990 Remote 820
Local 976 Remote 820
Local 954 Remote 820
Local 960 Remote 820
Local 976 Remote 820
Local 981 Remote 820
Local 977 Remote 820
Local 955 Remote 820
Local 983 Remote 820
Local 987 Remote 820
Local 929 Remote 820
Local 968 Remote 820
Local 1002 Remote 820
Local 955 Remote 820
Local 985 Remote 820
Local 952 Remote 820
Local 959 Remote 820
Local 960 Remote 820
Local 945 Remote 820
Local 938 Remote 820
Local 998 Remote 820
Local 984 Remote 820
Local 960 Remote 820
Local 998 Remote 820
Local 960 Remote 820
Local 980 Remote 820
Local 960 Remote 820
Local 970 Remote 820
Local 969 Remote 820
Local 972 Remote 820
Local 994 Remote 820
Local 961 Remote 820
Local 987 Remote 820
Local 945 Remote 820
Local 959 Remote 820
Local 957 Remote 820
Local 986 Remote 820
Local 962 Remote 820
Local 961 Remote 820
Local 982 Remote 820
Local 993 Remote 820
Local 975 Remote 820
Local 938 Remote 820
Local 990 Remote 820
Local 976 Remote 820
Local 939 Remote 820
Local 952 Remote 820
Local 978 Remote 820
Local 981 Remote 820
Local 976 Remote 820
Local 957 Remote 820
Local 949 Remote 820
Local 979 Remote 820
Local 989 Remote 820
Local 954 Remote 820
Local 997 Remote 820
Local 977 Remote 820
Local 954 Remote 820
Local 1002 Remote 820
Local 956 Remote 820
Local 962 Remote 820
Local 955 Remote 820
Local 969 Remote 820
Local 962 Remote 820
Local 968 Remote 820
Local 971 Remote 820
Local 985 Remote 820
Local 972 Remote 820
Local 994 Remote 820
Local 978 Remote 820
Local 931 Remote 820
Local 980 Remote 820
Local 990 Remote 820
Local 971 Remote 820
Local 992 Remote 820
Local 963 Remote 820
Local 961 Remote 820
Local 968 Remote 820
Local 974 Remote 820
Local 989 Remote 820
Local 985 Remote 820
Local 960 Remote 820
Local 976 Remote 820
Local 956 Remote 820
Local 974 Remote 820
Local 986 Remote 820
Local 956 Remote 820
Local 990 Remote 820
Local 672 Remote 820
Local 549 Remote 820
Local 496 Remote 820
Local 475 Remote 820
Local 466 Remote 820
Local 462 Remote 820
Local 460 Remote 820
Local 472 Remote 820
Local 464 Remote 820
Local 483 Remote 820
Local 469 Remote 820
Local 511 Remote 845
Local 511 Remote 829
Local 481 Remote 823
Local 496 Remote 820
Local 475 Remote 820
Local 466 Remote 820
Local 462 Remote 820
Local 460 Remote 820
Local 460 Remote 820
Local 460 Remote 820
Local 460 Remote 820
Local 460 Remote 820
Local 460 Remote 820
Local 476 Remote 820
Local 466 Remote 820
Local 462 Remote 820
Local 460 Remote 820
Local 460 Remote 820
Local 460 Remote 820
Local 460 Remote 820
