Generate Time:       52.82245
Build Time:          28.48676
Graph has 1073741820 nodes and 17022105300 undirected edges for degree: 15
Trial Time:          0.74330
Trial Time:          0.63894
Trial Time:          0.59357
Trial Time:          0.60167
Trial Time:          0.56230
Trial Time:          0.61991
Trial Time:          0.60314
Trial Time:          0.81848
Trial Time:          0.67821
Trial Time:          0.69887
Trial Time:          0.57123
Trial Time:          0.54749
Trial Time:          0.59775
Trial Time:          0.82212
Trial Time:          0.68517
Trial Time:          0.65372
Average Time:        0.65224
