Generate Time:       48.55311
Build Time:          30.13066
Graph has 1073741820 nodes and 17022105300 undirected edges for degree: 15
Trial Time:          9.16578
Trial Time:          12.42680
Trial Time:          12.50444
Trial Time:          12.20651
Trial Time:          10.67068
Trial Time:          9.43022
Trial Time:          9.57434
Trial Time:          9.03525
Trial Time:          11.39749
Trial Time:          9.55499
Trial Time:          11.07350
Trial Time:          11.95289
Trial Time:          9.45951
Trial Time:          9.13590
Trial Time:          11.90277
Trial Time:          12.54066
Average Time:        10.75198
