Generate Time:       48.71447
Build Time:          30.11674
Graph has 1073741820 nodes and 17022105300 undirected edges for degree: 15
Trial Time:          0.76744
Trial Time:          0.62881
Trial Time:          0.58298
Trial Time:          0.59136
Trial Time:          0.55439
Trial Time:          0.62695
Trial Time:          0.60025
Trial Time:          0.84161
Trial Time:          0.65411
Trial Time:          0.68772
Trial Time:          0.56927
Trial Time:          0.53793
Trial Time:          0.60634
Trial Time:          0.85380
Trial Time:          0.67416
Trial Time:          0.63308
Average Time:        0.65064
