Generate Time:       45.86517
Build Time:          23.11333
Graph has 1073741820 nodes and 17022105300 undirected edges for degree: 15
Trial Time:          0.69469
Trial Time:          0.57742
Trial Time:          0.52880
Trial Time:          0.55941
Trial Time:          0.51561
Trial Time:          0.56140
Trial Time:          0.55521
Trial Time:          0.71901
Trial Time:          0.60646
Trial Time:          0.62675
Trial Time:          0.52510
Trial Time:          0.49067
Trial Time:          0.56670
Trial Time:          0.72450
Trial Time:          0.62350
Trial Time:          0.59855
Average Time:        0.59211
