Generate Time:       44.11006
Build Time:          23.47901
Graph has 1073741820 nodes and 17022105300 undirected edges for degree: 15
Trial Time:          8.59876
Trial Time:          10.99197
Trial Time:          11.09023
Trial Time:          11.01263
Trial Time:          9.77500
Trial Time:          8.77836
Trial Time:          8.90975
Trial Time:          8.43419
Trial Time:          10.27530
Trial Time:          8.78360
Trial Time:          10.09745
Trial Time:          10.65569
Trial Time:          8.77221
Trial Time:          8.58974
Trial Time:          10.67679
Trial Time:          11.14603
Average Time:        9.78673
