Generate Time:       51.64710
Build Time:          29.55247
Graph has 1073741820 nodes and 17022105300 undirected edges for degree: 15
Trial Time:          0.76381
Trial Time:          0.65003
Trial Time:          0.60764
Trial Time:          0.61864
Trial Time:          0.57500
Trial Time:          0.62838
Trial Time:          0.60905
Trial Time:          0.82209
Trial Time:          0.68925
Trial Time:          0.72014
Trial Time:          0.58469
Trial Time:          0.56256
Trial Time:          0.60602
Trial Time:          0.83906
Trial Time:          0.70735
Trial Time:          0.66772
Average Time:        0.66571
