Generate Time:       107.06051
Build Time:          73.40157
Graph has 1073741820 nodes and 17022105300 undirected edges for degree: 15
Trial Time:          26.86904
Trial Time:          34.91723
Trial Time:          34.84262
Trial Time:          33.37468
Trial Time:          30.15354
Trial Time:          27.34912
Trial Time:          27.76362
Trial Time:          26.86145
Trial Time:          32.93281
Trial Time:          28.23531
Trial Time:          31.08021
Trial Time:          33.35059
Trial Time:          27.55135
Trial Time:          26.84691
Trial Time:          34.08173
Trial Time:          34.99655
Average Time:        30.70042
