Generate Time:       52.78301
Build Time:          28.40190
Graph has 1073741820 nodes and 17022105300 undirected edges for degree: 15
Trial Time:          9.93826
Trial Time:          12.85246
Trial Time:          12.91953
Trial Time:          12.63852
Trial Time:          11.28635
Trial Time:          10.17046
Trial Time:          10.27328
Trial Time:          9.82513
Trial Time:          12.01857
Trial Time:          10.25934
Trial Time:          11.61092
Trial Time:          12.38538
Trial Time:          10.17078
Trial Time:          9.93886
Trial Time:          12.47848
Trial Time:          12.99946
Average Time:        11.36036
