Generate Time:       68.44455
Build Time:          39.37718
Graph has 1073741820 nodes and 17022105300 undirected edges for degree: 15
Trial Time:          0.89954
Trial Time:          0.78909
Trial Time:          0.75540
Trial Time:          0.73201
Trial Time:          0.67095
Trial Time:          0.72768
Trial Time:          0.74643
Trial Time:          0.97068
Trial Time:          0.83766
Trial Time:          0.88005
Trial Time:          0.68832
Trial Time:          0.68415
Trial Time:          0.71028
Trial Time:          1.03289
Trial Time:          0.85301
Trial Time:          0.80055
Average Time:        0.79867
