Generate Time:       103.86734
Build Time:          68.92496
Graph has 1073741820 nodes and 17022105300 undirected edges for degree: 15
Trial Time:          23.83202
Trial Time:          31.54454
Trial Time:          31.54435
Trial Time:          30.11336
Trial Time:          27.09214
Trial Time:          24.31203
Trial Time:          24.71520
Trial Time:          23.80354
Trial Time:          29.55916
Trial Time:          25.11675
Trial Time:          27.96725
Trial Time:          30.12492
Trial Time:          24.52842
Trial Time:          23.81317
Trial Time:          30.67289
Trial Time:          31.66193
Average Time:        27.52510
