---
Devices:
 0: Host CPU
CloverLeaf:
 - Ver.:     2.000
 - Deck:     /home/labpc/work/cipp/CloverLeaf/InputDecks/clover_bm256_300.in
 - Out:      clover.out
 - Profiler: deck-specified
MPI:
 - Enabled:     false
 - Total ranks: 1
 - Header device-awareness (CUDA-awareness):  unknown
 - Runtime device-awareness (CUDA-awareness): unknown
 - Host-Device halo exchange staging buffer:  true
Model:
 - Name:      OpenMP (CPU)
 - Execution: Host
# ---- 
Output: |+1
 Output file clover.out opened. All output will go there.
 Args: --file /home/labpc/work/cipp/CloverLeaf/InputDecks/clover_bm256_300.in
 Using input: `/home/labpc/work/cipp/CloverLeaf/InputDecks/clover_bm256_300.in`
 Problem initialised and generated
 Launching hydro
 Step 1 time 0 control sound timestep  0.000385161 1,1 x 0 y 0
 Wall clock 1.07583
 Average time per cell 4.55995e-09
  Step time per cell    4.55995e-09
 Step 2 time 0.000385161 control sound timestep  0.000235099 1,1 x 0 y 0
 Wall clock 2.13835
 Average time per cell 4.53175e-09
  Step time per cell    4.50326e-09
 Step 3 time 0.000620261 control sound timestep  0.000298723 1,1 x 0 y 0
 Wall clock 3.19984
 Average time per cell 4.52089e-09
  Step time per cell    4.49905e-09
 Step 4 time 0.000918984 control sound timestep  0.000314746 1,1 x 0 y 0
 Wall clock 4.27067
 Average time per cell 4.52536e-09
  Step time per cell    4.53863e-09
 Step 5 time 0.00123373 control sound timestep  0.000346361 1,1 x 0 y 0
 Wall clock 5.33802
 Average time per cell 4.52509e-09
  Step time per cell    4.52369e-09
 Step 6 time 0.00158009 control sound timestep  0.00034558 1,1 x 0 y 0
 Wall clock 6.39996
 Average time per cell 4.52109e-09
  Step time per cell    4.50075e-09
 Step 7 time 0.00192567 control sound timestep  0.000352154 1,1 x 0 y 0
 Wall clock 7.4649
 Average time per cell 4.52005e-09
  Step time per cell    4.51369e-09
 Step 8 time 0.00227782 control sound timestep  0.000370384 1,1 x 0 y 0
 Wall clock 8.52943
 Average time per cell 4.51906e-09
  Step time per cell    4.51192e-09
 Step 9 time 0.00264821 control sound timestep  0.000366391 1,1 x 0 y 0
 Wall clock 9.59769
 Average time per cell 4.52004e-09
  Step time per cell    4.52771e-09
 Step 10 time 0.0030146 control sound timestep  0.000363789 1,1 x 0 y 0
 Wall clock 10.7278
 Average time per cell 4.54704e-09
  Step time per cell    4.78973e-09
 Step 11 time 0.00337839 control sound timestep  0.000361224 1,1 x 0 y 0
 Wall clock 11.7916
 Average time per cell 4.54357e-09
  Step time per cell    4.50882e-09
 Step 12 time 0.00373961 control sound timestep  0.000359796 1,1 x 0 y 0
 Wall clock 12.852
 Average time per cell 4.53948e-09
  Step time per cell    4.49438e-09
 Step 13 time 0.00409941 control sound timestep  0.000360678 1,1 x 0 y 0
 Wall clock 13.8955
 Average time per cell 4.53053e-09
  Step time per cell    4.42303e-09
 Step 14 time 0.00446009 control sound timestep  0.000362113 1,1 x 0 y 0
 Wall clock 14.9513
 Average time per cell 4.52657e-09
  Step time per cell    4.47487e-09
 Step 15 time 0.0048222 control sound timestep  0.000362661 1,1 x 0 y 0
 Wall clock 16.0079
 Average time per cell 4.52335e-09
  Step time per cell    4.47793e-09
 Step 16 time 0.00518486 control sound timestep  0.000362812 1,1 x 0 y 0
 Wall clock 17.0517
 Average time per cell 4.51717e-09
  Step time per cell    4.42414e-09
 Step 17 time 0.00554767 control sound timestep  0.000362988 1,1 x 0 y 0
 Wall clock 18.0837
 Average time per cell 4.50875e-09
  Step time per cell    4.37377e-09
 Step 18 time 0.00591066 control sound timestep  0.000363082 1,1 x 0 y 0
 Wall clock 19.1113
 Average time per cell 4.50022e-09
  Step time per cell    4.35513e-09
 Step 19 time 0.00627374 control sound timestep  0.000363112 1,1 x 0 y 0
 Wall clock 20.142
 Average time per cell 4.49331e-09
  Step time per cell    4.36858e-09
 Step 20 time 0.00663686 control sound timestep  0.00036317 1,1 x 0 y 0
 Wall clock 21.2352
 Average time per cell 4.50032e-09
  Step time per cell    4.63312e-09
 Step 21 time 0.00700003 control sound timestep  0.000363365 1,1 x 0 y 0
 Wall clock 22.2566
 Average time per cell 4.49219e-09
  Step time per cell    4.32955e-09
 Step 22 time 0.00736339 control sound timestep  0.00036347 1,1 x 0 y 0
 Wall clock 23.2536
 Average time per cell 4.48008e-09
  Step time per cell    4.22545e-09
 Step 23 time 0.00772686 control sound timestep  0.000363513 1,1 x 0 y 0
 Wall clock 24.2422
 Average time per cell 4.46747e-09
  Step time per cell    4.1896e-09
 Step 24 time 0.00809037 control sound timestep  0.000363629 1,1 x 0 y 0
 Wall clock 25.2307
 Average time per cell 4.45589e-09
  Step time per cell    4.18963e-09
 Step 25 time 0.008454 control sound timestep  0.000363732 1,1 x 0 y 0
 Wall clock 26.2308
 Average time per cell 4.44723e-09
  Step time per cell    4.23894e-09
 Step 26 time 0.00881773 control sound timestep  0.000363825 1,1 x 0 y 0
 Wall clock 27.2061
 Average time per cell 4.43517e-09
  Step time per cell    4.13335e-09
 Step 27 time 0.00918156 control sound timestep  0.000363914 1,1 x 0 y 0
 Wall clock 28.1849
 Average time per cell 4.42457e-09
  Step time per cell    4.14874e-09
 Step 28 time 0.00954547 control sound timestep  0.000363943 1,1 x 0 y 0
 Wall clock 29.1543
 Average time per cell 4.41329e-09
  Step time per cell    4.10837e-09
 Step 29 time 0.00990942 control sound timestep  0.000363973 1,1 x 0 y 0
 Wall clock 30.1345
 Average time per cell 4.40437e-09
  Step time per cell    4.15432e-09
 Step 30 time 0.0102734 control sound timestep  0.000363988 1,1 x 0 y 0
 Wall clock 31.1637
 Average time per cell 4.40297e-09
  Step time per cell    4.36204e-09
 Step 31 time 0.0106374 control sound timestep  0.000364002 1,1 x 0 y 0
 Wall clock 32.1278
 Average time per cell 4.39276e-09
  Step time per cell    4.08638e-09
 Step 32 time 0.0110014 control sound timestep  0.000364043 1,1 x 0 y 0
 Wall clock 33.0565
 Average time per cell 4.37849e-09
  Step time per cell    3.93574e-09
 Step 33 time 0.0113654 control sound timestep  0.000364085 1,1 x 0 y 0
 Wall clock 33.9791
 Average time per cell 4.36431e-09
  Step time per cell    3.91071e-09
 Step 34 time 0.0117295 control sound timestep  0.000364133 1,1 x 0 y 0
 Wall clock 34.8865
 Average time per cell 4.34907e-09
  Step time per cell    3.84567e-09
 Step 35 time 0.0120936 control sound timestep  0.000364198 1,1 x 0 y 0
 Wall clock 35.807
 Average time per cell 4.33628e-09
  Step time per cell    3.90104e-09
 Step 36 time 0.0124578 control sound timestep  0.000364259 1,1 x 0 y 0
 Wall clock 36.7208
 Average time per cell 4.32341e-09
  Step time per cell    3.87285e-09
 Step 37 time 0.0128221 control sound timestep  0.000364318 1,1 x 0 y 0
 Wall clock 37.6356
 Average time per cell 4.31136e-09
  Step time per cell    3.87717e-09
 Step 38 time 0.0131864 control sound timestep  0.000364383 1,1 x 0 y 0
 Wall clock 38.5372
 Average time per cell 4.29847e-09
  Step time per cell    3.82111e-09
 Step 39 time 0.0135508 control sound timestep  0.000364422 1,1 x 0 y 0
 Wall clock 39.4399
 Average time per cell 4.28636e-09
  Step time per cell    3.82596e-09
 Step 40 time 0.0139152 control sound timestep  0.000364431 1,1 x 0 y 0
 Wall clock 40.3918
 Average time per cell 4.28007e-09
  Step time per cell    4.03425e-09
 Step 41 time 0.0142797 control sound timestep  0.000364435 1,1 x 0 y 0
 Wall clock 41.2934
 Average time per cell 4.26888e-09
  Step time per cell    3.8212e-09
 Step 42 time 0.0146441 control sound timestep  0.000364445 1,1 x 0 y 0
 Wall clock 42.1741
 Average time per cell 4.25612e-09
  Step time per cell    3.73269e-09
 Step 43 time 0.0150085 control sound timestep  0.000364471 1,1 x 0 y 0
 Wall clock 43.0537
 Average time per cell 4.24385e-09
  Step time per cell    3.72817e-09
 Step 44 time 0.015373 control sound timestep  0.000364495 1,1 x 0 y 0
 Wall clock 43.9299
 Average time per cell 4.2318e-09
  Step time per cell    3.71323e-09
 Step 45 time 0.0157375 control sound timestep  0.000364518 1,1 x 0 y 0
 Wall clock 44.808
 Average time per cell 4.22047e-09
  Step time per cell    3.72161e-09
 Step 46 time 0.016102 control sound timestep  0.000364543 1,1 x 0 y 0
 Wall clock 45.6772
 Average time per cell 4.20881e-09
  Step time per cell    3.68363e-09
 Step 47 time 0.0164666 control sound timestep  0.000364585 1,1 x 0 y 0
 Wall clock 46.5428
 Average time per cell 4.19732e-09
  Step time per cell    3.66866e-09
 Step 48 time 0.0168311 control sound timestep  0.000364628 1,1 x 0 y 0
 Wall clock 47.3966
 Average time per cell 4.18527e-09
  Step time per cell    3.61875e-09
 Step 49 time 0.0171958 control sound timestep  0.000364667 1,1 x 0 y 0
 Wall clock 48.2574
 Average time per cell 4.17431e-09
  Step time per cell    3.64787e-09
 Step 50 time 0.0175604 control sound timestep  0.000364708 1,1 x 0 y 0
 Wall clock 49.1731
 Average time per cell 4.16845e-09
  Step time per cell    3.88102e-09
 Step 51 time 0.0179251 control sound timestep  0.000364758 1,1 x 0 y 0
 Wall clock 50.0271
 Average time per cell 4.15769e-09
  Step time per cell    3.6196e-09
 Step 52 time 0.0182899 control sound timestep  0.000364817 1,1 x 0 y 0
 Wall clock 50.8588
 Average time per cell 4.14553e-09
  Step time per cell    3.525e-09
 Step 53 time 0.0186547 control sound timestep  0.000364826 1,1 x 0 y 0
 Wall clock 51.7013
 Average time per cell 4.13469e-09
  Step time per cell    3.57044e-09
 Step 54 time 0.0190195 control sound timestep  0.00036483 1,1 x 0 y 0
 Wall clock 52.5395
 Average time per cell 4.12392e-09
  Step time per cell    3.55266e-09
 Step 55 time 0.0193844 control sound timestep  0.000364831 1,1 x 0 y 0
 Wall clock 53.3834
 Average time per cell 4.11397e-09
  Step time per cell    3.57661e-09
 Step 56 time 0.0197492 control sound timestep  0.000364846 1,1 x 0 y 0
 Wall clock 54.2134
 Average time per cell 4.10332e-09
  Step time per cell    3.51732e-09
 Step 57 time 0.0201141 control sound timestep  0.000364866 1,1 x 0 y 0
 Wall clock 55.0418
 Average time per cell 4.09294e-09
  Step time per cell    3.51103e-09
 Step 58 time 0.0204789 control sound timestep  0.000364884 1,1 x 0 y 0
 Wall clock 55.8591
 Average time per cell 4.0821e-09
  Step time per cell    3.46406e-09
 Step 59 time 0.0208438 control sound timestep  0.000364902 1,1 x 0 y 0
 Wall clock 56.6911
 Average time per cell 4.07268e-09
  Step time per cell    3.52598e-09
 Step 60 time 0.0212087 control sound timestep  0.000364922 1,1 x 0 y 0
 Wall clock 57.5627
 Average time per cell 4.06638e-09
  Step time per cell    3.69408e-09
 Step 61 time 0.0215736 control sound timestep  0.000364956 1,1 x 0 y 0
 Wall clock 58.3941
 Average time per cell 4.05748e-09
  Step time per cell    3.52366e-09
 Step 62 time 0.0219386 control sound timestep  0.000364991 1,1 x 0 y 0
 Wall clock 59.2069
 Average time per cell 4.04761e-09
  Step time per cell    3.445e-09
 Step 63 time 0.0223036 control sound timestep  0.000365022 1,1 x 0 y 0
 Wall clock 60.0231
 Average time per cell 4.03827e-09
  Step time per cell    3.45874e-09
 Step 64 time 0.0226686 control sound timestep  0.000365056 1,1 x 0 y 0
 Wall clock 60.8335
 Average time per cell 4.02884e-09
  Step time per cell    3.43464e-09
 Step 65 time 0.0230337 control sound timestep  0.000365098 1,1 x 0 y 0
 Wall clock 61.6624
 Average time per cell 4.02092e-09
  Step time per cell    3.51332e-09
 Step 66 time 0.0233988 control sound timestep  0.000365146 1,1 x 0 y 0
 Wall clock 62.5156
 Average time per cell 4.01478e-09
  Step time per cell    3.6156e-09
 Step 67 time 0.0237639 control sound timestep  0.000365166 1,1 x 0 y 0
 Wall clock 63.371
 Average time per cell 4.00897e-09
  Step time per cell    3.62548e-09
 Step 68 time 0.0241291 control sound timestep  0.000365169 1,1 x 0 y 0
 Wall clock 64.2193
 Average time per cell 4.00289e-09
  Step time per cell    3.5951e-09
 Step 69 time 0.0244942 control sound timestep  0.000365167 1,1 x 0 y 0
 Wall clock 65.0691
 Average time per cell 3.99708e-09
  Step time per cell    3.60162e-09
 Step 70 time 0.0248594 control sound timestep  0.000365177 1,1 x 0 y 0
 Wall clock 66.0061
 Average time per cell 3.99672e-09
  Step time per cell    3.97126e-09
 Step 71 time 0.0252246 control sound timestep  0.000365194 1,1 x 0 y 0
 Wall clock 66.894
 Average time per cell 3.99343e-09
  Step time per cell    3.76342e-09
 Step 72 time 0.0255898 control sound timestep  0.000365209 1,1 x 0 y 0
 Wall clock 67.7883
 Average time per cell 3.99061e-09
  Step time per cell    3.79015e-09
 Step 73 time 0.025955 control sound timestep  0.000365223 1,1 x 0 y 0
 Wall clock 68.6734
 Average time per cell 3.98734e-09
  Step time per cell    3.75128e-09
 Step 74 time 0.0263202 control sound timestep  0.000365239 1,1 x 0 y 0
 Wall clock 69.578
 Average time per cell 3.98527e-09
  Step time per cell    3.83382e-09
 Step 75 time 0.0266854 control sound timestep  0.000365263 1,1 x 0 y 0
 Wall clock 70.4824
 Average time per cell 3.98325e-09
  Step time per cell    3.83305e-09
 Step 76 time 0.0270507 control sound timestep  0.000365294 1,1 x 0 y 0
 Wall clock 71.3826
 Average time per cell 3.98104e-09
  Step time per cell    3.81512e-09
 Step 77 time 0.027416 control sound timestep  0.000365322 1,1 x 0 y 0
 Wall clock 72.273
 Average time per cell 3.97835e-09
  Step time per cell    3.77377e-09
 Step 78 time 0.0277813 control sound timestep  0.000365349 1,1 x 0 y 0
 Wall clock 73.1653
 Average time per cell 3.97583e-09
  Step time per cell    3.78156e-09
 Step 79 time 0.0281467 control sound timestep  0.000365381 1,1 x 0 y 0
 Wall clock 74.089
 Average time per cell 3.97506e-09
  Step time per cell    3.91477e-09
 Step 80 time 0.0285121 control sound timestep  0.000365421 1,1 x 0 y 0
 Wall clock 75.0806
 Average time per cell 3.97792e-09
  Step time per cell    4.20287e-09
 Step 81 time 0.0288775 control sound timestep  0.000365457 1,1 x 0 y 0
 Wall clock 75.9971
 Average time per cell 3.97676e-09
  Step time per cell    3.88431e-09
 Step 82 time 0.0292429 control sound timestep  0.000365459 1,1 x 0 y 0
 Wall clock 76.9302
 Average time per cell 3.9765e-09
  Step time per cell    3.9549e-09
 Step 83 time 0.0296084 control sound timestep  0.000365461 1,1 x 0 y 0
 Wall clock 77.8892
 Average time per cell 3.97756e-09
  Step time per cell    4.06422e-09
 Step 84 time 0.0299738 control sound timestep  0.000365461 1,1 x 0 y 0
 Wall clock 78.831
 Average time per cell 3.97773e-09
  Step time per cell    3.99164e-09
 Step 85 time 0.0303393 control sound timestep  0.000365475 1,1 x 0 y 0
 Wall clock 79.7803
 Average time per cell 3.97827e-09
  Step time per cell    4.02326e-09
 Step 86 time 0.0307048 control sound timestep  0.000365488 1,1 x 0 y 0
 Wall clock 80.7305
 Average time per cell 3.97884e-09
  Step time per cell    4.02736e-09
 Step 87 time 0.0310703 control sound timestep  0.0003655 1,1 x 0 y 0
 Wall clock 81.7353
 Average time per cell 3.98206e-09
  Step time per cell    4.25858e-09
 Step 88 time 0.0314358 control sound timestep  0.000365513 1,1 x 0 y 0
 Wall clock 82.7254
 Average time per cell 3.9845e-09
  Step time per cell    4.19624e-09
 Step 89 time 0.0318013 control sound timestep  0.000365528 1,1 x 0 y 0
 Wall clock 83.7143
 Average time per cell 3.98683e-09
  Step time per cell    4.19112e-09
 Step 90 time 0.0321668 control sound timestep  0.000365555 1,1 x 0 y 0
 Wall clock 84.7738
 Average time per cell 3.99242e-09
  Step time per cell    4.49011e-09
 Step 91 time 0.0325324 control sound timestep  0.00036558 1,1 x 0 y 0
 Wall clock 85.7746
 Average time per cell 3.99517e-09
  Step time per cell    4.24208e-09
 Step 92 time 0.0328979 control sound timestep  0.000365603 1,1 x 0 y 0
 Wall clock 86.7778
 Average time per cell 3.99796e-09
  Step time per cell    4.25191e-09
 Step 93 time 0.0332636 control sound timestep  0.000365628 1,1 x 0 y 0
 Wall clock 87.7751
 Average time per cell 4.00042e-09
  Step time per cell    4.22671e-09
 Step 94 time 0.0336292 control sound timestep  0.000365659 1,1 x 0 y 0
 Wall clock 88.7982
 Average time per cell 4.004e-09
  Step time per cell    4.33597e-09
 Step 95 time 0.0339948 control sound timestep  0.000365696 1,1 x 0 y 0
 Wall clock 89.8131
 Average time per cell 4.00713e-09
  Step time per cell    4.30141e-09
 Step 96 time 0.0343605 control sound timestep  0.000365709 1,1 x 0 y 0
 Wall clock 90.8323
 Average time per cell 4.01039e-09
  Step time per cell    4.31978e-09
 Step 97 time 0.0347262 control sound timestep  0.00036571 1,1 x 0 y 0
 Wall clock 91.8515
 Average time per cell 4.01358e-09
  Step time per cell    4.3195e-09
 Step 98 time 0.035092 control sound timestep  0.000365708 1,1 x 0 y 0
 Wall clock 92.8816
 Average time per cell 4.01718e-09
  Step time per cell    4.36565e-09
 Step 99 time 0.0354577 control sound timestep  0.000365716 1,1 x 0 y 0
 Wall clock 93.9203
 Average time per cell 4.02107e-09
  Step time per cell    4.40228e-09
 Step 100 time 0.0358234 control sound timestep  0.000365728 1,1 x 0 y 0
 Wall clock 95.0283
 Average time per cell 4.02783e-09
  Step time per cell    4.69614e-09
 Step 101 time 0.0361891 control sound timestep  0.000365739 1,1 x 0 y 0
 Wall clock 96.0649
 Average time per cell 4.03145e-09
  Step time per cell    4.3935e-09
 Step 102 time 0.0365548 control sound timestep  0.000365749 1,1 x 0 y 0
 Wall clock 97.1203
 Average time per cell 4.03578e-09
  Step time per cell    4.47303e-09
 Step 103 time 0.0369206 control sound timestep  0.000365761 1,1 x 0 y 0
 Wall clock 98.1753
 Average time per cell 4.04001e-09
  Step time per cell    4.47153e-09
 Step 104 time 0.0372864 control sound timestep  0.00036578 1,1 x 0 y 0
 Wall clock 99.2124
 Average time per cell 4.04343e-09
  Step time per cell    4.39529e-09
 Step 105 time 0.0376521 control sound timestep  0.000365803 1,1 x 0 y 0
 Wall clock 100.228
 Average time per cell 4.04592e-09
  Step time per cell    4.30382e-09
 Step 106 time 0.0380179 control sound timestep  0.000365823 1,1 x 0 y 0
 Wall clock 101.231
 Average time per cell 4.04786e-09
  Step time per cell    4.25214e-09
 Step 107 time 0.0383838 control sound timestep  0.000365844 1,1 x 0 y 0
 Wall clock 102.25
 Average time per cell 4.05039e-09
  Step time per cell    4.31771e-09
 Step 108 time 0.0387496 control sound timestep  0.000365869 1,1 x 0 y 0
 Wall clock 103.261
 Average time per cell 4.05258e-09
  Step time per cell    4.28702e-09
 Step 109 time 0.0391155 control sound timestep  0.000365899 1,1 x 0 y 0
 Wall clock 104.282
 Average time per cell 4.05509e-09
  Step time per cell    4.32508e-09
 Step 110 time 0.0394814 control sound timestep  0.000365927 1,1 x 0 y 0
 Wall clock 105.363
 Average time per cell 4.05986e-09
  Step time per cell    4.57982e-09
 Step 111 time 0.0398473 control sound timestep  0.000365928 1,1 x 0 y 0
 Wall clock 106.377
 Average time per cell 4.06203e-09
  Step time per cell    4.30078e-09
 Step 112 time 0.0402132 control sound timestep  0.000365927 1,1 x 0 y 0
 Wall clock 107.398
 Average time per cell 4.06441e-09
  Step time per cell    4.32827e-09
 Step 113 time 0.0405792 control sound timestep  0.000365929 1,1 x 0 y 0
 Wall clock 108.425
 Average time per cell 4.06693e-09
  Step time per cell    4.34897e-09
 Step 114 time 0.0409451 control sound timestep  0.000365939 1,1 x 0 y 0
 Wall clock 109.441
 Average time per cell 4.06906e-09
  Step time per cell    4.30947e-09
 Step 115 time 0.041311 control sound timestep  0.000365949 1,1 x 0 y 0
 Wall clock 110.475
 Average time per cell 4.07177e-09
  Step time per cell    4.37988e-09
 Step 116 time 0.041677 control sound timestep  0.000365958 1,1 x 0 y 0
 Wall clock 111.454
 Average time per cell 4.07245e-09
  Step time per cell    4.14982e-09
 Step 117 time 0.0420429 control sound timestep  0.000365968 1,1 x 0 y 0
 Wall clock 112.436
 Average time per cell 4.07322e-09
  Step time per cell    4.16225e-09
 Step 118 time 0.0424089 control sound timestep  0.00036598 1,1 x 0 y 0
 Wall clock 113.429
 Average time per cell 4.07436e-09
  Step time per cell    4.20742e-09
 Step 119 time 0.0427749 control sound timestep  0.000366001 1,1 x 0 y 0
 Wall clock 114.411
 Average time per cell 4.07509e-09
  Step time per cell    4.16083e-09
 Step 120 time 0.0431409 control sound timestep  0.00036602 1,1 x 0 y 0
 Wall clock 115.465
 Average time per cell 4.07836e-09
  Step time per cell    4.46724e-09
 Step 121 time 0.0435069 control sound timestep  0.000366037 1,1 x 0 y 0
 Wall clock 116.456
 Average time per cell 4.07937e-09
  Step time per cell    4.20078e-09
 Step 122 time 0.0438729 control sound timestep  0.000366057 1,1 x 0 y 0
 Wall clock 117.441
 Average time per cell 4.08017e-09
  Step time per cell    4.17642e-09
 Step 123 time 0.044239 control sound timestep  0.000366082 1,1 x 0 y 0
 Wall clock 118.42
 Average time per cell 4.08072e-09
  Step time per cell    4.14833e-09
 Step 124 time 0.0446051 control sound timestep  0.000366111 1,1 x 0 y 0
 Wall clock 119.369
 Average time per cell 4.08027e-09
  Step time per cell    4.02352e-09
 Step 125 time 0.0449712 control sound timestep  0.000366119 1,1 x 0 y 0
 Wall clock 120.319
 Average time per cell 4.07983e-09
  Step time per cell    4.02559e-09
 Step 126 time 0.0453373 control sound timestep  0.00036612 1,1 x 0 y 0
 Wall clock 121.27
 Average time per cell 4.07944e-09
  Step time per cell    4.03033e-09
 Step 127 time 0.0457034 control sound timestep  0.000366118 1,1 x 0 y 0
 Wall clock 122.226
 Average time per cell 4.07921e-09
  Step time per cell    4.04986e-09
 Step 128 time 0.0460695 control sound timestep  0.000366125 1,1 x 0 y 0
 Wall clock 123.174
 Average time per cell 4.07873e-09
  Step time per cell    4.01799e-09
 Step 129 time 0.0464357 control sound timestep  0.000366134 1,1 x 0 y 0
 Wall clock 124.126
 Average time per cell 4.07842e-09
  Step time per cell    4.03739e-09
 Step 130 time 0.0468018 control sound timestep  0.000366143 1,1 x 0 y 0
 Wall clock 125.135
 Average time per cell 4.07992e-09
  Step time per cell    4.27305e-09
 Step 131 time 0.0471679 control sound timestep  0.000366151 1,1 x 0 y 0
 Wall clock 126.091
 Average time per cell 4.07973e-09
  Step time per cell    4.05529e-09
 Step 132 time 0.0475341 control sound timestep  0.00036616 1,1 x 0 y 0
 Wall clock 127.045
 Average time per cell 4.07944e-09
  Step time per cell    4.04064e-09
 Step 133 time 0.0479003 control sound timestep  0.000366177 1,1 x 0 y 0
 Wall clock 127.993
 Average time per cell 4.079e-09
  Step time per cell    4.0208e-09
 Step 134 time 0.0482664 control sound timestep  0.000366195 1,1 x 0 y 0
 Wall clock 128.945
 Average time per cell 4.07867e-09
  Step time per cell    4.03478e-09
 Step 135 time 0.0486326 control sound timestep  0.000366211 1,1 x 0 y 0
 Wall clock 129.868
 Average time per cell 4.07744e-09
  Step time per cell    3.91188e-09
 Step 136 time 0.0489988 control sound timestep  0.000366227 1,1 x 0 y 0
 Wall clock 130.745
 Average time per cell 4.07477e-09
  Step time per cell    3.7143e-09
 Step 137 time 0.0493651 control sound timestep  0.000366248 1,1 x 0 y 0
 Wall clock 131.611
 Average time per cell 4.07182e-09
  Step time per cell    3.67007e-09
 Step 138 time 0.0497313 control sound timestep  0.000366273 1,1 x 0 y 0
 Wall clock 132.486
 Average time per cell 4.0692e-09
  Step time per cell    3.70967e-09
 Step 139 time 0.0500976 control sound timestep  0.000366291 1,1 x 0 y 0
 Wall clock 133.366
 Average time per cell 4.06675e-09
  Step time per cell    3.72832e-09
 Step 140 time 0.0504639 control sound timestep  0.000366292 1,1 x 0 y 0
 Wall clock 134.3
 Average time per cell 4.06598e-09
  Step time per cell    3.95928e-09
 Step 141 time 0.0508302 control sound timestep  0.000366288 1,1 x 0 y 0
 Wall clock 135.17
 Average time per cell 4.06329e-09
  Step time per cell    3.68642e-09
 Step 142 time 0.0511965 control sound timestep  0.000366292 1,1 x 0 y 0
 Wall clock 136.042
 Average time per cell 4.06072e-09
  Step time per cell    3.69839e-09
 Step 143 time 0.0515627 control sound timestep  0.000366301 1,1 x 0 y 0
 Wall clock 136.921
 Average time per cell 4.05838e-09
  Step time per cell    3.72593e-09
 Step 144 time 0.051929 control sound timestep  0.000366308 1,1 x 0 y 0
 Wall clock 137.8
 Average time per cell 4.05605e-09
  Step time per cell    3.72157e-09
 Step 145 time 0.0522954 control sound timestep  0.000366316 1,1 x 0 y 0
 Wall clock 138.668
 Average time per cell 4.05347e-09
  Step time per cell    3.68149e-09
 Step 146 time 0.0526617 control sound timestep  0.000366324 1,1 x 0 y 0
 Wall clock 139.54
 Average time per cell 4.05103e-09
  Step time per cell    3.69678e-09
 Step 147 time 0.053028 control sound timestep  0.000366336 1,1 x 0 y 0
 Wall clock 140.419
 Average time per cell 4.04879e-09
  Step time per cell    3.72203e-09
 Step 148 time 0.0533943 control sound timestep  0.000366353 1,1 x 0 y 0
 Wall clock 141.293
 Average time per cell 4.04646e-09
  Step time per cell    3.70395e-09
 Step 149 time 0.0537607 control sound timestep  0.000366368 1,1 x 0 y 0
 Wall clock 142.125
 Average time per cell 4.04299e-09
  Step time per cell    3.52936e-09
 Step 150 time 0.0541271 control sound timestep  0.000366382 1,1 x 0 y 0
 Wall clock 143.002
 Average time per cell 4.0408e-09
  Step time per cell    3.71422e-09
 Step 151 time 0.0544934 control sound timestep  0.000366399 1,1 x 0 y 0
 Wall clock 143.834
 Average time per cell 4.0374e-09
  Step time per cell    3.52651e-09
 Step 152 time 0.0548598 control sound timestep  0.000366421 1,1 x 0 y 0
 Wall clock 144.654
 Average time per cell 4.03372e-09
  Step time per cell    3.47769e-09
 Step 153 time 0.0552263 control sound timestep  0.000366444 1,1 x 0 y 0
 Wall clock 145.477
 Average time per cell 4.03014e-09
  Step time per cell    3.48601e-09
 Step 154 time 0.0555927 control sound timestep  0.000366446 1,1 x 0 y 0
 Wall clock 146.296
 Average time per cell 4.0265e-09
  Step time per cell    3.46949e-09
 Step 155 time 0.0559591 control sound timestep  0.000366445 1,1 x 0 y 0
 Wall clock 147.118
 Average time per cell 4.02301e-09
  Step time per cell    3.48446e-09
 Step 156 time 0.0563256 control sound timestep  0.000366445 1,1 x 0 y 0
 Wall clock 147.935
 Average time per cell 4.01944e-09
  Step time per cell    3.46553e-09
 Step 157 time 0.056692 control sound timestep  0.000366452 1,1 x 0 y 0
 Wall clock 148.757
 Average time per cell 4.01601e-09
  Step time per cell    3.48124e-09
 Step 158 time 0.0570585 control sound timestep  0.000366459 1,1 x 0 y 0
 Wall clock 149.593
 Average time per cell 4.01301e-09
  Step time per cell    3.54204e-09
 Step 159 time 0.0574249 control sound timestep  0.000366466 1,1 x 0 y 0
 Wall clock 150.454
 Average time per cell 4.01074e-09
  Step time per cell    3.6506e-09
 Step 160 time 0.0577914 control sound timestep  0.000366473 1,1 x 0 y 0
 Wall clock 151.36
 Average time per cell 4.00968e-09
  Step time per cell    3.84195e-09
 Step 161 time 0.0581579 control sound timestep  0.000366482 1,1 x 0 y 0
 Wall clock 152.216
 Average time per cell 4.0073e-09
  Step time per cell    3.62536e-09
 Step 162 time 0.0585244 control sound timestep  0.000366498 1,1 x 0 y 0
 Wall clock 153.069
 Average time per cell 4.00487e-09
  Step time per cell    3.6141e-09
 Step 163 time 0.0588909 control sound timestep  0.000366512 1,1 x 0 y 0
 Wall clock 153.931
 Average time per cell 4.00274e-09
  Step time per cell    3.65697e-09
 Step 164 time 0.0592574 control sound timestep  0.000366525 1,1 x 0 y 0
 Wall clock 154.775
 Average time per cell 4.00013e-09
  Step time per cell    3.57467e-09
 Step 165 time 0.0596239 control sound timestep  0.000366539 1,1 x 0 y 0
 Wall clock 155.625
 Average time per cell 3.99773e-09
  Step time per cell    3.60429e-09
 Step 166 time 0.0599904 control sound timestep  0.000366558 1,1 x 0 y 0
 Wall clock 156.469
 Average time per cell 3.9952e-09
  Step time per cell    3.5774e-09
 Step 167 time 0.060357 control sound timestep  0.00036658 1,1 x 0 y 0
 Wall clock 157.321
 Average time per cell 3.99289e-09
  Step time per cell    3.6086e-09
 Step 168 time 0.0607236 control sound timestep  0.000366586 1,1 x 0 y 0
 Wall clock 158.189
 Average time per cell 3.99102e-09
  Step time per cell    3.67905e-09
 Step 169 time 0.0610902 control sound timestep  0.000366586 1,1 x 0 y 0
 Wall clock 159.109
 Average time per cell 3.99048e-09
  Step time per cell    3.89935e-09
 Step 170 time 0.0614568 control sound timestep  0.000366585 1,1 x 0 y 0
 Wall clock 160.079
 Average time per cell 3.99119e-09
  Step time per cell    4.11041e-09
 Step 171 time 0.0618233 control sound timestep  0.00036659 1,1 x 0 y 0
 Wall clock 161
 Average time per cell 3.99068e-09
  Step time per cell    3.90441e-09
 Step 172 time 0.0621899 control sound timestep  0.000366597 1,1 x 0 y 0
 Wall clock 161.917
 Average time per cell 3.99009e-09
  Step time per cell    3.88759e-09
 Step 173 time 0.0625565 control sound timestep  0.000366603 1,1 x 0 y 0
 Wall clock 162.85
 Average time per cell 3.98987e-09
  Step time per cell    3.95212e-09
 Step 174 time 0.0629231 control sound timestep  0.000366609 1,1 x 0 y 0
 Wall clock 163.784
 Average time per cell 3.98968e-09
  Step time per cell    3.95727e-09
 Step 175 time 0.0632897 control sound timestep  0.000366616 1,1 x 0 y 0
 Wall clock 164.715
 Average time per cell 3.98944e-09
  Step time per cell    3.9466e-09
 Step 176 time 0.0636564 control sound timestep  0.000366631 1,1 x 0 y 0
 Wall clock 165.634
 Average time per cell 3.9889e-09
  Step time per cell    3.8942e-09
 Step 177 time 0.064023 control sound timestep  0.000366644 1,1 x 0 y 0
 Wall clock 166.567
 Average time per cell 3.98873e-09
  Step time per cell    3.9578e-09
 Step 178 time 0.0643896 control sound timestep  0.000366656 1,1 x 0 y 0
 Wall clock 167.49
 Average time per cell 3.98829e-09
  Step time per cell    3.91132e-09
 Step 179 time 0.0647563 control sound timestep  0.000366668 1,1 x 0 y 0
 Wall clock 168.4
 Average time per cell 3.98756e-09
  Step time per cell    3.85722e-09
 Step 180 time 0.065123 control sound timestep  0.000366685 1,1 x 0 y 0
 Wall clock 169.373
 Average time per cell 3.98832e-09
  Step time per cell    4.12386e-09
 Step 181 time 0.0654896 control sound timestep  0.000366704 1,1 x 0 y 0
 Wall clock 170.301
 Average time per cell 3.98802e-09
  Step time per cell    3.93344e-09
 Step 182 time 0.0658563 control sound timestep  0.000366715 1,1 x 0 y 0
 Wall clock 171.22
 Average time per cell 3.9875e-09
  Step time per cell    3.89267e-09
 Step 183 time 0.0662231 control sound timestep  0.000366716 1,1 x 0 y 0
 Wall clock 172.131
 Average time per cell 3.98681e-09
  Step time per cell    3.86047e-09
 Step 184 time 0.0665898 control sound timestep  0.000366713 1,1 x 0 y 0
 Wall clock 173.027
 Average time per cell 3.98579e-09
  Step time per cell    3.80035e-09
 Step 185 time 0.0669565 control sound timestep  0.000366717 1,1 x 0 y 0
 Wall clock 173.936
 Average time per cell 3.98506e-09
  Step time per cell    3.84993e-09
 Step 186 time 0.0673232 control sound timestep  0.000366724 1,1 x 0 y 0
 Wall clock 174.828
 Average time per cell 3.98397e-09
  Step time per cell    3.78184e-09
 Step 187 time 0.0676899 control sound timestep  0.000366729 1,1 x 0 y 0
 Wall clock 175.732
 Average time per cell 3.98315e-09
  Step time per cell    3.82928e-09
 Step 188 time 0.0680567 control sound timestep  0.000366735 1,1 x 0 y 0
 Wall clock 176.631
 Average time per cell 3.98223e-09
  Step time per cell    3.8117e-09
 Step 189 time 0.0684234 control sound timestep  0.000366742 1,1 x 0 y 0
 Wall clock 177.544
 Average time per cell 3.98164e-09
  Step time per cell    3.8695e-09
 Step 190 time 0.0687901 control sound timestep  0.000366754 1,1 x 0 y 0
 Wall clock 178.49
 Average time per cell 3.98179e-09
  Step time per cell    4.01004e-09
 Step 191 time 0.0691569 control sound timestep  0.000366766 1,1 x 0 y 0
 Wall clock 179.386
 Average time per cell 3.98082e-09
  Step time per cell    3.79677e-09
 Step 192 time 0.0695237 control sound timestep  0.000366777 1,1 x 0 y 0
 Wall clock 180.27
 Average time per cell 3.9796e-09
  Step time per cell    3.74594e-09
 Step 193 time 0.0698904 control sound timestep  0.000366789 1,1 x 0 y 0
 Wall clock 181.15
 Average time per cell 3.9783e-09
  Step time per cell    3.72834e-09
 Step 194 time 0.0702572 control sound timestep  0.000366803 1,1 x 0 y 0
 Wall clock 182.022
 Average time per cell 3.97685e-09
  Step time per cell    3.69557e-09
 Step 195 time 0.070624 control sound timestep  0.000366821 1,1 x 0 y 0
 Wall clock 182.914
 Average time per cell 3.97586e-09
  Step time per cell    3.78398e-09
 Step 196 time 0.0709908 control sound timestep  0.000366835 1,1 x 0 y 0
 Wall clock 183.795
 Average time per cell 3.97461e-09
  Step time per cell    3.73177e-09
 Step 197 time 0.0713577 control sound timestep  0.000366836 1,1 x 0 y 0
 Wall clock 184.68
 Average time per cell 3.97348e-09
  Step time per cell    3.75103e-09
 Step 198 time 0.0717245 control sound timestep  0.000366833 1,1 x 0 y 0
 Wall clock 185.555
 Average time per cell 3.97215e-09
  Step time per cell    3.70916e-09
 Step 199 time 0.0720913 control sound timestep  0.000366836 1,1 x 0 y 0
 Wall clock 186.428
 Average time per cell 3.97078e-09
  Step time per cell    3.70004e-09
 Step 200 time 0.0724582 control sound timestep  0.000366842 1,1 x 0 y 0
 Wall clock 187.354
 Average time per cell 3.97055e-09
  Step time per cell    3.92472e-09
 Step 201 time 0.072825 control sound timestep  0.000366847 1,1 x 0 y 0
 Wall clock 188.236
 Average time per cell 3.96939e-09
  Step time per cell    3.73599e-09
 Step 202 time 0.0731919 control sound timestep  0.000366853 1,1 x 0 y 0
 Wall clock 189.104
 Average time per cell 3.96795e-09
  Step time per cell    3.67843e-09
 Step 203 time 0.0735587 control sound timestep  0.000366859 1,1 x 0 y 0
 Wall clock 189.963
 Average time per cell 3.96634e-09
  Step time per cell    3.64155e-09
 Step 204 time 0.0739256 control sound timestep  0.000366869 1,1 x 0 y 0
 Wall clock 190.819
 Average time per cell 3.96468e-09
  Step time per cell    3.62685e-09
 Step 205 time 0.0742925 control sound timestep  0.000366881 1,1 x 0 y 0
 Wall clock 191.678
 Average time per cell 3.96311e-09
  Step time per cell    3.64222e-09
 Step 206 time 0.0746593 control sound timestep  0.000366892 1,1 x 0 y 0
 Wall clock 192.542
 Average time per cell 3.96164e-09
  Step time per cell    3.65963e-09
 Step 207 time 0.0750262 control sound timestep  0.000366902 1,1 x 0 y 0
 Wall clock 193.405
 Average time per cell 3.96019e-09
  Step time per cell    3.66076e-09
 Step 208 time 0.0753931 control sound timestep  0.000366915 1,1 x 0 y 0
 Wall clock 194.26
 Average time per cell 3.95855e-09
  Step time per cell    3.62042e-09
 Step 209 time 0.07576 control sound timestep  0.000366932 1,1 x 0 y 0
 Wall clock 195.114
 Average time per cell 3.95695e-09
  Step time per cell    3.62235e-09
 Step 210 time 0.076127 control sound timestep  0.000366947 1,1 x 0 y 0
 Wall clock 196.017
 Average time per cell 3.95633e-09
  Step time per cell    3.82644e-09
 Step 211 time 0.0764939 control sound timestep  0.000366948 1,1 x 0 y 0
 Wall clock 196.867
 Average time per cell 3.95465e-09
  Step time per cell    3.60224e-09
 Step 212 time 0.0768609 control sound timestep  0.000366945 1,1 x 0 y 0
 Wall clock 197.696
 Average time per cell 3.95258e-09
  Step time per cell    3.5156e-09
 Step 213 time 0.0772278 control sound timestep  0.000366947 1,1 x 0 y 0
 Wall clock 198.525
 Average time per cell 3.95052e-09
  Step time per cell    3.51266e-09
 Step 214 time 0.0775948 control sound timestep  0.000366952 1,1 x 0 y 0
 Wall clock 199.355
 Average time per cell 3.94849e-09
  Step time per cell    3.51729e-09
 Step 215 time 0.0779617 control sound timestep  0.000366958 1,1 x 0 y 0
 Wall clock 200.189
 Average time per cell 3.94656e-09
  Step time per cell    3.53265e-09
 Step 216 time 0.0783287 control sound timestep  0.000366963 1,1 x 0 y 0
 Wall clock 201.016
 Average time per cell 3.94453e-09
  Step time per cell    3.50728e-09
 Step 217 time 0.0786956 control sound timestep  0.000366968 1,1 x 0 y 0
 Wall clock 201.857
 Average time per cell 3.94277e-09
  Step time per cell    3.56381e-09
 Step 218 time 0.0790626 control sound timestep  0.000366977 1,1 x 0 y 0
 Wall clock 202.692
 Average time per cell 3.94093e-09
  Step time per cell    3.5397e-09
 Step 219 time 0.0794296 control sound timestep  0.000366989 1,1 x 0 y 0
 Wall clock 203.533
 Average time per cell 3.9392e-09
  Step time per cell    3.56147e-09
 Step 220 time 0.0797966 control sound timestep  0.000366999 1,1 x 0 y 0
 Wall clock 204.427
 Average time per cell 3.93853e-09
  Step time per cell    3.79094e-09
 Step 221 time 0.0801636 control sound timestep  0.000367009 1,1 x 0 y 0
 Wall clock 205.273
 Average time per cell 3.93692e-09
  Step time per cell    3.58425e-09
 Step 222 time 0.0805306 control sound timestep  0.000367021 1,1 x 0 y 0
 Wall clock 206.11
 Average time per cell 3.93518e-09
  Step time per cell    3.54993e-09
 Step 223 time 0.0808976 control sound timestep  0.000367036 1,1 x 0 y 0
 Wall clock 206.959
 Average time per cell 3.93367e-09
  Step time per cell    3.59757e-09
 Step 224 time 0.0812646 control sound timestep  0.000367052 1,1 x 0 y 0
 Wall clock 207.806
 Average time per cell 3.93213e-09
  Step time per cell    3.58813e-09
 Step 225 time 0.0816317 control sound timestep  0.000367052 1,1 x 0 y 0
 Wall clock 208.667
 Average time per cell 3.93088e-09
  Step time per cell    3.65114e-09
 Step 226 time 0.0819987 control sound timestep  0.00036705 1,1 x 0 y 0
 Wall clock 209.568
 Average time per cell 3.93038e-09
  Step time per cell    3.81719e-09
 Step 227 time 0.0823658 control sound timestep  0.000367051 1,1 x 0 y 0
 Wall clock 210.483
 Average time per cell 3.93014e-09
  Step time per cell    3.87569e-09
 Step 228 time 0.0827328 control sound timestep  0.000367056 1,1 x 0 y 0
 Wall clock 211.379
 Average time per cell 3.92956e-09
  Step time per cell    3.79783e-09
 Step 229 time 0.0830999 control sound timestep  0.000367062 1,1 x 0 y 0
 Wall clock 212.293
 Average time per cell 3.92933e-09
  Step time per cell    3.87543e-09
 Step 230 time 0.083467 control sound timestep  0.000367066 1,1 x 0 y 0
 Wall clock 213.268
 Average time per cell 3.9302e-09
  Step time per cell    4.1302e-09
 Step 231 time 0.083834 control sound timestep  0.000367071 1,1 x 0 y 0
 Wall clock 214.21
 Average time per cell 3.93048e-09
  Step time per cell    3.9953e-09
 Step 232 time 0.0842011 control sound timestep  0.000367079 1,1 x 0 y 0
 Wall clock 215.151
 Average time per cell 3.93073e-09
  Step time per cell    3.98845e-09
 Step 233 time 0.0845682 control sound timestep  0.000367091 1,1 x 0 y 0
 Wall clock 216.098
 Average time per cell 3.93109e-09
  Step time per cell    4.01386e-09
 Step 234 time 0.0849353 control sound timestep  0.0003671 1,1 x 0 y 0
 Wall clock 217.037
 Average time per cell 3.9313e-09
  Step time per cell    3.97965e-09
 Step 235 time 0.0853024 control sound timestep  0.00036711 1,1 x 0 y 0
 Wall clock 218.004
 Average time per cell 3.932e-09
  Step time per cell    4.09518e-09
 Step 236 time 0.0856695 control sound timestep  0.000367121 1,1 x 0 y 0
 Wall clock 218.963
 Average time per cell 3.93258e-09
  Step time per cell    4.06801e-09
 Step 237 time 0.0860366 control sound timestep  0.000367135 1,1 x 0 y 0
 Wall clock 219.908
 Average time per cell 3.93288e-09
  Step time per cell    4.00391e-09
 Step 238 time 0.0864037 control sound timestep  0.000367151 1,1 x 0 y 0
 Wall clock 220.853
 Average time per cell 3.93319e-09
  Step time per cell    4.00608e-09
 Step 239 time 0.0867709 control sound timestep  0.000367151 1,1 x 0 y 0
 Wall clock 221.801
 Average time per cell 3.93353e-09
  Step time per cell    4.01385e-09
 Step 240 time 0.087138 control sound timestep  0.00036715 1,1 x 0 y 0
 Wall clock 222.81
 Average time per cell 3.93496e-09
  Step time per cell    4.27643e-09
 Step 241 time 0.0875052 control sound timestep  0.00036715 1,1 x 0 y 0
 Wall clock 223.758
 Average time per cell 3.93532e-09
  Step time per cell    4.0216e-09
 Step 242 time 0.0878723 control sound timestep  0.000367155 1,1 x 0 y 0
 Wall clock 224.697
 Average time per cell 3.9355e-09
  Step time per cell    3.97983e-09
 Step 243 time 0.0882395 control sound timestep  0.00036716 1,1 x 0 y 0
 Wall clock 225.66
 Average time per cell 3.9361e-09
  Step time per cell    4.07976e-09
 Step 244 time 0.0886066 control sound timestep  0.000367164 1,1 x 0 y 0
 Wall clock 226.627
 Average time per cell 3.93676e-09
  Step time per cell    4.09792e-09
 Step 245 time 0.0889738 control sound timestep  0.000367169 1,1 x 0 y 0
 Wall clock 227.59
 Average time per cell 3.93736e-09
  Step time per cell    4.08216e-09
 Step 246 time 0.089341 control sound timestep  0.000367177 1,1 x 0 y 0
 Wall clock 228.559
 Average time per cell 3.93804e-09
  Step time per cell    4.10603e-09
 Step 247 time 0.0897082 control sound timestep  0.000367187 1,1 x 0 y 0
 Wall clock 229.532
 Average time per cell 3.9388e-09
  Step time per cell    4.12486e-09
 Step 248 time 0.0900753 control sound timestep  0.000367197 1,1 x 0 y 0
 Wall clock 230.504
 Average time per cell 3.93953e-09
  Step time per cell    4.11815e-09
 Step 249 time 0.0904425 control sound timestep  0.000367205 1,1 x 0 y 0
 Wall clock 231.484
 Average time per cell 3.94039e-09
  Step time per cell    4.15424e-09
 Step 250 time 0.0908097 control sound timestep  0.000367216 1,1 x 0 y 0
 Wall clock 232.528
 Average time per cell 3.94234e-09
  Step time per cell    4.4264e-09
 Step 251 time 0.091177 control sound timestep  0.000367229 1,1 x 0 y 0
 Wall clock 233.503
 Average time per cell 3.94308e-09
  Step time per cell    4.12901e-09
 Step 252 time 0.0915442 control sound timestep  0.000367244 1,1 x 0 y 0
 Wall clock 234.477
 Average time per cell 3.94383e-09
  Step time per cell    4.13135e-09
 Step 253 time 0.0919114 control sound timestep  0.000367245 1,1 x 0 y 0
 Wall clock 235.458
 Average time per cell 3.94466e-09
  Step time per cell    4.1544e-09
 Step 254 time 0.0922787 control sound timestep  0.000367243 1,1 x 0 y 0
 Wall clock 236.448
 Average time per cell 3.94565e-09
  Step time per cell    4.19537e-09
 Step 255 time 0.0926459 control sound timestep  0.000367244 1,1 x 0 y 0
 Wall clock 237.433
 Average time per cell 3.94655e-09
  Step time per cell    4.1752e-09
 Step 256 time 0.0930132 control sound timestep  0.000367248 1,1 x 0 y 0
 Wall clock 238.421
 Average time per cell 3.94751e-09
  Step time per cell    4.19048e-09
 Step 257 time 0.0933804 control sound timestep  0.000367253 1,1 x 0 y 0
 Wall clock 239.416
 Average time per cell 3.94855e-09
  Step time per cell    4.21564e-09
 Step 258 time 0.0937477 control sound timestep  0.000367257 1,1 x 0 y 0
 Wall clock 240.406
 Average time per cell 3.9495e-09
  Step time per cell    4.19407e-09
 Step 259 time 0.0941149 control sound timestep  0.000367262 1,1 x 0 y 0
 Wall clock 241.395
 Average time per cell 3.95044e-09
  Step time per cell    4.19236e-09
 Step 260 time 0.0944822 control sound timestep  0.000367269 1,1 x 0 y 0
 Wall clock 242.446
 Average time per cell 3.95238e-09
  Step time per cell    4.45488e-09
 Step 261 time 0.0948495 control sound timestep  0.000367279 1,1 x 0 y 0
 Wall clock 243.442
 Average time per cell 3.95342e-09
  Step time per cell    4.22351e-09
 Step 262 time 0.0952167 control sound timestep  0.000367288 1,1 x 0 y 0
 Wall clock 244.432
 Average time per cell 3.95434e-09
  Step time per cell    4.19317e-09
 Step 263 time 0.095584 control sound timestep  0.000367297 1,1 x 0 y 0
 Wall clock 245.426
 Average time per cell 3.95533e-09
  Step time per cell    4.21407e-09
 Step 264 time 0.0959513 control sound timestep  0.000367307 1,1 x 0 y 0
 Wall clock 246.419
 Average time per cell 3.95629e-09
  Step time per cell    4.20968e-09
 Step 265 time 0.0963186 control sound timestep  0.00036732 1,1 x 0 y 0
 Wall clock 247.429
 Average time per cell 3.95751e-09
  Step time per cell    4.27754e-09
 Step 266 time 0.0966859 control sound timestep  0.000367334 1,1 x 0 y 0
 Wall clock 248.426
 Average time per cell 3.95852e-09
  Step time per cell    4.22541e-09
 Step 267 time 0.0970533 control sound timestep  0.000367334 1,1 x 0 y 0
 Wall clock 249.427
 Average time per cell 3.95959e-09
  Step time per cell    4.24481e-09
 Step 268 time 0.0974206 control sound timestep  0.000367332 1,1 x 0 y 0
 Wall clock 250.427
 Average time per cell 3.96063e-09
  Step time per cell    4.23722e-09
 Step 269 time 0.0977879 control sound timestep  0.000367333 1,1 x 0 y 0
 Wall clock 251.437
 Average time per cell 3.96182e-09
  Step time per cell    4.28093e-09
 Step 270 time 0.0981553 control sound timestep  0.000367338 1,1 x 0 y 0
 Wall clock 252.502
 Average time per cell 3.96387e-09
  Step time per cell    4.51453e-09
 Step 271 time 0.0985226 control sound timestep  0.000367342 1,1 x 0 y 0
 Wall clock 253.503
 Average time per cell 3.9649e-09
  Step time per cell    4.24287e-09
 Step 272 time 0.09889 control sound timestep  0.000367346 1,1 x 0 y 0
 Wall clock 254.507
 Average time per cell 3.96597e-09
  Step time per cell    4.25586e-09
 Step 273 time 0.0992573 control sound timestep  0.00036735 1,1 x 0 y 0
 Wall clock 255.515
 Average time per cell 3.96708e-09
  Step time per cell    4.26837e-09
 Step 274 time 0.0996247 control sound timestep  0.000367358 1,1 x 0 y 0
 Wall clock 256.528
 Average time per cell 3.96827e-09
  Step time per cell    4.29309e-09
 Step 275 time 0.099992 control sound timestep  0.000367367 1,1 x 0 y 0
 Wall clock 257.535
 Average time per cell 3.96937e-09
  Step time per cell    4.27172e-09
 Step 276 time 0.100359 control sound timestep  0.000367376 1,1 x 0 y 0
 Wall clock 258.55
 Average time per cell 3.97057e-09
  Step time per cell    4.30012e-09
 Step 277 time 0.100727 control sound timestep  0.000367384 1,1 x 0 y 0
 Wall clock 259.566
 Average time per cell 3.97179e-09
  Step time per cell    4.30756e-09
 Step 278 time 0.101094 control sound timestep  0.000367394 1,1 x 0 y 0
 Wall clock 260.58
 Average time per cell 3.97296e-09
  Step time per cell    4.29782e-09
 Step 279 time 0.101462 control sound timestep  0.000367406 1,1 x 0 y 0
 Wall clock 261.591
 Average time per cell 3.97408e-09
  Step time per cell    4.28279e-09
 Step 280 time 0.101829 control sound timestep  0.000367419 1,1 x 0 y 0
 Wall clock 262.666
 Average time per cell 3.97616e-09
  Step time per cell    4.55711e-09
 Step 281 time 0.102196 control sound timestep  0.000367419 1,1 x 0 y 0
 Wall clock 263.676
 Average time per cell 3.97725e-09
  Step time per cell    4.28199e-09
 Step 282 time 0.102564 control sound timestep  0.000367417 1,1 x 0 y 0
 Wall clock 264.694
 Average time per cell 3.97844e-09
  Step time per cell    4.31258e-09
 Step 283 time 0.102931 control sound timestep  0.000367418 1,1 x 0 y 0
 Wall clock 265.705
 Average time per cell 3.97952e-09
  Step time per cell    4.28374e-09
 Step 284 time 0.103299 control sound timestep  0.000367423 1,1 x 0 y 0
 Wall clock 266.73
 Average time per cell 3.98081e-09
  Step time per cell    4.34482e-09
 Step 285 time 0.103666 control sound timestep  0.000367427 1,1 x 0 y 0
 Wall clock 267.75
 Average time per cell 3.98201e-09
  Step time per cell    4.32363e-09
 Step 286 time 0.104033 control sound timestep  0.000367431 1,1 x 0 y 0
 Wall clock 268.79
 Average time per cell 3.9835e-09
  Step time per cell    4.40867e-09
 Step 287 time 0.104401 control sound timestep  0.000367435 1,1 x 0 y 0
 Wall clock 269.801
 Average time per cell 3.98455e-09
  Step time per cell    4.28478e-09
 Step 288 time 0.104768 control sound timestep  0.000367442 1,1 x 0 y 0
 Wall clock 270.816
 Average time per cell 3.98565e-09
  Step time per cell    4.30088e-09
 Step 289 time 0.105136 control sound timestep  0.000367452 1,1 x 0 y 0
 Wall clock 271.834
 Average time per cell 3.98679e-09
  Step time per cell    4.31256e-09
 Step 290 time 0.105503 control sound timestep  0.00036746 1,1 x 0 y 0
 Wall clock 272.918
 Average time per cell 3.98889e-09
  Step time per cell    4.59687e-09
 Step 291 time 0.105871 control sound timestep  0.000367468 1,1 x 0 y 0
 Wall clock 273.945
 Average time per cell 3.99013e-09
  Step time per cell    4.35012e-09
 Step 292 time 0.106238 control sound timestep  0.000367477 1,1 x 0 y 0
 Wall clock 274.952
 Average time per cell 3.99108e-09
  Step time per cell    4.26799e-09
 Step 293 time 0.106606 control sound timestep  0.00036749 1,1 x 0 y 0
 Wall clock 275.913
 Average time per cell 3.99137e-09
  Step time per cell    4.07431e-09
 Step 294 time 0.106973 control sound timestep  0.0003675 1,1 x 0 y 0
 Wall clock 276.867
 Average time per cell 3.99155e-09
  Step time per cell    4.04304e-09
 Step 295 time 0.107341 control sound timestep  0.000367501 1,1 x 0 y 0
 Wall clock 277.822
 Average time per cell 3.99174e-09
  Step time per cell    4.04818e-09
 Step 296 time 0.107708 control sound timestep  0.000367498 1,1 x 0 y 0
 Wall clock 278.782
 Average time per cell 3.992e-09
  Step time per cell    4.06974e-09
 Step 297 time 0.108076 control sound timestep  0.0003675 1,1 x 0 y 0
 Wall clock 279.743
 Average time per cell 3.99227e-09
  Step time per cell    4.07097e-09
 Step 298 time 0.108443 control sound timestep  0.000367504 1,1 x 0 y 0
 Wall clock 280.816
 Average time per cell 3.99414e-09
  Step time per cell    4.54882e-09
 Step 299 time 0.108811 control sound timestep  0.000367508 1,1 x 0 y 0
 Wall clock 281.773
 Average time per cell 3.99435e-09
  Step time per cell    4.0568e-09
 Step 300 time 0.109178 control sound timestep  0.000367512 1,1 x 0 y 0
 Wall clock 282.857
 First step overhead 0
Result:
 - Problem: none
 - Outcome: PASSED
