Generate Time:       107.75283
Build Time:          67.77034
Graph has 1073741820 nodes and 17022105300 undirected edges for degree: 15
Trial Time:          27.74075
Trial Time:          27.73433
Trial Time:          27.74799
Trial Time:          27.73476
Trial Time:          27.73096
Trial Time:          27.73707
Trial Time:          27.73605
Trial Time:          27.73641
Trial Time:          27.73826
Trial Time:          27.74134
Trial Time:          27.73587
Trial Time:          27.73943
Trial Time:          27.73941
Trial Time:          27.73341
Trial Time:          27.74195
Trial Time:          27.73365
Average Time:        27.73760
