Generate Time:       106.88301
Build Time:          67.81447
Graph has 1073741820 nodes and 17022105300 undirected edges for degree: 15
Trial Time:          27.76759
Trial Time:          27.75823
Trial Time:          27.73972
Trial Time:          27.74585
Trial Time:          27.77370
Trial Time:          27.76372
Trial Time:          27.76760
Trial Time:          27.76773
Trial Time:          27.77362
Trial Time:          27.76461
Trial Time:          27.76090
Trial Time:          27.75003
Trial Time:          27.77062
Trial Time:          27.75479
Trial Time:          27.77294
Trial Time:          27.77514
Average Time:        27.76293
