Local 300 Remote 499
Local 300 Remote 499
Local 300 Remote 499
Local 300 Remote 499
Local 312 Remote 499
Local 300 Remote 499
Local 302 Remote 499
Local 300 Remote 499
Local 300 Remote 499
Local 300 Remote 499
Local 300 Remote 499
Local 300 Remote 499
Local 340 Remote 499
Local 300 Remote 499
Local 300 Remote 499
Local 300 Remote 499
Local 300 Remote 499
Local 300 Remote 499
Local 300 Remote 499
Local 307 Remote 499
Local 519 Remote 499
Local 542 Remote 499
Local 501 Remote 499
Local 659 Remote 499
Local 555 Remote 499
Local 475 Remote 499
Local 473 Remote 499
Local 473 Remote 499
Local 464 Remote 499
Local 463 Remote 499
Local 300 Remote 499
Local 458 Remote 499
Local 452 Remote 499
Local 451 Remote 499
Local 463 Remote 499
Local 459 Remote 499
Local 463 Remote 499
Local 465 Remote 499
Local 458 Remote 499
Local 468 Remote 499
Local 389 Remote 499
Local 450 Remote 499
Local 459 Remote 499
Local 445 Remote 499
Local 442 Remote 499
Local 456 Remote 499
Local 434 Remote 499
Local 447 Remote 499
Local 430 Remote 499
Local 424 Remote 499
Local 444 Remote 499
Local 404 Remote 499
Local 319 Remote 499
Local 402 Remote 499
Local 417 Remote 499
Local 444 Remote 499
Local 463 Remote 499
Local 461 Remote 499
Local 300 Remote 499
Local 300 Remote 499
Local 300 Remote 499
Local 300 Remote 499
Local 424 Remote 499
Local 527 Remote 499
Local 537 Remote 499
Local 504 Remote 499
Local 300 Remote 499
Local 300 Remote 499
Local 300 Remote 499
Local 300 Remote 499
Local 454 Remote 499
Local 453 Remote 499
Local 518 Remote 499
Local 303 Remote 499
Local 300 Remote 499
Local 300 Remote 499
Local 300 Remote 499
Local 428 Remote 499
Local 455 Remote 499
Local 530 Remote 499
Local 500 Remote 499
Local 314 Remote 499
Local 337 Remote 499
Local 342 Remote 499
Local 464 Remote 499
Local 351 Remote 499
Local 503 Remote 499
Local 300 Remote 499
Local 395 Remote 499
Local 405 Remote 499
Local 476 Remote 499
Local 487 Remote 499
Local 463 Remote 499
Local 348 Remote 499
Local 385 Remote 499
Local 401 Remote 499
Local 486 Remote 499
Local 492 Remote 499
Local 471 Remote 499
Local 372 Remote 499
Local 411 Remote 499
Local 431 Remote 499
Local 445 Remote 499
Local 468 Remote 499
Local 330 Remote 499
Local 300 Remote 499
Local 300 Remote 499
Local 420 Remote 499
Local 438 Remote 499
Local 461 Remote 499
Local 524 Remote 499
Local 497 Remote 499
Local 300 Remote 499
Local 419 Remote 499
Local 425 Remote 499
Local 537 Remote 499
Local 457 Remote 499
Local 465 Remote 499
Local 305 Remote 499
Local 321 Remote 499
Local 332 Remote 499
Local 453 Remote 499
Local 427 Remote 499
Local 510 Remote 499
Local 300 Remote 499
Local 300 Remote 499
Local 300 Remote 499
Local 300 Remote 499
Local 443 Remote 499
Local 458 Remote 499
Local 520 Remote 499
Local 308 Remote 499
Local 375 Remote 499
Local 394 Remote 499
Local 428 Remote 499
Local 410 Remote 499
Local 483 Remote 499
Local 300 Remote 499
Local 411 Remote 499
Local 418 Remote 499
Local 473 Remote 499
Local 477 Remote 499
Local 456 Remote 499
Local 300 Remote 499
Local 300 Remote 499
Local 300 Remote 499
Local 414 Remote 499
Local 457 Remote 499
Local 458 Remote 499
Local 518 Remote 499
Local 300 Remote 499
Local 300 Remote 499
Local 300 Remote 499
Local 300 Remote 499
Local 422 Remote 499
Local 494 Remote 499
Local 526 Remote 499
Local 505 Remote 499
