Local 526 Remote 820
Local 771 Remote 820
Local 799 Remote 820
Local 598 Remote 839
Local 689 Remote 825
Local 874 Remote 820
Local 1038 Remote 820
Local 1034 Remote 846
Local 924 Remote 825
Local 1017 Remote 820
Local 1002 Remote 820
Local 928 Remote 820
Local 1107 Remote 820
Local 747 Remote 820
Local 544 Remote 820
Local 990 Remote 820
Local 909 Remote 820
Local 989 Remote 820
Local 1049 Remote 837
Local 1019 Remote 823
Local 979 Remote 820
Local 1174 Remote 820
Local 1016 Remote 820
Local 1018 Remote 820
Local 950 Remote 853
Local 757 Remote 863
Local 825 Remote 829
Local 838 Remote 862
Local 940 Remote 832
Local 973 Remote 822
Local 923 Remote 820
Local 997 Remote 820
Local 1071 Remote 820
Local 1117 Remote 820
Local 1192 Remote 820
Local 941 Remote 820
Local 741 Remote 820
Local 834 Remote 820
Local 900 Remote 852
Local 1088 Remote 829
Local 1084 Remote 821
Local 1074 Remote 820
Local 959 Remote 820
Local 1029 Remote 820
Local 949 Remote 820
Local 988 Remote 820
Local 849 Remote 846
Local 755 Remote 825
Local 875 Remote 820
Local 1033 Remote 820
Local 1025 Remote 820
Local 1029 Remote 820
Local 909 Remote 820
Local 1130 Remote 820
Local 1057 Remote 1013
Local 974 Remote 865
Local 1217 Remote 829
Local 866 Remote 821
Local 704 Remote 859
Local 865 Remote 831
Local 871 Remote 822
Local 988 Remote 975
Local 977 Remote 856
Local 919 Remote 828
Local 1098 Remote 821
Local 1071 Remote 829
Local 1072 Remote 821
Local 1013 Remote 820
Local 990 Remote 820
Local 780 Remote 821
Local 789 Remote 820
Local 877 Remote 833
Local 921 Remote 972
Local 1061 Remote 855
Local 821 Remote 827
Local 983 Remote 820
Local 1070 Remote 820
Local 1035 Remote 820
Local 1134 Remote 820
Local 746 Remote 820
Local 529 Remote 820
Local 641 Remote 829
Local 861 Remote 1340
Local 970 Remote 1059
Local 986 Remote 876
Local 979 Remote 832
Local 1110 Remote 822
Local 1087 Remote 820
Local 1084 Remote 820
Local 1139 Remote 820
Local 661 Remote 820
Local 625 Remote 830
Local 862 Remote 821
Local 869 Remote 873
Local 934 Remote 835
Local 980 Remote 823
Local 982 Remote 820
Local 913 Remote 820
Local 967 Remote 862
Local 910 Remote 832
Local 990 Remote 822
Local 781 Remote 825
Local 700 Remote 848
Local 856 Remote 827
Local 842 Remote 912
Local 890 Remote 871
Local 943 Remote 833
Local 1034 Remote 850
Local 1104 Remote 846
Local 998 Remote 842
Local 1067 Remote 824
Local 733 Remote 887
Local 681 Remote 835
Local 712 Remote 826
Local 974 Remote 824
Local 897 Remote 893
Local 864 Remote 916
Local 998 Remote 858
Local 905 Remote 829
Local 914 Remote 936
Local 903 Remote 858
Local 1042 Remote 874
Local 871 Remote 832
Local 565 Remote 822
Local 651 Remote 820
Local 805 Remote 820
Local 862 Remote 820
Local 874 Remote 820
Local 882 Remote 822
Local 1028 Remote 898
Local 1070 Remote 886
Local 1067 Remote 853
Local 1162 Remote 826
Local 767 Remote 820
Local 702 Remote 934
Local 813 Remote 846
Local 821 Remote 963
Local 877 Remote 869
Local 911 Remote 989
Local 800 Remote 1207
Local 951 Remote 940
Local 925 Remote 1160
Local 1065 Remote 987
Local 829 Remote 858
Local 655 Remote 832
Local 754 Remote 849
Local 880 Remote 883
Local 930 Remote 923
Local 885 Remote 855
Local 902 Remote 936
Local 1014 Remote 995
Local 826 Remote 992
Local 820 Remote 1073
Local 964 Remote 878
Local 875 Remote 833
Local 754 Remote 836
Local 932 Remote 887
Local 938 Remote 969
Local 898 Remote 901
Local 762 Remote 961
Local 762 Remote 1029
Local 900 Remote 919
Local 908 Remote 879
Local 1056 Remote 856
Local 682 Remote 828
Local 580 Remote 830
Local 652 Remote 847
Local 792 Remote 826
Local 809 Remote 841
Local 931 Remote 838
Local 923 Remote 940
Local 981 Remote 1129
Local 950 Remote 1270
Local 982 Remote 1335
Local 1100 Remote 961
Local 867 Remote 862
Local 574 Remote 829
Local 827 Remote 822
Local 911 Remote 942
Local 924 Remote 1048
Local 951 Remote 1317
Local 842 Remote 1319
Local 965 Remote 1352
Local 884 Remote 1603
Local 892 Remote 1315
Local 1128 Remote 937
Local 660 Remote 847
Local 676 Remote 903
Local 846 Remote 838
Local 865 Remote 899
Local 1019 Remote 870
Local 893 Remote 1238
Local 891 Remote 1458
Local 875 Remote 1111
Local 1055 Remote 1158
Local 883 Remote 1317
Local 1047 Remote 937
Local 937 Remote 847
Local 735 Remote 829
Local 921 Remote 938
Local 883 Remote 874
Local 1005 Remote 968
Local 1210 Remote 1029
Local 849 Remote 1222
Local 917 Remote 946
Local 942 Remote 1063
Local 936 Remote 986
Local 1165 Remote 858
Local 850 Remote 828
Local 711 Remote 821
Local 812 Remote 820
Local 830 Remote 836
Local 863 Remote 828
Local 883 Remote 979
Local 1048 Remote 1012
Local 984 Remote 1188
Local 938 Remote 1524
Local 1086 Remote 986
Local 719 Remote 858
Local 726 Remote 828
Local 630 Remote 821
Local 761 Remote 852
Local 836 Remote 841
Local 951 Remote 933
Local 978 Remote 1284
Local 823 Remote 1243
Local 862 Remote 944
Local 922 Remote 1002
Local 952 Remote 1213
Local 981 Remote 912
Local 802 Remote 841
Local 752 Remote 871
Local 868 Remote 902
Local 814 Remote 859
Local 873 Remote 834
Local 926 Remote 1052
Local 935 Remote 1063
Local 1013 Remote 1197
Local 1079 Remote 1252
Local 1108 Remote 980
Local 921 Remote 857
Local 640 Remote 828
Local 679 Remote 847
Local 831 Remote 847
Local 848 Remote 835
Local 915 Remote 827
Local 796 Remote 1003
Local 880 Remote 1122
Local 965 Remote 1178
Local 966 Remote 1174
Local 1093 Remote 929
Local 1085 Remote 844
Local 610 Remote 824
Local 643 Remote 822
Local 840 Remote 820
Local 999 Remote 921
Local 887 Remote 853
Local 913 Remote 986
Local 973 Remote 1128
Local 976 Remote 1181
Local 953 Remote 1606
Local 1133 Remote 1005
Local 782 Remote 862
Local 665 Remote 829
Local 740 Remote 829
Local 810 Remote 1087
Local 938 Remote 922
Local 956 Remote 1229
Local 860 Remote 1275
Local 853 Remote 987
Local 940 Remote 1059
Local 910 Remote 1045
Local 924 Remote 872
Local 742 Remote 832
Local 702 Remote 822
Local 797 Remote 820
Local 852 Remote 826
Local 928 Remote 853
Local 924 Remote 1047
Local 917 Remote 1039
Local 1003 Remote 1415
Local 847 Remote 1422
Local 1044 Remote 1036
Local 1056 Remote 870
Local 629 Remote 831
Local 702 Remote 889
Local 865 Remote 895
Local 936 Remote 872
Local 958 Remote 1117
Local 801 Remote 910
Local 896 Remote 922
Local 840 Remote 1241
Local 874 Remote 1227
Local 986 Remote 918
Local 810 Remote 850
Local 715 Remote 826
Local 900 Remote 910
Local 816 Remote 869
Local 939 Remote 838
Local 882 Remote 1150
Local 912 Remote 1277
Local 877 Remote 970
Local 868 Remote 1123
Local 797 Remote 1182
Local 816 Remote 905
Local 567 Remote 839
Local 740 Remote 823
Local 802 Remote 820
Local 855 Remote 931
Local 958 Remote 867
Local 859 Remote 948
Local 756 Remote 1042
Local 950 Remote 1120
Local 909 Remote 1095
Local 1119 Remote 911
Local 649 Remote 841
Local 597 Remote 1013
Local 632 Remote 880
Local 742 Remote 833
Local 918 Remote 915
Local 936 Remote 843
Local 855 Remote 1070
Local 834 Remote 941
Local 978 Remote 1197
Local 852 Remote 1355
Local 936 Remote 946
Local 605 Remote 892
Local 807 Remote 836
Local 742 Remote 823
Local 831 Remote 820
Local 803 Remote 874
Local 888 Remote 903
Local 855 Remote 1139
Local 753 Remote 1080
Local 878 Remote 909
Local 871 Remote 922
Local 1088 Remote 939
Local 695 Remote 847
Local 577 Remote 828
Local 757 Remote 823
Local 860 Remote 835
Local 948 Remote 878
Local 883 Remote 867
Local 879 Remote 1177
Local 816 Remote 965
Local 818 Remote 1174
Local 755 Remote 1166
Local 826 Remote 901
Local 801 Remote 838
Local 754 Remote 823
Local 779 Remote 838
Local 890 Remote 835
Local 951 Remote 823
Local 786 Remote 1069
Local 765 Remote 1290
Local 847 Remote 1028
Local 804 Remote 1007
Local 1051 Remote 895
Local 1191 Remote 837
Local 683 Remote 899
Local 679 Remote 847
Local 903 Remote 919
Local 929 Remote 898
Local 852 Remote 932
Local 843 Remote 1139
Local 744 Remote 1068
Local 832 Remote 1240
Local 792 Remote 1328
Local 978 Remote 939
Local 752 Remote 847
Local 735 Remote 876
Local 789 Remote 832
Local 804 Remote 823
Local 715 Remote 957
Local 798 Remote 1072
Local 778 Remote 1259
Local 633 Remote 1932
Local 775 Remote 1312
Local 834 Remote 1258
Local 850 Remote 923
Local 725 Remote 843
Local 735 Remote 1009
Local 838 Remote 863
Local 887 Remote 919
Local 711 Remote 1061
Local 776 Remote 1112
Local 842 Remote 1179
Local 905 Remote 1351
Local 887 Remote 1387
Local 1156 Remote 957
Local 963 Remote 893
Local 682 Remote 859
Local 804 Remote 831
Local 895 Remote 880
Local 943 Remote 913
Local 814 Remote 1047
Local 687 Remote 1047
Local 728 Remote 1056
Local 743 Remote 1027
Local 933 Remote 940
Local 1071 Remote 847
Local 609 Remote 826
Local 655 Remote 829
Local 744 Remote 867
Local 837 Remote 859
Local 863 Remote 889
Local 818 Remote 963
Local 757 Remote 1097
Local 833 Remote 1134
Local 820 Remote 1159
Local 794 Remote 899
Local 693 Remote 838
Local 754 Remote 877
Local 809 Remote 833
Local 805 Remote 832
Local 875 Remote 949
Local 711 Remote 1044
Local 690 Remote 1346
Local 793 Remote 1572
Local 791 Remote 1252
Local 1064 Remote 922
Local 694 Remote 843
Local 621 Remote 826
Local 801 Remote 1112
Local 821 Remote 952
Local 922 Remote 900
Local 878 Remote 1167
Local 881 Remote 1224
Local 824 Remote 1053
Local 859 Remote 1093
Local 966 Remote 1090
Local 793 Remote 883
Local 567 Remote 834
Local 534 Remote 822
Local 673 Remote 834
Local 797 Remote 923
Local 895 Remote 898
Local 911 Remote 880
Local 727 Remote 921
Local 688 Remote 1284
Local 844 Remote 1183
Local 909 Remote 1203
Local 1233 Remote 910
Local 726 Remote 840
Local 675 Remote 824
Local 808 Remote 820
Local 828 Remote 864
Local 965 Remote 954
Local 916 Remote 1117
Local 845 Remote 1293
Local 807 Remote 1072
Local 729 Remote 1049
Local 770 Remote 1182
Local 818 Remote 979
Local 658 Remote 894
Local 758 Remote 864
Local 838 Remote 951
Local 828 Remote 895
Local 853 Remote 948
Local 722 Remote 949
Local 688 Remote 1190
Local 868 Remote 1263
Local 819 Remote 1081
Local 1093 Remote 927
Local 832 Remote 844
Local 678 Remote 838
Local 639 Remote 886
Local 837 Remote 898
Local 860 Remote 1017
Local 810 Remote 1277
Local 839 Remote 1189
Local 723 Remote 1082
Local 880 Remote 1151
Local 909 Remote 1270
Local 944 Remote 925
Local 991 Remote 844
Local 780 Remote 824
Local 843 Remote 820
Local 807 Remote 910
Local 899 Remote 941
Local 675 Remote 940
Local 671 Remote 1051
Local 841 Remote 1282
Local 859 Remote 1202
Local 1093 Remote 973
Local 847 Remote 855
Local 612 Remote 827
Local 790 Remote 831
Local 909 Remote 841
Local 917 Remote 938
Local 838 Remote 1231
Local 859 Remote 1293
Local 730 Remote 1163
Local 778 Remote 1157
Local 818 Remote 1247
Local 807 Remote 921
Local 592 Remote 843
Local 789 Remote 829
Local 852 Remote 896
Local 755 Remote 1188
Local 805 Remote 1063
Local 656 Remote 1011
Local 703 Remote 1184
Local 830 Remote 1018
Local 813 Remote 1009
Local 1069 Remote 982
Local 704 Remote 857
Local 529 Remote 828
Local 625 Remote 835
Local 883 Remote 854
Local 975 Remote 866
Local 806 Remote 926
Local 798 Remote 980
Local 768 Remote 1092
Local 767 Remote 1378
Local 709 Remote 1341
Local 893 Remote 943
Local 683 Remote 929
Local 712 Remote 844
Local 806 Remote 824
Local 798 Remote 1015
Local 731 Remote 957
Local 711 Remote 1006
Local 626 Remote 1098
Local 725 Remote 976
Local 750 Remote 976
Local 1036 Remote 984
Local 840 Remote 858
Local 554 Remote 828
Local 664 Remote 833
Local 727 Remote 835
Local 861 Remote 868
Local 808 Remote 904
Local 798 Remote 940
Local 753 Remote 1166
Local 796 Remote 1267
Local 858 Remote 1492
Local 937 Remote 1009
Local 677 Remote 863
Local 959 Remote 829
Local 733 Remote 821
Local 872 Remote 820
Local 854 Remote 901
Local 846 Remote 879
Local 670 Remote 963
Local 764 Remote 1370
Local 818 Remote 1243
Local 801 Remote 1082
Local 994 Remote 919
Local 914 Remote 842
Local 707 Remote 826
Local 950 Remote 853
Local 840 Remote 863
Local 760 Remote 968
Local 769 Remote 1196
Local 814 Remote 1090
Local 895 Remote 1236
Local 818 Remote 1371
Local 1097 Remote 970
Local 793 Remote 855
Local 737 Remote 936
Local 672 Remote 861
Local 854 Remote 829
Local 834 Remote 934
Local 833 Remote 1251
Local 748 Remote 1394
Local 577 Remote 1423
Local 806 Remote 1345
Local 882 Remote 1193
Local 814 Remote 907
Local 674 Remote 841
Local 735 Remote 825
Local 905 Remote 820
Local 883 Remote 1048
Local 869 Remote 1019
Local 856 Remote 1103
Local 833 Remote 1162
Local 861 Remote 1527
Local 695 Remote 1228
Local 965 Remote 1276
Local 819 Remote 946
Local 649 Remote 853
Local 658 Remote 826
Local 828 Remote 927
Local 830 Remote 1118
Local 877 Remote 939
Local 801 Remote 966
Local 755 Remote 1221
Local 846 Remote 1057
Local 881 Remote 1172
Local 1107 Remote 929
Local 912 Remote 844
Local 702 Remote 824
Local 921 Remote 1078
Local 875 Remote 909
Local 867 Remote 962
Local 858 Remote 1319
Local 867 Remote 1270
Local 858 Remote 1039
Local 822 Remote 1039
Local 957 Remote 1243
Local 1713 Remote 919
Local 838 Remote 855
Local 685 Remote 856
Local 800 Remote 879
Local 841 Remote 838
Local 865 Remote 865
Local 715 Remote 951
Local 681 Remote 1328
Local 892 Remote 1220
Local 851 Remote 1084
Local 1374 Remote 934
Local 1039 Remote 852
Local 780 Remote 839
Local 796 Remote 859
Local 823 Remote 938
Local 776 Remote 975
Local 819 Remote 1082
Local 802 Remote 1149
Local 828 Remote 1038
Local 750 Remote 1160
Local 857 Remote 1212
Local 743 Remote 948
Local 667 Remote 850
Local 769 Remote 872
Local 952 Remote 868
Local 837 Remote 1038
Local 788 Remote 935
Local 765 Remote 1102
Local 664 Remote 1214
Local 672 Remote 1221
Local 781 Remote 1067
Local 1024 Remote 959
Local 1151 Remote 856
Local 630 Remote 833
Local 658 Remote 823
Local 736 Remote 925
Local 825 Remote 901
Local 738 Remote 915
Local 798 Remote 1020
Local 741 Remote 1349
Local 770 Remote 1380
Local 863 Remote 1329
Local 945 Remote 1022
Local 996 Remote 892
Local 646 Remote 842
Local 671 Remote 874
Local 792 Remote 869
Local 895 Remote 957
Local 882 Remote 910
Local 826 Remote 1377
Local 682 Remote 1437
Local 855 Remote 1243
Local 726 Remote 1114
Local 1020 Remote 907
Local 792 Remote 840
Local 647 Remote 824
Local 934 Remote 858
Local 743 Remote 830
Local 865 Remote 1027
Local 875 Remote 1291
Local 841 Remote 1135
Local 686 Remote 1090
Local 726 Remote 1158
Local 807 Remote 1322
Local 812 Remote 941
Local 590 Remote 862
Local 728 Remote 829
Local 684 Remote 821
Local 757 Remote 920
Local 829 Remote 886
Local 741 Remote 921
Local 724 Remote 1419
Local 868 Remote 1419
Local 919 Remote 1414
Local 1115 Remote 1006
Local 663 Remote 936
Local 616 Remote 847
Local 759 Remote 828
Local 826 Remote 1185
Local 817 Remote 1036
Local 825 Remote 1273
Local 794 Remote 1103
Local 851 Remote 1016
Local 891 Remote 1030
Local 958 Remote 1203
Local 847 Remote 963
Local 572 Remote 871
Local 634 Remote 899
Local 729 Remote 958
Local 867 Remote 863
Local 852 Remote 1056
Local 698 Remote 1004
Local 680 Remote 1219
Local 918 Remote 1236
Local 800 Remote 1062
Local 832 Remote 892
Local 868 Remote 1240
Local 766 Remote 938
Local 848 Remote 861
Local 804 Remote 988
Local 646 Remote 932
Local 743 Remote 1063
Local 792 Remote 1197
Local 871 Remote 1231
Local 959 Remote 1265
Local 910 Remote 972
Local 857 Remote 855
Local 719 Remote 829
Local 991 Remote 822
Local 864 Remote 834
Local 841 Remote 920
Local 891 Remote 1092
Local 700 Remote 1144
Local 608 Remote 1195
Local 730 Remote 1102
Local 761 Remote 1107
Local 820 Remote 901
Local 571 Remote 856
Local 622 Remote 871
Local 798 Remote 936
Local 837 Remote 903
Local 769 Remote 925
Local 798 Remote 999
Local 774 Remote 1416
Local 833 Remote 1377
Local 835 Remote 1452
Local 920 Remote 1073
Local 975 Remote 907
Local 689 Remote 886
Local 929 Remote 835
Local 830 Remote 836
Local 752 Remote 933
Local 787 Remote 1032
Local 717 Remote 1138
Local 573 Remote 982
Local 671 Remote 1031
Local 885 Remote 1042
Local 716 Remote 878
Local 525 Remote 833
Local 639 Remote 830
Local 868 Remote 821
Local 781 Remote 830
Local 751 Remote 916
Local 790 Remote 929
Local 800 Remote 1187
Local 880 Remote 1243
Local 822 Remote 1260
Local 1135 Remote 1051
Local 649 Remote 874
Local 563 Remote 850
Local 670 Remote 831
Local 736 Remote 822
Local 751 Remote 922
Local 842 Remote 912
Local 681 Remote 956
Local 694 Remote 1230
Local 839 Remote 1012
Local 765 Remote 1137
Local 1032 Remote 1033
Local 904 Remote 869
Local 593 Remote 833
Local 631 Remote 857
Local 789 Remote 917
Local 828 Remote 1015
Local 839 Remote 1233
Local 824 Remote 1058
Local 786 Remote 1037
Local 715 Remote 1119
Local 913 Remote 1427
Local 1040 Remote 963
Local 664 Remote 853
Local 665 Remote 846
Local 729 Remote 832
Local 846 Remote 1067
Local 884 Remote 955
Local 671 Remote 949
Local 651 Remote 1314
Local 801 Remote 1167
Local 780 Remote 1094
Local 917 Remote 930
Local 583 Remote 844
Local 600 Remote 875
Local 809 Remote 836
Local 787 Remote 853
Local 872 Remote 915
Local 891 Remote 1075
Local 814 Remote 1103
Local 807 Remote 980
Local 691 Remote 1078
Local 881 Remote 1231
Local 926 Remote 1733
Local 643 Remote 1036
Local 717 Remote 933
Local 814 Remote 915
Local 772 Remote 853
Local 810 Remote 977
Local 651 Remote 1038
Local 659 Remote 1142
Local 843 Remote 1138
Local 769 Remote 999
Local 1025 Remote 930
Local 595 Remote 844
Local 566 Remote 837
Local 567 Remote 824
Local 702 Remote 857
Local 807 Remote 1004
Local 846 Remote 1266
Local 821 Remote 1130
Local 708 Remote 1172
Local 821 Remote 1124
Local 775 Remote 1189
Local 969 Remote 937
Local 658 Remote 847
Local 662 Remote 858
Local 769 Remote 1004
Local 798 Remote 975
Local 812 Remote 975
Local 654 Remote 921
Local 688 Remote 1139
Local 867 Remote 1175
Local 847 Remote 1215
Local 1113 Remote 975
Local 627 Remote 856
Local 582 Remote 828
Local 914 Remote 1361
Local 740 Remote 1021
Local 736 Remote 1046
Local 770 Remote 1103
Local 779 Remote 1103
Local 869 Remote 1264
Local 781 Remote 1199
Local 1044 Remote 996
Local 604 Remote 861
Local 583 Remote 862
Local 595 Remote 937
Local 747 Remote 868
Local 864 Remote 938
Local 842 Remote 1081
Local 724 Remote 1315
Local 602 Remote 1141
Local 794 Remote 1066
Local 772 Remote 1030
Local 835 Remote 878
Local 581 Remote 833
Local 684 Remote 823
Local 773 Remote 866
Local 828 Remote 890
Local 792 Remote 858
Local 820 Remote 971
Local 761 Remote 1333
Local 819 Remote 1367
Local 787 Remote 1424
Local 1090 Remote 1035
Local 632 Remote 870
Local 527 Remote 866
Local 643 Remote 974
Local 808 Remote 1181
Local 763 Remote 964
Local 762 Remote 974
Local 692 Remote 1051
Local 1294 Remote 1345
Local 859 Remote 1037
Local 802 Remote 963
Local 1007 Remote 1059
Local 643 Remote 880
Local 521 Remote 833
Local 653 Remote 860
Local 791 Remote 838
Local 789 Remote 865
Local 821 Remote 909
Local 792 Remote 1182
Local 719 Remote 1129
Local 880 Remote 1210
Local 775 Remote 1321
Local 893 Remote 979
Local 597 Remote 856
Local 642 Remote 836
Local 799 Remote 1263
Local 858 Remote 929
Local 794 Remote 981
Local 767 Remote 1107
Local 665 Remote 1189
Local 695 Remote 974
Local 747 Remote 898
Local 1002 Remote 1012
Local 678 Remote 865
Local 518 Remote 842
Local 608 Remote 851
Local 697 Remote 883
Local 758 Remote 869
Local 760 Remote 863
Local 804 Remote 955
Local 752 Remote 1330
Local 786 Remote 1343
Local 766 Remote 1352
Local 853 Remote 1009
Local 678 Remote 888
Local 675 Remote 991
Local 904 Remote 1216
Local 719 Remote 937
Local 741 Remote 1021
Local 650 Remote 1086
Local 627 Remote 1169
Local 768 Remote 1036
Local 761 Remote 995
Local 1019 Remote 976
Local 696 Remote 874
Local 515 Remote 832
Local 610 Remote 823
Local 748 Remote 906
Local 842 Remote 924
Local 804 Remote 1275
Local 830 Remote 1149
Local 786 Remote 1027
Local 713 Remote 912
Local 880 Remote 1069
Local 1235 Remote 1127
Local 661 Remote 892
Local 673 Remote 856
Local 763 Remote 1185
Local 815 Remote 940
Local 836 Remote 1177
Local 627 Remote 955
Local 640 Remote 1214
Local 803 Remote 928
Local 731 Remote 1087
Local 931 Remote 908
Local 590 Remote 840
Local 646 Remote 834
Local 853 Remote 859
Local 786 Remote 936
Local 851 Remote 1124
Local 804 Remote 1178
Local 824 Remote 1091
Local 860 Remote 1487
Local 741 Remote 1453
Local 955 Remote 1222
Local 646 Remote 914
Local 511 Remote 841
Local 670 Remote 833
Local 690 Remote 845
Local 830 Remote 1073
Local 862 Remote 1125
Local 752 Remote 959
Local 845 Remote 1436
Local 844 Remote 1287
Local 821 Remote 1271
Local 1112 Remote 1004
Local 691 Remote 862
Local 567 Remote 852
Local 610 Remote 829
Local 747 Remote 979
Local 770 Remote 984
Local 851 Remote 1120
Local 806 Remote 1339
Local 766 Remote 1102
Local 685 Remote 1015
Local 725 Remote 1241
Local 790 Remote 940
Local 646 Remote 847
Local 503 Remote 826
Local 664 Remote 820
Local 702 Remote 833
Local 817 Remote 933
Local 821 Remote 941
Local 686 Remote 1045
Local 624 Remote 1441
Local 846 Remote 1299
Local 875 Remote 1341
Local 1108 Remote 1004
Local 617 Remote 862
Local 588 Remote 949
Local 723 Remote 933
Local 797 Remote 1017
Local 917 Remote 961
Local 882 Remote 1250
Local 802 Remote 1306
Local 797 Remote 1119
Local 779 Remote 1069
Local 750 Remote 1257
Local 787 Remote 926
Local 595 Remote 850
Local 676 Remote 872
Local 829 Remote 975
Local 784 Remote 870
Local 757 Remote 985
Local 707 Remote 1165
Local 663 Remote 1175
Local 717 Remote 1043
Local 751 Remote 1069
Local 1046 Remote 1044
Local 1374 Remote 899
Local 682 Remote 838
Local 667 Remote 937
Local 786 Remote 880
Local 915 Remote 881
Local 798 Remote 932
Local 768 Remote 1022
Local 783 Remote 1171
Local 866 Remote 1164
Local 807 Remote 1394
Local 1067 Remote 1088
Local 734 Remote 883
Local 616 Remote 834
Local 741 Remote 846
Local 789 Remote 841
Local 806 Remote 909
Local 829 Remote 1177
Local 750 Remote 1292
Local 631 Remote 1176
Local 818 Remote 1093
Local 939 Remote 1014
Local 1008 Remote 865
Local 602 Remote 829
Local 640 Remote 821
Local 686 Remote 2077
Local 765 Remote 1233
Local 723 Remote 995
Local 812 Remote 921
Local 802 Remote 1175
Local 836 Remote 1269
Local 819 Remote 1446
Local 944 Remote 1045
Local 684 Remote 872
Local 629 Remote 848
Local 934 Remote 828
Local 780 Remote 923
Local 768 Remote 1032
Local 882 Remote 1217
Local 755 Remote 1401
Local 667 Remote 1239
Local 815 Remote 1015
Local 811 Remote 991
Local 824 Remote 901
Local 564 Remote 838
Local 692 Remote 833
Local 788 Remote 1124
Local 735 Remote 922
Local 651 Remote 956
Local 783 Remote 1079
Local 823 Remote 1215
Local 924 Remote 1547
Local 816 Remote 1353
Local 1080 Remote 1129
Local 774 Remote 892
Local 563 Remote 837
Local 601 Remote 824
Local 771 Remote 847
Local 917 Remote 993
Local 835 Remote 1078
Local 731 Remote 1258
Local 612 Remote 1079
Local 826 Remote 1044
Local 926 Remote 1126
Local 1005 Remote 892
Local 606 Remote 836
Local 718 Remote 965
Local 835 Remote 922
Local 754 Remote 889
Local 640 Remote 910
Local 727 Remote 1010
Local 776 Remote 1295
Local 872 Remote 1208
Local 792 Remote 1480
Local 1060 Remote 1066
Local 619 Remote 877
Local 531 Remote 832
Local 582 Remote 822
Local 756 Remote 820
Local 798 Remote 953
Local 791 Remote 1075
Local 739 Remote 1087
Local 682 Remote 1176
Local 720 Remote 995
Local 811 Remote 973
Local 970 Remote 1030
Local 657 Remote 885
Local 530 Remote 835
Local 640 Remote 829
Local 734 Remote 821
Local 864 Remote 831
Local 780 Remote 874
Local 775 Remote 993
Local 679 Remote 1145
Local 772 Remote 1030
Local 815 Remote 1024
Local 844 Remote 887
Local 686 Remote 835
Local 734 Remote 824
Local 915 Remote 820
Local 825 Remote 989
Local 812 Remote 916
Local 763 Remote 1068
Local 687 Remote 1147
Local 595 Remote 984
Local 737 Remote 919
Local 953 Remote 930
Local 803 Remote 852
Local 549 Remote 826
Local 628 Remote 853
Local 736 Remote 858
Local 828 Remote 840
Local 777 Remote 881
Local 790 Remote 901
Local 729 Remote 929
Local 763 Remote 1036
Local 848 Remote 1262
Local 787 Remote 955
Local 632 Remote 862
Local 798 Remote 829
Local 849 Remote 1800
Local 857 Remote 1278
Local 914 Remote 928
Local 715 Remote 922
Local 793 Remote 1105
Local 817 Remote 1072
Local 808 Remote 944
Local 893 Remote 891
Local 822 Remote 916
Local 756 Remote 857
Local 799 Remote 844
Local 836 Remote 864
Local 919 Remote 950
Local 811 Remote 1020
Local 863 Remote 1050
Local 832 Remote 970
Local 661 Remote 916
Local 818 Remote 966
Local 739 Remote 1318
Local 527 Remote 937
Local 679 Remote 903
Local 829 Remote 838
Local 793 Remote 846
Local 927 Remote 888
Local 752 Remote 869
Local 745 Remote 997
Local 831 Remote 913
Local 762 Remote 864
Local 865 Remote 880
Local 808 Remote 867
Local 733 Remote 878
Local 907 Remote 850
Local 972 Remote 960
Local 750 Remote 867
Local 749 Remote 867
Local 867 Remote 895
Local 845 Remote 892
Local 743 Remote 1003
Local 883 Remote 932
Local 587 Remote 860
Local 752 Remote 829
Local 1039 Remote 843
Local 955 Remote 878
Local 1105 Remote 850
Local 884 Remote 847
Local 738 Remote 830
Local 658 Remote 919
Local 798 Remote 842
Local 903 Remote 902
Local 715 Remote 844
Local 522 Remote 824
Local 720 Remote 820
Local 712 Remote 820
Local 1035 Remote 937
Local 775 Remote 848
Local 740 Remote 862
Local 844 Remote 844
Local 878 Remote 847
Local 811 Remote 890
Local 767 Remote 1000
Local 912 Remote 870
Local 624 Remote 942
Local 732 Remote 858
Local 799 Remote 828
Local 798 Remote 984
Local 841 Remote 899
Local 655 Remote 870
Local 745 Remote 1020
Local 875 Remote 994
Local 776 Remote 860
Local 886 Remote 848
Local 760 Remote 868
Local 754 Remote 831
Local 901 Remote 874
Local 854 Remote 899
Local 937 Remote 906
Local 819 Remote 967
Local 840 Remote 931
Local 914 Remote 945
Local 739 Remote 848
Local 902 Remote 909
Local 669 Remote 840
Local 523 Remote 824
Local 640 Remote 1017
Local 737 Remote 879
Local 835 Remote 953
Local 925 Remote 867
Local 679 Remote 909
Local 687 Remote 979
Local 795 Remote 856
Local 770 Remote 1019
Local 986 Remote 943
Local 674 Remote 892
Local 642 Remote 842
Local 870 Remote 869
Local 898 Remote 835
Local 949 Remote 906
Local 893 Remote 847
Local 890 Remote 844
Local 895 Remote 831
Local 1004 Remote 849
Local 1051 Remote 980
Local 713 Remote 872
Local 529 Remote 887
Local 726 Remote 840
Local 836 Remote 846
Local 925 Remote 850
Local 961 Remote 834
Local 777 Remote 892
Local 934 Remote 908
Local 839 Remote 901
Local 766 Remote 893
Local 919 Remote 838
Local 715 Remote 1057
Local 808 Remote 875
Local 857 Remote 854
Local 860 Remote 1977
Local 763 Remote 1171
Local 786 Remote 913
Local 835 Remote 892
Local 861 Remote 844
Local 819 Remote 824
Local 1009 Remote 820
Local 629 Remote 958
Local 759 Remote 865
Local 873 Remote 831
Local 941 Remote 872
Local 984 Remote 841
Local 730 Remote 826
Local 776 Remote 943
Local 840 Remote 949
Local 902 Remote 893
Local 807 Remote 841
Local 748 Remote 957
Local 804 Remote 884
Local 792 Remote 845
Local 803 Remote 832
Local 735 Remote 826
Local 787 Remote 871
Local 887 Remote 879
Local 905 Remote 863
Local 798 Remote 838
Local 872 Remote 833
Local 661 Remote 925
Local 811 Remote 847
Local 820 Remote 826
Local 969 Remote 820
Local 1056 Remote 831
Local 749 Remote 826
Local 793 Remote 985
Local 869 Remote 1138
Local 805 Remote 923
Local 952 Remote 939
Local 657 Remote 847
Local 748 Remote 835
Local 902 Remote 831
Local 865 Remote 823
Local 992 Remote 1049
Local 975 Remote 907
Local 969 Remote 862
Local 1035 Remote 1031
Local 918 Remote 891
Local 1090 Remote 919
Local 661 Remote 842
Local 517 Remote 824
Local 683 Remote 838
Local 978 Remote 823
Local 862 Remote 922
Local 799 Remote 843
Local 757 Remote 824
Local 788 Remote 922
Local 904 Remote 879
Local 890 Remote 860
Local 996 Remote 890
Local 765 Remote 1346
Local 661 Remote 943
Local 806 Remote 950
Local 920 Remote 860
Local 947 Remote 832
Local 936 Remote 877
Local 933 Remote 864
Local 881 Remote 853
Local 771 Remote 843
Local 920 Remote 872
Local 817 Remote 951
Local 548 Remote 895
Local 813 Remote 843
Local 904 Remote 824
Local 993 Remote 820
Local 898 Remote 914
Local 718 Remote 862
Local 816 Remote 866
Local 930 Remote 856
Local 807 Remote 828
Local 937 Remote 823
Local 618 Remote 820
Local 722 Remote 820
Local 889 Remote 820
Local 821 Remote 875
Local 809 Remote 852
Local 891 Remote 870
Local 849 Remote 843
Local 984 Remote 855
Local 934 Remote 851
Local 999 Remote 961
Local 754 Remote 1399
Local 673 Remote 962
Local 857 Remote 883
Local 864 Remote 919
Local 949 Remote 961
Local 739 Remote 859
Local 701 Remote 842
Local 854 Remote 853
Local 848 Remote 841
Local 1143 Remote 874
Local 654 Remote 832
Local 784 Remote 826
Local 700 Remote 821
Local 842 Remote 821
Local 1034 Remote 997
Local 970 Remote 932
Local 934 Remote 862
Local 852 Remote 833
Local 729 Remote 1027
Local 846 Remote 871
Local 729 Remote 842
Local 537 Remote 824
Local 849 Remote 823
Local 828 Remote 836
Local 855 Remote 922
Local 862 Remote 843
Local 646 Remote 860
Local 810 Remote 1097
Local 958 Remote 967
Local 787 Remote 906
Local 872 Remote 879
Local 692 Remote 833
Local 814 Remote 851
Local 925 Remote 857
Local 804 Remote 844
Local 738 Remote 835
Local 878 Remote 880
Local 838 Remote 946
Local 978 Remote 849
Local 922 Remote 933
Local 1177 Remote 997
Local 629 Remote 861
Local 633 Remote 830
Local 806 Remote 821
Local 1110 Remote 986
Local 1061 Remote 900
Local 942 Remote 910
Local 838 Remote 872
Local 772 Remote 909
Local 831 Remote 847
Local 749 Remote 841
Local 895 Remote 871
Local 579 Remote 831
Local 642 Remote 823
Local 898 Remote 846
Local 866 Remote 914
Local 916 Remote 900
Local 957 Remote 913
Local 862 Remote 852
Local 889 Remote 882
Local 780 Remote 870
Local 1013 Remote 1020
Local 745 Remote 880
Local 562 Remote 833
Local 698 Remote 858
Local 757 Remote 949
Local 845 Remote 850
Local 900 Remote 829
Local 882 Remote 821
Local 915 Remote 1140
Local 852 Remote 943
Local 811 Remote 848
Local 815 Remote 842
Local 867 Remote 1578
Local 556 Remote 999
Local 727 Remote 903
Local 827 Remote 838
Local 1001 Remote 999
Local 919 Remote 871
Local 852 Remote 844
Local 929 Remote 824
Local 901 Remote 826
Local 832 Remote 883
Local 886 Remote 861
Local 811 Remote 1029
Local 749 Remote 868
Local 882 Remote 989
Local 867 Remote 1021
Local 899 Remote 867
Local 764 Remote 830
Local 920 Remote 937
Local 959 Remote 914
Local 832 Remote 841
Local 871 Remote 853
Local 604 Remote 826
Local 641 Remote 826
Local 896 Remote 1437
Local 874 Remote 1167
Local 984 Remote 930
Local 1015 Remote 852
Local 864 Remote 826
Local 1016 Remote 828
Local 871 Remote 823
Local 1078 Remote 889
Local 651 Remote 835
Local 511 Remote 823
Local 686 Remote 874
Local 813 Remote 838
Local 925 Remote 911
Local 932 Remote 934
Local 712 Remote 856
Local 878 Remote 898
Local 916 Remote 838
Local 781 Remote 884
Local 806 Remote 858
Local 623 Remote 828
Local 738 Remote 862
Local 823 Remote 829
Local 754 Remote 822
Local 757 Remote 820
Local 881 Remote 834
Local 886 Remote 868
Local 1001 Remote 831
Local 1034 Remote 1014
Local 990 Remote 881
Local 628 Remote 833
Local 658 Remote 822
Local 646 Remote 820
Local 821 Remote 820
Local 936 Remote 898
Local 932 Remote 838
Local 772 Remote 871
Local 710 Remote 941
Local 706 Remote 857
Local 859 Remote 857
Local 877 Remote 947
Local 565 Remote 849
Local 845 Remote 834
Local 841 Remote 929
Local 952 Remote 1210
Local 782 Remote 951
Local 802 Remote 860
Local 901 Remote 874
Local 998 Remote 832
Local 921 Remote 850
Local 928 Remote 865
Local 601 Remote 1014
Local 706 Remote 1150
Local 874 Remote 2159
Local 859 Remote 1243
Local 857 Remote 919
Local 887 Remote 847
Local 733 Remote 866
Local 740 Remote 856
Local 716 Remote 828
Local 917 Remote 821
Local 707 Remote 1291
Local 517 Remote 931
Local 682 Remote 854
Local 819 Remote 841
Local 879 Remote 849
Local 831 Remote 838
Local 819 Remote 853
Local 866 Remote 829
Local 818 Remote 885
Local 786 Remote 899
Local 817 Remote 849
Local 945 Remote 829
Local 613 Remote 861
Local 674 Remote 829
Local 728 Remote 851
Local 750 Remote 849
Local 868 Remote 826
Local 731 Remote 820
Local 706 Remote 837
Local 950 Remote 929
Local 795 Remote 870
Local 1072 Remote 873
Local 629 Remote 831
Local 653 Remote 823
Local 887 Remote 820
Local 836 Remote 836
Local 884 Remote 855
Local 900 Remote 836
Local 885 Remote 850
Local 1010 Remote 829
Local 950 Remote 821
Local 1103 Remote 841
Local 918 Remote 1008
Local 719 Remote 865
Local 819 Remote 1012
Local 898 Remote 896
Local 939 Remote 912
Local 907 Remote 841
Local 810 Remote 923
Local 678 Remote 875
Local 692 Remote 832
Local 863 Remote 861
Local 698 Remote 904
Local 517 Remote 859
Local 785 Remote 1430
Local 858 Remote 973
Local 873 Remote 869
Local 709 Remote 853
Local 738 Remote 831
Local 896 Remote 839
Local 888 Remote 844
Local 721 Remote 824
Local 889 Remote 858
Local 595 Remote 954
Local 720 Remote 853
Local 879 Remote 865
Local 863 Remote 835
Local 892 Remote 851
Local 934 Remote 871
Local 814 Remote 872
Local 731 Remote 863
Local 742 Remote 879
Local 855 Remote 857
Local 771 Remote 828
Local 538 Remote 821
Local 755 Remote 850
Local 906 Remote 841
Local 907 Remote 856
Local 812 Remote 833
Local 807 Remote 841
Local 873 Remote 844
Local 857 Remote 837
Local 802 Remote 844
Local 788 Remote 835
Local 628 Remote 823
Local 851 Remote 820
Local 928 Remote 820
Local 818 Remote 829
Local 888 Remote 842
Local 700 Remote 896
Local 795 Remote 856
Local 1035 Remote 1141
Local 911 Remote 895
Local 937 Remote 862
Local 633 Remote 829
Local 730 Remote 856
Local 890 Remote 3468
Local 921 Remote 1495
Local 774 Remote 1021
Local 847 Remote 929
Local 912 Remote 895
Local 1023 Remote 842
Local 854 Remote 834
Local 1067 Remote 932
Local 665 Remote 846
Local 806 Remote 853
Local 895 Remote 903
Local 871 Remote 869
Local 902 Remote 853
Local 895 Remote 841
Local 882 Remote 883
Local 757 Remote 884
Local 781 Remote 925
Local 834 Remote 915
Local 749 Remote 855
Local 534 Remote 827
Local 639 Remote 838
Local 785 Remote 823
Local 847 Remote 880
Local 827 Remote 833
Local 754 Remote 825
Local 920 Remote 851
Local 927 Remote 830
Local 825 Remote 897
Local 961 Remote 861
Local 855 Remote 829
Local 561 Remote 821
Local 708 Remote 820
Local 817 Remote 820
Local 812 Remote 1108
Local 926 Remote 930
Local 712 Remote 844
Local 673 Remote 888
Local 910 Remote 846
Local 769 Remote 825
Local 892 Remote 839
Local 717 Remote 865
Local 775 Remote 829
Local 908 Remote 983
Local 917 Remote 881
Local 958 Remote 895
Local 963 Remote 916
Local 823 Remote 853
Local 982 Remote 845
Local 716 Remote 898
Local 1017 Remote 878
Local 643 Remote 833
Local 507 Remote 841
Local 644 Remote 826
Local 771 Remote 862
Local 956 Remote 1083
Local 1035 Remote 895
Local 705 Remote 847
Local 846 Remote 904
Local 815 Remote 839
Local 786 Remote 828
Local 786 Remote 848
Local 707 Remote 889
Local 740 Remote 894
Local 847 Remote 836
Local 861 Remote 1083
Local 854 Remote 883
Local 801 Remote 838
Local 939 Remote 877
Local 858 Remote 838
Local 703 Remote 840
Local 948 Remote 850
Local 677 Remote 826
Local 727 Remote 825
Local 870 Remote 820
Local 845 Remote 931
Local 1026 Remote 896
Local 905 Remote 839
Local 983 Remote 842
Local 733 Remote 851
Local 779 Remote 954
Local 907 Remote 868
Local 811 Remote 1322
Local 542 Remote 953
Local 639 Remote 861
Local 875 Remote 874
Local 857 Remote 872
Local 788 Remote 847
Local 775 Remote 842
Local 937 Remote 854
Local 852 Remote 826
Local 817 Remote 820
Local 928 Remote 895
Local 821 Remote 870
Local 781 Remote 868
Local 1018 Remote 844
Local 936 Remote 897
Local 916 Remote 849
Local 685 Remote 851
Local 793 Remote 832
Local 1065 Remote 823
Local 771 Remote 840
Local 886 Remote 900
Local 561 Remote 838
Local 689 Remote 823
Local 911 Remote 820
Local 918 Remote 836
Local 852 Remote 823
Local 849 Remote 843
Local 889 Remote 853
Local 946 Remote 830
Local 910 Remote 838
Local 1044 Remote 841
Local 737 Remote 1089
Local 634 Remote 883
Local 1212 Remote 2566
Local 966 Remote 1389
Local 890 Remote 999
Local 905 Remote 948
Local 897 Remote 850
Local 721 Remote 835
Local 738 Remote 837
Local 915 Remote 852
Local 861 Remote 835
Local 554 Remote 825
Local 680 Remote 820
Local 765 Remote 828
Local 798 Remote 834
Local 827 Remote 836
Local 757 Remote 823
Local 848 Remote 844
Local 787 Remote 856
Local 846 Remote 934
Local 1029 Remote 849
Local 801 Remote 826
Local 540 Remote 820
Local 795 Remote 820
Local 866 Remote 890
Local 945 Remote 891
Local 973 Remote 838
Local 640 Remote 871
Local 834 Remote 856
Local 802 Remote 948
Local 768 Remote 899
Local 766 Remote 844
Local 543 Remote 824
Local 712 Remote 949
Local 821 Remote 850
Local 790 Remote 844
Local 725 Remote 842
Local 784 Remote 826
Local 885 Remote 1069
Local 823 Remote 878
Local 812 Remote 873
Local 894 Remote 847
Local 737 Remote 826
Local 704 Remote 835
Local 861 Remote 823
Local 887 Remote 820
Local 938 Remote 943
Local 791 Remote 1037
Local 775 Remote 949
Local 892 Remote 920
Local 798 Remote 843
Local 923 Remote 843
Local 610 Remote 824
Local 825 Remote 822
Local 810 Remote 820
Local 816 Remote 820
Local 945 Remote 822
Local 951 Remote 827
Local 910 Remote 839
Local 889 Remote 887
Local 783 Remote 896
Local 928 Remote 880
Local 728 Remote 3184
Local 523 Remote 1382
Local 671 Remote 1003
Local 910 Remote 904
Local 972 Remote 1255
Local 923 Remote 922
Local 706 Remote 858
Local 780 Remote 854
Local 857 Remote 985
Local 885 Remote 865
Local 852 Remote 880
Local 712 Remote 833
Local 642 Remote 844
Local 716 Remote 839
Local 909 Remote 905
Local 935 Remote 846
Local 963 Remote 897
Local 897 Remote 844
Local 895 Remote 880
Local 757 Remote 840
Local 950 Remote 947
Local 935 Remote 871
Local 578 Remote 855
Local 779 Remote 861
Local 802 Remote 874
Local 839 Remote 856
Local 912 Remote 841
Local 739 Remote 824
Local 689 Remote 874
Local 862 Remote 838
Local 834 Remote 865
Local 817 Remote 879
Local 679 Remote 833
Local 664 Remote 839
Local 931 Remote 4255
Local 800 Remote 1646
Local 818 Remote 1038
Local 793 Remote 885
Local 912 Remote 1064
Local 971 Remote 880
Local 974 Remote 874
Local 1073 Remote 862
Local 703 Remote 829
Local 646 Remote 821
Local 750 Remote 842
Local 854 Remote 919
Local 910 Remote 897
Local 805 Remote 926
Local 757 Remote 860
Local 762 Remote 885
Local 749 Remote 877
Local 904 Remote 903
Local 627 Remote 841
Local 510 Remote 824
Local 633 Remote 825
Local 763 Remote 820
Local 884 Remote 1026
Local 829 Remote 868
Local 855 Remote 862
Local 913 Remote 878
Local 880 Remote 842
Local 763 Remote 1005
Local 790 Remote 883
Local 967 Remote 1063
Local 584 Remote 877
Local 684 Remote 837
Local 854 Remote 837
Local 863 Remote 904
Local 928 Remote 839
Local 754 Remote 889
Local 859 Remote 901
Local 860 Remote 838
Local 724 Remote 848
Local 822 Remote 883
Local 567 Remote 985
Local 716 Remote 880
Local 884 Remote 846
Local 854 Remote 887
Local 938 Remote 850
Local 924 Remote 868
Local 773 Remote 849
Local 922 Remote 867
Local 874 Remote 923
Local 977 Remote 864
Local 649 Remote 831
Local 503 Remote 822
Local 859 Remote 849
Local 905 Remote 851
Local 1064 Remote 858
Local 964 Remote 828
Local 791 Remote 882
Local 798 Remote 859
Local 766 Remote 922
Local 733 Remote 895
Local 706 Remote 844
Local 617 Remote 859
Local 810 Remote 846
Local 833 Remote 1887
Local 812 Remote 1167
Local 722 Remote 927
Local 715 Remote 850
Local 847 Remote 892
Local 974 Remote 849
Local 923 Remote 921
Local 967 Remote 897
Local 780 Remote 837
Local 674 Remote 823
Local 782 Remote 832
Local 869 Remote 822
Local 907 Remote 903
Local 939 Remote 879
Local 782 Remote 858
Local 853 Remote 847
Local 733 Remote 876
Local 840 Remote 876
Local 697 Remote 851
Local 522 Remote 826
Local 647 Remote 821
Local 756 Remote 1223
Local 872 Remote 952
Local 823 Remote 1571
Local 784 Remote 1004
Local 871 Remote 909
Local 964 Remote 859
Local 918 Remote 876
Local 845 Remote 888
Local 728 Remote 891
Local 656 Remote 835
Local 911 Remote 955
Local 855 Remote 870
Local 863 Remote 975
Local 945 Remote 883
Local 788 Remote 866
Local 748 Remote 872
Local 810 Remote 831
Local 768 Remote 894
Local 950 Remote 838
Local 575 Remote 823
Local 915 Remote 871
Local 825 Remote 834
Local 820 Remote 1328
Local 724 Remote 940
Local 795 Remote 856
Local 860 Remote 879
Local 928 Remote 836
Local 787 Remote 869
Local 820 Remote 901
Local 859 Remote 1043
Local 791 Remote 872
Local 824 Remote 862
Local 963 Remote 855
Local 983 Remote 827
Local 674 Remote 970
Local 834 Remote 913
Local 950 Remote 865
Local 786 Remote 866
Local 978 Remote 853
Local 820 Remote 958
Local 688 Remote 867
Local 1063 Remote 857
Local 953 Remote 829
Local 1037 Remote 889
Local 973 Remote 1012
Local 881 Remote 896
Local 858 Remote 876
Local 745 Remote 860
Local 891 Remote 940
Local 663 Remote 847
Local 600 Remote 1020
Local 493 Remote 887
Local 663 Remote 840
Local 892 Remote 824
Local 952 Remote 822
Local 1031 Remote 820
Local 760 Remote 933
Local 854 Remote 919
Local 884 Remote 850
Local 696 Remote 904
Local 918 Remote 926
Local 598 Remote 1012
Local 750 Remote 882
Local 849 Remote 833
Local 910 Remote 822
Local 884 Remote 838
Local 858 Remote 853
Local 796 Remote 920
Local 999 Remote 897
Local 832 Remote 936
Local 1039 Remote 869
Local 638 Remote 831
Local 531 Remote 937
Local 673 Remote 895
Local 768 Remote 867
Local 906 Remote 853
Local 975 Remote 843
Local 706 Remote 878
Local 798 Remote 871
Local 919 Remote 843
Local 762 Remote 857
Local 844 Remote 879
Local 688 Remote 842
Local 634 Remote 824
Local 754 Remote 833
Local 847 Remote 829
Local 898 Remote 905
Local 884 Remote 923
Local 834 Remote 886
Local 908 Remote 853
Local 764 Remote 838
Local 971 Remote 895
Local 779 Remote 840
Local 557 Remote 824
Local 732 Remote 820
Local 836 Remote 1020
Local 902 Remote 887
Local 944 Remote 841
Local 671 Remote 870
Local 803 Remote 889
Local 1004 Remote 835
Local 700 Remote 865
Local 913 Remote 901
Local 598 Remote 838
Local 714 Remote 823
Local 893 Remote 1058
Local 885 Remote 959
Local 841 Remote 910
Local 883 Remote 859
Local 798 Remote 926
Local 939 Remote 847
Local 812 Remote 881
Local 1011 Remote 865
Local 677 Remote 1382
Local 572 Remote 957
Local 686 Remote 891
Local 690 Remote 835
Local 992 Remote 842
Local 931 Remote 843
Local 757 Remote 1041
Local 816 Remote 912
Local 832 Remote 847
Local 689 Remote 944
Local 711 Remote 865
Local 556 Remote 901
Local 867 Remote 838
Local 881 Remote 823
Local 876 Remote 820
Local 760 Remote 825
Local 721 Remote 834
Local 869 Remote 874
Local 917 Remote 854
Local 716 Remote 865
Local 855 Remote 863
Local 748 Remote 829
Local 782 Remote 828
Local 948 Remote 821
Local 900 Remote 820
Local 884 Remote 876
Local 722 Remote 838
Local 662 Remote 917
Local 885 Remote 996
Local 699 Remote 951
Local 949 Remote 892
Local 601 Remote 918
Local 642 Remote 858
Local 674 Remote 842
Local 838 Remote 848
Local 863 Remote 849
Local 957 Remote 902
Local 781 Remote 877
Local 931 Remote 871
Local 843 Remote 844
Local 795 Remote 895
Local 907 Remote 901
Local 593 Remote 838
Local 508 Remote 823
Local 690 Remote 847
Local 817 Remote 826
Local 879 Remote 1056
Local 984 Remote 904
Local 667 Remote 939
Local 838 Remote 882
Local 981 Remote 1077
Local 740 Remote 914
Local 811 Remote 879
Local 716 Remote 833
Local 642 Remote 850
Local 763 Remote 826
Local 929 Remote 860
Local 871 Remote 867
Local 859 Remote 852
Local 825 Remote 883
Local 1008 Remote 855
Local 824 Remote 896
Local 964 Remote 920
Local 707 Remote 963
Local 639 Remote 860
Local 609 Remote 855
Local 692 Remote 827
Local 936 Remote 821
Local 902 Remote 820
Local 738 Remote 866
Local 633 Remote 867
Local 754 Remote 880
Local 886 Remote 889
Local 860 Remote 838
Local 579 Remote 823
Local 787 Remote 868
Local 858 Remote 831
Local 875 Remote 936
Local 820 Remote 861
Local 704 Remote 873
Local 946 Remote 892
Local 904 Remote 866
Local 714 Remote 866
Local 766 Remote 912
Local 571 Remote 896
Local 711 Remote 847
Local 764 Remote 1000
Local 849 Remote 884
Local 905 Remote 835
Local 658 Remote 897
Local 818 Remote 1033
Local 843 Remote 887
Local 747 Remote 855
Local 892 Remote 850
Local 660 Remote 826
Local 817 Remote 901
Local 860 Remote 1646
Local 808 Remote 1120
Local 931 Remote 928
Local 946 Remote 868
Local 834 Remote 916
Local 979 Remote 931
Local 852 Remote 892
Local 959 Remote 906
Local 884 Remote 840
Local 562 Remote 824
Local 665 Remote 903
Local 854 Remote 866
Local 893 Remote 881
Local 916 Remote 928
Local 799 Remote 885
Local 800 Remote 907
Local 789 Remote 840
Local 708 Remote 922
Local 721 Remote 939
Local 597 Remote 849
Local 803 Remote 963
Local 873 Remote 853
Local 871 Remote 939
Local 949 Remote 864
Local 931 Remote 859
Local 811 Remote 858
Local 901 Remote 850
Local 660 Remote 898
Local 1014 Remote 946
Local 811 Remote 1423
Local 545 Remote 999
Local 629 Remote 895
Local 733 Remote 1119
Local 874 Remote 926
Local 970 Remote 885
Local 715 Remote 917
Local 806 Remote 871
Local 823 Remote 845
Local 695 Remote 890
Local 1002 Remote 871
Local 685 Remote 926
Local 676 Remote 914
Local 750 Remote 999
Local 839 Remote 869
Local 983 Remote 850
Local 926 Remote 830
Local 780 Remote 850
Local 950 Remote 850
Local 680 Remote 870
Local 1000 Remote 923
Local 689 Remote 845
Local 534 Remote 848
Local 601 Remote 826
Local 647 Remote 858
Local 849 Remote 850
Local 868 Remote 829
Local 993 Remote 821
Local 756 Remote 873
Local 859 Remote 951
Local 803 Remote 853
Local 671 Remote 908
Local 702 Remote 898
Local 565 Remote 857
Local 679 Remote 897
Local 915 Remote 1009
Local 828 Remote 883
Local 736 Remote 878
Local 736 Remote 835
Local 877 Remote 907
Local 898 Remote 844
Local 797 Remote 884
Local 848 Remote 862
Local 660 Remote 829
Local 754 Remote 832
Local 823 Remote 836
Local 838 Remote 824
Local 886 Remote 820
Local 743 Remote 820
Local 687 Remote 844
Local 791 Remote 835
Local 679 Remote 917
Local 1007 Remote 969
Local 600 Remote 854
Local 648 Remote 828
Local 605 Remote 861
Local 782 Remote 1150
Local 855 Remote 928
Local 888 Remote 855
Local 839 Remote 867
Local 878 Remote 858
Local 730 Remote 831
Local 921 Remote 868
Local 718 Remote 833
Local 541 Remote 822
Local 665 Remote 820
Local 751 Remote 1432
Local 835 Remote 1025
Local 922 Remote 890
Local 640 Remote 952
Local 822 Remote 898
Local 912 Remote 855
Local 817 Remote 863
Local 799 Remote 839
Local 685 Remote 841
Local 673 Remote 824
Local 924 Remote 3257
Local 807 Remote 1463
Local 970 Remote 1055
Local 899 Remote 886
Local 814 Remote 888
Local 959 Remote 839
Local 653 Remote 894
Local 986 Remote 905
Local 700 Remote 866
Local 700 Remote 829
Local 785 Remote 860
Local 826 Remote 841
Local 922 Remote 900
Local 965 Remote 838
Local 662 Remote 878
Local 827 Remote 896
Local 860 Remote 906
Local 781 Remote 856
Local 754 Remote 853
Local 755 Remote 895
Local 791 Remote 938
Local 841 Remote 952
Local 830 Remote 874
Local 772 Remote 838
Local 779 Remote 826
Local 864 Remote 871
Local 900 Remote 861
Local 878 Remote 841
Local 928 Remote 847
Local 664 Remote 826
Local 737 Remote 915
Local 924 Remote 914
Local 767 Remote 859
Local 902 Remote 828
Local 733 Remote 1917
Local 750 Remote 1334
Local 887 Remote 968
Local 699 Remote 931
Local 921 Remote 876
Local 848 Remote 1372
Local 551 Remote 950
Local 636 Remote 860
Local 888 Remote 883
Local 850 Remote 887
Local 810 Remote 845
Local 730 Remote 865
Local 788 Remote 848
Local 739 Remote 826
Local 821 Remote 951
Local 783 Remote 874
Local 556 Remote 832
Local 482 Remote 822
Local 692 Remote 829
Local 766 Remote 865
Local 846 Remote 841
Local 956 Remote 824
Local 683 Remote 848
Local 827 Remote 901
Local 864 Remote 853
Local 827 Remote 972
Local 786 Remote 908
Local 558 Remote 854
Local 632 Remote 826
Local 888 Remote 878
Local 846 Remote 877
Local 954 Remote 878
Local 880 Remote 852
Local 771 Remote 849
Local 924 Remote 892
Local 648 Remote 903
Local 925 Remote 968
Local 872 Remote 1486
Local 565 Remote 977
Local 578 Remote 891
Local 710 Remote 858
Local 856 Remote 833
Local 901 Remote 828
Local 815 Remote 936
Local 661 Remote 870
Local 714 Remote 890
Local 800 Remote 889
Local 803 Remote 844
Local 609 Remote 824
Local 841 Remote 838
Local 919 Remote 852
Local 837 Remote 864
Local 735 Remote 829
Local 722 Remote 877
Local 912 Remote 865
Local 881 Remote 829
Local 822 Remote 910
Local 801 Remote 909
Local 600 Remote 855
Local 768 Remote 1555
Local 959 Remote 1054
Local 827 Remote 877
Local 861 Remote 880
Local 782 Remote 844
Local 738 Remote 856
Local 808 Remote 862
Local 724 Remote 887
Local 934 Remote 858
Local 736 Remote 844
Local 526 Remote 824
Local 630 Remote 859
Local 810 Remote 929
Local 916 Remote 904
Local 920 Remote 873
Local 837 Remote 858
Local 872 Remote 859
Local 723 Remote 904
Local 887 Remote 920
Local 841 Remote 1637
Local 556 Remote 1013
Local 659 Remote 922
Local 797 Remote 880
Local 871 Remote 971
Local 1022 Remote 867
Local 697 Remote 933
Local 825 Remote 886
Local 866 Remote 836
Local 770 Remote 873
Local 839 Remote 853
Local 1064 Remote 831
Local 748 Remote 846
Local 930 Remote 964
Local 849 Remote 955
Local 922 Remote 862
Local 931 Remote 983
Local 843 Remote 902
Local 868 Remote 863
Local 852 Remote 839
Local 707 Remote 908
Local 748 Remote 840
Local 601 Remote 850
Local 697 Remote 880
Local 778 Remote 889
Local 895 Remote 952
Local 894 Remote 863
Local 727 Remote 870
Local 866 Remote 1034
Local 860 Remote 881
Local 670 Remote 875
Local 921 Remote 907
Local 633 Remote 840
Local 696 Remote 849
Local 646 Remote 849
Local 804 Remote 904
Local 973 Remote 1013
Local 924 Remote 994
Local 900 Remote 939
Local 951 Remote 879
Local 755 Remote 912
Local 871 Remote 963
Local 725 Remote 853
Local 566 Remote 898
Local 487 Remote 840
Local 606 Remote 826
Local 677 Remote 826
Local 905 Remote 883
Local 996 Remote 876
Local 700 Remote 889
Local 788 Remote 914
Local 876 Remote 1066
Local 770 Remote 947
Local 948 Remote 887
Local 871 Remote 855
Local 701 Remote 885
Local 771 Remote 926
Local 924 Remote 867
Local 977 Remote 871
Local 978 Remote 847
Local 816 Remote 902
Local 973 Remote 858
Local 843 Remote 875
Local 966 Remote 904
Local 744 Remote 1154
Local 526 Remote 898
Local 616 Remote 880
Local 841 Remote 986
Local 958 Remote 1055
Local 991 Remote 875
Local 686 Remote 926
Local 838 Remote 897
Local 819 Remote 840
Local 756 Remote 934
Local 724 Remote 862
Local 753 Remote 843
Local 726 Remote 951
Local 921 Remote 1029
Local 875 Remote 964
Local 900 Remote 853
Local 785 Remote 850
Local 897 Remote 861
Local 892 Remote 849
Local 863 Remote 877
Local 890 Remote 848
Local 874 Remote 826
Local 700 Remote 835
Local 820 Remote 1054
Local 829 Remote 903
Local 878 Remote 965
Local 954 Remote 853
Local 731 Remote 947
Local 696 Remote 861
Local 723 Remote 853
Local 899 Remote 874
Local 642 Remote 865
Local 513 Remote 835
Local 719 Remote 835
Local 734 Remote 847
Local 831 Remote 923
Local 804 Remote 849
Local 736 Remote 886
Local 874 Remote 919
Local 895 Remote 843
Local 813 Remote 857
Local 910 Remote 844
Local 583 Remote 947
Local 760 Remote 860
Local 909 Remote 883
Local 817 Remote 844
Local 884 Remote 824
Local 713 Remote 978
Local 625 Remote 962
Local 785 Remote 884
Local 709 Remote 858
Local 924 Remote 877
Local 696 Remote 832
Local 530 Remote 822
Local 583 Remote 828
Local 827 Remote 869
Local 901 Remote 844
Local 902 Remote 916
Local 870 Remote 918
Local 978 Remote 856
Local 776 Remote 831
Local 908 Remote 1000
Local 935 Remote 1140
Local 577 Remote 895
Local 680 Remote 876
Local 737 Remote 853
Local 849 Remote 857
Local 932 Remote 828
Local 694 Remote 851
Local 888 Remote 878
Local 927 Remote 1052
Local 824 Remote 902
Local 819 Remote 867
Local 746 Remote 880
Local 758 Remote 836
Local 937 Remote 932
Local 863 Remote 855
Local 766 Remote 827
Local 903 Remote 844
Local 801 Remote 895
Local 1039 Remote 886
Local 859 Remote 921
Local 1057 Remote 891
Local 680 Remote 851
Local 515 Remote 911
Local 605 Remote 868
Local 765 Remote 874
Local 784 Remote 847
Local 950 Remote 835
Local 1003 Remote 1279
Local 761 Remote 1018
Local 929 Remote 867
Local 869 Remote 994
Local 655 Remote 991
Local 893 Remote 919
Local 681 Remote 842
Local 655 Remote 824
Local 909 Remote 843
Local 841 Remote 853
Local 770 Remote 826
Local 877 Remote 942
Local 807 Remote 938
Local 1004 Remote 865
Local 752 Remote 893
Local 1012 Remote 862
Local 717 Remote 1018
Local 521 Remote 866
Local 695 Remote 903
Local 755 Remote 1585
Local 837 Remote 1060
Local 882 Remote 876
Local 715 Remote 925
Local 898 Remote 956
Local 914 Remote 970
Local 862 Remote 874
Local 1072 Remote 886
Local 849 Remote 1212
Local 681 Remote 989
Local 750 Remote 964
Local 793 Remote 885
Local 919 Remote 853
Local 910 Remote 849
Local 838 Remote 889
Local 860 Remote 835
Local 814 Remote 848
Local 767 Remote 907
Local 933 Remote 890
Local 610 Remote 835
Local 693 Remote 838
Local 786 Remote 940
Local 749 Remote 924
Local 952 Remote 844
Local 729 Remote 824
Local 786 Remote 916
Local 789 Remote 853
Local 718 Remote 897
Local 965 Remote 837
Local 593 Remote 823
Local 490 Remote 821
Local 574 Remote 833
Local 775 Remote 903
Local 991 Remote 1065
Local 1040 Remote 877
Local 907 Remote 860
Local 975 Remote 829
Local 814 Remote 890
Local 867 Remote 840
Local 930 Remote 843
Local 629 Remote 824
Local 824 Remote 889
Local 778 Remote 835
Local 944 Remote 861
Local 939 Remote 829
Local 745 Remote 864
Local 926 Remote 831
Local 948 Remote 822
Local 881 Remote 918
Local 868 Remote 845
Local 692 Remote 927
Local 733 Remote 844
Local 904 Remote 852
Local 886 Remote 833
Local 972 Remote 849
Local 999 Remote 955
Local 907 Remote 918
Local 905 Remote 844
Local 701 Remote 999
Local 914 Remote 862
Local 791 Remote 829
Local 552 Remote 835
Local 810 Remote 824
Local 793 Remote 838
Local 884 Remote 826
Local 962 Remote 820
Local 779 Remote 1066
Local 814 Remote 877
Local 899 Remote 910
Local 775 Remote 856
Local 951 Remote 828
Local 589 Remote 826
Local 748 Remote 1042
Local 694 Remote 1036
Local 837 Remote 910
Local 949 Remote 931
Local 953 Remote 889
Local 891 Remote 844
Local 969 Remote 824
Local 785 Remote 820
Local 917 Remote 820
Local 826 Remote 833
Local 681 Remote 822
Local 514 Remote 820
Local 630 Remote 822
Local 784 Remote 919
Local 939 Remote 910
Local 976 Remote 860
Local 700 Remote 829
Local 912 Remote 928
Local 894 Remote 874
Local 726 Remote 842
Local 854 Remote 824
Local 608 Remote 824
Local 704 Remote 825
Local 871 Remote 820
Local 854 Remote 966
Local 886 Remote 871
Local 885 Remote 868
Local 874 Remote 833
Local 1055 Remote 1293
Local 909 Remote 931
Local 1107 Remote 998
Local 627 Remote 886
Local 617 Remote 835
Local 739 Remote 828
Local 882 Remote 849
Local 974 Remote 833
Local 936 Remote 822
Local 856 Remote 862
Local 818 Remote 1061
Local 944 Remote 911
Local 824 Remote 842
Local 863 Remote 2260
Local 595 Remote 1170
Local 758 Remote 925
Local 864 Remote 943
Local 890 Remote 900
Local 775 Remote 840
Local 767 Remote 850
Local 986 Remote 840
Local 958 Remote 917
Local 826 Remote 850
Local 971 Remote 826
Local 652 Remote 820
Local 713 Remote 874
Local 829 Remote 860
Local 915 Remote 1036
Local 947 Remote 902
Local 938 Remote 838
Local 797 Remote 878
Local 782 Remote 833
Local 855 Remote 832
Local 817 Remote 822
Local 811 Remote 833
Local 565 Remote 879
Local 773 Remote 841
Local 884 Remote 962
Local 997 Remote 871
Local 833 Remote 879
Local 805 Remote 1029
Local 910 Remote 921
Local 1013 Remote 843
Local 944 Remote 880
Local 986 Remote 833
Local 728 Remote 980
Local 682 Remote 857
Local 882 Remote 875
Local 912 Remote 867
Local 975 Remote 931
Local 915 Remote 845
Local 836 Remote 832
Local 796 Remote 828
Local 940 Remote 846
Local 810 Remote 825
Local 911 Remote 895
Local 566 Remote 845
Local 708 Remote 829
Local 804 Remote 838
Local 856 Remote 840
Local 779 Remote 824
Local 772 Remote 865
Local 953 Remote 829
Local 876 Remote 847
Local 813 Remote 838
Local 795 Remote 823
Local 1069 Remote 1020
Local 832 Remote 901
Local 893 Remote 872
Local 889 Remote 1073
Local 898 Remote 883
Local 762 Remote 834
Local 742 Remote 890
Local 810 Remote 835
Local 784 Remote 823
Local 1011 Remote 820
Local 837 Remote 896
Local 568 Remote 837
Local 633 Remote 875
Local 864 Remote 930
Local 896 Remote 858
Local 807 Remote 876
Local 812 Remote 835
Local 941 Remote 823
Local 869 Remote 1598
Local 797 Remote 1024
Local 931 Remote 869
Local 606 Remote 831
Local 498 Remote 822
Local 617 Remote 946
Local 752 Remote 976
Local 838 Remote 995
Local 903 Remote 864
Local 743 Remote 829
Local 834 Remote 821
Local 839 Remote 929
Local 883 Remote 863
Local 901 Remote 841
Local 571 Remote 984
Local 638 Remote 858
Local 847 Remote 832
Local 865 Remote 910
Local 906 Remote 878
Local 1008 Remote 945
Local 939 Remote 855
Local 982 Remote 890
Local 952 Remote 852
Local 925 Remote 848
Local 738 Remote 978
Local 664 Remote 885
Local 850 Remote 1090
Local 1047 Remote 919
Local 941 Remote 842
Local 865 Remote 1012
Local 736 Remote 865
Local 880 Remote 851
Local 774 Remote 837
Local 1079 Remote 870
Local 755 Remote 2395
Local 706 Remote 1192
Local 799 Remote 914
Local 783 Remote 926
Local 957 Remote 871
Local 927 Remote 837
Local 939 Remote 831
Local 928 Remote 829
Local 721 Remote 837
Local 1004 Remote 823
Local 786 Remote 1234
Local 567 Remote 928
Local 637 Remote 847
Local 835 Remote 908
Local 902 Remote 902
Local 995 Remote 1113
Local 805 Remote 889
Local 788 Remote 837
Local 712 Remote 1246
Local 828 Remote 920
Local 980 Remote 1169
Local 615 Remote 901
Local 632 Remote 838
Local 776 Remote 913
Local 858 Remote 881
Local 686 Remote 846
Local 791 Remote 837
Local 932 Remote 832
Local 894 Remote 846
Local 816 Remote 844
Local 757 Remote 835
Local 604 Remote 957
Local 704 Remote 857
Local 804 Remote 874
Local 845 Remote 1107
Local 905 Remote 887
Local 697 Remote 835
Local 862 Remote 823
Local 860 Remote 890
Local 822 Remote 835
Local 1056 Remote 912
Local 761 Remote 861
Local 670 Remote 829
Local 697 Remote 874
Local 802 Remote 937
Local 927 Remote 861
Local 908 Remote 933
Local 907 Remote 846
Local 900 Remote 825
Local 743 Remote 891
Local 981 Remote 856
Local 1227 Remote 828
Local 682 Remote 827
Local 606 Remote 837
Local 727 Remote 998
Local 874 Remote 1063
Local 938 Remote 877
Local 679 Remote 921
Local 818 Remote 847
Local 795 Remote 856
Local 761 Remote 838
Local 859 Remote 917
Local 613 Remote 842
Local 648 Remote 824
Local 814 Remote 1045
Local 796 Remote 932
Local 843 Remote 871
Local 820 Remote 872
Local 844 Remote 831
Local 997 Remote 822
Local 865 Remote 820
Local 1078 Remote 820
Local 698 Remote 820
Local 777 Remote 863
Local 646 Remote 866
Local 862 Remote 932
Local 897 Remote 988
Local 895 Remote 872
Local 788 Remote 842
Local 767 Remote 828
Local 724 Remote 825
Local 820 Remote 820
Local 947 Remote 820
Local 907 Remote 855
Local 583 Remote 827
Local 630 Remote 842
Local 759 Remote 826
Local 932 Remote 876
Local 831 Remote 919
Local 792 Remote 842
Local 830 Remote 824
Local 795 Remote 820
Local 814 Remote 826
Local 950 Remote 937
Local 595 Remote 847
Local 640 Remote 1075
Local 739 Remote 893
Local 960 Remote 842
Local 968 Remote 1036
Local 815 Remote 870
Local 799 Remote 862
Local 789 Remote 832
Local 854 Remote 828
Local 762 Remote 821
Local 575 Remote 820
Local 643 Remote 837
Local 747 Remote 823
Local 926 Remote 820
Local 735 Remote 820
Local 730 Remote 849
Local 953 Remote 866
Local 836 Remote 901
Local 804 Remote 840
Local 751 Remote 827
Local 679 Remote 929
Local 733 Remote 916
Local 690 Remote 863
Local 865 Remote 875
Local 862 Remote 1129
Local 667 Remote 905
Local 977 Remote 839
Local 737 Remote 823
Local 822 Remote 820
Local 936 Remote 822
Local 642 Remote 1078
Local 706 Remote 951
Local 625 Remote 850
Local 756 Remote 879
Local 826 Remote 841
Local 844 Remote 849
Local 864 Remote 831
Local 975 Remote 847
Local 906 Remote 945
Local 899 Remote 862
Local 669 Remote 881
Local 756 Remote 876
Local 775 Remote 929
Local 760 Remote 884
Local 947 Remote 873
Local 863 Remote 871
Local 845 Remote 836
Local 718 Remote 823
Local 656 Remote 822
Local 895 Remote 820
Local 1180 Remote 823
Local 637 Remote 820
Local 612 Remote 910
Local 672 Remote 904
Local 875 Remote 846
Local 770 Remote 829
Local 861 Remote 834
Local 844 Remote 822
Local 776 Remote 820
Local 921 Remote 865
Local 739 Remote 829
Local 534 Remote 821
Local 648 Remote 830
Local 678 Remote 821
Local 808 Remote 997
Local 833 Remote 883
Local 703 Remote 836
Local 903 Remote 829
Local 825 Remote 822
Local 856 Remote 864
Local 861 Remote 832
Local 649 Remote 837
Local 706 Remote 828
Local 1059 Remote 924
Local 880 Remote 859
Local 763 Remote 1039
Local 782 Remote 1067
Local 850 Remote 883
Local 932 Remote 922
Local 909 Remote 884
Local 857 Remote 857
Local 567 Remote 828
Local 515 Remote 821
Local 667 Remote 841
Local 632 Remote 858
Local 836 Remote 892
Local 824 Remote 880
Local 629 Remote 876
Local 827 Remote 900
Local 842 Remote 941
Local 789 Remote 853
Local 758 Remote 832
Local 604 Remote 822
Local 783 Remote 901
Local 646 Remote 907
Local 848 Remote 921
Local 1240 Remote 1081
Local 959 Remote 895
Local 984 Remote 862
Local 856 Remote 1016
Local 892 Remote 867
Local 878 Remote 830
Local 569 Remote 821
Local 741 Remote 843
Local 695 Remote 1399
Local 833 Remote 1045
Local 896 Remote 894
Local 744 Remote 839
Local 911 Remote 848
Local 804 Remote 855
Local 752 Remote 833
Local 1010 Remote 856
Local 1055 Remote 923
Local 871 Remote 999
Local 670 Remote 919
Local 934 Remote 992
Local 891 Remote 1076
Local 828 Remote 894
Local 1001 Remote 844
Local 847 Remote 843
Local 862 Remote 871
Local 865 Remote 840
Local 632 Remote 832
Local 607 Remote 922
Local 679 Remote 922
Local 826 Remote 985
Local 847 Remote 913
Local 706 Remote 843
Local 848 Remote 844
Local 832 Remote 865
Local 893 Remote 830
Local 872 Remote 821
Local 637 Remote 820
Local 683 Remote 879
Local 608 Remote 893
Local 721 Remote 853
Local 993 Remote 870
Local 918 Remote 877
Local 891 Remote 832
Local 794 Remote 859
Local 671 Remote 942
Local 796 Remote 848
Local 688 Remote 865
Local 517 Remote 829
Local 623 Remote 871
Local 739 Remote 853
Local 921 Remote 854
Local 845 Remote 916
Local 654 Remote 919
Local 885 Remote 847
Local 837 Remote 844
Local 838 Remote 838
Local 873 Remote 824
Local 638 Remote 847
Local 632 Remote 838
Local 742 Remote 885
Local 797 Remote 840
Local 869 Remote 831
Local 827 Remote 845
Local 972 Remote 838
Local 870 Remote 922
Local 838 Remote 911
Local 914 Remote 841
Local 730 Remote 1022
Local 694 Remote 877
Local 687 Remote 882
Local 777 Remote 868
Local 854 Remote 912
Local 684 Remote 853
Local 829 Remote 1131
Local 820 Remote 905
Local 836 Remote 984
Local 818 Remote 886
Local 600 Remote 937
Local 598 Remote 862
Local 645 Remote 889
Local 691 Remote 983
Local 956 Remote 955
Local 886 Remote 860
Local 928 Remote 847
Local 877 Remote 865
Local 696 Remote 858
Local 923 Remote 850
Local 698 Remote 826
Local 548 Remote 820
Local 696 Remote 857
Local 688 Remote 890
Local 760 Remote 846
Local 821 Remote 871
Local 700 Remote 831
Local 827 Remote 857
Local 818 Remote 938
Local 917 Remote 847
Local 915 Remote 826
Local 752 Remote 823
Local 754 Remote 938
Local 682 Remote 912
Local 772 Remote 927
Local 811 Remote 882
Local 804 Remote 838
Local 870 Remote 831
Local 949 Remote 841
Local 944 Remote 851
Local 898 Remote 982
Local 589 Remote 1152
Local 650 Remote 940
Local 652 Remote 906
Local 809 Remote 847
Local 833 Remote 1002
Local 673 Remote 862
Local 762 Remote 886
Local 787 Remote 1046
Local 798 Remote 872
Local 1100 Remote 831
Local 727 Remote 886
Local 661 Remote 856
Local 632 Remote 1623
Local 710 Remote 1172
Local 983 Remote 1104
Local 986 Remote 927
Local 875 Remote 844
Local 859 Remote 889
Local 754 Remote 886
Local 908 Remote 849
Local 659 Remote 836
Local 538 Remote 823
Local 685 Remote 826
Local 637 Remote 927
Local 749 Remote 968
Local 813 Remote 865
Local 676 Remote 864
Local 795 Remote 855
Local 876 Remote 947
Local 761 Remote 849
Local 1036 Remote 826
Local 719 Remote 821
Local 666 Remote 848
Local 659 Remote 1102
Local 896 Remote 1457
Local 864 Remote 1022
Local 872 Remote 874
Local 866 Remote 832
Local 975 Remote 860
Local 838 Remote 831
Local 1029 Remote 890
Local 658 Remote 835
Local 671 Remote 945
Local 719 Remote 933
Local 673 Remote 910
Local 812 Remote 875
Local 695 Remote 865
Local 897 Remote 845
Local 835 Remote 874
Local 865 Remote 854
Local 863 Remote 829
Local 572 Remote 838
Local 755 Remote 866
Local 659 Remote 851
Local 860 Remote 1174
Local 850 Remote 966
Local 764 Remote 877
Local 917 Remote 838
Local 803 Remote 824
Local 906 Remote 943
Local 801 Remote 849
Local 592 Remote 826
Local 660 Remote 871
Local 928 Remote 949
Local 1002 Remote 964
Local 947 Remote 973
Local 688 Remote 860
Local 910 Remote 885
Local 779 Remote 835
Local 798 Remote 833
Local 760 Remote 823
Local 617 Remote 828
Local 724 Remote 840
Local 704 Remote 849
Local 880 Remote 882
Local 767 Remote 838
Local 777 Remote 847
Local 934 Remote 826
Local 960 Remote 835
Local 853 Remote 884
Local 879 Remote 848
Local 704 Remote 1482
Local 517 Remote 983
Local 622 Remote 985
Local 655 Remote 1025
Local 857 Remote 937
Local 861 Remote 1369
Local 712 Remote 962
Local 776 Remote 854
Local 766 Remote 847
Local 805 Remote 826
Local 1192 Remote 877
Local 637 Remote 832
Local 682 Remote 823
Local 663 Remote 829
Local 781 Remote 840
Local 784 Remote 863
Local 817 Remote 1007
Local 924 Remote 869
Local 844 Remote 1089
Local 844 Remote 900
Local 840 Remote 841
Local 580 Remote 826
Local 739 Remote 831
Local 636 Remote 892
Local 757 Remote 865
Local 800 Remote 829
Local 660 Remote 865
Local 896 Remote 852
Local 891 Remote 829
Local 819 Remote 831
Local 878 Remote 831
Local 592 Remote 822
Local 749 Remote 860
Local 678 Remote 950
Local 732 Remote 957
Local 721 Remote 867
Local 738 Remote 851
Local 904 Remote 826
Local 892 Remote 842
Local 854 Remote 857
Local 927 Remote 833
Local 588 Remote 855
Local 700 Remote 901
Local 683 Remote 940
Local 804 Remote 970
Local 820 Remote 859
Local 640 Remote 828
Local 786 Remote 860
Local 818 Remote 843
Local 808 Remote 967
Local 862 Remote 856
Local 693 Remote 1151
Local 803 Remote 970
Local 706 Remote 1097
Local 807 Remote 981
Local 827 Remote 857
Local 853 Remote 828
Local 848 Remote 829
Local 936 Remote 821
Local 926 Remote 841
Local 831 Remote 835
Local 668 Remote 832
Local 723 Remote 872
Local 713 Remote 833
Local 738 Remote 823
Local 857 Remote 909
Local 756 Remote 863
Local 761 Remote 848
Local 750 Remote 841
Local 731 Remote 824
Local 994 Remote 865
Local 685 Remote 868
Local 529 Remote 832
Local 565 Remote 1026
Local 711 Remote 893
Local 981 Remote 842
Local 964 Remote 877
Local 916 Remote 836
Local 858 Remote 829
Local 722 Remote 905
Local 989 Remote 878
Local 721 Remote 833
Local 556 Remote 822
Local 665 Remote 982
Local 829 Remote 960
Local 880 Remote 1009
Local 900 Remote 900
Local 744 Remote 891
Local 806 Remote 875
Local 791 Remote 856
Local 842 Remote 830
Local 732 Remote 877
Local 538 Remote 838
Local 644 Remote 823
Local 724 Remote 847
Local 747 Remote 845
Local 752 Remote 826
Local 737 Remote 820
Local 914 Remote 826
Local 908 Remote 820
Local 787 Remote 868
Local 893 Remote 865
Local 596 Remote 829
Local 520 Remote 828
