Local 367 Remote 499
Local 322 Remote 500
Local 352 Remote 500
Local 365 Remote 500
Local 313 Remote 500
Local 403 Remote 538
Local 359 Remote 500
Local 349 Remote 500
Local 336 Remote 500
Local 304 Remote 500
Local 314 Remote 500
Local 361 Remote 500
Local 366 Remote 500
Local 303 Remote 500
Local 347 Remote 500
Local 339 Remote 500
Local 304 Remote 500
Local 309 Remote 502
Local 371 Remote 500
Local 366 Remote 500
Local 357 Remote 500
Local 305 Remote 500
Local 354 Remote 500
Local 340 Remote 500
Local 322 Remote 500
Local 362 Remote 500
Local 359 Remote 500
Local 332 Remote 500
Local 353 Remote 500
Local 360 Remote 500
Local 311 Remote 500
Local 344 Remote 500
Local 365 Remote 500
Local 669 Remote 500
Local 314 Remote 500
Local 370 Remote 500
Local 354 Remote 500
Local 357 Remote 500
Local 367 Remote 500
Local 344 Remote 500
Local 346 Remote 500
Local 364 Remote 500
Local 350 Remote 500
Local 360 Remote 500
Local 339 Remote 500
Local 373 Remote 500
Local 315 Remote 500
Local 358 Remote 500
Local 329 Remote 500
Local 303 Remote 500
Local 308 Remote 500
Local 368 Remote 500
Local 358 Remote 500
Local 344 Remote 500
Local 357 Remote 500
Local 369 Remote 500
Local 354 Remote 500
Local 303 Remote 500
Local 365 Remote 500
Local 383 Remote 500
Local 340 Remote 500
Local 342 Remote 500
Local 363 Remote 500
Local 366 Remote 500
Local 351 Remote 500
Local 366 Remote 500
Local 368 Remote 500
Local 303 Remote 500
Local 349 Remote 500
Local 369 Remote 500
Local 335 Remote 500
Local 367 Remote 500
Local 1779 Remote 500
Local 306 Remote 500
Local 419 Remote 500
Local 360 Remote 500
Local 331 Remote 500
Local 375 Remote 500
Local 379 Remote 500
Local 344 Remote 820
Local 345 Remote 500
Local 670 Remote 500
Local 304 Remote 500
Local 352 Remote 500
Local 360 Remote 500
Local 371 Remote 500
Local 552 Remote 500
Local 333 Remote 500
Local 373 Remote 500
Local 364 Remote 500
Local 302 Remote 500
Local 332 Remote 500
Local 356 Remote 500
Local 305 Remote 500
Local 354 Remote 500
Local 364 Remote 500
Local 368 Remote 500
Local 311 Remote 500
Local 353 Remote 500
Local 352 Remote 500
Local 376 Remote 500
Local 669 Remote 500
Local 357 Remote 500
Local 366 Remote 500
Local 319 Remote 500
Local 364 Remote 500
Local 348 Remote 500
Local 445 Remote 500
Local 304 Remote 500
Local 367 Remote 500
Local 307 Remote 500
Local 364 Remote 500
Local 338 Remote 500
Local 313 Remote 500
Local 369 Remote 500
Local 356 Remote 500
Local 351 Remote 500
Local 360 Remote 500
Local 365 Remote 500
Local 309 Remote 500
Local 354 Remote 500
Local 300 Remote 500
