Local 418 Remote 500
Local 601 Remote 500
Local 438 Remote 500
Local 447 Remote 1103
Local 419 Remote 698
Local 432 Remote 530
Local 415 Remote 520
Local 429 Remote 707
Local 418 Remote 741
Local 412 Remote 760
Local 416 Remote 758
Local 454 Remote 500
Local 447 Remote 556
Local 434 Remote 635
Local 443 Remote 623
Local 395 Remote 503
Local 457 Remote 537
Local 456 Remote 592
Local 450 Remote 552
Local 444 Remote 509
Local 316 Remote 500
Local 445 Remote 1644
Local 434 Remote 1598
Local 438 Remote 946
Local 449 Remote 1161
Local 432 Remote 1196
Local 435 Remote 2808
Local 531 Remote 2993
Local 336 Remote 606
Local 417 Remote 581
Local 439 Remote 1963
Local 489 Remote 500
Local 455 Remote 868
Local 448 Remote 810
Local 446 Remote 730
Local 385 Remote 633
Local 442 Remote 641
Local 311 Remote 644
Local 416 Remote 681
Local 453 Remote 746
Local 499 Remote 500
Local 446 Remote 500
Local 340 Remote 515
Local 428 Remote 501
Local 367 Remote 500
Local 455 Remote 741
Local 437 Remote 679
Local 426 Remote 694
Local 461 Remote 603
Local 426 Remote 565
Local 352 Remote 524
Local 428 Remote 500
Local 437 Remote 746
Local 732 Remote 614
Local 423 Remote 679
Local 361 Remote 566
Local 562 Remote 726
Local 414 Remote 614
Local 470 Remote 637
Local 359 Remote 632
Local 384 Remote 500
Local 449 Remote 727
Local 441 Remote 500
Local 439 Remote 707
Local 406 Remote 670
Local 368 Remote 626
Local 409 Remote 779
Local 506 Remote 626
Local 399 Remote 705
Local 403 Remote 751
Local 480 Remote 533
Local 353 Remote 500
Local 442 Remote 500
Local 424 Remote 754
Local 443 Remote 710
Local 431 Remote 698
Local 321 Remote 512
Local 366 Remote 576
Local 366 Remote 574
Local 373 Remote 570
Local 381 Remote 500
Local 442 Remote 959
Local 438 Remote 501
Local 441 Remote 508
Local 437 Remote 500
Local 337 Remote 500
Local 336 Remote 500
Local 336 Remote 511
Local 421 Remote 653
Local 428 Remote 706
Local 435 Remote 723
Local 462 Remote 500
Local 468 Remote 684
Local 470 Remote 1086
Local 440 Remote 689
Local 332 Remote 528
Local 462 Remote 777
Local 460 Remote 812
Local 335 Remote 528
Local 410 Remote 712
Local 300 Remote 500
