Local 557 Remote 500
Local 576 Remote 813
Local 595 Remote 592
Local 533 Remote 546
Local 572 Remote 669
Local 562 Remote 670
Local 562 Remote 688
Local 561 Remote 526
Local 581 Remote 679
Local 337 Remote 510
Local 546 Remote 687
Local 561 Remote 597
Local 559 Remote 948
Local 548 Remote 3701
Local 618 Remote 1046
Local 602 Remote 827
Local 587 Remote 5935
Local 850 Remote 833
Local 528 Remote 672
Local 563 Remote 761
Local 587 Remote 928
Local 543 Remote 967
Local 329 Remote 878
Local 590 Remote 500
Local 523 Remote 1194
Local 604 Remote 1816
Local 610 Remote 3806
Local 446 Remote 533
Local 450 Remote 812
Local 357 Remote 623
Local 536 Remote 751
Local 633 Remote 957
Local 571 Remote 713
Local 567 Remote 732
Local 333 Remote 696
Local 588 Remote 500
Local 574 Remote 738
Local 397 Remote 835
Local 572 Remote 568
Local 526 Remote 675
Local 506 Remote 708
Local 519 Remote 723
Local 534 Remote 707
Local 467 Remote 587
Local 544 Remote 699
Local 523 Remote 702
Local 497 Remote 595
Local 430 Remote 612
Local 597 Remote 2554
Local 552 Remote 3351
Local 587 Remote 5381
Local 564 Remote 1501
Local 559 Remote 2326
Local 604 Remote 7537
Local 370 Remote 1014
Local 583 Remote 3514
Local 588 Remote 1449
Local 583 Remote 806
Local 347 Remote 752
Local 581 Remote 500
Local 580 Remote 794
Local 330 Remote 580
Local 534 Remote 778
Local 532 Remote 682
Local 540 Remote 681
Local 504 Remote 654
Local 601 Remote 719
Local 521 Remote 653
Local 439 Remote 608
Local 538 Remote 669
Local 439 Remote 628
Local 369 Remote 691
Local 614 Remote 1625
Local 926 Remote 1294
Local 575 Remote 983
Local 576 Remote 580
Local 331 Remote 675
Local 534 Remote 1221
Local 605 Remote 1529
Local 608 Remote 2616
Local 578 Remote 6561
Local 542 Remote 894
Local 609 Remote 1904
Local 556 Remote 500
Local 464 Remote 534
Local 588 Remote 509
Local 655 Remote 1419
Local 736 Remote 1577
Local 564 Remote 747
Local 591 Remote 877
Local 587 Remote 733
Local 419 Remote 741
Local 570 Remote 764
Local 733 Remote 1599
Local 589 Remote 592
Local 476 Remote 500
Local 594 Remote 693
Local 573 Remote 687
Local 475 Remote 620
Local 385 Remote 562
Local 443 Remote 688
Local 575 Remote 778
Local 595 Remote 707
Local 633 Remote 589
Local 505 Remote 770
Local 508 Remote 707
Local 528 Remote 710
Local 578 Remote 560
Local 628 Remote 511
Local 619 Remote 550
Local 558 Remote 672
Local 555 Remote 775
Local 555 Remote 781
Local 591 Remote 779
Local 746 Remote 1216
Local 601 Remote 760
Local 590 Remote 776
Local 546 Remote 698
Local 315 Remote 500
