Local 354 Remote 500
Local 587 Remote 6761
Local 657 Remote 3241
Local 633 Remote 1676
Local 694 Remote 1068
Local 645 Remote 3614
Local 691 Remote 2229
Local 686 Remote 3980
Local 682 Remote 11582
Local 662 Remote 1675
Local 586 Remote 725
Local 639 Remote 2259
Local 695 Remote 2703
Local 677 Remote 1109
Local 537 Remote 638
Local 687 Remote 1539
Local 674 Remote 2098
Local 758 Remote 565
Local 681 Remote 586
Local 654 Remote 2232
Local 657 Remote 2161
Local 675 Remote 3055
Local 652 Remote 3966
Local 719 Remote 1321
Local 669 Remote 777
Local 671 Remote 889
Local 444 Remote 692
Local 774 Remote 1434
Local 641 Remote 1362
Local 674 Remote 1403
Local 639 Remote 1020
Local 373 Remote 528
Local 636 Remote 935
Local 689 Remote 1003
Local 1100 Remote 609
Local 686 Remote 8255
Local 701 Remote 2910
Local 712 Remote 900
Local 642 Remote 4159
Local 384 Remote 749
Local 970 Remote 1525
Local 693 Remote 2570
Local 666 Remote 2148
Local 749 Remote 5271
Local 654 Remote 1952
Local 634 Remote 5200
Local 710 Remote 4274
Local 691 Remote 5595
Local 886 Remote 1387
Local 670 Remote 3413
Local 678 Remote 4795
Local 318 Remote 500
Local 1383 Remote 803
Local 682 Remote 5342
Local 686 Remote 7416
Local 692 Remote 3075
Local 336 Remote 597
Local 684 Remote 940
Local 640 Remote 7353
Local 676 Remote 4854
Local 339 Remote 674
Local 707 Remote 1449
Local 708 Remote 1246
Local 396 Remote 900
Local 681 Remote 8007
Local 641 Remote 3011
Local 727 Remote 2095
Local 818 Remote 2771
Local 318 Remote 592
Local 690 Remote 4296
Local 688 Remote 8081
Local 970 Remote 6401
Local 676 Remote 4214
Local 637 Remote 3825
Local 675 Remote 1503
Local 702 Remote 1432
Local 348 Remote 690
Local 612 Remote 2281
Local 641 Remote 954
Local 667 Remote 1565
Local 603 Remote 2078
Local 679 Remote 6555
Local 658 Remote 4193
Local 617 Remote 1478
Local 688 Remote 1286
Local 669 Remote 10530
Local 716 Remote 903
Local 683 Remote 964
Local 679 Remote 1068
Local 610 Remote 2260
Local 670 Remote 2626
Local 614 Remote 6928
Local 407 Remote 564
Local 610 Remote 813
Local 665 Remote 800
Local 637 Remote 775
Local 326 Remote 530
Local 640 Remote 1046
Local 653 Remote 953
Local 630 Remote 829
Local 598 Remote 886
Local 953 Remote 500
Local 626 Remote 1136
Local 1024 Remote 1710
Local 648 Remote 3993
Local 323 Remote 561
Local 633 Remote 1211
Local 624 Remote 1149
Local 638 Remote 1508
Local 669 Remote 1132
Local 343 Remote 875
Local 618 Remote 911
Local 348 Remote 563
Local 670 Remote 1547
Local 683 Remote 1990
Local 481 Remote 1317
Local 717 Remote 999
Local 682 Remote 2938
Local 694 Remote 500
Local 626 Remote 1845
Local 673 Remote 1816
Local 639 Remote 5758
Local 704 Remote 3453
Local 608 Remote 988
Local 748 Remote 1911
Local 636 Remote 2880
Local 653 Remote 2866
Local 405 Remote 829
Local 613 Remote 1396
Local 349 Remote 775
Local 982 Remote 2925
Local 644 Remote 818
Local 670 Remote 873
Local 631 Remote 759
Local 374 Remote 531
Local 556 Remote 1531
Local 487 Remote 2046
Local 325 Remote 638
Local 664 Remote 4160
Local 373 Remote 595
Local 577 Remote 2460
Local 396 Remote 866
Local 672 Remote 7831
Local 402 Remote 861
Local 773 Remote 1693
Local 675 Remote 2283
Local 454 Remote 1152
Local 674 Remote 3510
Local 681 Remote 1118
Local 610 Remote 1021
Local 627 Remote 862
Local 626 Remote 865
Local 653 Remote 4613
Local 677 Remote 2754
Local 667 Remote 2005
Local 672 Remote 2503
Local 841 Remote 2452
Local 657 Remote 1089
Local 320 Remote 552
Local 647 Remote 920
Local 488 Remote 954
Local 586 Remote 802
Local 961 Remote 1166
Local 628 Remote 940
Local 673 Remote 732
Local 340 Remote 521
Local 633 Remote 1883
Local 337 Remote 534
Local 300 Remote 500
