-------------------------------------------------------------
STREAM version $Revision: 5.10 $
-------------------------------------------------------------
This system uses 8 bytes per array element.
-------------------------------------------------------------
Array size = 1000000000 (elements), Offset = 0 (elements)
Memory per array = 7629.4 MiB (= 7.5 GiB).
Total memory required = 22888.2 MiB (= 22.4 GiB).
Each kernel will be executed 750 times.
 The *best* time for each kernel (excluding the first iteration)
 will be used to compute the reported bandwidth.
-------------------------------------------------------------
Number of Threads requested = 60
Number of Threads counted = 60
-------------------------------------------------------------
Your clock granularity/precision appears to be 1 microseconds.
Each test below will take on the order of 50155 microseconds.
   (= 50155 clock ticks)
Increase the size of the arrays if this shows that
you are not getting at least 20 clock ticks per test.
-------------------------------------------------------------
WARNING -- The above is only a rough guideline.
For best results, please be sure you know the
precision of your system timer.
-------------------------------------------------------------
Function    Best Rate MB/s  Avg time     Min time     Max time
Copy:          305804.8     0.053854     0.052321     0.058687
Scale:         304727.3     0.054064     0.052506     0.061199
Add:           350078.4     0.069378     0.068556     0.071993
Triad:         339275.2     0.071303     0.070739     0.074118
-------------------------------------------------------------
Solution Validates: avg error less than 1.000000e-13 on all three arrays
-------------------------------------------------------------
