Generate Time:       49.60966
Build Time:          29.28349
Graph has 1073741820 nodes and 17022105300 undirected edges for degree: 15
Trial Time:          0.76120
Trial Time:          0.62502
Trial Time:          0.58325
Trial Time:          0.59141
Trial Time:          0.56101
Trial Time:          0.62063
Trial Time:          0.60053
Trial Time:          0.82101
Trial Time:          0.65894
Trial Time:          0.68771
Trial Time:          0.56395
Trial Time:          0.53688
Trial Time:          0.59418
Trial Time:          0.83120
Trial Time:          0.67908
Trial Time:          0.64676
Average Time:        0.64767
