Generate Time:       69.02854
Build Time:          39.78777
Graph has 1073741820 nodes and 17022105300 undirected edges for degree: 15
Trial Time:          12.31658
Trial Time:          16.52121
Trial Time:          16.64764
Trial Time:          16.25153
Trial Time:          14.34946
Trial Time:          12.64708
Trial Time:          12.83058
Trial Time:          12.24361
Trial Time:          15.30439
Trial Time:          13.21693
Trial Time:          14.77484
Trial Time:          15.83522
Trial Time:          12.70079
Trial Time:          12.28663
Trial Time:          15.92567
Trial Time:          17.00540
Average Time:        14.42860
