Generate Time:       105.33985
Build Time:          67.73962
Graph has 1073741820 nodes and 17022105300 undirected edges for degree: 15
Trial Time:          1.48115
Trial Time:          1.38200
Trial Time:          1.28860
Trial Time:          1.20766
Trial Time:          1.11381
Trial Time:          1.22293
Trial Time:          1.21241
Trial Time:          1.53353
Trial Time:          1.47441
Trial Time:          1.55325
Trial Time:          1.12256
Trial Time:          1.15734
Trial Time:          1.17139
Trial Time:          1.73326
Trial Time:          1.47325
Trial Time:          1.38068
Average Time:        1.34426
