Generate Time:       41.63752
Build Time:          26.82905
Graph has 1073741820 nodes and 17022105300 undirected edges for degree: 15
Trial Time:          12.37647
Trial Time:          12.43431
Trial Time:          12.41980
Trial Time:          12.43176
Trial Time:          12.42735
Trial Time:          12.42084
Trial Time:          12.42394
Trial Time:          12.42764
Trial Time:          12.42127
Trial Time:          12.43144
Trial Time:          12.43814
Trial Time:          12.43098
Trial Time:          12.43196
Trial Time:          12.43645
Trial Time:          12.43182
Trial Time:          12.43790
Average Time:        12.42638
