Generate Time:       40.00665
Build Time:          27.36140
Graph has 1073741820 nodes and 17022105300 undirected edges for degree: 15
Trial Time:          7.94795
Trial Time:          10.95655
Trial Time:          11.37148
Trial Time:          11.06248
Trial Time:          9.39357
Trial Time:          8.19423
Trial Time:          8.45319
Trial Time:          7.84503
Trial Time:          10.06001
Trial Time:          8.25337
Trial Time:          9.76389
Trial Time:          10.54063
Trial Time:          8.24309
Trial Time:          7.90826
Trial Time:          10.34529
Trial Time:          11.02322
Average Time:        9.46014
