Local 300 Remote 500
Local 310 Remote 500
Local 473 Remote 500
Local 374 Remote 500
Local 411 Remote 500
Local 678 Remote 500
Local 330 Remote 500
Local 325 Remote 500
Local 509 Remote 500
Local 314 Remote 500
Local 874 Remote 500
Local 303 Remote 500
Local 303 Remote 500
Local 478 Remote 500
Local 305 Remote 500
Local 708 Remote 500
Local 564 Remote 500
Local 300 Remote 500
Local 310 Remote 500
Local 392 Remote 500
Local 375 Remote 500
Local 498 Remote 500
Local 466 Remote 500
Local 382 Remote 500
Local 414 Remote 500
Local 406 Remote 500
Local 384 Remote 500
Local 905 Remote 500
Local 513 Remote 500
Local 369 Remote 500
Local 491 Remote 500
Local 538 Remote 500
Local 358 Remote 500
Local 622 Remote 500
Local 395 Remote 500
Local 349 Remote 500
Local 395 Remote 500
Local 620 Remote 500
Local 380 Remote 500
Local 892 Remote 500
Local 478 Remote 500
Local 323 Remote 500
Local 494 Remote 500
Local 638 Remote 500
Local 355 Remote 500
Local 688 Remote 500
Local 389 Remote 500
Local 381 Remote 500
Local 523 Remote 500
Local 546 Remote 500
Local 358 Remote 500
Local 399 Remote 500
Local 404 Remote 500
Local 353 Remote 500
Local 492 Remote 500
Local 761 Remote 500
Local 301 Remote 500
Local 602 Remote 500
Local 512 Remote 500
Local 302 Remote 500
Local 343 Remote 500
Local 401 Remote 500
Local 303 Remote 500
Local 344 Remote 500
Local 888 Remote 500
Local 303 Remote 500
Local 376 Remote 500
Local 558 Remote 500
Local 483 Remote 500
Local 314 Remote 500
Local 688 Remote 500
Local 322 Remote 500
Local 336 Remote 500
Local 415 Remote 500
Local 640 Remote 500
Local 385 Remote 500
Local 863 Remote 500
Local 658 Remote 500
Local 300 Remote 500
Local 304 Remote 500
Local 514 Remote 500
Local 303 Remote 500
Local 339 Remote 500
Local 730 Remote 500
Local 300 Remote 500
Local 306 Remote 500
Local 305 Remote 500
Local 400 Remote 500
Local 315 Remote 500
Local 704 Remote 500
Local 507 Remote 500
Local 382 Remote 500
Local 494 Remote 500
Local 386 Remote 500
Local 301 Remote 500
Local 341 Remote 500
Local 870 Remote 500
Local 300 Remote 500
Local 303 Remote 500
Local 303 Remote 500
Local 354 Remote 500
Local 307 Remote 588
Local 899 Remote 500
Local 656 Remote 500
Local 383 Remote 500
Local 669 Remote 500
Local 404 Remote 500
Local 303 Remote 500
Local 344 Remote 500
Local 680 Remote 500
Local 300 Remote 500
Local 306 Remote 500
Local 324 Remote 500
Local 548 Remote 500
Local 329 Remote 500
Local 608 Remote 500
Local 549 Remote 500
Local 300 Remote 500
Local 304 Remote 500
Local 513 Remote 500
Local 308 Remote 500
Local 372 Remote 500
Local 900 Remote 500
Local 306 Remote 500
Local 361 Remote 500
Local 398 Remote 500
Local 476 Remote 500
Local 420 Remote 500
Local 696 Remote 500
