Local 494 Remote 500
Local 785 Remote 500
Local 377 Remote 500
Local 309 Remote 500
Local 314 Remote 500
Local 302 Remote 500
Local 300 Remote 500
Local 429 Remote 500
Local 350 Remote 500
Local 396 Remote 500
Local 312 Remote 500
Local 303 Remote 500
Local 371 Remote 500
Local 316 Remote 500
Local 332 Remote 500
Local 309 Remote 500
Local 763 Remote 500
Local 671 Remote 500
Local 486 Remote 500
Local 689 Remote 500
Local 398 Remote 500
Local 324 Remote 500
Local 329 Remote 500
Local 581 Remote 500
Local 895 Remote 500
Local 439 Remote 500
Local 583 Remote 500
Local 408 Remote 500
Local 752 Remote 500
Local 370 Remote 500
Local 647 Remote 500
Local 774 Remote 500
Local 521 Remote 500
Local 357 Remote 500
Local 466 Remote 500
Local 334 Remote 500
Local 312 Remote 500
Local 303 Remote 500
Local 301 Remote 500
Local 354 Remote 500
Local 301 Remote 500
Local 423 Remote 500
Local 396 Remote 500
Local 331 Remote 500
Local 395 Remote 500
Local 324 Remote 500
Local 311 Remote 500
Local 302 Remote 500
Local 436 Remote 500
Local 390 Remote 500
Local 456 Remote 500
Local 338 Remote 500
Local 953 Remote 500
Local 448 Remote 500
Local 953 Remote 500
Local 610 Remote 500
Local 863 Remote 500
Local 1210 Remote 500
Local 663 Remote 500
Local 1180 Remote 500
Local 725 Remote 500
Local 799 Remote 500
Local 1163 Remote 500
Local 1094 Remote 500
Local 1122 Remote 500
Local 1052 Remote 500
Local 1112 Remote 500
Local 1277 Remote 500
Local 812 Remote 500
Local 1265 Remote 500
Local 921 Remote 500
Local 1074 Remote 500
Local 1132 Remote 500
Local 1215 Remote 500
Local 1066 Remote 500
Local 1169 Remote 500
Local 1221 Remote 500
Local 852 Remote 500
Local 625 Remote 500
Local 1217 Remote 500
Local 981 Remote 500
Local 511 Remote 500
Local 404 Remote 500
Local 676 Remote 500
Local 646 Remote 500
Local 404 Remote 500
Local 852 Remote 500
Local 557 Remote 500
Local 429 Remote 500
Local 835 Remote 500
Local 549 Remote 500
Local 417 Remote 500
Local 378 Remote 500
Local 348 Remote 500
Local 553 Remote 500
Local 457 Remote 500
Local 362 Remote 500
Local 331 Remote 500
Local 317 Remote 500
Local 361 Remote 500
Local 336 Remote 500
Local 341 Remote 500
Local 309 Remote 500
Local 497 Remote 500
Local 320 Remote 500
Local 306 Remote 500
Local 305 Remote 500
Local 301 Remote 500
Local 313 Remote 500
Local 302 Remote 500
Local 301 Remote 500
Local 300 Remote 500
Local 300 Remote 500
Local 305 Remote 500
Local 300 Remote 500
Local 300 Remote 500
Local 300 Remote 500
Local 432 Remote 500
Local 301 Remote 500
Local 300 Remote 500
Local 404 Remote 500
Local 487 Remote 500
Local 393 Remote 500
Local 465 Remote 500
Local 496 Remote 500
Local 402 Remote 500
Local 331 Remote 500
Local 313 Remote 500
Local 350 Remote 500
Local 312 Remote 500
Local 306 Remote 500
Local 306 Remote 500
Local 372 Remote 500
Local 306 Remote 500
Local 306 Remote 500
Local 399 Remote 500
Local 450 Remote 500
Local 368 Remote 500
Local 391 Remote 500
Local 426 Remote 500
Local 447 Remote 500
Local 373 Remote 500
Local 337 Remote 500
Local 444 Remote 500
Local 442 Remote 500
Local 379 Remote 500
Local 336 Remote 500
Local 336 Remote 500
