---
Devices:
 0: Host CPU
CloverLeaf:
 - Ver.:     2.000
 - Deck:     /home/labpc/work/cipp/CloverLeaf/InputDecks/clover_bm256_300.in
 - Out:      clover.out
 - Profiler: deck-specified
MPI:
 - Enabled:     false
 - Total ranks: 1
 - Header device-awareness (CUDA-awareness):  unknown
 - Runtime device-awareness (CUDA-awareness): unknown
 - Host-Device halo exchange staging buffer:  true
Model:
 - Name:      OpenMP (CPU)
 - Execution: Host
# ---- 
Output: |+1
 Output file clover.out opened. All output will go there.
 Args: --file /home/labpc/work/cipp/CloverLeaf/InputDecks/clover_bm256_300.in
 Using input: `/home/labpc/work/cipp/CloverLeaf/InputDecks/clover_bm256_300.in`
 Problem initialised and generated
 Launching hydro
 Step 1 time 0 control sound timestep  0.000385161 1,1 x 0 y 0
 Wall clock 1.6814
 Average time per cell 7.12671e-09
  Step time per cell    7.12671e-09
 Step 2 time 0.000385161 control sound timestep  0.000235099 1,1 x 0 y 0
 Wall clock 3.36537
 Average time per cell 7.13214e-09
  Step time per cell    7.13729e-09
 Step 3 time 0.000620261 control sound timestep  0.000298723 1,1 x 0 y 0
 Wall clock 5.0611
 Average time per cell 7.15059e-09
  Step time per cell    7.18714e-09
 Step 4 time 0.000918984 control sound timestep  0.000314746 1,1 x 0 y 0
 Wall clock 6.74097
 Average time per cell 7.14299e-09
  Step time per cell    7.1199e-09
 Step 5 time 0.00123373 control sound timestep  0.000346361 1,1 x 0 y 0
 Wall clock 8.42731
 Average time per cell 7.14392e-09
  Step time per cell    7.14733e-09
 Step 6 time 0.00158009 control sound timestep  0.00034558 1,1 x 0 y 0
 Wall clock 10.0906
 Average time per cell 7.12829e-09
  Step time per cell    7.0499e-09
 Step 7 time 0.00192567 control sound timestep  0.000352154 1,1 x 0 y 0
 Wall clock 11.7782
 Average time per cell 7.13177e-09
  Step time per cell    7.15234e-09
 Step 8 time 0.00227782 control sound timestep  0.000370384 1,1 x 0 y 0
 Wall clock 13.4369
 Average time per cell 7.11911e-09
  Step time per cell    7.03022e-09
 Step 9 time 0.00264821 control sound timestep  0.000366391 1,1 x 0 y 0
 Wall clock 15.123
 Average time per cell 7.12216e-09
  Step time per cell    7.14626e-09
 Step 10 time 0.0030146 control sound timestep  0.000363789 1,1 x 0 y 0
 Wall clock 16.9267
 Average time per cell 7.17447e-09
  Step time per cell    7.64491e-09
 Step 11 time 0.00337839 control sound timestep  0.000361224 1,1 x 0 y 0
 Wall clock 18.619
 Average time per cell 7.17434e-09
  Step time per cell    7.17296e-09
 Step 12 time 0.00373961 control sound timestep  0.000359796 1,1 x 0 y 0
 Wall clock 20.2845
 Average time per cell 7.16473e-09
  Step time per cell    7.05888e-09
 Step 13 time 0.00409941 control sound timestep  0.000360678 1,1 x 0 y 0
 Wall clock 21.9499
 Average time per cell 7.15659e-09
  Step time per cell    7.05855e-09
 Step 14 time 0.00446009 control sound timestep  0.000362113 1,1 x 0 y 0
 Wall clock 23.6142
 Average time per cell 7.1493e-09
  Step time per cell    7.05422e-09
 Step 15 time 0.0048222 control sound timestep  0.000362661 1,1 x 0 y 0
 Wall clock 25.3039
 Average time per cell 7.15013e-09
  Step time per cell    7.16146e-09
 Step 16 time 0.00518486 control sound timestep  0.000362812 1,1 x 0 y 0
 Wall clock 26.9642
 Average time per cell 7.14308e-09
  Step time per cell    7.03704e-09
 Step 17 time 0.00554767 control sound timestep  0.000362988 1,1 x 0 y 0
 Wall clock 28.6502
 Average time per cell 7.14325e-09
  Step time per cell    7.14566e-09
 Step 18 time 0.00591066 control sound timestep  0.000363082 1,1 x 0 y 0
 Wall clock 30.3198
 Average time per cell 7.13956e-09
  Step time per cell    7.07665e-09
 Step 19 time 0.00627374 control sound timestep  0.000363112 1,1 x 0 y 0
 Wall clock 32.0054
 Average time per cell 7.13982e-09
  Step time per cell    7.14405e-09
 Step 20 time 0.00663686 control sound timestep  0.00036317 1,1 x 0 y 0
 Wall clock 33.7966
 Average time per cell 7.16244e-09
  Step time per cell    7.59196e-09
 Step 21 time 0.00700003 control sound timestep  0.000363365 1,1 x 0 y 0
 Wall clock 35.4738
 Average time per cell 7.15989e-09
  Step time per cell    7.1089e-09
 Step 22 time 0.00736339 control sound timestep  0.00036347 1,1 x 0 y 0
 Wall clock 37.1427
 Average time per cell 7.15597e-09
  Step time per cell    7.07333e-09
 Step 23 time 0.00772686 control sound timestep  0.000363513 1,1 x 0 y 0
 Wall clock 38.8205
 Average time per cell 7.15402e-09
  Step time per cell    7.1108e-09
 Step 24 time 0.00809037 control sound timestep  0.000363629 1,1 x 0 y 0
 Wall clock 40.4888
 Average time per cell 7.15059e-09
  Step time per cell    7.07126e-09
 Step 25 time 0.008454 control sound timestep  0.000363732 1,1 x 0 y 0
 Wall clock 42.1743
 Average time per cell 7.15031e-09
  Step time per cell    7.1434e-09
 Step 26 time 0.00881773 control sound timestep  0.000363825 1,1 x 0 y 0
 Wall clock 43.841
 Average time per cell 7.14702e-09
  Step time per cell    7.0643e-09
 Step 27 time 0.00918156 control sound timestep  0.000363914 1,1 x 0 y 0
 Wall clock 45.5214
 Average time per cell 7.14611e-09
  Step time per cell    7.1223e-09
 Step 28 time 0.00954547 control sound timestep  0.000363943 1,1 x 0 y 0
 Wall clock 47.1879
 Average time per cell 7.14316e-09
  Step time per cell    7.06309e-09
 Step 29 time 0.00990942 control sound timestep  0.000363973 1,1 x 0 y 0
 Wall clock 48.865
 Average time per cell 7.14196e-09
  Step time per cell    7.10822e-09
 Step 30 time 0.0102734 control sound timestep  0.000363988 1,1 x 0 y 0
 Wall clock 50.6354
 Average time per cell 7.15403e-09
  Step time per cell    7.50361e-09
 Step 31 time 0.0106374 control sound timestep  0.000364002 1,1 x 0 y 0
 Wall clock 52.3136
 Average time per cell 7.1527e-09
  Step time per cell    7.11296e-09
 Step 32 time 0.0110014 control sound timestep  0.000364043 1,1 x 0 y 0
 Wall clock 53.9511
 Average time per cell 7.14608e-09
  Step time per cell    6.9404e-09
 Step 33 time 0.0113654 control sound timestep  0.000364085 1,1 x 0 y 0
 Wall clock 55.6229
 Average time per cell 7.14426e-09
  Step time per cell    7.08577e-09
 Step 34 time 0.0117295 control sound timestep  0.000364133 1,1 x 0 y 0
 Wall clock 57.2659
 Average time per cell 7.13895e-09
  Step time per cell    6.96345e-09
 Step 35 time 0.0120936 control sound timestep  0.000364198 1,1 x 0 y 0
 Wall clock 58.9394
 Average time per cell 7.13765e-09
  Step time per cell    7.093e-09
 Step 36 time 0.0124578 control sound timestep  0.000364259 1,1 x 0 y 0
 Wall clock 60.5946
 Average time per cell 7.13426e-09
  Step time per cell    7.01521e-09
 Step 37 time 0.0128221 control sound timestep  0.000364318 1,1 x 0 y 0
 Wall clock 62.2818
 Average time per cell 7.13473e-09
  Step time per cell    7.15136e-09
 Step 38 time 0.0131864 control sound timestep  0.000364383 1,1 x 0 y 0
 Wall clock 63.9465
 Average time per cell 7.13265e-09
  Step time per cell    7.05564e-09
 Step 39 time 0.0135508 control sound timestep  0.000364422 1,1 x 0 y 0
 Wall clock 65.6267
 Average time per cell 7.13237e-09
  Step time per cell    7.12125e-09
 Step 40 time 0.0139152 control sound timestep  0.000364431 1,1 x 0 y 0
 Wall clock 67.4161
 Average time per cell 7.14367e-09
  Step time per cell    7.58414e-09
 Step 41 time 0.0142797 control sound timestep  0.000364435 1,1 x 0 y 0
 Wall clock 69.1028
 Average time per cell 7.1438e-09
  Step time per cell    7.14908e-09
 Step 42 time 0.0146441 control sound timestep  0.000364445 1,1 x 0 y 0
 Wall clock 70.762
 Average time per cell 7.14116e-09
  Step time per cell    7.03239e-09
 Step 43 time 0.0150085 control sound timestep  0.000364471 1,1 x 0 y 0
 Wall clock 72.4501
 Average time per cell 7.14148e-09
  Step time per cell    7.15455e-09
 Step 44 time 0.015373 control sound timestep  0.000364495 1,1 x 0 y 0
 Wall clock 74.1044
 Average time per cell 7.13853e-09
  Step time per cell    7.01166e-09
 Step 45 time 0.0157375 control sound timestep  0.000364518 1,1 x 0 y 0
 Wall clock 75.7951
 Average time per cell 7.13914e-09
  Step time per cell    7.16559e-09
 Step 46 time 0.016102 control sound timestep  0.000364543 1,1 x 0 y 0
 Wall clock 77.4489
 Average time per cell 7.13633e-09
  Step time per cell    7.00974e-09
 Step 47 time 0.0164666 control sound timestep  0.000364585 1,1 x 0 y 0
 Wall clock 79.1403
 Average time per cell 7.13703e-09
  Step time per cell    7.16867e-09
 Step 48 time 0.0168311 control sound timestep  0.000364628 1,1 x 0 y 0
 Wall clock 80.8023
 Average time per cell 7.1351e-09
  Step time per cell    7.04419e-09
 Step 49 time 0.0171958 control sound timestep  0.000364667 1,1 x 0 y 0
 Wall clock 82.4944
 Average time per cell 7.13585e-09
  Step time per cell    7.17143e-09
 Step 50 time 0.0175604 control sound timestep  0.000364708 1,1 x 0 y 0
 Wall clock 84.2804
 Average time per cell 7.14454e-09
  Step time per cell    7.57018e-09
 Step 51 time 0.0179251 control sound timestep  0.000364758 1,1 x 0 y 0
 Wall clock 85.9626
 Average time per cell 7.14426e-09
  Step time per cell    7.12997e-09
 Step 52 time 0.0182899 control sound timestep  0.000364817 1,1 x 0 y 0
 Wall clock 87.6167
 Average time per cell 7.1417e-09
  Step time per cell    7.01075e-09
 Step 53 time 0.0186547 control sound timestep  0.000364826 1,1 x 0 y 0
 Wall clock 89.3079
 Average time per cell 7.14219e-09
  Step time per cell    7.16774e-09
 Step 54 time 0.0190195 control sound timestep  0.00036483 1,1 x 0 y 0
 Wall clock 90.9634
 Average time per cell 7.13987e-09
  Step time per cell    7.01661e-09
 Step 55 time 0.0193844 control sound timestep  0.000364831 1,1 x 0 y 0
 Wall clock 92.6516
 Average time per cell 7.14016e-09
  Step time per cell    7.15515e-09
 Step 56 time 0.0197492 control sound timestep  0.000364846 1,1 x 0 y 0
 Wall clock 94.3157
 Average time per cell 7.13861e-09
  Step time per cell    7.05313e-09
 Step 57 time 0.0201141 control sound timestep  0.000364866 1,1 x 0 y 0
 Wall clock 95.9948
 Average time per cell 7.13823e-09
  Step time per cell    7.11683e-09
 Step 58 time 0.0204789 control sound timestep  0.000364884 1,1 x 0 y 0
 Wall clock 97.6533
 Average time per cell 7.13635e-09
  Step time per cell    7.02904e-09
 Step 59 time 0.0208438 control sound timestep  0.000364902 1,1 x 0 y 0
 Wall clock 99.341
 Average time per cell 7.13664e-09
  Step time per cell    7.15318e-09
 Step 60 time 0.0212087 control sound timestep  0.000364922 1,1 x 0 y 0
 Wall clock 101.116
 Average time per cell 7.14309e-09
  Step time per cell    7.52288e-09
 Step 61 time 0.0215736 control sound timestep  0.000364956 1,1 x 0 y 0
 Wall clock 102.796
 Average time per cell 7.14271e-09
  Step time per cell    7.12018e-09
 Step 62 time 0.0219386 control sound timestep  0.000364991 1,1 x 0 y 0
 Wall clock 104.456
 Average time per cell 7.14103e-09
  Step time per cell    7.03804e-09
 Step 63 time 0.0223036 control sound timestep  0.000365022 1,1 x 0 y 0
 Wall clock 106.145
 Average time per cell 7.14127e-09
  Step time per cell    7.15613e-09
 Step 64 time 0.0226686 control sound timestep  0.000365056 1,1 x 0 y 0
 Wall clock 107.798
 Average time per cell 7.13921e-09
  Step time per cell    7.00897e-09
 Step 65 time 0.0230337 control sound timestep  0.000365098 1,1 x 0 y 0
 Wall clock 109.485
 Average time per cell 7.13936e-09
  Step time per cell    7.14886e-09
 Step 66 time 0.0233988 control sound timestep  0.000365146 1,1 x 0 y 0
 Wall clock 111.15
 Average time per cell 7.13811e-09
  Step time per cell    7.05629e-09
 Step 67 time 0.0237639 control sound timestep  0.000365166 1,1 x 0 y 0
 Wall clock 112.843
 Average time per cell 7.1387e-09
  Step time per cell    7.17715e-09
 Step 68 time 0.0241291 control sound timestep  0.000365169 1,1 x 0 y 0
 Wall clock 114.5
 Average time per cell 7.13695e-09
  Step time per cell    7.01943e-09
 Step 69 time 0.0244942 control sound timestep  0.000365167 1,1 x 0 y 0
 Wall clock 116.191
 Average time per cell 7.13739e-09
  Step time per cell    7.16741e-09
 Step 70 time 0.0248594 control sound timestep  0.000365177 1,1 x 0 y 0
 Wall clock 117.986
 Average time per cell 7.14415e-09
  Step time per cell    7.60983e-09
 Step 71 time 0.0252246 control sound timestep  0.000365194 1,1 x 0 y 0
 Wall clock 119.68
 Average time per cell 7.14467e-09
  Step time per cell    7.18131e-09
 Step 72 time 0.0255898 control sound timestep  0.000365209 1,1 x 0 y 0
 Wall clock 121.34
 Average time per cell 7.14316e-09
  Step time per cell    7.03567e-09
 Step 73 time 0.025955 control sound timestep  0.000365223 1,1 x 0 y 0
 Wall clock 123.024
 Average time per cell 7.14304e-09
  Step time per cell    7.13379e-09
 Step 74 time 0.0263202 control sound timestep  0.000365239 1,1 x 0 y 0
 Wall clock 124.691
 Average time per cell 7.14201e-09
  Step time per cell    7.05063e-09
 Step 75 time 0.0266854 control sound timestep  0.000365263 1,1 x 0 y 0
 Wall clock 126.386
 Average time per cell 7.14257e-09
  Step time per cell    7.18326e-09
 Step 76 time 0.0270507 control sound timestep  0.000365294 1,1 x 0 y 0
 Wall clock 128.051
 Average time per cell 7.14148e-09
  Step time per cell    7.05983e-09
 Step 77 time 0.027416 control sound timestep  0.000365322 1,1 x 0 y 0
 Wall clock 129.737
 Average time per cell 7.14154e-09
  Step time per cell    7.14583e-09
 Step 78 time 0.0277813 control sound timestep  0.000365349 1,1 x 0 y 0
 Wall clock 131.456
 Average time per cell 7.14335e-09
  Step time per cell    7.28209e-09
 Step 79 time 0.0281467 control sound timestep  0.000365381 1,1 x 0 y 0
 Wall clock 133.146
 Average time per cell 7.1436e-09
  Step time per cell    7.16276e-09
 Step 80 time 0.0285121 control sound timestep  0.000365421 1,1 x 0 y 0
 Wall clock 134.933
 Average time per cell 7.14901e-09
  Step time per cell    7.57621e-09
 Step 81 time 0.0288775 control sound timestep  0.000365457 1,1 x 0 y 0
 Wall clock 136.623
 Average time per cell 7.1492e-09
  Step time per cell    7.16428e-09
 Step 82 time 0.0292429 control sound timestep  0.000365459 1,1 x 0 y 0
 Wall clock 138.291
 Average time per cell 7.14823e-09
  Step time per cell    7.06965e-09
 Step 83 time 0.0296084 control sound timestep  0.000365461 1,1 x 0 y 0
 Wall clock 139.985
 Average time per cell 7.14858e-09
  Step time per cell    7.17673e-09
 Step 84 time 0.0299738 control sound timestep  0.000365461 1,1 x 0 y 0
 Wall clock 141.646
 Average time per cell 7.1473e-09
  Step time per cell    7.0408e-09
 Step 85 time 0.0303393 control sound timestep  0.000365475 1,1 x 0 y 0
 Wall clock 143.333
 Average time per cell 7.14736e-09
  Step time per cell    7.15245e-09
 Step 86 time 0.0307048 control sound timestep  0.000365488 1,1 x 0 y 0
 Wall clock 145.003
 Average time per cell 7.14656e-09
  Step time per cell    7.07828e-09
 Step 87 time 0.0310703 control sound timestep  0.0003655 1,1 x 0 y 0
 Wall clock 146.709
 Average time per cell 7.14752e-09
  Step time per cell    7.22928e-09
 Step 88 time 0.0314358 control sound timestep  0.000365513 1,1 x 0 y 0
 Wall clock 148.378
 Average time per cell 7.14669e-09
  Step time per cell    7.07406e-09
 Step 89 time 0.0318013 control sound timestep  0.000365528 1,1 x 0 y 0
 Wall clock 150.058
 Average time per cell 7.14639e-09
  Step time per cell    7.12028e-09
 Step 90 time 0.0321668 control sound timestep  0.000365555 1,1 x 0 y 0
 Wall clock 151.844
 Average time per cell 7.15109e-09
  Step time per cell    7.56908e-09
 Step 91 time 0.0325324 control sound timestep  0.00036558 1,1 x 0 y 0
 Wall clock 153.54
 Average time per cell 7.15152e-09
  Step time per cell    7.19021e-09
 Step 92 time 0.0328979 control sound timestep  0.000365603 1,1 x 0 y 0
 Wall clock 155.197
 Average time per cell 7.15012e-09
  Step time per cell    7.02164e-09
 Step 93 time 0.0332636 control sound timestep  0.000365628 1,1 x 0 y 0
 Wall clock 156.887
 Average time per cell 7.15027e-09
  Step time per cell    7.16373e-09
 Step 94 time 0.0336292 control sound timestep  0.000365659 1,1 x 0 y 0
 Wall clock 158.55
 Average time per cell 7.14918e-09
  Step time per cell    7.04821e-09
 Step 95 time 0.0339948 control sound timestep  0.000365696 1,1 x 0 y 0
 Wall clock 160.249
 Average time per cell 7.1497e-09
  Step time per cell    7.19833e-09
 Step 96 time 0.0343605 control sound timestep  0.000365709 1,1 x 0 y 0
 Wall clock 161.906
 Average time per cell 7.1484e-09
  Step time per cell    7.0246e-09
 Step 97 time 0.0347262 control sound timestep  0.00036571 1,1 x 0 y 0
 Wall clock 163.598
 Average time per cell 7.14863e-09
  Step time per cell    7.17009e-09
 Step 98 time 0.035092 control sound timestep  0.000365708 1,1 x 0 y 0
 Wall clock 165.266
 Average time per cell 7.14784e-09
  Step time per cell    7.07086e-09
 Step 99 time 0.0354577 control sound timestep  0.000365716 1,1 x 0 y 0
 Wall clock 166.962
 Average time per cell 7.14824e-09
  Step time per cell    7.18747e-09
 Step 100 time 0.0358234 control sound timestep  0.000365728 1,1 x 0 y 0
 Wall clock 168.752
 Average time per cell 7.15262e-09
  Step time per cell    7.58565e-09
 Step 101 time 0.0361891 control sound timestep  0.000365739 1,1 x 0 y 0
 Wall clock 170.453
 Average time per cell 7.1532e-09
  Step time per cell    7.21138e-09
 Step 102 time 0.0365548 control sound timestep  0.000365749 1,1 x 0 y 0
 Wall clock 172.116
 Average time per cell 7.15219e-09
  Step time per cell    7.04998e-09
 Step 103 time 0.0369206 control sound timestep  0.000365761 1,1 x 0 y 0
 Wall clock 173.811
 Average time per cell 7.1525e-09
  Step time per cell    7.18314e-09
 Step 104 time 0.0372864 control sound timestep  0.00036578 1,1 x 0 y 0
 Wall clock 175.482
 Average time per cell 7.15183e-09
  Step time per cell    7.08292e-09
 Step 105 time 0.0376521 control sound timestep  0.000365803 1,1 x 0 y 0
 Wall clock 177.181
 Average time per cell 7.15228e-09
  Step time per cell    7.19886e-09
 Step 106 time 0.0380179 control sound timestep  0.000365823 1,1 x 0 y 0
 Wall clock 178.846
 Average time per cell 7.15141e-09
  Step time per cell    7.05969e-09
 Step 107 time 0.0383838 control sound timestep  0.000365844 1,1 x 0 y 0
 Wall clock 180.535
 Average time per cell 7.15146e-09
  Step time per cell    7.15607e-09
 Step 108 time 0.0387496 control sound timestep  0.000365869 1,1 x 0 y 0
 Wall clock 182.203
 Average time per cell 7.1507e-09
  Step time per cell    7.06953e-09
 Step 109 time 0.0391155 control sound timestep  0.000365899 1,1 x 0 y 0
 Wall clock 183.898
 Average time per cell 7.15104e-09
  Step time per cell    7.18718e-09
 Step 110 time 0.0394814 control sound timestep  0.000365927 1,1 x 0 y 0
 Wall clock 185.685
 Average time per cell 7.15489e-09
  Step time per cell    7.57381e-09
 Step 111 time 0.0398473 control sound timestep  0.000365928 1,1 x 0 y 0
 Wall clock 187.382
 Average time per cell 7.15522e-09
  Step time per cell    7.19198e-09
 Step 112 time 0.0402132 control sound timestep  0.000365927 1,1 x 0 y 0
 Wall clock 189.05
 Average time per cell 7.15446e-09
  Step time per cell    7.06916e-09
 Step 113 time 0.0405792 control sound timestep  0.000365929 1,1 x 0 y 0
 Wall clock 190.735
 Average time per cell 7.15435e-09
  Step time per cell    7.14178e-09
 Step 114 time 0.0409451 control sound timestep  0.000365939 1,1 x 0 y 0
 Wall clock 192.392
 Average time per cell 7.15318e-09
  Step time per cell    7.02099e-09
 Step 115 time 0.041311 control sound timestep  0.000365949 1,1 x 0 y 0
 Wall clock 194.102
 Average time per cell 7.15402e-09
  Step time per cell    7.24971e-09
 Step 116 time 0.041677 control sound timestep  0.000365958 1,1 x 0 y 0
 Wall clock 195.764
 Average time per cell 7.15308e-09
  Step time per cell    7.04434e-09
 Step 117 time 0.0420429 control sound timestep  0.000365968 1,1 x 0 y 0
 Wall clock 197.461
 Average time per cell 7.15339e-09
  Step time per cell    7.18962e-09
 Step 118 time 0.0424089 control sound timestep  0.00036598 1,1 x 0 y 0
 Wall clock 199.134
 Average time per cell 7.15289e-09
  Step time per cell    7.09349e-09
 Step 119 time 0.0427749 control sound timestep  0.000366001 1,1 x 0 y 0
 Wall clock 200.838
 Average time per cell 7.15345e-09
  Step time per cell    7.21934e-09
 Step 120 time 0.0431409 control sound timestep  0.00036602 1,1 x 0 y 0
 Wall clock 202.639
 Average time per cell 7.15748e-09
  Step time per cell    7.63678e-09
 Step 121 time 0.0435069 control sound timestep  0.000366037 1,1 x 0 y 0
 Wall clock 204.348
 Average time per cell 7.15819e-09
  Step time per cell    7.24339e-09
 Step 122 time 0.0438729 control sound timestep  0.000366057 1,1 x 0 y 0
 Wall clock 206.015
 Average time per cell 7.15743e-09
  Step time per cell    7.06509e-09
 Step 123 time 0.044239 control sound timestep  0.000366082 1,1 x 0 y 0
 Wall clock 207.715
 Average time per cell 7.1578e-09
  Step time per cell    7.20239e-09
 Step 124 time 0.0446051 control sound timestep  0.000366111 1,1 x 0 y 0
 Wall clock 209.386
 Average time per cell 7.15722e-09
  Step time per cell    7.0855e-09
 Step 125 time 0.0449712 control sound timestep  0.000366119 1,1 x 0 y 0
 Wall clock 211.082
 Average time per cell 7.15747e-09
  Step time per cell    7.18868e-09
 Step 126 time 0.0453373 control sound timestep  0.00036612 1,1 x 0 y 0
 Wall clock 212.754
 Average time per cell 7.15691e-09
  Step time per cell    7.08655e-09
 Step 127 time 0.0457034 control sound timestep  0.000366118 1,1 x 0 y 0
 Wall clock 214.457
 Average time per cell 7.15737e-09
  Step time per cell    7.21544e-09
 Step 128 time 0.0460695 control sound timestep  0.000366125 1,1 x 0 y 0
 Wall clock 216.133
 Average time per cell 7.15697e-09
  Step time per cell    7.1059e-09
 Step 129 time 0.0464357 control sound timestep  0.000366134 1,1 x 0 y 0
 Wall clock 217.829
 Average time per cell 7.15719e-09
  Step time per cell    7.18463e-09
 Step 130 time 0.0468018 control sound timestep  0.000366143 1,1 x 0 y 0
 Wall clock 219.622
 Average time per cell 7.1606e-09
  Step time per cell    7.59979e-09
 Step 131 time 0.0471679 control sound timestep  0.000366151 1,1 x 0 y 0
 Wall clock 221.317
 Average time per cell 7.16078e-09
  Step time per cell    7.18456e-09
 Step 132 time 0.0475341 control sound timestep  0.00036616 1,1 x 0 y 0
 Wall clock 222.988
 Average time per cell 7.16021e-09
  Step time per cell    7.08552e-09
 Step 133 time 0.0479003 control sound timestep  0.000366177 1,1 x 0 y 0
 Wall clock 224.693
 Average time per cell 7.16071e-09
  Step time per cell    7.22572e-09
 Step 134 time 0.0482664 control sound timestep  0.000366195 1,1 x 0 y 0
 Wall clock 226.374
 Average time per cell 7.16042e-09
  Step time per cell    7.12152e-09
 Step 135 time 0.0486326 control sound timestep  0.000366211 1,1 x 0 y 0
 Wall clock 228.079
 Average time per cell 7.16094e-09
  Step time per cell    7.23034e-09
 Step 136 time 0.0489988 control sound timestep  0.000366227 1,1 x 0 y 0
 Wall clock 229.748
 Average time per cell 7.1603e-09
  Step time per cell    7.07355e-09
 Step 137 time 0.0493651 control sound timestep  0.000366248 1,1 x 0 y 0
 Wall clock 231.44
 Average time per cell 7.16037e-09
  Step time per cell    7.16928e-09
 Step 138 time 0.0497313 control sound timestep  0.000366273 1,1 x 0 y 0
 Wall clock 233.112
 Average time per cell 7.15984e-09
  Step time per cell    7.08773e-09
 Step 139 time 0.0500976 control sound timestep  0.000366291 1,1 x 0 y 0
 Wall clock 234.818
 Average time per cell 7.16036e-09
  Step time per cell    7.23129e-09
 Step 140 time 0.0504639 control sound timestep  0.000366292 1,1 x 0 y 0
 Wall clock 236.603
 Average time per cell 7.16324e-09
  Step time per cell    7.56396e-09
 Step 141 time 0.0508302 control sound timestep  0.000366288 1,1 x 0 y 0
 Wall clock 238.31
 Average time per cell 7.16377e-09
  Step time per cell    7.23737e-09
 Step 142 time 0.0511965 control sound timestep  0.000366292 1,1 x 0 y 0
 Wall clock 239.988
 Average time per cell 7.16339e-09
  Step time per cell    7.10912e-09
 Step 143 time 0.0515627 control sound timestep  0.000366301 1,1 x 0 y 0
 Wall clock 241.694
 Average time per cell 7.16386e-09
  Step time per cell    7.23025e-09
 Step 144 time 0.051929 control sound timestep  0.000366308 1,1 x 0 y 0
 Wall clock 243.37
 Average time per cell 7.16344e-09
  Step time per cell    7.1033e-09
 Step 145 time 0.0522954 control sound timestep  0.000366316 1,1 x 0 y 0
 Wall clock 245.072
 Average time per cell 7.16379e-09
  Step time per cell    7.21484e-09
 Step 146 time 0.0526617 control sound timestep  0.000366324 1,1 x 0 y 0
 Wall clock 246.748
 Average time per cell 7.16337e-09
  Step time per cell    7.10217e-09
 Step 147 time 0.053028 control sound timestep  0.000366336 1,1 x 0 y 0
 Wall clock 248.443
 Average time per cell 7.16353e-09
  Step time per cell    7.18654e-09
 Step 148 time 0.0533943 control sound timestep  0.000366353 1,1 x 0 y 0
 Wall clock 250.107
 Average time per cell 7.16279e-09
  Step time per cell    7.0533e-09
 Step 149 time 0.0537607 control sound timestep  0.000366368 1,1 x 0 y 0
 Wall clock 251.81
 Average time per cell 7.16316e-09
  Step time per cell    7.21734e-09
 Step 150 time 0.0541271 control sound timestep  0.000366382 1,1 x 0 y 0
 Wall clock 253.601
 Average time per cell 7.16602e-09
  Step time per cell    7.59193e-09
 Step 151 time 0.0544934 control sound timestep  0.000366399 1,1 x 0 y 0
 Wall clock 255.305
 Average time per cell 7.16637e-09
  Step time per cell    7.21908e-09
 Step 152 time 0.0548598 control sound timestep  0.000366421 1,1 x 0 y 0
 Wall clock 256.978
 Average time per cell 7.16588e-09
  Step time per cell    7.0905e-09
 Step 153 time 0.0552263 control sound timestep  0.000366444 1,1 x 0 y 0
 Wall clock 258.684
 Average time per cell 7.1663e-09
  Step time per cell    7.23037e-09
 Step 154 time 0.0555927 control sound timestep  0.000366446 1,1 x 0 y 0
 Wall clock 260.363
 Average time per cell 7.166e-09
  Step time per cell    7.1199e-09
 Step 155 time 0.0559591 control sound timestep  0.000366445 1,1 x 0 y 0
 Wall clock 262.073
 Average time per cell 7.16653e-09
  Step time per cell    7.24737e-09
 Step 156 time 0.0563256 control sound timestep  0.000366445 1,1 x 0 y 0
 Wall clock 263.754
 Average time per cell 7.16625e-09
  Step time per cell    7.12255e-09
 Step 157 time 0.056692 control sound timestep  0.000366452 1,1 x 0 y 0
 Wall clock 265.46
 Average time per cell 7.16667e-09
  Step time per cell    7.23252e-09
 Step 158 time 0.0570585 control sound timestep  0.000366459 1,1 x 0 y 0
 Wall clock 267.144
 Average time per cell 7.16647e-09
  Step time per cell    7.13461e-09
 Step 159 time 0.0574249 control sound timestep  0.000366466 1,1 x 0 y 0
 Wall clock 268.849
 Average time per cell 7.16687e-09
  Step time per cell    7.22951e-09
 Step 160 time 0.0577914 control sound timestep  0.000366473 1,1 x 0 y 0
 Wall clock 270.646
 Average time per cell 7.16968e-09
  Step time per cell    7.6167e-09
 Step 161 time 0.0581579 control sound timestep  0.000366482 1,1 x 0 y 0
 Wall clock 272.344
 Average time per cell 7.16984e-09
  Step time per cell    7.19507e-09
 Step 162 time 0.0585244 control sound timestep  0.000366498 1,1 x 0 y 0
 Wall clock 274.019
 Average time per cell 7.1694e-09
  Step time per cell    7.09748e-09
 Step 163 time 0.0588909 control sound timestep  0.000366512 1,1 x 0 y 0
 Wall clock 275.719
 Average time per cell 7.16964e-09
  Step time per cell    7.2087e-09
 Step 164 time 0.0592574 control sound timestep  0.000366525 1,1 x 0 y 0
 Wall clock 277.402
 Average time per cell 7.1694e-09
  Step time per cell    7.13036e-09
 Step 165 time 0.0596239 control sound timestep  0.000366539 1,1 x 0 y 0
 Wall clock 279.109
 Average time per cell 7.16981e-09
  Step time per cell    7.23616e-09
 Step 166 time 0.0599904 control sound timestep  0.000366558 1,1 x 0 y 0
 Wall clock 280.789
 Average time per cell 7.16952e-09
  Step time per cell    7.12156e-09
 Step 167 time 0.060357 control sound timestep  0.00036658 1,1 x 0 y 0
 Wall clock 282.505
 Average time per cell 7.17015e-09
  Step time per cell    7.27409e-09
 Step 168 time 0.0607236 control sound timestep  0.000366586 1,1 x 0 y 0
 Wall clock 284.179
 Average time per cell 7.16968e-09
  Step time per cell    7.09108e-09
 Step 169 time 0.0610902 control sound timestep  0.000366586 1,1 x 0 y 0
 Wall clock 285.892
 Average time per cell 7.17023e-09
  Step time per cell    7.26236e-09
 Step 170 time 0.0614568 control sound timestep  0.000366585 1,1 x 0 y 0
 Wall clock 287.696
 Average time per cell 7.17302e-09
  Step time per cell    7.64386e-09
 Step 171 time 0.0618233 control sound timestep  0.00036659 1,1 x 0 y 0
 Wall clock 289.392
 Average time per cell 7.17312e-09
  Step time per cell    7.19128e-09
 Step 172 time 0.0621899 control sound timestep  0.000366597 1,1 x 0 y 0
 Wall clock 291.07
 Average time per cell 7.17277e-09
  Step time per cell    7.11257e-09
 Step 173 time 0.0625565 control sound timestep  0.000366603 1,1 x 0 y 0
 Wall clock 292.778
 Average time per cell 7.17316e-09
  Step time per cell    7.23947e-09
 Step 174 time 0.0629231 control sound timestep  0.000366609 1,1 x 0 y 0
 Wall clock 294.458
 Average time per cell 7.17284e-09
  Step time per cell    7.11694e-09
 Step 175 time 0.0632897 control sound timestep  0.000366616 1,1 x 0 y 0
 Wall clock 296.167
 Average time per cell 7.17325e-09
  Step time per cell    7.24447e-09
 Step 176 time 0.0636564 control sound timestep  0.000366631 1,1 x 0 y 0
 Wall clock 297.849
 Average time per cell 7.17301e-09
  Step time per cell    7.1314e-09
 Step 177 time 0.064023 control sound timestep  0.000366644 1,1 x 0 y 0
 Wall clock 299.556
 Average time per cell 7.17335e-09
  Step time per cell    7.23197e-09
 Step 178 time 0.0643896 control sound timestep  0.000366656 1,1 x 0 y 0
 Wall clock 301.229
 Average time per cell 7.17289e-09
  Step time per cell    7.09102e-09
 Step 179 time 0.0647563 control sound timestep  0.000366668 1,1 x 0 y 0
 Wall clock 302.936
 Average time per cell 7.17324e-09
  Step time per cell    7.23573e-09
 Step 180 time 0.065123 control sound timestep  0.000366685 1,1 x 0 y 0
 Wall clock 304.736
 Average time per cell 7.17577e-09
  Step time per cell    7.62783e-09
 Step 181 time 0.0654896 control sound timestep  0.000366704 1,1 x 0 y 0
 Wall clock 306.444
 Average time per cell 7.17612e-09
  Step time per cell    7.23916e-09
 Step 182 time 0.0658563 control sound timestep  0.000366715 1,1 x 0 y 0
 Wall clock 308.123
 Average time per cell 7.17579e-09
  Step time per cell    7.11641e-09
 Step 183 time 0.0662231 control sound timestep  0.000366716 1,1 x 0 y 0
 Wall clock 309.827
 Average time per cell 7.17607e-09
  Step time per cell    7.22553e-09
 Step 184 time 0.0665898 control sound timestep  0.000366713 1,1 x 0 y 0
 Wall clock 311.506
 Average time per cell 7.17573e-09
  Step time per cell    7.11379e-09
 Step 185 time 0.0669565 control sound timestep  0.000366717 1,1 x 0 y 0
 Wall clock 313.22
 Average time per cell 7.17621e-09
  Step time per cell    7.26482e-09
 Step 186 time 0.0673232 control sound timestep  0.000366724 1,1 x 0 y 0
 Wall clock 314.906
 Average time per cell 7.17605e-09
  Step time per cell    7.14545e-09
 Step 187 time 0.0676899 control sound timestep  0.000366729 1,1 x 0 y 0
 Wall clock 316.616
 Average time per cell 7.17644e-09
  Step time per cell    7.24942e-09
 Step 188 time 0.0680567 control sound timestep  0.000366735 1,1 x 0 y 0
 Wall clock 318.303
 Average time per cell 7.17631e-09
  Step time per cell    7.15094e-09
 Step 189 time 0.0684234 control sound timestep  0.000366742 1,1 x 0 y 0
 Wall clock 320.015
 Average time per cell 7.17672e-09
  Step time per cell    7.25404e-09
 Step 190 time 0.0687901 control sound timestep  0.000366754 1,1 x 0 y 0
 Wall clock 321.82
 Average time per cell 7.17921e-09
  Step time per cell    7.64837e-09
 Step 191 time 0.0691569 control sound timestep  0.000366766 1,1 x 0 y 0
 Wall clock 323.533
 Average time per cell 7.17963e-09
  Step time per cell    7.26061e-09
 Step 192 time 0.0695237 control sound timestep  0.000366777 1,1 x 0 y 0
 Wall clock 325.217
 Average time per cell 7.17943e-09
  Step time per cell    7.1415e-09
 Step 193 time 0.0698904 control sound timestep  0.000366789 1,1 x 0 y 0
 Wall clock 326.927
 Average time per cell 7.17978e-09
  Step time per cell    7.24496e-09
 Step 194 time 0.0702572 control sound timestep  0.000366803 1,1 x 0 y 0
 Wall clock 328.603
 Average time per cell 7.17939e-09
  Step time per cell    7.10499e-09
 Step 195 time 0.070624 control sound timestep  0.000366821 1,1 x 0 y 0
 Wall clock 330.312
 Average time per cell 7.17972e-09
  Step time per cell    7.24354e-09
 Step 196 time 0.0709908 control sound timestep  0.000366835 1,1 x 0 y 0
 Wall clock 331.995
 Average time per cell 7.17949e-09
  Step time per cell    7.13365e-09
 Step 197 time 0.0713577 control sound timestep  0.000366836 1,1 x 0 y 0
 Wall clock 333.706
 Average time per cell 7.17986e-09
  Step time per cell    7.25101e-09
 Step 198 time 0.0717245 control sound timestep  0.000366833 1,1 x 0 y 0
 Wall clock 335.395
 Average time per cell 7.17973e-09
  Step time per cell    7.15571e-09
 Step 199 time 0.0720913 control sound timestep  0.000366836 1,1 x 0 y 0
 Wall clock 337.114
 Average time per cell 7.18028e-09
  Step time per cell    7.28761e-09
 Step 200 time 0.0724582 control sound timestep  0.000366842 1,1 x 0 y 0
 Wall clock 338.921
 Average time per cell 7.18267e-09
  Step time per cell    7.65829e-09
 Step 201 time 0.072825 control sound timestep  0.000366847 1,1 x 0 y 0
 Wall clock 340.629
 Average time per cell 7.18295e-09
  Step time per cell    7.23906e-09
 Step 202 time 0.0731919 control sound timestep  0.000366853 1,1 x 0 y 0
 Wall clock 342.316
 Average time per cell 7.18279e-09
  Step time per cell    7.15019e-09
 Step 203 time 0.0735587 control sound timestep  0.000366859 1,1 x 0 y 0
 Wall clock 344.022
 Average time per cell 7.18303e-09
  Step time per cell    7.23201e-09
 Step 204 time 0.0739256 control sound timestep  0.000366869 1,1 x 0 y 0
 Wall clock 345.712
 Average time per cell 7.18293e-09
  Step time per cell    7.16102e-09
 Step 205 time 0.0742925 control sound timestep  0.000366881 1,1 x 0 y 0
 Wall clock 347.424
 Average time per cell 7.1833e-09
  Step time per cell    7.25904e-09
 Step 206 time 0.0746593 control sound timestep  0.000366892 1,1 x 0 y 0
 Wall clock 349.124
 Average time per cell 7.1834e-09
  Step time per cell    7.20358e-09
 Step 207 time 0.0750262 control sound timestep  0.000366902 1,1 x 0 y 0
 Wall clock 350.856
 Average time per cell 7.18415e-09
  Step time per cell    7.33874e-09
 Step 208 time 0.0753931 control sound timestep  0.000366915 1,1 x 0 y 0
 Wall clock 352.555
 Average time per cell 7.18425e-09
  Step time per cell    7.20373e-09
 Step 209 time 0.07576 control sound timestep  0.000366932 1,1 x 0 y 0
 Wall clock 354.287
 Average time per cell 7.185e-09
  Step time per cell    7.3413e-09
 Step 210 time 0.076127 control sound timestep  0.000366947 1,1 x 0 y 0
 Wall clock 356.109
 Average time per cell 7.18755e-09
  Step time per cell    7.71949e-09
 Step 211 time 0.0764939 control sound timestep  0.000366948 1,1 x 0 y 0
 Wall clock 357.842
 Average time per cell 7.1883e-09
  Step time per cell    7.3458e-09
 Step 212 time 0.0768609 control sound timestep  0.000366945 1,1 x 0 y 0
 Wall clock 359.547
 Average time per cell 7.18848e-09
  Step time per cell    7.22684e-09
 Step 213 time 0.0772278 control sound timestep  0.000366947 1,1 x 0 y 0
 Wall clock 361.27
 Average time per cell 7.18901e-09
  Step time per cell    7.30157e-09
 Step 214 time 0.0775948 control sound timestep  0.000366952 1,1 x 0 y 0
 Wall clock 362.972
 Average time per cell 7.18914e-09
  Step time per cell    7.21525e-09
 Step 215 time 0.0779617 control sound timestep  0.000366958 1,1 x 0 y 0
 Wall clock 364.697
 Average time per cell 7.18971e-09
  Step time per cell    7.31202e-09
 Step 216 time 0.0783287 control sound timestep  0.000366963 1,1 x 0 y 0
 Wall clock 366.403
 Average time per cell 7.1899e-09
  Step time per cell    7.23096e-09
 Step 217 time 0.0786956 control sound timestep  0.000366968 1,1 x 0 y 0
 Wall clock 368.131
 Average time per cell 7.19053e-09
  Step time per cell    7.32489e-09
 Step 218 time 0.0790626 control sound timestep  0.000366977 1,1 x 0 y 0
 Wall clock 369.827
 Average time per cell 7.19052e-09
  Step time per cell    7.18793e-09
 Step 219 time 0.0794296 control sound timestep  0.000366989 1,1 x 0 y 0
 Wall clock 371.561
 Average time per cell 7.19123e-09
  Step time per cell    7.34726e-09
 Step 220 time 0.0797966 control sound timestep  0.000366999 1,1 x 0 y 0
 Wall clock 373.38
 Average time per cell 7.1936e-09
  Step time per cell    7.7119e-09
 Step 221 time 0.0801636 control sound timestep  0.000367009 1,1 x 0 y 0
 Wall clock 375.113
 Average time per cell 7.19429e-09
  Step time per cell    7.34499e-09
 Step 222 time 0.0805306 control sound timestep  0.000367021 1,1 x 0 y 0
 Wall clock 376.83
 Average time per cell 7.19465e-09
  Step time per cell    7.27432e-09
 Step 223 time 0.0808976 control sound timestep  0.000367036 1,1 x 0 y 0
 Wall clock 378.561
 Average time per cell 7.1953e-09
  Step time per cell    7.33987e-09
 Step 224 time 0.0812646 control sound timestep  0.000367052 1,1 x 0 y 0
 Wall clock 380.261
 Average time per cell 7.19534e-09
  Step time per cell    7.20414e-09
 Step 225 time 0.0816317 control sound timestep  0.000367052 1,1 x 0 y 0
 Wall clock 381.987
 Average time per cell 7.19587e-09
  Step time per cell    7.31456e-09
 Step 226 time 0.0819987 control sound timestep  0.00036705 1,1 x 0 y 0
 Wall clock 383.696
 Average time per cell 7.19609e-09
  Step time per cell    7.24431e-09
 Step 227 time 0.0823658 control sound timestep  0.000367051 1,1 x 0 y 0
 Wall clock 385.42
 Average time per cell 7.19658e-09
  Step time per cell    7.30718e-09
 Step 228 time 0.0827328 control sound timestep  0.000367056 1,1 x 0 y 0
 Wall clock 387.129
 Average time per cell 7.19679e-09
  Step time per cell    7.24445e-09
 Step 229 time 0.0830999 control sound timestep  0.000367062 1,1 x 0 y 0
 Wall clock 388.864
 Average time per cell 7.19747e-09
  Step time per cell    7.35203e-09
 Step 230 time 0.083467 control sound timestep  0.000367066 1,1 x 0 y 0
 Wall clock 390.689
 Average time per cell 7.19981e-09
  Step time per cell    7.7362e-09
 Step 231 time 0.083834 control sound timestep  0.000367071 1,1 x 0 y 0
 Wall clock 392.426
 Average time per cell 7.20051e-09
  Step time per cell    7.36084e-09
 Step 232 time 0.0842011 control sound timestep  0.000367079 1,1 x 0 y 0
 Wall clock 394.125
 Average time per cell 7.20052e-09
  Step time per cell    7.20213e-09
 Step 233 time 0.0845682 control sound timestep  0.000367091 1,1 x 0 y 0
 Wall clock 395.867
 Average time per cell 7.2013e-09
  Step time per cell    7.38148e-09
 Step 234 time 0.0849353 control sound timestep  0.0003671 1,1 x 0 y 0
 Wall clock 397.565
 Average time per cell 7.20129e-09
  Step time per cell    7.19847e-09
 Step 235 time 0.0853024 control sound timestep  0.00036711 1,1 x 0 y 0
 Wall clock 399.3
 Average time per cell 7.20192e-09
  Step time per cell    7.35085e-09
 Step 236 time 0.0856695 control sound timestep  0.000367121 1,1 x 0 y 0
 Wall clock 401.006
 Average time per cell 7.20205e-09
  Step time per cell    7.23062e-09
 Step 237 time 0.0860366 control sound timestep  0.000367135 1,1 x 0 y 0
 Wall clock 402.736
 Average time per cell 7.2026e-09
  Step time per cell    7.33261e-09
 Step 238 time 0.0864037 control sound timestep  0.000367151 1,1 x 0 y 0
 Wall clock 404.446
 Average time per cell 7.2028e-09
  Step time per cell    7.25013e-09
 Step 239 time 0.0867709 control sound timestep  0.000367151 1,1 x 0 y 0
 Wall clock 406.176
 Average time per cell 7.20334e-09
  Step time per cell    7.33131e-09
 Step 240 time 0.087138 control sound timestep  0.00036715 1,1 x 0 y 0
 Wall clock 407.996
 Average time per cell 7.20546e-09
  Step time per cell    7.71205e-09
 Step 241 time 0.0875052 control sound timestep  0.00036715 1,1 x 0 y 0
 Wall clock 409.725
 Average time per cell 7.20599e-09
  Step time per cell    7.33254e-09
 Step 242 time 0.0878723 control sound timestep  0.000367155 1,1 x 0 y 0
 Wall clock 411.422
 Average time per cell 7.20593e-09
  Step time per cell    7.19158e-09
 Step 243 time 0.0882395 control sound timestep  0.00036716 1,1 x 0 y 0
 Wall clock 413.159
 Average time per cell 7.20656e-09
  Step time per cell    7.35911e-09
 Step 244 time 0.0886066 control sound timestep  0.000367164 1,1 x 0 y 0
 Wall clock 414.862
 Average time per cell 7.20662e-09
  Step time per cell    7.22057e-09
 Step 245 time 0.0889738 control sound timestep  0.000367169 1,1 x 0 y 0
 Wall clock 416.596
 Average time per cell 7.20721e-09
  Step time per cell    7.34999e-09
 Step 246 time 0.089341 control sound timestep  0.000367177 1,1 x 0 y 0
 Wall clock 418.308
 Average time per cell 7.20739e-09
  Step time per cell    7.25314e-09
 Step 247 time 0.0897082 control sound timestep  0.000367187 1,1 x 0 y 0
 Wall clock 420.04
 Average time per cell 7.20795e-09
  Step time per cell    7.34449e-09
 Step 248 time 0.0900753 control sound timestep  0.000367197 1,1 x 0 y 0
 Wall clock 421.742
 Average time per cell 7.20797e-09
  Step time per cell    7.21371e-09
 Step 249 time 0.0904425 control sound timestep  0.000367205 1,1 x 0 y 0
 Wall clock 423.469
 Average time per cell 7.20841e-09
  Step time per cell    7.31577e-09
 Step 250 time 0.0908097 control sound timestep  0.000367216 1,1 x 0 y 0
 Wall clock 425.307
 Average time per cell 7.21074e-09
  Step time per cell    7.79114e-09
 Step 251 time 0.091177 control sound timestep  0.000367229 1,1 x 0 y 0
 Wall clock 427.046
 Average time per cell 7.21138e-09
  Step time per cell    7.37099e-09
 Step 252 time 0.0915442 control sound timestep  0.000367244 1,1 x 0 y 0
 Wall clock 428.747
 Average time per cell 7.21138e-09
  Step time per cell    7.21169e-09
 Step 253 time 0.0919114 control sound timestep  0.000367245 1,1 x 0 y 0
 Wall clock 430.483
 Average time per cell 7.21196e-09
  Step time per cell    7.35613e-09
 Step 254 time 0.0922787 control sound timestep  0.000367243 1,1 x 0 y 0
 Wall clock 432.182
 Average time per cell 7.21192e-09
  Step time per cell    7.20288e-09
 Step 255 time 0.0926459 control sound timestep  0.000367244 1,1 x 0 y 0
 Wall clock 433.922
 Average time per cell 7.21256e-09
  Step time per cell    7.37473e-09
 Step 256 time 0.0930132 control sound timestep  0.000367248 1,1 x 0 y 0
 Wall clock 435.638
 Average time per cell 7.2128e-09
  Step time per cell    7.27247e-09
 Step 257 time 0.0933804 control sound timestep  0.000367253 1,1 x 0 y 0
 Wall clock 437.371
 Average time per cell 7.21331e-09
  Step time per cell    7.34528e-09
 Step 258 time 0.0937477 control sound timestep  0.000367257 1,1 x 0 y 0
 Wall clock 439.08
 Average time per cell 7.21343e-09
  Step time per cell    7.24313e-09
 Step 259 time 0.0941149 control sound timestep  0.000367262 1,1 x 0 y 0
 Wall clock 440.803
 Average time per cell 7.21378e-09
  Step time per cell    7.30332e-09
 Step 260 time 0.0944822 control sound timestep  0.000367269 1,1 x 0 y 0
 Wall clock 442.63
 Average time per cell 7.21581e-09
  Step time per cell    7.74139e-09
 Step 261 time 0.0948495 control sound timestep  0.000367279 1,1 x 0 y 0
 Wall clock 444.371
 Average time per cell 7.21644e-09
  Step time per cell    7.37981e-09
 Step 262 time 0.0952167 control sound timestep  0.000367288 1,1 x 0 y 0
 Wall clock 446.081
 Average time per cell 7.21655e-09
  Step time per cell    7.24567e-09
 Step 263 time 0.095584 control sound timestep  0.000367297 1,1 x 0 y 0
 Wall clock 447.816
 Average time per cell 7.21708e-09
  Step time per cell    7.35456e-09
 Step 264 time 0.0959513 control sound timestep  0.000367307 1,1 x 0 y 0
 Wall clock 449.526
 Average time per cell 7.2172e-09
  Step time per cell    7.25048e-09
 Step 265 time 0.0963186 control sound timestep  0.00036732 1,1 x 0 y 0
 Wall clock 451.258
 Average time per cell 7.21767e-09
  Step time per cell    7.33956e-09
 Step 266 time 0.0966859 control sound timestep  0.000367334 1,1 x 0 y 0
 Wall clock 452.972
 Average time per cell 7.21784e-09
  Step time per cell    7.26438e-09
 Step 267 time 0.0970533 control sound timestep  0.000367334 1,1 x 0 y 0
 Wall clock 454.717
 Average time per cell 7.21852e-09
  Step time per cell    7.39746e-09
 Step 268 time 0.0974206 control sound timestep  0.000367332 1,1 x 0 y 0
 Wall clock 456.429
 Average time per cell 7.21865e-09
  Step time per cell    7.25368e-09
 Step 269 time 0.0977879 control sound timestep  0.000367333 1,1 x 0 y 0
 Wall clock 458.173
 Average time per cell 7.21929e-09
  Step time per cell    7.39059e-09
 Step 270 time 0.0981553 control sound timestep  0.000367338 1,1 x 0 y 0
 Wall clock 459.998
 Average time per cell 7.2212e-09
  Step time per cell    7.73554e-09
 Step 271 time 0.0985226 control sound timestep  0.000367342 1,1 x 0 y 0
 Wall clock 461.745
 Average time per cell 7.22188e-09
  Step time per cell    7.4054e-09
 Step 272 time 0.09889 control sound timestep  0.000367346 1,1 x 0 y 0
 Wall clock 463.457
 Average time per cell 7.22201e-09
  Step time per cell    7.25602e-09
 Step 273 time 0.0992573 control sound timestep  0.00036735 1,1 x 0 y 0
 Wall clock 465.199
 Average time per cell 7.2226e-09
  Step time per cell    7.38349e-09
 Step 274 time 0.0996247 control sound timestep  0.000367358 1,1 x 0 y 0
 Wall clock 466.91
 Average time per cell 7.22272e-09
  Step time per cell    7.25361e-09
 Step 275 time 0.099992 control sound timestep  0.000367367 1,1 x 0 y 0
 Wall clock 468.642
 Average time per cell 7.22314e-09
  Step time per cell    7.3385e-09
 Step 276 time 0.100359 control sound timestep  0.000367376 1,1 x 0 y 0
 Wall clock 470.356
 Average time per cell 7.22328e-09
  Step time per cell    7.26323e-09
 Step 277 time 0.100727 control sound timestep  0.000367384 1,1 x 0 y 0
 Wall clock 472.093
 Average time per cell 7.22379e-09
  Step time per cell    7.36221e-09
 Step 278 time 0.101094 control sound timestep  0.000367394 1,1 x 0 y 0
 Wall clock 473.798
 Average time per cell 7.22381e-09
  Step time per cell    7.22952e-09
 Step 279 time 0.101462 control sound timestep  0.000367406 1,1 x 0 y 0
 Wall clock 475.541
 Average time per cell 7.22439e-09
  Step time per cell    7.38608e-09
 Step 280 time 0.101829 control sound timestep  0.000367419 1,1 x 0 y 0
 Wall clock 477.388
 Average time per cell 7.22655e-09
  Step time per cell    7.82756e-09
 Step 281 time 0.102196 control sound timestep  0.000367419 1,1 x 0 y 0
 Wall clock 479.121
 Average time per cell 7.22697e-09
  Step time per cell    7.34614e-09
 Step 282 time 0.102564 control sound timestep  0.000367417 1,1 x 0 y 0
 Wall clock 480.839
 Average time per cell 7.22717e-09
  Step time per cell    7.28288e-09
 Step 283 time 0.102931 control sound timestep  0.000367418 1,1 x 0 y 0
 Wall clock 482.575
 Average time per cell 7.22764e-09
  Step time per cell    7.35816e-09
 Step 284 time 0.103299 control sound timestep  0.000367423 1,1 x 0 y 0
 Wall clock 484.291
 Average time per cell 7.22779e-09
  Step time per cell    7.26966e-09
 Step 285 time 0.103666 control sound timestep  0.000367427 1,1 x 0 y 0
 Wall clock 486.031
 Average time per cell 7.22831e-09
  Step time per cell    7.37748e-09
 Step 286 time 0.104033 control sound timestep  0.000367431 1,1 x 0 y 0
 Wall clock 487.741
 Average time per cell 7.22838e-09
  Step time per cell    7.24795e-09
 Step 287 time 0.104401 control sound timestep  0.000367435 1,1 x 0 y 0
 Wall clock 489.483
 Average time per cell 7.22892e-09
  Step time per cell    7.38393e-09
 Step 288 time 0.104768 control sound timestep  0.000367442 1,1 x 0 y 0
 Wall clock 491.202
 Average time per cell 7.22912e-09
  Step time per cell    7.28544e-09
 Step 289 time 0.105136 control sound timestep  0.000367452 1,1 x 0 y 0
 Wall clock 492.946
 Average time per cell 7.22968e-09
  Step time per cell    7.39066e-09
 Step 290 time 0.105503 control sound timestep  0.00036746 1,1 x 0 y 0
 Wall clock 494.788
 Average time per cell 7.23167e-09
  Step time per cell    7.80492e-09
 Step 291 time 0.105871 control sound timestep  0.000367468 1,1 x 0 y 0
 Wall clock 496.532
 Average time per cell 7.23223e-09
  Step time per cell    7.39456e-09
 Step 292 time 0.106238 control sound timestep  0.000367477 1,1 x 0 y 0
 Wall clock 498.258
 Average time per cell 7.23251e-09
  Step time per cell    7.31314e-09
 Step 293 time 0.106606 control sound timestep  0.00036749 1,1 x 0 y 0
 Wall clock 499.997
 Average time per cell 7.23298e-09
  Step time per cell    7.36993e-09
 Step 294 time 0.106973 control sound timestep  0.0003675 1,1 x 0 y 0
 Wall clock 501.713
 Average time per cell 7.23312e-09
  Step time per cell    7.27613e-09
 Step 295 time 0.107341 control sound timestep  0.000367501 1,1 x 0 y 0
 Wall clock 503.481
 Average time per cell 7.23401e-09
  Step time per cell    7.49357e-09
 Step 296 time 0.107708 control sound timestep  0.000367498 1,1 x 0 y 0
 Wall clock 505.217
 Average time per cell 7.23442e-09
  Step time per cell    7.35686e-09
 Step 297 time 0.108076 control sound timestep  0.0003675 1,1 x 0 y 0
 Wall clock 506.965
 Average time per cell 7.23501e-09
  Step time per cell    7.40981e-09
 Step 298 time 0.108443 control sound timestep  0.000367504 1,1 x 0 y 0
 Wall clock 508.698
 Average time per cell 7.23538e-09
  Step time per cell    7.34258e-09
 Step 299 time 0.108811 control sound timestep  0.000367508 1,1 x 0 y 0
 Wall clock 510.452
 Average time per cell 7.23604e-09
  Step time per cell    7.43298e-09
 Step 300 time 0.109178 control sound timestep  0.000367512 1,1 x 0 y 0
 Wall clock 512.433
 First step overhead 0
Result:
 - Problem: none
 - Outcome: PASSED
