---
Devices:
 0: Host CPU
CloverLeaf:
 - Ver.:     2.000
 - Deck:     /home/labpc/work/cipp/CloverLeaf/InputDecks/clover_bm256_300.in
 - Out:      clover.out
 - Profiler: deck-specified
MPI:
 - Enabled:     false
 - Total ranks: 1
 - Header device-awareness (CUDA-awareness):  unknown
 - Runtime device-awareness (CUDA-awareness): unknown
 - Host-Device halo exchange staging buffer:  true
Model:
 - Name:      OpenMP (CPU)
 - Execution: Host
# ---- 
Output: |+1
 Output file clover.out opened. All output will go there.
 Args: --file /home/labpc/work/cipp/CloverLeaf/InputDecks/clover_bm256_300.in
 Using input: `/home/labpc/work/cipp/CloverLeaf/InputDecks/clover_bm256_300.in`
 Problem initialised and generated
 Launching hydro
 Step 1 time 0 control sound timestep  0.000385161 1,1 x 0 y 0
 Wall clock 1.14492
 Average time per cell 4.85281e-09
  Step time per cell    4.85281e-09
 Step 2 time 0.000385161 control sound timestep  0.000235099 1,1 x 0 y 0
 Wall clock 2.27638
 Average time per cell 4.82428e-09
  Step time per cell    4.79544e-09
 Step 3 time 0.000620261 control sound timestep  0.000298723 1,1 x 0 y 0
 Wall clock 3.41342
 Average time per cell 4.82265e-09
  Step time per cell    4.81905e-09
 Step 4 time 0.000918984 control sound timestep  0.000314746 1,1 x 0 y 0
 Wall clock 4.55694
 Average time per cell 4.82871e-09
  Step time per cell    4.84655e-09
 Step 5 time 0.00123373 control sound timestep  0.000346361 1,1 x 0 y 0
 Wall clock 5.70765
 Average time per cell 4.83844e-09
  Step time per cell    4.87706e-09
 Step 6 time 0.00158009 control sound timestep  0.00034558 1,1 x 0 y 0
 Wall clock 6.84157
 Average time per cell 4.83306e-09
  Step time per cell    4.80584e-09
 Step 7 time 0.00192567 control sound timestep  0.000352154 1,1 x 0 y 0
 Wall clock 7.98762
 Average time per cell 4.83656e-09
  Step time per cell    4.85726e-09
 Step 8 time 0.00227782 control sound timestep  0.000370384 1,1 x 0 y 0
 Wall clock 9.1301
 Average time per cell 4.8373e-09
  Step time per cell    4.84212e-09
 Step 9 time 0.00264821 control sound timestep  0.000366391 1,1 x 0 y 0
 Wall clock 10.2678
 Average time per cell 4.8356e-09
  Step time per cell    4.8217e-09
 Step 10 time 0.0030146 control sound timestep  0.000363789 1,1 x 0 y 0
 Wall clock 11.4197
 Average time per cell 4.84029e-09
  Step time per cell    4.88213e-09
 Step 11 time 0.00337839 control sound timestep  0.000361224 1,1 x 0 y 0
 Wall clock 12.5128
 Average time per cell 4.82145e-09
  Step time per cell    4.63302e-09
 Step 12 time 0.00373961 control sound timestep  0.000359796 1,1 x 0 y 0
 Wall clock 13.5972
 Average time per cell 4.80271e-09
  Step time per cell    4.59622e-09
 Step 13 time 0.00409941 control sound timestep  0.000360678 1,1 x 0 y 0
 Wall clock 14.6745
 Average time per cell 4.78451e-09
  Step time per cell    4.5657e-09
 Step 14 time 0.00446009 control sound timestep  0.000362113 1,1 x 0 y 0
 Wall clock 15.7303
 Average time per cell 4.76241e-09
  Step time per cell    4.47489e-09
 Step 15 time 0.0048222 control sound timestep  0.000362661 1,1 x 0 y 0
 Wall clock 16.7838
 Average time per cell 4.74259e-09
  Step time per cell    4.46475e-09
 Step 16 time 0.00518486 control sound timestep  0.000362812 1,1 x 0 y 0
 Wall clock 17.8344
 Average time per cell 4.7245e-09
  Step time per cell    4.45284e-09
 Step 17 time 0.00554767 control sound timestep  0.000362988 1,1 x 0 y 0
 Wall clock 18.8956
 Average time per cell 4.71118e-09
  Step time per cell    4.4978e-09
 Step 18 time 0.00591066 control sound timestep  0.000363082 1,1 x 0 y 0
 Wall clock 19.9457
 Average time per cell 4.69672e-09
  Step time per cell    4.45048e-09
 Step 19 time 0.00627374 control sound timestep  0.000363112 1,1 x 0 y 0
 Wall clock 20.9907
 Average time per cell 4.68264e-09
  Step time per cell    4.42905e-09
 Step 20 time 0.00663686 control sound timestep  0.00036317 1,1 x 0 y 0
 Wall clock 22.1154
 Average time per cell 4.68686e-09
  Step time per cell    4.76656e-09
 Step 21 time 0.00700003 control sound timestep  0.000363365 1,1 x 0 y 0
 Wall clock 23.1506
 Average time per cell 4.67261e-09
  Step time per cell    4.38763e-09
 Step 22 time 0.00736339 control sound timestep  0.00036347 1,1 x 0 y 0
 Wall clock 24.1752
 Average time per cell 4.65762e-09
  Step time per cell    4.34245e-09
 Step 23 time 0.00772686 control sound timestep  0.000363513 1,1 x 0 y 0
 Wall clock 25.1947
 Average time per cell 4.64301e-09
  Step time per cell    4.32108e-09
 Step 24 time 0.00809037 control sound timestep  0.000363629 1,1 x 0 y 0
 Wall clock 26.2046
 Average time per cell 4.6279e-09
  Step time per cell    4.27999e-09
 Step 25 time 0.008454 control sound timestep  0.000363732 1,1 x 0 y 0
 Wall clock 27.2327
 Average time per cell 4.61709e-09
  Step time per cell    4.35745e-09
 Step 26 time 0.00881773 control sound timestep  0.000363825 1,1 x 0 y 0
 Wall clock 28.259
 Average time per cell 4.60682e-09
  Step time per cell    4.34962e-09
 Step 27 time 0.00918156 control sound timestep  0.000363914 1,1 x 0 y 0
 Wall clock 29.278
 Average time per cell 4.59617e-09
  Step time per cell    4.319e-09
 Step 28 time 0.00954547 control sound timestep  0.000363943 1,1 x 0 y 0
 Wall clock 30.2744
 Average time per cell 4.58285e-09
  Step time per cell    4.22293e-09
 Step 29 time 0.00990942 control sound timestep  0.000363973 1,1 x 0 y 0
 Wall clock 31.2762
 Average time per cell 4.57124e-09
  Step time per cell    4.2458e-09
 Step 30 time 0.0102734 control sound timestep  0.000363988 1,1 x 0 y 0
 Wall clock 32.3274
 Average time per cell 4.56738e-09
  Step time per cell    4.45504e-09
 Step 31 time 0.0106374 control sound timestep  0.000364002 1,1 x 0 y 0
 Wall clock 33.3215
 Average time per cell 4.55597e-09
  Step time per cell    4.21361e-09
 Step 32 time 0.0110014 control sound timestep  0.000364043 1,1 x 0 y 0
 Wall clock 34.2882
 Average time per cell 4.54164e-09
  Step time per cell    4.09698e-09
 Step 33 time 0.0113654 control sound timestep  0.000364085 1,1 x 0 y 0
 Wall clock 35.2414
 Average time per cell 4.52644e-09
  Step time per cell    4.03985e-09
 Step 34 time 0.0117295 control sound timestep  0.000364133 1,1 x 0 y 0
 Wall clock 36.1953
 Average time per cell 4.51223e-09
  Step time per cell    4.04291e-09
 Step 35 time 0.0120936 control sound timestep  0.000364198 1,1 x 0 y 0
 Wall clock 37.173
 Average time per cell 4.50171e-09
  Step time per cell    4.14367e-09
 Step 36 time 0.0124578 control sound timestep  0.000364259 1,1 x 0 y 0
 Wall clock 38.1291
 Average time per cell 4.48922e-09
  Step time per cell    4.05192e-09
 Step 37 time 0.0128221 control sound timestep  0.000364318 1,1 x 0 y 0
 Wall clock 39.0964
 Average time per cell 4.4787e-09
  Step time per cell    4.09969e-09
 Step 38 time 0.0131864 control sound timestep  0.000364383 1,1 x 0 y 0
 Wall clock 40.0593
 Average time per cell 4.46825e-09
  Step time per cell    4.08106e-09
 Step 39 time 0.0135508 control sound timestep  0.000364422 1,1 x 0 y 0
 Wall clock 41.0058
 Average time per cell 4.45655e-09
  Step time per cell    4.01154e-09
 Step 40 time 0.0139152 control sound timestep  0.000364431 1,1 x 0 y 0
 Wall clock 42.0022
 Average time per cell 4.45071e-09
  Step time per cell    4.22276e-09
 Step 41 time 0.0142797 control sound timestep  0.000364435 1,1 x 0 y 0
 Wall clock 42.9319
 Average time per cell 4.43827e-09
  Step time per cell    3.94074e-09
 Step 42 time 0.0146441 control sound timestep  0.000364445 1,1 x 0 y 0
 Wall clock 43.8653
 Average time per cell 4.4268e-09
  Step time per cell    3.95594e-09
 Step 43 time 0.0150085 control sound timestep  0.000364471 1,1 x 0 y 0
 Wall clock 44.785
 Average time per cell 4.41451e-09
  Step time per cell    3.89793e-09
 Step 44 time 0.015373 control sound timestep  0.000364495 1,1 x 0 y 0
 Wall clock 45.7172
 Average time per cell 4.40397e-09
  Step time per cell    3.95051e-09
 Step 45 time 0.0157375 control sound timestep  0.000364518 1,1 x 0 y 0
 Wall clock 46.6524
 Average time per cell 4.39419e-09
  Step time per cell    3.96353e-09
 Step 46 time 0.016102 control sound timestep  0.000364543 1,1 x 0 y 0
 Wall clock 47.5958
 Average time per cell 4.38559e-09
  Step time per cell    3.99834e-09
 Step 47 time 0.0164666 control sound timestep  0.000364585 1,1 x 0 y 0
 Wall clock 48.5232
 Average time per cell 4.37592e-09
  Step time per cell    3.93057e-09
 Step 48 time 0.0168311 control sound timestep  0.000364628 1,1 x 0 y 0
 Wall clock 49.4512
 Average time per cell 4.3667e-09
  Step time per cell    3.93311e-09
 Step 49 time 0.0171958 control sound timestep  0.000364667 1,1 x 0 y 0
 Wall clock 50.3616
 Average time per cell 4.35633e-09
  Step time per cell    3.85828e-09
 Step 50 time 0.0175604 control sound timestep  0.000364708 1,1 x 0 y 0
 Wall clock 51.3443
 Average time per cell 4.35251e-09
  Step time per cell    4.16479e-09
 Step 51 time 0.0179251 control sound timestep  0.000364758 1,1 x 0 y 0
 Wall clock 52.2706
 Average time per cell 4.34415e-09
  Step time per cell    3.92615e-09
 Step 52 time 0.0182899 control sound timestep  0.000364817 1,1 x 0 y 0
 Wall clock 53.175
 Average time per cell 4.33433e-09
  Step time per cell    3.83312e-09
 Step 53 time 0.0186547 control sound timestep  0.000364826 1,1 x 0 y 0
 Wall clock 54.0844
 Average time per cell 4.32528e-09
  Step time per cell    3.85434e-09
 Step 54 time 0.0190195 control sound timestep  0.00036483 1,1 x 0 y 0
 Wall clock 55.0041
 Average time per cell 4.31737e-09
  Step time per cell    3.89791e-09
 Step 55 time 0.0193844 control sound timestep  0.000364831 1,1 x 0 y 0
 Wall clock 55.9311
 Average time per cell 4.31031e-09
  Step time per cell    3.92867e-09
 Step 56 time 0.0197492 control sound timestep  0.000364846 1,1 x 0 y 0
 Wall clock 56.861
 Average time per cell 4.30372e-09
  Step time per cell    3.94129e-09
 Step 57 time 0.0201141 control sound timestep  0.000364866 1,1 x 0 y 0
 Wall clock 57.7666
 Average time per cell 4.29555e-09
  Step time per cell    3.8377e-09
 Step 58 time 0.0204789 control sound timestep  0.000364884 1,1 x 0 y 0
 Wall clock 58.6875
 Average time per cell 4.28879e-09
  Step time per cell    3.90296e-09
 Step 59 time 0.0208438 control sound timestep  0.000364902 1,1 x 0 y 0
 Wall clock 59.5929
 Average time per cell 4.28115e-09
  Step time per cell    3.83739e-09
 Step 60 time 0.0212087 control sound timestep  0.000364922 1,1 x 0 y 0
 Wall clock 60.5637
 Average time per cell 4.27838e-09
  Step time per cell    4.11464e-09
 Step 61 time 0.0215736 control sound timestep  0.000364956 1,1 x 0 y 0
 Wall clock 61.487
 Average time per cell 4.27239e-09
  Step time per cell    3.9132e-09
 Step 62 time 0.0219386 control sound timestep  0.000364991 1,1 x 0 y 0
 Wall clock 62.3908
 Average time per cell 4.26527e-09
  Step time per cell    3.83065e-09
 Step 63 time 0.0223036 control sound timestep  0.000365022 1,1 x 0 y 0
 Wall clock 63.3129
 Average time per cell 4.25961e-09
  Step time per cell    3.908e-09
 Step 64 time 0.0226686 control sound timestep  0.000365056 1,1 x 0 y 0
 Wall clock 64.2101
 Average time per cell 4.25247e-09
  Step time per cell    3.80236e-09
 Step 65 time 0.0230337 control sound timestep  0.000365098 1,1 x 0 y 0
 Wall clock 65.1378
 Average time per cell 4.24754e-09
  Step time per cell    3.93181e-09
 Step 66 time 0.0233988 control sound timestep  0.000365146 1,1 x 0 y 0
 Wall clock 66.0418
 Average time per cell 4.24123e-09
  Step time per cell    3.83101e-09
 Step 67 time 0.0237639 control sound timestep  0.000365166 1,1 x 0 y 0
 Wall clock 66.9443
 Average time per cell 4.23503e-09
  Step time per cell    3.82522e-09
 Step 68 time 0.0241291 control sound timestep  0.000365169 1,1 x 0 y 0
 Wall clock 67.8564
 Average time per cell 4.2296e-09
  Step time per cell    3.8656e-09
 Step 69 time 0.0244942 control sound timestep  0.000365167 1,1 x 0 y 0
 Wall clock 68.7583
 Average time per cell 4.2237e-09
  Step time per cell    3.82231e-09
 Step 70 time 0.0248594 control sound timestep  0.000365177 1,1 x 0 y 0
 Wall clock 69.7445
 Average time per cell 4.22308e-09
  Step time per cell    4.1799e-09
 Step 71 time 0.0252246 control sound timestep  0.000365194 1,1 x 0 y 0
 Wall clock 70.6545
 Average time per cell 4.21792e-09
  Step time per cell    3.85665e-09
 Step 72 time 0.0255898 control sound timestep  0.000365209 1,1 x 0 y 0
 Wall clock 71.5505
 Average time per cell 4.21209e-09
  Step time per cell    3.79743e-09
 Step 73 time 0.025955 control sound timestep  0.000365223 1,1 x 0 y 0
 Wall clock 72.4758
 Average time per cell 4.20812e-09
  Step time per cell    3.92193e-09
 Step 74 time 0.0263202 control sound timestep  0.000365239 1,1 x 0 y 0
 Wall clock 73.3704
 Average time per cell 4.20249e-09
  Step time per cell    3.79143e-09
 Step 75 time 0.0266854 control sound timestep  0.000365263 1,1 x 0 y 0
 Wall clock 74.2865
 Average time per cell 4.19823e-09
  Step time per cell    3.8826e-09
 Step 76 time 0.0270507 control sound timestep  0.000365294 1,1 x 0 y 0
 Wall clock 75.196
 Average time per cell 4.19371e-09
  Step time per cell    3.85441e-09
 Step 77 time 0.027416 control sound timestep  0.000365322 1,1 x 0 y 0
 Wall clock 76.0945
 Average time per cell 4.18871e-09
  Step time per cell    3.80793e-09
 Step 78 time 0.0277813 control sound timestep  0.000365349 1,1 x 0 y 0
 Wall clock 77.0107
 Average time per cell 4.18479e-09
  Step time per cell    3.88295e-09
 Step 79 time 0.0281467 control sound timestep  0.000365381 1,1 x 0 y 0
 Wall clock 77.9074
 Average time per cell 4.17993e-09
  Step time per cell    3.80074e-09
 Step 80 time 0.0285121 control sound timestep  0.000365421 1,1 x 0 y 0
 Wall clock 78.9097
 Average time per cell 4.18079e-09
  Step time per cell    4.2477e-09
 Step 81 time 0.0288775 control sound timestep  0.000365457 1,1 x 0 y 0
 Wall clock 79.8332
 Average time per cell 4.17749e-09
  Step time per cell    3.91415e-09
 Step 82 time 0.0292429 control sound timestep  0.000365459 1,1 x 0 y 0
 Wall clock 80.7486
 Average time per cell 4.17387e-09
  Step time per cell    3.8798e-09
 Step 83 time 0.0296084 control sound timestep  0.000365461 1,1 x 0 y 0
 Wall clock 81.6777
 Average time per cell 4.17103e-09
  Step time per cell    3.93776e-09
 Step 84 time 0.0299738 control sound timestep  0.000365461 1,1 x 0 y 0
 Wall clock 82.5779
 Average time per cell 4.16679e-09
  Step time per cell    3.81489e-09
 Step 85 time 0.0303393 control sound timestep  0.000365475 1,1 x 0 y 0
 Wall clock 83.486
 Average time per cell 4.16306e-09
  Step time per cell    3.84888e-09
 Step 86 time 0.0307048 control sound timestep  0.000365488 1,1 x 0 y 0
 Wall clock 84.4122
 Average time per cell 4.1603e-09
  Step time per cell    3.92558e-09
 Step 87 time 0.0310703 control sound timestep  0.0003655 1,1 x 0 y 0
 Wall clock 85.3176
 Average time per cell 4.15659e-09
  Step time per cell    3.83701e-09
 Step 88 time 0.0314358 control sound timestep  0.000365513 1,1 x 0 y 0
 Wall clock 86.2118
 Average time per cell 4.15243e-09
  Step time per cell    3.79009e-09
 Step 89 time 0.0318013 control sound timestep  0.000365528 1,1 x 0 y 0
 Wall clock 87.1264
 Average time per cell 4.14932e-09
  Step time per cell    3.87607e-09
 Step 90 time 0.0321668 control sound timestep  0.000365555 1,1 x 0 y 0
 Wall clock 88.1055
 Average time per cell 4.14933e-09
  Step time per cell    4.14939e-09
 Step 91 time 0.0325324 control sound timestep  0.00036558 1,1 x 0 y 0
 Wall clock 89.0213
 Average time per cell 4.14639e-09
  Step time per cell    3.88163e-09
 Step 92 time 0.0328979 control sound timestep  0.000365603 1,1 x 0 y 0
 Wall clock 89.9236
 Average time per cell 4.14289e-09
  Step time per cell    3.82432e-09
 Step 93 time 0.0332636 control sound timestep  0.000365628 1,1 x 0 y 0
 Wall clock 90.8236
 Average time per cell 4.13936e-09
  Step time per cell    3.81429e-09
 Step 94 time 0.0336292 control sound timestep  0.000365659 1,1 x 0 y 0
 Wall clock 91.7478
 Average time per cell 4.137e-09
  Step time per cell    3.91691e-09
 Step 95 time 0.0339948 control sound timestep  0.000365696 1,1 x 0 y 0
 Wall clock 92.652
 Average time per cell 4.1338e-09
  Step time per cell    3.83237e-09
 Step 96 time 0.0343605 control sound timestep  0.000365709 1,1 x 0 y 0
 Wall clock 93.5701
 Average time per cell 4.13127e-09
  Step time per cell    3.89098e-09
 Step 97 time 0.0347262 control sound timestep  0.00036571 1,1 x 0 y 0
 Wall clock 94.4864
 Average time per cell 4.12872e-09
  Step time per cell    3.88352e-09
 Step 98 time 0.035092 control sound timestep  0.000365708 1,1 x 0 y 0
 Wall clock 95.393
 Average time per cell 4.1258e-09
  Step time per cell    3.84219e-09
 Step 99 time 0.0354577 control sound timestep  0.000365716 1,1 x 0 y 0
 Wall clock 96.3254
 Average time per cell 4.12404e-09
  Step time per cell    3.95188e-09
 Step 100 time 0.0358234 control sound timestep  0.000365728 1,1 x 0 y 0
 Wall clock 97.3026
 Average time per cell 4.12422e-09
  Step time per cell    4.14127e-09
 Step 101 time 0.0361891 control sound timestep  0.000365739 1,1 x 0 y 0
 Wall clock 98.2219
 Average time per cell 4.12197e-09
  Step time per cell    3.89637e-09
 Step 102 time 0.0365548 control sound timestep  0.000365749 1,1 x 0 y 0
 Wall clock 99.1454
 Average time per cell 4.11993e-09
  Step time per cell    3.91424e-09
 Step 103 time 0.0369206 control sound timestep  0.000365761 1,1 x 0 y 0
 Wall clock 100.065
 Average time per cell 4.11779e-09
  Step time per cell    3.89928e-09
 Step 104 time 0.0372864 control sound timestep  0.00036578 1,1 x 0 y 0
 Wall clock 100.98
 Average time per cell 4.11546e-09
  Step time per cell    3.87463e-09
 Step 105 time 0.0376521 control sound timestep  0.000365803 1,1 x 0 y 0
 Wall clock 101.904
 Average time per cell 4.11359e-09
  Step time per cell    3.91867e-09
 Step 106 time 0.0380179 control sound timestep  0.000365823 1,1 x 0 y 0
 Wall clock 102.825
 Average time per cell 4.11158e-09
  Step time per cell    3.89994e-09
 Step 107 time 0.0383838 control sound timestep  0.000365844 1,1 x 0 y 0
 Wall clock 103.743
 Average time per cell 4.10955e-09
  Step time per cell    3.89396e-09
 Step 108 time 0.0387496 control sound timestep  0.000365869 1,1 x 0 y 0
 Wall clock 104.68
 Average time per cell 4.10827e-09
  Step time per cell    3.97098e-09
 Step 109 time 0.0391155 control sound timestep  0.000365899 1,1 x 0 y 0
 Wall clock 105.594
 Average time per cell 4.1061e-09
  Step time per cell    3.87166e-09
 Step 110 time 0.0394814 control sound timestep  0.000365927 1,1 x 0 y 0
 Wall clock 106.575
 Average time per cell 4.10657e-09
  Step time per cell    4.15739e-09
 Step 111 time 0.0398473 control sound timestep  0.000365928 1,1 x 0 y 0
 Wall clock 107.492
 Average time per cell 4.10459e-09
  Step time per cell    3.88634e-09
 Step 112 time 0.0402132 control sound timestep  0.000365927 1,1 x 0 y 0
 Wall clock 108.408
 Average time per cell 4.1026e-09
  Step time per cell    3.88154e-09
 Step 113 time 0.0405792 control sound timestep  0.000365929 1,1 x 0 y 0
 Wall clock 109.344
 Average time per cell 4.10143e-09
  Step time per cell    3.97058e-09
 Step 114 time 0.0409451 control sound timestep  0.000365939 1,1 x 0 y 0
 Wall clock 110.26
 Average time per cell 4.0995e-09
  Step time per cell    3.8805e-09
 Step 115 time 0.041311 control sound timestep  0.000365949 1,1 x 0 y 0
 Wall clock 111.188
 Average time per cell 4.09805e-09
  Step time per cell    3.93284e-09
 Step 116 time 0.041677 control sound timestep  0.000365958 1,1 x 0 y 0
 Wall clock 112.111
 Average time per cell 4.09647e-09
  Step time per cell    3.91396e-09
 Step 117 time 0.0420429 control sound timestep  0.000365968 1,1 x 0 y 0
 Wall clock 113.029
 Average time per cell 4.09468e-09
  Step time per cell    3.88693e-09
 Step 118 time 0.0424089 control sound timestep  0.00036598 1,1 x 0 y 0
 Wall clock 113.935
 Average time per cell 4.09255e-09
  Step time per cell    3.84241e-09
 Step 119 time 0.0427749 control sound timestep  0.000366001 1,1 x 0 y 0
 Wall clock 114.861
 Average time per cell 4.09112e-09
  Step time per cell    3.92277e-09
 Step 120 time 0.0431409 control sound timestep  0.00036602 1,1 x 0 y 0
 Wall clock 115.867
 Average time per cell 4.09259e-09
  Step time per cell    4.26643e-09
 Step 121 time 0.0435069 control sound timestep  0.000366037 1,1 x 0 y 0
 Wall clock 116.806
 Average time per cell 4.09162e-09
  Step time per cell    3.97619e-09
 Step 122 time 0.0438729 control sound timestep  0.000366057 1,1 x 0 y 0
 Wall clock 117.713
 Average time per cell 4.0896e-09
  Step time per cell    3.84379e-09
 Step 123 time 0.044239 control sound timestep  0.000366082 1,1 x 0 y 0
 Wall clock 118.646
 Average time per cell 4.08852e-09
  Step time per cell    3.95751e-09
 Step 124 time 0.0446051 control sound timestep  0.000366111 1,1 x 0 y 0
 Wall clock 119.555
 Average time per cell 4.0866e-09
  Step time per cell    3.85008e-09
 Step 125 time 0.0449712 control sound timestep  0.000366119 1,1 x 0 y 0
 Wall clock 120.479
 Average time per cell 4.08525e-09
  Step time per cell    3.91685e-09
 Step 126 time 0.0453373 control sound timestep  0.00036612 1,1 x 0 y 0
 Wall clock 121.4
 Average time per cell 4.0838e-09
  Step time per cell    3.90211e-09
 Step 127 time 0.0457034 control sound timestep  0.000366118 1,1 x 0 y 0
 Wall clock 122.332
 Average time per cell 4.08275e-09
  Step time per cell    3.95029e-09
 Step 128 time 0.0460695 control sound timestep  0.000366125 1,1 x 0 y 0
 Wall clock 123.244
 Average time per cell 4.08105e-09
  Step time per cell    3.86514e-09
 Step 129 time 0.0464357 control sound timestep  0.000366134 1,1 x 0 y 0
 Wall clock 124.165
 Average time per cell 4.0797e-09
  Step time per cell    3.90565e-09
 Step 130 time 0.0468018 control sound timestep  0.000366143 1,1 x 0 y 0
 Wall clock 125.162
 Average time per cell 4.0808e-09
  Step time per cell    4.2229e-09
 Step 131 time 0.0471679 control sound timestep  0.000366151 1,1 x 0 y 0
 Wall clock 126.109
 Average time per cell 4.08029e-09
  Step time per cell    4.01451e-09
 Step 132 time 0.0475341 control sound timestep  0.00036616 1,1 x 0 y 0
 Wall clock 127.024
 Average time per cell 4.07876e-09
  Step time per cell    3.87763e-09
 Step 133 time 0.0479003 control sound timestep  0.000366177 1,1 x 0 y 0
 Wall clock 127.942
 Average time per cell 4.07736e-09
  Step time per cell    3.89227e-09
 Step 134 time 0.0482664 control sound timestep  0.000366195 1,1 x 0 y 0
 Wall clock 128.865
 Average time per cell 4.07613e-09
  Step time per cell    3.91258e-09
 Step 135 time 0.0486326 control sound timestep  0.000366211 1,1 x 0 y 0
 Wall clock 129.783
 Average time per cell 4.07475e-09
  Step time per cell    3.88937e-09
 Step 136 time 0.0489988 control sound timestep  0.000366227 1,1 x 0 y 0
 Wall clock 130.716
 Average time per cell 4.07389e-09
  Step time per cell    3.9563e-09
 Step 137 time 0.0493651 control sound timestep  0.000366248 1,1 x 0 y 0
 Wall clock 131.64
 Average time per cell 4.07272e-09
  Step time per cell    3.91342e-09
 Step 138 time 0.0497313 control sound timestep  0.000366273 1,1 x 0 y 0
 Wall clock 132.561
 Average time per cell 4.07151e-09
  Step time per cell    3.90625e-09
 Step 139 time 0.0500976 control sound timestep  0.000366291 1,1 x 0 y 0
 Wall clock 133.488
 Average time per cell 4.07048e-09
  Step time per cell    3.92762e-09
 Step 140 time 0.0504639 control sound timestep  0.000366292 1,1 x 0 y 0
 Wall clock 134.457
 Average time per cell 4.07072e-09
  Step time per cell    4.10436e-09
 Step 141 time 0.0508302 control sound timestep  0.000366288 1,1 x 0 y 0
 Wall clock 135.395
 Average time per cell 4.07006e-09
  Step time per cell    3.9767e-09
 Step 142 time 0.0511965 control sound timestep  0.000366292 1,1 x 0 y 0
 Wall clock 136.3
 Average time per cell 4.06843e-09
  Step time per cell    3.83818e-09
 Step 143 time 0.0515627 control sound timestep  0.000366301 1,1 x 0 y 0
 Wall clock 137.229
 Average time per cell 4.0675e-09
  Step time per cell    3.93482e-09
 Step 144 time 0.051929 control sound timestep  0.000366308 1,1 x 0 y 0
 Wall clock 138.151
 Average time per cell 4.0664e-09
  Step time per cell    3.90885e-09
 Step 145 time 0.0522954 control sound timestep  0.000366316 1,1 x 0 y 0
 Wall clock 139.074
 Average time per cell 4.06534e-09
  Step time per cell    3.91298e-09
 Step 146 time 0.0526617 control sound timestep  0.000366324 1,1 x 0 y 0
 Wall clock 139.995
 Average time per cell 4.06422e-09
  Step time per cell    3.90153e-09
 Step 147 time 0.053028 control sound timestep  0.000366336 1,1 x 0 y 0
 Wall clock 140.904
 Average time per cell 4.06277e-09
  Step time per cell    3.85047e-09
 Step 148 time 0.0533943 control sound timestep  0.000366353 1,1 x 0 y 0
 Wall clock 141.818
 Average time per cell 4.0615e-09
  Step time per cell    3.87469e-09
 Step 149 time 0.0537607 control sound timestep  0.000366368 1,1 x 0 y 0
 Wall clock 142.767
 Average time per cell 4.06124e-09
  Step time per cell    4.02303e-09
 Step 150 time 0.0541271 control sound timestep  0.000366382 1,1 x 0 y 0
 Wall clock 143.756
 Average time per cell 4.06213e-09
  Step time per cell    4.19369e-09
 Step 151 time 0.0544934 control sound timestep  0.000366399 1,1 x 0 y 0
 Wall clock 144.676
 Average time per cell 4.06105e-09
  Step time per cell    3.89879e-09
 Step 152 time 0.0548598 control sound timestep  0.000366421 1,1 x 0 y 0
 Wall clock 145.611
 Average time per cell 4.0604e-09
  Step time per cell    3.9624e-09
 Step 153 time 0.0552263 control sound timestep  0.000366444 1,1 x 0 y 0
 Wall clock 146.521
 Average time per cell 4.05905e-09
  Step time per cell    3.85382e-09
 Step 154 time 0.0555927 control sound timestep  0.000366446 1,1 x 0 y 0
 Wall clock 147.453
 Average time per cell 4.05837e-09
  Step time per cell    3.95257e-09
 Step 155 time 0.0559591 control sound timestep  0.000366445 1,1 x 0 y 0
 Wall clock 148.366
 Average time per cell 4.05715e-09
  Step time per cell    3.86906e-09
 Step 156 time 0.0563256 control sound timestep  0.000366445 1,1 x 0 y 0
 Wall clock 149.273
 Average time per cell 4.05579e-09
  Step time per cell    3.84514e-09
 Step 157 time 0.056692 control sound timestep  0.000366452 1,1 x 0 y 0
 Wall clock 150.198
 Average time per cell 4.05492e-09
  Step time per cell    3.91933e-09
 Step 158 time 0.0570585 control sound timestep  0.000366459 1,1 x 0 y 0
 Wall clock 151.138
 Average time per cell 4.05447e-09
  Step time per cell    3.98342e-09
 Step 159 time 0.0574249 control sound timestep  0.000366466 1,1 x 0 y 0
 Wall clock 152.046
 Average time per cell 4.05318e-09
  Step time per cell    3.84914e-09
 Step 160 time 0.0577914 control sound timestep  0.000366473 1,1 x 0 y 0
 Wall clock 153.052
 Average time per cell 4.05449e-09
  Step time per cell    4.2621e-09
 Step 161 time 0.0581579 control sound timestep  0.000366482 1,1 x 0 y 0
 Wall clock 153.971
 Average time per cell 4.0535e-09
  Step time per cell    3.89562e-09
 Step 162 time 0.0585244 control sound timestep  0.000366498 1,1 x 0 y 0
 Wall clock 154.886
 Average time per cell 4.05243e-09
  Step time per cell    3.87885e-09
 Step 163 time 0.0588909 control sound timestep  0.000366512 1,1 x 0 y 0
 Wall clock 155.971
 Average time per cell 4.05578e-09
  Step time per cell    4.59854e-09
 Step 164 time 0.0592574 control sound timestep  0.000366525 1,1 x 0 y 0
 Wall clock 156.89
 Average time per cell 4.0548e-09
  Step time per cell    3.89393e-09
 Step 165 time 0.0596239 control sound timestep  0.000366539 1,1 x 0 y 0
 Wall clock 157.829
 Average time per cell 4.05434e-09
  Step time per cell    3.97988e-09
 Step 166 time 0.0599904 control sound timestep  0.000366558 1,1 x 0 y 0
 Wall clock 158.735
 Average time per cell 4.05306e-09
  Step time per cell    3.84062e-09
 Step 167 time 0.060357 control sound timestep  0.00036658 1,1 x 0 y 0
 Wall clock 159.669
 Average time per cell 4.0525e-09
  Step time per cell    3.95885e-09
 Step 168 time 0.0607236 control sound timestep  0.000366586 1,1 x 0 y 0
 Wall clock 160.584
 Average time per cell 4.05144e-09
  Step time per cell    3.87534e-09
 Step 169 time 0.0610902 control sound timestep  0.000366586 1,1 x 0 y 0
 Wall clock 161.496
 Average time per cell 4.05035e-09
  Step time per cell    3.86576e-09
 Step 170 time 0.0614568 control sound timestep  0.000366585 1,1 x 0 y 0
 Wall clock 162.472
 Average time per cell 4.05085e-09
  Step time per cell    4.1355e-09
 Step 171 time 0.0618233 control sound timestep  0.00036659 1,1 x 0 y 0
 Wall clock 163.383
 Average time per cell 4.04975e-09
  Step time per cell    3.86349e-09
 Step 172 time 0.0621899 control sound timestep  0.000366597 1,1 x 0 y 0
 Wall clock 164.297
 Average time per cell 4.04874e-09
  Step time per cell    3.87489e-09
 Step 173 time 0.0625565 control sound timestep  0.000366603 1,1 x 0 y 0
 Wall clock 165.231
 Average time per cell 4.04822e-09
  Step time per cell    3.95783e-09
 Step 174 time 0.0629231 control sound timestep  0.000366609 1,1 x 0 y 0
 Wall clock 166.147
 Average time per cell 4.04726e-09
  Step time per cell    3.88213e-09
 Step 175 time 0.0632897 control sound timestep  0.000366616 1,1 x 0 y 0
 Wall clock 167.077
 Average time per cell 4.04665e-09
  Step time per cell    3.9392e-09
 Step 176 time 0.0636564 control sound timestep  0.000366631 1,1 x 0 y 0
 Wall clock 168.017
 Average time per cell 4.04631e-09
  Step time per cell    3.98629e-09
 Step 177 time 0.064023 control sound timestep  0.000366644 1,1 x 0 y 0
 Wall clock 168.941
 Average time per cell 4.04558e-09
  Step time per cell    3.91685e-09
 Step 178 time 0.0643896 control sound timestep  0.000366656 1,1 x 0 y 0
 Wall clock 169.864
 Average time per cell 4.04482e-09
  Step time per cell    3.90943e-09
 Step 179 time 0.0647563 control sound timestep  0.000366668 1,1 x 0 y 0
 Wall clock 170.782
 Average time per cell 4.04395e-09
  Step time per cell    3.89005e-09
 Step 180 time 0.065123 control sound timestep  0.000366685 1,1 x 0 y 0
 Wall clock 171.778
 Average time per cell 4.04495e-09
  Step time per cell    4.22277e-09
 Step 181 time 0.0654896 control sound timestep  0.000366704 1,1 x 0 y 0
 Wall clock 172.725
 Average time per cell 4.04477e-09
  Step time per cell    4.0133e-09
 Step 182 time 0.0658563 control sound timestep  0.000366715 1,1 x 0 y 0
 Wall clock 173.647
 Average time per cell 4.04402e-09
  Step time per cell    3.90645e-09
 Step 183 time 0.0662231 control sound timestep  0.000366716 1,1 x 0 y 0
 Wall clock 174.569
 Average time per cell 4.04327e-09
  Step time per cell    3.90698e-09
 Step 184 time 0.0665898 control sound timestep  0.000366713 1,1 x 0 y 0
 Wall clock 175.52
 Average time per cell 4.0432e-09
  Step time per cell    4.03045e-09
 Step 185 time 0.0669565 control sound timestep  0.000366717 1,1 x 0 y 0
 Wall clock 176.427
 Average time per cell 4.04213e-09
  Step time per cell    3.84396e-09
 Step 186 time 0.0673232 control sound timestep  0.000366724 1,1 x 0 y 0
 Wall clock 177.336
 Average time per cell 4.04112e-09
  Step time per cell    3.85469e-09
 Step 187 time 0.0676899 control sound timestep  0.000366729 1,1 x 0 y 0
 Wall clock 178.279
 Average time per cell 4.04087e-09
  Step time per cell    3.99429e-09
 Step 188 time 0.0680567 control sound timestep  0.000366735 1,1 x 0 y 0
 Wall clock 179.191
 Average time per cell 4.03994e-09
  Step time per cell    3.86578e-09
 Step 189 time 0.0684234 control sound timestep  0.000366742 1,1 x 0 y 0
 Wall clock 180.127
 Average time per cell 4.03957e-09
  Step time per cell    3.96973e-09
 Step 190 time 0.0687901 control sound timestep  0.000366754 1,1 x 0 y 0
 Wall clock 181.12
 Average time per cell 4.04046e-09
  Step time per cell    4.20795e-09
 Step 191 time 0.0691569 control sound timestep  0.000366766 1,1 x 0 y 0
 Wall clock 182.042
 Average time per cell 4.03977e-09
  Step time per cell    3.90774e-09
 Step 192 time 0.0695237 control sound timestep  0.000366777 1,1 x 0 y 0
 Wall clock 182.956
 Average time per cell 4.0389e-09
  Step time per cell    3.87216e-09
 Step 193 time 0.0698904 control sound timestep  0.000366789 1,1 x 0 y 0
 Wall clock 183.881
 Average time per cell 4.03829e-09
  Step time per cell    3.92107e-09
 Step 194 time 0.0702572 control sound timestep  0.000366803 1,1 x 0 y 0
 Wall clock 184.823
 Average time per cell 4.03806e-09
  Step time per cell    3.99324e-09
 Step 195 time 0.070624 control sound timestep  0.000366821 1,1 x 0 y 0
 Wall clock 185.755
 Average time per cell 4.0376e-09
  Step time per cell    3.94856e-09
 Step 196 time 0.0709908 control sound timestep  0.000366835 1,1 x 0 y 0
 Wall clock 186.668
 Average time per cell 4.03674e-09
  Step time per cell    3.86859e-09
 Step 197 time 0.0713577 control sound timestep  0.000366836 1,1 x 0 y 0
 Wall clock 187.586
 Average time per cell 4.03601e-09
  Step time per cell    3.89233e-09
 Step 198 time 0.0717245 control sound timestep  0.000366833 1,1 x 0 y 0
 Wall clock 188.521
 Average time per cell 4.03563e-09
  Step time per cell    3.96168e-09
 Step 199 time 0.0720913 control sound timestep  0.000366836 1,1 x 0 y 0
 Wall clock 189.446
 Average time per cell 4.03507e-09
  Step time per cell    3.92247e-09
 Step 200 time 0.0724582 control sound timestep  0.000366842 1,1 x 0 y 0
 Wall clock 190.434
 Average time per cell 4.03582e-09
  Step time per cell    4.18621e-09
 Step 201 time 0.072825 control sound timestep  0.000366847 1,1 x 0 y 0
 Wall clock 191.353
 Average time per cell 4.03511e-09
  Step time per cell    3.89268e-09
 Step 202 time 0.0731919 control sound timestep  0.000366853 1,1 x 0 y 0
 Wall clock 192.287
 Average time per cell 4.03475e-09
  Step time per cell    3.96132e-09
 Step 203 time 0.0735587 control sound timestep  0.000366859 1,1 x 0 y 0
 Wall clock 193.196
 Average time per cell 4.03385e-09
  Step time per cell    3.85156e-09
 Step 204 time 0.0739256 control sound timestep  0.000366869 1,1 x 0 y 0
 Wall clock 194.099
 Average time per cell 4.03284e-09
  Step time per cell    3.82818e-09
 Step 205 time 0.0742925 control sound timestep  0.000366881 1,1 x 0 y 0
 Wall clock 195.04
 Average time per cell 4.03263e-09
  Step time per cell    3.98884e-09
 Step 206 time 0.0746593 control sound timestep  0.000366892 1,1 x 0 y 0
 Wall clock 195.954
 Average time per cell 4.03186e-09
  Step time per cell    3.873e-09
 Step 207 time 0.0750262 control sound timestep  0.000366902 1,1 x 0 y 0
 Wall clock 196.877
 Average time per cell 4.03128e-09
  Step time per cell    3.91187e-09
 Step 208 time 0.0753931 control sound timestep  0.000366915 1,1 x 0 y 0
 Wall clock 197.802
 Average time per cell 4.03075e-09
  Step time per cell    3.92024e-09
 Step 209 time 0.07576 control sound timestep  0.000366932 1,1 x 0 y 0
 Wall clock 198.729
 Average time per cell 4.03026e-09
  Step time per cell    3.92851e-09
 Step 210 time 0.076127 control sound timestep  0.000366947 1,1 x 0 y 0
 Wall clock 199.715
 Average time per cell 4.03096e-09
  Step time per cell    4.17652e-09
 Step 211 time 0.0764939 control sound timestep  0.000366948 1,1 x 0 y 0
 Wall clock 200.64
 Average time per cell 4.03044e-09
  Step time per cell    3.92133e-09
 Step 212 time 0.0768609 control sound timestep  0.000366945 1,1 x 0 y 0
 Wall clock 201.572
 Average time per cell 4.03006e-09
  Step time per cell    3.95012e-09
 Step 213 time 0.0772278 control sound timestep  0.000366947 1,1 x 0 y 0
 Wall clock 202.486
 Average time per cell 4.02934e-09
  Step time per cell    3.87658e-09
 Step 214 time 0.0775948 control sound timestep  0.000366952 1,1 x 0 y 0
 Wall clock 203.389
 Average time per cell 4.02838e-09
  Step time per cell    3.82435e-09
 Step 215 time 0.0779617 control sound timestep  0.000366958 1,1 x 0 y 0
 Wall clock 204.329
 Average time per cell 4.02819e-09
  Step time per cell    3.98654e-09
 Step 216 time 0.0783287 control sound timestep  0.000366963 1,1 x 0 y 0
 Wall clock 205.264
 Average time per cell 4.02789e-09
  Step time per cell    3.96255e-09
 Step 217 time 0.0786956 control sound timestep  0.000366968 1,1 x 0 y 0
 Wall clock 206.18
 Average time per cell 4.02722e-09
  Step time per cell    3.88228e-09
 Step 218 time 0.0790626 control sound timestep  0.000366977 1,1 x 0 y 0
 Wall clock 207.118
 Average time per cell 4.02698e-09
  Step time per cell    3.9746e-09
 Step 219 time 0.0794296 control sound timestep  0.000366989 1,1 x 0 y 0
 Wall clock 208.05
 Average time per cell 4.02662e-09
  Step time per cell    3.94688e-09
 Step 220 time 0.0797966 control sound timestep  0.000366999 1,1 x 0 y 0
 Wall clock 209.036
 Average time per cell 4.02731e-09
  Step time per cell    4.17886e-09
 Step 221 time 0.0801636 control sound timestep  0.000367009 1,1 x 0 y 0
 Wall clock 209.962
 Average time per cell 4.02685e-09
  Step time per cell    3.9265e-09
 Step 222 time 0.0805306 control sound timestep  0.000367021 1,1 x 0 y 0
 Wall clock 210.9
 Average time per cell 4.02663e-09
  Step time per cell    3.97644e-09
 Step 223 time 0.0808976 control sound timestep  0.000367036 1,1 x 0 y 0
 Wall clock 211.83
 Average time per cell 4.02624e-09
  Step time per cell    3.93974e-09
 Step 224 time 0.0812646 control sound timestep  0.000367052 1,1 x 0 y 0
 Wall clock 212.753
 Average time per cell 4.02574e-09
  Step time per cell    3.91302e-09
 Step 225 time 0.0816317 control sound timestep  0.000367052 1,1 x 0 y 0
 Wall clock 213.679
 Average time per cell 4.02528e-09
  Step time per cell    3.92359e-09
 Step 226 time 0.0819987 control sound timestep  0.00036705 1,1 x 0 y 0
 Wall clock 214.622
 Average time per cell 4.02517e-09
  Step time per cell    3.99823e-09
 Step 227 time 0.0823658 control sound timestep  0.000367051 1,1 x 0 y 0
 Wall clock 215.533
 Average time per cell 4.02444e-09
  Step time per cell    3.85901e-09
 Step 228 time 0.0827328 control sound timestep  0.000367056 1,1 x 0 y 0
 Wall clock 216.452
 Average time per cell 4.02388e-09
  Step time per cell    3.89773e-09
 Step 229 time 0.0830999 control sound timestep  0.000367062 1,1 x 0 y 0
 Wall clock 217.387
 Average time per cell 4.02361e-09
  Step time per cell    3.9611e-09
 Step 230 time 0.083467 control sound timestep  0.000367066 1,1 x 0 y 0
 Wall clock 218.381
 Average time per cell 4.02443e-09
  Step time per cell    4.21298e-09
 Step 231 time 0.083834 control sound timestep  0.000367071 1,1 x 0 y 0
 Wall clock 219.302
 Average time per cell 4.0239e-09
  Step time per cell    3.90136e-09
 Step 232 time 0.0842011 control sound timestep  0.000367079 1,1 x 0 y 0
 Wall clock 220.223
 Average time per cell 4.02338e-09
  Step time per cell    3.90364e-09
 Step 233 time 0.0845682 control sound timestep  0.000367091 1,1 x 0 y 0
 Wall clock 221.175
 Average time per cell 4.02344e-09
  Step time per cell    4.0372e-09
 Step 234 time 0.0849353 control sound timestep  0.0003671 1,1 x 0 y 0
 Wall clock 222.099
 Average time per cell 4.02298e-09
  Step time per cell    3.91512e-09
 Step 235 time 0.0853024 control sound timestep  0.00036711 1,1 x 0 y 0
 Wall clock 223.026
 Average time per cell 4.02258e-09
  Step time per cell    3.92812e-09
 Step 236 time 0.0856695 control sound timestep  0.000367121 1,1 x 0 y 0
 Wall clock 223.945
 Average time per cell 4.02204e-09
  Step time per cell    3.89456e-09
 Step 237 time 0.0860366 control sound timestep  0.000367135 1,1 x 0 y 0
 Wall clock 224.874
 Average time per cell 4.02169e-09
  Step time per cell    3.93987e-09
 Step 238 time 0.0864037 control sound timestep  0.000367151 1,1 x 0 y 0
 Wall clock 225.795
 Average time per cell 4.02119e-09
  Step time per cell    3.90044e-09
 Step 239 time 0.0867709 control sound timestep  0.000367151 1,1 x 0 y 0
 Wall clock 226.71
 Average time per cell 4.02059e-09
  Step time per cell    3.87874e-09
 Step 240 time 0.087138 control sound timestep  0.00036715 1,1 x 0 y 0
 Wall clock 227.709
 Average time per cell 4.02148e-09
  Step time per cell    4.23463e-09
 Step 241 time 0.0875052 control sound timestep  0.00036715 1,1 x 0 y 0
 Wall clock 228.653
 Average time per cell 4.0214e-09
  Step time per cell    4.00151e-09
 Step 242 time 0.0878723 control sound timestep  0.000367155 1,1 x 0 y 0
 Wall clock 229.565
 Average time per cell 4.02075e-09
  Step time per cell    3.86333e-09
 Step 243 time 0.0882395 control sound timestep  0.00036716 1,1 x 0 y 0
 Wall clock 230.494
 Average time per cell 4.02041e-09
  Step time per cell    3.93813e-09
 Step 244 time 0.0886066 control sound timestep  0.000367164 1,1 x 0 y 0
 Wall clock 231.431
 Average time per cell 4.02021e-09
  Step time per cell    3.97113e-09
 Step 245 time 0.0889738 control sound timestep  0.000367169 1,1 x 0 y 0
 Wall clock 232.359
 Average time per cell 4.01986e-09
  Step time per cell    3.93389e-09
 Step 246 time 0.089341 control sound timestep  0.000367177 1,1 x 0 y 0
 Wall clock 233.273
 Average time per cell 4.01927e-09
  Step time per cell    3.87444e-09
 Step 247 time 0.0897082 control sound timestep  0.000367187 1,1 x 0 y 0
 Wall clock 234.19
 Average time per cell 4.01872e-09
  Step time per cell    3.8839e-09
 Step 248 time 0.0900753 control sound timestep  0.000367197 1,1 x 0 y 0
 Wall clock 235.124
 Average time per cell 4.01848e-09
  Step time per cell    3.95856e-09
 Step 249 time 0.0904425 control sound timestep  0.000367205 1,1 x 0 y 0
 Wall clock 236.04
 Average time per cell 4.01794e-09
  Step time per cell    3.88404e-09
 Step 250 time 0.0908097 control sound timestep  0.000367216 1,1 x 0 y 0
 Wall clock 237.015
 Average time per cell 4.0184e-09
  Step time per cell    4.13208e-09
 Step 251 time 0.091177 control sound timestep  0.000367229 1,1 x 0 y 0
 Wall clock 237.945
 Average time per cell 4.01809e-09
  Step time per cell    3.93976e-09
 Step 252 time 0.0915442 control sound timestep  0.000367244 1,1 x 0 y 0
 Wall clock 238.859
 Average time per cell 4.01753e-09
  Step time per cell    3.87643e-09
 Step 253 time 0.0919114 control sound timestep  0.000367245 1,1 x 0 y 0
 Wall clock 239.789
 Average time per cell 4.01723e-09
  Step time per cell    3.94162e-09
 Step 254 time 0.0922787 control sound timestep  0.000367243 1,1 x 0 y 0
 Wall clock 240.693
 Average time per cell 4.01649e-09
  Step time per cell    3.82875e-09
 Step 255 time 0.0926459 control sound timestep  0.000367244 1,1 x 0 y 0
 Wall clock 241.644
 Average time per cell 4.01655e-09
  Step time per cell    4.03204e-09
 Step 256 time 0.0930132 control sound timestep  0.000367248 1,1 x 0 y 0
 Wall clock 242.568
 Average time per cell 4.01616e-09
  Step time per cell    3.91696e-09
 Step 257 time 0.0933804 control sound timestep  0.000367253 1,1 x 0 y 0
 Wall clock 243.483
 Average time per cell 4.01562e-09
  Step time per cell    3.87589e-09
 Step 258 time 0.0937477 control sound timestep  0.000367257 1,1 x 0 y 0
 Wall clock 244.421
 Average time per cell 4.01547e-09
  Step time per cell    3.97692e-09
 Step 259 time 0.0941149 control sound timestep  0.000367262 1,1 x 0 y 0
 Wall clock 245.336
 Average time per cell 4.01494e-09
  Step time per cell    3.87738e-09
 Step 260 time 0.0944822 control sound timestep  0.000367269 1,1 x 0 y 0
 Wall clock 246.343
 Average time per cell 4.01591e-09
  Step time per cell    4.26779e-09
 Step 261 time 0.0948495 control sound timestep  0.000367279 1,1 x 0 y 0
 Wall clock 247.262
 Average time per cell 4.01545e-09
  Step time per cell    3.89559e-09
 Step 262 time 0.0952167 control sound timestep  0.000367288 1,1 x 0 y 0
 Wall clock 248.199
 Average time per cell 4.01528e-09
  Step time per cell    3.97027e-09
 Step 263 time 0.095584 control sound timestep  0.000367297 1,1 x 0 y 0
 Wall clock 249.117
 Average time per cell 4.01481e-09
  Step time per cell    3.89228e-09
 Step 264 time 0.0959513 control sound timestep  0.000367307 1,1 x 0 y 0
 Wall clock 250.035
 Average time per cell 4.01434e-09
  Step time per cell    3.88844e-09
 Step 265 time 0.0963186 control sound timestep  0.00036732 1,1 x 0 y 0
 Wall clock 250.951
 Average time per cell 4.01384e-09
  Step time per cell    3.88281e-09
 Step 266 time 0.0966859 control sound timestep  0.000367334 1,1 x 0 y 0
 Wall clock 251.894
 Average time per cell 4.01378e-09
  Step time per cell    3.99619e-09
 Step 267 time 0.0970533 control sound timestep  0.000367334 1,1 x 0 y 0
 Wall clock 252.804
 Average time per cell 4.0132e-09
  Step time per cell    3.85924e-09
 Step 268 time 0.0974206 control sound timestep  0.000367332 1,1 x 0 y 0
 Wall clock 253.725
 Average time per cell 4.01278e-09
  Step time per cell    3.90112e-09
 Step 269 time 0.0977879 control sound timestep  0.000367333 1,1 x 0 y 0
 Wall clock 254.667
 Average time per cell 4.0127e-09
  Step time per cell    3.99173e-09
 Step 270 time 0.0981553 control sound timestep  0.000367338 1,1 x 0 y 0
 Wall clock 255.644
 Average time per cell 4.01318e-09
  Step time per cell    4.1409e-09
 Step 271 time 0.0985226 control sound timestep  0.000367342 1,1 x 0 y 0
 Wall clock 256.559
 Average time per cell 4.01269e-09
  Step time per cell    3.87969e-09
 Step 272 time 0.09889 control sound timestep  0.000367346 1,1 x 0 y 0
 Wall clock 257.471
 Average time per cell 4.01214e-09
  Step time per cell    3.86452e-09
 Step 273 time 0.0992573 control sound timestep  0.00036735 1,1 x 0 y 0
 Wall clock 258.412
 Average time per cell 4.01206e-09
  Step time per cell    3.98989e-09
 Step 274 time 0.0996247 control sound timestep  0.000367358 1,1 x 0 y 0
 Wall clock 259.318
 Average time per cell 4.01143e-09
  Step time per cell    3.83905e-09
 Step 275 time 0.099992 control sound timestep  0.000367367 1,1 x 0 y 0
 Wall clock 260.244
 Average time per cell 4.01112e-09
  Step time per cell    3.92551e-09
 Step 276 time 0.100359 control sound timestep  0.000367376 1,1 x 0 y 0
 Wall clock 261.166
 Average time per cell 4.01074e-09
  Step time per cell    3.90606e-09
 Step 277 time 0.100727 control sound timestep  0.000367384 1,1 x 0 y 0
 Wall clock 262.095
 Average time per cell 4.01049e-09
  Step time per cell    3.93951e-09
 Step 278 time 0.101094 control sound timestep  0.000367394 1,1 x 0 y 0
 Wall clock 263.012
 Average time per cell 4.01004e-09
  Step time per cell    3.88588e-09
 Step 279 time 0.101462 control sound timestep  0.000367406 1,1 x 0 y 0
 Wall clock 263.944
 Average time per cell 4.00983e-09
  Step time per cell    3.95078e-09
 Step 280 time 0.101829 control sound timestep  0.000367419 1,1 x 0 y 0
 Wall clock 264.929
 Average time per cell 4.01042e-09
  Step time per cell    4.17331e-09
 Step 281 time 0.102196 control sound timestep  0.000367419 1,1 x 0 y 0
 Wall clock 265.845
 Average time per cell 4.00995e-09
  Step time per cell    3.88005e-09
 Step 282 time 0.102564 control sound timestep  0.000367417 1,1 x 0 y 0
 Wall clock 266.768
 Average time per cell 4.00962e-09
  Step time per cell    3.91546e-09
 Step 283 time 0.102931 control sound timestep  0.000367418 1,1 x 0 y 0
 Wall clock 267.698
 Average time per cell 4.00938e-09
  Step time per cell    3.94169e-09
 Step 284 time 0.103299 control sound timestep  0.000367423 1,1 x 0 y 0
 Wall clock 268.612
 Average time per cell 4.0089e-09
  Step time per cell    3.87338e-09
 Step 285 time 0.103666 control sound timestep  0.000367427 1,1 x 0 y 0
 Wall clock 269.544
 Average time per cell 4.00869e-09
  Step time per cell    3.94733e-09
 Step 286 time 0.104033 control sound timestep  0.000367431 1,1 x 0 y 0
 Wall clock 270.455
 Average time per cell 4.00818e-09
  Step time per cell    3.86312e-09
 Step 287 time 0.104401 control sound timestep  0.000367435 1,1 x 0 y 0
 Wall clock 271.373
 Average time per cell 4.00776e-09
  Step time per cell    3.88888e-09
 Step 288 time 0.104768 control sound timestep  0.000367442 1,1 x 0 y 0
 Wall clock 272.312
 Average time per cell 4.00768e-09
  Step time per cell    3.98192e-09
 Step 289 time 0.105136 control sound timestep  0.000367452 1,1 x 0 y 0
 Wall clock 273.24
 Average time per cell 4.00742e-09
  Step time per cell    3.93218e-09
 Step 290 time 0.105503 control sound timestep  0.00036746 1,1 x 0 y 0
 Wall clock 274.229
 Average time per cell 4.00804e-09
  Step time per cell    4.18947e-09
 Step 291 time 0.105871 control sound timestep  0.000367468 1,1 x 0 y 0
 Wall clock 275.148
 Average time per cell 4.00766e-09
  Step time per cell    3.89626e-09
 Step 292 time 0.106238 control sound timestep  0.000367477 1,1 x 0 y 0
 Wall clock 276.084
 Average time per cell 4.00752e-09
  Step time per cell    3.96558e-09
 Step 293 time 0.106606 control sound timestep  0.00036749 1,1 x 0 y 0
 Wall clock 276.99
 Average time per cell 4.00694e-09
  Step time per cell    3.83922e-09
 Step 294 time 0.106973 control sound timestep  0.0003675 1,1 x 0 y 0
 Wall clock 277.922
 Average time per cell 4.00676e-09
  Step time per cell    3.95251e-09
 Step 295 time 0.107341 control sound timestep  0.000367501 1,1 x 0 y 0
 Wall clock 278.853
 Average time per cell 4.00655e-09
  Step time per cell    3.94511e-09
 Step 296 time 0.107708 control sound timestep  0.000367498 1,1 x 0 y 0
 Wall clock 279.768
 Average time per cell 4.00612e-09
  Step time per cell    3.87836e-09
 Step 297 time 0.108076 control sound timestep  0.0003675 1,1 x 0 y 0
 Wall clock 280.694
 Average time per cell 4.00585e-09
  Step time per cell    3.92568e-09
 Step 298 time 0.108443 control sound timestep  0.000367504 1,1 x 0 y 0
 Wall clock 281.619
 Average time per cell 4.00555e-09
  Step time per cell    3.91698e-09
 Step 299 time 0.108811 control sound timestep  0.000367508 1,1 x 0 y 0
 Wall clock 282.549
 Average time per cell 4.00535e-09
  Step time per cell    3.94396e-09
 Step 300 time 0.109178 control sound timestep  0.000367512 1,1 x 0 y 0
 Wall clock 283.593
 First step overhead 0
Result:
 - Problem: none
 - Outcome: PASSED
