---
Devices:
 0: Host CPU
CloverLeaf:
 - Ver.:     2.000
 - Deck:     /home/labpc/work/cipp/CloverLeaf/InputDecks/clover_bm256_300.in
 - Out:      clover.out
 - Profiler: deck-specified
MPI:
 - Enabled:     false
 - Total ranks: 1
 - Header device-awareness (CUDA-awareness):  unknown
 - Runtime device-awareness (CUDA-awareness): unknown
 - Host-Device halo exchange staging buffer:  true
Model:
 - Name:      OpenMP (CPU)
 - Execution: Host
# ---- 
Output: |+1
 Output file clover.out opened. All output will go there.
 Args: --file /home/labpc/work/cipp/CloverLeaf/InputDecks/clover_bm256_300.in
 Using input: `/home/labpc/work/cipp/CloverLeaf/InputDecks/clover_bm256_300.in`
 Problem initialised and generated
 Launching hydro
 Step 1 time 0 control sound timestep  0.000385161 1,1 x 0 y 0
 Wall clock 1.1414
 Average time per cell 4.83788e-09
  Step time per cell    4.83788e-09
 Step 2 time 0.000385161 control sound timestep  0.000235099 1,1 x 0 y 0
 Wall clock 2.28013
 Average time per cell 4.83223e-09
  Step time per cell    4.82622e-09
 Step 3 time 0.000620261 control sound timestep  0.000298723 1,1 x 0 y 0
 Wall clock 3.41214
 Average time per cell 4.82085e-09
  Step time per cell    4.79774e-09
 Step 4 time 0.000918984 control sound timestep  0.000314746 1,1 x 0 y 0
 Wall clock 4.55421
 Average time per cell 4.82581e-09
  Step time per cell    4.84038e-09
 Step 5 time 0.00123373 control sound timestep  0.000346361 1,1 x 0 y 0
 Wall clock 5.70203
 Average time per cell 4.83367e-09
  Step time per cell    4.86476e-09
 Step 6 time 0.00158009 control sound timestep  0.00034558 1,1 x 0 y 0
 Wall clock 6.83388
 Average time per cell 4.82762e-09
  Step time per cell    4.79708e-09
 Step 7 time 0.00192567 control sound timestep  0.000352154 1,1 x 0 y 0
 Wall clock 7.98623
 Average time per cell 4.83572e-09
  Step time per cell    4.88396e-09
 Step 8 time 0.00227782 control sound timestep  0.000370384 1,1 x 0 y 0
 Wall clock 9.12333
 Average time per cell 4.83372e-09
  Step time per cell    4.81934e-09
 Step 9 time 0.00264821 control sound timestep  0.000366391 1,1 x 0 y 0
 Wall clock 10.2658
 Average time per cell 4.83467e-09
  Step time per cell    4.84193e-09
 Step 10 time 0.0030146 control sound timestep  0.000363789 1,1 x 0 y 0
 Wall clock 11.4263
 Average time per cell 4.84312e-09
  Step time per cell    4.91884e-09
 Step 11 time 0.00337839 control sound timestep  0.000361224 1,1 x 0 y 0
 Wall clock 12.5113
 Average time per cell 4.82088e-09
  Step time per cell    4.59841e-09
 Step 12 time 0.00373961 control sound timestep  0.000359796 1,1 x 0 y 0
 Wall clock 13.5883
 Average time per cell 4.79957e-09
  Step time per cell    4.56477e-09
 Step 13 time 0.00409941 control sound timestep  0.000360678 1,1 x 0 y 0
 Wall clock 14.6748
 Average time per cell 4.78462e-09
  Step time per cell    4.60499e-09
 Step 14 time 0.00446009 control sound timestep  0.000362113 1,1 x 0 y 0
 Wall clock 15.7077
 Average time per cell 4.75556e-09
  Step time per cell    4.37736e-09
 Step 15 time 0.0048222 control sound timestep  0.000362661 1,1 x 0 y 0
 Wall clock 16.7442
 Average time per cell 4.7314e-09
  Step time per cell    4.39297e-09
 Step 16 time 0.00518486 control sound timestep  0.000362812 1,1 x 0 y 0
 Wall clock 17.786
 Average time per cell 4.71169e-09
  Step time per cell    4.41563e-09
 Step 17 time 0.00554767 control sound timestep  0.000362988 1,1 x 0 y 0
 Wall clock 18.8164
 Average time per cell 4.69143e-09
  Step time per cell    4.36699e-09
 Step 18 time 0.00591066 control sound timestep  0.000363082 1,1 x 0 y 0
 Wall clock 19.8338
 Average time per cell 4.67038e-09
  Step time per cell    4.31216e-09
 Step 19 time 0.00627374 control sound timestep  0.000363112 1,1 x 0 y 0
 Wall clock 20.8746
 Average time per cell 4.65674e-09
  Step time per cell    4.41109e-09
 Step 20 time 0.00663686 control sound timestep  0.00036317 1,1 x 0 y 0
 Wall clock 21.9667
 Average time per cell 4.65535e-09
  Step time per cell    4.62861e-09
 Step 21 time 0.00700003 control sound timestep  0.000363365 1,1 x 0 y 0
 Wall clock 22.9704
 Average time per cell 4.63624e-09
  Step time per cell    4.25398e-09
 Step 22 time 0.00736339 control sound timestep  0.00036347 1,1 x 0 y 0
 Wall clock 23.9591
 Average time per cell 4.61599e-09
  Step time per cell    4.19015e-09
 Step 23 time 0.00772686 control sound timestep  0.000363513 1,1 x 0 y 0
 Wall clock 24.9506
 Average time per cell 4.59801e-09
  Step time per cell    4.20225e-09
 Step 24 time 0.00809037 control sound timestep  0.000363629 1,1 x 0 y 0
 Wall clock 25.9277
 Average time per cell 4.579e-09
  Step time per cell    4.14138e-09
 Step 25 time 0.008454 control sound timestep  0.000363732 1,1 x 0 y 0
 Wall clock 26.9102
 Average time per cell 4.56241e-09
  Step time per cell    4.16392e-09
 Step 26 time 0.00881773 control sound timestep  0.000363825 1,1 x 0 y 0
 Wall clock 27.8607
 Average time per cell 4.54188e-09
  Step time per cell    4.02836e-09
 Step 27 time 0.00918156 control sound timestep  0.000363914 1,1 x 0 y 0
 Wall clock 28.7907
 Average time per cell 4.51966e-09
  Step time per cell    3.94166e-09
 Step 28 time 0.00954547 control sound timestep  0.000363943 1,1 x 0 y 0
 Wall clock 29.7289
 Average time per cell 4.50026e-09
  Step time per cell    3.97612e-09
 Step 29 time 0.00990942 control sound timestep  0.000363973 1,1 x 0 y 0
 Wall clock 30.6468
 Average time per cell 4.47924e-09
  Step time per cell    3.89017e-09
 Step 30 time 0.0102734 control sound timestep  0.000363988 1,1 x 0 y 0
 Wall clock 31.6412
 Average time per cell 4.47043e-09
  Step time per cell    4.21461e-09
 Step 31 time 0.0106374 control sound timestep  0.000364002 1,1 x 0 y 0
 Wall clock 32.5603
 Average time per cell 4.45189e-09
  Step time per cell    3.89564e-09
 Step 32 time 0.0110014 control sound timestep  0.000364043 1,1 x 0 y 0
 Wall clock 33.4807
 Average time per cell 4.43467e-09
  Step time per cell    3.90064e-09
 Step 33 time 0.0113654 control sound timestep  0.000364085 1,1 x 0 y 0
 Wall clock 34.4151
 Average time per cell 4.42031e-09
  Step time per cell    3.96032e-09
 Step 34 time 0.0117295 control sound timestep  0.000364133 1,1 x 0 y 0
 Wall clock 35.3287
 Average time per cell 4.40419e-09
  Step time per cell    3.87174e-09
 Step 35 time 0.0120936 control sound timestep  0.000364198 1,1 x 0 y 0
 Wall clock 36.2496
 Average time per cell 4.38988e-09
  Step time per cell    3.90316e-09
 Step 36 time 0.0124578 control sound timestep  0.000364259 1,1 x 0 y 0
 Wall clock 37.1602
 Average time per cell 4.37515e-09
  Step time per cell    3.85913e-09
 Step 37 time 0.0128221 control sound timestep  0.000364318 1,1 x 0 y 0
 Wall clock 38.0981
 Average time per cell 4.36435e-09
  Step time per cell    3.97529e-09
 Step 38 time 0.0131864 control sound timestep  0.000364383 1,1 x 0 y 0
 Wall clock 39.0074
 Average time per cell 4.35092e-09
  Step time per cell    3.85352e-09
 Step 39 time 0.0135508 control sound timestep  0.000364422 1,1 x 0 y 0
 Wall clock 39.9322
 Average time per cell 4.33987e-09
  Step time per cell    3.91966e-09
 Step 40 time 0.0139152 control sound timestep  0.000364431 1,1 x 0 y 0
 Wall clock 40.9103
 Average time per cell 4.33501e-09
  Step time per cell    4.1455e-09
 Step 41 time 0.0142797 control sound timestep  0.000364435 1,1 x 0 y 0
 Wall clock 41.8264
 Average time per cell 4.32398e-09
  Step time per cell    3.88254e-09
 Step 42 time 0.0146441 control sound timestep  0.000364445 1,1 x 0 y 0
 Wall clock 42.7517
 Average time per cell 4.31441e-09
  Step time per cell    3.92164e-09
 Step 43 time 0.0150085 control sound timestep  0.000364471 1,1 x 0 y 0
 Wall clock 43.7178
 Average time per cell 4.30931e-09
  Step time per cell    4.0947e-09
 Step 44 time 0.015373 control sound timestep  0.000364495 1,1 x 0 y 0
 Wall clock 44.6653
 Average time per cell 4.30264e-09
  Step time per cell    4.0154e-09
 Step 45 time 0.0157375 control sound timestep  0.000364518 1,1 x 0 y 0
 Wall clock 45.6004
 Average time per cell 4.2951e-09
  Step time per cell    3.96329e-09
 Step 46 time 0.016102 control sound timestep  0.000364543 1,1 x 0 y 0
 Wall clock 46.5492
 Average time per cell 4.28915e-09
  Step time per cell    4.02099e-09
 Step 47 time 0.0164666 control sound timestep  0.000364585 1,1 x 0 y 0
 Wall clock 47.4878
 Average time per cell 4.28254e-09
  Step time per cell    3.97802e-09
 Step 48 time 0.0168311 control sound timestep  0.000364628 1,1 x 0 y 0
 Wall clock 48.4389
 Average time per cell 4.27731e-09
  Step time per cell    4.03097e-09
 Step 49 time 0.0171958 control sound timestep  0.000364667 1,1 x 0 y 0
 Wall clock 49.4035
 Average time per cell 4.27346e-09
  Step time per cell    4.08832e-09
 Step 50 time 0.0175604 control sound timestep  0.000364708 1,1 x 0 y 0
 Wall clock 50.3997
 Average time per cell 4.27244e-09
  Step time per cell    4.22219e-09
 Step 51 time 0.0179251 control sound timestep  0.000364758 1,1 x 0 y 0
 Wall clock 51.3104
 Average time per cell 4.26435e-09
  Step time per cell    3.85991e-09
 Step 52 time 0.0182899 control sound timestep  0.000364817 1,1 x 0 y 0
 Wall clock 52.2433
 Average time per cell 4.25839e-09
  Step time per cell    3.95378e-09
 Step 53 time 0.0186547 control sound timestep  0.000364826 1,1 x 0 y 0
 Wall clock 53.1576
 Average time per cell 4.25116e-09
  Step time per cell    3.87478e-09
 Step 54 time 0.0190195 control sound timestep  0.00036483 1,1 x 0 y 0
 Wall clock 54.1142
 Average time per cell 4.24751e-09
  Step time per cell    4.0541e-09
 Step 55 time 0.0193844 control sound timestep  0.000364831 1,1 x 0 y 0
 Wall clock 55.0617
 Average time per cell 4.24331e-09
  Step time per cell    4.01591e-09
 Step 56 time 0.0197492 control sound timestep  0.000364846 1,1 x 0 y 0
 Wall clock 56.0212
 Average time per cell 4.24016e-09
  Step time per cell    4.0665e-09
 Step 57 time 0.0201141 control sound timestep  0.000364866 1,1 x 0 y 0
 Wall clock 56.9993
 Average time per cell 4.2385e-09
  Step time per cell    4.14558e-09
 Step 58 time 0.0204789 control sound timestep  0.000364884 1,1 x 0 y 0
 Wall clock 57.9573
 Average time per cell 4.23543e-09
  Step time per cell    4.05987e-09
 Step 59 time 0.0208438 control sound timestep  0.000364902 1,1 x 0 y 0
 Wall clock 58.9124
 Average time per cell 4.23226e-09
  Step time per cell    4.04808e-09
 Step 60 time 0.0212087 control sound timestep  0.000364922 1,1 x 0 y 0
 Wall clock 59.9259
 Average time per cell 4.23332e-09
  Step time per cell    4.29527e-09
 Step 61 time 0.0215736 control sound timestep  0.000364956 1,1 x 0 y 0
 Wall clock 60.8908
 Average time per cell 4.23096e-09
  Step time per cell    4.0898e-09
 Step 62 time 0.0219386 control sound timestep  0.000364991 1,1 x 0 y 0
 Wall clock 61.8473
 Average time per cell 4.22811e-09
  Step time per cell    4.05384e-09
 Step 63 time 0.0223036 control sound timestep  0.000365022 1,1 x 0 y 0
 Wall clock 62.7847
 Average time per cell 4.22407e-09
  Step time per cell    3.97267e-09
 Step 64 time 0.0226686 control sound timestep  0.000365056 1,1 x 0 y 0
 Wall clock 63.72
 Average time per cell 4.22001e-09
  Step time per cell    3.96385e-09
 Step 65 time 0.0230337 control sound timestep  0.000365098 1,1 x 0 y 0
 Wall clock 64.6684
 Average time per cell 4.21693e-09
  Step time per cell    4.01954e-09
 Step 66 time 0.0233988 control sound timestep  0.000365146 1,1 x 0 y 0
 Wall clock 65.6155
 Average time per cell 4.21386e-09
  Step time per cell    4.01387e-09
 Step 67 time 0.0237639 control sound timestep  0.000365166 1,1 x 0 y 0
 Wall clock 66.5733
 Average time per cell 4.21156e-09
  Step time per cell    4.05936e-09
 Step 68 time 0.0241291 control sound timestep  0.000365169 1,1 x 0 y 0
 Wall clock 67.5036
 Average time per cell 4.20761e-09
  Step time per cell    3.94297e-09
 Step 69 time 0.0244942 control sound timestep  0.000365167 1,1 x 0 y 0
 Wall clock 68.4302
 Average time per cell 4.20355e-09
  Step time per cell    3.92696e-09
 Step 70 time 0.0248594 control sound timestep  0.000365177 1,1 x 0 y 0
 Wall clock 69.4191
 Average time per cell 4.20338e-09
  Step time per cell    4.19123e-09
 Step 71 time 0.0252246 control sound timestep  0.000365194 1,1 x 0 y 0
 Wall clock 70.3401
 Average time per cell 4.19916e-09
  Step time per cell    3.9037e-09
 Step 72 time 0.0255898 control sound timestep  0.000365209 1,1 x 0 y 0
 Wall clock 71.2651
 Average time per cell 4.19529e-09
  Step time per cell    3.92013e-09
 Step 73 time 0.025955 control sound timestep  0.000365223 1,1 x 0 y 0
 Wall clock 72.2117
 Average time per cell 4.19278e-09
  Step time per cell    4.01173e-09
 Step 74 time 0.0263202 control sound timestep  0.000365239 1,1 x 0 y 0
 Wall clock 73.1225
 Average time per cell 4.18829e-09
  Step time per cell    3.86019e-09
 Step 75 time 0.0266854 control sound timestep  0.000365263 1,1 x 0 y 0
 Wall clock 74.064
 Average time per cell 4.18566e-09
  Step time per cell    3.99053e-09
 Step 76 time 0.0270507 control sound timestep  0.000365294 1,1 x 0 y 0
 Wall clock 74.9805
 Average time per cell 4.1817e-09
  Step time per cell    3.88433e-09
 Step 77 time 0.027416 control sound timestep  0.000365322 1,1 x 0 y 0
 Wall clock 75.8875
 Average time per cell 4.17731e-09
  Step time per cell    3.84377e-09
 Step 78 time 0.0277813 control sound timestep  0.000365349 1,1 x 0 y 0
 Wall clock 76.8143
 Average time per cell 4.17412e-09
  Step time per cell    3.92788e-09
 Step 79 time 0.0281467 control sound timestep  0.000365381 1,1 x 0 y 0
 Wall clock 77.7285
 Average time per cell 4.17033e-09
  Step time per cell    3.87481e-09
 Step 80 time 0.0285121 control sound timestep  0.000365421 1,1 x 0 y 0
 Wall clock 78.7155
 Average time per cell 4.1705e-09
  Step time per cell    4.18312e-09
 Step 81 time 0.0288775 control sound timestep  0.000365457 1,1 x 0 y 0
 Wall clock 79.636
 Average time per cell 4.16718e-09
  Step time per cell    3.90133e-09
 Step 82 time 0.0292429 control sound timestep  0.000365459 1,1 x 0 y 0
 Wall clock 80.5536
 Average time per cell 4.16379e-09
  Step time per cell    3.88901e-09
 Step 83 time 0.0296084 control sound timestep  0.000365461 1,1 x 0 y 0
 Wall clock 81.4815
 Average time per cell 4.16101e-09
  Step time per cell    3.9324e-09
 Step 84 time 0.0299738 control sound timestep  0.000365461 1,1 x 0 y 0
 Wall clock 82.3844
 Average time per cell 4.15703e-09
  Step time per cell    3.82696e-09
 Step 85 time 0.0303393 control sound timestep  0.000365475 1,1 x 0 y 0
 Wall clock 83.2845
 Average time per cell 4.15301e-09
  Step time per cell    3.81445e-09
 Step 86 time 0.0307048 control sound timestep  0.000365488 1,1 x 0 y 0
 Wall clock 84.21
 Average time per cell 4.15033e-09
  Step time per cell    3.92267e-09
 Step 87 time 0.0310703 control sound timestep  0.0003655 1,1 x 0 y 0
 Wall clock 85.1137
 Average time per cell 4.14665e-09
  Step time per cell    3.83e-09
 Step 88 time 0.0314358 control sound timestep  0.000365513 1,1 x 0 y 0
 Wall clock 86.0086
 Average time per cell 4.14264e-09
  Step time per cell    3.79282e-09
 Step 89 time 0.0318013 control sound timestep  0.000365528 1,1 x 0 y 0
 Wall clock 86.9431
 Average time per cell 4.14059e-09
  Step time per cell    3.96038e-09
 Step 90 time 0.0321668 control sound timestep  0.000365555 1,1 x 0 y 0
 Wall clock 87.9273
 Average time per cell 4.14094e-09
  Step time per cell    4.17122e-09
 Step 91 time 0.0325324 control sound timestep  0.00036558 1,1 x 0 y 0
 Wall clock 88.8571
 Average time per cell 4.13874e-09
  Step time per cell    3.94088e-09
 Step 92 time 0.0328979 control sound timestep  0.000365603 1,1 x 0 y 0
 Wall clock 89.7657
 Average time per cell 4.13561e-09
  Step time per cell    3.85092e-09
 Step 93 time 0.0332636 control sound timestep  0.000365628 1,1 x 0 y 0
 Wall clock 90.7054
 Average time per cell 4.13398e-09
  Step time per cell    3.98284e-09
 Step 94 time 0.0336292 control sound timestep  0.000365659 1,1 x 0 y 0
 Wall clock 91.6125
 Average time per cell 4.1309e-09
  Step time per cell    3.84434e-09
 Step 95 time 0.0339948 control sound timestep  0.000365696 1,1 x 0 y 0
 Wall clock 92.5405
 Average time per cell 4.12882e-09
  Step time per cell    3.93281e-09
 Step 96 time 0.0343605 control sound timestep  0.000365709 1,1 x 0 y 0
 Wall clock 93.4731
 Average time per cell 4.12699e-09
  Step time per cell    3.95283e-09
 Step 97 time 0.0347262 control sound timestep  0.00036571 1,1 x 0 y 0
 Wall clock 94.3866
 Average time per cell 4.12436e-09
  Step time per cell    3.87139e-09
 Step 98 time 0.035092 control sound timestep  0.000365708 1,1 x 0 y 0
 Wall clock 95.2944
 Average time per cell 4.12153e-09
  Step time per cell    3.84758e-09
 Step 99 time 0.0354577 control sound timestep  0.000365716 1,1 x 0 y 0
 Wall clock 96.2103
 Average time per cell 4.11912e-09
  Step time per cell    3.88164e-09
 Step 100 time 0.0358234 control sound timestep  0.000365728 1,1 x 0 y 0
 Wall clock 97.1973
 Average time per cell 4.11976e-09
  Step time per cell    4.18286e-09
 Step 101 time 0.0361891 control sound timestep  0.000365739 1,1 x 0 y 0
 Wall clock 98.136
 Average time per cell 4.11836e-09
  Step time per cell    3.97894e-09
 Step 102 time 0.0365548 control sound timestep  0.000365749 1,1 x 0 y 0
 Wall clock 99.0345
 Average time per cell 4.11532e-09
  Step time per cell    3.80776e-09
 Step 103 time 0.0369206 control sound timestep  0.000365761 1,1 x 0 y 0
 Wall clock 99.9547
 Average time per cell 4.11324e-09
  Step time per cell    3.90033e-09
 Step 104 time 0.0372864 control sound timestep  0.00036578 1,1 x 0 y 0
 Wall clock 100.865
 Average time per cell 4.11078e-09
  Step time per cell    3.85776e-09
 Step 105 time 0.0376521 control sound timestep  0.000365803 1,1 x 0 y 0
 Wall clock 101.79
 Average time per cell 4.10896e-09
  Step time per cell    3.91838e-09
 Step 106 time 0.0380179 control sound timestep  0.000365823 1,1 x 0 y 0
 Wall clock 102.691
 Average time per cell 4.10623e-09
  Step time per cell    3.8198e-09
 Step 107 time 0.0383838 control sound timestep  0.000365844 1,1 x 0 y 0
 Wall clock 103.624
 Average time per cell 4.10482e-09
  Step time per cell    3.95472e-09
 Step 108 time 0.0387496 control sound timestep  0.000365869 1,1 x 0 y 0
 Wall clock 104.528
 Average time per cell 4.10228e-09
  Step time per cell    3.82955e-09
 Step 109 time 0.0391155 control sound timestep  0.000365899 1,1 x 0 y 0
 Wall clock 105.454
 Average time per cell 4.10065e-09
  Step time per cell    3.92428e-09
 Step 110 time 0.0394814 control sound timestep  0.000365927 1,1 x 0 y 0
 Wall clock 106.423
 Average time per cell 4.10073e-09
  Step time per cell    4.10947e-09
 Step 111 time 0.0398473 control sound timestep  0.000365928 1,1 x 0 y 0
 Wall clock 107.332
 Average time per cell 4.09851e-09
  Step time per cell    3.8538e-09
 Step 112 time 0.0402132 control sound timestep  0.000365927 1,1 x 0 y 0
 Wall clock 108.242
 Average time per cell 4.09632e-09
  Step time per cell    3.85367e-09
 Step 113 time 0.0405792 control sound timestep  0.000365929 1,1 x 0 y 0
 Wall clock 109.178
 Average time per cell 4.09519e-09
  Step time per cell    3.9678e-09
 Step 114 time 0.0409451 control sound timestep  0.000365939 1,1 x 0 y 0
 Wall clock 110.087
 Average time per cell 4.09306e-09
  Step time per cell    3.85219e-09
 Step 115 time 0.041311 control sound timestep  0.000365949 1,1 x 0 y 0
 Wall clock 111
 Average time per cell 4.09111e-09
  Step time per cell    3.86804e-09
 Step 116 time 0.041677 control sound timestep  0.000365958 1,1 x 0 y 0
 Wall clock 111.929
 Average time per cell 4.08979e-09
  Step time per cell    3.93795e-09
 Step 117 time 0.0420429 control sound timestep  0.000365968 1,1 x 0 y 0
 Wall clock 112.83
 Average time per cell 4.08748e-09
  Step time per cell    3.81946e-09
 Step 118 time 0.0424089 control sound timestep  0.00036598 1,1 x 0 y 0
 Wall clock 113.764
 Average time per cell 4.08638e-09
  Step time per cell    3.95689e-09
 Step 119 time 0.0427749 control sound timestep  0.000366001 1,1 x 0 y 0
 Wall clock 114.674
 Average time per cell 4.08445e-09
  Step time per cell    3.85696e-09
 Step 120 time 0.0431409 control sound timestep  0.00036602 1,1 x 0 y 0
 Wall clock 115.646
 Average time per cell 4.08476e-09
  Step time per cell    4.12114e-09
 Step 121 time 0.0435069 control sound timestep  0.000366037 1,1 x 0 y 0
 Wall clock 116.564
 Average time per cell 4.08317e-09
  Step time per cell    3.89205e-09
 Step 122 time 0.0438729 control sound timestep  0.000366057 1,1 x 0 y 0
 Wall clock 117.472
 Average time per cell 4.08125e-09
  Step time per cell    3.84868e-09
 Step 123 time 0.044239 control sound timestep  0.000366082 1,1 x 0 y 0
 Wall clock 118.399
 Average time per cell 4.08e-09
  Step time per cell    3.92769e-09
 Step 124 time 0.0446051 control sound timestep  0.000366111 1,1 x 0 y 0
 Wall clock 119.304
 Average time per cell 4.07802e-09
  Step time per cell    3.83364e-09
 Step 125 time 0.0449712 control sound timestep  0.000366119 1,1 x 0 y 0
 Wall clock 120.243
 Average time per cell 4.07724e-09
  Step time per cell    3.97993e-09
 Step 126 time 0.0453373 control sound timestep  0.00036612 1,1 x 0 y 0
 Wall clock 121.149
 Average time per cell 4.07537e-09
  Step time per cell    3.84165e-09
 Step 127 time 0.0457034 control sound timestep  0.000366118 1,1 x 0 y 0
 Wall clock 122.081
 Average time per cell 4.07438e-09
  Step time per cell    3.94901e-09
 Step 128 time 0.0460695 control sound timestep  0.000366125 1,1 x 0 y 0
 Wall clock 122.995
 Average time per cell 4.07281e-09
  Step time per cell    3.87317e-09
 Step 129 time 0.0464357 control sound timestep  0.000366134 1,1 x 0 y 0
 Wall clock 123.929
 Average time per cell 4.07192e-09
  Step time per cell    3.95762e-09
 Step 130 time 0.0468018 control sound timestep  0.000366143 1,1 x 0 y 0
 Wall clock 124.903
 Average time per cell 4.07238e-09
  Step time per cell    4.13157e-09
 Step 131 time 0.0471679 control sound timestep  0.000366151 1,1 x 0 y 0
 Wall clock 125.815
 Average time per cell 4.07078e-09
  Step time per cell    3.8622e-09
 Step 132 time 0.0475341 control sound timestep  0.00036616 1,1 x 0 y 0
 Wall clock 126.725
 Average time per cell 4.06917e-09
  Step time per cell    3.85872e-09
 Step 133 time 0.0479003 control sound timestep  0.000366177 1,1 x 0 y 0
 Wall clock 127.667
 Average time per cell 4.0686e-09
  Step time per cell    3.99251e-09
 Step 134 time 0.0482664 control sound timestep  0.000366195 1,1 x 0 y 0
 Wall clock 128.58
 Average time per cell 4.06712e-09
  Step time per cell    3.87028e-09
 Step 135 time 0.0486326 control sound timestep  0.000366211 1,1 x 0 y 0
 Wall clock 129.487
 Average time per cell 4.06547e-09
  Step time per cell    3.8432e-09
 Step 136 time 0.0489988 control sound timestep  0.000366227 1,1 x 0 y 0
 Wall clock 130.426
 Average time per cell 4.06483e-09
  Step time per cell    3.97901e-09
 Step 137 time 0.0493651 control sound timestep  0.000366248 1,1 x 0 y 0
 Wall clock 131.331
 Average time per cell 4.06318e-09
  Step time per cell    3.83741e-09
 Step 138 time 0.0497313 control sound timestep  0.000366273 1,1 x 0 y 0
 Wall clock 132.261
 Average time per cell 4.0623e-09
  Step time per cell    3.94134e-09
 Step 139 time 0.0500976 control sound timestep  0.000366291 1,1 x 0 y 0
 Wall clock 133.178
 Average time per cell 4.06103e-09
  Step time per cell    3.88557e-09
 Step 140 time 0.0504639 control sound timestep  0.000366292 1,1 x 0 y 0
 Wall clock 134.151
 Average time per cell 4.06146e-09
  Step time per cell    4.12139e-09
 Step 141 time 0.0508302 control sound timestep  0.000366288 1,1 x 0 y 0
 Wall clock 135.064
 Average time per cell 4.06011e-09
  Step time per cell    3.87128e-09
 Step 142 time 0.0511965 control sound timestep  0.000366292 1,1 x 0 y 0
 Wall clock 135.969
 Average time per cell 4.05853e-09
  Step time per cell    3.83457e-09
 Step 143 time 0.0515627 control sound timestep  0.000366301 1,1 x 0 y 0
 Wall clock 136.888
 Average time per cell 4.05738e-09
  Step time per cell    3.89467e-09
 Step 144 time 0.051929 control sound timestep  0.000366308 1,1 x 0 y 0
 Wall clock 137.81
 Average time per cell 4.05635e-09
  Step time per cell    3.90876e-09
 Step 145 time 0.0522954 control sound timestep  0.000366316 1,1 x 0 y 0
 Wall clock 138.733
 Average time per cell 4.05535e-09
  Step time per cell    3.91102e-09
 Step 146 time 0.0526617 control sound timestep  0.000366324 1,1 x 0 y 0
 Wall clock 139.641
 Average time per cell 4.05396e-09
  Step time per cell    3.85095e-09
 Step 147 time 0.053028 control sound timestep  0.000366336 1,1 x 0 y 0
 Wall clock 140.583
 Average time per cell 4.05354e-09
  Step time per cell    3.99217e-09
 Step 148 time 0.0533943 control sound timestep  0.000366353 1,1 x 0 y 0
 Wall clock 141.488
 Average time per cell 4.05205e-09
  Step time per cell    3.83287e-09
 Step 149 time 0.0537607 control sound timestep  0.000366368 1,1 x 0 y 0
 Wall clock 142.399
 Average time per cell 4.05077e-09
  Step time per cell    3.86136e-09
 Step 150 time 0.0541271 control sound timestep  0.000366382 1,1 x 0 y 0
 Wall clock 143.38
 Average time per cell 4.05149e-09
  Step time per cell    4.15755e-09
 Step 151 time 0.0544934 control sound timestep  0.000366399 1,1 x 0 y 0
 Wall clock 144.286
 Average time per cell 4.05009e-09
  Step time per cell    3.83985e-09
 Step 152 time 0.0548598 control sound timestep  0.000366421 1,1 x 0 y 0
 Wall clock 145.228
 Average time per cell 4.0497e-09
  Step time per cell    3.99162e-09
 Step 153 time 0.0552263 control sound timestep  0.000366444 1,1 x 0 y 0
 Wall clock 146.13
 Average time per cell 4.04822e-09
  Step time per cell    3.8225e-09
 Step 154 time 0.0555927 control sound timestep  0.000366446 1,1 x 0 y 0
 Wall clock 147.062
 Average time per cell 4.04759e-09
  Step time per cell    3.95128e-09
 Step 155 time 0.0559591 control sound timestep  0.000366445 1,1 x 0 y 0
 Wall clock 147.975
 Average time per cell 4.04645e-09
  Step time per cell    3.86971e-09
 Step 156 time 0.0563256 control sound timestep  0.000366445 1,1 x 0 y 0
 Wall clock 148.897
 Average time per cell 4.04556e-09
  Step time per cell    3.90762e-09
 Step 157 time 0.056692 control sound timestep  0.000366452 1,1 x 0 y 0
 Wall clock 149.823
 Average time per cell 4.0448e-09
  Step time per cell    3.92659e-09
 Step 158 time 0.0570585 control sound timestep  0.000366459 1,1 x 0 y 0
 Wall clock 150.764
 Average time per cell 4.04445e-09
  Step time per cell    3.98803e-09
 Step 159 time 0.0574249 control sound timestep  0.000366466 1,1 x 0 y 0
 Wall clock 151.676
 Average time per cell 4.0433e-09
  Step time per cell    3.86205e-09
 Step 160 time 0.0577914 control sound timestep  0.000366473 1,1 x 0 y 0
 Wall clock 152.676
 Average time per cell 4.04453e-09
  Step time per cell    4.24025e-09
 Step 161 time 0.0581579 control sound timestep  0.000366482 1,1 x 0 y 0
 Wall clock 153.597
 Average time per cell 4.04365e-09
  Step time per cell    3.90134e-09
 Step 162 time 0.0585244 control sound timestep  0.000366498 1,1 x 0 y 0
 Wall clock 154.52
 Average time per cell 4.04284e-09
  Step time per cell    3.91305e-09
 Step 163 time 0.0588909 control sound timestep  0.000366512 1,1 x 0 y 0
 Wall clock 155.436
 Average time per cell 4.04186e-09
  Step time per cell    3.88192e-09
 Step 164 time 0.0592574 control sound timestep  0.000366525 1,1 x 0 y 0
 Wall clock 156.341
 Average time per cell 4.04061e-09
  Step time per cell    3.83722e-09
 Step 165 time 0.0596239 control sound timestep  0.000366539 1,1 x 0 y 0
 Wall clock 157.281
 Average time per cell 4.04027e-09
  Step time per cell    3.98345e-09
 Step 166 time 0.0599904 control sound timestep  0.000366558 1,1 x 0 y 0
 Wall clock 158.194
 Average time per cell 4.03924e-09
  Step time per cell    3.8693e-09
 Step 167 time 0.060357 control sound timestep  0.00036658 1,1 x 0 y 0
 Wall clock 159.139
 Average time per cell 4.03904e-09
  Step time per cell    4.00622e-09
 Step 168 time 0.0607236 control sound timestep  0.000366586 1,1 x 0 y 0
 Wall clock 160.058
 Average time per cell 4.03818e-09
  Step time per cell    3.89356e-09
 Step 169 time 0.0610902 control sound timestep  0.000366586 1,1 x 0 y 0
 Wall clock 160.99
 Average time per cell 4.03767e-09
  Step time per cell    3.95212e-09
 Step 170 time 0.0614568 control sound timestep  0.000366585 1,1 x 0 y 0
 Wall clock 161.976
 Average time per cell 4.03849e-09
  Step time per cell    4.17645e-09
 Step 171 time 0.0618233 control sound timestep  0.00036659 1,1 x 0 y 0
 Wall clock 162.913
 Average time per cell 4.03809e-09
  Step time per cell    3.97056e-09
 Step 172 time 0.0621899 control sound timestep  0.000366597 1,1 x 0 y 0
 Wall clock 163.858
 Average time per cell 4.03791e-09
  Step time per cell    4.00543e-09
 Step 173 time 0.0625565 control sound timestep  0.000366603 1,1 x 0 y 0
 Wall clock 164.775
 Average time per cell 4.03704e-09
  Step time per cell    3.88807e-09
 Step 174 time 0.0629231 control sound timestep  0.000366609 1,1 x 0 y 0
 Wall clock 165.715
 Average time per cell 4.03674e-09
  Step time per cell    3.98458e-09
 Step 175 time 0.0632897 control sound timestep  0.000366616 1,1 x 0 y 0
 Wall clock 166.641
 Average time per cell 4.0361e-09
  Step time per cell    3.92376e-09
 Step 176 time 0.0636564 control sound timestep  0.000366631 1,1 x 0 y 0
 Wall clock 167.585
 Average time per cell 4.03589e-09
  Step time per cell    3.99951e-09
 Step 177 time 0.064023 control sound timestep  0.000366644 1,1 x 0 y 0
 Wall clock 168.497
 Average time per cell 4.03493e-09
  Step time per cell    3.86503e-09
 Step 178 time 0.0643896 control sound timestep  0.000366656 1,1 x 0 y 0
 Wall clock 169.428
 Average time per cell 4.03443e-09
  Step time per cell    3.94521e-09
 Step 179 time 0.0647563 control sound timestep  0.000366668 1,1 x 0 y 0
 Wall clock 170.361
 Average time per cell 4.034e-09
  Step time per cell    3.95716e-09
 Step 180 time 0.065123 control sound timestep  0.000366685 1,1 x 0 y 0
 Wall clock 171.359
 Average time per cell 4.03508e-09
  Step time per cell    4.22767e-09
 Step 181 time 0.0654896 control sound timestep  0.000366704 1,1 x 0 y 0
 Wall clock 172.304
 Average time per cell 4.0349e-09
  Step time per cell    4.0041e-09
 Step 182 time 0.0658563 control sound timestep  0.000366715 1,1 x 0 y 0
 Wall clock 173.222
 Average time per cell 4.03413e-09
  Step time per cell    3.89353e-09
 Step 183 time 0.0662231 control sound timestep  0.000366716 1,1 x 0 y 0
 Wall clock 174.168
 Average time per cell 4.03399e-09
  Step time per cell    4.00847e-09
 Step 184 time 0.0665898 control sound timestep  0.000366713 1,1 x 0 y 0
 Wall clock 175.076
 Average time per cell 4.03298e-09
  Step time per cell    3.84807e-09
 Step 185 time 0.0669565 control sound timestep  0.000366717 1,1 x 0 y 0
 Wall clock 176.002
 Average time per cell 4.03239e-09
  Step time per cell    3.92307e-09
 Step 186 time 0.0673232 control sound timestep  0.000366724 1,1 x 0 y 0
 Wall clock 176.929
 Average time per cell 4.03184e-09
  Step time per cell    3.93048e-09
 Step 187 time 0.0676899 control sound timestep  0.000366729 1,1 x 0 y 0
 Wall clock 177.866
 Average time per cell 4.03151e-09
  Step time per cell    3.96956e-09
 Step 188 time 0.0680567 control sound timestep  0.000366735 1,1 x 0 y 0
 Wall clock 178.807
 Average time per cell 4.0313e-09
  Step time per cell    3.99124e-09
 Step 189 time 0.0684234 control sound timestep  0.000366742 1,1 x 0 y 0
 Wall clock 179.716
 Average time per cell 4.03035e-09
  Step time per cell    3.85112e-09
 Step 190 time 0.0687901 control sound timestep  0.000366754 1,1 x 0 y 0
 Wall clock 180.729
 Average time per cell 4.03173e-09
  Step time per cell    4.29249e-09
 Step 191 time 0.0691569 control sound timestep  0.000366766 1,1 x 0 y 0
 Wall clock 181.651
 Average time per cell 4.03108e-09
  Step time per cell    3.90775e-09
 Step 192 time 0.0695237 control sound timestep  0.000366777 1,1 x 0 y 0
 Wall clock 182.582
 Average time per cell 4.03064e-09
  Step time per cell    3.94522e-09
 Step 193 time 0.0698904 control sound timestep  0.000366789 1,1 x 0 y 0
 Wall clock 183.525
 Average time per cell 4.03046e-09
  Step time per cell    3.99607e-09
 Step 194 time 0.0702572 control sound timestep  0.000366803 1,1 x 0 y 0
 Wall clock 184.439
 Average time per cell 4.02966e-09
  Step time per cell    3.87418e-09
 Step 195 time 0.070624 control sound timestep  0.000366821 1,1 x 0 y 0
 Wall clock 185.377
 Average time per cell 4.02939e-09
  Step time per cell    3.97716e-09
 Step 196 time 0.0709908 control sound timestep  0.000366835 1,1 x 0 y 0
 Wall clock 186.287
 Average time per cell 4.02852e-09
  Step time per cell    3.85799e-09
 Step 197 time 0.0713577 control sound timestep  0.000366836 1,1 x 0 y 0
 Wall clock 187.227
 Average time per cell 4.02828e-09
  Step time per cell    3.98265e-09
 Step 198 time 0.0717245 control sound timestep  0.000366833 1,1 x 0 y 0
 Wall clock 188.141
 Average time per cell 4.0275e-09
  Step time per cell    3.87235e-09
 Step 199 time 0.0720913 control sound timestep  0.000366836 1,1 x 0 y 0
 Wall clock 189.075
 Average time per cell 4.02716e-09
  Step time per cell    3.96053e-09
 Step 200 time 0.0724582 control sound timestep  0.000366842 1,1 x 0 y 0
 Wall clock 190.072
 Average time per cell 4.02815e-09
  Step time per cell    4.2236e-09
 Step 201 time 0.072825 control sound timestep  0.000366847 1,1 x 0 y 0
 Wall clock 190.989
 Average time per cell 4.02745e-09
  Step time per cell    3.88857e-09
 Step 202 time 0.0731919 control sound timestep  0.000366853 1,1 x 0 y 0
 Wall clock 191.926
 Average time per cell 4.02716e-09
  Step time per cell    3.96791e-09
 Step 203 time 0.0735587 control sound timestep  0.000366859 1,1 x 0 y 0
 Wall clock 192.848
 Average time per cell 4.02659e-09
  Step time per cell    3.91149e-09
 Step 204 time 0.0739256 control sound timestep  0.000366869 1,1 x 0 y 0
 Wall clock 193.766
 Average time per cell 4.02592e-09
  Step time per cell    3.88914e-09
 Step 205 time 0.0742925 control sound timestep  0.000366881 1,1 x 0 y 0
 Wall clock 194.698
 Average time per cell 4.02554e-09
  Step time per cell    3.94833e-09
 Step 206 time 0.0746593 control sound timestep  0.000366892 1,1 x 0 y 0
 Wall clock 195.604
 Average time per cell 4.02465e-09
  Step time per cell    3.84184e-09
 Step 207 time 0.0750262 control sound timestep  0.000366902 1,1 x 0 y 0
 Wall clock 196.533
 Average time per cell 4.02423e-09
  Step time per cell    3.93603e-09
 Step 208 time 0.0753931 control sound timestep  0.000366915 1,1 x 0 y 0
 Wall clock 197.471
 Average time per cell 4.02399e-09
  Step time per cell    3.9742e-09
 Step 209 time 0.07576 control sound timestep  0.000366932 1,1 x 0 y 0
 Wall clock 198.4
 Average time per cell 4.02359e-09
  Step time per cell    3.93977e-09
 Step 210 time 0.076127 control sound timestep  0.000366947 1,1 x 0 y 0
 Wall clock 199.391
 Average time per cell 4.02442e-09
  Step time per cell    4.19803e-09
 Step 211 time 0.0764939 control sound timestep  0.000366948 1,1 x 0 y 0
 Wall clock 200.312
 Average time per cell 4.02385e-09
  Step time per cell    3.90529e-09
 Step 212 time 0.0768609 control sound timestep  0.000366945 1,1 x 0 y 0
 Wall clock 201.236
 Average time per cell 4.02335e-09
  Step time per cell    3.9158e-09
 Step 213 time 0.0772278 control sound timestep  0.000366947 1,1 x 0 y 0
 Wall clock 202.161
 Average time per cell 4.02286e-09
  Step time per cell    3.9187e-09
 Step 214 time 0.0775948 control sound timestep  0.000366952 1,1 x 0 y 0
 Wall clock 203.068
 Average time per cell 4.02204e-09
  Step time per cell    3.84677e-09
 Step 215 time 0.0779617 control sound timestep  0.000366958 1,1 x 0 y 0
 Wall clock 203.987
 Average time per cell 4.02145e-09
  Step time per cell    3.89534e-09
 Step 216 time 0.0783287 control sound timestep  0.000366963 1,1 x 0 y 0
 Wall clock 204.924
 Average time per cell 4.02121e-09
  Step time per cell    3.97035e-09
 Step 217 time 0.0786956 control sound timestep  0.000366968 1,1 x 0 y 0
 Wall clock 205.843
 Average time per cell 4.02063e-09
  Step time per cell    3.89388e-09
 Step 218 time 0.0790626 control sound timestep  0.000366977 1,1 x 0 y 0
 Wall clock 206.767
 Average time per cell 4.02016e-09
  Step time per cell    3.91752e-09
 Step 219 time 0.0794296 control sound timestep  0.000366989 1,1 x 0 y 0
 Wall clock 207.719
 Average time per cell 4.02022e-09
  Step time per cell    4.03369e-09
 Step 220 time 0.0797966 control sound timestep  0.000366999 1,1 x 0 y 0
 Wall clock 208.705
 Average time per cell 4.02095e-09
  Step time per cell    4.17995e-09
 Step 221 time 0.0801636 control sound timestep  0.000367009 1,1 x 0 y 0
 Wall clock 209.643
 Average time per cell 4.02074e-09
  Step time per cell    3.97434e-09
 Step 222 time 0.0805306 control sound timestep  0.000367021 1,1 x 0 y 0
 Wall clock 210.561
 Average time per cell 4.02016e-09
  Step time per cell    3.89173e-09
 Step 223 time 0.0808976 control sound timestep  0.000367036 1,1 x 0 y 0
 Wall clock 211.494
 Average time per cell 4.01985e-09
  Step time per cell    3.95119e-09
 Step 224 time 0.0812646 control sound timestep  0.000367052 1,1 x 0 y 0
 Wall clock 212.408
 Average time per cell 4.0192e-09
  Step time per cell    3.87362e-09
 Step 225 time 0.0816317 control sound timestep  0.000367052 1,1 x 0 y 0
 Wall clock 213.339
 Average time per cell 4.01888e-09
  Step time per cell    3.94608e-09
 Step 226 time 0.0819987 control sound timestep  0.00036705 1,1 x 0 y 0
 Wall clock 214.269
 Average time per cell 4.01855e-09
  Step time per cell    3.94399e-09
 Step 227 time 0.0823658 control sound timestep  0.000367051 1,1 x 0 y 0
 Wall clock 215.2
 Average time per cell 4.01822e-09
  Step time per cell    3.94485e-09
 Step 228 time 0.0827328 control sound timestep  0.000367056 1,1 x 0 y 0
 Wall clock 216.11
 Average time per cell 4.01751e-09
  Step time per cell    3.8559e-09
 Step 229 time 0.0830999 control sound timestep  0.000367062 1,1 x 0 y 0
 Wall clock 217.032
 Average time per cell 4.01703e-09
  Step time per cell    3.90738e-09
 Step 230 time 0.083467 control sound timestep  0.000367066 1,1 x 0 y 0
 Wall clock 218.018
 Average time per cell 4.01774e-09
  Step time per cell    4.1797e-09
 Step 231 time 0.083834 control sound timestep  0.000367071 1,1 x 0 y 0
 Wall clock 218.958
 Average time per cell 4.0176e-09
  Step time per cell    3.98589e-09
 Step 232 time 0.0842011 control sound timestep  0.000367079 1,1 x 0 y 0
 Wall clock 219.857
 Average time per cell 4.0167e-09
  Step time per cell    3.80829e-09
 Step 233 time 0.0845682 control sound timestep  0.000367091 1,1 x 0 y 0
 Wall clock 220.799
 Average time per cell 4.0166e-09
  Step time per cell    3.99191e-09
 Step 234 time 0.0849353 control sound timestep  0.0003671 1,1 x 0 y 0
 Wall clock 221.713
 Average time per cell 4.016e-09
  Step time per cell    3.8758e-09
 Step 235 time 0.0853024 control sound timestep  0.00036711 1,1 x 0 y 0
 Wall clock 222.655
 Average time per cell 4.0159e-09
  Step time per cell    3.99165e-09
 Step 236 time 0.0856695 control sound timestep  0.000367121 1,1 x 0 y 0
 Wall clock 223.57
 Average time per cell 4.01531e-09
  Step time per cell    3.8767e-09
 Step 237 time 0.0860366 control sound timestep  0.000367135 1,1 x 0 y 0
 Wall clock 224.52
 Average time per cell 4.01535e-09
  Step time per cell    4.02625e-09
 Step 238 time 0.0864037 control sound timestep  0.000367151 1,1 x 0 y 0
 Wall clock 225.445
 Average time per cell 4.01496e-09
  Step time per cell    3.92047e-09
 Step 239 time 0.0867709 control sound timestep  0.000367151 1,1 x 0 y 0
 Wall clock 226.37
 Average time per cell 4.01456e-09
  Step time per cell    3.91899e-09
 Step 240 time 0.087138 control sound timestep  0.00036715 1,1 x 0 y 0
 Wall clock 227.356
 Average time per cell 4.01525e-09
  Step time per cell    4.18064e-09
 Step 241 time 0.0875052 control sound timestep  0.00036715 1,1 x 0 y 0
 Wall clock 228.269
 Average time per cell 4.01465e-09
  Step time per cell    3.87105e-09
 Step 242 time 0.0878723 control sound timestep  0.000367155 1,1 x 0 y 0
 Wall clock 229.205
 Average time per cell 4.01445e-09
  Step time per cell    3.96446e-09
 Step 243 time 0.0882395 control sound timestep  0.00036716 1,1 x 0 y 0
 Wall clock 230.118
 Average time per cell 4.01386e-09
  Step time per cell    3.87119e-09
 Step 244 time 0.0886066 control sound timestep  0.000367164 1,1 x 0 y 0
 Wall clock 231.04
 Average time per cell 4.01341e-09
  Step time per cell    3.90523e-09
 Step 245 time 0.0889738 control sound timestep  0.000367169 1,1 x 0 y 0
 Wall clock 231.954
 Average time per cell 4.01285e-09
  Step time per cell    3.87428e-09
 Step 246 time 0.089341 control sound timestep  0.000367177 1,1 x 0 y 0
 Wall clock 232.892
 Average time per cell 4.0127e-09
  Step time per cell    3.9765e-09
 Step 247 time 0.0897082 control sound timestep  0.000367187 1,1 x 0 y 0
 Wall clock 233.817
 Average time per cell 4.01233e-09
  Step time per cell    3.92162e-09
 Step 248 time 0.0900753 control sound timestep  0.000367197 1,1 x 0 y 0
 Wall clock 234.743
 Average time per cell 4.01197e-09
  Step time per cell    3.92215e-09
 Step 249 time 0.0904425 control sound timestep  0.000367205 1,1 x 0 y 0
 Wall clock 235.664
 Average time per cell 4.01155e-09
  Step time per cell    3.90528e-09
 Step 250 time 0.0908097 control sound timestep  0.000367216 1,1 x 0 y 0
 Wall clock 236.649
 Average time per cell 4.01219e-09
  Step time per cell    4.17283e-09
 Step 251 time 0.091177 control sound timestep  0.000367229 1,1 x 0 y 0
 Wall clock 237.564
 Average time per cell 4.01166e-09
  Step time per cell    3.87759e-09
 Step 252 time 0.0915442 control sound timestep  0.000367244 1,1 x 0 y 0
 Wall clock 238.502
 Average time per cell 4.01152e-09
  Step time per cell    3.97674e-09
 Step 253 time 0.0919114 control sound timestep  0.000367245 1,1 x 0 y 0
 Wall clock 239.434
 Average time per cell 4.01128e-09
  Step time per cell    3.95062e-09
 Step 254 time 0.0922787 control sound timestep  0.000367243 1,1 x 0 y 0
 Wall clock 240.339
 Average time per cell 4.01058e-09
  Step time per cell    3.83353e-09
 Step 255 time 0.0926459 control sound timestep  0.000367244 1,1 x 0 y 0
 Wall clock 241.283
 Average time per cell 4.01055e-09
  Step time per cell    4.00183e-09
 Step 256 time 0.0930132 control sound timestep  0.000367248 1,1 x 0 y 0
 Wall clock 242.192
 Average time per cell 4.00993e-09
  Step time per cell    3.85272e-09
 Step 257 time 0.0933804 control sound timestep  0.000367253 1,1 x 0 y 0
 Wall clock 243.14
 Average time per cell 4.00997e-09
  Step time per cell    4.01856e-09
 Step 258 time 0.0937477 control sound timestep  0.000367257 1,1 x 0 y 0
 Wall clock 244.056
 Average time per cell 4.00948e-09
  Step time per cell    3.88359e-09
 Step 259 time 0.0941149 control sound timestep  0.000367262 1,1 x 0 y 0
 Wall clock 244.987
 Average time per cell 4.00923e-09
  Step time per cell    3.94507e-09
 Step 260 time 0.0944822 control sound timestep  0.000367269 1,1 x 0 y 0
 Wall clock 245.966
 Average time per cell 4.00977e-09
  Step time per cell    4.14826e-09
 Step 261 time 0.0948495 control sound timestep  0.000367279 1,1 x 0 y 0
 Wall clock 246.9
 Average time per cell 4.00957e-09
  Step time per cell    3.95883e-09
 Step 262 time 0.0952167 control sound timestep  0.000367288 1,1 x 0 y 0
 Wall clock 247.803
 Average time per cell 4.00887e-09
  Step time per cell    3.82614e-09
 Step 263 time 0.095584 control sound timestep  0.000367297 1,1 x 0 y 0
 Wall clock 248.742
 Average time per cell 4.00878e-09
  Step time per cell    3.98288e-09
 Step 264 time 0.0959513 control sound timestep  0.000367307 1,1 x 0 y 0
 Wall clock 249.652
 Average time per cell 4.00819e-09
  Step time per cell    3.85456e-09
 Step 265 time 0.0963186 control sound timestep  0.00036732 1,1 x 0 y 0
 Wall clock 250.577
 Average time per cell 4.00787e-09
  Step time per cell    3.92228e-09
 Step 266 time 0.0966859 control sound timestep  0.000367334 1,1 x 0 y 0
 Wall clock 251.501
 Average time per cell 4.00752e-09
  Step time per cell    3.91436e-09
 Step 267 time 0.0970533 control sound timestep  0.000367334 1,1 x 0 y 0
 Wall clock 252.421
 Average time per cell 4.00711e-09
  Step time per cell    3.89693e-09
 Step 268 time 0.0974206 control sound timestep  0.000367332 1,1 x 0 y 0
 Wall clock 253.33
 Average time per cell 4.00653e-09
  Step time per cell    3.85329e-09
 Step 269 time 0.0977879 control sound timestep  0.000367333 1,1 x 0 y 0
 Wall clock 254.251
 Average time per cell 4.00616e-09
  Step time per cell    3.90625e-09
 Step 270 time 0.0981553 control sound timestep  0.000367338 1,1 x 0 y 0
 Wall clock 255.236
 Average time per cell 4.00679e-09
  Step time per cell    4.17477e-09
 Step 271 time 0.0985226 control sound timestep  0.000367342 1,1 x 0 y 0
 Wall clock 256.174
 Average time per cell 4.00667e-09
  Step time per cell    3.97477e-09
 Step 272 time 0.09889 control sound timestep  0.000367346 1,1 x 0 y 0
 Wall clock 257.082
 Average time per cell 4.00609e-09
  Step time per cell    3.84755e-09
 Step 273 time 0.0992573 control sound timestep  0.00036735 1,1 x 0 y 0
 Wall clock 258.019
 Average time per cell 4.00596e-09
  Step time per cell    3.97111e-09
 Step 274 time 0.0996247 control sound timestep  0.000367358 1,1 x 0 y 0
 Wall clock 258.941
 Average time per cell 4.00561e-09
  Step time per cell    3.90909e-09
 Step 275 time 0.099992 control sound timestep  0.000367367 1,1 x 0 y 0
 Wall clock 259.863
 Average time per cell 4.00524e-09
  Step time per cell    3.90443e-09
 Step 276 time 0.100359 control sound timestep  0.000367376 1,1 x 0 y 0
 Wall clock 260.774
 Average time per cell 4.00472e-09
  Step time per cell    3.86114e-09
 Step 277 time 0.100727 control sound timestep  0.000367384 1,1 x 0 y 0
 Wall clock 261.699
 Average time per cell 4.00443e-09
  Step time per cell    3.92318e-09
 Step 278 time 0.101094 control sound timestep  0.000367394 1,1 x 0 y 0
 Wall clock 262.617
 Average time per cell 4.00401e-09
  Step time per cell    3.88803e-09
 Step 279 time 0.101462 control sound timestep  0.000367406 1,1 x 0 y 0
 Wall clock 263.527
 Average time per cell 4.00348e-09
  Step time per cell    3.85555e-09
 Step 280 time 0.101829 control sound timestep  0.000367419 1,1 x 0 y 0
 Wall clock 264.521
 Average time per cell 4.00424e-09
  Step time per cell    4.21578e-09
 Step 281 time 0.102196 control sound timestep  0.000367419 1,1 x 0 y 0
 Wall clock 265.459
 Average time per cell 4.00413e-09
  Step time per cell    3.97293e-09
 Step 282 time 0.102564 control sound timestep  0.000367417 1,1 x 0 y 0
 Wall clock 266.369
 Average time per cell 4.00362e-09
  Step time per cell    3.85988e-09
 Step 283 time 0.102931 control sound timestep  0.000367418 1,1 x 0 y 0
 Wall clock 267.293
 Average time per cell 4.0033e-09
  Step time per cell    3.91281e-09
 Step 284 time 0.103299 control sound timestep  0.000367423 1,1 x 0 y 0
 Wall clock 268.208
 Average time per cell 4.00287e-09
  Step time per cell    3.87998e-09
 Step 285 time 0.103666 control sound timestep  0.000367427 1,1 x 0 y 0
 Wall clock 269.141
 Average time per cell 4.0027e-09
  Step time per cell    3.95378e-09
 Step 286 time 0.104033 control sound timestep  0.000367431 1,1 x 0 y 0
 Wall clock 270.052
 Average time per cell 4.0022e-09
  Step time per cell    3.86159e-09
 Step 287 time 0.104401 control sound timestep  0.000367435 1,1 x 0 y 0
 Wall clock 270.975
 Average time per cell 4.00189e-09
  Step time per cell    3.91084e-09
 Step 288 time 0.104768 control sound timestep  0.000367442 1,1 x 0 y 0
 Wall clock 271.881
 Average time per cell 4.00133e-09
  Step time per cell    3.84063e-09
 Step 289 time 0.105136 control sound timestep  0.000367452 1,1 x 0 y 0
 Wall clock 272.821
 Average time per cell 4.00127e-09
  Step time per cell    3.98449e-09
 Step 290 time 0.105503 control sound timestep  0.00036746 1,1 x 0 y 0
 Wall clock 273.803
 Average time per cell 4.00182e-09
  Step time per cell    4.16151e-09
 Step 291 time 0.105871 control sound timestep  0.000367468 1,1 x 0 y 0
 Wall clock 274.715
 Average time per cell 4.00135e-09
  Step time per cell    3.86498e-09
 Step 292 time 0.106238 control sound timestep  0.000367477 1,1 x 0 y 0
 Wall clock 275.647
 Average time per cell 4.00118e-09
  Step time per cell    3.94958e-09
 Step 293 time 0.106606 control sound timestep  0.00036749 1,1 x 0 y 0
 Wall clock 276.554
 Average time per cell 4.00064e-09
  Step time per cell    3.84399e-09
 Step 294 time 0.106973 control sound timestep  0.0003675 1,1 x 0 y 0
 Wall clock 277.451
 Average time per cell 3.99997e-09
  Step time per cell    3.8036e-09
 Step 295 time 0.107341 control sound timestep  0.000367501 1,1 x 0 y 0
 Wall clock 278.391
 Average time per cell 3.99992e-09
  Step time per cell    3.98408e-09
 Step 296 time 0.107708 control sound timestep  0.000367498 1,1 x 0 y 0
 Wall clock 279.292
 Average time per cell 3.9993e-09
  Step time per cell    3.81656e-09
 Step 297 time 0.108076 control sound timestep  0.0003675 1,1 x 0 y 0
 Wall clock 280.217
 Average time per cell 3.99903e-09
  Step time per cell    3.91939e-09
 Step 298 time 0.108443 control sound timestep  0.000367504 1,1 x 0 y 0
 Wall clock 281.151
 Average time per cell 3.99891e-09
  Step time per cell    3.96065e-09
 Step 299 time 0.108811 control sound timestep  0.000367508 1,1 x 0 y 0
 Wall clock 282.059
 Average time per cell 3.9984e-09
  Step time per cell    3.84628e-09
 Step 300 time 0.109178 control sound timestep  0.000367512 1,1 x 0 y 0
 Wall clock 283.127
 First step overhead 0
Result:
 - Problem: none
 - Outcome: PASSED
