Local 300 Remote 499
Local 300 Remote 499
Local 300 Remote 528
Local 300 Remote 500
Local 306 Remote 500
Local 300 Remote 500
Local 300 Remote 500
Local 301 Remote 500
Local 300 Remote 500
Local 300 Remote 500
Local 300 Remote 500
Local 300 Remote 500
Local 309 Remote 500
Local 496 Remote 500
Local 498 Remote 500
Local 470 Remote 500
Local 875 Remote 500
Local 655 Remote 500
Local 518 Remote 500
Local 520 Remote 500
Local 514 Remote 500
Local 512 Remote 500
Local 622 Remote 500
Local 620 Remote 500
Local 618 Remote 500
Local 634 Remote 500
Local 632 Remote 500
Local 622 Remote 500
Local 615 Remote 500
Local 629 Remote 500
Local 469 Remote 500
Local 431 Remote 500
Local 425 Remote 500
Local 414 Remote 500
Local 423 Remote 500
Local 418 Remote 500
Local 407 Remote 500
Local 397 Remote 500
Local 1185 Remote 500
Local 563 Remote 500
Local 565 Remote 500
Local 565 Remote 500
Local 566 Remote 500
Local 567 Remote 500
Local 563 Remote 500
Local 567 Remote 500
Local 566 Remote 500
Local 564 Remote 500
Local 569 Remote 500
Local 565 Remote 500
Local 568 Remote 500
Local 563 Remote 500
Local 564 Remote 500
Local 568 Remote 500
Local 568 Remote 500
Local 565 Remote 500
Local 564 Remote 500
Local 563 Remote 500
Local 566 Remote 500
Local 564 Remote 500
Local 561 Remote 500
Local 568 Remote 500
Local 568 Remote 500
Local 567 Remote 500
Local 567 Remote 500
Local 562 Remote 500
Local 561 Remote 500
Local 565 Remote 500
Local 564 Remote 500
Local 566 Remote 500
Local 623 Remote 500
Local 563 Remote 500
Local 566 Remote 500
Local 568 Remote 500
Local 567 Remote 500
Local 568 Remote 500
Local 567 Remote 500
Local 567 Remote 500
Local 565 Remote 500
Local 567 Remote 500
Local 567 Remote 500
Local 563 Remote 500
Local 568 Remote 500
Local 568 Remote 500
Local 569 Remote 500
Local 566 Remote 500
Local 560 Remote 500
Local 561 Remote 500
Local 566 Remote 500
Local 564 Remote 500
Local 567 Remote 500
Local 567 Remote 500
Local 563 Remote 500
Local 567 Remote 500
Local 561 Remote 500
Local 567 Remote 500
Local 567 Remote 500
Local 564 Remote 500
Local 567 Remote 500
Local 565 Remote 500
Local 564 Remote 500
Local 565 Remote 500
Local 563 Remote 500
Local 566 Remote 500
Local 562 Remote 500
Local 565 Remote 500
Local 565 Remote 500
Local 564 Remote 500
Local 564 Remote 500
Local 563 Remote 500
Local 566 Remote 500
Local 563 Remote 500
Local 562 Remote 500
Local 561 Remote 500
Local 569 Remote 500
Local 570 Remote 500
Local 569 Remote 500
Local 565 Remote 500
Local 562 Remote 500
Local 563 Remote 500
Local 564 Remote 500
Local 563 Remote 500
Local 564 Remote 500
Local 326 Remote 500
