Local 300 Remote 499
Local 300 Remote 499
Local 300 Remote 499
Local 300 Remote 499
Local 300 Remote 499
Local 302 Remote 499
Local 300 Remote 499
Local 300 Remote 499
Local 300 Remote 499
Local 305 Remote 499
Local 300 Remote 499
Local 300 Remote 499
Local 300 Remote 500
Local 300 Remote 500
Local 523 Remote 500
Local 545 Remote 500
Local 517 Remote 500
Local 845 Remote 500
Local 866 Remote 500
Local 516 Remote 500
Local 513 Remote 500
Local 521 Remote 500
Local 473 Remote 500
Local 530 Remote 506
Local 524 Remote 500
Local 531 Remote 500
Local 525 Remote 500
Local 529 Remote 500
Local 534 Remote 500
Local 528 Remote 500
Local 448 Remote 500
Local 451 Remote 500
Local 426 Remote 500
Local 456 Remote 500
Local 430 Remote 500
Local 435 Remote 500
Local 425 Remote 500
Local 394 Remote 500
Local 829 Remote 795
Local 512 Remote 500
Local 523 Remote 500
Local 521 Remote 500
Local 519 Remote 500
Local 518 Remote 500
Local 518 Remote 500
Local 520 Remote 501
Local 525 Remote 552
Local 522 Remote 500
Local 521 Remote 500
Local 515 Remote 500
Local 520 Remote 507
Local 519 Remote 565
Local 518 Remote 503
Local 519 Remote 500
Local 523 Remote 500
Local 523 Remote 500
Local 523 Remote 500
Local 521 Remote 500
Local 520 Remote 500
Local 521 Remote 521
Local 521 Remote 500
Local 521 Remote 503
Local 523 Remote 500
Local 528 Remote 504
Local 516 Remote 500
Local 519 Remote 503
Local 519 Remote 500
Local 515 Remote 617
Local 574 Remote 559
Local 521 Remote 504
Local 520 Remote 500
Local 520 Remote 512
Local 519 Remote 500
Local 516 Remote 501
Local 521 Remote 500
Local 522 Remote 500
Local 519 Remote 500
Local 520 Remote 500
Local 517 Remote 500
Local 524 Remote 500
Local 516 Remote 667
Local 520 Remote 511
Local 521 Remote 500
Local 520 Remote 500
Local 520 Remote 500
Local 516 Remote 506
Local 520 Remote 500
Local 522 Remote 500
Local 519 Remote 500
Local 521 Remote 500
Local 521 Remote 500
Local 520 Remote 500
Local 522 Remote 500
Local 518 Remote 500
Local 522 Remote 501
Local 521 Remote 508
Local 520 Remote 541
Local 518 Remote 501
Local 515 Remote 500
Local 521 Remote 500
Local 525 Remote 500
Local 517 Remote 500
Local 525 Remote 501
Local 516 Remote 500
Local 520 Remote 500
Local 514 Remote 595
Local 522 Remote 529
Local 523 Remote 528
Local 518 Remote 593
Local 518 Remote 561
Local 538 Remote 607
Local 520 Remote 509
Local 520 Remote 533
Local 521 Remote 502
Local 520 Remote 500
Local 521 Remote 500
Local 518 Remote 512
