Local 300 Remote 500
Local 300 Remote 500
Local 306 Remote 500
Local 300 Remote 500
Local 300 Remote 500
Local 300 Remote 500
Local 300 Remote 500
Local 300 Remote 500
Local 300 Remote 500
Local 302 Remote 500
Local 300 Remote 500
Local 300 Remote 500
Local 300 Remote 500
Local 300 Remote 500
Local 300 Remote 500
Local 300 Remote 500
Local 300 Remote 500
Local 300 Remote 500
Local 312 Remote 500
Local 300 Remote 500
Local 428 Remote 500
Local 539 Remote 500
Local 535 Remote 500
Local 509 Remote 500
Local 658 Remote 500
Local 437 Remote 500
Local 468 Remote 500
Local 481 Remote 500
Local 480 Remote 500
Local 474 Remote 500
Local 467 Remote 500
Local 473 Remote 500
Local 459 Remote 500
Local 467 Remote 500
Local 455 Remote 500
Local 456 Remote 500
Local 450 Remote 500
Local 458 Remote 500
Local 459 Remote 500
Local 466 Remote 500
Local 471 Remote 500
Local 319 Remote 500
Local 433 Remote 500
Local 430 Remote 500
Local 427 Remote 500
Local 440 Remote 500
Local 429 Remote 500
Local 437 Remote 500
Local 441 Remote 500
Local 445 Remote 500
Local 435 Remote 500
Local 516 Remote 500
Local 462 Remote 500
Local 320 Remote 500
Local 485 Remote 500
Local 487 Remote 500
Local 490 Remote 500
Local 488 Remote 500
Local 489 Remote 500
Local 485 Remote 500
Local 489 Remote 500
Local 482 Remote 500
Local 486 Remote 500
Local 485 Remote 500
Local 486 Remote 500
Local 488 Remote 500
Local 488 Remote 500
Local 488 Remote 500
Local 483 Remote 500
Local 486 Remote 500
Local 488 Remote 500
Local 489 Remote 500
Local 487 Remote 500
Local 489 Remote 500
Local 486 Remote 500
Local 483 Remote 500
Local 485 Remote 500
Local 488 Remote 500
Local 488 Remote 500
Local 487 Remote 500
Local 489 Remote 500
Local 487 Remote 500
Local 481 Remote 500
Local 487 Remote 500
Local 487 Remote 500
Local 484 Remote 500
Local 488 Remote 500
Local 487 Remote 500
Local 486 Remote 500
Local 481 Remote 500
Local 486 Remote 500
Local 488 Remote 500
Local 487 Remote 500
Local 487 Remote 500
Local 490 Remote 500
Local 486 Remote 500
Local 484 Remote 500
Local 490 Remote 500
Local 486 Remote 500
Local 485 Remote 500
Local 487 Remote 500
Local 487 Remote 500
Local 489 Remote 500
Local 482 Remote 500
Local 486 Remote 500
Local 487 Remote 500
Local 486 Remote 500
Local 483 Remote 500
Local 487 Remote 500
Local 487 Remote 500
Local 482 Remote 500
Local 487 Remote 500
Local 485 Remote 500
Local 489 Remote 500
Local 490 Remote 500
Local 486 Remote 500
Local 487 Remote 500
Local 483 Remote 500
Local 488 Remote 500
Local 484 Remote 500
Local 480 Remote 500
Local 483 Remote 500
Local 489 Remote 500
Local 485 Remote 500
Local 483 Remote 500
Local 485 Remote 500
Local 484 Remote 500
Local 488 Remote 500
Local 486 Remote 500
Local 485 Remote 500
Local 484 Remote 500
Local 482 Remote 500
Local 483 Remote 500
Local 482 Remote 500
Local 485 Remote 500
Local 487 Remote 500
Local 487 Remote 500
Local 486 Remote 500
Local 484 Remote 500
Local 482 Remote 500
Local 484 Remote 500
Local 484 Remote 500
Local 486 Remote 630
Local 491 Remote 500
Local 486 Remote 500
Local 484 Remote 500
Local 485 Remote 500
Local 487 Remote 528
Local 487 Remote 500
Local 487 Remote 500
Local 487 Remote 500
Local 488 Remote 500
Local 483 Remote 500
Local 486 Remote 500
Local 484 Remote 500
Local 489 Remote 500
Local 486 Remote 500
Local 488 Remote 502
Local 486 Remote 500
Local 480 Remote 500
Local 489 Remote 500
Local 484 Remote 500
Local 486 Remote 500
Local 489 Remote 500
Local 488 Remote 500
Local 489 Remote 500
