nr_free_pages 724950737
nr_zone_inactive_anon 30166
nr_zone_active_anon 534
nr_zone_inactive_file 60382
nr_zone_active_file 92545
nr_zone_unevictable 2250
nr_zone_write_pending 166
nr_mlock 0
nr_bounce 0
nr_zspages 0
nr_free_cma 0
nr_unaccepted 0
numa_hit 188696470
numa_miss 0
numa_foreign 0
numa_interleave 232
numa_local 185223300
numa_other 3473236
nr_inactive_anon 30166
nr_active_anon 534
nr_inactive_file 60382
nr_active_file 92545
nr_unevictable 2250
nr_slab_reclaimable 45548
nr_slab_unreclaimable 120324
nr_isolated_anon 0
nr_isolated_file 0
workingset_nodes 0
workingset_refault_anon 0
workingset_refault_file 0
workingset_activate_anon 0
workingset_activate_file 0
workingset_restore_anon 0
workingset_restore_file 0
workingset_nodereclaim 0
nr_anon_pages 25455
nr_mapped 18948
nr_file_pages 160162
nr_dirty 166
nr_writeback 0
nr_writeback_temp 0
nr_shmem 7235
nr_shmem_hugepages 0
nr_shmem_pmdmapped 0
nr_file_hugepages 0
nr_file_pmdmapped 0
nr_anon_transparent_hugepages 3
nr_vmscan_write 0
nr_vmscan_immediate_reclaim 0
nr_dirtied 64175
nr_written 53313
nr_throttled_written 0
nr_kernel_misc_reclaimable 0
nr_foll_pin_acquired 1762
nr_foll_pin_released 1762
nr_kernel_stack 38432
nr_page_table_pages 1260
nr_sec_page_table_pages 2580
nr_iommu_pages 2580
nr_swapcached 0
pgpromote_success 77145602
pgpromote_candidate 0
pgdemote_kswapd 0
pgdemote_direct 0
pgdemote_khugepaged 0
nr_dirty_threshold 289241036
nr_dirty_background_threshold 72221968
nr_memmap_pages 8388608
nr_memmap_boot_pages 3137024
pgpgin 823651
pgpgout 373505
pswpin 0
pswpout 0
pgalloc_dma 1024
pgalloc_dma32 1024
pgalloc_normal 5204745759
pgalloc_movable 392445446
pgalloc_device 0
allocstall_dma 0
allocstall_dma32 0
allocstall_normal 0
allocstall_movable 0
allocstall_device 0
pgskip_dma 0
pgskip_dma32 0
pgskip_normal 0
pgskip_movable 0
pgskip_device 0
pgfree 6322275272
pgactivate 94981
pgdeactivate 0
pglazyfree 0
pgfault 237486231
pgmajfault 551
pglazyfreed 0
pgrefill 0
pgreuse 6232926
pgsteal_kswapd 0
pgsteal_direct 0
pgsteal_khugepaged 0
pgscan_kswapd 0
pgscan_direct 0
pgscan_khugepaged 0
pgscan_direct_throttle 0
pgscan_anon 0
pgscan_file 0
pgsteal_anon 0
pgsteal_file 0
zone_reclaim_failed 0
pginodesteal 0
slabs_scanned 0
kswapd_inodesteal 0
kswapd_low_wmark_hit_quickly 0
kswapd_high_wmark_hit_quickly 0
pageoutrun 0
pgrotated 0
drop_pagecache 0
drop_slab 0
oom_kill 0
numa_pte_updates 1703979111
numa_huge_pte_updates 3321841
numa_hint_faults 6451161
numa_hint_faults_local 6215254
numa_pages_migrated 207300936
pgmigrate_success 207300936
pgmigrate_fail 0
thp_migration_success 404441
thp_migration_fail 1
thp_migration_split 1
compact_migrate_scanned 0
compact_free_scanned 0
compact_isolated 0
compact_stall 0
compact_fail 0
compact_success 0
compact_daemon_wake 0
compact_daemon_migrate_scanned 0
compact_daemon_free_scanned 0
htlb_buddy_alloc_success 0
htlb_buddy_alloc_fail 0
unevictable_pgs_culled 37203
unevictable_pgs_scanned 2250
unevictable_pgs_rescued 2250
unevictable_pgs_mlocked 0
unevictable_pgs_munlocked 0
unevictable_pgs_cleared 0
unevictable_pgs_stranded 0
thp_fault_alloc 6496702
thp_fault_fallback 0
thp_fault_fallback_charge 0
thp_collapse_alloc 70
thp_collapse_alloc_failed 0
thp_file_alloc 0
thp_file_fallback 0
thp_file_fallback_charge 0
thp_file_mapped 0
thp_split_page 1
thp_split_page_failed 0
thp_deferred_split_page 1929
thp_split_pmd 1958
thp_scan_exceed_none_pte 0
thp_scan_exceed_swap_pte 0
thp_scan_exceed_share_pte 3998
thp_split_pud 0
thp_zero_page_alloc 1
thp_zero_page_alloc_failed 0
thp_swpout 0
thp_swpout_fallback 0
balloon_inflate 0
balloon_deflate 0
balloon_migrate 0
swap_ra 0
swap_ra_hit 0
ksm_swpin_copy 0
cow_ksm 0
zswpin 0
zswpout 0
zswpwb 0
direct_map_level2_splits 254
direct_map_level3_splits 37
nr_unstable 0
