Local 1104 Remote 820
Local 1151 Remote 820
Local 1164 Remote 820
Local 1128 Remote 820
Local 1142 Remote 820
Local 1174 Remote 820
Local 1137 Remote 820
Local 1157 Remote 820
Local 1133 Remote 820
Local 1154 Remote 820
Local 1157 Remote 820
Local 1137 Remote 820
Local 1165 Remote 820
Local 1157 Remote 820
Local 1184 Remote 820
Local 1144 Remote 820
Local 1129 Remote 820
Local 1103 Remote 820
Local 1110 Remote 866
Local 1131 Remote 824
Local 1117 Remote 820
Local 1109 Remote 820
Local 1132 Remote 829
Local 1132 Remote 820
Local 1084 Remote 820
Local 1096 Remote 820
Local 1063 Remote 820
Local 1111 Remote 820
Local 1023 Remote 820
Local 1155 Remote 820
Local 1089 Remote 822
Local 1109 Remote 820
Local 1094 Remote 820
Local 1052 Remote 820
Local 1109 Remote 820
Local 1036 Remote 820
Local 1088 Remote 820
Local 1013 Remote 820
Local 1044 Remote 820
Local 1103 Remote 820
Local 1040 Remote 820
Local 1153 Remote 820
Local 1031 Remote 820
Local 1049 Remote 820
Local 1081 Remote 820
Local 1040 Remote 820
Local 1084 Remote 820
Local 1027 Remote 820
Local 1119 Remote 820
Local 1036 Remote 820
Local 1050 Remote 820
Local 1097 Remote 820
Local 1039 Remote 820
Local 1143 Remote 820
Local 1034 Remote 820
Local 1063 Remote 820
Local 1027 Remote 820
Local 1000 Remote 820
Local 1116 Remote 820
Local 1027 Remote 820
Local 985 Remote 820
Local 1098 Remote 820
Local 1041 Remote 820
Local 1074 Remote 820
Local 1075 Remote 820
Local 1026 Remote 820
Local 1062 Remote 820
Local 989 Remote 820
Local 1156 Remote 820
Local 1032 Remote 820
Local 994 Remote 820
Local 1093 Remote 820
Local 1040 Remote 820
Local 1136 Remote 820
Local 1060 Remote 820
Local 942 Remote 820
Local 1078 Remote 820
Local 988 Remote 820
Local 993 Remote 820
Local 1091 Remote 820
Local 998 Remote 820
Local 1056 Remote 820
Local 1082 Remote 820
Local 965 Remote 820
Local 1055 Remote 820
Local 1010 Remote 820
Local 951 Remote 820
Local 1052 Remote 820
Local 982 Remote 820
Local 1077 Remote 820
Local 1006 Remote 820
Local 956 Remote 820
Local 1064 Remote 820
Local 982 Remote 820
Local 940 Remote 820
Local 1054 Remote 820
Local 976 Remote 820
Local 995 Remote 820
Local 1078 Remote 820
Local 955 Remote 820
Local 981 Remote 820
Local 1086 Remote 820
Local 962 Remote 820
Local 983 Remote 820
Local 1062 Remote 820
Local 948 Remote 820
Local 959 Remote 822
Local 1078 Remote 820
Local 982 Remote 820
Local 946 Remote 820
Local 1074 Remote 820
Local 997 Remote 820
Local 891 Remote 820
Local 1065 Remote 820
Local 1015 Remote 820
Local 884 Remote 820
Local 1080 Remote 820
Local 1052 Remote 820
Local 921 Remote 820
Local 1080 Remote 820
Local 1033 Remote 820
Local 894 Remote 820
Local 1063 Remote 820
Local 1018 Remote 821
Local 869 Remote 820
Local 1041 Remote 820
Local 1042 Remote 820
Local 922 Remote 820
Local 1010 Remote 820
Local 1048 Remote 820
Local 906 Remote 820
Local 1036 Remote 820
Local 1037 Remote 820
Local 888 Remote 820
Local 974 Remote 820
Local 1054 Remote 820
Local 877 Remote 820
Local 907 Remote 820
Local 1058 Remote 820
Local 852 Remote 820
Local 945 Remote 820
Local 1034 Remote 820
Local 830 Remote 820
Local 940 Remote 820
Local 1027 Remote 820
Local 859 Remote 820
Local 879 Remote 820
Local 1022 Remote 820
Local 846 Remote 820
Local 935 Remote 820
Local 1005 Remote 820
Local 783 Remote 820
Local 974 Remote 820
Local 1005 Remote 820
Local 820 Remote 820
Local 1002 Remote 820
Local 1021 Remote 820
Local 814 Remote 820
Local 1041 Remote 820
Local 952 Remote 822
Local 821 Remote 825
Local 1061 Remote 820
Local 964 Remote 821
Local 807 Remote 836
Local 1037 Remote 820
Local 961 Remote 824
Local 835 Remote 820
Local 987 Remote 891
Local 870 Remote 848
Local 874 Remote 822
Local 1021 Remote 831
Local 882 Remote 846
Local 871 Remote 821
Local 1032 Remote 832
Local 819 Remote 842
Local 948 Remote 821
Local 1046 Remote 844
Local 843 Remote 868
Local 983 Remote 832
Local 1015 Remote 853
Local 808 Remote 836
Local 1033 Remote 829
Local 993 Remote 847
Local 837 Remote 822
Local 1000 Remote 829
Local 850 Remote 893
Local 1032 Remote 840
Local 976 Remote 847
Local 828 Remote 846
Local 1028 Remote 840
Local 934 Remote 877
Local 903 Remote 824
Local 1018 Remote 841
Local 898 Remote 849
Local 1057 Remote 829
Local 1176 Remote 916
Local 919 Remote 829
Local 1058 Remote 848
Local 863 Remote 903
Local 944 Remote 832
Local 1083 Remote 876
Local 903 Remote 826
Local 1052 Remote 838
Local 681 Remote 999
Local 950 Remote 849
Local 833 Remote 881
Local 877 Remote 1064
Local 994 Remote 868
Local 775 Remote 989
Local 914 Remote 947
Local 942 Remote 890
Local 821 Remote 990
Local 970 Remote 862
Local 762 Remote 976
Local 893 Remote 884
Local 962 Remote 855
Local 664 Remote 933
Local 944 Remote 832
Local 949 Remote 880
Local 808 Remote 918
Local 943 Remote 861
Local 778 Remote 962
Local 864 Remote 907
Local 922 Remote 882
Local 761 Remote 905
Local 901 Remote 840
Local 873 Remote 937
Local 855 Remote 893
Local 928 Remote 866
Local 808 Remote 906
Local 873 Remote 863
Local 924 Remote 894
Local 743 Remote 948
Local 860 Remote 848
Local 781 Remote 931
Local 845 Remote 903
Local 906 Remote 858
Local 655 Remote 972
Local 857 Remote 859
Local 909 Remote 894
Local 811 Remote 958
Local 827 Remote 850
Local 722 Remote 901
Local 835 Remote 873
Local 906 Remote 865
Local 681 Remote 921
Local 844 Remote 984
Local 906 Remote 892
Local 808 Remote 908
Local 840 Remote 853
Local 848 Remote 934
Local 869 Remote 892
Local 911 Remote 861
Local 1187 Remote 929
Local 892 Remote 873
Local 911 Remote 892
Local 747 Remote 891
Local 806 Remote 841
Local 785 Remote 922
Local 844 Remote 927
Local 865 Remote 880
Local 640 Remote 943
Local 830 Remote 901
Local 885 Remote 871
Local 722 Remote 895
Local 863 Remote 843
Local 704 Remote 913
Local 808 Remote 911
Local 844 Remote 865
Local 665 Remote 957
Local 818 Remote 883
Local 699 Remote 897
Local 817 Remote 933
Local 856 Remote 867
Local 746 Remote 953
Local 817 Remote 880
Local 832 Remote 910
Local 844 Remote 949
Local 870 Remote 910
Local 658 Remote 958
Local 834 Remote 946
Local 975 Remote 887
Local 829 Remote 933
Local 801 Remote 894
Local 714 Remote 961
Local 825 Remote 871
Local 859 Remote 899
Local 666 Remote 945
Local 790 Remote 909
Local 897 Remote 902
Local 818 Remote 974
Local 854 Remote 927
Local 692 Remote 1003
Local 827 Remote 970
Local 859 Remote 877
Local 684 Remote 958
Local 809 Remote 896
Local 796 Remote 898
Local 827 Remote 934
Local 829 Remote 880
Local 646 Remote 983
Local 786 Remote 955
Local 917 Remote 926
Local 785 Remote 945
Local 780 Remote 899
Local 771 Remote 1015
Local 821 Remote 961
Local 893 Remote 890
Local 732 Remote 944
Local 788 Remote 896
Local 796 Remote 901
Local 808 Remote 899
Local 902 Remote 889
Local 669 Remote 992
Local 791 Remote 947
Local 852 Remote 932
Local 792 Remote 918
Local 794 Remote 925
Local 598 Remote 948
Local 792 Remote 899
Local 939 Remote 892
Local 775 Remote 967
Local 733 Remote 904
Local 1034 Remote 899
Local 827 Remote 930
Local 944 Remote 933
Local 658 Remote 1006
Local 797 Remote 901
Local 875 Remote 893
Local 789 Remote 930
Local 801 Remote 916
Local 697 Remote 948
Local 800 Remote 943
Local 902 Remote 896
Local 727 Remote 956
Local 795 Remote 916
Local 731 Remote 958
Local 790 Remote 958
Local 957 Remote 909
Local 737 Remote 982
Local 794 Remote 925
Local 811 Remote 941
Local 821 Remote 928
Local 844 Remote 936
Local 697 Remote 1002
Local 766 Remote 909
Local 829 Remote 921
Local 837 Remote 953
Local 838 Remote 921
Local 651 Remote 939
Local 798 Remote 897
Local 806 Remote 899
Local 831 Remote 919
Local 855 Remote 940
Local 643 Remote 955
Local 821 Remote 905
Local 891 Remote 916
Local 781 Remote 863
Local 785 Remote 928
Local 713 Remote 981
Local 789 Remote 888
Local 935 Remote 913
Local 747 Remote 982
Local 773 Remote 927
Local 1084 Remote 925
Local 840 Remote 928
Local 850 Remote 894
Local 696 Remote 983
Local 825 Remote 910
Local 838 Remote 952
Local 805 Remote 992
Local 804 Remote 957
Local 640 Remote 972
Local 782 Remote 942
Local 770 Remote 904
Local 815 Remote 908
Local 769 Remote 924
Local 760 Remote 950
Local 801 Remote 931
Local 864 Remote 874
Local 735 Remote 944
Local 832 Remote 920
Local 739 Remote 948
Local 823 Remote 937
Local 863 Remote 888
Local 718 Remote 954
Local 816 Remote 908
Local 769 Remote 916
Local 808 Remote 942
Local 828 Remote 914
Local 691 Remote 974
Local 754 Remote 906
Local 712 Remote 933
Local 811 Remote 910
Local 835 Remote 893
Local 783 Remote 949
Local 786 Remote 919
Local 598 Remote 985
Local 816 Remote 953
Local 891 Remote 874
Local 772 Remote 987
Local 761 Remote 929
Local 726 Remote 933
Local 773 Remote 947
Local 849 Remote 916
Local 706 Remote 929
Local 811 Remote 901
Local 776 Remote 947
Local 798 Remote 955
Local 803 Remote 938
Local 701 Remote 961
Local 797 Remote 924
Local 730 Remote 936
Local 816 Remote 925
Local 848 Remote 922
Local 745 Remote 946
Local 735 Remote 931
Local 710 Remote 925
Local 818 Remote 880
Local 868 Remote 894
Local 656 Remote 991
Local 765 Remote 919
Local 869 Remote 924
Local 827 Remote 970
Local 892 Remote 921
Local 713 Remote 1025
Local 826 Remote 957
Local 760 Remote 953
Local 796 Remote 932
Local 920 Remote 921
Local 707 Remote 979
Local 772 Remote 920
Local 765 Remote 922
Local 803 Remote 919
Local 793 Remote 924
Local 646 Remote 961
Local 810 Remote 958
Local 890 Remote 910
Local 818 Remote 910
Local 776 Remote 915
Local 616 Remote 1012
Local 812 Remote 943
Local 800 Remote 892
Local 798 Remote 930
Local 879 Remote 942
Local 718 Remote 992
Local 763 Remote 917
Local 800 Remote 898
Local 800 Remote 932
Local 817 Remote 933
Local 595 Remote 952
Local 788 Remote 954
Local 881 Remote 938
Local 780 Remote 991
Local 766 Remote 948
Local 757 Remote 984
Local 798 Remote 933
Local 884 Remote 955
Local 715 Remote 958
Local 751 Remote 926
Local 856 Remote 924
Local 806 Remote 912
Local 856 Remote 926
Local 670 Remote 951
Local 805 Remote 961
Local 873 Remote 896
Local 801 Remote 973
Local 790 Remote 952
Local 633 Remote 995
Local 789 Remote 970
Local 865 Remote 917
Local 812 Remote 907
Local 871 Remote 906
Local 650 Remote 951
Local 732 Remote 934
Local 794 Remote 931
Local 816 Remote 976
Local 772 Remote 959
Local 638 Remote 969
Local 830 Remote 944
Local 886 Remote 876
Local 782 Remote 948
Local 789 Remote 940
Local 649 Remote 975
Local 787 Remote 934
Local 866 Remote 910
Local 796 Remote 955
Local 769 Remote 916
Local 644 Remote 981
Local 792 Remote 931
Local 891 Remote 916
Local 792 Remote 986
Local 735 Remote 929
Local 626 Remote 977
Local 796 Remote 966
Local 837 Remote 905
Local 794 Remote 929
Local 779 Remote 955
Local 699 Remote 950
Local 815 Remote 938
Local 926 Remote 905
Local 714 Remote 955
Local 763 Remote 936
Local 744 Remote 958
Local 797 Remote 964
Local 790 Remote 913
Local 689 Remote 950
Local 772 Remote 925
Local 819 Remote 948
Local 801 Remote 934
Local 787 Remote 928
Local 640 Remote 949
Local 769 Remote 941
Local 820 Remote 931
Local 813 Remote 920
Local 835 Remote 933
Local 667 Remote 986
Local 755 Remote 927
Local 803 Remote 933
Local 811 Remote 930
Local 778 Remote 919
Local 643 Remote 963
Local 784 Remote 892
Local 795 Remote 889
Local 817 Remote 939
Local 768 Remote 992
Local 619 Remote 1009
Local 787 Remote 957
Local 877 Remote 912
Local 736 Remote 953
Local 742 Remote 949
Local 755 Remote 979
Local 791 Remote 988
Local 947 Remote 897
Local 733 Remote 954
Local 726 Remote 907
Local 715 Remote 986
Local 795 Remote 980
Local 758 Remote 956
Local 684 Remote 979
Local 773 Remote 913
Local 679 Remote 932
Local 791 Remote 954
Local 825 Remote 902
Local 773 Remote 948
Local 785 Remote 939
Local 640 Remote 986
Local 775 Remote 913
Local 857 Remote 905
Local 828 Remote 916
Local 808 Remote 910
Local 640 Remote 957
Local 814 Remote 921
Local 869 Remote 907
Local 809 Remote 898
Local 741 Remote 936
Local 599 Remote 971
Local 781 Remote 1018
Local 884 Remote 943
Local 764 Remote 997
Local 757 Remote 935
Local 729 Remote 1011
Local 819 Remote 960
Local 865 Remote 897
Local 706 Remote 938
Local 837 Remote 939
Local 809 Remote 937
Local 848 Remote 940
Local 823 Remote 958
Local 650 Remote 966
Local 779 Remote 921
Local 800 Remote 913
Local 793 Remote 975
Local 746 Remote 943
Local 623 Remote 972
Local 789 Remote 941
Local 880 Remote 888
Local 762 Remote 967
Local 736 Remote 933
Local 770 Remote 975
Local 835 Remote 951
Local 909 Remote 918
Local 728 Remote 955
Local 693 Remote 933
Local 712 Remote 936
Local 813 Remote 970
Local 764 Remote 923
Local 667 Remote 978
Local 740 Remote 925
Local 808 Remote 905
Local 815 Remote 966
Local 800 Remote 958
Local 659 Remote 949
Local 777 Remote 914
Local 860 Remote 913
Local 786 Remote 947
Local 881 Remote 934
Local 665 Remote 955
Local 796 Remote 902
Local 789 Remote 892
Local 799 Remote 920
Local 807 Remote 918
Local 653 Remote 949
Local 798 Remote 917
Local 734 Remote 932
Local 815 Remote 958
Local 822 Remote 916
Local 729 Remote 999
Local 747 Remote 932
Local 716 Remote 917
Local 781 Remote 978
Local 769 Remote 947
Local 664 Remote 984
Local 778 Remote 920
Local 749 Remote 941
Local 801 Remote 920
Local 787 Remote 905
Local 654 Remote 943
Local 796 Remote 931
Local 792 Remote 913
Local 794 Remote 952
Local 776 Remote 938
Local 658 Remote 963
Local 799 Remote 970
Local 860 Remote 900
Local 708 Remote 958
Local 731 Remote 932
Local 586 Remote 958
Local 791 Remote 967
Local 947 Remote 945
Local 709 Remote 983
Local 778 Remote 925
Local 800 Remote 937
Local 815 Remote 964
Local 835 Remote 955
Local 652 Remote 970
Local 812 Remote 923
Local 896 Remote 901
Local 795 Remote 933
Local 878 Remote 925
Local 803 Remote 937
Local 844 Remote 939
Local 919 Remote 921
Local 733 Remote 908
Local 746 Remote 911
Local 683 Remote 960
Local 811 Remote 933
Local 818 Remote 940
Local 710 Remote 996
Local 775 Remote 934
Local 820 Remote 913
Local 818 Remote 932
Local 844 Remote 934
Local 683 Remote 986
Local 726 Remote 931
Local 838 Remote 950
Local 817 Remote 962
Local 863 Remote 942
Local 691 Remote 988
Local 760 Remote 958
Local 883 Remote 914
Local 803 Remote 916
Local 774 Remote 932
Local 607 Remote 1000
Local 789 Remote 945
Local 884 Remote 889
Local 739 Remote 954
Local 732 Remote 936
Local 681 Remote 936
Local 798 Remote 945
Local 806 Remote 914
Local 658 Remote 975
Local 760 Remote 938
Local 831 Remote 893
Local 799 Remote 989
Local 820 Remote 958
Local 651 Remote 972
Local 795 Remote 944
Local 858 Remote 889
Local 810 Remote 940
Local 865 Remote 953
Local 607 Remote 992
Local 796 Remote 903
Local 876 Remote 920
Local 710 Remote 940
Local 715 Remote 919
Local 782 Remote 957
Local 796 Remote 924
Local 784 Remote 950
Local 675 Remote 959
Local 785 Remote 925
Local 864 Remote 894
Local 794 Remote 936
Local 751 Remote 945
Local 645 Remote 1017
Local 795 Remote 955
Local 889 Remote 891
Local 784 Remote 901
Local 739 Remote 964
Local 711 Remote 985
Local 831 Remote 931
Local 839 Remote 896
Local 709 Remote 977
Local 810 Remote 903
Local 788 Remote 922
Local 791 Remote 972
Local 727 Remote 949
Local 637 Remote 977
Local 787 Remote 949
Local 847 Remote 899
Local 777 Remote 959
Local 763 Remote 925
Local 724 Remote 980
Local 778 Remote 981
Local 974 Remote 949
Local 736 Remote 945
Local 798 Remote 913
Local 768 Remote 954
Local 807 Remote 952
Local 852 Remote 957
Local 701 Remote 955
Local 770 Remote 942
Local 1045 Remote 931
Local 833 Remote 929
Local 985 Remote 918
Local 828 Remote 939
Local 778 Remote 929
Local 834 Remote 931
Local 836 Remote 903
Local 835 Remote 910
Local 742 Remote 904
Local 750 Remote 872
Local 915 Remote 893
Local 809 Remote 918
Local 859 Remote 907
Local 851 Remote 938
Local 771 Remote 879
Local 933 Remote 872
Local 803 Remote 890
Local 883 Remote 881
Local 750 Remote 897
Local 804 Remote 860
Local 939 Remote 884
Local 784 Remote 899
Local 841 Remote 850
Local 827 Remote 890
Local 806 Remote 903
Local 835 Remote 877
Local 756 Remote 904
Local 841 Remote 849
Local 912 Remote 836
Local 728 Remote 856
Local 836 Remote 867
Local 942 Remote 835
Local 792 Remote 875
Local 811 Remote 857
Local 937 Remote 844
Local 816 Remote 864
Local 871 Remote 826
Local 927 Remote 835
Local 764 Remote 869
Local 864 Remote 837
Local 904 Remote 831
Local 787 Remote 841
Local 851 Remote 843
Local 918 Remote 829
Local 747 Remote 835
Local 840 Remote 840
Local 923 Remote 822
Local 861 Remote 846
Local 794 Remote 832
Local 913 Remote 820
Local 850 Remote 826
Local 777 Remote 823
Local 862 Remote 820
Local 914 Remote 826
Local 793 Remote 848
Local 900 Remote 822
Local 920 Remote 822
Local 759 Remote 843
Local 872 Remote 836
Local 935 Remote 823
Local 805 Remote 829
Local 842 Remote 829
Local 939 Remote 820
Local 799 Remote 824
Local 821 Remote 829
Local 943 Remote 820
Local 874 Remote 825
Local 815 Remote 833
Local 975 Remote 820
Local 904 Remote 826
Local 814 Remote 844
Local 897 Remote 821
Local 929 Remote 820
Local 811 Remote 820
Local 904 Remote 820
Local 953 Remote 821
Local 860 Remote 825
Local 831 Remote 855
Local 1000 Remote 822
Local 893 Remote 820
Local 819 Remote 820
Local 939 Remote 820
Local 948 Remote 820
Local 830 Remote 820
Local 915 Remote 820
Local 964 Remote 820
Local 888 Remote 820
Local 868 Remote 820
Local 971 Remote 820
Local 918 Remote 823
Local 881 Remote 820
Local 940 Remote 828
Local 968 Remote 820
Local 902 Remote 821
Local 934 Remote 820
Local 1009 Remote 840
Local 952 Remote 822
Local 892 Remote 820
Local 1030 Remote 820
Local 963 Remote 820
Local 915 Remote 820
Local 949 Remote 820
Local 963 Remote 820
Local 954 Remote 820
Local 942 Remote 820
Local 1027 Remote 820
Local 973 Remote 820
Local 909 Remote 820
Local 1025 Remote 820
Local 965 Remote 820
Local 901 Remote 820
Local 994 Remote 820
Local 925 Remote 820
Local 936 Remote 820
Local 999 Remote 820
Local 909 Remote 820
Local 960 Remote 820
Local 1001 Remote 820
Local 930 Remote 820
Local 927 Remote 820
Local 998 Remote 820
Local 964 Remote 820
Local 944 Remote 820
Local 1048 Remote 820
Local 964 Remote 820
Local 949 Remote 820
Local 1010 Remote 820
Local 944 Remote 820
Local 930 Remote 865
Local 1056 Remote 824
Local 994 Remote 820
Local 959 Remote 820
Local 1041 Remote 820
Local 980 Remote 820
Local 915 Remote 820
Local 1065 Remote 820
Local 971 Remote 820
Local 912 Remote 820
Local 1024 Remote 820
Local 987 Remote 820
Local 963 Remote 820
Local 1032 Remote 820
Local 959 Remote 820
Local 955 Remote 820
Local 1021 Remote 820
Local 993 Remote 820
Local 949 Remote 820
Local 1055 Remote 820
Local 978 Remote 820
Local 971 Remote 820
Local 1017 Remote 820
Local 1004 Remote 820
Local 984 Remote 820
Local 1024 Remote 820
Local 997 Remote 820
Local 969 Remote 820
Local 1008 Remote 820
Local 1021 Remote 820
Local 1013 Remote 820
Local 1039 Remote 820
Local 1024 Remote 820
Local 998 Remote 820
Local 1017 Remote 820
Local 1026 Remote 820
Local 1019 Remote 820
Local 1002 Remote 820
Local 1004 Remote 820
Local 1052 Remote 820
Local 982 Remote 820
Local 984 Remote 820
Local 1034 Remote 820
Local 1011 Remote 820
Local 1005 Remote 820
Local 1022 Remote 820
Local 1028 Remote 820
Local 1069 Remote 820
Local 1010 Remote 820
Local 991 Remote 820
Local 1017 Remote 820
Local 1018 Remote 820
Local 1020 Remote 820
Local 1048 Remote 820
Local 1025 Remote 820
Local 996 Remote 820
Local 1020 Remote 820
Local 1022 Remote 820
Local 1063 Remote 820
Local 1010 Remote 820
Local 1011 Remote 820
Local 1037 Remote 820
Local 1008 Remote 820
Local 1050 Remote 820
Local 1002 Remote 820
Local 991 Remote 820
Local 1055 Remote 820
Local 1038 Remote 820
Local 1020 Remote 820
Local 1039 Remote 820
Local 995 Remote 820
Local 1066 Remote 820
Local 1024 Remote 831
Local 1048 Remote 820
Local 1064 Remote 820
Local 1057 Remote 820
Local 1059 Remote 820
Local 1091 Remote 820
Local 1037 Remote 820
Local 1057 Remote 820
Local 1073 Remote 820
Local 1045 Remote 820
Local 1049 Remote 820
Local 1050 Remote 820
Local 1056 Remote 820
Local 1088 Remote 820
Local 1033 Remote 820
Local 1047 Remote 823
Local 1065 Remote 820
Local 1044 Remote 820
Local 1061 Remote 820
Local 1024 Remote 820
Local 1096 Remote 820
Local 1103 Remote 820
Local 1081 Remote 820
Local 1061 Remote 820
Local 1077 Remote 820
Local 1087 Remote 820
Local 1098 Remote 820
Local 1053 Remote 820
Local 1091 Remote 820
Local 1058 Remote 820
Local 1087 Remote 820
Local 1115 Remote 820
Local 1044 Remote 820
Local 1090 Remote 820
Local 1087 Remote 820
Local 1056 Remote 820
Local 1075 Remote 820
Local 1065 Remote 820
Local 1067 Remote 820
Local 1087 Remote 820
Local 1123 Remote 820
Local 1104 Remote 820
Local 1068 Remote 820
Local 1074 Remote 820
Local 1074 Remote 820
Local 1111 Remote 820
Local 1074 Remote 820
Local 1073 Remote 820
Local 1111 Remote 820
Local 1063 Remote 834
Local 1118 Remote 820
Local 1090 Remote 820
Local 1105 Remote 820
Local 1113 Remote 820
Local 1071 Remote 820
Local 1090 Remote 820
Local 1074 Remote 831
Local 1115 Remote 820
Local 1111 Remote 820
Local 1081 Remote 820
Local 1118 Remote 820
Local 1082 Remote 849
Local 1089 Remote 822
Local 1104 Remote 820
Local 1081 Remote 820
Local 1112 Remote 820
Local 1095 Remote 820
Local 1075 Remote 820
Local 1101 Remote 822
Local 1078 Remote 820
Local 1120 Remote 820
Local 1076 Remote 820
Local 1119 Remote 820
Local 1109 Remote 820
Local 1067 Remote 820
Local 1099 Remote 820
Local 1107 Remote 820
Local 1103 Remote 820
Local 1104 Remote 820
Local 1072 Remote 820
Local 1127 Remote 820
Local 1119 Remote 820
Local 1119 Remote 820
Local 1084 Remote 820
Local 1099 Remote 820
Local 1113 Remote 820
Local 1096 Remote 820
Local 1128 Remote 820
Local 1066 Remote 820
Local 1131 Remote 820
Local 1104 Remote 820
Local 1056 Remote 820
Local 1104 Remote 820
Local 1103 Remote 820
Local 1144 Remote 820
Local 1098 Remote 825
Local 1082 Remote 838
Local 1130 Remote 820
Local 1093 Remote 820
Local 1118 Remote 820
Local 1107 Remote 820
Local 1078 Remote 820
Local 1100 Remote 825
Local 1080 Remote 820
Local 1111 Remote 820
Local 1075 Remote 820
Local 1115 Remote 820
Local 1115 Remote 829
Local 1090 Remote 820
Local 1104 Remote 820
Local 1079 Remote 820
Local 1139 Remote 820
Local 1110 Remote 820
Local 1073 Remote 820
Local 1123 Remote 820
Local 1105 Remote 820
Local 1124 Remote 820
Local 1119 Remote 820
Local 1073 Remote 820
Local 1113 Remote 820
Local 1094 Remote 820
Local 1109 Remote 820
Local 1117 Remote 820
Local 1097 Remote 820
Local 1134 Remote 820
Local 1085 Remote 820
Local 1106 Remote 820
Local 1067 Remote 847
Local 1108 Remote 822
Local 1133 Remote 820
Local 1072 Remote 820
Local 1094 Remote 820
Local 1058 Remote 820
Local 1089 Remote 820
Local 1128 Remote 820
Local 1086 Remote 820
Local 1139 Remote 820
Local 1097 Remote 820
Local 1056 Remote 820
Local 1128 Remote 820
Local 1081 Remote 820
Local 1083 Remote 820
Local 1104 Remote 820
Local 1056 Remote 820
Local 1104 Remote 820
Local 1061 Remote 820
Local 1119 Remote 820
Local 1094 Remote 820
Local 1060 Remote 820
Local 1098 Remote 820
Local 1077 Remote 820
Local 1074 Remote 820
Local 1105 Remote 820
Local 1067 Remote 820
Local 1103 Remote 820
Local 1087 Remote 820
Local 1032 Remote 820
Local 1084 Remote 820
Local 1078 Remote 820
Local 1107 Remote 820
Local 1098 Remote 820
Local 1018 Remote 820
Local 1119 Remote 820
Local 1056 Remote 820
Local 1080 Remote 820
Local 1106 Remote 820
Local 1059 Remote 820
Local 1109 Remote 820
Local 1077 Remote 820
Local 1048 Remote 820
Local 1099 Remote 820
Local 1090 Remote 820
Local 1075 Remote 820
Local 1057 Remote 820
Local 999 Remote 820
Local 1109 Remote 820
Local 1049 Remote 820
Local 1020 Remote 820
Local 1073 Remote 820
Local 1052 Remote 820
Local 1070 Remote 820
Local 1119 Remote 820
Local 1039 Remote 820
Local 1089 Remote 820
Local 1072 Remote 820
Local 1014 Remote 858
Local 1076 Remote 823
Local 1054 Remote 820
Local 1119 Remote 820
Local 1075 Remote 820
Local 1023 Remote 820
Local 1120 Remote 820
Local 1055 Remote 822
Local 990 Remote 820
Local 1077 Remote 820
Local 1059 Remote 820
Local 1033 Remote 820
Local 1049 Remote 820
Local 984 Remote 820
Local 1105 Remote 820
Local 1047 Remote 820
Local 981 Remote 820
Local 1070 Remote 820
Local 1043 Remote 820
Local 1104 Remote 820
Local 1068 Remote 820
Local 1013 Remote 820
Local 1090 Remote 820
Local 1035 Remote 820
Local 986 Remote 820
Local 1018 Remote 820
Local 1037 Remote 820
Local 1084 Remote 820
Local 1064 Remote 820
Local 1005 Remote 820
Local 1071 Remote 820
Local 1028 Remote 821
Local 1004 Remote 820
Local 1048 Remote 820
Local 1015 Remote 824
Local 1093 Remote 820
Local 1036 Remote 820
Local 1000 Remote 820
Local 1055 Remote 820
Local 1038 Remote 820
Local 969 Remote 820
Local 1067 Remote 820
Local 1013 Remote 828
Local 1009 Remote 820
Local 1009 Remote 820
Local 1036 Remote 820
Local 1029 Remote 820
Local 1028 Remote 820
Local 1029 Remote 853
Local 1103 Remote 822
Local 1065 Remote 820
Local 1001 Remote 826
Local 1077 Remote 820
Local 991 Remote 820
Local 895 Remote 820
Local 1023 Remote 820
Local 1008 Remote 820
Local 984 Remote 917
Local 1051 Remote 829
Local 994 Remote 822
Local 1017 Remote 820
Local 1034 Remote 820
Local 984 Remote 820
Local 1073 Remote 820
Local 1000 Remote 824
Local 936 Remote 824
Local 1088 Remote 820
Local 1019 Remote 822
Local 943 Remote 820
Local 1070 Remote 820
Local 1029 Remote 823
Local 897 Remote 841
Local 990 Remote 821
Local 980 Remote 820
Local 1021 Remote 820
Local 1053 Remote 820
Local 937 Remote 848
Local 1089 Remote 822
Local 1013 Remote 820
Local 926 Remote 844
Local 1046 Remote 821
Local 971 Remote 820
Local 965 Remote 839
Local 1055 Remote 820
Local 937 Remote 820
Local 1095 Remote 820
Local 1001 Remote 820
Local 938 Remote 863
Local 1065 Remote 847
Local 996 Remote 824
Local 883 Remote 925
Local 1012 Remote 829
Local 973 Remote 820
Local 999 Remote 868
Local 1037 Remote 824
Local 971 Remote 839
Local 1024 Remote 820
Local 964 Remote 828
Local 938 Remote 826
Local 800 Remote 820
Local 603 Remote 820
Local 520 Remote 820
Local 484 Remote 820
Local 469 Remote 820
Local 463 Remote 820
Local 460 Remote 820
Local 460 Remote 820
Local 460 Remote 820
Local 460 Remote 820
Local 460 Remote 820
Local 460 Remote 820
Local 460 Remote 820
Local 460 Remote 820
Local 460 Remote 869
Local 460 Remote 840
Local 460 Remote 828
Local 460 Remote 823
Local 460 Remote 820
Local 460 Remote 820
Local 460 Remote 820
Local 460 Remote 838
Local 460 Remote 826
Local 460 Remote 822
Local 460 Remote 826
Local 460 Remote 822
Local 460 Remote 820
Local 460 Remote 820
Local 461 Remote 820
Local 460 Remote 820
Local 460 Remote 820
Local 460 Remote 820
Local 460 Remote 820
Local 460 Remote 871
Local 460 Remote 841
Local 478 Remote 828
Local 466 Remote 823
Local 506 Remote 820
Local 478 Remote 820
Local 466 Remote 820
Local 463 Remote 820
Local 460 Remote 820
