Generate Time:       50.64401
Build Time:          31.36369
Graph has 1073741820 nodes and 17022105300 undirected edges for degree: 15
Trial Time:          12.29213
Trial Time:          12.30008
Trial Time:          12.24198
Trial Time:          12.21368
Trial Time:          12.28510
Trial Time:          12.24341
Trial Time:          12.23600
Trial Time:          12.24231
Trial Time:          12.24380
Trial Time:          12.24127
Trial Time:          12.23892
Trial Time:          12.23992
Trial Time:          12.24155
Trial Time:          12.24148
Trial Time:          12.23877
Trial Time:          12.23755
Average Time:        12.24862
