Generate Time:       41.52434
Build Time:          29.71424
Graph has 1073741820 nodes and 17022105300 undirected edges for degree: 15
Trial Time:          12.44471
Trial Time:          12.46713
Trial Time:          12.23362
Trial Time:          11.88252
Trial Time:          12.45137
Trial Time:          12.46331
Trial Time:          12.44568
Trial Time:          12.43832
Trial Time:          12.44517
Trial Time:          12.45611
Trial Time:          12.42754
Trial Time:          12.43944
Trial Time:          12.43876
Trial Time:          12.43140
Trial Time:          12.43114
Trial Time:          12.41585
Average Time:        12.39451
