Generate Time:       50.54366
Build Time:          31.35682
Graph has 1073741820 nodes and 17022105300 undirected edges for degree: 15
Trial Time:          12.24720
Trial Time:          12.25055
Trial Time:          12.24838
Trial Time:          12.25166
Trial Time:          12.24793
Trial Time:          12.25395
Trial Time:          12.25061
Trial Time:          12.24673
Trial Time:          12.25762
Trial Time:          12.24936
Trial Time:          12.25064
Trial Time:          12.24791
Trial Time:          12.25707
Trial Time:          12.24678
Trial Time:          12.25610
Trial Time:          12.25059
Average Time:        12.25082
