nr_free_pages 724901743
nr_zone_inactive_anon 34015
nr_zone_active_anon 2168
nr_zone_inactive_file 31846
nr_zone_active_file 248074
nr_zone_unevictable 0
nr_zone_write_pending 4
nr_mlock 0
nr_bounce 0
nr_zspages 0
nr_free_cma 0
numa_hit 850765675
numa_miss 97132175
numa_foreign 97132175
numa_interleave 14488
numa_local 850660781
numa_other 97237069
nr_inactive_anon 34015
nr_active_anon 2168
nr_inactive_file 31846
nr_active_file 248074
nr_unevictable 0
nr_slab_reclaimable 32616
nr_slab_unreclaimable 103576
nr_isolated_anon 0
nr_isolated_file 0
workingset_nodes 1973
workingset_refault_anon 3015
workingset_refault_file 210721
workingset_activate_anon 66
workingset_activate_file 6663
workingset_restore_anon 0
workingset_restore_file 5008
workingset_nodereclaim 1984
nr_anon_pages 30794
nr_mapped 12468
nr_file_pages 284697
nr_dirty 4
nr_writeback 0
nr_writeback_temp 0
nr_shmem 4236
nr_shmem_hugepages 0
nr_shmem_pmdmapped 0
nr_file_hugepages 304
nr_file_pmdmapped 0
nr_anon_transparent_hugepages 18
nr_vmscan_write 410334
nr_vmscan_immediate_reclaim 0
nr_dirtied 127847
nr_written 483087
nr_throttled_written 0
nr_kernel_misc_reclaimable 0
nr_foll_pin_acquired 0
nr_foll_pin_released 0
nr_kernel_stack 22608
nr_page_table_pages 1199
nr_sec_page_table_pages 0
nr_swapcached 541
pgpromote_success 4898164
pgpromote_candidate 0
nr_dirty_threshold 289274195
nr_dirty_background_threshold 72230247
pgpgin 2695300
pgpgout 1993397
pswpin 3118
pswpout 410334
pgalloc_dma 1024
pgalloc_dma32 1024
pgalloc_normal 3506177848
pgalloc_movable 118068590
pgalloc_device 0
allocstall_dma 0
allocstall_dma32 0
allocstall_normal 0
allocstall_movable 0
allocstall_device 0
pgskip_dma 0
pgskip_dma32 0
pgskip_normal 0
pgskip_movable 0
pgskip_device 0
pgfree 4349329837
pgactivate 11461910
pgdeactivate 355254
pglazyfree 0
pgfault 997878806
pgmajfault 3068
pglazyfreed 0
pgrefill 384671
pgreuse 1801220
pgsteal_kswapd 780399
pgsteal_direct 0
pgsteal_khugepaged 0
pgdemote_kswapd 0
pgdemote_direct 0
pgdemote_khugepaged 0
pgscan_kswapd 192441946
pgscan_direct 0
pgscan_khugepaged 0
pgscan_direct_throttle 0
pgscan_anon 192064195
pgscan_file 377751
pgsteal_anon 410853
pgsteal_file 369546
zone_reclaim_failed 0
pginodesteal 0
slabs_scanned 307398
kswapd_inodesteal 2870
kswapd_low_wmark_hit_quickly 0
kswapd_high_wmark_hit_quickly 0
pageoutrun 2
pgrotated 410282
drop_pagecache 0
drop_slab 0
oom_kill 0
numa_pte_updates 101054793
numa_huge_pte_updates 197104
numa_hint_faults 330051
numa_hint_faults_local 308272
numa_pages_migrated 25830396
pgmigrate_success 25830396
pgmigrate_fail 0
thp_migration_success 50316
thp_migration_fail 0
thp_migration_split 0
compact_migrate_scanned 0
compact_free_scanned 0
compact_isolated 0
compact_stall 0
compact_fail 0
compact_success 0
compact_daemon_wake 2
compact_daemon_migrate_scanned 0
compact_daemon_free_scanned 0
htlb_buddy_alloc_success 0
htlb_buddy_alloc_fail 0
unevictable_pgs_culled 33910
unevictable_pgs_scanned 581223168
unevictable_pgs_rescued 1797
unevictable_pgs_mlocked 68
unevictable_pgs_munlocked 68
unevictable_pgs_cleared 0
unevictable_pgs_stranded 0
thp_fault_alloc 4997135
thp_fault_fallback 0
thp_fault_fallback_charge 0
thp_collapse_alloc 451
thp_collapse_alloc_failed 0
thp_file_alloc 0
thp_file_fallback 0
thp_file_fallback_charge 0
thp_file_mapped 0
thp_split_page 4
thp_split_page_failed 0
thp_deferred_split_page 1378
thp_split_pmd 1504
thp_scan_exceed_none_pte 114
thp_scan_exceed_swap_pte 2373
thp_scan_exceed_share_pte 716
thp_split_pud 0
thp_zero_page_alloc 1
thp_zero_page_alloc_failed 0
thp_swpout 8
thp_swpout_fallback 0
balloon_inflate 0
balloon_deflate 0
balloon_migrate 0
swap_ra 1606
swap_ra_hit 960
ksm_swpin_copy 0
cow_ksm 0
zswpin 0
zswpout 0
direct_map_level2_splits 414
direct_map_level3_splits 5
nr_unstable 0
