Local 476 Remote 820
Local 466 Remote 820
Local 475 Remote 820
Local 468 Remote 820
Local 509 Remote 820
Local 484 Remote 820
Local 470 Remote 820
Local 470 Remote 820
Local 463 Remote 820
Local 462 Remote 820
Local 460 Remote 820
Local 460 Remote 820
Local 530 Remote 820
Local 524 Remote 820
Local 487 Remote 820
Local 471 Remote 820
Local 502 Remote 820
Local 479 Remote 820
Local 467 Remote 820
Local 462 Remote 820
Local 460 Remote 820
Local 460 Remote 820
Local 460 Remote 820
Local 460 Remote 820
Local 485 Remote 820
Local 575 Remote 820
Local 549 Remote 863
Local 550 Remote 973
Local 646 Remote 883
Local 881 Remote 839
Local 984 Remote 825
Local 1001 Remote 820
Local 1026 Remote 820
Local 1065 Remote 820
Local 1043 Remote 820
Local 1035 Remote 899
Local 1061 Remote 844
Local 1013 Remote 826
Local 1019 Remote 821
Local 1012 Remote 820
Local 777 Remote 820
Local 947 Remote 820
Local 1010 Remote 820
Local 1017 Remote 820
Local 1013 Remote 820
Local 1011 Remote 820
Local 1022 Remote 820
Local 1018 Remote 820
Local 1009 Remote 820
Local 1031 Remote 820
Local 997 Remote 820
Local 985 Remote 820
Local 821 Remote 820
Local 846 Remote 820
Local 963 Remote 820
Local 1040 Remote 820
Local 1007 Remote 820
Local 1030 Remote 820
Local 999 Remote 820
Local 1029 Remote 820
Local 1004 Remote 820
Local 1017 Remote 820
Local 1059 Remote 820
Local 1033 Remote 820
Local 976 Remote 820
Local 810 Remote 820
Local 955 Remote 820
Local 971 Remote 820
Local 977 Remote 820
Local 999 Remote 820
Local 1020 Remote 822
Local 1029 Remote 820
Local 1010 Remote 820
Local 1011 Remote 820
Local 1025 Remote 820
Local 1049 Remote 820
Local 1036 Remote 820
Local 946 Remote 820
Local 1021 Remote 820
Local 999 Remote 820
Local 1052 Remote 820
Local 1024 Remote 820
Local 1033 Remote 820
Local 1048 Remote 820
Local 1028 Remote 820
Local 1060 Remote 820
Local 1043 Remote 826
Local 1009 Remote 821
Local 1054 Remote 820
Local 895 Remote 826
Local 987 Remote 821
Local 1054 Remote 820
Local 1022 Remote 820
Local 1013 Remote 820
Local 1030 Remote 820
Local 1041 Remote 820
Local 1038 Remote 820
Local 1019 Remote 820
Local 1031 Remote 820
Local 1023 Remote 820
Local 996 Remote 820
Local 868 Remote 820
Local 989 Remote 820
Local 1025 Remote 820
Local 996 Remote 820
Local 1034 Remote 820
Local 1038 Remote 820
Local 1015 Remote 820
Local 1017 Remote 820
Local 1064 Remote 820
Local 1033 Remote 820
Local 1041 Remote 832
Local 986 Remote 823
Local 968 Remote 820
Local 1020 Remote 820
Local 1052 Remote 820
Local 1044 Remote 820
Local 1050 Remote 820
Local 1012 Remote 820
Local 1076 Remote 820
Local 1021 Remote 820
Local 1055 Remote 820
Local 1055 Remote 820
Local 1043 Remote 820
Local 1064 Remote 820
Local 1034 Remote 820
Local 942 Remote 820
Local 1043 Remote 820
Local 1015 Remote 820
Local 1049 Remote 820
Local 1049 Remote 820
Local 1032 Remote 820
Local 1046 Remote 820
Local 1014 Remote 820
Local 1021 Remote 820
Local 1036 Remote 820
Local 1025 Remote 848
Local 999 Remote 828
Local 763 Remote 826
Local 943 Remote 821
Local 1036 Remote 851
Local 1029 Remote 829
Local 995 Remote 822
Local 1020 Remote 820
Local 1052 Remote 820
Local 1074 Remote 820
Local 1045 Remote 820
Local 1062 Remote 820
Local 997 Remote 820
Local 1042 Remote 820
Local 914 Remote 820
Local 965 Remote 835
Local 1026 Remote 824
Local 1052 Remote 820
Local 1067 Remote 829
Local 1059 Remote 822
Local 1072 Remote 838
Local 1061 Remote 824
Local 1054 Remote 820
Local 1028 Remote 820
Local 1028 Remote 820
Local 1006 Remote 820
Local 889 Remote 820
Local 888 Remote 820
Local 988 Remote 820
Local 1010 Remote 820
Local 1007 Remote 820
Local 1056 Remote 820
Local 1027 Remote 820
Local 1026 Remote 820
Local 1049 Remote 820
Local 1025 Remote 820
Local 1056 Remote 820
Local 1048 Remote 820
Local 1065 Remote 820
Local 919 Remote 820
Local 1027 Remote 820
Local 1036 Remote 820
Local 1018 Remote 820
Local 1014 Remote 820
Local 1056 Remote 820
Local 1085 Remote 820
Local 1052 Remote 820
Local 1065 Remote 820
Local 1021 Remote 820
Local 1034 Remote 820
Local 1070 Remote 820
Local 778 Remote 820
Local 950 Remote 820
Local 1010 Remote 820
Local 1013 Remote 839
Local 1026 Remote 831
Local 981 Remote 823
Local 1034 Remote 820
Local 1032 Remote 820
Local 1033 Remote 820
Local 1056 Remote 820
Local 1015 Remote 820
Local 1074 Remote 820
Local 923 Remote 820
Local 889 Remote 820
Local 984 Remote 820
Local 1009 Remote 820
Local 1052 Remote 828
Local 1069 Remote 822
Local 1031 Remote 820
Local 1051 Remote 820
Local 1012 Remote 820
Local 1026 Remote 820
Local 1015 Remote 820
Local 1019 Remote 821
Local 1038 Remote 820
Local 875 Remote 820
Local 988 Remote 820
Local 1042 Remote 820
Local 1038 Remote 820
Local 1021 Remote 820
Local 1014 Remote 820
Local 1030 Remote 820
Local 1009 Remote 820
Local 1007 Remote 820
Local 1027 Remote 820
Local 996 Remote 820
Local 1036 Remote 820
Local 763 Remote 837
Local 965 Remote 824
Local 1017 Remote 820
Local 1015 Remote 820
Local 1023 Remote 820
Local 1032 Remote 837
Local 1052 Remote 824
Local 994 Remote 820
Local 1017 Remote 820
Local 1044 Remote 820
Local 1012 Remote 820
Local 1005 Remote 820
Local 785 Remote 820
Local 942 Remote 820
Local 1026 Remote 820
Local 1044 Remote 820
Local 1052 Remote 820
Local 1057 Remote 820
Local 1024 Remote 820
Local 1004 Remote 820
Local 1005 Remote 820
Local 1017 Remote 820
Local 1047 Remote 820
Local 1076 Remote 820
Local 883 Remote 820
Local 891 Remote 820
Local 977 Remote 821
Local 994 Remote 820
Local 1030 Remote 820
Local 1000 Remote 820
Local 1052 Remote 861
Local 1035 Remote 832
Local 1025 Remote 823
Local 1019 Remote 820
Local 996 Remote 820
Local 1055 Remote 820
Local 1032 Remote 820
Local 875 Remote 820
Local 1017 Remote 820
Local 1023 Remote 820
Local 1063 Remote 820
Local 1043 Remote 820
Local 1010 Remote 820
Local 1016 Remote 820
Local 1025 Remote 820
Local 1007 Remote 820
Local 1033 Remote 820
Local 1033 Remote 820
Local 1011 Remote 820
Local 803 Remote 820
Local 992 Remote 820
Local 1037 Remote 820
Local 1035 Remote 820
Local 1013 Remote 820
Local 1045 Remote 848
Local 1028 Remote 828
Local 1033 Remote 822
Local 1036 Remote 820
Local 1021 Remote 820
Local 1035 Remote 820
Local 1022 Remote 820
Local 880 Remote 820
Local 912 Remote 820
Local 1009 Remote 820
Local 1050 Remote 820
Local 1064 Remote 820
Local 1048 Remote 820
Local 1015 Remote 820
Local 1025 Remote 820
Local 1002 Remote 820
Local 1013 Remote 832
Local 1038 Remote 823
Local 1020 Remote 820
Local 1068 Remote 820
Local 848 Remote 820
Local 971 Remote 923
Local 994 Remote 851
Local 1020 Remote 829
Local 1036 Remote 822
Local 1045 Remote 820
Local 1012 Remote 820
Local 1005 Remote 820
Local 1035 Remote 820
Local 1040 Remote 820
Local 1016 Remote 820
Local 1041 Remote 820
Local 779 Remote 820
Local 955 Remote 820
Local 1021 Remote 820
Local 1040 Remote 820
Local 1029 Remote 820
Local 996 Remote 820
Local 993 Remote 820
Local 996 Remote 820
Local 988 Remote 820
Local 1057 Remote 820
Local 1084 Remote 820
Local 1038 Remote 820
Local 889 Remote 820
Local 911 Remote 820
Local 985 Remote 820
Local 1027 Remote 820
Local 1028 Remote 820
Local 1035 Remote 820
Local 1020 Remote 820
Local 1046 Remote 820
Local 1062 Remote 820
Local 1049 Remote 820
Local 1021 Remote 820
Local 1015 Remote 820
Local 987 Remote 820
Local 955 Remote 820
Local 1017 Remote 820
Local 1021 Remote 820
Local 1051 Remote 821
Local 1075 Remote 820
Local 1005 Remote 820
Local 1019 Remote 820
Local 1032 Remote 820
Local 1049 Remote 820
Local 1031 Remote 820
Local 1020 Remote 831
Local 1033 Remote 823
Local 734 Remote 820
Local 913 Remote 849
Local 996 Remote 828
Local 1002 Remote 822
Local 1012 Remote 820
Local 993 Remote 820
Local 1054 Remote 820
Local 1070 Remote 820
Local 1044 Remote 820
Local 1052 Remote 820
Local 1049 Remote 820
Local 1029 Remote 820
Local 875 Remote 826
Local 935 Remote 822
Local 990 Remote 820
Local 1009 Remote 820
Local 1041 Remote 860
Local 1027 Remote 840
Local 1052 Remote 826
Local 1033 Remote 821
Local 1037 Remote 820
Local 1033 Remote 820
Local 1040 Remote 820
Local 1052 Remote 820
Local 1088 Remote 820
Local 852 Remote 820
Local 995 Remote 820
Local 987 Remote 820
Local 1027 Remote 820
Local 1036 Remote 820
Local 1033 Remote 820
Local 988 Remote 820
Local 1014 Remote 820
Local 1028 Remote 820
Local 1013 Remote 820
Local 1034 Remote 820
Local 1034 Remote 820
Local 803 Remote 820
Local 976 Remote 820
Local 1019 Remote 820
Local 1045 Remote 820
Local 1037 Remote 820
Local 1003 Remote 820
Local 998 Remote 820
Local 984 Remote 820
Local 1037 Remote 820
Local 1015 Remote 820
Local 1021 Remote 820
Local 998 Remote 820
Local 872 Remote 820
Local 909 Remote 820
Local 974 Remote 820
Local 1003 Remote 820
Local 1041 Remote 823
Local 1034 Remote 820
Local 1036 Remote 820
Local 1024 Remote 820
Local 1015 Remote 820
Local 1021 Remote 820
Local 995 Remote 820
Local 1032 Remote 820
Local 1015 Remote 820
Local 847 Remote 850
Local 974 Remote 829
Local 1010 Remote 822
Local 876 Remote 820
Local 635 Remote 820
Local 534 Remote 820
Local 490 Remote 820
Local 472 Remote 891
Local 483 Remote 849
Local 491 Remote 834
Local 568 Remote 825
Local 527 Remote 821
Local 550 Remote 844
Local 856 Remote 826
Local 1000 Remote 821
Local 999 Remote 820
Local 1040 Remote 820
Local 1029 Remote 820
Local 1030 Remote 820
Local 997 Remote 820
Local 994 Remote 820
Local 996 Remote 820
Local 1022 Remote 820
Local 1003 Remote 820
Local 912 Remote 820
Local 906 Remote 820
Local 959 Remote 820
Local 1050 Remote 822
Local 1034 Remote 820
Local 1008 Remote 820
Local 1039 Remote 820
Local 1025 Remote 820
Local 1042 Remote 820
Local 1040 Remote 820
Local 1017 Remote 820
Local 1019 Remote 820
Local 1027 Remote 820
Local 853 Remote 820
Local 963 Remote 820
Local 1023 Remote 820
Local 1056 Remote 820
Local 1005 Remote 820
Local 1035 Remote 820
Local 1032 Remote 820
Local 1017 Remote 820
Local 1003 Remote 820
Local 1020 Remote 820
Local 1030 Remote 820
Local 1044 Remote 820
Local 777 Remote 820
Local 967 Remote 820
Local 1009 Remote 820
Local 1043 Remote 820
Local 1015 Remote 908
Local 1004 Remote 847
Local 1035 Remote 828
Local 1026 Remote 822
Local 1023 Remote 820
Local 1035 Remote 820
Local 999 Remote 820
Local 1045 Remote 820
Local 1010 Remote 820
Local 941 Remote 820
Local 1015 Remote 820
Local 1015 Remote 820
Local 1024 Remote 820
Local 1074 Remote 820
Local 1033 Remote 820
Local 1009 Remote 820
Local 1025 Remote 820
Local 1036 Remote 820
Local 1020 Remote 820
Local 1026 Remote 820
Local 1005 Remote 820
Local 827 Remote 820
Local 916 Remote 820
Local 1017 Remote 820
Local 1011 Remote 820
Local 1005 Remote 820
Local 1093 Remote 820
Local 1039 Remote 820
Local 1055 Remote 820
Local 1036 Remote 820
Local 1029 Remote 820
Local 1019 Remote 820
Local 1045 Remote 820
Local 939 Remote 820
Local 983 Remote 820
Local 1028 Remote 824
Local 999 Remote 820
Local 1008 Remote 820
Local 983 Remote 820
Local 1035 Remote 820
Local 1002 Remote 820
Local 974 Remote 820
Local 993 Remote 827
Local 1003 Remote 821
Local 1030 Remote 820
Local 1023 Remote 852
Local 805 Remote 833
Local 939 Remote 823
Local 1004 Remote 831
Local 1005 Remote 823
Local 1014 Remote 820
Local 1008 Remote 820
Local 1053 Remote 820
Local 1038 Remote 820
Local 1046 Remote 820
Local 1030 Remote 820
Local 1037 Remote 820
Local 1012 Remote 826
Local 763 Remote 822
Local 948 Remote 820
Local 993 Remote 820
Local 1033 Remote 820
Local 1028 Remote 820
Local 1024 Remote 837
Local 1022 Remote 835
Local 1023 Remote 824
Local 1044 Remote 820
Local 994 Remote 835
Local 985 Remote 824
Local 1013 Remote 820
Local 897 Remote 820
Local 942 Remote 820
Local 1007 Remote 820
Local 1017 Remote 820
Local 1005 Remote 820
Local 1010 Remote 820
Local 1043 Remote 820
Local 1060 Remote 820
Local 1037 Remote 828
Local 1053 Remote 822
Local 1032 Remote 820
Local 1018 Remote 820
Local 1021 Remote 820
Local 847 Remote 820
Local 965 Remote 820
Local 1029 Remote 820
Local 1031 Remote 874
Local 1015 Remote 836
Local 999 Remote 824
Local 1039 Remote 820
Local 1012 Remote 820
Local 1017 Remote 820
Local 968 Remote 820
Local 988 Remote 820
Local 1013 Remote 820
Local 1034 Remote 820
Local 837 Remote 820
Local 935 Remote 820
Local 1004 Remote 820
Local 1000 Remote 820
Local 1000 Remote 820
Local 1020 Remote 820
Local 1054 Remote 820
Local 1021 Remote 820
Local 1033 Remote 820
Local 1082 Remote 820
Local 1025 Remote 820
Local 1031 Remote 820
Local 1016 Remote 820
Local 830 Remote 820
Local 978 Remote 820
Local 982 Remote 820
Local 1031 Remote 820
Local 1038 Remote 820
Local 1040 Remote 820
Local 1029 Remote 820
Local 1062 Remote 820
Local 1050 Remote 820
Local 1032 Remote 820
Local 1041 Remote 820
Local 1053 Remote 820
Local 872 Remote 820
Local 910 Remote 844
Local 995 Remote 826
Local 992 Remote 821
Local 1035 Remote 820
Local 1009 Remote 820
Local 1020 Remote 820
Local 1011 Remote 820
Local 1058 Remote 820
Local 1022 Remote 826
Local 1029 Remote 821
Local 1029 Remote 820
Local 1034 Remote 820
Local 893 Remote 820
Local 930 Remote 820
Local 1011 Remote 820
Local 1046 Remote 820
Local 1046 Remote 820
Local 1040 Remote 820
Local 1026 Remote 820
Local 1012 Remote 820
Local 1004 Remote 820
Local 1037 Remote 820
Local 1034 Remote 839
Local 1026 Remote 825
Local 1033 Remote 823
Local 1025 Remote 820
Local 858 Remote 820
Local 993 Remote 820
Local 1034 Remote 820
Local 1040 Remote 820
Local 1024 Remote 820
Local 1002 Remote 820
Local 1048 Remote 820
Local 1036 Remote 820
Local 1093 Remote 843
Local 1040 Remote 826
Local 1060 Remote 849
Local 1031 Remote 828
Local 870 Remote 822
Local 871 Remote 820
Local 990 Remote 820
Local 1004 Remote 820
Local 1029 Remote 820
Local 1026 Remote 820
Local 1034 Remote 820
Local 1025 Remote 820
Local 1039 Remote 820
Local 1064 Remote 820
Local 1041 Remote 820
Local 1018 Remote 820
Local 1021 Remote 820
Local 878 Remote 820
Local 897 Remote 820
Local 980 Remote 820
Local 1048 Remote 820
Local 1044 Remote 820
Local 1031 Remote 820
Local 1018 Remote 820
Local 1027 Remote 820
Local 991 Remote 820
Local 1035 Remote 820
Local 1101 Remote 820
Local 1069 Remote 820
Local 1061 Remote 820
Local 994 Remote 820
Local 835 Remote 820
Local 970 Remote 820
Local 1020 Remote 820
Local 1032 Remote 820
Local 1017 Remote 820
Local 1031 Remote 820
Local 1025 Remote 820
Local 1043 Remote 820
Local 1039 Remote 820
Local 1055 Remote 820
Local 1005 Remote 820
Local 1054 Remote 820
Local 898 Remote 820
Local 860 Remote 820
Local 975 Remote 820
Local 991 Remote 820
Local 1045 Remote 820
Local 1005 Remote 820
Local 1015 Remote 820
Local 1025 Remote 820
Local 1025 Remote 820
Local 1050 Remote 820
Local 1034 Remote 820
Local 1014 Remote 820
Local 1035 Remote 820
Local 982 Remote 820
Local 826 Remote 820
Local 963 Remote 820
Local 986 Remote 820
Local 1082 Remote 820
Local 1031 Remote 820
Local 1006 Remote 820
Local 1019 Remote 820
Local 1017 Remote 820
Local 1045 Remote 820
Local 1021 Remote 820
Local 1041 Remote 820
Local 1025 Remote 820
Local 861 Remote 820
Local 905 Remote 927
Local 1026 Remote 853
Local 1030 Remote 829
Local 1057 Remote 885
Local 1047 Remote 840
Local 1069 Remote 826
Local 1019 Remote 821
Local 1050 Remote 820
Local 1052 Remote 838
Local 1043 Remote 824
Local 1059 Remote 820
Local 1008 Remote 820
Local 879 Remote 1021
Local 877 Remote 904
Local 951 Remote 864
Local 1023 Remote 833
Local 1030 Remote 823
Local 1048 Remote 820
Local 1039 Remote 820
Local 1036 Remote 820
Local 1077 Remote 820
Local 1066 Remote 820
Local 1004 Remote 820
Local 1026 Remote 820
Local 1023 Remote 820
Local 894 Remote 820
Local 778 Remote 820
Local 958 Remote 820
Local 979 Remote 820
Local 985 Remote 820
Local 1004 Remote 820
Local 1003 Remote 826
Local 1009 Remote 821
Local 1040 Remote 820
Local 1031 Remote 822
Local 1047 Remote 820
Local 1047 Remote 820
Local 1039 Remote 820
Local 976 Remote 820
Local 926 Remote 820
Local 1016 Remote 830
Local 1057 Remote 822
Local 1027 Remote 820
Local 1035 Remote 820
Local 1028 Remote 820
Local 1044 Remote 820
Local 1021 Remote 820
Local 1075 Remote 820
Local 1012 Remote 842
Local 1012 Remote 826
Local 1036 Remote 821
Local 910 Remote 820
Local 907 Remote 820
Local 1009 Remote 820
Local 1051 Remote 820
Local 1069 Remote 820
Local 1027 Remote 820
Local 1027 Remote 820
Local 994 Remote 820
Local 1026 Remote 820
Local 998 Remote 820
Local 1006 Remote 820
Local 1045 Remote 820
Local 1016 Remote 820
Local 842 Remote 820
Local 859 Remote 820
Local 941 Remote 820
Local 996 Remote 820
Local 1048 Remote 820
Local 1050 Remote 820
Local 1023 Remote 820
Local 1053 Remote 820
Local 1047 Remote 820
Local 1033 Remote 820
Local 1025 Remote 820
Local 1006 Remote 820
Local 1024 Remote 820
Local 878 Remote 820
Local 892 Remote 820
Local 999 Remote 820
Local 1040 Remote 862
Local 1056 Remote 832
Local 1075 Remote 823
Local 1045 Remote 820
Local 1011 Remote 820
Local 1014 Remote 820
Local 1007 Remote 820
Local 1027 Remote 820
Local 985 Remote 846
Local 1004 Remote 827
Local 976 Remote 835
Local 814 Remote 826
Local 951 Remote 821
Local 998 Remote 822
Local 1035 Remote 820
Local 1077 Remote 820
Local 1048 Remote 820
Local 1031 Remote 820
Local 1045 Remote 820
Local 1029 Remote 820
Local 1021 Remote 820
Local 1053 Remote 820
Local 1042 Remote 835
Local 922 Remote 824
Local 871 Remote 821
Local 1021 Remote 820
Local 1015 Remote 820
Local 1036 Remote 820
Local 1025 Remote 820
Local 1016 Remote 820
Local 1013 Remote 820
Local 989 Remote 820
Local 1018 Remote 820
Local 1045 Remote 820
Local 1022 Remote 820
Local 1049 Remote 820
Local 895 Remote 820
Local 889 Remote 820
Local 994 Remote 820
Local 1023 Remote 820
Local 1064 Remote 820
Local 1040 Remote 820
Local 1035 Remote 820
Local 1027 Remote 848
Local 1008 Remote 828
Local 1032 Remote 822
Local 1045 Remote 820
Local 1031 Remote 820
Local 1031 Remote 820
Local 925 Remote 820
Local 899 Remote 820
Local 991 Remote 820
Local 1027 Remote 820
Local 877 Remote 820
Local 635 Remote 820
Local 537 Remote 820
Local 497 Remote 820
Local 576 Remote 820
Local 524 Remote 820
Local 511 Remote 866
Local 487 Remote 838
Local 522 Remote 856
Local 485 Remote 835
Local 685 Remote 826
Local 932 Remote 821
Local 987 Remote 820
Local 1024 Remote 820
Local 1038 Remote 820
Local 1024 Remote 820
Local 1026 Remote 820
Local 1055 Remote 820
Local 1060 Remote 822
Local 1036 Remote 820
Local 1035 Remote 820
Local 1007 Remote 820
Local 845 Remote 820
Local 959 Remote 820
Local 1015 Remote 820
Local 1021 Remote 820
Local 1044 Remote 820
Local 1009 Remote 820
Local 1004 Remote 820
Local 1062 Remote 820
Local 1041 Remote 820
Local 1055 Remote 820
Local 1029 Remote 820
Local 1003 Remote 820
Local 779 Remote 820
Local 930 Remote 820
Local 994 Remote 820
Local 1008 Remote 820
Local 994 Remote 820
Local 1004 Remote 820
Local 1031 Remote 820
Local 1054 Remote 820
Local 1017 Remote 820
Local 1008 Remote 820
Local 1041 Remote 863
Local 1024 Remote 833
Local 898 Remote 824
Local 915 Remote 821
Local 1004 Remote 820
Local 1053 Remote 820
Local 1049 Remote 820
Local 1001 Remote 820
Local 1035 Remote 820
Local 1010 Remote 820
Local 1027 Remote 870
Local 1023 Remote 857
Local 1025 Remote 831
Local 1028 Remote 840
Local 996 Remote 826
Local 848 Remote 822
Local 967 Remote 820
Local 1009 Remote 820
Local 1003 Remote 820
Local 1031 Remote 820
Local 1022 Remote 820
Local 1063 Remote 820
Local 1025 Remote 820
Local 1041 Remote 820
Local 1049 Remote 820
Local 1037 Remote 820
Local 1022 Remote 820
Local 776 Remote 858
Local 922 Remote 831
Local 997 Remote 823
Local 1035 Remote 820
Local 1038 Remote 820
Local 1013 Remote 820
Local 1013 Remote 820
Local 1031 Remote 820
Local 1056 Remote 820
Local 1067 Remote 820
Local 1013 Remote 820
Local 997 Remote 820
Local 905 Remote 820
Local 895 Remote 820
Local 971 Remote 820
Local 974 Remote 820
Local 1021 Remote 820
Local 1026 Remote 820
Local 1039 Remote 820
Local 1036 Remote 820
Local 1051 Remote 820
Local 1051 Remote 820
Local 1042 Remote 820
Local 1038 Remote 820
Local 1071 Remote 820
Local 761 Remote 820
Local 969 Remote 820
Local 1013 Remote 820
Local 1012 Remote 820
Local 1028 Remote 820
Local 1065 Remote 820
Local 1045 Remote 820
Local 1059 Remote 820
Local 1014 Remote 820
Local 1072 Remote 820
Local 1033 Remote 820
Local 1062 Remote 820
Local 844 Remote 838
Local 870 Remote 826
Local 956 Remote 821
Local 991 Remote 820
Local 1037 Remote 820
Local 1008 Remote 820
Local 1069 Remote 835
Local 1054 Remote 824
Local 1019 Remote 820
Local 1042 Remote 820
Local 1036 Remote 820
Local 1024 Remote 820
Local 1009 Remote 820
Local 842 Remote 820
Local 972 Remote 820
Local 1026 Remote 820
Local 1038 Remote 820
Local 1038 Remote 820
Local 1038 Remote 820
Local 1055 Remote 820
Local 1024 Remote 820
Local 1034 Remote 820
Local 1085 Remote 820
Local 1034 Remote 820
Local 1031 Remote 820
Local 782 Remote 824
Local 927 Remote 820
Local 1005 Remote 820
Local 1017 Remote 820
Local 1033 Remote 820
Local 986 Remote 820
Local 1012 Remote 820
Local 1039 Remote 820
Local 1057 Remote 820
Local 1057 Remote 820
Local 1065 Remote 832
Local 1024 Remote 823
Local 868 Remote 820
Local 893 Remote 820
Local 996 Remote 820
Local 993 Remote 820
Local 1031 Remote 820
Local 1032 Remote 830
Local 986 Remote 822
Local 1057 Remote 820
Local 1055 Remote 820
Local 1057 Remote 820
Local 1061 Remote 820
Local 1033 Remote 820
Local 1034 Remote 820
Local 908 Remote 820
Local 968 Remote 820
Local 1007 Remote 820
Local 1008 Remote 820
Local 1023 Remote 820
Local 1012 Remote 820
Local 1017 Remote 820
Local 1015 Remote 820
Local 1017 Remote 820
Local 1010 Remote 820
Local 1036 Remote 820
Local 1055 Remote 820
Local 832 Remote 820
Local 975 Remote 820
Local 992 Remote 820
Local 1001 Remote 820
Local 1054 Remote 820
Local 1047 Remote 820
Local 1045 Remote 820
Local 1052 Remote 820
Local 1061 Remote 820
Local 1061 Remote 820
Local 1095 Remote 820
Local 1052 Remote 837
Local 898 Remote 826
Local 866 Remote 826
Local 989 Remote 821
Local 1045 Remote 820
Local 1046 Remote 820
Local 1071 Remote 820
Local 1065 Remote 820
Local 1046 Remote 820
Local 1044 Remote 820
Local 1042 Remote 820
Local 1055 Remote 820
Local 1036 Remote 820
Local 1058 Remote 820
Local 854 Remote 820
Local 978 Remote 822
Local 1017 Remote 820
Local 1019 Remote 820
Local 1010 Remote 820
Local 1014 Remote 820
Local 1015 Remote 820
Local 1016 Remote 860
Local 1052 Remote 832
Local 1020 Remote 823
Local 1016 Remote 820
Local 1034 Remote 820
Local 796 Remote 841
Local 951 Remote 826
Local 999 Remote 821
Local 1015 Remote 820
Local 995 Remote 820
Local 1039 Remote 820
Local 1026 Remote 820
Local 1034 Remote 820
Local 1047 Remote 820
Local 1057 Remote 820
Local 1072 Remote 820
Local 1048 Remote 820
Local 879 Remote 820
Local 917 Remote 833
Local 976 Remote 823
Local 1036 Remote 820
Local 1044 Remote 820
Local 1056 Remote 820
Local 1013 Remote 820
Local 1030 Remote 820
Local 1066 Remote 820
Local 1030 Remote 820
Local 1068 Remote 820
Local 1021 Remote 820
Local 874 Remote 820
Local 881 Remote 820
Local 998 Remote 820
Local 1037 Remote 820
Local 1046 Remote 820
Local 1033 Remote 820
Local 1027 Remote 820
Local 1020 Remote 820
Local 1044 Remote 820
Local 1030 Remote 820
Local 1049 Remote 820
Local 1035 Remote 833
Local 1038 Remote 823
Local 848 Remote 820
Local 1001 Remote 823
Local 1021 Remote 820
Local 1045 Remote 820
Local 1046 Remote 820
Local 1032 Remote 820
Local 1022 Remote 820
Local 1032 Remote 820
Local 1026 Remote 820
Local 1038 Remote 820
Local 1029 Remote 820
Local 1064 Remote 820
Local 788 Remote 820
Local 955 Remote 820
Local 1006 Remote 820
Local 1024 Remote 820
Local 1053 Remote 820
Local 1044 Remote 820
Local 1046 Remote 820
Local 1051 Remote 820
Local 1031 Remote 820
Local 1008 Remote 820
Local 1024 Remote 820
Local 1064 Remote 820
Local 871 Remote 820
Local 875 Remote 825
Local 985 Remote 820
Local 1012 Remote 820
Local 1013 Remote 820
Local 1051 Remote 820
Local 1018 Remote 820
Local 1059 Remote 847
Local 1039 Remote 828
Local 1012 Remote 822
Local 1020 Remote 820
Local 1033 Remote 820
Local 1028 Remote 820
Local 881 Remote 820
Local 990 Remote 820
Local 1036 Remote 820
Local 1034 Remote 820
Local 1060 Remote 883
Local 1033 Remote 839
Local 1030 Remote 825
Local 1010 Remote 820
Local 1029 Remote 820
Local 1022 Remote 820
Local 1038 Remote 820
Local 1021 Remote 820
Local 883 Remote 843
Local 961 Remote 826
Local 1012 Remote 821
Local 1008 Remote 820
Local 1042 Remote 885
Local 1018 Remote 840
Local 1083 Remote 826
Local 1065 Remote 821
Local 1026 Remote 820
Local 1012 Remote 829
Local 1007 Remote 822
Local 1010 Remote 820
Local 841 Remote 820
Local 860 Remote 962
Local 993 Remote 864
Local 1014 Remote 833
Local 987 Remote 826
Local 1025 Remote 821
Local 1063 Remote 820
Local 1064 Remote 820
Local 1050 Remote 820
Local 1079 Remote 820
Local 1061 Remote 820
Local 1036 Remote 820
Local 1014 Remote 820
Local 837 Remote 820
Local 1006 Remote 820
Local 1040 Remote 820
Local 1048 Remote 820
Local 1039 Remote 820
Local 1053 Remote 820
Local 1026 Remote 820
Local 1038 Remote 820
Local 1012 Remote 820
Local 1030 Remote 820
Local 996 Remote 820
Local 1036 Remote 820
Local 769 Remote 820
Local 969 Remote 844
Local 1003 Remote 826
Local 992 Remote 821
Local 979 Remote 820
Local 1029 Remote 820
Local 1016 Remote 820
Local 1027 Remote 820
Local 1025 Remote 896
Local 1042 Remote 843
Local 1041 Remote 827
Local 1027 Remote 821
Local 811 Remote 820
Local 989 Remote 820
Local 1002 Remote 820
Local 1026 Remote 820
Local 1043 Remote 820
Local 1035 Remote 826
Local 1049 Remote 821
Local 1020 Remote 820
Local 1010 Remote 822
Local 1020 Remote 828
Local 1013 Remote 822
Local 1055 Remote 820
Local 993 Remote 820
Local 922 Remote 820
Local 1055 Remote 820
Local 1045 Remote 820
Local 1044 Remote 820
Local 1055 Remote 846
Local 1064 Remote 827
Local 1019 Remote 821
Local 1042 Remote 820
Local 1050 Remote 820
Local 1069 Remote 820
Local 1016 Remote 820
Local 1002 Remote 820
Local 922 Remote 820
Local 1007 Remote 820
Local 975 Remote 820
Local 1038 Remote 820
Local 1011 Remote 820
Local 1039 Remote 820
Local 1029 Remote 820
Local 1040 Remote 820
Local 1033 Remote 820
Local 1056 Remote 820
Local 1031 Remote 820
Local 1050 Remote 820
Local 892 Remote 820
Local 927 Remote 820
Local 999 Remote 820
Local 1024 Remote 820
Local 1044 Remote 820
Local 996 Remote 820
Local 1016 Remote 820
Local 1019 Remote 820
Local 1040 Remote 820
Local 1038 Remote 820
Local 1021 Remote 820
Local 1022 Remote 820
Local 851 Remote 820
Local 904 Remote 820
Local 1000 Remote 820
Local 1025 Remote 820
Local 781 Remote 820
Local 595 Remote 820
Local 516 Remote 820
Local 511 Remote 820
Local 498 Remote 820
Local 522 Remote 820
Local 495 Remote 820
Local 484 Remote 820
Local 587 Remote 820
Local 513 Remote 820
Local 861 Remote 820
Local 971 Remote 820
Local 1043 Remote 820
Local 1047 Remote 820
Local 1042 Remote 820
Local 1050 Remote 871
Local 1042 Remote 835
Local 1050 Remote 824
Local 1065 Remote 820
Local 1021 Remote 820
Local 1013 Remote 820
Local 869 Remote 820
Local 861 Remote 820
Local 988 Remote 820
Local 1052 Remote 820
Local 1040 Remote 835
Local 1058 Remote 824
Local 1011 Remote 820
Local 1021 Remote 820
Local 1031 Remote 820
Local 1001 Remote 820
Local 997 Remote 820
Local 1043 Remote 820
Local 1055 Remote 820
Local 891 Remote 820
Local 973 Remote 820
Local 1043 Remote 820
Local 1029 Remote 820
Local 979 Remote 820
Local 1011 Remote 820
Local 1035 Remote 820
Local 1018 Remote 820
Local 994 Remote 820
Local 1061 Remote 820
Local 1020 Remote 820
Local 1010 Remote 820
Local 910 Remote 820
Local 892 Remote 820
Local 982 Remote 820
Local 986 Remote 820
Local 1001 Remote 820
Local 990 Remote 820
Local 1053 Remote 820
Local 1035 Remote 820
Local 1025 Remote 820
Local 997 Remote 820
Local 1016 Remote 820
Local 1044 Remote 820
Local 1064 Remote 822
Local 877 Remote 820
Local 992 Remote 820
Local 1034 Remote 820
Local 1029 Remote 820
Local 1036 Remote 828
Local 1022 Remote 822
Local 1046 Remote 820
Local 1048 Remote 820
Local 1027 Remote 820
Local 1065 Remote 820
Local 1046 Remote 820
Local 1061 Remote 820
Local 904 Remote 820
Local 914 Remote 820
Local 1002 Remote 820
Local 1015 Remote 820
Local 1044 Remote 820
Local 1034 Remote 820
Local 1039 Remote 820
Local 1010 Remote 820
Local 969 Remote 820
Local 1019 Remote 820
Local 1007 Remote 825
Local 1031 Remote 820
Local 913 Remote 841
Local 896 Remote 828
Local 999 Remote 822
Local 1053 Remote 820
Local 1065 Remote 845
Local 1027 Remote 826
Local 1051 Remote 821
Local 1037 Remote 820
Local 1030 Remote 820
Local 1016 Remote 820
Local 1013 Remote 820
Local 1028 Remote 820
Local 1020 Remote 820
Local 809 Remote 820
Local 961 Remote 820
Local 1014 Remote 820
Local 994 Remote 820
Local 1023 Remote 851
Local 1007 Remote 829
Local 1023 Remote 822
Local 1004 Remote 820
Local 1000 Remote 820
Local 1030 Remote 820
Local 1024 Remote 820
Local 1035 Remote 820
Local 901 Remote 820
Local 939 Remote 820
Local 996 Remote 820
Local 1009 Remote 820
Local 1053 Remote 820
Local 1047 Remote 820
Local 1032 Remote 820
Local 998 Remote 820
Local 1025 Remote 820
Local 1015 Remote 822
Local 1066 Remote 820
Local 1050 Remote 820
Local 916 Remote 820
Local 887 Remote 820
Local 981 Remote 820
Local 1033 Remote 820
Local 1067 Remote 826
Local 1054 Remote 821
Local 1054 Remote 820
Local 1019 Remote 820
Local 996 Remote 820
Local 1051 Remote 820
Local 996 Remote 820
Local 1021 Remote 820
Local 1042 Remote 820
Local 840 Remote 820
Local 951 Remote 820
Local 1002 Remote 820
Local 1043 Remote 820
Local 1004 Remote 820
Local 1001 Remote 820
Local 994 Remote 820
Local 1031 Remote 820
Local 1022 Remote 820
Local 1038 Remote 820
Local 1022 Remote 820
Local 1027 Remote 820
Local 868 Remote 820
Local 895 Remote 856
Local 977 Remote 857
Local 1024 Remote 831
Local 1025 Remote 823
Local 1023 Remote 820
Local 1010 Remote 820
Local 1035 Remote 820
Local 1006 Remote 820
Local 1045 Remote 820
Local 1023 Remote 820
Local 1019 Remote 820
Local 1013 Remote 820
Local 861 Remote 820
Local 989 Remote 820
Local 1004 Remote 820
Local 1014 Remote 820
Local 1019 Remote 820
Local 1025 Remote 820
Local 1068 Remote 820
Local 1029 Remote 820
Local 1037 Remote 820
Local 1026 Remote 820
Local 1018 Remote 820
Local 1044 Remote 820
Local 781 Remote 820
Local 1043 Remote 820
Local 1021 Remote 820
Local 1047 Remote 820
Local 1019 Remote 820
Local 1025 Remote 820
Local 1008 Remote 820
Local 1048 Remote 820
Local 1022 Remote 820
Local 1054 Remote 820
Local 1047 Remote 820
Local 1037 Remote 820
Local 869 Remote 820
Local 914 Remote 820
Local 1000 Remote 820
Local 1048 Remote 820
Local 1033 Remote 820
Local 1046 Remote 820
Local 1068 Remote 820
Local 1070 Remote 820
Local 1053 Remote 820
Local 1042 Remote 820
Local 1083 Remote 820
Local 1059 Remote 820
Local 1054 Remote 820
Local 853 Remote 820
Local 983 Remote 820
Local 1022 Remote 820
Local 1050 Remote 821
Local 1014 Remote 820
Local 1024 Remote 820
Local 1073 Remote 820
Local 1039 Remote 820
Local 1043 Remote 820
Local 1017 Remote 820
Local 1036 Remote 823
Local 1058 Remote 820
Local 877 Remote 820
Local 961 Remote 820
Local 1007 Remote 844
Local 1058 Remote 826
Local 1026 Remote 821
Local 1047 Remote 820
Local 1031 Remote 820
Local 1009 Remote 820
Local 1009 Remote 820
Local 1013 Remote 820
Local 1016 Remote 820
Local 1046 Remote 820
Local 1032 Remote 820
Local 821 Remote 820
Local 946 Remote 820
Local 1006 Remote 838
Local 1038 Remote 824
Local 1034 Remote 820
Local 1023 Remote 863
Local 1016 Remote 833
Local 1024 Remote 823
Local 1019 Remote 820
Local 1039 Remote 820
Local 1016 Remote 820
Local 1022 Remote 820
Local 802 Remote 820
Local 940 Remote 820
Local 1007 Remote 820
Local 1012 Remote 820
Local 1065 Remote 820
Local 1059 Remote 820
Local 1040 Remote 820
Local 1047 Remote 820
Local 1038 Remote 820
Local 1061 Remote 820
Local 1021 Remote 820
Local 1053 Remote 820
Local 1030 Remote 820
Local 857 Remote 820
Local 983 Remote 820
Local 1003 Remote 820
Local 1063 Remote 820
Local 1031 Remote 820
Local 1018 Remote 833
Local 1069 Remote 823
Local 1054 Remote 820
Local 1062 Remote 820
Local 1023 Remote 820
Local 1045 Remote 820
Local 1042 Remote 820
Local 777 Remote 820
Local 977 Remote 820
Local 1016 Remote 820
Local 1034 Remote 820
Local 995 Remote 820
Local 1022 Remote 820
Local 1048 Remote 820
Local 1067 Remote 820
Local 1047 Remote 820
Local 1052 Remote 820
Local 1052 Remote 820
Local 1040 Remote 820
Local 886 Remote 820
Local 880 Remote 820
Local 981 Remote 820
Local 1013 Remote 820
Local 1037 Remote 820
Local 1044 Remote 820
Local 1031 Remote 820
Local 1011 Remote 820
Local 1039 Remote 820
Local 1026 Remote 820
Local 1075 Remote 827
Local 1031 Remote 821
Local 1042 Remote 820
Local 839 Remote 820
Local 969 Remote 820
Local 1039 Remote 820
Local 1040 Remote 820
Local 1039 Remote 820
Local 1019 Remote 820
Local 1023 Remote 820
Local 1017 Remote 820
Local 1032 Remote 820
Local 1049 Remote 820
Local 1040 Remote 820
Local 997 Remote 820
Local 970 Remote 893
Local 1001 Remote 842
Local 1043 Remote 826
Local 1043 Remote 821
Local 1019 Remote 820
Local 1017 Remote 820
Local 999 Remote 820
Local 1015 Remote 820
Local 1022 Remote 820
Local 1003 Remote 820
Local 1036 Remote 820
Local 1023 Remote 820
Local 890 Remote 820
Local 888 Remote 820
Local 955 Remote 820
Local 995 Remote 820
Local 1050 Remote 820
Local 1028 Remote 820
Local 1012 Remote 820
Local 1029 Remote 820
Local 1024 Remote 820
Local 1008 Remote 820
Local 1039 Remote 820
Local 1074 Remote 820
Local 1042 Remote 820
Local 874 Remote 820
Local 950 Remote 820
Local 1030 Remote 820
Local 1024 Remote 820
Local 1042 Remote 820
Local 1038 Remote 820
Local 1029 Remote 851
Local 1020 Remote 829
Local 1052 Remote 822
Local 1019 Remote 820
Local 1051 Remote 878
Local 1023 Remote 838
Local 797 Remote 826
Local 909 Remote 822
Local 979 Remote 820
Local 1029 Remote 820
Local 1083 Remote 820
Local 1064 Remote 820
Local 1019 Remote 820
Local 1014 Remote 820
Local 996 Remote 820
Local 1046 Remote 829
Local 1038 Remote 822
Local 1018 Remote 820
Local 984 Remote 820
Local 825 Remote 820
Local 948 Remote 820
Local 1038 Remote 820
Local 1067 Remote 820
Local 1029 Remote 820
Local 1045 Remote 820
Local 1004 Remote 820
Local 1036 Remote 820
Local 1026 Remote 820
Local 1018 Remote 820
Local 1017 Remote 820
Local 1002 Remote 838
Local 755 Remote 826
Local 954 Remote 821
Local 997 Remote 820
Local 995 Remote 820
Local 1054 Remote 820
Local 1035 Remote 820
Local 1018 Remote 820
Local 1022 Remote 820
Local 1034 Remote 820
Local 1027 Remote 820
Local 1040 Remote 826
Local 997 Remote 821
Local 855 Remote 820
Local 983 Remote 820
Local 1001 Remote 828
Local 1022 Remote 822
Local 1018 Remote 820
Local 1011 Remote 820
Local 1012 Remote 847
Local 995 Remote 828
Local 1003 Remote 822
Local 1027 Remote 820
Local 1031 Remote 820
Local 1043 Remote 820
Local 889 Remote 826
Local 865 Remote 822
Local 967 Remote 820
Local 1012 Remote 820
Local 1037 Remote 820
Local 1003 Remote 820
Local 992 Remote 820
Local 1019 Remote 820
Local 1012 Remote 820
Local 1018 Remote 820
Local 1053 Remote 820
Local 1058 Remote 820
Local 1026 Remote 826
Local 806 Remote 822
Local 934 Remote 820
Local 1000 Remote 842
Local 880 Remote 826
Local 637 Remote 822
Local 541 Remote 820
Local 493 Remote 820
Local 473 Remote 820
Local 464 Remote 820
Local 497 Remote 820
Local 475 Remote 877
Local 481 Remote 843
Local 502 Remote 886
Local 712 Remote 847
Local 970 Remote 828
Local 1012 Remote 822
Local 1039 Remote 820
Local 1017 Remote 820
Local 1033 Remote 830
Local 1029 Remote 822
Local 1046 Remote 820
Local 1055 Remote 820
Local 1063 Remote 820
Local 1067 Remote 820
Local 1008 Remote 820
Local 836 Remote 820
Local 981 Remote 820
Local 1002 Remote 820
Local 1010 Remote 820
Local 1008 Remote 820
Local 1021 Remote 820
Local 1030 Remote 820
Local 1027 Remote 820
Local 1010 Remote 820
Local 1045 Remote 820
Local 1011 Remote 820
Local 1003 Remote 820
Local 875 Remote 820
Local 998 Remote 820
Local 1007 Remote 820
Local 1017 Remote 820
Local 983 Remote 820
Local 1013 Remote 820
Local 1015 Remote 820
Local 1018 Remote 820
Local 1014 Remote 826
Local 1038 Remote 821
Local 1020 Remote 820
Local 1001 Remote 820
Local 869 Remote 820
Local 868 Remote 820
Local 1004 Remote 820
Local 1020 Remote 820
Local 1052 Remote 820
Local 1056 Remote 820
Local 1043 Remote 820
Local 1031 Remote 820
Local 1062 Remote 820
Local 1012 Remote 820
Local 1052 Remote 820
Local 1022 Remote 820
Local 1016 Remote 820
Local 842 Remote 820
Local 976 Remote 820
Local 1002 Remote 820
Local 1059 Remote 845
Local 1046 Remote 826
Local 1050 Remote 821
Local 1076 Remote 820
Local 1031 Remote 820
Local 1003 Remote 820
Local 1047 Remote 820
Local 1051 Remote 820
Local 1061 Remote 820
Local 852 Remote 820
Local 878 Remote 820
Local 998 Remote 820
Local 978 Remote 820
Local 1050 Remote 820
Local 1014 Remote 820
Local 1006 Remote 820
Local 1030 Remote 820
Local 1023 Remote 820
Local 1065 Remote 820
Local 1052 Remote 820
Local 1052 Remote 820
Local 1031 Remote 820
Local 844 Remote 820
Local 965 Remote 820
Local 1023 Remote 820
Local 1026 Remote 820
Local 1049 Remote 820
Local 1068 Remote 820
Local 1066 Remote 859
Local 1054 Remote 831
Local 1047 Remote 823
Local 1047 Remote 820
Local 1037 Remote 820
Local 1045 Remote 820
Local 784 Remote 820
Local 968 Remote 820
Local 1017 Remote 820
Local 1023 Remote 820
Local 1013 Remote 840
Local 1049 Remote 826
Local 1031 Remote 821
Local 999 Remote 820
Local 1028 Remote 820
Local 1041 Remote 820
Local 1027 Remote 820
Local 1056 Remote 820
Local 1013 Remote 820
Local 941 Remote 820
Local 997 Remote 820
Local 1027 Remote 820
Local 1022 Remote 820
Local 1036 Remote 820
Local 1022 Remote 820
Local 1066 Remote 820
Local 1031 Remote 820
Local 1038 Remote 853
Local 1030 Remote 829
Local 1006 Remote 822
Local 1031 Remote 820
Local 781 Remote 820
Local 942 Remote 820
Local 998 Remote 820
Local 1020 Remote 820
Local 1048 Remote 820
Local 1050 Remote 820
Local 1042 Remote 820
Local 1039 Remote 820
Local 1042 Remote 820
Local 1028 Remote 820
Local 1072 Remote 820
Local 1043 Remote 820
Local 888 Remote 820
Local 893 Remote 820
Local 1025 Remote 820
Local 1067 Remote 820
Local 1058 Remote 820
Local 1044 Remote 820
Local 1015 Remote 820
Local 1001 Remote 864
Local 1028 Remote 833
Local 1014 Remote 823
Local 1008 Remote 820
Local 1053 Remote 879
Local 1040 Remote 838
Local 853 Remote 826
Local 981 Remote 821
Local 1030 Remote 820
Local 1035 Remote 820
Local 1024 Remote 820
Local 1034 Remote 820
Local 1068 Remote 820
Local 1027 Remote 820
Local 1026 Remote 820
Local 1054 Remote 820
Local 1014 Remote 820
Local 1042 Remote 820
Local 842 Remote 825
Local 993 Remote 820
Local 1036 Remote 820
Local 1036 Remote 820
Local 1023 Remote 832
Local 1017 Remote 823
Local 1052 Remote 820
Local 1047 Remote 820
Local 1044 Remote 820
Local 995 Remote 820
Local 1050 Remote 820
Local 1027 Remote 820
Local 886 Remote 820
Local 906 Remote 820
Local 1011 Remote 820
Local 1046 Remote 820
Local 1008 Remote 820
Local 1050 Remote 820
Local 1045 Remote 820
Local 1048 Remote 820
Local 1048 Remote 820
Local 1022 Remote 820
Local 1023 Remote 820
Local 1067 Remote 820
Local 1027 Remote 820
Local 769 Remote 821
Local 947 Remote 820
Local 1015 Remote 820
Local 1018 Remote 820
Local 1027 Remote 820
Local 1049 Remote 820
Local 1033 Remote 820
Local 1051 Remote 820
Local 1057 Remote 820
Local 1021 Remote 820
Local 1007 Remote 820
Local 1022 Remote 820
Local 897 Remote 820
Local 906 Remote 820
Local 1005 Remote 820
Local 1020 Remote 820
Local 1034 Remote 820
Local 1021 Remote 820
Local 1069 Remote 820
Local 1043 Remote 820
Local 1004 Remote 820
Local 998 Remote 820
Local 986 Remote 820
Local 1023 Remote 820
Local 1022 Remote 820
Local 898 Remote 820
Local 976 Remote 820
Local 1020 Remote 820
Local 1038 Remote 820
Local 1066 Remote 820
Local 1055 Remote 820
Local 1054 Remote 820
Local 1054 Remote 820
Local 1009 Remote 820
Local 1017 Remote 828
Local 1011 Remote 822
Local 981 Remote 820
Local 859 Remote 820
Local 894 Remote 820
Local 966 Remote 820
Local 992 Remote 820
Local 1003 Remote 820
Local 1041 Remote 879
Local 1034 Remote 838
Local 1060 Remote 824
Local 1052 Remote 820
Local 1023 Remote 844
Local 1030 Remote 826
Local 1030 Remote 838
Local 1051 Remote 824
Local 813 Remote 821
Local 959 Remote 820
Local 996 Remote 820
Local 1029 Remote 820
Local 1019 Remote 820
Local 1030 Remote 820
Local 1078 Remote 820
Local 1036 Remote 820
Local 1026 Remote 826
Local 1091 Remote 821
Local 1066 Remote 820
Local 1107 Remote 820
Local 901 Remote 820
Local 894 Remote 820
Local 988 Remote 835
Local 1013 Remote 874
Local 1043 Remote 836
Local 1082 Remote 831
Local 1039 Remote 823
Local 1038 Remote 833
Local 1035 Remote 823
Local 1013 Remote 820
Local 998 Remote 820
Local 1007 Remote 820
Local 1057 Remote 820
Local 877 Remote 820
Local 980 Remote 820
Local 1045 Remote 820
Local 1036 Remote 820
Local 1026 Remote 820
Local 1023 Remote 820
Local 1051 Remote 820
Local 1012 Remote 820
Local 1047 Remote 820
Local 1048 Remote 820
Local 1017 Remote 820
Local 1048 Remote 820
Local 788 Remote 820
Local 931 Remote 820
Local 985 Remote 820
Local 1024 Remote 820
Local 1036 Remote 820
Local 1030 Remote 820
Local 1004 Remote 820
Local 1011 Remote 820
Local 1035 Remote 820
Local 1029 Remote 820
Local 1049 Remote 820
Local 1008 Remote 820
Local 1025 Remote 820
Local 908 Remote 820
Local 979 Remote 820
Local 1021 Remote 828
Local 1044 Remote 822
Local 1003 Remote 820
Local 1026 Remote 820
Local 1029 Remote 820
Local 1059 Remote 820
Local 1043 Remote 820
Local 1007 Remote 820
Local 1031 Remote 820
Local 1026 Remote 820
Local 802 Remote 820
Local 943 Remote 820
Local 1013 Remote 820
Local 994 Remote 820
Local 1049 Remote 820
Local 1074 Remote 820
Local 1050 Remote 820
Local 1032 Remote 820
Local 1037 Remote 822
Local 1000 Remote 820
Local 1054 Remote 820
Local 1049 Remote 820
Local 797 Remote 820
Local 976 Remote 820
Local 1014 Remote 820
Local 985 Remote 820
Local 985 Remote 836
Local 1033 Remote 824
Local 1030 Remote 820
Local 1027 Remote 820
Local 1004 Remote 832
Local 1054 Remote 823
Local 1060 Remote 820
Local 1060 Remote 820
Local 965 Remote 820
Local 1007 Remote 820
Local 1012 Remote 820
Local 1042 Remote 820
Local 1027 Remote 820
Local 1023 Remote 820
Local 1052 Remote 820
Local 1067 Remote 820
Local 1005 Remote 820
Local 1007 Remote 820
Local 1057 Remote 820
Local 1042 Remote 820
Local 893 Remote 820
Local 923 Remote 820
Local 1013 Remote 820
Local 1043 Remote 820
Local 1014 Remote 820
Local 1034 Remote 820
Local 1012 Remote 820
Local 1014 Remote 820
Local 1020 Remote 820
Local 1043 Remote 820
Local 1029 Remote 820
Local 1004 Remote 820
Local 1014 Remote 820
Local 814 Remote 820
Local 963 Remote 820
Local 1006 Remote 820
Local 1040 Remote 820
Local 1002 Remote 820
Local 1001 Remote 820
Local 1030 Remote 820
Local 1044 Remote 820
Local 1024 Remote 820
Local 1057 Remote 867
Local 1070 Remote 834
Local 1038 Remote 826
Local 901 Remote 822
Local 910 Remote 820
Local 997 Remote 820
Local 1039 Remote 820
Local 1036 Remote 829
Local 1052 Remote 822
Local 1026 Remote 820
Local 1041 Remote 820
Local 1030 Remote 820
Local 1031 Remote 872
Local 1044 Remote 835
Local 1017 Remote 824
Local 1031 Remote 820
Local 949 Remote 820
Local 1031 Remote 820
Local 1024 Remote 820
Local 1044 Remote 820
Local 1038 Remote 820
Local 1053 Remote 820
Local 1046 Remote 836
Local 1025 Remote 824
Local 1036 Remote 820
Local 1029 Remote 820
Local 1027 Remote 820
Local 1032 Remote 820
Local 868 Remote 820
Local 891 Remote 820
Local 987 Remote 820
Local 1022 Remote 820
Local 1027 Remote 820
Local 1049 Remote 820
Local 1025 Remote 820
Local 1025 Remote 820
Local 1028 Remote 820
Local 1001 Remote 820
Local 1039 Remote 820
Local 1006 Remote 820
Local 1006 Remote 820
Local 840 Remote 820
Local 979 Remote 820
Local 984 Remote 820
Local 864 Remote 820
Local 630 Remote 820
Local 531 Remote 820
Local 489 Remote 820
Local 471 Remote 820
Local 464 Remote 820
Local 461 Remote 820
Local 462 Remote 890
Local 460 Remote 849
Local 502 Remote 831
Local 491 Remote 824
Local 472 Remote 821
Local 464 Remote 820
Local 461 Remote 820
Local 460 Remote 820
Local 460 Remote 820
Local 460 Remote 820
Local 460 Remote 820
Local 460 Remote 820
Local 460 Remote 820
Local 500 Remote 820
Local 476 Remote 827
Local 466 Remote 822
Local 462 Remote 820
Local 488 Remote 820
Local 471 Remote 820
Local 466 Remote 820
Local 462 Remote 820
Local 460 Remote 820
Local 488 Remote 820
Local 511 Remote 820
Local 481 Remote 820
Local 477 Remote 843
Local 481 Remote 829
Local 468 Remote 823
Local 463 Remote 820
Local 460 Remote 820
