Local 464 Remote 820
Local 658 Remote 820
Local 550 Remote 820
Local 497 Remote 820
Local 475 Remote 824
Local 501 Remote 834
Local 476 Remote 825
Local 466 Remote 821
Local 468 Remote 820
Local 464 Remote 820
Local 461 Remote 820
Local 460 Remote 820
Local 460 Remote 820
Local 469 Remote 820
Local 463 Remote 820
Local 460 Remote 820
Local 482 Remote 826
Local 469 Remote 822
Local 463 Remote 820
Local 460 Remote 820
Local 460 Remote 820
Local 460 Remote 820
Local 548 Remote 820
Local 717 Remote 860
Local 708 Remote 829
Local 790 Remote 856
Local 707 Remote 828
Local 756 Remote 831
Local 719 Remote 823
Local 657 Remote 820
Local 738 Remote 822
Local 669 Remote 820
Local 633 Remote 820
Local 627 Remote 820
Local 627 Remote 820
Local 708 Remote 820
Local 637 Remote 836
Local 695 Remote 829
Local 752 Remote 984
Local 684 Remote 858
Local 655 Remote 828
Local 646 Remote 861
Local 681 Remote 840
Local 647 Remote 826
Local 713 Remote 820
Local 643 Remote 820
Local 573 Remote 820
Local 661 Remote 820
Local 926 Remote 1009
Local 734 Remote 863
Local 725 Remote 829
Local 662 Remote 823
Local 694 Remote 820
Local 673 Remote 820
Local 789 Remote 820
Local 701 Remote 820
Local 685 Remote 820
Local 766 Remote 854
Local 1006 Remote 844
Local 764 Remote 824
Local 740 Remote 820
Local 645 Remote 820
Local 677 Remote 820
Local 765 Remote 820
Local 674 Remote 820
Local 668 Remote 820
Local 640 Remote 826
Local 613 Remote 820
Local 663 Remote 820
Local 695 Remote 820
Local 728 Remote 820
Local 681 Remote 820
Local 686 Remote 820
Local 634 Remote 820
Local 648 Remote 820
Local 661 Remote 820
Local 689 Remote 820
Local 829 Remote 820
Local 708 Remote 820
Local 693 Remote 820
Local 693 Remote 820
Local 1114 Remote 820
Local 819 Remote 820
Local 721 Remote 820
Local 598 Remote 820
Local 677 Remote 820
Local 671 Remote 820
Local 672 Remote 820
Local 670 Remote 820
Local 665 Remote 820
Local 683 Remote 820
Local 700 Remote 823
Local 617 Remote 885
Local 682 Remote 835
Local 686 Remote 825
Local 1219 Remote 844
Local 767 Remote 824
Local 709 Remote 820
Local 771 Remote 820
Local 654 Remote 820
Local 680 Remote 820
Local 686 Remote 822
Local 728 Remote 846
Local 655 Remote 825
Local 677 Remote 820
Local 665 Remote 820
Local 589 Remote 820
Local 613 Remote 834
Local 663 Remote 822
Local 702 Remote 820
Local 609 Remote 826
Local 669 Remote 820
Local 682 Remote 820
Local 709 Remote 820
Local 632 Remote 820
Local 645 Remote 820
Local 678 Remote 820
Local 692 Remote 820
Local 572 Remote 820
Local 653 Remote 820
Local 671 Remote 820
Local 738 Remote 3044
Local 680 Remote 1376
Local 689 Remote 951
Local 693 Remote 850
Local 626 Remote 826
Local 674 Remote 853
Local 690 Remote 826
Local 685 Remote 820
Local 1176 Remote 820
Local 789 Remote 829
Local 715 Remote 821
Local 692 Remote 820
Local 769 Remote 841
Local 681 Remote 824
Local 699 Remote 820
Local 686 Remote 820
Local 635 Remote 856
Local 641 Remote 828
Local 672 Remote 821
Local 681 Remote 820
Local 635 Remote 820
Local 643 Remote 820
Local 676 Remote 820
Local 683 Remote 820
Local 696 Remote 820
Local 654 Remote 820
Local 680 Remote 820
Local 680 Remote 820
Local 749 Remote 820
Local 679 Remote 820
Local 700 Remote 820
Local 690 Remote 820
Local 1012 Remote 820
Local 741 Remote 862
Local 689 Remote 829
Local 683 Remote 821
Local 592 Remote 1030
Local 622 Remote 868
Local 656 Remote 831
Local 660 Remote 822
Local 609 Remote 820
Local 648 Remote 820
Local 661 Remote 820
Local 687 Remote 820
Local 640 Remote 820
Local 682 Remote 820
Local 683 Remote 820
Local 594 Remote 820
Local 627 Remote 820
Local 672 Remote 820
Local 668 Remote 820
Local 639 Remote 820
Local 665 Remote 820
Local 654 Remote 820
Local 690 Remote 820
Local 579 Remote 820
Local 640 Remote 862
Local 700 Remote 829
Local 898 Remote 895
Local 636 Remote 837
Local 673 Remote 823
Local 690 Remote 820
Local 606 Remote 820
Local 674 Remote 820
Local 681 Remote 820
Local 706 Remote 820
Local 672 Remote 820
Local 688 Remote 820
Local 687 Remote 820
Local 716 Remote 883
Local 685 Remote 834
Local 669 Remote 822
Local 745 Remote 820
Local 557 Remote 820
Local 659 Remote 820
Local 655 Remote 820
Local 628 Remote 1057
Local 655 Remote 875
Local 670 Remote 832
Local 677 Remote 822
Local 575 Remote 929
Local 661 Remote 844
Local 668 Remote 824
Local 877 Remote 975
Local 628 Remote 856
Local 657 Remote 828
Local 657 Remote 821
Local 913 Remote 820
Local 784 Remote 820
Local 698 Remote 820
Local 683 Remote 820
Local 661 Remote 820
Local 671 Remote 820
Local 676 Remote 820
Local 884 Remote 820
Local 685 Remote 855
Local 680 Remote 827
Local 674 Remote 820
Local 612 Remote 820
Local 685 Remote 820
Local 678 Remote 820
Local 631 Remote 820
Local 659 Remote 820
Local 670 Remote 820
Local 691 Remote 820
Local 645 Remote 858
Local 669 Remote 909
Local 685 Remote 840
Local 715 Remote 824
Local 639 Remote 820
Local 676 Remote 820
Local 653 Remote 820
Local 607 Remote 829
Local 644 Remote 824
Local 674 Remote 820
Local 687 Remote 820
Local 615 Remote 823
Local 678 Remote 829
Local 661 Remote 821
Local 719 Remote 849
Local 674 Remote 826
Local 687 Remote 820
Local 677 Remote 820
Local 640 Remote 820
Local 631 Remote 820
Local 654 Remote 820
Local 664 Remote 820
Local 553 Remote 824
Local 633 Remote 820
Local 669 Remote 820
Local 707 Remote 820
Local 617 Remote 1021
Local 681 Remote 867
Local 693 Remote 830
Local 740 Remote 822
Local 692 Remote 820
Local 674 Remote 825
Local 669 Remote 820
Local 670 Remote 940
Local 846 Remote 847
Local 728 Remote 826
Local 707 Remote 1042
Local 708 Remote 887
Local 693 Remote 837
Local 687 Remote 823
Local 962 Remote 850
Local 764 Remote 826
Local 690 Remote 820
Local 620 Remote 820
Local 629 Remote 820
Local 655 Remote 821
Local 690 Remote 820
Local 636 Remote 946
Local 655 Remote 864
Local 659 Remote 829
Local 649 Remote 821
Local 704 Remote 820
Local 708 Remote 820
Local 698 Remote 820
Local 622 Remote 820
Local 618 Remote 844
Local 662 Remote 824
Local 678 Remote 820
Local 704 Remote 820
Local 678 Remote 820
Local 670 Remote 820
Local 939 Remote 820
Local 688 Remote 825
Local 680 Remote 820
Local 686 Remote 820
Local 1034 Remote 1342
Local 725 Remote 1002
Local 681 Remote 862
Local 705 Remote 829
Local 575 Remote 821
Local 677 Remote 820
Local 697 Remote 820
Local 803 Remote 820
Local 758 Remote 820
Local 689 Remote 820
Local 619 Remote 908
Local 658 Remote 840
Local 640 Remote 826
Local 650 Remote 820
Local 769 Remote 820
Local 628 Remote 820
Local 601 Remote 823
Local 582 Remote 820
Local 603 Remote 820
Local 609 Remote 820
Local 642 Remote 820
Local 644 Remote 820
Local 687 Remote 820
Local 595 Remote 821
Local 649 Remote 820
Local 606 Remote 820
Local 794 Remote 851
Local 701 Remote 826
Local 574 Remote 912
Local 605 Remote 841
Local 936 Remote 827
Local 836 Remote 820
Local 689 Remote 820
Local 610 Remote 820
Local 594 Remote 835
Local 650 Remote 823
Local 616 Remote 820
Local 595 Remote 820
Local 643 Remote 820
Local 648 Remote 820
Local 615 Remote 820
Local 656 Remote 821
Local 706 Remote 820
Local 632 Remote 903
Local 650 Remote 838
Local 622 Remote 824
Local 608 Remote 820
Local 654 Remote 820
Local 626 Remote 820
Local 594 Remote 820
Local 634 Remote 820
Local 662 Remote 820
Local 559 Remote 820
Local 604 Remote 820
Local 648 Remote 820
Local 620 Remote 820
Local 657 Remote 820
Local 661 Remote 820
Local 698 Remote 887
Local 676 Remote 835
Local 669 Remote 823
Local 678 Remote 820
Local 758 Remote 859
Local 676 Remote 828
Local 660 Remote 823
Local 775 Remote 820
Local 685 Remote 822
Local 667 Remote 820
Local 752 Remote 820
Local 675 Remote 868
Local 658 Remote 831
Local 739 Remote 850
Local 620 Remote 826
Local 661 Remote 820
Local 670 Remote 831
Local 559 Remote 823
Local 644 Remote 820
Local 648 Remote 820
Local 795 Remote 903
Local 780 Remote 838
Local 695 Remote 823
Local 743 Remote 832
Local 652 Remote 822
Local 666 Remote 820
Local 661 Remote 820
Local 562 Remote 839
Local 685 Remote 823
Local 667 Remote 820
Local 749 Remote 820
Local 661 Remote 820
Local 635 Remote 820
Local 649 Remote 820
Local 617 Remote 820
Local 655 Remote 820
Local 697 Remote 820
Local 564 Remote 889
Local 642 Remote 835
Local 661 Remote 823
Local 593 Remote 820
Local 636 Remote 820
Local 653 Remote 820
Local 659 Remote 820
Local 588 Remote 820
Local 657 Remote 820
Local 662 Remote 820
Local 602 Remote 820
Local 638 Remote 908
Local 666 Remote 840
Local 659 Remote 824
Local 590 Remote 820
Local 704 Remote 820
Local 649 Remote 820
Local 651 Remote 820
Local 631 Remote 820
Local 666 Remote 820
Local 647 Remote 820
Local 598 Remote 820
Local 645 Remote 820
Local 644 Remote 820
Local 609 Remote 820
Local 588 Remote 820
Local 647 Remote 820
Local 655 Remote 820
Local 634 Remote 820
Local 669 Remote 889
Local 650 Remote 835
Local 658 Remote 823
Local 743 Remote 857
Local 694 Remote 828
Local 673 Remote 821
Local 633 Remote 820
Local 611 Remote 820
Local 658 Remote 820
Local 658 Remote 820
Local 585 Remote 820
Local 623 Remote 820
Local 648 Remote 820
Local 685 Remote 823
Local 535 Remote 826
Local 651 Remote 823
Local 662 Remote 820
Local 640 Remote 875
Local 641 Remote 832
Local 654 Remote 822
Local 659 Remote 820
Local 550 Remote 820
Local 645 Remote 823
Local 654 Remote 820
Local 652 Remote 820
Local 642 Remote 820
Local 647 Remote 820
Local 649 Remote 820
Local 736 Remote 1004
Local 678 Remote 862
Local 650 Remote 829
Local 643 Remote 827
Local 629 Remote 820
Local 636 Remote 820
Local 651 Remote 820
Local 635 Remote 834
Local 661 Remote 822
Local 645 Remote 820
Local 650 Remote 820
Local 657 Remote 820
Local 654 Remote 820
Local 663 Remote 820
Local 583 Remote 820
Local 637 Remote 821
Local 647 Remote 820
Local 610 Remote 820
Local 672 Remote 820
Local 665 Remote 820
Local 664 Remote 820
Local 672 Remote 820
Local 649 Remote 820
Local 637 Remote 820
Local 1364 Remote 829
Local 779 Remote 821
Local 694 Remote 820
Local 681 Remote 820
Local 639 Remote 820
Local 667 Remote 820
Local 645 Remote 820
Local 597 Remote 820
Local 647 Remote 820
Local 653 Remote 820
Local 830 Remote 920
Local 665 Remote 843
Local 663 Remote 824
Local 866 Remote 939
Local 718 Remote 847
Local 684 Remote 826
Local 675 Remote 820
Local 624 Remote 824
Local 658 Remote 820
Local 652 Remote 820
Local 1037 Remote 820
Local 720 Remote 895
Local 671 Remote 837
Local 770 Remote 823
Local 636 Remote 858
Local 649 Remote 828
Local 652 Remote 821
Local 538 Remote 820
Local 627 Remote 820
Local 644 Remote 820
Local 849 Remote 907
Local 722 Remote 840
Local 678 Remote 824
Local 654 Remote 820
Local 644 Remote 820
Local 649 Remote 820
Local 657 Remote 820
Local 567 Remote 827
Local 637 Remote 820
Local 662 Remote 820
Local 618 Remote 820
Local 626 Remote 820
Local 644 Remote 820
Local 624 Remote 820
Local 597 Remote 820
Local 639 Remote 820
Local 742 Remote 820
Local 611 Remote 824
Local 670 Remote 820
Local 668 Remote 820
Local 586 Remote 820
Local 676 Remote 820
Local 669 Remote 820
Local 636 Remote 820
Local 620 Remote 876
Local 655 Remote 832
Local 659 Remote 822
Local 682 Remote 959
Local 680 Remote 852
Local 673 Remote 826
Local 549 Remote 820
Local 619 Remote 820
Local 636 Remote 820
Local 673 Remote 836
Local 638 Remote 823
Local 660 Remote 820
Local 645 Remote 820
Local 615 Remote 820
Local 654 Remote 820
Local 665 Remote 820
Local 572 Remote 868
Local 670 Remote 831
Local 678 Remote 822
Local 741 Remote 820
Local 666 Remote 820
Local 664 Remote 820
Local 711 Remote 824
Local 654 Remote 820
Local 666 Remote 820
Local 667 Remote 820
Local 607 Remote 820
Local 630 Remote 820
Local 641 Remote 820
Local 792 Remote 820
Local 657 Remote 820
Local 659 Remote 820
Local 708 Remote 820
Local 585 Remote 820
Local 650 Remote 820
Local 654 Remote 820
Local 599 Remote 820
Local 518 Remote 820
Local 484 Remote 841
Local 469 Remote 828
Local 463 Remote 823
Local 467 Remote 820
Local 844 Remote 839
Local 759 Remote 868
Local 681 Remote 831
Local 705 Remote 831
Local 710 Remote 855
Local 660 Remote 922
Local 675 Remote 843
Local 693 Remote 857
Local 680 Remote 850
Local 720 Remote 840
Local 824 Remote 853
Local 605 Remote 826
Local 646 Remote 898
Local 554 Remote 838
Local 698 Remote 882
Local 604 Remote 838
Local 632 Remote 863
Local 777 Remote 864
Local 707 Remote 829
Local 722 Remote 842
Local 858 Remote 1028
Local 691 Remote 875
Local 708 Remote 847
Local 631 Remote 889
Local 654 Remote 927
Local 708 Remote 880
Local 839 Remote 838
Local 710 Remote 850
Local 729 Remote 829
Local 672 Remote 834
Local 608 Remote 822
Local 725 Remote 842
Local 815 Remote 824
Local 683 Remote 904
Local 741 Remote 856
Local 670 Remote 832
Local 898 Remote 833
Local 766 Remote 853
Local 761 Remote 863
Local 764 Remote 833
Local 746 Remote 826
Local 716 Remote 825
Local 641 Remote 820
Local 686 Remote 866
Local 710 Remote 880
Local 746 Remote 897
Local 629 Remote 869
Local 704 Remote 831
Local 707 Remote 826
Local 737 Remote 868
Local 617 Remote 831
Local 708 Remote 856
Local 734 Remote 849
Local 637 Remote 829
Local 652 Remote 821
Local 721 Remote 837
Local 708 Remote 867
Local 871 Remote 1058
Local 658 Remote 875
Local 715 Remote 865
Local 710 Remote 855
Local 1483 Remote 853
Local 837 Remote 844
Local 743 Remote 841
Local 732 Remote 825
Local 734 Remote 917
Local 678 Remote 842
Local 687 Remote 824
Local 694 Remote 820
Local 569 Remote 820
Local 651 Remote 820
Local 682 Remote 829
Local 1033 Remote 821
Local 727 Remote 898
Local 686 Remote 838
Local 686 Remote 847
Local 605 Remote 829
Local 650 Remote 821
Local 656 Remote 820
Local 684 Remote 820
Local 622 Remote 820
Local 684 Remote 823
Local 687 Remote 876
Local 998 Remote 883
Local 716 Remote 834
Local 679 Remote 822
Local 680 Remote 820
Local 611 Remote 820
Local 664 Remote 820
Local 668 Remote 841
Local 631 Remote 837
Local 687 Remote 823
Local 698 Remote 820
Local 671 Remote 820
Local 633 Remote 820
Local 604 Remote 820
Local 677 Remote 820
Local 667 Remote 820
Local 658 Remote 838
Local 606 Remote 823
Local 675 Remote 840
Local 674 Remote 824
Local 738 Remote 876
Local 620 Remote 832
Local 694 Remote 822
Local 688 Remote 826
Local 845 Remote 821
Local 679 Remote 820
Local 674 Remote 835
Local 698 Remote 833
Local 903 Remote 884
Local 679 Remote 835
Local 704 Remote 823
Local 694 Remote 831
Local 682 Remote 865
Local 649 Remote 829
Local 686 Remote 851
Local 704 Remote 841
Local 829 Remote 826
Local 668 Remote 822
Local 695 Remote 820
Local 661 Remote 826
Local 834 Remote 919
Local 659 Remote 842
Local 678 Remote 824
Local 668 Remote 820
Local 661 Remote 820
Local 1210 Remote 887
Local 807 Remote 835
Local 702 Remote 824
Local 706 Remote 820
Local 615 Remote 854
Local 677 Remote 826
Local 688 Remote 837
Local 671 Remote 824
Local 700 Remote 820
Local 704 Remote 820
Local 695 Remote 820
Local 701 Remote 820
Local 693 Remote 820
Local 692 Remote 839
Local 688 Remote 823
Local 643 Remote 820
Local 607 Remote 913
Local 647 Remote 841
Local 674 Remote 873
Local 585 Remote 853
Local 619 Remote 826
Local 652 Remote 820
Local 662 Remote 854
Local 568 Remote 972
Local 644 Remote 855
Local 670 Remote 827
Local 670 Remote 843
Local 611 Remote 843
Local 670 Remote 824
Local 693 Remote 820
Local 696 Remote 848
Local 584 Remote 1295
Local 652 Remote 932
Local 680 Remote 846
Local 631 Remote 841
Local 652 Remote 824
Local 665 Remote 820
Local 655 Remote 820
Local 633 Remote 938
Local 618 Remote 850
Local 670 Remote 839
Local 702 Remote 823
Local 722 Remote 820
Local 691 Remote 834
Local 690 Remote 822
Local 729 Remote 820
Local 554 Remote 820
Local 647 Remote 867
Local 685 Remote 830
Local 898 Remote 844
Local 677 Remote 824
Local 669 Remote 820
Local 693 Remote 830
Local 620 Remote 831
Local 650 Remote 822
Local 663 Remote 827
Local 707 Remote 820
Local 624 Remote 820
Local 684 Remote 820
Local 686 Remote 831
Local 861 Remote 826
Local 772 Remote 820
Local 717 Remote 820
Local 712 Remote 829
Local 736 Remote 830
Local 717 Remote 821
Local 685 Remote 820
Local 692 Remote 846
Local 685 Remote 840
Local 686 Remote 826
Local 684 Remote 855
Local 634 Remote 830
Local 598 Remote 821
Local 669 Remote 820
Local 681 Remote 833
Local 608 Remote 825
Local 762 Remote 820
Local 699 Remote 834
Local 689 Remote 846
Local 558 Remote 831
Local 654 Remote 824
Local 684 Remote 829
Local 626 Remote 824
Local 624 Remote 820
Local 675 Remote 820
Local 685 Remote 831
Local 610 Remote 823
Local 649 Remote 820
Local 685 Remote 820
Local 682 Remote 822
Local 571 Remote 820
Local 656 Remote 820
Local 670 Remote 820
Local 846 Remote 1009
Local 712 Remote 866
Local 704 Remote 829
Local 671 Remote 823
Local 595 Remote 844
Local 635 Remote 824
Local 693 Remote 848
Local 695 Remote 826
Local 633 Remote 821
Local 663 Remote 820
Local 672 Remote 820
Local 630 Remote 820
Local 581 Remote 885
Local 681 Remote 835
Local 666 Remote 827
Local 778 Remote 829
Local 663 Remote 821
Local 679 Remote 829
Local 670 Remote 838
Local 595 Remote 833
Local 648 Remote 822
Local 680 Remote 820
Local 716 Remote 840
Local 571 Remote 824
Local 670 Remote 828
Local 682 Remote 821
Local 661 Remote 849
Local 635 Remote 826
Local 688 Remote 843
Local 683 Remote 828
Local 889 Remote 924
Local 679 Remote 844
Local 672 Remote 825
Local 680 Remote 820
Local 598 Remote 844
Local 642 Remote 824
Local 687 Remote 833
Local 666 Remote 829
Local 594 Remote 822
Local 670 Remote 822
Local 682 Remote 820
Local 683 Remote 820
Local 620 Remote 820
Local 664 Remote 820
Local 692 Remote 820
Local 1207 Remote 820
Local 761 Remote 828
Local 727 Remote 821
Local 684 Remote 820
Local 702 Remote 822
Local 665 Remote 820
Local 678 Remote 842
Local 671 Remote 824
Local 667 Remote 820
Local 681 Remote 822
Local 676 Remote 820
Local 599 Remote 820
Local 673 Remote 820
Local 687 Remote 820
Local 693 Remote 820
Local 649 Remote 844
Local 666 Remote 824
Local 675 Remote 824
Local 693 Remote 859
Local 631 Remote 835
Local 665 Remote 823
Local 638 Remote 820
Local 579 Remote 820
Local 651 Remote 823
Local 610 Remote 831
Local 622 Remote 823
Local 725 Remote 820
Local 652 Remote 820
Local 607 Remote 820
Local 735 Remote 825
Local 541 Remote 820
Local 667 Remote 820
Local 596 Remote 968
Local 630 Remote 854
Local 766 Remote 829
Local 626 Remote 821
Local 658 Remote 820
Local 708 Remote 865
Local 665 Remote 829
Local 1065 Remote 830
Local 700 Remote 821
Local 697 Remote 820
Local 675 Remote 820
Local 683 Remote 832
Local 700 Remote 822
Local 702 Remote 820
Local 698 Remote 820
Local 694 Remote 820
Local 791 Remote 885
Local 691 Remote 835
Local 680 Remote 825
Local 650 Remote 842
Local 641 Remote 826
Local 681 Remote 843
Local 720 Remote 835
Local 878 Remote 823
Local 726 Remote 820
Local 709 Remote 820
Local 585 Remote 820
Local 666 Remote 820
Local 665 Remote 820
Local 514 Remote 820
Local 664 Remote 844
Local 667 Remote 825
Local 772 Remote 1112
Local 694 Remote 889
Local 679 Remote 835
Local 723 Remote 823
Local 673 Remote 820
Local 662 Remote 820
Local 666 Remote 833
Local 602 Remote 823
Local 602 Remote 820
Local 657 Remote 820
Local 637 Remote 820
Local 581 Remote 820
Local 649 Remote 820
Local 684 Remote 820
Local 720 Remote 829
Local 539 Remote 821
Local 684 Remote 820
Local 676 Remote 820
Local 648 Remote 820
Local 622 Remote 823
Local 675 Remote 832
Local 649 Remote 829
Local 621 Remote 822
Local 624 Remote 820
Local 662 Remote 820
Local 659 Remote 828
Local 578 Remote 822
Local 640 Remote 820
Local 687 Remote 821
Local 976 Remote 1357
Local 658 Remote 988
Local 682 Remote 870
Local 665 Remote 831
Local 676 Remote 823
Local 612 Remote 820
Local 657 Remote 820
Local 666 Remote 820
Local 835 Remote 907
Local 659 Remote 840
Local 661 Remote 838
Local 685 Remote 823
Local 562 Remote 820
Local 633 Remote 822
Local 679 Remote 820
Local 746 Remote 820
Local 552 Remote 820
Local 679 Remote 820
Local 675 Remote 820
Local 787 Remote 835
Local 696 Remote 823
Local 686 Remote 820
Local 684 Remote 829
Local 572 Remote 829
Local 642 Remote 880
Local 647 Remote 833
Local 674 Remote 822
Local 754 Remote 820
Local 707 Remote 820
Local 681 Remote 820
Local 676 Remote 820
Local 624 Remote 820
Local 639 Remote 820
Local 677 Remote 820
Local 660 Remote 820
Local 616 Remote 820
Local 725 Remote 820
Local 675 Remote 820
Local 673 Remote 820
Local 563 Remote 820
Local 668 Remote 822
Local 680 Remote 820
Local 700 Remote 820
Local 600 Remote 820
Local 659 Remote 820
Local 674 Remote 820
Local 660 Remote 820
Local 593 Remote 820
Local 711 Remote 820
Local 687 Remote 839
Local 696 Remote 823
Local 606 Remote 820
Local 662 Remote 820
Local 660 Remote 820
Local 679 Remote 843
Local 850 Remote 826
Local 724 Remote 823
Local 690 Remote 820
Local 690 Remote 820
Local 534 Remote 820
Local 699 Remote 820
Local 680 Remote 820
Local 673 Remote 820
Local 595 Remote 919
Local 661 Remote 842
Local 670 Remote 824
Local 670 Remote 820
Local 782 Remote 820
Local 698 Remote 822
Local 674 Remote 820
Local 697 Remote 820
Local 605 Remote 841
Local 639 Remote 828
Local 663 Remote 821
Local 676 Remote 820
Local 596 Remote 979
Local 655 Remote 856
Local 678 Remote 831
Local 667 Remote 822
Local 705 Remote 822
Local 684 Remote 820
Local 671 Remote 820
Local 686 Remote 820
Local 690 Remote 920
Local 646 Remote 860
Local 667 Remote 829
Local 688 Remote 821
Local 634 Remote 820
Local 620 Remote 820
Local 666 Remote 820
Local 678 Remote 840
Local 592 Remote 826
Local 658 Remote 820
Local 675 Remote 820
Local 681 Remote 820
Local 728 Remote 820
Local 686 Remote 825
Local 687 Remote 828
Local 686 Remote 845
Local 587 Remote 834
Local 636 Remote 822
Local 657 Remote 820
Local 678 Remote 820
Local 620 Remote 840
Local 684 Remote 824
Local 692 Remote 820
Local 771 Remote 1978
Local 874 Remote 1094
Local 755 Remote 883
Local 700 Remote 834
Local 663 Remote 860
Local 667 Remote 836
Local 671 Remote 823
Local 873 Remote 820
Local 764 Remote 820
Local 691 Remote 820
Local 669 Remote 824
Local 656 Remote 832
Local 660 Remote 831
Local 662 Remote 822
Local 874 Remote 1609
Local 700 Remote 1069
Local 675 Remote 878
Local 680 Remote 833
Local 691 Remote 823
Local 700 Remote 820
Local 672 Remote 820
Local 756 Remote 829
Local 653 Remote 821
Local 667 Remote 820
Local 719 Remote 820
Local 625 Remote 820
Local 655 Remote 820
Local 665 Remote 820
Local 583 Remote 820
Local 655 Remote 820
Local 672 Remote 820
Local 707 Remote 843
Local 660 Remote 835
Local 665 Remote 823
Local 725 Remote 864
Local 559 Remote 867
Local 647 Remote 830
Local 668 Remote 821
Local 684 Remote 833
Local 635 Remote 822
Local 657 Remote 820
Local 768 Remote 820
Local 617 Remote 820
Local 649 Remote 820
Local 681 Remote 823
Local 564 Remote 820
Local 638 Remote 820
Local 672 Remote 820
Local 1412 Remote 820
Local 816 Remote 820
Local 715 Remote 820
Local 677 Remote 820
Local 779 Remote 820
Local 701 Remote 820
Local 682 Remote 820
Local 709 Remote 820
Local 649 Remote 820
Local 687 Remote 821
Local 681 Remote 820
Local 634 Remote 871
Local 646 Remote 831
Local 675 Remote 841
Local 785 Remote 846
Local 630 Remote 860
Local 666 Remote 833
Local 659 Remote 822
Local 565 Remote 870
Local 647 Remote 831
Local 670 Remote 822
Local 683 Remote 820
Local 660 Remote 820
Local 662 Remote 820
Local 669 Remote 820
Local 589 Remote 820
Local 660 Remote 822
Local 657 Remote 820
Local 759 Remote 1001
Local 667 Remote 862
Local 649 Remote 829
Local 693 Remote 1018
Local 546 Remote 882
Local 651 Remote 833
Local 665 Remote 822
Local 648 Remote 820
Local 685 Remote 844
Local 654 Remote 824
Local 679 Remote 820
Local 571 Remote 820
Local 672 Remote 820
Local 665 Remote 820
Local 681 Remote 820
Local 658 Remote 833
Local 663 Remote 826
Local 666 Remote 825
Local 802 Remote 820
Local 721 Remote 820
Local 660 Remote 820
Local 817 Remote 820
Local 647 Remote 838
Local 560 Remote 857
Local 507 Remote 840
Local 480 Remote 828
Local 478 Remote 829
Local 543 Remote 821
Local 701 Remote 823
Local 570 Remote 820
Local 850 Remote 820
Local 714 Remote 820
Local 1237 Remote 820
Local 755 Remote 836
Local 697 Remote 827
Local 696 Remote 820
Local 753 Remote 823
Local 688 Remote 820
Local 734 Remote 820
Local 562 Remote 827
Local 687 Remote 823
Local 684 Remote 864
Local 671 Remote 829
Local 705 Remote 855
Local 589 Remote 827
Local 688 Remote 820
Local 658 Remote 820
Local 687 Remote 820
Local 735 Remote 831
Local 607 Remote 823
Local 688 Remote 880
Local 746 Remote 833
Local 584 Remote 850
Local 700 Remote 829
Local 723 Remote 821
Local 580 Remote 896
Local 707 Remote 839
Local 783 Remote 1005
Local 637 Remote 862
Local 700 Remote 829
Local 810 Remote 821
Local 655 Remote 820
Local 729 Remote 820
Local 700 Remote 820
Local 641 Remote 820
Local 694 Remote 820
Local 727 Remote 820
Local 631 Remote 820
Local 666 Remote 820
Local 677 Remote 835
Local 673 Remote 923
Local 645 Remote 902
Local 709 Remote 838
Local 733 Remote 823
Local 793 Remote 1312
Local 752 Remote 936
Local 724 Remote 847
Local 1216 Remote 831
Local 836 Remote 822
Local 781 Remote 820
Local 719 Remote 820
Local 669 Remote 880
Local 613 Remote 833
Local 694 Remote 822
Local 695 Remote 820
Local 808 Remote 904
Local 672 Remote 839
Local 723 Remote 823
Local 738 Remote 820
Local 602 Remote 820
Local 677 Remote 820
Local 720 Remote 820
Local 832 Remote 820
Local 646 Remote 820
Local 698 Remote 820
Local 716 Remote 820
Local 1166 Remote 830
Local 772 Remote 821
Local 723 Remote 820
Local 746 Remote 820
Local 770 Remote 875
Local 681 Remote 845
Local 714 Remote 839
Local 720 Remote 829
Local 599 Remote 822
Local 691 Remote 820
Local 738 Remote 820
Local 663 Remote 820
Local 672 Remote 820
Local 709 Remote 820
Local 723 Remote 820
Local 666 Remote 858
Local 633 Remote 828
Local 674 Remote 833
Local 702 Remote 822
Local 646 Remote 820
Local 597 Remote 820
Local 700 Remote 820
Local 690 Remote 820
Local 672 Remote 820
Local 626 Remote 820
Local 698 Remote 820
Local 703 Remote 820
Local 645 Remote 820
Local 611 Remote 863
Local 707 Remote 829
Local 716 Remote 823
Local 737 Remote 820
Local 634 Remote 820
Local 703 Remote 820
Local 731 Remote 820
Local 727 Remote 831
Local 681 Remote 822
Local 709 Remote 835
Local 754 Remote 828
Local 721 Remote 821
Local 643 Remote 820
Local 689 Remote 822
Local 706 Remote 820
Local 725 Remote 820
Local 651 Remote 820
Local 689 Remote 820
Local 744 Remote 820
Local 732 Remote 820
Local 551 Remote 820
Local 681 Remote 820
Local 685 Remote 820
Local 687 Remote 820
Local 630 Remote 820
Local 669 Remote 820
Local 685 Remote 820
Local 732 Remote 830
Local 700 Remote 822
Local 660 Remote 820
Local 692 Remote 820
Local 710 Remote 820
Local 677 Remote 820
Local 634 Remote 820
Local 688 Remote 820
Local 713 Remote 820
Local 993 Remote 820
Local 690 Remote 820
Local 714 Remote 824
Local 722 Remote 825
Local 671 Remote 820
Local 692 Remote 820
Local 714 Remote 820
Local 700 Remote 836
Local 874 Remote 823
Local 729 Remote 820
Local 718 Remote 825
Local 716 Remote 820
Local 694 Remote 820
Local 791 Remote 820
Local 768 Remote 820
Local 723 Remote 820
Local 680 Remote 820
Local 617 Remote 820
Local 705 Remote 820
Local 697 Remote 820
Local 670 Remote 1072
Local 684 Remote 878
Local 740 Remote 833
Local 720 Remote 826
Local 690 Remote 844
Local 773 Remote 835
Local 749 Remote 823
Local 721 Remote 820
Local 629 Remote 874
Local 644 Remote 832
Local 702 Remote 822
Local 692 Remote 820
Local 852 Remote 874
Local 695 Remote 832
Local 688 Remote 822
Local 713 Remote 820
Local 643 Remote 820
Local 661 Remote 838
Local 690 Remote 825
Local 705 Remote 820
Local 627 Remote 820
Local 661 Remote 820
Local 708 Remote 836
Local 712 Remote 823
Local 637 Remote 820
Local 696 Remote 820
Local 729 Remote 820
Local 713 Remote 820
Local 645 Remote 820
Local 684 Remote 821
Local 691 Remote 820
Local 706 Remote 820
Local 682 Remote 820
Local 662 Remote 820
Local 700 Remote 820
Local 738 Remote 848
Local 731 Remote 828
Local 732 Remote 821
Local 714 Remote 820
Local 718 Remote 823
Local 976 Remote 861
Local 770 Remote 829
Local 762 Remote 867
Local 723 Remote 830
Local 651 Remote 822
Local 679 Remote 839
Local 712 Remote 823
Local 687 Remote 821
Local 679 Remote 825
Local 689 Remote 820
Local 695 Remote 829
Local 696 Remote 821
Local 639 Remote 935
Local 678 Remote 859
Local 704 Remote 828
Local 720 Remote 821
Local 733 Remote 820
Local 676 Remote 820
Local 712 Remote 842
Local 703 Remote 824
Local 601 Remote 820
Local 700 Remote 820
Local 710 Remote 843
Local 707 Remote 824
Local 596 Remote 820
Local 679 Remote 828
Local 695 Remote 839
Local 742 Remote 828
Local 676 Remote 821
Local 692 Remote 820
Local 729 Remote 820
Local 740 Remote 835
Local 573 Remote 823
Local 695 Remote 820
Local 710 Remote 820
Local 820 Remote 835
Local 709 Remote 823
Local 703 Remote 820
Local 716 Remote 820
Local 646 Remote 820
Local 612 Remote 891
Local 701 Remote 835
Local 707 Remote 823
Local 626 Remote 820
Local 652 Remote 840
Local 697 Remote 824
Local 727 Remote 820
Local 669 Remote 904
Local 655 Remote 877
Local 730 Remote 832
Local 699 Remote 822
Local 773 Remote 826
Local 692 Remote 820
Local 729 Remote 820
Local 734 Remote 820
Local 735 Remote 820
Local 728 Remote 820
Local 761 Remote 820
Local 719 Remote 820
Local 688 Remote 821
Local 698 Remote 820
Local 713 Remote 832
Local 714 Remote 834
Local 664 Remote 823
Local 733 Remote 826
Local 715 Remote 820
Local 724 Remote 820
Local 703 Remote 913
Local 725 Remote 841
Local 738 Remote 824
Local 716 Remote 822
Local 842 Remote 829
Local 748 Remote 821
Local 740 Remote 820
Local 937 Remote 845
Local 734 Remote 833
Local 721 Remote 822
Local 735 Remote 820
Local 1198 Remote 912
Local 793 Remote 841
Local 750 Remote 824
Local 727 Remote 829
Local 602 Remote 822
Local 657 Remote 820
Local 703 Remote 820
Local 706 Remote 833
Local 614 Remote 823
Local 644 Remote 820
Local 698 Remote 820
Local 687 Remote 820
Local 694 Remote 906
Local 682 Remote 840
Local 686 Remote 824
Local 641 Remote 820
Local 624 Remote 825
Local 683 Remote 820
Local 714 Remote 820
Local 608 Remote 820
Local 534 Remote 820
Local 770 Remote 874
Local 702 Remote 832
Local 688 Remote 844
Local 672 Remote 824
Local 682 Remote 886
Local 677 Remote 835
Local 730 Remote 835
Local 660 Remote 874
Local 679 Remote 848
Local 619 Remote 826
Local 631 Remote 820
Local 625 Remote 830
Local 668 Remote 821
Local 823 Remote 830
Local 741 Remote 824
Local 689 Remote 829
Local 699 Remote 839
Local 646 Remote 825
Local 695 Remote 820
Local 700 Remote 820
Local 698 Remote 823
Local 669 Remote 820
Local 865 Remote 1003
Local 798 Remote 862
Local 716 Remote 829
Local 601 Remote 821
Local 649 Remote 820
Local 673 Remote 821
Local 761 Remote 820
Local 635 Remote 820
Local 687 Remote 820
Local 731 Remote 820
Local 713 Remote 820
Local 678 Remote 826
Local 683 Remote 821
Local 663 Remote 820
Local 662 Remote 820
Local 832 Remote 820
Local 667 Remote 820
Local 679 Remote 820
Local 624 Remote 820
Local 524 Remote 820
Local 671 Remote 820
Local 687 Remote 821
Local 712 Remote 833
Local 706 Remote 822
Local 685 Remote 849
Local 709 Remote 853
Local 603 Remote 826
Local 674 Remote 878
Local 697 Remote 833
Local 609 Remote 828
Local 661 Remote 821
Local 686 Remote 820
Local 892 Remote 938
Local 706 Remote 847
Local 690 Remote 826
Local 705 Remote 820
Local 700 Remote 843
Local 676 Remote 824
Local 682 Remote 820
Local 661 Remote 820
Local 603 Remote 820
Local 663 Remote 820
Local 702 Remote 820
Local 582 Remote 820
Local 673 Remote 820
Local 691 Remote 820
Local 1388 Remote 835
Local 809 Remote 823
Local 725 Remote 820
Local 715 Remote 820
Local 572 Remote 820
Local 670 Remote 925
Local 676 Remote 844
Local 755 Remote 824
Local 656 Remote 820
Local 683 Remote 820
Local 674 Remote 820
Local 674 Remote 820
Local 695 Remote 829
Local 694 Remote 821
Local 675 Remote 820
Local 635 Remote 865
Local 671 Remote 851
Local 678 Remote 826
Local 644 Remote 821
Local 672 Remote 820
Local 672 Remote 820
Local 650 Remote 834
Local 619 Remote 879
Local 665 Remote 833
Local 675 Remote 823
Local 940 Remote 820
Local 703 Remote 877
Local 697 Remote 832
Local 695 Remote 822
Local 795 Remote 820
Local 655 Remote 830
Local 668 Remote 823
Local 676 Remote 820
Local 1708 Remote 893
Local 921 Remote 836
Local 753 Remote 823
Local 692 Remote 826
Local 586 Remote 821
Local 666 Remote 820
Local 682 Remote 820
Local 743 Remote 820
Local 578 Remote 820
Local 635 Remote 820
Local 694 Remote 820
Local 660 Remote 820
Local 655 Remote 820
Local 699 Remote 820
Local 694 Remote 820
Local 602 Remote 820
Local 626 Remote 820
Local 665 Remote 820
Local 681 Remote 831
Local 727 Remote 865
Local 716 Remote 835
Local 679 Remote 823
Local 685 Remote 820
Local 856 Remote 981
Local 739 Remote 864
Local 689 Remote 829
Local 723 Remote 848
Local 613 Remote 826
Local 662 Remote 820
Local 683 Remote 820
Local 692 Remote 820
Local 698 Remote 838
Local 696 Remote 823
Local 681 Remote 820
Local 598 Remote 820
Local 609 Remote 878
Local 672 Remote 833
Local 682 Remote 828
Local 621 Remote 826
Local 687 Remote 820
Local 698 Remote 820
Local 705 Remote 820
Local 534 Remote 824
Local 662 Remote 820
Local 654 Remote 820
Local 649 Remote 820
Local 628 Remote 824
Local 683 Remote 820
Local 678 Remote 820
Local 648 Remote 824
Local 672 Remote 820
Local 670 Remote 820
Local 682 Remote 854
Local 867 Remote 829
Local 715 Remote 824
Local 698 Remote 820
Local 713 Remote 820
Local 643 Remote 974
Local 692 Remote 856
Local 689 Remote 828
Local 1130 Remote 821
Local 741 Remote 857
Local 676 Remote 828
Local 695 Remote 821
Local 727 Remote 847
Local 704 Remote 826
Local 702 Remote 821
Local 677 Remote 820
Local 685 Remote 900
Local 662 Remote 838
Local 668 Remote 823
Local 661 Remote 838
Local 643 Remote 823
Local 667 Remote 820
Local 677 Remote 820
Local 583 Remote 832
Local 648 Remote 845
Local 663 Remote 835
Local 638 Remote 823
Local 638 Remote 820
Local 657 Remote 820
Local 689 Remote 820
Local 582 Remote 930
Local 654 Remote 857
Local 669 Remote 828
Local 870 Remote 894
Local 719 Remote 836
Local 687 Remote 827
Local 678 Remote 823
Local 588 Remote 820
Local 656 Remote 893
Local 672 Remote 836
Local 744 Remote 824
Local 629 Remote 822
Local 650 Remote 820
Local 673 Remote 820
Local 613 Remote 830
Local 648 Remote 821
Local 682 Remote 820
Local 932 Remote 826
Local 783 Remote 820
Local 712 Remote 820
Local 669 Remote 820
Local 565 Remote 820
Local 707 Remote 820
Local 679 Remote 820
Local 632 Remote 820
Local 600 Remote 820
Local 656 Remote 820
Local 666 Remote 820
Local 579 Remote 820
Local 663 Remote 887
Local 675 Remote 835
Local 700 Remote 826
Local 631 Remote 820
Local 679 Remote 820
Local 677 Remote 820
Local 669 Remote 820
Local 637 Remote 820
Local 676 Remote 820
Local 667 Remote 820
Local 706 Remote 820
Local 710 Remote 820
Local 688 Remote 820
Local 843 Remote 1024
Local 718 Remote 867
Local 688 Remote 830
Local 691 Remote 821
Local 582 Remote 847
Local 625 Remote 826
Local 661 Remote 820
Local 679 Remote 820
Local 653 Remote 820
Local 681 Remote 820
Local 681 Remote 820
Local 605 Remote 829
Local 666 Remote 821
Local 671 Remote 820
Local 712 Remote 877
Local 631 Remote 832
Local 675 Remote 822
Local 682 Remote 820
Local 584 Remote 820
Local 647 Remote 820
Local 670 Remote 823
Local 805 Remote 820
Local 675 Remote 820
Local 680 Remote 820
Local 693 Remote 820
Local 634 Remote 831
Local 681 Remote 822
Local 689 Remote 830
Local 697 Remote 854
Local 635 Remote 826
Local 666 Remote 820
Local 685 Remote 820
Local 649 Remote 820
Local 692 Remote 820
Local 704 Remote 820
Local 652 Remote 829
Local 703 Remote 833
Local 706 Remote 822
Local 690 Remote 820
Local 717 Remote 823
Local 688 Remote 822
Local 685 Remote 828
Local 656 Remote 821
Local 574 Remote 820
Local 516 Remote 824
Local 487 Remote 857
Local 471 Remote 835
Local 479 Remote 826
Local 642 Remote 820
Local 670 Remote 820
Local 668 Remote 820
Local 684 Remote 820
Local 629 Remote 820
Local 675 Remote 820
Local 1034 Remote 920
Local 740 Remote 843
Local 690 Remote 829
Local 608 Remote 872
Local 699 Remote 832
Local 795 Remote 823
Local 694 Remote 835
Local 661 Remote 824
Local 643 Remote 820
Local 697 Remote 876
Local 634 Remote 837
Local 657 Remote 823
Local 685 Remote 820
Local 630 Remote 820
Local 679 Remote 820
Local 660 Remote 820
Local 641 Remote 1030
Local 701 Remote 868
Local 814 Remote 1103
Local 724 Remote 951
Local 689 Remote 869
Local 900 Remote 831
Local 710 Remote 822
Local 718 Remote 833
Local 840 Remote 1143
Local 785 Remote 895
Local 738 Remote 837
Local 684 Remote 826
Local 702 Remote 821
Local 652 Remote 820
Local 685 Remote 847
Local 657 Remote 828
Local 570 Remote 822
Local 652 Remote 822
Local 659 Remote 823
Local 601 Remote 820
Local 658 Remote 821
Local 687 Remote 820
Local 707 Remote 826
Local 621 Remote 820
Local 716 Remote 853
Local 698 Remote 826
Local 1185 Remote 821
Local 763 Remote 825
Local 712 Remote 820
Local 683 Remote 820
Local 659 Remote 836
Local 535 Remote 824
Local 663 Remote 820
Local 683 Remote 820
Local 870 Remote 820
Local 640 Remote 820
Local 705 Remote 848
Local 710 Remote 837
Local 696 Remote 828
Local 685 Remote 862
Local 680 Remote 829
Local 710 Remote 821
Local 703 Remote 820
Local 617 Remote 901
Local 696 Remote 900
Local 713 Remote 842
Local 685 Remote 824
Local 693 Remote 820
Local 675 Remote 820
Local 700 Remote 820
Local 685 Remote 842
Local 645 Remote 826
Local 698 Remote 825
Local 684 Remote 820
Local 678 Remote 820
Local 720 Remote 953
Local 654 Remote 850
Local 686 Remote 871
Local 677 Remote 836
Local 702 Remote 823
Local 616 Remote 900
Local 665 Remote 890
Local 692 Remote 835
Local 690 Remote 838
Local 658 Remote 824
Local 678 Remote 821
Local 704 Remote 820
Local 693 Remote 820
Local 600 Remote 820
Local 652 Remote 820
Local 694 Remote 820
Local 708 Remote 820
Local 773 Remote 857
Local 794 Remote 828
Local 684 Remote 821
Local 698 Remote 820
Local 752 Remote 820
Local 719 Remote 820
Local 703 Remote 820
Local 705 Remote 847
Local 692 Remote 826
Local 570 Remote 820
Local 716 Remote 837
Local 687 Remote 823
Local 679 Remote 823
Local 623 Remote 820
Local 628 Remote 820
Local 690 Remote 820
Local 665 Remote 820
Local 737 Remote 889
Local 532 Remote 835
Local 673 Remote 823
Local 693 Remote 835
Local 707 Remote 823
Local 637 Remote 825
Local 671 Remote 820
Local 693 Remote 820
Local 672 Remote 820
Local 705 Remote 820
Local 878 Remote 858
Local 726 Remote 828
Local 689 Remote 821
Local 686 Remote 821
Local 793 Remote 820
Local 648 Remote 820
Local 670 Remote 820
Local 701 Remote 820
Local 703 Remote 856
Local 690 Remote 831
Local 680 Remote 822
Local 674 Remote 820
Local 689 Remote 820
Local 744 Remote 1817
Local 706 Remote 1070
Local 703 Remote 878
Local 702 Remote 833
Local 591 Remote 823
Local 671 Remote 820
Local 691 Remote 820
Local 676 Remote 820
Local 646 Remote 1021
Local 691 Remote 882
Local 685 Remote 833
Local 713 Remote 822
Local 894 Remote 820
Local 757 Remote 831
Local 703 Remote 822
Local 1477 Remote 967
Local 887 Remote 853
Local 744 Remote 828
Local 701 Remote 821
Local 636 Remote 820
Local 686 Remote 820
Local 670 Remote 820
Local 679 Remote 820
Local 643 Remote 832
Local 739 Remote 822
Local 700 Remote 820
Local 655 Remote 820
Local 696 Remote 820
Local 709 Remote 820
Local 696 Remote 820
Local 806 Remote 820
Local 680 Remote 820
Local 689 Remote 820
Local 695 Remote 820
Local 612 Remote 820
Local 656 Remote 820
Local 690 Remote 820
Local 697 Remote 820
Local 649 Remote 820
Local 693 Remote 820
Local 679 Remote 820
Local 589 Remote 820
Local 633 Remote 820
Local 670 Remote 820
Local 684 Remote 820
Local 538 Remote 820
Local 669 Remote 820
Local 700 Remote 822
Local 670 Remote 836
Local 636 Remote 823
Local 673 Remote 820
Local 705 Remote 820
Local 622 Remote 820
Local 675 Remote 820
Local 686 Remote 820
Local 864 Remote 938
Local 645 Remote 867
Local 680 Remote 830
Local 697 Remote 821
Local 982 Remote 868
Local 760 Remote 831
Local 694 Remote 822
Local 687 Remote 820
Local 641 Remote 1135
Local 686 Remote 896
Local 674 Remote 837
Local 667 Remote 823
Local 719 Remote 820
Local 723 Remote 820
Local 707 Remote 820
Local 565 Remote 820
Local 649 Remote 820
Local 680 Remote 820
Local 728 Remote 821
Local 611 Remote 820
Local 683 Remote 820
Local 699 Remote 820
Local 738 Remote 827
Local 704 Remote 820
Local 691 Remote 820
Local 691 Remote 820
Local 653 Remote 849
Local 679 Remote 826
Local 690 Remote 820
Local 715 Remote 934
Local 674 Remote 846
Local 700 Remote 825
Local 689 Remote 820
Local 763 Remote 820
Local 725 Remote 901
Local 717 Remote 838
Local 671 Remote 856
Local 654 Remote 828
Local 691 Remote 821
Local 687 Remote 820
Local 1101 Remote 820
Local 767 Remote 840
Local 697 Remote 844
Local 683 Remote 824
Local 640 Remote 1740
Local 689 Remote 1037
Local 688 Remote 870
Local 697 Remote 831
Local 550 Remote 841
Local 660 Remote 824
Local 681 Remote 820
Local 622 Remote 820
Local 631 Remote 820
Local 666 Remote 820
Local 686 Remote 820
Local 578 Remote 820
Local 631 Remote 820
Local 679 Remote 820
Local 687 Remote 820
Local 576 Remote 828
Local 655 Remote 821
Local 668 Remote 820
Local 682 Remote 821
Local 672 Remote 820
Local 664 Remote 820
Local 690 Remote 830
Local 638 Remote 822
Local 630 Remote 820
Local 694 Remote 820
Local 726 Remote 820
Local 661 Remote 820
Local 691 Remote 820
Local 690 Remote 820
Local 650 Remote 820
Local 661 Remote 842
Local 685 Remote 824
Local 684 Remote 820
Local 596 Remote 904
Local 655 Remote 839
Local 682 Remote 823
Local 653 Remote 858
Local 643 Remote 828
Local 708 Remote 821
Local 682 Remote 820
Local 594 Remote 820
Local 682 Remote 820
Local 662 Remote 820
Local 720 Remote 820
Local 588 Remote 820
Local 685 Remote 820
Local 678 Remote 820
Local 658 Remote 820
Local 624 Remote 820
Local 690 Remote 820
Local 692 Remote 820
Local 729 Remote 943
Local 702 Remote 848
Local 680 Remote 826
Local 727 Remote 968
Local 567 Remote 854
Local 655 Remote 826
Local 669 Remote 820
Local 643 Remote 820
Local 909 Remote 1007
Local 812 Remote 878
Local 979 Remote 930
Local 770 Remote 853
Local 679 Remote 830
Local 727 Remote 821
Local 668 Remote 845
Local 601 Remote 826
Local 634 Remote 859
Local 615 Remote 830
Local 636 Remote 821
Local 586 Remote 849
Local 684 Remote 837
Local 621 Remote 823
Local 654 Remote 820
Local 943 Remote 820
Local 751 Remote 820
Local 689 Remote 820
Local 656 Remote 820
Local 674 Remote 820
Local 628 Remote 843
Local 612 Remote 824
Local 781 Remote 820
Local 655 Remote 820
Local 688 Remote 820
Local 812 Remote 820
Local 675 Remote 820
Local 679 Remote 820
Local 1533 Remote 932
Local 825 Remote 846
Local 679 Remote 825
Local 592 Remote 820
Local 609 Remote 820
Local 639 Remote 820
Local 660 Remote 820
Local 597 Remote 820
Local 649 Remote 820
Local 611 Remote 820
Local 679 Remote 820
Local 671 Remote 820
Local 653 Remote 820
Local 636 Remote 820
Local 658 Remote 820
Local 640 Remote 820
Local 584 Remote 823
Local 648 Remote 820
Local 668 Remote 820
Local 513 Remote 820
Local 656 Remote 820
Local 654 Remote 820
Local 579 Remote 820
Local 639 Remote 820
Local 663 Remote 820
Local 698 Remote 822
Local 586 Remote 849
Local 662 Remote 826
Local 658 Remote 820
Local 617 Remote 834
Local 659 Remote 822
Local 666 Remote 820
Local 639 Remote 820
Local 607 Remote 832
Local 672 Remote 822
Local 655 Remote 820
Local 1217 Remote 820
Local 759 Remote 820
Local 682 Remote 820
Local 660 Remote 820
Local 577 Remote 865
Local 630 Remote 829
Local 664 Remote 821
Local 835 Remote 820
Local 602 Remote 820
Local 678 Remote 820
Local 655 Remote 820
Local 592 Remote 820
Local 569 Remote 820
Local 646 Remote 820
Local 668 Remote 820
Local 571 Remote 879
Local 615 Remote 838
Local 658 Remote 823
Local 698 Remote 820
Local 616 Remote 820
Local 662 Remote 820
Local 640 Remote 820
Local 538 Remote 820
Local 668 Remote 821
Local 666 Remote 820
Local 715 Remote 820
Local 555 Remote 820
Local 653 Remote 820
Local 667 Remote 820
Local 620 Remote 846
Local 615 Remote 825
Local 655 Remote 820
Local 667 Remote 820
Local 754 Remote 820
Local 680 Remote 831
Local 674 Remote 822
Local 665 Remote 834
Local 550 Remote 822
Local 635 Remote 820
Local 654 Remote 820
Local 750 Remote 852
Local 720 Remote 826
Local 673 Remote 820
Local 661 Remote 820
Local 665 Remote 820
Local 630 Remote 823
Local 660 Remote 820
Local 647 Remote 820
Local 765 Remote 868
Local 657 Remote 831
Local 657 Remote 822
Local 681 Remote 820
Local 601 Remote 820
Local 641 Remote 820
Local 657 Remote 820
Local 686 Remote 835
Local 566 Remote 824
Local 663 Remote 842
Local 648 Remote 824
Local 634 Remote 820
Local 611 Remote 823
Local 677 Remote 820
Local 675 Remote 820
Local 586 Remote 820
Local 628 Remote 820
Local 669 Remote 820
Local 664 Remote 820
Local 796 Remote 973
Local 672 Remote 867
Local 646 Remote 830
Local 673 Remote 821
Local 823 Remote 824
Local 703 Remote 902
Local 671 Remote 838
Local 669 Remote 823
Local 559 Remote 820
Local 638 Remote 820
Local 661 Remote 820
Local 680 Remote 820
Local 620 Remote 847
Local 661 Remote 826
Local 661 Remote 820
Local 753 Remote 820
Local 627 Remote 826
Local 660 Remote 820
Local 673 Remote 820
Local 673 Remote 1048
Local 643 Remote 874
Local 666 Remote 832
Local 684 Remote 822
Local 606 Remote 832
Local 646 Remote 822
Local 660 Remote 820
Local 679 Remote 820
Local 583 Remote 820
Local 680 Remote 820
Local 686 Remote 820
Local 689 Remote 845
Local 590 Remote 834
Local 649 Remote 822
Local 655 Remote 820
Local 626 Remote 820
Local 679 Remote 829
Local 666 Remote 821
Local 655 Remote 820
Local 677 Remote 829
Local 715 Remote 821
Local 684 Remote 820
Local 649 Remote 820
Local 590 Remote 820
Local 619 Remote 820
Local 653 Remote 820
Local 664 Remote 820
Local 549 Remote 820
Local 655 Remote 820
Local 680 Remote 820
Local 653 Remote 820
Local 670 Remote 820
Local 664 Remote 820
Local 674 Remote 820
Local 565 Remote 820
Local 704 Remote 820
Local 666 Remote 820
Local 646 Remote 847
Local 613 Remote 826
Local 661 Remote 820
Local 656 Remote 820
Local 756 Remote 827
Local 694 Remote 820
Local 647 Remote 820
Local 644 Remote 820
Local 605 Remote 820
Local 651 Remote 820
Local 667 Remote 820
Local 567 Remote 826
Local 628 Remote 820
Local 647 Remote 820
Local 748 Remote 820
Local 687 Remote 820
Local 668 Remote 820
Local 679 Remote 820
Local 624 Remote 924
Local 650 Remote 844
Local 668 Remote 824
Local 668 Remote 820
Local 624 Remote 850
Local 659 Remote 826
Local 668 Remote 820
Local 629 Remote 886
Local 674 Remote 835
Local 664 Remote 823
Local 577 Remote 820
Local 566 Remote 820
Local 648 Remote 820
Local 656 Remote 820
Local 660 Remote 833
Local 723 Remote 822
Local 679 Remote 820
Local 627 Remote 873
Local 593 Remote 831
Local 662 Remote 822
Local 653 Remote 820
Local 572 Remote 821
Local 635 Remote 820
Local 654 Remote 820
Local 661 Remote 820
Local 579 Remote 820
Local 658 Remote 820
Local 665 Remote 820
Local 668 Remote 820
Local 661 Remote 820
Local 648 Remote 820
Local 659 Remote 820
Local 707 Remote 820
Local 665 Remote 820
Local 669 Remote 820
Local 996 Remote 873
Local 741 Remote 835
Local 707 Remote 823
Local 671 Remote 820
Local 708 Remote 933
Local 652 Remote 846
Local 662 Remote 825
Local 871 Remote 873
Local 739 Remote 1051
Local 683 Remote 874
Local 662 Remote 832
Local 587 Remote 823
Local 684 Remote 820
Local 682 Remote 820
Local 728 Remote 820
Local 646 Remote 843
Local 666 Remote 824
Local 651 Remote 820
Local 717 Remote 822
Local 676 Remote 820
Local 667 Remote 820
Local 811 Remote 909
Local 771 Remote 840
Local 693 Remote 824
Local 666 Remote 820
Local 756 Remote 892
Local 662 Remote 836
Local 648 Remote 823
Local 626 Remote 820
Local 607 Remote 820
Local 639 Remote 820
Local 659 Remote 820
Local 559 Remote 820
Local 503 Remote 861
Local 498 Remote 836
Local 475 Remote 826
Local 466 Remote 822
Local 496 Remote 1006
Local 548 Remote 863
Local 804 Remote 868
Local 729 Remote 833
Local 673 Remote 862
Local 683 Remote 883
Local 685 Remote 859
Local 657 Remote 901
Local 801 Remote 1127
Local 596 Remote 892
Local 794 Remote 1050
Local 626 Remote 892
Local 701 Remote 836
Local 664 Remote 838
Local 605 Remote 823
Local 736 Remote 1026
Local 673 Remote 884
Local 707 Remote 835
Local 732 Remote 871
Local 604 Remote 831
Local 730 Remote 1058
Local 722 Remote 972
Local 655 Remote 855
Local 788 Remote 952
Local 645 Remote 873
Local 662 Remote 831
Local 744 Remote 913
Local 871 Remote 852
Local 735 Remote 942
Local 770 Remote 899
Local 706 Remote 859
Local 590 Remote 843
Local 698 Remote 854
Local 867 Remote 1035
Local 972 Remote 870
Local 794 Remote 885
Local 771 Remote 1014
Local 802 Remote 865
Local 781 Remote 837
Local 786 Remote 861
Local 696 Remote 844
Local 737 Remote 833
Local 755 Remote 863
Local 775 Remote 940
Local 937 Remote 857
Local 861 Remote 832
Local 774 Remote 908
Local 732 Remote 885
Local 700 Remote 845
Local 786 Remote 879
Local 754 Remote 962
Local 713 Remote 865
Local 638 Remote 835
Local 762 Remote 875
Local 771 Remote 974
Local 670 Remote 892
Local 602 Remote 921
Local 731 Remote 960
Local 728 Remote 978
Local 915 Remote 1033
Local 709 Remote 869
Local 746 Remote 911
Local 747 Remote 1063
Local 676 Remote 990
Local 615 Remote 859
Local 721 Remote 844
Local 816 Remote 943
Local 825 Remote 869
Local 713 Remote 831
Local 726 Remote 856
Local 788 Remote 834
Local 719 Remote 874
Local 663 Remote 881
Local 680 Remote 867
Local 737 Remote 845
Local 811 Remote 835
Local 696 Remote 833
Local 716 Remote 882
Local 727 Remote 978
Local 667 Remote 943
Local 627 Remote 848
Local 663 Remote 829
Local 728 Remote 889
Local 809 Remote 841
Local 727 Remote 858
Local 761 Remote 848
Local 786 Remote 899
Local 710 Remote 844
Local 721 Remote 883
Local 743 Remote 856
Local 789 Remote 833
Local 702 Remote 853
Local 707 Remote 826
Local 747 Remote 849
Local 729 Remote 943
Local 604 Remote 886
Local 669 Remote 835
Local 682 Remote 900
Local 717 Remote 912
Local 801 Remote 882
Local 795 Remote 841
Local 744 Remote 852
Local 729 Remote 892
Local 836 Remote 856
Local 663 Remote 828
Local 721 Remote 873
Local 721 Remote 886
Local 728 Remote 869
Local 625 Remote 838
Local 684 Remote 887
Local 683 Remote 838
Local 779 Remote 874
Local 837 Remote 838
Local 749 Remote 823
Local 723 Remote 876
Local 703 Remote 868
Local 653 Remote 884
Local 625 Remote 835
Local 738 Remote 824
Local 727 Remote 820
Local 759 Remote 896
Local 635 Remote 984
Local 740 Remote 884
Local 755 Remote 905
Local 715 Remote 893
Local 610 Remote 1017
Local 655 Remote 942
Local 747 Remote 883
Local 743 Remote 855
Local 857 Remote 878
Local 684 Remote 833
Local 701 Remote 961
Local 741 Remote 1022
Local 747 Remote 870
Local 593 Remote 831
Local 739 Remote 850
Local 743 Remote 973
Local 714 Remote 889
Local 582 Remote 927
Local 692 Remote 844
Local 698 Remote 956
Local 754 Remote 945
Local 778 Remote 926
Local 786 Remote 878
Local 730 Remote 874
Local 717 Remote 835
Local 699 Remote 955
Local 607 Remote 865
Local 706 Remote 939
Local 767 Remote 975
Local 729 Remote 919
Local 639 Remote 850
Local 666 Remote 877
Local 719 Remote 926
Local 744 Remote 851
Local 622 Remote 829
Local 716 Remote 864
Local 725 Remote 875
Local 735 Remote 846
Local 605 Remote 827
Local 694 Remote 886
Local 728 Remote 889
Local 748 Remote 912
Local 685 Remote 874
Local 666 Remote 840
Local 704 Remote 843
Local 720 Remote 856
Local 684 Remote 852
Local 678 Remote 826
Local 721 Remote 850
Local 767 Remote 893
Local 726 Remote 898
Local 652 Remote 838
Local 709 Remote 823
Local 755 Remote 831
Local 1759 Remote 841
Local 868 Remote 824
Local 803 Remote 833
Local 762 Remote 1019
Local 871 Remote 892
Local 703 Remote 836
Local 698 Remote 841
Local 743 Remote 867
Local 897 Remote 904
Local 746 Remote 841
Local 728 Remote 869
Local 710 Remote 916
Local 863 Remote 916
Local 649 Remote 842
Local 729 Remote 831
Local 742 Remote 829
Local 701 Remote 827
Local 645 Remote 820
Local 735 Remote 894
Local 729 Remote 907
Local 809 Remote 897
Local 679 Remote 837
Local 743 Remote 832
Local 753 Remote 890
Local 846 Remote 857
Local 701 Remote 846
Local 727 Remote 875
Local 712 Remote 835
Local 674 Remote 835
Local 658 Remote 830
Local 706 Remote 833
Local 722 Remote 834
Local 677 Remote 844
Local 624 Remote 824
Local 722 Remote 931
Local 727 Remote 902
Local 814 Remote 858
Local 692 Remote 828
Local 728 Remote 825
Local 718 Remote 866
Local 681 Remote 833
Local 651 Remote 864
Local 725 Remote 996
Local 740 Remote 916
Local 720 Remote 859
Local 610 Remote 857
Local 727 Remote 904
Local 694 Remote 854
Local 679 Remote 842
Local 618 Remote 824
Local 716 Remote 884
Local 762 Remote 912
Local 824 Remote 864
Local 702 Remote 971
Local 739 Remote 892
Local 733 Remote 851
Local 701 Remote 865
Local 642 Remote 829
Local 741 Remote 926
Local 752 Remote 905
Local 694 Remote 1006
Local 656 Remote 863
Local 708 Remote 939
Local 681 Remote 880
Local 863 Remote 1165
Local 689 Remote 918
Local 723 Remote 880
Local 715 Remote 848
Local 662 Remote 851
Local 675 Remote 826
Local 696 Remote 824
Local 740 Remote 903
Local 1056 Remote 989
Local 888 Remote 859
Local 776 Remote 892
Local 723 Remote 901
Local 1182 Remote 846
Local 803 Remote 863
Local 733 Remote 838
Local 715 Remote 869
Local 766 Remote 835
Local 657 Remote 823
Local 699 Remote 824
Local 729 Remote 916
Local 693 Remote 908
Local 624 Remote 841
Local 746 Remote 892
Local 735 Remote 843
Local 765 Remote 856
Local 831 Remote 828
Local 765 Remote 887
Local 735 Remote 847
Local 753 Remote 898
Local 665 Remote 847
Local 675 Remote 828
Local 743 Remote 865
Local 747 Remote 868
Local 665 Remote 872
Local 728 Remote 847
Local 751 Remote 893
Local 779 Remote 874
Local 676 Remote 844
Local 756 Remote 878
Local 737 Remote 907
Local 729 Remote 852
Local 664 Remote 826
Local 719 Remote 900
Local 707 Remote 844
Local 666 Remote 871
Local 601 Remote 831
Local 746 Remote 843
Local 768 Remote 875
Local 751 Remote 840
Local 688 Remote 824
Local 718 Remote 844
Local 728 Remote 832
Local 880 Remote 856
Local 706 Remote 828
Local 724 Remote 871
Local 710 Remote 919
Local 668 Remote 859
Local 656 Remote 828
Local 696 Remote 891
Local 750 Remote 836
Local 822 Remote 824
Local 694 Remote 820
Local 716 Remote 880
Local 755 Remote 853
Local 665 Remote 870
Local 855 Remote 831
Local 748 Remote 823
Local 668 Remote 847
Local 703 Remote 866
Local 719 Remote 833
Local 592 Remote 855
Local 625 Remote 830
Local 625 Remote 874
Local 652 Remote 841
Local 629 Remote 826
Local 673 Remote 832
Local 580 Remote 823
Local 683 Remote 820
Local 796 Remote 820
Local 702 Remote 820
Local 851 Remote 822
Local 745 Remote 826
Local 708 Remote 821
Local 630 Remote 994
Local 675 Remote 860
Local 700 Remote 833
Local 941 Remote 1224
Local 754 Remote 915
Local 626 Remote 847
Local 719 Remote 826
Local 710 Remote 841
Local 754 Remote 826
Local 678 Remote 820
Local 687 Remote 825
Local 694 Remote 846
Local 655 Remote 863
Local 687 Remote 829
Local 678 Remote 821
Local 624 Remote 820
Local 683 Remote 820
Local 735 Remote 1388
Local 558 Remote 954
Local 645 Remote 876
Local 742 Remote 864
Local 568 Remote 830
Local 662 Remote 857
Local 680 Remote 832
Local 944 Remote 903
Local 765 Remote 838
Local 722 Remote 836
Local 689 Remote 845
Local 658 Remote 824
Local 692 Remote 851
Local 664 Remote 848
Local 604 Remote 876
Local 674 Remote 832
Local 705 Remote 835
Local 712 Remote 831
Local 646 Remote 1101
Local 687 Remote 885
Local 689 Remote 855
Local 657 Remote 847
Local 762 Remote 852
Local 732 Remote 842
Local 718 Remote 865
Local 621 Remote 833
Local 586 Remote 823
Local 686 Remote 855
Local 698 Remote 844
Local 713 Remote 874
Local 616 Remote 832
Local 683 Remote 841
Local 715 Remote 826
Local 635 Remote 1016
Local 782 Remote 883
Local 700 Remote 834
Local 700 Remote 822
Local 638 Remote 820
Local 670 Remote 820
Local 683 Remote 848
Local 684 Remote 834
Local 685 Remote 823
Local 690 Remote 821
Local 700 Remote 840
Local 740 Remote 854
Local 584 Remote 826
Local 682 Remote 853
Local 678 Remote 826
Local 872 Remote 821
Local 702 Remote 820
Local 703 Remote 824
Local 699 Remote 870
Local 601 Remote 835
Local 684 Remote 823
Local 673 Remote 822
Local 696 Remote 852
Local 760 Remote 838
Local 726 Remote 823
Local 718 Remote 823
Local 753 Remote 861
Local 662 Remote 829
Local 694 Remote 844
Local 709 Remote 849
Local 686 Remote 902
Local 607 Remote 857
Local 670 Remote 874
Local 722 Remote 838
Local 672 Remote 827
Local 668 Remote 820
Local 680 Remote 820
Local 684 Remote 847
Local 661 Remote 834
Local 679 Remote 928
Local 702 Remote 862
Local 718 Remote 877
Local 675 Remote 876
Local 663 Remote 832
Local 715 Remote 830
Local 696 Remote 844
Local 602 Remote 829
Local 675 Remote 821
Local 701 Remote 820
Local 688 Remote 825
Local 690 Remote 829
Local 655 Remote 825
Local 707 Remote 829
Local 711 Remote 884
Local 670 Remote 835
Local 644 Remote 823
Local 692 Remote 829
Local 700 Remote 845
Local 752 Remote 829
Local 760 Remote 821
Local 729 Remote 820
Local 718 Remote 868
Local 599 Remote 847
Local 600 Remote 828
Local 679 Remote 897
Local 680 Remote 843
Local 817 Remote 843
Local 648 Remote 824
Local 676 Remote 864
Local 706 Remote 829
Local 965 Remote 924
Local 701 Remote 844
Local 728 Remote 829
Local 719 Remote 838
Local 972 Remote 1047
Local 658 Remote 873
Local 717 Remote 831
Local 697 Remote 826
Local 759 Remote 882
Local 664 Remote 840
Local 662 Remote 870
Local 712 Remote 856
Local 711 Remote 829
Local 722 Remote 822
Local 715 Remote 823
Local 748 Remote 884
Local 768 Remote 850
Local 590 Remote 826
Local 681 Remote 829
Local 731 Remote 824
Local 830 Remote 858
Local 648 Remote 828
Local 670 Remote 821
Local 707 Remote 821
Local 682 Remote 827
Local 665 Remote 879
Local 684 Remote 833
Local 699 Remote 861
Local 957 Remote 833
Local 723 Remote 822
Local 711 Remote 859
Local 710 Remote 828
Local 731 Remote 834
Local 663 Remote 824
Local 669 Remote 837
Local 715 Remote 823
Local 983 Remote 881
Local 762 Remote 991
Local 728 Remote 866
Local 722 Remote 840
Local 699 Remote 858
Local 650 Remote 828
Local 683 Remote 821
Local 682 Remote 823
Local 811 Remote 915
Local 670 Remote 841
Local 714 Remote 875
Local 691 Remote 853
Local 739 Remote 1054
Local 662 Remote 878
Local 706 Remote 833
Local 680 Remote 853
Local 595 Remote 880
Local 664 Remote 833
Local 683 Remote 849
Local 711 Remote 877
Local 606 Remote 832
Local 667 Remote 823
Local 691 Remote 822
Local 935 Remote 832
Local 668 Remote 822
Local 673 Remote 820
Local 694 Remote 834
Local 824 Remote 1292
Local 691 Remote 931
Local 689 Remote 850
Local 718 Remote 863
Local 606 Remote 878
Local 685 Remote 864
Local 672 Remote 833
Local 698 Remote 822
Local 605 Remote 1148
Local 667 Remote 905
Local 677 Remote 847
Local 778 Remote 920
Local 579 Remote 843
Local 652 Remote 824
Local 671 Remote 823
Local 897 Remote 853
Local 659 Remote 826
Local 684 Remote 840
Local 673 Remote 824
Local 790 Remote 820
Local 685 Remote 820
Local 695 Remote 820
Local 729 Remote 825
Local 618 Remote 823
Local 672 Remote 820
Local 687 Remote 823
Local 727 Remote 830
Local 736 Remote 1348
Local 689 Remote 985
Local 708 Remote 865
Local 752 Remote 861
Local 684 Remote 909
Local 691 Remote 856
Local 664 Remote 832
Local 716 Remote 940
Local 652 Remote 847
Local 726 Remote 834
Local 703 Remote 839
Local 588 Remote 828
Local 675 Remote 865
Local 698 Remote 831
Local 916 Remote 822
Local 771 Remote 820
Local 699 Remote 835
Local 713 Remote 832
Local 668 Remote 823
Local 679 Remote 836
Local 687 Remote 831
Local 699 Remote 824
Local 617 Remote 820
Local 690 Remote 872
Local 705 Remote 831
Local 953 Remote 847
Local 710 Remote 826
Local 719 Remote 820
Local 712 Remote 820
Local 657 Remote 820
Local 703 Remote 820
Local 688 Remote 853
Local 1022 Remote 826
Local 699 Remote 820
Local 709 Remote 844
Local 716 Remote 840
Local 654 Remote 835
Local 669 Remote 876
Local 692 Remote 872
Local 698 Remote 875
Local 590 Remote 836
Local 684 Remote 823
Local 686 Remote 826
Local 675 Remote 1624
Local 667 Remote 1023
Local 681 Remote 889
Local 704 Remote 853
Local 608 Remote 829
Local 656 Remote 821
Local 676 Remote 837
Local 922 Remote 1189
Local 760 Remote 909
Local 732 Remote 887
Local 718 Remote 860
Local 877 Remote 950
Local 724 Remote 985
Local 690 Remote 875
Local 711 Remote 870
Local 565 Remote 840
Local 518 Remote 841
Local 517 Remote 828
Local 488 Remote 823
Local 471 Remote 820
Local 464 Remote 820
Local 477 Remote 820
Local 504 Remote 828
Local 482 Remote 823
Local 469 Remote 820
Local 463 Remote 820
Local 460 Remote 820
Local 477 Remote 820
Local 466 Remote 820
Local 462 Remote 820
Local 460 Remote 820
Local 460 Remote 820
Local 460 Remote 820
Local 460 Remote 820
Local 460 Remote 820
Local 466 Remote 820
Local 462 Remote 820
Local 460 Remote 820
Local 460 Remote 820
Local 460 Remote 820
Local 460 Remote 820
Local 460 Remote 820
Local 460 Remote 820
Local 460 Remote 820
Local 461 Remote 820
Local 460 Remote 820
Local 460 Remote 820
Local 465 Remote 820
Local 461 Remote 841
Local 460 Remote 828
Local 460 Remote 823
