Local 460 Remote 820
Local 460 Remote 820
Local 487 Remote 820
Local 479 Remote 826
Local 483 Remote 822
Local 472 Remote 820
Local 467 Remote 820
Local 462 Remote 820
Local 460 Remote 820
Local 460 Remote 820
Local 460 Remote 820
Local 465 Remote 820
Local 506 Remote 820
Local 494 Remote 820
Local 473 Remote 820
Local 464 Remote 820
Local 472 Remote 820
Local 464 Remote 820
Local 461 Remote 820
Local 470 Remote 820
Local 463 Remote 820
Local 460 Remote 820
Local 460 Remote 820
Local 491 Remote 820
Local 543 Remote 820
Local 535 Remote 849
Local 525 Remote 845
Local 502 Remote 854
Local 491 Remote 870
Local 707 Remote 835
Local 823 Remote 824
Local 834 Remote 820
Local 837 Remote 820
Local 844 Remote 820
Local 875 Remote 820
Local 859 Remote 820
Local 855 Remote 820
Local 831 Remote 820
Local 721 Remote 820
Local 733 Remote 820
Local 802 Remote 820
Local 830 Remote 820
Local 870 Remote 820
Local 833 Remote 820
Local 855 Remote 820
Local 823 Remote 820
Local 822 Remote 820
Local 836 Remote 820
Local 825 Remote 820
Local 663 Remote 834
Local 736 Remote 823
Local 799 Remote 820
Local 809 Remote 820
Local 836 Remote 820
Local 859 Remote 820
Local 836 Remote 820
Local 860 Remote 820
Local 842 Remote 820
Local 814 Remote 820
Local 822 Remote 826
Local 694 Remote 825
Local 827 Remote 820
Local 817 Remote 820
Local 851 Remote 820
Local 845 Remote 820
Local 845 Remote 820
Local 857 Remote 820
Local 835 Remote 820
Local 863 Remote 820
Local 814 Remote 820
Local 742 Remote 820
Local 747 Remote 1058
Local 802 Remote 894
Local 823 Remote 842
Local 850 Remote 826
Local 836 Remote 821
Local 835 Remote 820
Local 819 Remote 820
Local 851 Remote 820
Local 839 Remote 820
Local 860 Remote 820
Local 759 Remote 820
Local 771 Remote 820
Local 812 Remote 820
Local 865 Remote 820
Local 816 Remote 820
Local 814 Remote 820
Local 838 Remote 820
Local 842 Remote 820
Local 833 Remote 820
Local 845 Remote 820
Local 838 Remote 820
Local 715 Remote 843
Local 783 Remote 826
Local 824 Remote 821
Local 811 Remote 820
Local 844 Remote 820
Local 847 Remote 820
Local 840 Remote 820
Local 844 Remote 820
Local 856 Remote 820
Local 837 Remote 820
Local 846 Remote 820
Local 708 Remote 820
Local 808 Remote 820
Local 848 Remote 820
Local 845 Remote 820
Local 853 Remote 820
Local 831 Remote 820
Local 833 Remote 820
Local 841 Remote 820
Local 834 Remote 820
Local 857 Remote 820
Local 734 Remote 820
Local 705 Remote 821
Local 847 Remote 820
Local 828 Remote 820
Local 801 Remote 820
Local 854 Remote 820
Local 847 Remote 820
Local 804 Remote 820
Local 838 Remote 820
Local 821 Remote 820
Local 827 Remote 820
Local 762 Remote 820
Local 768 Remote 820
Local 822 Remote 820
Local 841 Remote 820
Local 827 Remote 820
Local 845 Remote 820
Local 824 Remote 820
Local 840 Remote 820
Local 845 Remote 820
Local 833 Remote 820
Local 833 Remote 820
Local 664 Remote 820
Local 788 Remote 820
Local 833 Remote 820
Local 860 Remote 820
Local 856 Remote 820
Local 863 Remote 820
Local 823 Remote 820
Local 844 Remote 820
Local 826 Remote 820
Local 812 Remote 820
Local 856 Remote 820
Local 719 Remote 820
Local 832 Remote 820
Local 852 Remote 820
Local 858 Remote 820
Local 834 Remote 820
Local 865 Remote 820
Local 866 Remote 820
Local 824 Remote 820
Local 816 Remote 820
Local 822 Remote 820
Local 733 Remote 820
Local 760 Remote 820
Local 806 Remote 820
Local 855 Remote 820
Local 849 Remote 820
Local 844 Remote 820
Local 853 Remote 820
Local 824 Remote 820
Local 841 Remote 820
Local 824 Remote 820
Local 819 Remote 820
Local 698 Remote 820
Local 740 Remote 820
Local 818 Remote 820
Local 838 Remote 820
Local 826 Remote 820
Local 847 Remote 820
Local 842 Remote 820
Local 824 Remote 820
Local 861 Remote 820
Local 836 Remote 820
Local 860 Remote 820
Local 712 Remote 820
Local 805 Remote 820
Local 850 Remote 820
Local 820 Remote 820
Local 859 Remote 820
Local 859 Remote 820
Local 846 Remote 820
Local 845 Remote 820
Local 844 Remote 820
Local 852 Remote 820
Local 754 Remote 820
Local 734 Remote 820
Local 798 Remote 820
Local 829 Remote 820
Local 839 Remote 820
Local 836 Remote 820
Local 850 Remote 820
Local 829 Remote 820
Local 857 Remote 820
Local 848 Remote 820
Local 858 Remote 820
Local 784 Remote 820
Local 782 Remote 820
Local 835 Remote 820
Local 867 Remote 820
Local 829 Remote 820
Local 823 Remote 820
Local 839 Remote 820
Local 859 Remote 820
Local 839 Remote 820
Local 845 Remote 820
Local 833 Remote 820
Local 716 Remote 820
Local 773 Remote 822
Local 808 Remote 820
Local 817 Remote 820
Local 837 Remote 820
Local 848 Remote 820
Local 877 Remote 820
Local 845 Remote 820
Local 874 Remote 820
Local 888 Remote 820
Local 857 Remote 820
Local 691 Remote 820
Local 808 Remote 820
Local 829 Remote 820
Local 840 Remote 820
Local 840 Remote 820
Local 824 Remote 820
Local 842 Remote 820
Local 841 Remote 820
Local 840 Remote 820
Local 859 Remote 820
Local 760 Remote 820
Local 749 Remote 820
Local 861 Remote 820
Local 864 Remote 820
Local 855 Remote 820
Local 877 Remote 820
Local 870 Remote 820
Local 863 Remote 820
Local 860 Remote 820
Local 844 Remote 820
Local 821 Remote 820
Local 713 Remote 820
Local 808 Remote 820
Local 866 Remote 820
Local 884 Remote 820
Local 835 Remote 820
Local 836 Remote 820
Local 839 Remote 820
Local 833 Remote 820
Local 809 Remote 820
Local 834 Remote 820
Local 855 Remote 820
Local 687 Remote 831
Local 787 Remote 823
Local 780 Remote 820
Local 794 Remote 820
Local 829 Remote 820
Local 849 Remote 820
Local 874 Remote 820
Local 848 Remote 820
Local 847 Remote 820
Local 837 Remote 820
Local 754 Remote 820
Local 659 Remote 820
Local 781 Remote 820
Local 824 Remote 820
Local 845 Remote 820
Local 840 Remote 820
Local 868 Remote 820
Local 847 Remote 820
Local 828 Remote 820
Local 823 Remote 820
Local 829 Remote 820
Local 735 Remote 820
Local 729 Remote 820
Local 815 Remote 820
Local 828 Remote 820
Local 847 Remote 820
Local 839 Remote 820
Local 833 Remote 820
Local 849 Remote 820
Local 847 Remote 820
Local 848 Remote 820
Local 848 Remote 820
Local 676 Remote 820
Local 716 Remote 820
Local 834 Remote 820
Local 837 Remote 820
Local 837 Remote 820
Local 864 Remote 820
Local 891 Remote 820
Local 844 Remote 820
Local 838 Remote 820
Local 852 Remote 820
Local 846 Remote 820
Local 679 Remote 856
Local 790 Remote 831
Local 808 Remote 823
Local 850 Remote 820
Local 833 Remote 820
Local 846 Remote 820
Local 844 Remote 820
Local 859 Remote 820
Local 841 Remote 820
Local 855 Remote 820
Local 798 Remote 820
Local 704 Remote 820
Local 794 Remote 820
Local 837 Remote 820
Local 816 Remote 820
Local 854 Remote 820
Local 820 Remote 820
Local 838 Remote 820
Local 816 Remote 820
Local 826 Remote 820
Local 831 Remote 820
Local 766 Remote 820
Local 827 Remote 820
Local 843 Remote 820
Local 843 Remote 820
Local 852 Remote 820
Local 851 Remote 820
Local 860 Remote 820
Local 839 Remote 820
Local 853 Remote 820
Local 858 Remote 820
Local 845 Remote 820
Local 762 Remote 820
Local 760 Remote 820
Local 821 Remote 820
Local 809 Remote 820
Local 828 Remote 820
Local 826 Remote 820
Local 841 Remote 820
Local 865 Remote 820
Local 849 Remote 820
Local 832 Remote 820
Local 825 Remote 820
Local 785 Remote 820
Local 779 Remote 820
Local 807 Remote 820
Local 826 Remote 820
Local 833 Remote 820
Local 831 Remote 820
Local 833 Remote 820
Local 848 Remote 820
Local 857 Remote 820
Local 857 Remote 820
Local 834 Remote 820
Local 661 Remote 820
Local 784 Remote 820
Local 830 Remote 820
Local 847 Remote 820
Local 846 Remote 820
Local 867 Remote 820
Local 875 Remote 820
Local 847 Remote 820
Local 819 Remote 820
Local 811 Remote 820
Local 800 Remote 820
Local 691 Remote 820
Local 794 Remote 820
Local 854 Remote 820
Local 715 Remote 820
Local 572 Remote 820
Local 556 Remote 820
Local 550 Remote 820
Local 497 Remote 858
Local 515 Remote 856
Local 535 Remote 895
Local 539 Remote 930
Local 493 Remote 931
Local 498 Remote 886
Local 629 Remote 847
Local 768 Remote 828
Local 820 Remote 822
Local 825 Remote 820
Local 864 Remote 820
Local 870 Remote 820
Local 840 Remote 820
Local 847 Remote 820
Local 861 Remote 820
Local 891 Remote 820
Local 705 Remote 820
Local 810 Remote 820
Local 849 Remote 820
Local 852 Remote 820
Local 855 Remote 820
Local 866 Remote 820
Local 865 Remote 820
Local 874 Remote 820
Local 858 Remote 820
Local 869 Remote 820
Local 862 Remote 820
Local 685 Remote 820
Local 807 Remote 820
Local 820 Remote 820
Local 847 Remote 820
Local 853 Remote 820
Local 836 Remote 820
Local 876 Remote 820
Local 871 Remote 820
Local 846 Remote 820
Local 821 Remote 820
Local 720 Remote 820
Local 753 Remote 820
Local 804 Remote 820
Local 863 Remote 820
Local 841 Remote 820
Local 903 Remote 820
Local 854 Remote 820
Local 805 Remote 820
Local 854 Remote 820
Local 871 Remote 820
Local 859 Remote 820
Local 769 Remote 820
Local 733 Remote 820
Local 792 Remote 820
Local 825 Remote 820
Local 845 Remote 820
Local 847 Remote 820
Local 869 Remote 820
Local 844 Remote 820
Local 853 Remote 820
Local 821 Remote 820
Local 846 Remote 820
Local 675 Remote 820
Local 806 Remote 820
Local 832 Remote 820
Local 819 Remote 820
Local 833 Remote 820
Local 812 Remote 820
Local 820 Remote 820
Local 834 Remote 820
Local 854 Remote 820
Local 879 Remote 820
Local 762 Remote 855
Local 771 Remote 834
Local 792 Remote 823
Local 845 Remote 820
Local 836 Remote 820
Local 869 Remote 820
Local 847 Remote 820
Local 850 Remote 820
Local 852 Remote 820
Local 849 Remote 820
Local 840 Remote 820
Local 756 Remote 820
Local 772 Remote 820
Local 814 Remote 820
Local 818 Remote 820
Local 859 Remote 820
Local 874 Remote 820
Local 865 Remote 820
Local 867 Remote 820
Local 860 Remote 820
Local 853 Remote 820
Local 838 Remote 820
Local 740 Remote 820
Local 742 Remote 820
Local 824 Remote 820
Local 851 Remote 820
Local 868 Remote 820
Local 877 Remote 820
Local 853 Remote 820
Local 849 Remote 820
Local 840 Remote 820
Local 828 Remote 820
Local 863 Remote 820
Local 669 Remote 820
Local 786 Remote 820
Local 841 Remote 820
Local 848 Remote 820
Local 845 Remote 820
Local 853 Remote 820
Local 837 Remote 820
Local 860 Remote 820
Local 847 Remote 820
Local 846 Remote 820
Local 743 Remote 820
Local 766 Remote 820
Local 818 Remote 820
Local 861 Remote 820
Local 868 Remote 820
Local 862 Remote 820
Local 880 Remote 820
Local 862 Remote 820
Local 845 Remote 820
Local 853 Remote 820
Local 830 Remote 820
Local 673 Remote 820
Local 763 Remote 820
Local 850 Remote 820
Local 829 Remote 820
Local 847 Remote 820
Local 874 Remote 820
Local 833 Remote 820
Local 852 Remote 820
Local 850 Remote 820
Local 832 Remote 820
Local 851 Remote 820
Local 711 Remote 820
Local 800 Remote 820
Local 845 Remote 820
Local 837 Remote 820
Local 849 Remote 820
Local 870 Remote 820
Local 863 Remote 820
Local 857 Remote 820
Local 848 Remote 820
Local 875 Remote 820
Local 764 Remote 820
Local 744 Remote 820
Local 836 Remote 820
Local 836 Remote 820
Local 873 Remote 820
Local 869 Remote 820
Local 861 Remote 820
Local 832 Remote 820
Local 829 Remote 820
Local 821 Remote 820
Local 831 Remote 820
Local 655 Remote 820
Local 761 Remote 820
Local 820 Remote 820
Local 844 Remote 820
Local 822 Remote 820
Local 804 Remote 820
Local 847 Remote 820
Local 843 Remote 820
Local 879 Remote 820
Local 846 Remote 820
Local 847 Remote 820
Local 725 Remote 820
Local 805 Remote 820
Local 814 Remote 820
Local 857 Remote 820
Local 860 Remote 820
Local 845 Remote 820
Local 840 Remote 820
Local 842 Remote 820
Local 830 Remote 820
Local 854 Remote 820
Local 773 Remote 820
Local 769 Remote 820
Local 819 Remote 820
Local 841 Remote 820
Local 862 Remote 820
Local 845 Remote 820
Local 871 Remote 820
Local 809 Remote 826
Local 837 Remote 821
Local 801 Remote 820
Local 826 Remote 820
Local 702 Remote 831
Local 784 Remote 823
Local 815 Remote 820
Local 816 Remote 820
Local 844 Remote 820
Local 845 Remote 820
Local 884 Remote 820
Local 885 Remote 820
Local 854 Remote 820
Local 859 Remote 820
Local 844 Remote 820
Local 732 Remote 835
Local 832 Remote 824
Local 830 Remote 820
Local 839 Remote 820
Local 813 Remote 820
Local 840 Remote 820
Local 856 Remote 820
Local 863 Remote 820
Local 852 Remote 820
Local 865 Remote 820
Local 755 Remote 820
Local 723 Remote 820
Local 824 Remote 820
Local 847 Remote 820
Local 836 Remote 820
Local 861 Remote 820
Local 827 Remote 820
Local 858 Remote 820
Local 839 Remote 820
Local 837 Remote 820
Local 859 Remote 820
Local 766 Remote 820
Local 766 Remote 831
Local 809 Remote 823
Local 829 Remote 820
Local 830 Remote 820
Local 857 Remote 820
Local 832 Remote 820
Local 821 Remote 820
Local 844 Remote 820
Local 839 Remote 820
Local 836 Remote 820
Local 670 Remote 820
Local 765 Remote 820
Local 866 Remote 820
Local 852 Remote 820
Local 823 Remote 820
Local 841 Remote 820
Local 825 Remote 820
Local 838 Remote 820
Local 820 Remote 820
Local 848 Remote 820
Local 842 Remote 820
Local 708 Remote 820
Local 844 Remote 820
Local 851 Remote 820
Local 857 Remote 820
Local 840 Remote 820
Local 851 Remote 820
Local 865 Remote 820
Local 886 Remote 820
Local 864 Remote 820
Local 854 Remote 820
Local 744 Remote 823
Local 742 Remote 820
Local 819 Remote 820
Local 829 Remote 820
Local 843 Remote 820
Local 854 Remote 820
Local 838 Remote 820
Local 844 Remote 820
Local 853 Remote 820
Local 811 Remote 820
Local 832 Remote 820
Local 717 Remote 820
Local 780 Remote 820
Local 844 Remote 820
Local 827 Remote 826
Local 852 Remote 821
Local 864 Remote 820
Local 854 Remote 820
Local 873 Remote 820
Local 876 Remote 820
Local 858 Remote 820
Local 838 Remote 820
Local 693 Remote 820
Local 786 Remote 820
Local 837 Remote 820
Local 874 Remote 820
Local 863 Remote 820
Local 879 Remote 820
Local 842 Remote 820
Local 857 Remote 820
Local 863 Remote 820
Local 866 Remote 820
Local 774 Remote 820
Local 743 Remote 820
Local 815 Remote 820
Local 839 Remote 820
Local 880 Remote 820
Local 850 Remote 820
Local 859 Remote 820
Local 831 Remote 820
Local 834 Remote 820
Local 839 Remote 820
Local 834 Remote 820
Local 663 Remote 820
Local 795 Remote 820
Local 830 Remote 820
Local 837 Remote 820
Local 847 Remote 820
Local 851 Remote 820
Local 869 Remote 820
Local 855 Remote 820
Local 856 Remote 820
Local 849 Remote 820
Local 818 Remote 820
Local 725 Remote 820
Local 798 Remote 820
Local 852 Remote 820
Local 846 Remote 820
Local 835 Remote 820
Local 834 Remote 820
Local 835 Remote 820
Local 851 Remote 820
Local 861 Remote 820
Local 884 Remote 820
Local 792 Remote 820
Local 782 Remote 821
Local 810 Remote 820
Local 838 Remote 820
Local 849 Remote 820
Local 871 Remote 820
Local 882 Remote 820
Local 858 Remote 820
Local 844 Remote 820
Local 843 Remote 820
Local 858 Remote 820
Local 750 Remote 820
Local 766 Remote 820
Local 824 Remote 820
Local 850 Remote 820
Local 839 Remote 820
Local 839 Remote 820
Local 851 Remote 820
Local 857 Remote 820
Local 864 Remote 820
Local 840 Remote 820
Local 867 Remote 820
Local 754 Remote 820
Local 803 Remote 820
Local 843 Remote 820
Local 739 Remote 820
Local 592 Remote 820
Local 542 Remote 820
Local 493 Remote 820
Local 498 Remote 820
Local 475 Remote 855
Local 466 Remote 834
Local 503 Remote 895
Local 517 Remote 910
Local 542 Remote 920
Local 588 Remote 862
Local 776 Remote 832
Local 853 Remote 823
Local 841 Remote 820
Local 836 Remote 820
Local 823 Remote 820
Local 858 Remote 820
Local 860 Remote 820
Local 858 Remote 820
Local 914 Remote 820
Local 766 Remote 820
Local 743 Remote 820
Local 843 Remote 820
Local 838 Remote 820
Local 861 Remote 820
Local 862 Remote 820
Local 874 Remote 820
Local 868 Remote 820
Local 870 Remote 820
Local 876 Remote 820
Local 850 Remote 820
Local 712 Remote 820
Local 802 Remote 820
Local 828 Remote 820
Local 842 Remote 820
Local 844 Remote 820
Local 821 Remote 820
Local 840 Remote 820
Local 835 Remote 820
Local 833 Remote 820
Local 828 Remote 820
Local 745 Remote 820
Local 747 Remote 859
Local 813 Remote 831
Local 843 Remote 823
Local 834 Remote 820
Local 858 Remote 820
Local 858 Remote 820
Local 823 Remote 820
Local 852 Remote 820
Local 839 Remote 820
Local 857 Remote 820
Local 754 Remote 820
Local 780 Remote 820
Local 832 Remote 820
Local 850 Remote 820
Local 864 Remote 820
Local 846 Remote 820
Local 854 Remote 820
Local 882 Remote 820
Local 870 Remote 820
Local 861 Remote 820
Local 875 Remote 820
Local 680 Remote 820
Local 796 Remote 820
Local 829 Remote 820
Local 839 Remote 820
Local 859 Remote 820
Local 840 Remote 820
Local 835 Remote 820
Local 858 Remote 820
Local 851 Remote 820
Local 841 Remote 820
Local 838 Remote 820
Local 730 Remote 820
Local 813 Remote 820
Local 843 Remote 820
Local 840 Remote 820
Local 863 Remote 820
Local 850 Remote 820
Local 839 Remote 820
Local 813 Remote 820
Local 853 Remote 820
Local 874 Remote 820
Local 757 Remote 820
Local 754 Remote 820
Local 783 Remote 820
Local 829 Remote 820
Local 838 Remote 820
Local 860 Remote 820
Local 870 Remote 820
Local 877 Remote 820
Local 867 Remote 820
Local 861 Remote 820
Local 847 Remote 820
Local 675 Remote 820
Local 783 Remote 820
Local 820 Remote 820
Local 847 Remote 820
Local 844 Remote 820
Local 847 Remote 820
Local 857 Remote 820
Local 857 Remote 820
Local 871 Remote 820
Local 884 Remote 820
Local 757 Remote 820
Local 730 Remote 820
Local 824 Remote 820
Local 869 Remote 820
Local 840 Remote 820
Local 866 Remote 820
Local 844 Remote 820
Local 845 Remote 820
Local 831 Remote 820
Local 837 Remote 820
Local 830 Remote 820
Local 735 Remote 820
Local 767 Remote 820
Local 811 Remote 820
Local 876 Remote 820
Local 864 Remote 820
Local 835 Remote 820
Local 847 Remote 820
Local 808 Remote 820
Local 840 Remote 820
Local 844 Remote 820
Local 836 Remote 820
Local 661 Remote 820
Local 799 Remote 820
Local 811 Remote 820
Local 804 Remote 820
Local 874 Remote 820
Local 833 Remote 820
Local 850 Remote 820
Local 835 Remote 820
Local 831 Remote 820
Local 883 Remote 820
Local 742 Remote 820
Local 673 Remote 820
Local 786 Remote 820
Local 837 Remote 820
Local 857 Remote 820
Local 866 Remote 820
Local 865 Remote 820
Local 896 Remote 820
Local 884 Remote 820
Local 837 Remote 820
Local 836 Remote 820
Local 744 Remote 820
Local 789 Remote 820
Local 852 Remote 820
Local 832 Remote 820
Local 839 Remote 820
Local 853 Remote 820
Local 833 Remote 820
Local 832 Remote 820
Local 861 Remote 820
Local 850 Remote 820
Local 809 Remote 820
Local 692 Remote 820
Local 786 Remote 820
Local 859 Remote 820
Local 852 Remote 820
Local 854 Remote 820
Local 866 Remote 820
Local 859 Remote 820
Local 856 Remote 820
Local 866 Remote 820
Local 892 Remote 820
Local 781 Remote 820
Local 786 Remote 820
Local 842 Remote 820
Local 850 Remote 820
Local 902 Remote 820
Local 870 Remote 820
Local 860 Remote 820
Local 890 Remote 820
Local 858 Remote 820
Local 816 Remote 820
Local 853 Remote 820
Local 697 Remote 820
Local 822 Remote 820
Local 865 Remote 820
Local 858 Remote 820
Local 850 Remote 820
Local 864 Remote 820
Local 831 Remote 820
Local 833 Remote 820
Local 815 Remote 820
Local 868 Remote 820
Local 768 Remote 820
Local 678 Remote 820
Local 794 Remote 820
Local 854 Remote 820
Local 857 Remote 820
Local 835 Remote 820
Local 837 Remote 820
Local 813 Remote 820
Local 830 Remote 820
Local 854 Remote 820
Local 862 Remote 820
Local 775 Remote 820
Local 785 Remote 820
Local 847 Remote 820
Local 850 Remote 820
Local 850 Remote 820
Local 864 Remote 820
Local 890 Remote 820
Local 876 Remote 820
Local 849 Remote 820
Local 874 Remote 820
Local 850 Remote 820
Local 694 Remote 820
Local 787 Remote 820
Local 817 Remote 820
Local 818 Remote 820
Local 856 Remote 820
Local 848 Remote 820
Local 857 Remote 820
Local 840 Remote 820
Local 861 Remote 820
Local 878 Remote 820
Local 755 Remote 820
Local 719 Remote 841
Local 829 Remote 826
Local 851 Remote 821
Local 846 Remote 820
Local 827 Remote 820
Local 850 Remote 820
Local 836 Remote 820
Local 837 Remote 820
Local 846 Remote 820
Local 845 Remote 820
Local 735 Remote 820
Local 756 Remote 820
Local 827 Remote 820
Local 850 Remote 820
Local 865 Remote 820
Local 865 Remote 820
Local 847 Remote 820
Local 846 Remote 820
Local 825 Remote 820
Local 849 Remote 820
Local 888 Remote 820
Local 694 Remote 820
Local 789 Remote 820
Local 803 Remote 820
Local 820 Remote 820
Local 836 Remote 820
Local 847 Remote 820
Local 845 Remote 820
Local 873 Remote 820
Local 881 Remote 820
Local 881 Remote 820
Local 843 Remote 820
Local 621 Remote 843
Local 793 Remote 826
Local 843 Remote 821
Local 845 Remote 820
Local 858 Remote 820
Local 854 Remote 820
Local 859 Remote 820
Local 853 Remote 820
Local 857 Remote 820
Local 827 Remote 820
Local 754 Remote 820
Local 774 Remote 820
Local 835 Remote 820
Local 858 Remote 820
Local 855 Remote 820
Local 851 Remote 820
Local 836 Remote 820
Local 831 Remote 820
Local 828 Remote 820
Local 848 Remote 820
Local 836 Remote 820
Local 676 Remote 837
Local 790 Remote 824
Local 845 Remote 820
Local 816 Remote 820
Local 851 Remote 820
Local 856 Remote 820
Local 859 Remote 820
Local 841 Remote 820
Local 833 Remote 820
Local 851 Remote 820
Local 810 Remote 820
Local 749 Remote 820
Local 817 Remote 820
Local 817 Remote 820
Local 843 Remote 820
Local 845 Remote 820
Local 862 Remote 820
Local 838 Remote 820
Local 833 Remote 820
Local 840 Remote 820
Local 851 Remote 820
Local 823 Remote 820
Local 797 Remote 820
Local 867 Remote 820
Local 856 Remote 820
Local 836 Remote 820
Local 819 Remote 820
Local 863 Remote 820
Local 836 Remote 820
Local 870 Remote 820
Local 866 Remote 820
Local 820 Remote 820
Local 775 Remote 820
Local 760 Remote 820
Local 843 Remote 820
Local 860 Remote 820
Local 836 Remote 820
Local 843 Remote 820
Local 859 Remote 820
Local 859 Remote 820
Local 843 Remote 820
Local 857 Remote 820
Local 839 Remote 820
Local 740 Remote 847
Local 804 Remote 828
Local 834 Remote 822
Local 866 Remote 820
Local 824 Remote 820
Local 846 Remote 820
Local 850 Remote 820
Local 846 Remote 820
Local 849 Remote 820
Local 821 Remote 820
Local 712 Remote 820
Local 771 Remote 820
Local 818 Remote 820
Local 854 Remote 820
Local 828 Remote 820
Local 853 Remote 820
Local 884 Remote 820
Local 863 Remote 820
Local 848 Remote 820
Local 894 Remote 820
Local 829 Remote 820
Local 685 Remote 820
Local 790 Remote 820
Local 846 Remote 820
Local 692 Remote 820
Local 557 Remote 820
Local 506 Remote 820
Local 478 Remote 820
Local 466 Remote 820
Local 471 Remote 890
Local 481 Remote 955
Local 518 Remote 944
Local 505 Remote 892
Local 536 Remote 1009
Local 585 Remote 921
Local 757 Remote 851
Local 814 Remote 829
Local 858 Remote 822
Local 883 Remote 820
Local 870 Remote 820
Local 884 Remote 820
Local 844 Remote 821
Local 825 Remote 820
Local 825 Remote 820
Local 710 Remote 820
Local 722 Remote 820
Local 815 Remote 820
Local 841 Remote 820
Local 848 Remote 820
Local 846 Remote 820
Local 844 Remote 820
Local 838 Remote 820
Local 854 Remote 820
Local 848 Remote 820
Local 833 Remote 820
Local 683 Remote 820
Local 752 Remote 820
Local 816 Remote 820
Local 843 Remote 820
Local 824 Remote 820
Local 834 Remote 820
Local 823 Remote 820
Local 858 Remote 820
Local 845 Remote 820
Local 837 Remote 820
Local 819 Remote 820
Local 640 Remote 820
Local 808 Remote 820
Local 860 Remote 820
Local 854 Remote 820
Local 834 Remote 820
Local 865 Remote 820
Local 850 Remote 820
Local 837 Remote 820
Local 881 Remote 820
Local 831 Remote 820
Local 736 Remote 820
Local 767 Remote 820
Local 821 Remote 820
Local 822 Remote 820
Local 808 Remote 820
Local 836 Remote 820
Local 862 Remote 820
Local 843 Remote 820
Local 836 Remote 820
Local 836 Remote 820
Local 849 Remote 820
Local 722 Remote 820
Local 809 Remote 820
Local 840 Remote 820
Local 855 Remote 820
Local 863 Remote 820
Local 836 Remote 820
Local 831 Remote 820
Local 872 Remote 820
Local 839 Remote 820
Local 833 Remote 820
Local 890 Remote 820
Local 709 Remote 833
Local 805 Remote 823
Local 826 Remote 820
Local 821 Remote 820
Local 828 Remote 820
Local 833 Remote 820
Local 826 Remote 820
Local 826 Remote 820
Local 842 Remote 820
Local 826 Remote 820
Local 739 Remote 820
Local 749 Remote 825
Local 774 Remote 820
Local 838 Remote 820
Local 851 Remote 820
Local 853 Remote 820
Local 848 Remote 820
Local 841 Remote 820
Local 865 Remote 824
Local 878 Remote 820
Local 849 Remote 820
Local 748 Remote 820
Local 778 Remote 820
Local 805 Remote 820
Local 818 Remote 820
Local 844 Remote 820
Local 862 Remote 820
Local 878 Remote 820
Local 857 Remote 820
Local 837 Remote 820
Local 853 Remote 820
Local 849 Remote 820
Local 673 Remote 820
Local 748 Remote 820
Local 844 Remote 820
Local 841 Remote 820
Local 853 Remote 820
Local 848 Remote 820
Local 842 Remote 820
Local 860 Remote 820
Local 822 Remote 820
Local 844 Remote 820
Local 795 Remote 820
Local 697 Remote 820
Local 817 Remote 820
Local 831 Remote 820
Local 833 Remote 820
Local 842 Remote 820
Local 829 Remote 820
Local 859 Remote 820
Local 824 Remote 820
Local 821 Remote 820
Local 818 Remote 820
Local 710 Remote 820
Local 762 Remote 820
Local 810 Remote 820
Local 836 Remote 820
Local 875 Remote 820
Local 881 Remote 820
Local 835 Remote 820
Local 833 Remote 820
Local 850 Remote 820
Local 842 Remote 820
Local 839 Remote 820
Local 677 Remote 820
Local 774 Remote 820
Local 826 Remote 820
Local 852 Remote 820
Local 879 Remote 820
Local 868 Remote 820
Local 866 Remote 820
Local 876 Remote 820
Local 833 Remote 820
Local 816 Remote 820
Local 807 Remote 820
Local 701 Remote 820
Local 801 Remote 820
Local 835 Remote 820
Local 836 Remote 820
Local 899 Remote 820
Local 858 Remote 820
Local 861 Remote 820
Local 853 Remote 820
Local 843 Remote 820
Local 825 Remote 820
Local 749 Remote 820
Local 743 Remote 820
Local 812 Remote 820
Local 866 Remote 820
Local 868 Remote 820
Local 825 Remote 820
Local 862 Remote 820
Local 853 Remote 820
Local 857 Remote 820
Local 822 Remote 820
Local 836 Remote 820
Local 747 Remote 820
Local 783 Remote 820
Local 848 Remote 820
Local 825 Remote 820
Local 834 Remote 820
Local 838 Remote 820
Local 842 Remote 820
Local 812 Remote 820
Local 825 Remote 820
Local 834 Remote 820
Local 843 Remote 820
Local 720 Remote 820
Local 802 Remote 820
Local 847 Remote 820
Local 848 Remote 820
Local 861 Remote 820
Local 839 Remote 820
Local 851 Remote 820
Local 827 Remote 820
Local 826 Remote 820
Local 831 Remote 820
Local 725 Remote 820
Local 752 Remote 820
Local 774 Remote 820
Local 835 Remote 820
Local 838 Remote 820
Local 815 Remote 820
Local 825 Remote 820
Local 856 Remote 820
Local 845 Remote 820
Local 838 Remote 820
Local 842 Remote 820
Local 754 Remote 820
Local 764 Remote 820
Local 822 Remote 820
Local 827 Remote 820
Local 839 Remote 820
Local 834 Remote 820
Local 836 Remote 820
Local 847 Remote 820
Local 836 Remote 820
Local 859 Remote 820
Local 840 Remote 820
Local 689 Remote 820
Local 816 Remote 820
Local 834 Remote 820
Local 872 Remote 820
Local 864 Remote 820
Local 857 Remote 820
Local 842 Remote 820
Local 837 Remote 820
Local 864 Remote 820
Local 894 Remote 820
Local 798 Remote 820
Local 772 Remote 820
Local 815 Remote 820
Local 844 Remote 820
Local 844 Remote 820
Local 829 Remote 820
Local 855 Remote 820
Local 856 Remote 820
Local 850 Remote 820
Local 857 Remote 820
Local 845 Remote 820
Local 717 Remote 820
Local 760 Remote 820
Local 840 Remote 820
Local 817 Remote 820
Local 851 Remote 820
Local 803 Remote 820
Local 806 Remote 820
Local 820 Remote 820
Local 818 Remote 820
Local 848 Remote 820
Local 829 Remote 820
Local 721 Remote 1012
Local 816 Remote 880
Local 820 Remote 838
Local 835 Remote 824
Local 841 Remote 820
Local 849 Remote 820
Local 859 Remote 820
Local 877 Remote 820
Local 875 Remote 820
Local 857 Remote 820
Local 830 Remote 820
Local 708 Remote 820
Local 818 Remote 820
Local 839 Remote 820
Local 854 Remote 820
Local 835 Remote 820
Local 840 Remote 820
Local 815 Remote 820
Local 841 Remote 820
Local 827 Remote 820
Local 831 Remote 820
Local 723 Remote 820
Local 718 Remote 820
Local 796 Remote 820
Local 823 Remote 820
Local 811 Remote 820
Local 822 Remote 820
Local 831 Remote 820
Local 843 Remote 820
Local 828 Remote 820
Local 837 Remote 820
Local 837 Remote 820
Local 672 Remote 820
Local 811 Remote 820
Local 811 Remote 820
Local 837 Remote 820
Local 855 Remote 820
Local 807 Remote 820
Local 826 Remote 820
Local 844 Remote 820
Local 823 Remote 820
Local 838 Remote 820
Local 750 Remote 820
Local 744 Remote 820
Local 813 Remote 820
Local 831 Remote 820
Local 883 Remote 820
Local 821 Remote 820
Local 869 Remote 820
Local 859 Remote 820
Local 843 Remote 820
Local 855 Remote 820
Local 839 Remote 820
Local 761 Remote 820
Local 792 Remote 820
Local 816 Remote 820
Local 809 Remote 820
Local 836 Remote 820
Local 827 Remote 820
Local 829 Remote 820
Local 824 Remote 820
Local 841 Remote 820
Local 827 Remote 820
Local 823 Remote 820
Local 671 Remote 820
Local 790 Remote 820
Local 808 Remote 820
Local 829 Remote 820
Local 865 Remote 820
Local 846 Remote 820
Local 846 Remote 820
Local 838 Remote 820
Local 854 Remote 820
Local 859 Remote 820
Local 844 Remote 820
Local 695 Remote 820
Local 780 Remote 820
Local 820 Remote 820
Local 827 Remote 820
Local 829 Remote 820
Local 857 Remote 820
Local 808 Remote 820
Local 840 Remote 820
Local 817 Remote 820
Local 839 Remote 820
Local 802 Remote 820
Local 721 Remote 820
Local 812 Remote 820
Local 825 Remote 820
Local 851 Remote 820
Local 813 Remote 820
Local 807 Remote 820
Local 806 Remote 820
Local 828 Remote 820
Local 860 Remote 820
Local 843 Remote 820
Local 766 Remote 820
Local 776 Remote 820
Local 836 Remote 820
Local 853 Remote 820
Local 721 Remote 820
Local 569 Remote 820
Local 507 Remote 820
Local 481 Remote 820
Local 468 Remote 820
Local 489 Remote 908
Local 484 Remote 899
Local 493 Remote 906
Local 476 Remote 856
Local 490 Remote 870
Local 621 Remote 840
Local 757 Remote 826
Local 791 Remote 821
Local 819 Remote 820
Local 825 Remote 820
Local 828 Remote 820
Local 833 Remote 820
Local 851 Remote 820
Local 849 Remote 820
Local 844 Remote 820
Local 737 Remote 820
Local 793 Remote 820
Local 852 Remote 820
Local 878 Remote 820
Local 862 Remote 820
Local 859 Remote 820
Local 840 Remote 820
Local 838 Remote 820
Local 862 Remote 820
Local 865 Remote 820
Local 862 Remote 820
Local 734 Remote 820
Local 815 Remote 820
Local 818 Remote 820
Local 837 Remote 820
Local 857 Remote 820
Local 822 Remote 820
Local 830 Remote 820
Local 859 Remote 820
Local 860 Remote 820
Local 840 Remote 820
Local 673 Remote 820
Local 799 Remote 820
Local 845 Remote 820
Local 849 Remote 820
Local 887 Remote 820
Local 848 Remote 820
Local 836 Remote 820
Local 843 Remote 820
Local 866 Remote 820
Local 834 Remote 820
Local 908 Remote 820
Local 729 Remote 856
Local 808 Remote 831
Local 804 Remote 823
Local 838 Remote 820
Local 839 Remote 820
Local 832 Remote 820
Local 854 Remote 820
Local 885 Remote 820
Local 849 Remote 820
Local 823 Remote 820
Local 730 Remote 820
Local 746 Remote 820
Local 813 Remote 820
Local 849 Remote 820
Local 857 Remote 820
Local 814 Remote 820
Local 854 Remote 820
Local 853 Remote 820
Local 872 Remote 820
Local 853 Remote 820
Local 876 Remote 820
Local 798 Remote 820
Local 775 Remote 820
Local 828 Remote 820
Local 859 Remote 820
Local 849 Remote 820
Local 872 Remote 820
Local 859 Remote 820
Local 858 Remote 820
Local 844 Remote 820
Local 843 Remote 820
Local 853 Remote 820
Local 682 Remote 820
Local 808 Remote 820
Local 871 Remote 820
Local 882 Remote 820
Local 836 Remote 820
Local 847 Remote 820
Local 840 Remote 820
Local 874 Remote 820
Local 830 Remote 820
Local 865 Remote 820
Local 802 Remote 821
Local 788 Remote 820
Local 815 Remote 820
Local 819 Remote 820
Local 847 Remote 820
Local 843 Remote 820
Local 847 Remote 820
Local 845 Remote 820
Local 882 Remote 820
Local 851 Remote 820
Local 855 Remote 820
Local 770 Remote 820
Local 727 Remote 820
Local 814 Remote 820
Local 817 Remote 820
Local 845 Remote 820
Local 816 Remote 820
Local 823 Remote 820
Local 836 Remote 820
Local 846 Remote 820
Local 855 Remote 820
Local 836 Remote 820
Local 736 Remote 820
Local 721 Remote 820
Local 789 Remote 820
Local 816 Remote 820
Local 840 Remote 820
Local 806 Remote 820
Local 848 Remote 820
Local 867 Remote 820
Local 840 Remote 820
Local 844 Remote 820
Local 829 Remote 820
Local 715 Remote 821
Local 766 Remote 820
Local 809 Remote 820
Local 831 Remote 820
Local 842 Remote 820
Local 848 Remote 820
Local 840 Remote 820
Local 886 Remote 820
Local 866 Remote 820
Local 809 Remote 820
Local 817 Remote 820
Local 719 Remote 820
Local 818 Remote 820
Local 823 Remote 820
Local 853 Remote 820
Local 826 Remote 820
Local 849 Remote 820
Local 860 Remote 820
Local 862 Remote 820
Local 839 Remote 820
Local 836 Remote 820
Local 832 Remote 820
Local 725 Remote 820
Local 819 Remote 820
Local 836 Remote 820
Local 869 Remote 820
Local 847 Remote 820
Local 823 Remote 820
Local 835 Remote 820
Local 854 Remote 820
Local 827 Remote 820
Local 860 Remote 820
Local 756 Remote 820
Local 743 Remote 820
Local 817 Remote 820
Local 834 Remote 820
Local 835 Remote 820
Local 849 Remote 820
Local 828 Remote 820
Local 837 Remote 820
Local 855 Remote 820
Local 878 Remote 820
Local 851 Remote 820
Local 677 Remote 820
Local 755 Remote 820
Local 813 Remote 820
Local 835 Remote 820
Local 823 Remote 820
Local 808 Remote 820
Local 798 Remote 820
Local 865 Remote 820
Local 835 Remote 820
Local 798 Remote 820
Local 832 Remote 820
Local 718 Remote 820
Local 792 Remote 820
Local 822 Remote 820
Local 836 Remote 820
Local 850 Remote 820
Local 864 Remote 820
Local 839 Remote 820
Local 857 Remote 820
Local 862 Remote 820
Local 847 Remote 820
Local 754 Remote 820
Local 769 Remote 820
Local 825 Remote 820
Local 846 Remote 820
Local 850 Remote 820
Local 813 Remote 820
Local 849 Remote 820
Local 835 Remote 820
Local 835 Remote 820
Local 850 Remote 820
Local 848 Remote 820
Local 738 Remote 820
Local 760 Remote 820
Local 824 Remote 820
Local 837 Remote 820
Local 850 Remote 820
Local 836 Remote 820
Local 865 Remote 820
Local 844 Remote 820
Local 856 Remote 820
Local 849 Remote 820
Local 847 Remote 820
Local 720 Remote 820
Local 818 Remote 820
Local 846 Remote 820
Local 866 Remote 820
Local 853 Remote 820
Local 845 Remote 820
Local 832 Remote 820
Local 834 Remote 820
Local 813 Remote 820
Local 868 Remote 820
Local 741 Remote 820
Local 742 Remote 820
Local 800 Remote 820
Local 821 Remote 820
Local 825 Remote 820
Local 809 Remote 820
Local 841 Remote 820
Local 853 Remote 820
Local 845 Remote 820
Local 833 Remote 820
Local 813 Remote 820
Local 751 Remote 820
Local 785 Remote 877
Local 829 Remote 837
Local 847 Remote 824
Local 846 Remote 820
Local 851 Remote 820
Local 840 Remote 820
Local 870 Remote 820
Local 832 Remote 820
Local 845 Remote 820
Local 842 Remote 820
Local 679 Remote 820
Local 794 Remote 820
Local 814 Remote 820
Local 812 Remote 820
Local 846 Remote 820
Local 825 Remote 820
Local 840 Remote 820
Local 832 Remote 820
Local 875 Remote 820
Local 841 Remote 820
Local 842 Remote 820
Local 669 Remote 820
Local 761 Remote 820
Local 801 Remote 820
Local 838 Remote 820
Local 846 Remote 820
Local 852 Remote 820
Local 852 Remote 820
Local 842 Remote 820
Local 864 Remote 820
Local 829 Remote 820
Local 727 Remote 820
Local 745 Remote 820
Local 842 Remote 820
Local 866 Remote 820
Local 857 Remote 820
Local 858 Remote 820
Local 844 Remote 820
Local 851 Remote 820
Local 852 Remote 820
Local 864 Remote 820
Local 829 Remote 820
Local 736 Remote 820
Local 749 Remote 820
Local 815 Remote 820
Local 822 Remote 820
Local 826 Remote 820
Local 835 Remote 820
Local 842 Remote 820
Local 860 Remote 820
Local 840 Remote 820
Local 826 Remote 820
Local 821 Remote 820
Local 675 Remote 820
Local 747 Remote 820
Local 786 Remote 820
Local 817 Remote 820
Local 840 Remote 820
Local 834 Remote 820
Local 849 Remote 820
Local 869 Remote 820
Local 846 Remote 820
Local 829 Remote 820
Local 891 Remote 820
Local 735 Remote 837
Local 820 Remote 824
Local 831 Remote 820
Local 808 Remote 820
Local 849 Remote 820
Local 853 Remote 820
Local 840 Remote 820
Local 865 Remote 820
Local 881 Remote 820
Local 830 Remote 820
Local 727 Remote 820
Local 728 Remote 826
Local 783 Remote 821
Local 825 Remote 820
Local 837 Remote 820
Local 832 Remote 820
Local 851 Remote 820
Local 850 Remote 820
Local 829 Remote 820
Local 827 Remote 820
Local 832 Remote 820
Local 731 Remote 820
Local 775 Remote 921
Local 818 Remote 851
Local 826 Remote 829
Local 852 Remote 822
Local 855 Remote 820
Local 858 Remote 820
Local 829 Remote 820
Local 842 Remote 820
Local 816 Remote 820
Local 814 Remote 820
Local 655 Remote 820
Local 778 Remote 820
Local 824 Remote 820
Local 834 Remote 820
Local 858 Remote 820
Local 835 Remote 820
Local 840 Remote 820
Local 827 Remote 820
Local 831 Remote 820
Local 851 Remote 820
Local 845 Remote 820
Local 719 Remote 820
Local 810 Remote 820
Local 818 Remote 820
Local 665 Remote 820
Local 568 Remote 820
Local 513 Remote 837
Local 481 Remote 826
Local 468 Remote 822
Local 481 Remote 820
Local 468 Remote 820
Local 506 Remote 820
Local 478 Remote 820
Local 506 Remote 820
Local 478 Remote 840
Local 466 Remote 828
Local 462 Remote 823
Local 460 Remote 820
Local 460 Remote 820
Local 460 Remote 820
Local 460 Remote 820
Local 460 Remote 820
Local 460 Remote 820
Local 460 Remote 820
Local 464 Remote 850
Local 461 Remote 832
Local 460 Remote 824
Local 460 Remote 821
Local 460 Remote 820
Local 460 Remote 820
Local 460 Remote 820
Local 460 Remote 820
Local 460 Remote 820
Local 485 Remote 820
Local 469 Remote 820
Local 481 Remote 870
Local 503 Remote 840
Local 487 Remote 833
