Local 520 Remote 820
Local 484 Remote 847
Local 497 Remote 877
Local 475 Remote 843
Local 539 Remote 829
Local 503 Remote 823
Local 509 Remote 820
Local 480 Remote 827
Local 468 Remote 822
Local 463 Remote 820
Local 481 Remote 820
Local 468 Remote 820
Local 478 Remote 820
Local 478 Remote 820
Local 466 Remote 820
Local 523 Remote 820
Local 550 Remote 820
Local 497 Remote 820
Local 475 Remote 820
Local 481 Remote 820
Local 468 Remote 820
Local 463 Remote 820
Local 460 Remote 820
Local 460 Remote 820
Local 508 Remote 879
Local 487 Remote 844
Local 489 Remote 914
Local 499 Remote 889
Local 493 Remote 889
Local 1094 Remote 835
Local 1176 Remote 824
Local 1244 Remote 820
Local 1293 Remote 824
Local 1270 Remote 820
Local 1272 Remote 820
Local 1283 Remote 820
Local 1292 Remote 820
Local 1242 Remote 820
Local 1292 Remote 820
Local 1291 Remote 820
Local 956 Remote 820
Local 1189 Remote 820
Local 1215 Remote 820
Local 1263 Remote 820
Local 1267 Remote 820
Local 1209 Remote 820
Local 1265 Remote 820
Local 1247 Remote 820
Local 1227 Remote 820
Local 1267 Remote 820
Local 1252 Remote 820
Local 1205 Remote 820
Local 986 Remote 848
Local 1141 Remote 826
Local 1235 Remote 820
Local 1288 Remote 820
Local 1270 Remote 820
Local 1244 Remote 820
Local 1187 Remote 820
Local 1236 Remote 820
Local 1269 Remote 820
Local 1229 Remote 820
Local 1224 Remote 820
Local 894 Remote 820
Local 1167 Remote 820
Local 1216 Remote 820
Local 1253 Remote 820
Local 1300 Remote 820
Local 1274 Remote 820
Local 1242 Remote 820
Local 1173 Remote 820
Local 1226 Remote 820
Local 1236 Remote 820
Local 1239 Remote 820
Local 1218 Remote 820
Local 1003 Remote 841
Local 1161 Remote 826
Local 1247 Remote 821
Local 1319 Remote 820
Local 1268 Remote 829
Local 1264 Remote 821
Local 1279 Remote 820
Local 1258 Remote 820
Local 1263 Remote 820
Local 1280 Remote 820
Local 1236 Remote 820
Local 1231 Remote 820
Local 1050 Remote 841
Local 1113 Remote 826
Local 1233 Remote 820
Local 1243 Remote 820
Local 1266 Remote 820
Local 1269 Remote 820
Local 1247 Remote 820
Local 1230 Remote 820
Local 1218 Remote 820
Local 1219 Remote 820
Local 1236 Remote 820
Local 1226 Remote 820
Local 871 Remote 820
Local 1048 Remote 820
Local 1211 Remote 820
Local 1214 Remote 820
Local 1243 Remote 824
Local 1194 Remote 820
Local 1250 Remote 820
Local 1274 Remote 820
Local 1230 Remote 820
Local 1231 Remote 820
Local 1224 Remote 820
Local 1210 Remote 820
Local 993 Remote 820
Local 1175 Remote 850
Local 1257 Remote 826
Local 1244 Remote 820
Local 1242 Remote 820
Local 1219 Remote 820
Local 1229 Remote 820
Local 1262 Remote 820
Local 1265 Remote 820
Local 1233 Remote 820
Local 1239 Remote 820
Local 1243 Remote 826
Local 1028 Remote 822
Local 1182 Remote 820
Local 1238 Remote 820
Local 1264 Remote 820
Local 1294 Remote 820
Local 1239 Remote 820
Local 1253 Remote 820
Local 1252 Remote 828
Local 1257 Remote 822
Local 1244 Remote 820
Local 1262 Remote 820
Local 1236 Remote 820
Local 1029 Remote 820
Local 1124 Remote 820
Local 1229 Remote 820
Local 1227 Remote 820
Local 1284 Remote 820
Local 1260 Remote 820
Local 1260 Remote 820
Local 1236 Remote 822
Local 1277 Remote 820
Local 1245 Remote 820
Local 1267 Remote 836
Local 1260 Remote 823
Local 911 Remote 850
Local 1046 Remote 829
Local 1184 Remote 827
Local 1256 Remote 820
Local 1232 Remote 820
Local 1242 Remote 839
Local 1253 Remote 823
Local 1254 Remote 820
Local 1232 Remote 820
Local 1208 Remote 820
Local 1231 Remote 820
Local 1248 Remote 820
Local 980 Remote 820
Local 1182 Remote 820
Local 1184 Remote 820
Local 1227 Remote 820
Local 1220 Remote 820
Local 1214 Remote 820
Local 1235 Remote 820
Local 1254 Remote 820
Local 1218 Remote 820
Local 1248 Remote 820
Local 1229 Remote 820
Local 1231 Remote 820
Local 883 Remote 820
Local 1092 Remote 820
Local 1225 Remote 820
Local 1226 Remote 829
Local 1236 Remote 821
Local 1234 Remote 820
Local 1288 Remote 820
Local 1289 Remote 824
Local 1241 Remote 820
Local 1251 Remote 820
Local 1232 Remote 820
Local 1154 Remote 821
Local 1008 Remote 852
Local 1212 Remote 834
Local 1255 Remote 822
Local 1254 Remote 820
Local 1250 Remote 820
Local 1249 Remote 820
Local 1266 Remote 820
Local 1293 Remote 820
Local 1256 Remote 820
Local 1263 Remote 850
Local 1253 Remote 826
Local 1047 Remote 821
Local 1032 Remote 820
Local 1175 Remote 820
Local 1230 Remote 820
Local 1275 Remote 820
Local 1234 Remote 820
Local 1214 Remote 820
Local 1221 Remote 820
Local 1285 Remote 820
Local 1277 Remote 820
Local 1263 Remote 820
Local 1266 Remote 820
Local 1138 Remote 820
Local 1043 Remote 820
Local 1187 Remote 820
Local 1227 Remote 820
Local 1240 Remote 820
Local 1245 Remote 820
Local 1243 Remote 820
Local 1230 Remote 820
Local 1307 Remote 820
Local 1238 Remote 820
Local 1204 Remote 820
Local 1227 Remote 820
Local 1021 Remote 820
Local 1050 Remote 820
Local 1195 Remote 820
Local 1253 Remote 820
Local 1304 Remote 820
Local 1240 Remote 820
Local 1259 Remote 820
Local 1262 Remote 820
Local 1270 Remote 820
Local 1279 Remote 820
Local 1214 Remote 820
Local 1257 Remote 820
Local 1250 Remote 820
Local 991 Remote 820
Local 1118 Remote 820
Local 1233 Remote 820
Local 1250 Remote 820
Local 1238 Remote 820
Local 1258 Remote 820
Local 1266 Remote 820
Local 1269 Remote 820
Local 1262 Remote 820
Local 1297 Remote 836
Local 1248 Remote 823
Local 1231 Remote 820
Local 988 Remote 820
Local 1236 Remote 820
Local 1190 Remote 820
Local 1209 Remote 820
Local 1240 Remote 820
Local 1241 Remote 820
Local 1235 Remote 820
Local 1241 Remote 820
Local 1235 Remote 820
Local 1237 Remote 820
Local 1277 Remote 820
Local 1030 Remote 820
Local 1093 Remote 820
Local 1223 Remote 837
Local 1225 Remote 823
Local 1247 Remote 824
Local 1253 Remote 820
Local 1248 Remote 820
Local 1235 Remote 820
Local 1238 Remote 824
Local 1224 Remote 820
Local 1241 Remote 820
Local 1236 Remote 841
Local 1248 Remote 826
Local 985 Remote 822
Local 1184 Remote 820
Local 1239 Remote 826
Local 1246 Remote 821
Local 1286 Remote 820
Local 1262 Remote 820
Local 1279 Remote 820
Local 1313 Remote 820
Local 1236 Remote 820
Local 1234 Remote 820
Local 1181 Remote 820
Local 1218 Remote 820
Local 1054 Remote 835
Local 1111 Remote 824
Local 1238 Remote 820
Local 1253 Remote 820
Local 1260 Remote 821
Local 1239 Remote 820
Local 1224 Remote 820
Local 1280 Remote 820
Local 1299 Remote 820
Local 1281 Remote 820
Local 1231 Remote 820
Local 1220 Remote 820
Local 1027 Remote 820
Local 1100 Remote 834
Local 1163 Remote 822
Local 1261 Remote 820
Local 1261 Remote 820
Local 1265 Remote 820
Local 1270 Remote 820
Local 1288 Remote 820
Local 1276 Remote 820
Local 1256 Remote 820
Local 1282 Remote 820
Local 1241 Remote 820
Local 1068 Remote 820
Local 1129 Remote 826
Local 1228 Remote 820
Local 1221 Remote 820
Local 1238 Remote 820
Local 1256 Remote 820
Local 1262 Remote 850
Local 1240 Remote 829
Local 1276 Remote 821
Local 1231 Remote 820
Local 1245 Remote 820
Local 1250 Remote 820
Local 902 Remote 847
Local 1118 Remote 838
Local 1159 Remote 823
Local 1228 Remote 820
Local 1220 Remote 820
Local 1251 Remote 820
Local 1189 Remote 823
Local 1187 Remote 820
Local 1229 Remote 820
Local 1235 Remote 820
Local 1284 Remote 825
Local 1057 Remote 820
Local 1017 Remote 820
Local 1153 Remote 820
Local 1230 Remote 820
Local 1272 Remote 820
Local 1274 Remote 820
Local 1251 Remote 820
Local 1228 Remote 820
Local 1249 Remote 820
Local 1223 Remote 820
Local 1251 Remote 820
Local 1217 Remote 820
Local 910 Remote 835
Local 1165 Remote 823
Local 1249 Remote 820
Local 1281 Remote 820
Local 1271 Remote 820
Local 1234 Remote 820
Local 1222 Remote 820
Local 1252 Remote 820
Local 1252 Remote 820
Local 1281 Remote 835
Local 1233 Remote 823
Local 1262 Remote 820
Local 898 Remote 820
Local 1130 Remote 820
Local 1221 Remote 820
Local 1293 Remote 820
Local 1283 Remote 820
Local 1265 Remote 820
Local 1263 Remote 820
Local 1245 Remote 820
Local 1228 Remote 820
Local 1208 Remote 820
Local 1250 Remote 820
Local 1242 Remote 820
Local 1060 Remote 820
Local 1157 Remote 820
Local 1223 Remote 820
Local 1275 Remote 820
Local 1282 Remote 820
Local 1235 Remote 820
Local 1247 Remote 820
Local 1257 Remote 820
Local 1244 Remote 820
Local 1232 Remote 826
Local 1255 Remote 821
Local 1256 Remote 820
Local 910 Remote 820
Local 1154 Remote 820
Local 1217 Remote 820
Local 1212 Remote 820
Local 1271 Remote 820
Local 1242 Remote 828
Local 1238 Remote 822
Local 1240 Remote 820
Local 1272 Remote 820
Local 1283 Remote 820
Local 1246 Remote 820
Local 1248 Remote 820
Local 1051 Remote 820
Local 1026 Remote 820
Local 1219 Remote 820
Local 1239 Remote 820
Local 1262 Remote 820
Local 1252 Remote 820
Local 1241 Remote 820
Local 1195 Remote 820
Local 1248 Remote 829
Local 1247 Remote 821
Local 1270 Remote 820
Local 1283 Remote 820
Local 1102 Remote 820
Local 1111 Remote 820
Local 1208 Remote 820
Local 1266 Remote 820
Local 901 Remote 820
Local 645 Remote 820
Local 537 Remote 820
Local 510 Remote 820
Local 497 Remote 832
Local 649 Remote 824
Local 568 Remote 825
Local 572 Remote 869
Local 519 Remote 872
Local 507 Remote 892
Local 1100 Remote 836
Local 1209 Remote 842
Local 1221 Remote 826
Local 1265 Remote 820
Local 1217 Remote 820
Local 1265 Remote 820
Local 1216 Remote 820
Local 1231 Remote 820
Local 1234 Remote 820
Local 1237 Remote 820
Local 1252 Remote 820
Local 913 Remote 820
Local 1154 Remote 820
Local 1191 Remote 820
Local 1229 Remote 820
Local 1246 Remote 821
Local 1262 Remote 820
Local 1264 Remote 820
Local 1238 Remote 820
Local 1253 Remote 820
Local 1267 Remote 820
Local 1254 Remote 820
Local 1295 Remote 820
Local 1050 Remote 820
Local 1137 Remote 826
Local 1213 Remote 820
Local 1215 Remote 820
Local 1257 Remote 820
Local 1268 Remote 820
Local 1227 Remote 820
Local 1264 Remote 820
Local 1257 Remote 820
Local 1280 Remote 820
Local 1262 Remote 820
Local 1255 Remote 820
Local 895 Remote 820
Local 1136 Remote 820
Local 1223 Remote 820
Local 1269 Remote 820
Local 1215 Remote 820
Local 1271 Remote 820
Local 1252 Remote 820
Local 1205 Remote 820
Local 1224 Remote 820
Local 1220 Remote 820
Local 1242 Remote 820
Local 1248 Remote 856
Local 972 Remote 846
Local 1163 Remote 827
Local 1210 Remote 820
Local 1263 Remote 820
Local 1250 Remote 820
Local 1189 Remote 832
Local 1200 Remote 823
Local 1238 Remote 820
Local 1237 Remote 820
Local 1252 Remote 820
Local 1254 Remote 820
Local 1263 Remote 820
Local 898 Remote 820
Local 1121 Remote 820
Local 1215 Remote 831
Local 1203 Remote 831
Local 1238 Remote 822
Local 1259 Remote 820
Local 1283 Remote 820
Local 1236 Remote 820
Local 1251 Remote 820
Local 1243 Remote 820
Local 1239 Remote 820
Local 1235 Remote 820
Local 903 Remote 831
Local 1142 Remote 823
Local 1229 Remote 821
Local 1216 Remote 839
Local 1247 Remote 823
Local 1227 Remote 820
Local 1302 Remote 820
Local 1251 Remote 820
Local 1279 Remote 820
Local 1252 Remote 820
Local 1236 Remote 820
Local 1247 Remote 820
Local 1037 Remote 820
Local 1064 Remote 820
Local 1195 Remote 820
Local 1245 Remote 820
Local 1278 Remote 820
Local 1244 Remote 820
Local 1249 Remote 820
Local 1196 Remote 820
Local 1213 Remote 820
Local 1207 Remote 820
Local 1254 Remote 820
Local 1226 Remote 820
Local 1033 Remote 820
Local 1085 Remote 820
Local 1203 Remote 820
Local 1246 Remote 820
Local 1241 Remote 820
Local 1250 Remote 820
Local 1259 Remote 820
Local 1247 Remote 820
Local 1220 Remote 820
Local 1238 Remote 820
Local 1262 Remote 820
Local 1227 Remote 820
Local 903 Remote 820
Local 1161 Remote 823
Local 1196 Remote 820
Local 1235 Remote 820
Local 1295 Remote 820
Local 1276 Remote 820
Local 1277 Remote 820
Local 1273 Remote 820
Local 1241 Remote 820
Local 1238 Remote 820
Local 1315 Remote 826
Local 1159 Remote 820
Local 1028 Remote 820
Local 1173 Remote 825
Local 1221 Remote 820
Local 1247 Remote 820
Local 1257 Remote 820
Local 1252 Remote 820
Local 1270 Remote 820
Local 1303 Remote 820
Local 1231 Remote 820
Local 1283 Remote 820
Local 1243 Remote 820
Local 1236 Remote 820
Local 975 Remote 820
Local 1175 Remote 820
Local 1239 Remote 820
Local 1250 Remote 820
Local 1218 Remote 820
Local 1231 Remote 820
Local 1224 Remote 820
Local 1262 Remote 820
Local 1240 Remote 820
Local 1249 Remote 820
Local 1250 Remote 820
Local 1280 Remote 820
Local 1035 Remote 820
Local 1134 Remote 820
Local 1248 Remote 820
Local 1271 Remote 826
Local 1242 Remote 820
Local 1209 Remote 820
Local 1225 Remote 820
Local 1242 Remote 823
Local 1267 Remote 820
Local 1229 Remote 821
Local 1217 Remote 820
Local 1285 Remote 820
Local 1056 Remote 820
Local 1046 Remote 820
Local 1183 Remote 820
Local 1209 Remote 820
Local 1244 Remote 820
Local 1280 Remote 820
Local 1269 Remote 820
Local 1275 Remote 820
Local 1274 Remote 820
Local 1247 Remote 820
Local 1236 Remote 820
Local 1276 Remote 820
Local 898 Remote 820
Local 1048 Remote 820
Local 1185 Remote 820
Local 1247 Remote 820
Local 1241 Remote 820
Local 1212 Remote 820
Local 1240 Remote 820
Local 1269 Remote 820
Local 1223 Remote 820
Local 1257 Remote 820
Local 1316 Remote 820
Local 1275 Remote 821
Local 1013 Remote 820
Local 1196 Remote 824
Local 1289 Remote 823
Local 1275 Remote 820
Local 1260 Remote 820
Local 1251 Remote 820
Local 1289 Remote 820
Local 1302 Remote 820
Local 1225 Remote 820
Local 1238 Remote 820
Local 1250 Remote 820
Local 1057 Remote 856
Local 1099 Remote 831
Local 1205 Remote 823
Local 1212 Remote 829
Local 1235 Remote 835
Local 1261 Remote 823
Local 1255 Remote 820
Local 1268 Remote 826
Local 1242 Remote 821
Local 1222 Remote 820
Local 1231 Remote 820
Local 1270 Remote 820
Local 1254 Remote 820
Local 794 Remote 820
Local 1110 Remote 820
Local 1224 Remote 820
Local 1201 Remote 820
Local 1236 Remote 820
Local 1306 Remote 820
Local 1240 Remote 820
Local 1258 Remote 820
Local 1293 Remote 820
Local 1273 Remote 820
Local 1275 Remote 820
Local 1027 Remote 820
Local 1084 Remote 820
Local 1210 Remote 820
Local 1231 Remote 820
Local 1280 Remote 820
Local 1244 Remote 820
Local 1284 Remote 820
Local 1224 Remote 820
Local 1292 Remote 820
Local 1264 Remote 820
Local 1255 Remote 820
Local 1256 Remote 820
Local 887 Remote 820
Local 1159 Remote 820
Local 1250 Remote 820
Local 1248 Remote 820
Local 1301 Remote 824
Local 1290 Remote 820
Local 1300 Remote 820
Local 1258 Remote 820
Local 1259 Remote 820
Local 1274 Remote 820
Local 1213 Remote 820
Local 1006 Remote 820
Local 1118 Remote 820
Local 1226 Remote 820
Local 1238 Remote 820
Local 1293 Remote 820
Local 1217 Remote 820
Local 1220 Remote 820
Local 1270 Remote 820
Local 1238 Remote 820
Local 1217 Remote 820
Local 1279 Remote 834
Local 1284 Remote 822
Local 1033 Remote 820
Local 1050 Remote 820
Local 1214 Remote 820
Local 1260 Remote 820
Local 1236 Remote 820
Local 1248 Remote 820
Local 1204 Remote 820
Local 1205 Remote 820
Local 1288 Remote 820
Local 1279 Remote 822
Local 1272 Remote 820
Local 1261 Remote 820
Local 1061 Remote 824
Local 1132 Remote 820
Local 1164 Remote 820
Local 1239 Remote 820
Local 1281 Remote 820
Local 1241 Remote 825
Local 1204 Remote 820
Local 1237 Remote 820
Local 1250 Remote 820
Local 1267 Remote 820
Local 1227 Remote 820
Local 1225 Remote 820
Local 884 Remote 820
Local 1133 Remote 820
Local 1246 Remote 820
Local 1219 Remote 820
Local 1270 Remote 820
Local 1255 Remote 820
Local 1274 Remote 820
Local 1285 Remote 820
Local 1241 Remote 820
Local 1232 Remote 820
Local 1251 Remote 820
Local 1240 Remote 820
Local 878 Remote 862
Local 1145 Remote 829
Local 1168 Remote 822
Local 1218 Remote 820
Local 1221 Remote 820
Local 1272 Remote 820
Local 1256 Remote 820
Local 1239 Remote 820
Local 1245 Remote 820
Local 1258 Remote 820
Local 1285 Remote 820
Local 1321 Remote 820
Local 976 Remote 820
Local 1069 Remote 820
Local 1204 Remote 820
Local 1220 Remote 820
Local 1235 Remote 820
Local 1252 Remote 820
Local 1253 Remote 857
Local 1263 Remote 828
Local 1220 Remote 821
Local 1257 Remote 820
Local 1280 Remote 820
Local 1212 Remote 820
Local 1071 Remote 820
Local 1085 Remote 820
Local 1211 Remote 820
Local 1232 Remote 820
Local 1246 Remote 820
Local 1253 Remote 820
Local 1276 Remote 820
Local 1266 Remote 822
Local 1206 Remote 820
Local 1242 Remote 820
Local 1246 Remote 820
Local 1236 Remote 820
Local 1199 Remote 820
Local 772 Remote 820
Local 1127 Remote 820
Local 1171 Remote 820
Local 1220 Remote 820
Local 1281 Remote 820
Local 1237 Remote 820
Local 1249 Remote 820
Local 1234 Remote 820
Local 1228 Remote 825
Local 1228 Remote 820
Local 1215 Remote 820
Local 1235 Remote 820
Local 898 Remote 820
Local 1041 Remote 820
Local 1181 Remote 820
Local 1264 Remote 820
Local 1233 Remote 820
Local 1215 Remote 820
Local 1273 Remote 820
Local 1237 Remote 820
Local 1270 Remote 820
Local 1220 Remote 823
Local 1269 Remote 820
Local 1212 Remote 820
Local 1057 Remote 820
Local 937 Remote 820
Local 1178 Remote 832
Local 1220 Remote 823
Local 1293 Remote 820
Local 1222 Remote 820
Local 1266 Remote 822
Local 1273 Remote 820
Local 1226 Remote 820
Local 1237 Remote 820
Local 1230 Remote 820
Local 1227 Remote 820
Local 1241 Remote 820
Local 990 Remote 820
Local 1167 Remote 820
Local 1209 Remote 820
Local 1241 Remote 820
Local 1241 Remote 820
Local 1285 Remote 820
Local 1245 Remote 821
Local 1235 Remote 820
Local 1240 Remote 820
Local 1262 Remote 820
Local 1204 Remote 820
Local 1268 Remote 820
Local 898 Remote 820
Local 1028 Remote 820
Local 1166 Remote 820
Local 1211 Remote 820
Local 886 Remote 842
Local 639 Remote 829
Local 542 Remote 823
Local 493 Remote 820
Local 473 Remote 820
Local 545 Remote 820
Local 529 Remote 832
Local 493 Remote 824
Local 490 Remote 821
Local 558 Remote 873
Local 950 Remote 840
Local 1132 Remote 824
Local 1188 Remote 820
Local 1190 Remote 820
Local 1245 Remote 820
Local 1246 Remote 820
Local 1251 Remote 820
Local 1203 Remote 820
Local 1207 Remote 820
Local 1258 Remote 820
Local 1287 Remote 820
Local 887 Remote 820
Local 1177 Remote 820
Local 1239 Remote 820
Local 1240 Remote 820
Local 1235 Remote 820
Local 1244 Remote 820
Local 1238 Remote 820
Local 1245 Remote 831
Local 1231 Remote 823
Local 1222 Remote 820
Local 1253 Remote 820
Local 1279 Remote 820
Local 949 Remote 820
Local 1176 Remote 820
Local 1235 Remote 820
Local 1278 Remote 820
Local 1232 Remote 820
Local 1260 Remote 820
Local 1263 Remote 827
Local 1250 Remote 820
Local 1219 Remote 820
Local 1250 Remote 820
Local 1239 Remote 820
Local 1053 Remote 820
Local 1086 Remote 820
Local 1169 Remote 820
Local 1187 Remote 820
Local 1223 Remote 820
Local 1230 Remote 820
Local 1229 Remote 820
Local 1243 Remote 821
Local 1231 Remote 820
Local 1193 Remote 820
Local 1205 Remote 820
Local 1217 Remote 822
Local 1002 Remote 820
Local 1025 Remote 820
Local 1184 Remote 820
Local 1277 Remote 820
Local 1274 Remote 820
Local 1266 Remote 821
Local 1292 Remote 820
Local 1243 Remote 820
Local 1271 Remote 820
Local 1260 Remote 820
Local 1244 Remote 820
Local 1230 Remote 820
Local 1176 Remote 820
Local 930 Remote 820
Local 1179 Remote 820
Local 1236 Remote 820
Local 1239 Remote 820
Local 1249 Remote 820
Local 1217 Remote 820
Local 1213 Remote 820
Local 1231 Remote 820
Local 1210 Remote 820
Local 1235 Remote 820
Local 1301 Remote 820
Local 925 Remote 820
Local 1146 Remote 820
Local 1215 Remote 820
Local 1248 Remote 820
Local 1269 Remote 820
Local 1238 Remote 820
Local 1236 Remote 820
Local 1208 Remote 820
Local 1255 Remote 820
Local 1297 Remote 820
Local 1286 Remote 820
Local 1228 Remote 820
Local 1020 Remote 820
Local 1083 Remote 820
Local 1189 Remote 820
Local 1281 Remote 820
Local 1271 Remote 820
Local 1206 Remote 820
Local 1268 Remote 820
Local 1232 Remote 820
Local 1234 Remote 820
Local 1225 Remote 823
Local 1248 Remote 820
Local 1238 Remote 820
Local 1174 Remote 820
Local 1068 Remote 820
Local 1157 Remote 820
Local 1212 Remote 820
Local 1213 Remote 820
Local 1213 Remote 820
Local 1232 Remote 820
Local 1310 Remote 825
Local 1300 Remote 820
Local 1291 Remote 820
Local 1217 Remote 820
Local 1264 Remote 820
Local 1041 Remote 820
Local 1029 Remote 829
Local 1157 Remote 821
Local 1196 Remote 820
Local 1230 Remote 820
Local 1208 Remote 820
Local 1256 Remote 820
Local 1237 Remote 820
Local 1243 Remote 820
Local 1240 Remote 820
Local 1222 Remote 820
Local 1250 Remote 820
Local 1068 Remote 820
Local 1074 Remote 820
Local 1191 Remote 820
Local 1230 Remote 820
Local 1231 Remote 820
Local 1266 Remote 820
Local 1226 Remote 820
Local 1227 Remote 820
Local 1214 Remote 820
Local 1240 Remote 820
Local 1222 Remote 820
Local 1231 Remote 820
Local 1029 Remote 827
Local 1139 Remote 821
Local 1195 Remote 821
Local 1226 Remote 820
Local 1245 Remote 820
Local 1273 Remote 820
Local 1221 Remote 820
Local 1214 Remote 820
Local 1243 Remote 820
Local 1249 Remote 820
Local 1251 Remote 820
Local 1204 Remote 829
Local 1041 Remote 881
Local 1131 Remote 883
Local 1206 Remote 839
Local 1239 Remote 825
Local 1245 Remote 831
Local 1265 Remote 822
Local 1243 Remote 820
Local 1282 Remote 820
Local 1239 Remote 820
Local 1220 Remote 820
Local 1276 Remote 820
Local 1253 Remote 820
Local 905 Remote 838
Local 1177 Remote 849
Local 1235 Remote 826
Local 1266 Remote 820
Local 1281 Remote 820
Local 1242 Remote 820
Local 1244 Remote 820
Local 1255 Remote 827
Local 1271 Remote 820
Local 1251 Remote 820
Local 1227 Remote 820
Local 1245 Remote 820
Local 1005 Remote 820
Local 1198 Remote 820
Local 1248 Remote 820
Local 1244 Remote 820
Local 1231 Remote 820
Local 1214 Remote 820
Local 1302 Remote 820
Local 1269 Remote 820
Local 1266 Remote 820
Local 1227 Remote 820
Local 1225 Remote 820
Local 1069 Remote 820
Local 1126 Remote 825
Local 1227 Remote 820
Local 1231 Remote 820
Local 1235 Remote 820
Local 1251 Remote 820
Local 1239 Remote 820
Local 1288 Remote 820
Local 1272 Remote 820
Local 1239 Remote 820
Local 1248 Remote 831
Local 1245 Remote 822
Local 1085 Remote 820
Local 1159 Remote 820
Local 1207 Remote 820
Local 1280 Remote 857
Local 1256 Remote 831
Local 1261 Remote 822
Local 1244 Remote 859
Local 1223 Remote 831
Local 1196 Remote 822
Local 1232 Remote 820
Local 1281 Remote 820
Local 1261 Remote 820
Local 1038 Remote 820
Local 1002 Remote 820
Local 1205 Remote 820
Local 1258 Remote 820
Local 1207 Remote 820
Local 1232 Remote 820
Local 1231 Remote 820
Local 1288 Remote 820
Local 1291 Remote 820
Local 1274 Remote 829
Local 1243 Remote 821
Local 1278 Remote 820
Local 1024 Remote 820
Local 1098 Remote 820
Local 1210 Remote 820
Local 1243 Remote 820
Local 1310 Remote 820
Local 1255 Remote 820
Local 1268 Remote 820
Local 1265 Remote 820
Local 1235 Remote 820
Local 1273 Remote 820
Local 1217 Remote 820
Local 1215 Remote 820
Local 884 Remote 820
Local 1166 Remote 820
Local 1238 Remote 820
Local 1237 Remote 820
Local 1268 Remote 820
Local 1231 Remote 820
Local 1203 Remote 820
Local 1272 Remote 820
Local 1223 Remote 820
Local 1232 Remote 820
Local 1241 Remote 820
Local 1237 Remote 848
Local 970 Remote 831
Local 1182 Remote 822
Local 1231 Remote 820
Local 1279 Remote 821
Local 1227 Remote 834
Local 1258 Remote 825
Local 1278 Remote 820
Local 1266 Remote 820
Local 1250 Remote 820
Local 1185 Remote 820
Local 1193 Remote 820
Local 1047 Remote 820
Local 1101 Remote 820
Local 1175 Remote 820
Local 1213 Remote 820
Local 1238 Remote 820
Local 1235 Remote 820
Local 1276 Remote 820
Local 1248 Remote 820
Local 1303 Remote 820
Local 1319 Remote 826
Local 1233 Remote 820
Local 1255 Remote 820
Local 1235 Remote 820
Local 1148 Remote 820
Local 1219 Remote 820
Local 1248 Remote 820
Local 1230 Remote 820
Local 1204 Remote 820
Local 1232 Remote 820
Local 1226 Remote 820
Local 1212 Remote 822
Local 1226 Remote 820
Local 1230 Remote 820
Local 1235 Remote 820
Local 1031 Remote 820
Local 1058 Remote 821
Local 1220 Remote 820
Local 1182 Remote 820
Local 1228 Remote 820
Local 1263 Remote 820
Local 1255 Remote 820
Local 1279 Remote 820
Local 1246 Remote 820
Local 1238 Remote 820
Local 1219 Remote 820
Local 1218 Remote 820
Local 898 Remote 820
Local 1221 Remote 820
Local 1232 Remote 820
Local 1294 Remote 820
Local 1278 Remote 820
Local 1234 Remote 820
Local 1240 Remote 820
Local 1286 Remote 820
Local 1238 Remote 820
Local 1253 Remote 820
Local 1221 Remote 822
Local 1223 Remote 820
Local 781 Remote 820
Local 1177 Remote 820
Local 1217 Remote 820
Local 1210 Remote 820
Local 1237 Remote 820
Local 1258 Remote 820
Local 1246 Remote 820
Local 1264 Remote 820
Local 1275 Remote 820
Local 1232 Remote 836
Local 1254 Remote 823
Local 1061 Remote 820
Local 896 Remote 820
Local 1113 Remote 820
Local 1202 Remote 820
Local 1214 Remote 820
Local 1233 Remote 820
Local 1229 Remote 820
Local 1218 Remote 820
Local 1251 Remote 820
Local 1262 Remote 820
Local 1277 Remote 820
Local 1285 Remote 834
Local 1006 Remote 823
Local 1012 Remote 845
Local 1233 Remote 826
Local 1253 Remote 820
Local 1236 Remote 820
Local 1303 Remote 820
Local 1265 Remote 820
Local 1248 Remote 820
Local 1243 Remote 820
Local 1264 Remote 820
Local 1247 Remote 820
Local 1261 Remote 820
Local 1297 Remote 820
Local 928 Remote 820
Local 1152 Remote 820
Local 1244 Remote 820
Local 1233 Remote 820
Local 1239 Remote 820
Local 1219 Remote 820
Local 1263 Remote 820
Local 1271 Remote 820
Local 1211 Remote 820
Local 1226 Remote 820
Local 1254 Remote 820
Local 896 Remote 820
Local 1134 Remote 820
Local 1221 Remote 820
Local 1276 Remote 820
Local 1246 Remote 820
Local 1247 Remote 820
Local 1221 Remote 820
Local 1242 Remote 820
Local 1250 Remote 820
Local 1225 Remote 820
Local 1242 Remote 820
Local 1230 Remote 820
Local 961 Remote 820
Local 1151 Remote 820
Local 1207 Remote 820
Local 1282 Remote 820
Local 1276 Remote 854
Local 1251 Remote 826
Local 1286 Remote 820
Local 1264 Remote 820
Local 1297 Remote 820
Local 1269 Remote 820
Local 1212 Remote 820
Local 1079 Remote 820
Local 1123 Remote 820
Local 1152 Remote 820
Local 1228 Remote 820
Local 1047 Remote 820
Local 712 Remote 820
Local 625 Remote 846
Local 529 Remote 830
Local 488 Remote 823
Local 490 Remote 820
Local 521 Remote 833
Local 537 Remote 824
Local 515 Remote 821
Local 544 Remote 859
Local 924 Remote 831
Local 1218 Remote 824
Local 1290 Remote 820
Local 1249 Remote 820
Local 1254 Remote 820
Local 1254 Remote 820
Local 1253 Remote 820
Local 1189 Remote 820
Local 1238 Remote 827
Local 1252 Remote 820
Local 1276 Remote 820
Local 914 Remote 820
Local 1135 Remote 820
Local 1205 Remote 820
Local 1209 Remote 820
Local 1233 Remote 822
Local 1246 Remote 820
Local 1229 Remote 820
Local 1276 Remote 820
Local 1237 Remote 820
Local 1282 Remote 836
Local 1282 Remote 823
Local 1297 Remote 820
Local 928 Remote 820
Local 1189 Remote 820
Local 1202 Remote 820
Local 1286 Remote 820
Local 1277 Remote 820
Local 1271 Remote 822
Local 1280 Remote 820
Local 1259 Remote 835
Local 1245 Remote 826
Local 1277 Remote 820
Local 1277 Remote 820
Local 947 Remote 820
Local 1183 Remote 824
Local 1256 Remote 820
Local 1230 Remote 820
Local 1219 Remote 820
Local 1236 Remote 824
Local 1228 Remote 826
Local 1240 Remote 820
Local 1248 Remote 820
Local 1265 Remote 820
Local 1245 Remote 826
Local 1037 Remote 849
Local 1102 Remote 828
Local 1200 Remote 821
Local 1222 Remote 820
Local 1216 Remote 820
Local 1245 Remote 820
Local 1266 Remote 820
Local 1271 Remote 820
Local 1301 Remote 820
Local 1278 Remote 820
Local 1255 Remote 820
Local 1265 Remote 820
Local 865 Remote 820
Local 1134 Remote 832
Local 1233 Remote 822
Local 1205 Remote 820
Local 1240 Remote 820
Local 1264 Remote 820
Local 1248 Remote 820
Local 1259 Remote 820
Local 1212 Remote 820
Local 1242 Remote 823
Local 1284 Remote 820
Local 1068 Remote 820
Local 1074 Remote 820
Local 1177 Remote 820
Local 1187 Remote 820
Local 1231 Remote 840
Local 1228 Remote 824
Local 1240 Remote 820
Local 1255 Remote 820
Local 1268 Remote 820
Local 1285 Remote 820
Local 1273 Remote 820
Local 1271 Remote 820
Local 1251 Remote 823
Local 1013 Remote 820
Local 1307 Remote 844
Local 1292 Remote 824
Local 1250 Remote 820
Local 1216 Remote 820
Local 1241 Remote 833
Local 1230 Remote 823
Local 1253 Remote 826
Local 1236 Remote 821
Local 1260 Remote 820
Local 1256 Remote 820
Local 1248 Remote 820
Local 987 Remote 820
Local 1174 Remote 844
Local 1258 Remote 824
Local 1306 Remote 820
Local 1242 Remote 820
Local 1292 Remote 820
Local 1283 Remote 820
Local 1259 Remote 820
Local 1218 Remote 824
Local 1177 Remote 820
Local 1231 Remote 820
Local 1030 Remote 820
Local 1135 Remote 841
Local 1192 Remote 828
Local 1214 Remote 821
Local 1203 Remote 820
Local 1235 Remote 820
Local 1234 Remote 820
Local 1284 Remote 820
Local 1257 Remote 820
Local 1264 Remote 820
Local 1238 Remote 820
Local 1239 Remote 820
Local 1018 Remote 822
Local 1098 Remote 820
Local 1223 Remote 878
Local 1236 Remote 844
Local 1248 Remote 824
Local 1243 Remote 820
Local 1257 Remote 820
Local 1233 Remote 830
Local 1236 Remote 822
Local 1227 Remote 820
Local 1253 Remote 820
Local 1261 Remote 820
Local 1054 Remote 820
Local 1127 Remote 820
Local 1175 Remote 820
Local 1199 Remote 820
Local 1215 Remote 820
Local 1243 Remote 820
Local 1253 Remote 822
Local 1227 Remote 825
Local 1236 Remote 820
Local 1238 Remote 829
Local 1272 Remote 821
Local 1226 Remote 820
Local 970 Remote 820
Local 1169 Remote 820
Local 1236 Remote 820
Local 1222 Remote 820
Local 1222 Remote 820
Local 1252 Remote 820
Local 1267 Remote 850
Local 1288 Remote 826
Local 1316 Remote 820
Local 1298 Remote 820
Local 1265 Remote 820
Local 1089 Remote 823
Local 1088 Remote 832
Local 1203 Remote 822
Local 1238 Remote 820
Local 1234 Remote 820
Local 1223 Remote 820
Local 1263 Remote 820
Local 1239 Remote 820
Local 1271 Remote 820
Local 1273 Remote 820
Local 1256 Remote 820
Local 1280 Remote 820
Local 903 Remote 820
Local 1135 Remote 820
Local 1237 Remote 820
Local 1255 Remote 820
Local 1236 Remote 820
Local 1286 Remote 820
Local 1250 Remote 820
Local 1256 Remote 820
Local 1270 Remote 820
Local 1313 Remote 820
Local 1238 Remote 820
Local 1262 Remote 820
Local 1024 Remote 820
Local 1089 Remote 820
Local 1270 Remote 820
Local 1274 Remote 820
Local 1272 Remote 820
Local 1222 Remote 820
Local 1276 Remote 820
Local 1273 Remote 824
Local 1268 Remote 820
Local 1260 Remote 820
Local 1273 Remote 823
Local 1280 Remote 833
Local 884 Remote 824
Local 1122 Remote 844
Local 1183 Remote 837
Local 1236 Remote 824
Local 1249 Remote 932
Local 1232 Remote 848
Local 1183 Remote 828
Local 1204 Remote 821
Local 1261 Remote 820
Local 1255 Remote 820
Local 1284 Remote 820
Local 1209 Remote 838
Local 892 Remote 824
Local 1140 Remote 820
Local 1194 Remote 820
Local 1216 Remote 820
Local 1215 Remote 830
Local 1243 Remote 821
Local 1278 Remote 829
Local 1324 Remote 821
Local 1261 Remote 825
Local 1290 Remote 821
Local 1276 Remote 832
Local 1245 Remote 822
Local 1031 Remote 884
Local 1226 Remote 837
Local 1257 Remote 823
Local 1257 Remote 820
Local 1242 Remote 820
Local 1253 Remote 820
Local 1263 Remote 823
Local 1242 Remote 821
Local 1237 Remote 820
Local 1273 Remote 854
Local 1283 Remote 826
Local 1083 Remote 822
Local 1119 Remote 847
Local 1237 Remote 826
Local 1272 Remote 820
Local 1231 Remote 820
Local 1219 Remote 820
Local 1233 Remote 820
Local 1221 Remote 820
Local 1243 Remote 820
Local 1247 Remote 820
Local 1269 Remote 820
Local 1252 Remote 820
Local 997 Remote 820
Local 1161 Remote 882
Local 1250 Remote 833
Local 1239 Remote 823
Local 1219 Remote 820
Local 1245 Remote 820
Local 1265 Remote 820
Local 1213 Remote 820
Local 1197 Remote 833
Local 1235 Remote 822
Local 1247 Remote 820
Local 1275 Remote 820
Local 916 Remote 820
Local 1163 Remote 820
Local 1241 Remote 820
Local 1224 Remote 821
Local 1235 Remote 826
Local 1282 Remote 820
Local 1216 Remote 820
Local 1242 Remote 820
Local 1253 Remote 834
Local 1238 Remote 825
Local 1220 Remote 826
Local 1258 Remote 821
Local 1025 Remote 820
Local 1109 Remote 820
Local 1235 Remote 820
Local 1288 Remote 820
Local 1227 Remote 820
Local 1314 Remote 820
Local 1255 Remote 820
Local 1252 Remote 826
Local 1233 Remote 820
Local 1242 Remote 820
Local 1250 Remote 820
Local 1295 Remote 820
Local 966 Remote 820
Local 1185 Remote 820
Local 1241 Remote 829
Local 1231 Remote 821
Local 1213 Remote 820
Local 1259 Remote 820
Local 1255 Remote 822
Local 1327 Remote 820
Local 1302 Remote 823
Local 1300 Remote 820
Local 1229 Remote 820
Local 1209 Remote 820
Local 1022 Remote 820
Local 1197 Remote 838
Local 1177 Remote 828
Local 1249 Remote 830
Local 1295 Remote 821
Local 1271 Remote 820
Local 1295 Remote 820
Local 1280 Remote 820
Local 1222 Remote 831
Local 1223 Remote 823
Local 1246 Remote 820
Local 1264 Remote 820
Local 1141 Remote 820
Local 1178 Remote 820
Local 1185 Remote 820
Local 1205 Remote 820
Local 1249 Remote 829
Local 1290 Remote 821
Local 1270 Remote 820
Local 1278 Remote 820
Local 1253 Remote 820
Local 1242 Remote 820
Local 1212 Remote 820
Local 1027 Remote 824
Local 1038 Remote 821
Local 1190 Remote 822
Local 1217 Remote 820
Local 1277 Remote 826
Local 1255 Remote 821
Local 1277 Remote 820
Local 1256 Remote 820
Local 1275 Remote 820
Local 1232 Remote 832
Local 1252 Remote 840
Local 1280 Remote 824
Local 941 Remote 820
Local 1144 Remote 820
Local 1216 Remote 826
Local 1207 Remote 823
Local 1224 Remote 823
Local 1226 Remote 822
Local 1220 Remote 820
Local 1233 Remote 820
Local 1246 Remote 820
Local 1255 Remote 820
Local 1226 Remote 820
Local 1263 Remote 820
Local 1112 Remote 907
Local 1222 Remote 841
Local 1245 Remote 834
Local 1257 Remote 822
Local 1213 Remote 820
Local 1252 Remote 820
Local 1238 Remote 832
Local 1240 Remote 822
Local 1248 Remote 820
Local 1250 Remote 820
Local 1283 Remote 820
Local 1210 Remote 820
Local 860 Remote 820
Local 1152 Remote 820
Local 1252 Remote 820
Local 1243 Remote 822
Local 1237 Remote 820
Local 1233 Remote 820
Local 1265 Remote 820
Local 1269 Remote 820
Local 1293 Remote 820
Local 1240 Remote 820
Local 1260 Remote 820
Local 1033 Remote 820
Local 1077 Remote 833
Local 1207 Remote 822
Local 1197 Remote 820
Local 1234 Remote 820
Local 1298 Remote 820
Local 1294 Remote 838
Local 1270 Remote 851
Local 1303 Remote 826
Local 1269 Remote 831
Local 1293 Remote 822
Local 1208 Remote 820
Local 1051 Remote 820
Local 1185 Remote 854
Local 1220 Remote 826
Local 896 Remote 821
Local 643 Remote 820
Local 558 Remote 853
Local 500 Remote 833
Local 481 Remote 824
Local 468 Remote 858
Local 477 Remote 835
Local 466 Remote 829
Local 499 Remote 823
Local 523 Remote 873
Local 946 Remote 835
Local 1125 Remote 823
Local 1224 Remote 820
Local 1209 Remote 820
Local 1234 Remote 820
Local 1269 Remote 820
Local 1257 Remote 820
Local 1251 Remote 820
Local 1252 Remote 820
Local 1303 Remote 820
Local 1297 Remote 820
Local 1060 Remote 820
Local 1057 Remote 820
Local 1213 Remote 820
Local 1230 Remote 820
Local 1290 Remote 820
Local 1251 Remote 820
Local 1220 Remote 820
Local 1238 Remote 820
Local 1214 Remote 820
Local 1235 Remote 820
Local 1242 Remote 820
Local 1255 Remote 820
Local 1005 Remote 820
Local 1103 Remote 820
Local 1238 Remote 820
Local 1262 Remote 859
Local 1256 Remote 831
Local 1278 Remote 822
Local 1230 Remote 820
Local 1257 Remote 820
Local 1249 Remote 820
Local 1277 Remote 820
Local 1248 Remote 820
Local 1265 Remote 820
Local 1057 Remote 820
Local 1136 Remote 820
Local 1227 Remote 820
Local 1253 Remote 832
Local 1259 Remote 822
Local 1302 Remote 820
Local 1249 Remote 837
Local 1256 Remote 823
Local 1285 Remote 820
Local 1261 Remote 820
Local 1251 Remote 827
Local 1273 Remote 820
Local 1063 Remote 820
Local 1135 Remote 827
Local 1240 Remote 820
Local 1262 Remote 820
Local 1241 Remote 820
Local 1233 Remote 820
Local 1218 Remote 820
Local 1246 Remote 820
Local 1253 Remote 820
Local 1235 Remote 820
Local 1232 Remote 820
Local 1255 Remote 820
Local 1049 Remote 820
Local 1045 Remote 820
Local 1218 Remote 820
Local 1262 Remote 820
Local 1282 Remote 820
Local 1285 Remote 820
Local 1283 Remote 820
Local 1251 Remote 820
Local 1234 Remote 820
Local 1247 Remote 820
Local 1275 Remote 830
Local 1245 Remote 821
Local 948 Remote 820
Local 1169 Remote 820
Local 1290 Remote 820
Local 1236 Remote 820
Local 1260 Remote 820
Local 1242 Remote 820
Local 1212 Remote 820
Local 1223 Remote 820
Local 1248 Remote 820
Local 1232 Remote 820
Local 1250 Remote 820
Local 1249 Remote 820
Local 978 Remote 820
Local 1153 Remote 824
Local 1168 Remote 820
Local 1262 Remote 820
Local 1289 Remote 820
Local 1224 Remote 820
Local 1256 Remote 820
Local 1229 Remote 820
Local 1253 Remote 820
Local 1264 Remote 820
Local 1247 Remote 820
Local 1240 Remote 820
Local 1037 Remote 820
Local 1116 Remote 820
Local 1231 Remote 820
Local 1271 Remote 820
Local 1264 Remote 820
Local 1300 Remote 854
Local 1277 Remote 829
Local 1239 Remote 821
Local 1304 Remote 820
Local 1272 Remote 820
Local 1286 Remote 820
Local 1266 Remote 820
Local 1066 Remote 820
Local 1047 Remote 834
Local 1227 Remote 822
Local 1226 Remote 820
Local 1204 Remote 820
Local 1255 Remote 835
Local 1220 Remote 823
Local 1247 Remote 820
Local 1248 Remote 820
Local 1268 Remote 820
Local 1264 Remote 820
Local 1238 Remote 820
Local 1062 Remote 820
Local 1058 Remote 835
Local 1189 Remote 823
Local 1196 Remote 835
Local 1228 Remote 823
Local 1238 Remote 820
Local 1243 Remote 820
Local 1286 Remote 829
Local 1260 Remote 821
Local 1266 Remote 820
Local 1211 Remote 820
Local 1279 Remote 820
Local 904 Remote 820
Local 1147 Remote 820
Local 1235 Remote 820
Local 1282 Remote 847
Local 1224 Remote 826
Local 1222 Remote 825
Local 1239 Remote 829
Local 1294 Remote 821
Local 1246 Remote 820
Local 1264 Remote 820
Local 1213 Remote 820
Local 1212 Remote 820
Local 974 Remote 820
Local 1173 Remote 820
Local 1210 Remote 824
Local 1221 Remote 820
Local 1259 Remote 820
Local 1259 Remote 820
Local 1232 Remote 820
Local 1258 Remote 820
Local 1236 Remote 820
Local 1240 Remote 820
Local 1279 Remote 820
Local 1273 Remote 820
Local 905 Remote 845
Local 1165 Remote 842
Local 1220 Remote 824
Local 1222 Remote 820
Local 1218 Remote 820
Local 1212 Remote 820
Local 1228 Remote 820
Local 1241 Remote 820
Local 1266 Remote 820
Local 1281 Remote 820
Local 1268 Remote 820
Local 1067 Remote 820
Local 1146 Remote 820
Local 1245 Remote 820
Local 1251 Remote 826
Local 1262 Remote 820
Local 1251 Remote 820
Local 1237 Remote 820
Local 1253 Remote 820
Local 1262 Remote 820
Local 1230 Remote 820
Local 1229 Remote 820
Local 1229 Remote 820
Local 1000 Remote 820
Local 1190 Remote 820
Local 1244 Remote 820
Local 1209 Remote 820
Local 1210 Remote 820
Local 1193 Remote 820
Local 1255 Remote 820
Local 1321 Remote 820
Local 1266 Remote 820
Local 1258 Remote 820
Local 1243 Remote 820
Local 1033 Remote 820
Local 1108 Remote 820
Local 1247 Remote 833
Local 1301 Remote 822
Local 1248 Remote 829
Local 1252 Remote 821
Local 1282 Remote 820
Local 1253 Remote 820
Local 1228 Remote 820
Local 1261 Remote 820
Local 1268 Remote 820
Local 1247 Remote 820
Local 883 Remote 820
Local 1172 Remote 820
Local 1227 Remote 820
Local 1233 Remote 820
Local 1192 Remote 820
Local 1232 Remote 822
Local 1234 Remote 820
Local 1263 Remote 820
Local 1294 Remote 839
Local 1281 Remote 823
Local 1252 Remote 820
Local 1249 Remote 820
Local 1061 Remote 820
Local 1264 Remote 820
Local 1251 Remote 820
Local 1297 Remote 826
Local 1276 Remote 829
Local 1287 Remote 821
Local 1255 Remote 820
Local 1292 Remote 820
Local 1257 Remote 820
Local 1288 Remote 820
Local 1260 Remote 820
Local 1063 Remote 821
Local 1047 Remote 835
Local 1180 Remote 823
Local 1216 Remote 822
Local 1208 Remote 820
Local 1229 Remote 820
Local 1260 Remote 820
Local 1301 Remote 820
Local 1258 Remote 820
Local 1259 Remote 820
Local 1278 Remote 820
Local 1303 Remote 820
Local 1078 Remote 820
Local 1091 Remote 820
Local 1257 Remote 820
Local 1272 Remote 820
Local 1252 Remote 820
Local 1223 Remote 820
Local 1251 Remote 820
Local 1245 Remote 820
Local 1279 Remote 820
Local 1279 Remote 820
Local 1209 Remote 820
Local 1253 Remote 820
Local 1051 Remote 820
Local 1087 Remote 838
Local 1181 Remote 823
Local 1245 Remote 820
Local 1250 Remote 820
Local 1245 Remote 820
Local 1253 Remote 820
Local 1268 Remote 820
Local 1294 Remote 820
Local 1294 Remote 820
Local 1236 Remote 820
Local 1259 Remote 822
Local 1038 Remote 820
Local 1129 Remote 820
Local 1211 Remote 820
Local 1237 Remote 820
Local 1190 Remote 820
Local 1209 Remote 820
Local 1251 Remote 820
Local 1260 Remote 820
Local 1283 Remote 822
Local 1265 Remote 820
Local 1226 Remote 820
Local 1263 Remote 820
Local 902 Remote 820
Local 1144 Remote 820
Local 1215 Remote 820
Local 1234 Remote 820
Local 1239 Remote 820
Local 1288 Remote 820
Local 1333 Remote 820
Local 1273 Remote 820
Local 1311 Remote 820
Local 1284 Remote 820
Local 1247 Remote 820
Local 1216 Remote 820
Local 1052 Remote 820
Local 1078 Remote 820
Local 1228 Remote 820
Local 1243 Remote 820
Local 1290 Remote 820
Local 1267 Remote 820
Local 1222 Remote 820
Local 1277 Remote 820
Local 1217 Remote 835
Local 1240 Remote 824
Local 1212 Remote 820
Local 1251 Remote 820
Local 1021 Remote 820
Local 1070 Remote 820
Local 1204 Remote 820
Local 1222 Remote 822
Local 1224 Remote 820
Local 1273 Remote 820
Local 1263 Remote 874
Local 1253 Remote 832
Local 1284 Remote 822
Local 1260 Remote 820
Local 1229 Remote 820
Local 1261 Remote 823
Local 910 Remote 820
Local 1152 Remote 820
Local 1268 Remote 832
Local 1271 Remote 823
Local 1257 Remote 820
Local 1247 Remote 820
Local 1245 Remote 820
Local 1257 Remote 820
Local 1252 Remote 820
Local 1285 Remote 820
Local 1249 Remote 820
Local 1265 Remote 820
Local 1074 Remote 820
Local 1075 Remote 837
Local 1227 Remote 823
Local 1245 Remote 820
Local 1230 Remote 820
Local 1235 Remote 820
Local 1281 Remote 820
Local 1260 Remote 820
Local 1286 Remote 820
Local 1288 Remote 820
Local 1265 Remote 820
Local 1235 Remote 820
Local 963 Remote 895
Local 1159 Remote 837
Local 1224 Remote 823
Local 1257 Remote 820
Local 1278 Remote 820
Local 1247 Remote 820
Local 1207 Remote 820
Local 1193 Remote 820
Local 1209 Remote 820
Local 1261 Remote 820
Local 1277 Remote 820
Local 926 Remote 820
Local 1117 Remote 820
Local 1200 Remote 820
Local 1212 Remote 820
Local 1252 Remote 820
Local 1267 Remote 820
Local 1257 Remote 820
Local 1292 Remote 820
Local 1315 Remote 820
Local 1261 Remote 820
Local 1265 Remote 820
Local 1291 Remote 820
Local 931 Remote 820
Local 1142 Remote 820
Local 1198 Remote 825
Local 1237 Remote 820
Local 1250 Remote 820
Local 1285 Remote 824
Local 1279 Remote 820
Local 1249 Remote 820
Local 1268 Remote 820
Local 1236 Remote 820
Local 1269 Remote 820
Local 1222 Remote 820
Local 962 Remote 820
Local 1183 Remote 833
Local 1208 Remote 823
Local 1354 Remote 820
Local 836 Remote 820
Local 618 Remote 820
Local 532 Remote 820
Local 490 Remote 820
Local 475 Remote 833
Local 466 Remote 824
Local 467 Remote 821
Local 528 Remote 820
Local 488 Remote 827
Local 471 Remote 822
Local 464 Remote 820
Local 461 Remote 820
Local 460 Remote 820
Local 460 Remote 820
Local 460 Remote 820
Local 460 Remote 820
Local 460 Remote 820
Local 460 Remote 820
Local 496 Remote 820
Local 517 Remote 820
Local 505 Remote 820
Local 497 Remote 820
Local 520 Remote 820
Local 484 Remote 820
Local 469 Remote 820
Local 463 Remote 820
Local 473 Remote 820
Local 464 Remote 820
Local 461 Remote 820
Local 460 Remote 822
Local 460 Remote 820
Local 467 Remote 867
Local 478 Remote 839
Local 466 Remote 827
Local 462 Remote 822
Local 460 Remote 820
Local 460 Remote 820
Local 460 Remote 820
Local 460 Remote 820
