Local 481 Remote 820
Local 468 Remote 829
Local 484 Remote 832
Local 469 Remote 824
Local 463 Remote 821
Local 460 Remote 832
Local 460 Remote 824
Local 466 Remote 821
Local 462 Remote 820
Local 460 Remote 853
Local 485 Remote 833
Local 508 Remote 824
Local 480 Remote 821
Local 468 Remote 820
Local 463 Remote 820
Local 460 Remote 820
Local 460 Remote 820
Local 478 Remote 820
Local 499 Remote 864
Local 475 Remote 838
Local 466 Remote 826
Local 462 Remote 822
Local 460 Remote 820
Local 460 Remote 820
Local 460 Remote 820
Local 487 Remote 833
Local 665 Remote 923
Local 653 Remote 977
Local 572 Remote 918
Local 528 Remote 887
Local 680 Remote 840
Local 730 Remote 826
Local 715 Remote 821
Local 723 Remote 820
Local 727 Remote 820
Local 736 Remote 820
Local 766 Remote 820
Local 727 Remote 820
Local 738 Remote 820
Local 592 Remote 829
Local 711 Remote 822
Local 711 Remote 820
Local 727 Remote 820
Local 728 Remote 820
Local 711 Remote 820
Local 711 Remote 820
Local 739 Remote 820
Local 736 Remote 820
Local 769 Remote 820
Local 655 Remote 820
Local 701 Remote 820
Local 701 Remote 820
Local 741 Remote 820
Local 725 Remote 820
Local 728 Remote 820
Local 720 Remote 820
Local 709 Remote 820
Local 746 Remote 820
Local 672 Remote 820
Local 629 Remote 820
Local 716 Remote 820
Local 718 Remote 820
Local 742 Remote 820
Local 727 Remote 820
Local 724 Remote 820
Local 747 Remote 820
Local 746 Remote 820
Local 730 Remote 820
Local 661 Remote 820
Local 671 Remote 820
Local 704 Remote 820
Local 726 Remote 820
Local 717 Remote 820
Local 735 Remote 820
Local 754 Remote 820
Local 739 Remote 820
Local 733 Remote 820
Local 724 Remote 820
Local 612 Remote 820
Local 688 Remote 820
Local 729 Remote 820
Local 766 Remote 820
Local 753 Remote 820
Local 743 Remote 820
Local 713 Remote 820
Local 724 Remote 820
Local 758 Remote 820
Local 721 Remote 820
Local 644 Remote 848
Local 699 Remote 828
Local 742 Remote 822
Local 718 Remote 820
Local 724 Remote 820
Local 755 Remote 820
Local 747 Remote 820
Local 736 Remote 820
Local 720 Remote 820
Local 706 Remote 820
Local 681 Remote 820
Local 705 Remote 820
Local 712 Remote 820
Local 751 Remote 820
Local 735 Remote 820
Local 708 Remote 820
Local 727 Remote 820
Local 730 Remote 820
Local 729 Remote 820
Local 667 Remote 820
Local 686 Remote 820
Local 706 Remote 820
Local 704 Remote 820
Local 717 Remote 820
Local 746 Remote 820
Local 739 Remote 820
Local 732 Remote 820
Local 718 Remote 820
Local 708 Remote 820
Local 650 Remote 820
Local 681 Remote 820
Local 694 Remote 820
Local 730 Remote 820
Local 729 Remote 820
Local 740 Remote 820
Local 744 Remote 820
Local 716 Remote 820
Local 729 Remote 820
Local 737 Remote 820
Local 643 Remote 820
Local 655 Remote 820
Local 697 Remote 820
Local 716 Remote 820
Local 729 Remote 820
Local 710 Remote 820
Local 732 Remote 820
Local 727 Remote 820
Local 740 Remote 820
Local 721 Remote 820
Local 635 Remote 820
Local 669 Remote 820
Local 724 Remote 820
Local 727 Remote 820
Local 740 Remote 820
Local 738 Remote 820
Local 752 Remote 820
Local 737 Remote 820
Local 710 Remote 820
Local 739 Remote 820
Local 670 Remote 820
Local 744 Remote 820
Local 744 Remote 820
Local 746 Remote 820
Local 741 Remote 820
Local 750 Remote 820
Local 735 Remote 820
Local 721 Remote 820
Local 748 Remote 820
Local 749 Remote 820
Local 661 Remote 820
Local 666 Remote 820
Local 739 Remote 820
Local 755 Remote 820
Local 742 Remote 820
Local 737 Remote 820
Local 737 Remote 820
Local 766 Remote 820
Local 750 Remote 820
Local 744 Remote 820
Local 660 Remote 820
Local 693 Remote 820
Local 697 Remote 820
Local 717 Remote 820
Local 728 Remote 820
Local 709 Remote 820
Local 736 Remote 820
Local 750 Remote 820
Local 736 Remote 820
Local 725 Remote 820
Local 614 Remote 826
Local 715 Remote 821
Local 716 Remote 820
Local 720 Remote 820
Local 714 Remote 820
Local 732 Remote 820
Local 725 Remote 820
Local 728 Remote 820
Local 740 Remote 820
Local 728 Remote 820
Local 660 Remote 820
Local 710 Remote 820
Local 723 Remote 820
Local 735 Remote 820
Local 727 Remote 820
Local 715 Remote 820
Local 705 Remote 820
Local 704 Remote 820
Local 718 Remote 820
Local 643 Remote 820
Local 672 Remote 826
Local 732 Remote 821
Local 714 Remote 820
Local 732 Remote 820
Local 751 Remote 820
Local 738 Remote 820
Local 745 Remote 820
Local 729 Remote 820
Local 716 Remote 820
Local 671 Remote 920
Local 688 Remote 851
Local 716 Remote 829
Local 715 Remote 822
Local 715 Remote 820
Local 742 Remote 820
Local 741 Remote 820
Local 705 Remote 820
Local 738 Remote 820
Local 753 Remote 820
Local 611 Remote 820
Local 693 Remote 820
Local 713 Remote 820
Local 744 Remote 820
Local 729 Remote 820
Local 738 Remote 820
Local 717 Remote 820
Local 709 Remote 820
Local 734 Remote 820
Local 719 Remote 820
Local 620 Remote 879
Local 703 Remote 838
Local 726 Remote 824
Local 702 Remote 820
Local 712 Remote 820
Local 709 Remote 820
Local 730 Remote 820
Local 730 Remote 820
Local 731 Remote 820
Local 711 Remote 820
Local 625 Remote 820
Local 701 Remote 820
Local 725 Remote 820
Local 755 Remote 820
Local 734 Remote 820
Local 753 Remote 820
Local 739 Remote 820
Local 721 Remote 820
Local 720 Remote 820
Local 750 Remote 820
Local 637 Remote 820
Local 707 Remote 820
Local 733 Remote 820
Local 705 Remote 820
Local 724 Remote 820
Local 714 Remote 820
Local 709 Remote 820
Local 694 Remote 820
Local 721 Remote 820
Local 731 Remote 820
Local 640 Remote 820
Local 696 Remote 820
Local 716 Remote 820
Local 721 Remote 820
Local 727 Remote 820
Local 756 Remote 820
Local 746 Remote 820
Local 735 Remote 820
Local 747 Remote 820
Local 723 Remote 820
Local 628 Remote 820
Local 689 Remote 820
Local 738 Remote 820
Local 727 Remote 820
Local 728 Remote 820
Local 752 Remote 820
Local 741 Remote 820
Local 726 Remote 820
Local 732 Remote 820
Local 672 Remote 820
Local 681 Remote 820
Local 719 Remote 820
Local 741 Remote 820
Local 744 Remote 820
Local 742 Remote 820
Local 735 Remote 820
Local 737 Remote 820
Local 739 Remote 820
Local 745 Remote 820
Local 670 Remote 820
Local 660 Remote 820
Local 707 Remote 820
Local 706 Remote 820
Local 718 Remote 820
Local 740 Remote 820
Local 752 Remote 820
Local 748 Remote 820
Local 727 Remote 820
Local 744 Remote 820
Local 703 Remote 820
Local 678 Remote 820
Local 728 Remote 820
Local 724 Remote 820
Local 740 Remote 820
Local 747 Remote 820
Local 734 Remote 820
Local 757 Remote 820
Local 728 Remote 820
Local 757 Remote 820
Local 661 Remote 820
Local 670 Remote 820
Local 713 Remote 820
Local 707 Remote 820
Local 743 Remote 820
Local 739 Remote 820
Local 709 Remote 820
Local 713 Remote 820
Local 736 Remote 820
Local 750 Remote 820
Local 655 Remote 820
Local 665 Remote 820
Local 707 Remote 820
Local 721 Remote 820
Local 707 Remote 820
Local 711 Remote 820
Local 720 Remote 820
Local 713 Remote 820
Local 700 Remote 820
Local 713 Remote 820
Local 645 Remote 820
Local 666 Remote 820
Local 717 Remote 820
Local 731 Remote 820
Local 694 Remote 820
Local 728 Remote 820
Local 736 Remote 820
Local 715 Remote 820
Local 697 Remote 820
Local 712 Remote 823
Local 661 Remote 872
Local 682 Remote 841
Local 719 Remote 826
Local 712 Remote 821
Local 565 Remote 829
Local 503 Remote 823
Local 486 Remote 820
Local 470 Remote 821
Local 463 Remote 820
Local 487 Remote 843
Local 500 Remote 841
Local 508 Remote 871
Local 487 Remote 852
Local 489 Remote 859
Local 610 Remote 831
Local 691 Remote 823
Local 737 Remote 820
Local 728 Remote 820
Local 749 Remote 820
Local 746 Remote 820
Local 749 Remote 820
Local 729 Remote 820
Local 716 Remote 820
Local 595 Remote 820
Local 631 Remote 820
Local 702 Remote 820
Local 716 Remote 820
Local 692 Remote 820
Local 734 Remote 820
Local 726 Remote 820
Local 719 Remote 820
Local 710 Remote 820
Local 698 Remote 820
Local 601 Remote 820
Local 689 Remote 820
Local 727 Remote 820
Local 750 Remote 820
Local 725 Remote 820
Local 718 Remote 820
Local 715 Remote 820
Local 727 Remote 820
Local 728 Remote 820
Local 759 Remote 820
Local 651 Remote 820
Local 707 Remote 820
Local 757 Remote 820
Local 728 Remote 820
Local 731 Remote 820
Local 714 Remote 820
Local 713 Remote 820
Local 724 Remote 820
Local 723 Remote 820
Local 688 Remote 820
Local 645 Remote 820
Local 710 Remote 820
Local 745 Remote 820
Local 753 Remote 820
Local 746 Remote 820
Local 732 Remote 820
Local 723 Remote 820
Local 731 Remote 820
Local 720 Remote 820
Local 661 Remote 820
Local 670 Remote 820
Local 735 Remote 820
Local 739 Remote 820
Local 718 Remote 820
Local 725 Remote 820
Local 734 Remote 820
Local 724 Remote 820
Local 714 Remote 820
Local 736 Remote 820
Local 671 Remote 820
Local 658 Remote 820
Local 700 Remote 820
Local 718 Remote 820
Local 716 Remote 820
Local 718 Remote 820
Local 702 Remote 820
Local 732 Remote 820
Local 744 Remote 820
Local 733 Remote 820
Local 618 Remote 820
Local 671 Remote 820
Local 717 Remote 820
Local 721 Remote 820
Local 732 Remote 820
Local 736 Remote 820
Local 722 Remote 820
Local 709 Remote 820
Local 711 Remote 820
Local 708 Remote 820
Local 594 Remote 820
Local 693 Remote 820
Local 716 Remote 820
Local 707 Remote 820
Local 726 Remote 820
Local 736 Remote 820
Local 741 Remote 820
Local 738 Remote 820
Local 733 Remote 820
Local 741 Remote 820
Local 639 Remote 820
Local 691 Remote 820
Local 728 Remote 820
Local 717 Remote 820
Local 729 Remote 820
Local 727 Remote 820
Local 744 Remote 820
Local 741 Remote 820
Local 742 Remote 820
Local 728 Remote 820
Local 619 Remote 820
Local 702 Remote 820
Local 715 Remote 820
Local 744 Remote 820
Local 717 Remote 820
Local 735 Remote 820
Local 707 Remote 820
Local 726 Remote 820
Local 701 Remote 820
Local 681 Remote 820
Local 616 Remote 820
Local 695 Remote 820
Local 724 Remote 820
Local 738 Remote 820
Local 727 Remote 820
Local 737 Remote 820
Local 745 Remote 820
Local 741 Remote 820
Local 765 Remote 820
Local 725 Remote 820
Local 662 Remote 820
Local 706 Remote 820
Local 728 Remote 820
Local 727 Remote 820
Local 729 Remote 820
Local 738 Remote 820
Local 743 Remote 820
Local 765 Remote 820
Local 733 Remote 820
Local 668 Remote 820
Local 671 Remote 820
Local 686 Remote 820
Local 692 Remote 820
Local 719 Remote 820
Local 722 Remote 820
Local 744 Remote 820
Local 754 Remote 820
Local 754 Remote 820
Local 743 Remote 820
Local 671 Remote 820
Local 674 Remote 820
Local 724 Remote 820
Local 708 Remote 820
Local 725 Remote 820
Local 714 Remote 820
Local 719 Remote 820
Local 733 Remote 820
Local 732 Remote 820
Local 712 Remote 820
Local 663 Remote 820
Local 677 Remote 820
Local 712 Remote 820
Local 712 Remote 820
Local 731 Remote 820
Local 725 Remote 820
Local 724 Remote 820
Local 736 Remote 820
Local 724 Remote 820
Local 739 Remote 820
Local 611 Remote 820
Local 646 Remote 820
Local 704 Remote 820
Local 713 Remote 820
Local 732 Remote 820
Local 714 Remote 820
Local 722 Remote 820
Local 726 Remote 820
Local 737 Remote 820
Local 747 Remote 820
Local 615 Remote 820
Local 701 Remote 820
Local 703 Remote 820
Local 725 Remote 820
Local 705 Remote 820
Local 719 Remote 820
Local 741 Remote 820
Local 724 Remote 820
Local 747 Remote 820
Local 737 Remote 820
Local 622 Remote 820
Local 677 Remote 820
Local 739 Remote 820
Local 724 Remote 820
Local 729 Remote 820
Local 725 Remote 820
Local 704 Remote 820
Local 723 Remote 820
Local 748 Remote 820
Local 732 Remote 820
Local 593 Remote 820
Local 674 Remote 820
Local 714 Remote 820
Local 738 Remote 820
Local 722 Remote 820
Local 752 Remote 820
Local 723 Remote 820
Local 732 Remote 820
Local 731 Remote 820
Local 734 Remote 820
Local 615 Remote 820
Local 696 Remote 820
Local 726 Remote 820
Local 748 Remote 820
Local 728 Remote 820
Local 750 Remote 820
Local 725 Remote 820
Local 741 Remote 820
Local 717 Remote 820
Local 718 Remote 820
Local 598 Remote 820
Local 695 Remote 820
Local 698 Remote 820
Local 703 Remote 820
Local 714 Remote 820
Local 726 Remote 820
Local 723 Remote 820
Local 738 Remote 820
Local 732 Remote 820
Local 735 Remote 820
Local 608 Remote 820
Local 691 Remote 820
Local 703 Remote 820
Local 728 Remote 820
Local 735 Remote 820
Local 715 Remote 820
Local 725 Remote 820
Local 717 Remote 820
Local 748 Remote 820
Local 750 Remote 820
Local 613 Remote 824
Local 694 Remote 820
Local 712 Remote 820
Local 726 Remote 820
Local 725 Remote 820
Local 737 Remote 820
Local 704 Remote 820
Local 754 Remote 820
Local 740 Remote 820
Local 714 Remote 820
Local 583 Remote 820
Local 676 Remote 820
Local 722 Remote 820
Local 721 Remote 820
Local 731 Remote 820
Local 723 Remote 820
Local 744 Remote 820
Local 738 Remote 820
Local 724 Remote 820
Local 737 Remote 820
Local 576 Remote 820
Local 675 Remote 820
Local 716 Remote 820
Local 743 Remote 820
Local 719 Remote 820
Local 734 Remote 820
Local 717 Remote 820
Local 718 Remote 820
Local 717 Remote 820
Local 708 Remote 820
Local 635 Remote 820
Local 693 Remote 820
Local 706 Remote 820
Local 731 Remote 820
Local 721 Remote 820
Local 726 Remote 820
Local 716 Remote 820
Local 712 Remote 820
Local 727 Remote 820
Local 706 Remote 820
Local 648 Remote 837
Local 690 Remote 824
Local 685 Remote 820
Local 725 Remote 820
Local 741 Remote 820
Local 732 Remote 820
Local 690 Remote 820
Local 717 Remote 820
Local 738 Remote 820
Local 700 Remote 820
Local 641 Remote 820
Local 717 Remote 820
Local 707 Remote 820
Local 696 Remote 820
Local 722 Remote 820
Local 716 Remote 820
Local 736 Remote 820
Local 724 Remote 820
Local 739 Remote 820
Local 755 Remote 820
Local 640 Remote 820
Local 709 Remote 820
Local 741 Remote 820
Local 734 Remote 820
Local 738 Remote 820
Local 745 Remote 820
Local 737 Remote 820
Local 741 Remote 820
Local 733 Remote 820
Local 708 Remote 820
Local 614 Remote 820
Local 714 Remote 820
Local 714 Remote 820
Local 730 Remote 820
Local 725 Remote 820
Local 750 Remote 820
Local 736 Remote 820
Local 722 Remote 820
Local 705 Remote 820
Local 641 Remote 820
Local 658 Remote 820
Local 710 Remote 820
Local 730 Remote 820
Local 573 Remote 820
Local 510 Remote 880
Local 509 Remote 856
Local 491 Remote 850
Local 503 Remote 832
Local 478 Remote 888
Local 469 Remote 853
Local 511 Remote 833
Local 517 Remote 896
Local 521 Remote 970
Local 630 Remote 867
Local 731 Remote 834
Local 721 Remote 823
Local 734 Remote 820
Local 734 Remote 820
Local 753 Remote 820
Local 733 Remote 820
Local 721 Remote 820
Local 728 Remote 820
Local 620 Remote 820
Local 703 Remote 820
Local 734 Remote 820
Local 730 Remote 821
Local 730 Remote 820
Local 744 Remote 820
Local 722 Remote 820
Local 726 Remote 820
Local 744 Remote 820
Local 737 Remote 820
Local 630 Remote 820
Local 690 Remote 820
Local 713 Remote 820
Local 738 Remote 820
Local 742 Remote 820
Local 763 Remote 820
Local 736 Remote 820
Local 738 Remote 820
Local 737 Remote 820
Local 745 Remote 820
Local 679 Remote 839
Local 735 Remote 825
Local 736 Remote 820
Local 746 Remote 820
Local 718 Remote 820
Local 715 Remote 820
Local 710 Remote 820
Local 729 Remote 820
Local 720 Remote 820
Local 768 Remote 857
Local 649 Remote 835
Local 706 Remote 824
Local 726 Remote 820
Local 742 Remote 820
Local 732 Remote 820
Local 732 Remote 820
Local 747 Remote 820
Local 744 Remote 820
Local 744 Remote 820
Local 725 Remote 820
Local 666 Remote 890
Local 725 Remote 841
Local 729 Remote 826
Local 716 Remote 821
Local 737 Remote 820
Local 743 Remote 820
Local 758 Remote 820
Local 754 Remote 820
Local 721 Remote 820
Local 640 Remote 820
Local 674 Remote 820
Local 708 Remote 820
Local 714 Remote 820
Local 718 Remote 820
Local 734 Remote 820
Local 751 Remote 820
Local 753 Remote 820
Local 741 Remote 820
Local 727 Remote 820
Local 613 Remote 820
Local 654 Remote 820
Local 718 Remote 820
Local 731 Remote 820
Local 727 Remote 820
Local 727 Remote 820
Local 723 Remote 820
Local 755 Remote 820
Local 719 Remote 820
Local 720 Remote 820
Local 741 Remote 860
Local 716 Remote 836
Local 740 Remote 824
Local 735 Remote 820
Local 725 Remote 820
Local 721 Remote 820
Local 733 Remote 820
Local 742 Remote 820
Local 737 Remote 820
Local 723 Remote 820
Local 608 Remote 836
Local 668 Remote 824
Local 708 Remote 820
Local 723 Remote 820
Local 719 Remote 820
Local 740 Remote 820
Local 742 Remote 820
Local 732 Remote 820
Local 718 Remote 820
Local 736 Remote 820
Local 619 Remote 820
Local 675 Remote 820
Local 739 Remote 820
Local 729 Remote 820
Local 745 Remote 820
Local 750 Remote 820
Local 750 Remote 820
Local 744 Remote 820
Local 741 Remote 820
Local 740 Remote 820
Local 583 Remote 820
Local 688 Remote 820
Local 724 Remote 820
Local 728 Remote 820
Local 752 Remote 820
Local 721 Remote 820
Local 736 Remote 820
Local 700 Remote 820
Local 712 Remote 820
Local 724 Remote 820
Local 663 Remote 820
Local 704 Remote 820
Local 724 Remote 820
Local 717 Remote 820
Local 715 Remote 820
Local 720 Remote 820
Local 704 Remote 820
Local 731 Remote 820
Local 776 Remote 820
Local 676 Remote 820
Local 658 Remote 820
Local 678 Remote 820
Local 722 Remote 820
Local 734 Remote 820
Local 754 Remote 820
Local 773 Remote 820
Local 745 Remote 820
Local 745 Remote 820
Local 747 Remote 820
Local 662 Remote 820
Local 676 Remote 820
Local 715 Remote 820
Local 748 Remote 820
Local 734 Remote 820
Local 726 Remote 820
Local 725 Remote 820
Local 734 Remote 820
Local 732 Remote 820
Local 745 Remote 820
Local 686 Remote 820
Local 651 Remote 824
Local 701 Remote 820
Local 705 Remote 820
Local 751 Remote 820
Local 720 Remote 820
Local 712 Remote 820
Local 705 Remote 820
Local 737 Remote 820
Local 743 Remote 820
Local 735 Remote 840
Local 687 Remote 828
Local 764 Remote 822
Local 743 Remote 820
Local 771 Remote 820
Local 752 Remote 820
Local 722 Remote 820
Local 716 Remote 820
Local 735 Remote 820
Local 751 Remote 820
Local 707 Remote 820
Local 618 Remote 820
Local 680 Remote 820
Local 699 Remote 820
Local 731 Remote 820
Local 742 Remote 820
Local 715 Remote 820
Local 751 Remote 820
Local 726 Remote 820
Local 730 Remote 820
Local 642 Remote 855
Local 680 Remote 834
Local 738 Remote 823
Local 721 Remote 820
Local 744 Remote 820
Local 732 Remote 820
Local 723 Remote 820
Local 737 Remote 820
Local 722 Remote 820
Local 727 Remote 820
Local 636 Remote 820
Local 675 Remote 820
Local 690 Remote 820
Local 733 Remote 820
Local 733 Remote 820
Local 724 Remote 820
Local 742 Remote 820
Local 713 Remote 820
Local 732 Remote 820
Local 723 Remote 820
Local 612 Remote 867
Local 654 Remote 834
Local 692 Remote 823
Local 715 Remote 820
Local 750 Remote 820
Local 748 Remote 820
Local 745 Remote 820
Local 742 Remote 820
Local 751 Remote 820
Local 718 Remote 820
Local 605 Remote 820
Local 676 Remote 820
Local 698 Remote 820
Local 708 Remote 820
Local 722 Remote 820
Local 727 Remote 820
Local 728 Remote 820
Local 742 Remote 820
Local 735 Remote 820
Local 736 Remote 820
Local 593 Remote 820
Local 688 Remote 820
Local 725 Remote 820
Local 725 Remote 820
Local 732 Remote 820
Local 718 Remote 820
Local 740 Remote 820
Local 740 Remote 820
Local 734 Remote 820
Local 735 Remote 820
Local 671 Remote 820
Local 700 Remote 820
Local 733 Remote 820
Local 709 Remote 820
Local 731 Remote 820
Local 723 Remote 820
Local 745 Remote 820
Local 724 Remote 820
Local 739 Remote 820
Local 732 Remote 820
Local 651 Remote 820
Local 724 Remote 820
Local 733 Remote 820
Local 721 Remote 820
Local 764 Remote 820
Local 749 Remote 820
Local 717 Remote 820
Local 730 Remote 820
Local 735 Remote 820
Local 663 Remote 820
Local 661 Remote 820
Local 700 Remote 820
Local 715 Remote 820
Local 727 Remote 820
Local 709 Remote 820
Local 680 Remote 820
Local 708 Remote 820
Local 731 Remote 820
Local 741 Remote 820
Local 644 Remote 820
Local 669 Remote 820
Local 713 Remote 820
Local 713 Remote 820
Local 738 Remote 820
Local 739 Remote 820
Local 719 Remote 820
Local 708 Remote 820
Local 725 Remote 820
Local 729 Remote 820
Local 668 Remote 820
Local 616 Remote 820
Local 670 Remote 820
Local 713 Remote 820
Local 708 Remote 820
Local 733 Remote 820
Local 755 Remote 820
Local 736 Remote 820
Local 722 Remote 820
Local 740 Remote 820
Local 689 Remote 820
Local 680 Remote 820
Local 706 Remote 820
Local 728 Remote 820
Local 725 Remote 820
Local 761 Remote 820
Local 754 Remote 820
Local 751 Remote 820
Local 729 Remote 820
Local 745 Remote 820
Local 666 Remote 820
Local 657 Remote 846
Local 716 Remote 827
Local 726 Remote 821
Local 716 Remote 820
Local 729 Remote 820
Local 703 Remote 820
Local 710 Remote 820
Local 734 Remote 820
Local 731 Remote 820
Local 653 Remote 820
Local 671 Remote 820
Local 718 Remote 820
Local 715 Remote 820
Local 749 Remote 820
Local 729 Remote 820
Local 742 Remote 820
Local 740 Remote 820
Local 728 Remote 820
Local 740 Remote 820
Local 661 Remote 852
Local 649 Remote 833
Local 675 Remote 823
Local 724 Remote 841
Local 571 Remote 828
Local 510 Remote 823
Local 482 Remote 830
Local 469 Remote 823
Local 463 Remote 820
Local 470 Remote 947
Local 485 Remote 873
Local 535 Remote 841
Local 518 Remote 942
Local 504 Remote 924
Local 657 Remote 852
Local 711 Remote 829
Local 749 Remote 822
Local 747 Remote 820
Local 734 Remote 820
Local 738 Remote 820
Local 766 Remote 820
Local 757 Remote 820
Local 735 Remote 820
Local 663 Remote 820
Local 693 Remote 820
Local 719 Remote 820
Local 723 Remote 820
Local 741 Remote 820
Local 725 Remote 820
Local 691 Remote 820
Local 731 Remote 820
Local 736 Remote 820
Local 741 Remote 820
Local 675 Remote 820
Local 719 Remote 820
Local 767 Remote 820
Local 723 Remote 820
Local 728 Remote 820
Local 740 Remote 820
Local 725 Remote 820
Local 732 Remote 820
Local 739 Remote 820
Local 727 Remote 820
Local 598 Remote 820
Local 703 Remote 820
Local 692 Remote 820
Local 726 Remote 820
Local 721 Remote 820
Local 749 Remote 820
Local 726 Remote 820
Local 758 Remote 820
Local 716 Remote 820
Local 745 Remote 820
Local 642 Remote 820
Local 728 Remote 820
Local 722 Remote 820
Local 714 Remote 820
Local 718 Remote 820
Local 721 Remote 820
Local 727 Remote 820
Local 730 Remote 820
Local 737 Remote 820
Local 730 Remote 820
Local 605 Remote 820
Local 678 Remote 820
Local 720 Remote 820
Local 700 Remote 820
Local 737 Remote 820
Local 734 Remote 820
Local 728 Remote 820
Local 713 Remote 820
Local 728 Remote 820
Local 731 Remote 820
Local 652 Remote 897
Local 706 Remote 843
Local 741 Remote 826
Local 734 Remote 821
Local 731 Remote 820
Local 765 Remote 820
Local 745 Remote 820
Local 745 Remote 820
Local 714 Remote 820
Local 723 Remote 820
Local 637 Remote 820
Local 715 Remote 820
Local 711 Remote 820
Local 743 Remote 820
Local 716 Remote 820
Local 747 Remote 820
Local 740 Remote 820
Local 737 Remote 820
Local 760 Remote 820
Local 742 Remote 820
Local 640 Remote 820
Local 702 Remote 820
Local 747 Remote 820
Local 739 Remote 820
Local 710 Remote 820
Local 716 Remote 820
Local 720 Remote 820
Local 717 Remote 820
Local 734 Remote 820
Local 724 Remote 820
Local 642 Remote 820
Local 690 Remote 820
Local 699 Remote 820
Local 730 Remote 820
Local 738 Remote 820
Local 725 Remote 820
Local 732 Remote 820
Local 742 Remote 820
Local 736 Remote 820
Local 638 Remote 820
Local 681 Remote 820
Local 708 Remote 820
Local 717 Remote 820
Local 730 Remote 820
Local 721 Remote 820
Local 724 Remote 820
Local 741 Remote 820
Local 726 Remote 820
Local 707 Remote 820
Local 663 Remote 820
Local 648 Remote 820
Local 695 Remote 820
Local 715 Remote 820
Local 706 Remote 820
Local 704 Remote 820
Local 710 Remote 820
Local 736 Remote 820
Local 732 Remote 820
Local 716 Remote 820
Local 640 Remote 820
Local 649 Remote 820
Local 716 Remote 820
Local 716 Remote 820
Local 721 Remote 820
Local 715 Remote 820
Local 740 Remote 820
Local 756 Remote 820
Local 731 Remote 820
Local 740 Remote 820
Local 649 Remote 820
Local 671 Remote 820
Local 709 Remote 820
Local 722 Remote 820
Local 710 Remote 820
Local 726 Remote 820
Local 722 Remote 820
Local 739 Remote 820
Local 723 Remote 820
Local 727 Remote 820
Local 693 Remote 822
Local 658 Remote 820
Local 697 Remote 820
Local 735 Remote 820
Local 739 Remote 820
Local 730 Remote 820
Local 731 Remote 820
Local 765 Remote 820
Local 739 Remote 820
Local 715 Remote 820
Local 597 Remote 847
Local 659 Remote 828
Local 722 Remote 822
Local 736 Remote 820
Local 715 Remote 820
Local 712 Remote 820
Local 727 Remote 820
Local 756 Remote 820
Local 729 Remote 820
Local 714 Remote 820
Local 604 Remote 820
Local 684 Remote 820
Local 706 Remote 820
Local 759 Remote 820
Local 751 Remote 820
Local 737 Remote 820
Local 731 Remote 820
Local 726 Remote 820
Local 754 Remote 820
Local 721 Remote 820
Local 598 Remote 820
Local 683 Remote 820
Local 679 Remote 820
Local 720 Remote 820
Local 714 Remote 820
Local 709 Remote 820
Local 750 Remote 820
Local 729 Remote 820
Local 722 Remote 820
Local 730 Remote 820
Local 609 Remote 820
Local 692 Remote 820
Local 759 Remote 820
Local 705 Remote 820
Local 747 Remote 820
Local 759 Remote 820
Local 712 Remote 820
Local 726 Remote 820
Local 746 Remote 820
Local 732 Remote 820
Local 584 Remote 820
Local 683 Remote 820
Local 716 Remote 820
Local 742 Remote 820
Local 728 Remote 820
Local 726 Remote 820
Local 737 Remote 820
Local 756 Remote 820
Local 753 Remote 820
Local 768 Remote 820
Local 658 Remote 820
Local 697 Remote 820
Local 724 Remote 820
Local 731 Remote 820
Local 728 Remote 820
Local 723 Remote 820
Local 724 Remote 820
Local 743 Remote 820
Local 736 Remote 820
Local 796 Remote 820
Local 696 Remote 820
Local 720 Remote 820
Local 699 Remote 820
Local 716 Remote 820
Local 704 Remote 820
Local 708 Remote 820
Local 727 Remote 820
Local 724 Remote 820
Local 712 Remote 820
Local 752 Remote 820
Local 649 Remote 820
Local 689 Remote 820
Local 716 Remote 820
Local 743 Remote 820
Local 716 Remote 820
Local 727 Remote 820
Local 711 Remote 820
Local 717 Remote 820
Local 725 Remote 820
Local 697 Remote 820
Local 629 Remote 826
Local 704 Remote 821
Local 716 Remote 820
Local 743 Remote 820
Local 740 Remote 820
Local 738 Remote 820
Local 738 Remote 820
Local 745 Remote 820
Local 726 Remote 820
Local 703 Remote 820
Local 629 Remote 820
Local 709 Remote 820
Local 734 Remote 820
Local 744 Remote 820
Local 734 Remote 820
Local 714 Remote 820
Local 710 Remote 820
Local 717 Remote 820
Local 729 Remote 820
Local 720 Remote 820
Local 649 Remote 820
Local 687 Remote 820
Local 720 Remote 820
Local 720 Remote 820
Local 726 Remote 820
Local 736 Remote 820
Local 723 Remote 820
Local 713 Remote 820
Local 692 Remote 820
Local 676 Remote 820
Local 620 Remote 820
Local 684 Remote 820
Local 689 Remote 820
Local 717 Remote 820
Local 737 Remote 820
Local 739 Remote 820
Local 721 Remote 820
Local 704 Remote 820
Local 714 Remote 820
Local 728 Remote 820
Local 647 Remote 820
Local 701 Remote 820
Local 694 Remote 820
Local 716 Remote 820
Local 722 Remote 820
Local 732 Remote 820
Local 721 Remote 820
Local 707 Remote 820
Local 717 Remote 820
Local 718 Remote 828
Local 635 Remote 823
Local 709 Remote 820
Local 708 Remote 820
Local 719 Remote 820
Local 723 Remote 820
Local 700 Remote 820
Local 715 Remote 820
Local 712 Remote 820
Local 689 Remote 820
Local 768 Remote 820
Local 658 Remote 820
Local 714 Remote 820
Local 717 Remote 820
Local 719 Remote 820
Local 728 Remote 820
Local 746 Remote 820
Local 717 Remote 820
Local 721 Remote 820
Local 735 Remote 820
Local 736 Remote 820
Local 654 Remote 820
Local 697 Remote 820
Local 723 Remote 820
Local 727 Remote 820
Local 744 Remote 820
Local 737 Remote 820
Local 750 Remote 820
Local 709 Remote 820
Local 720 Remote 820
Local 715 Remote 820
Local 702 Remote 878
Local 711 Remote 838
Local 737 Remote 824
Local 609 Remote 821
Local 522 Remote 820
Local 490 Remote 820
Local 472 Remote 820
Local 464 Remote 820
Local 468 Remote 820
Local 546 Remote 856
Local 509 Remote 906
Local 530 Remote 856
Local 511 Remote 947
Local 562 Remote 873
Local 680 Remote 835
Local 708 Remote 824
Local 754 Remote 820
Local 704 Remote 820
Local 766 Remote 820
Local 723 Remote 820
Local 704 Remote 820
Local 721 Remote 820
Local 765 Remote 820
Local 675 Remote 820
Local 712 Remote 820
Local 705 Remote 820
Local 716 Remote 820
Local 711 Remote 820
Local 734 Remote 820
Local 725 Remote 820
Local 752 Remote 820
Local 726 Remote 820
Local 635 Remote 820
Local 677 Remote 820
Local 703 Remote 820
Local 712 Remote 820
Local 695 Remote 820
Local 714 Remote 820
Local 749 Remote 820
Local 745 Remote 820
Local 718 Remote 820
Local 735 Remote 820
Local 608 Remote 820
Local 703 Remote 820
Local 729 Remote 820
Local 715 Remote 820
Local 739 Remote 820
Local 730 Remote 820
Local 741 Remote 820
Local 726 Remote 820
Local 748 Remote 820
Local 712 Remote 820
Local 650 Remote 820
Local 682 Remote 820
Local 696 Remote 820
Local 721 Remote 820
Local 711 Remote 820
Local 718 Remote 820
Local 749 Remote 820
Local 733 Remote 820
Local 720 Remote 820
Local 665 Remote 820
Local 657 Remote 820
Local 704 Remote 820
Local 708 Remote 820
Local 721 Remote 820
Local 718 Remote 820
Local 741 Remote 820
Local 750 Remote 820
Local 734 Remote 820
Local 698 Remote 820
Local 644 Remote 820
Local 675 Remote 820
Local 703 Remote 820
Local 717 Remote 820
Local 720 Remote 820
Local 743 Remote 820
Local 734 Remote 820
Local 727 Remote 820
Local 719 Remote 820
Local 757 Remote 820
Local 643 Remote 820
Local 669 Remote 820
Local 702 Remote 820
Local 716 Remote 820
Local 723 Remote 820
Local 734 Remote 820
Local 731 Remote 820
Local 736 Remote 820
Local 721 Remote 820
Local 734 Remote 820
Local 646 Remote 820
Local 685 Remote 820
Local 699 Remote 820
Local 712 Remote 820
Local 721 Remote 820
Local 721 Remote 820
Local 718 Remote 820
Local 743 Remote 820
Local 723 Remote 820
Local 684 Remote 820
Local 594 Remote 898
Local 687 Remote 844
Local 719 Remote 826
Local 730 Remote 821
Local 730 Remote 820
Local 701 Remote 820
Local 684 Remote 820
Local 734 Remote 820
Local 720 Remote 820
Local 719 Remote 820
Local 637 Remote 820
Local 691 Remote 820
Local 719 Remote 820
Local 720 Remote 820
Local 736 Remote 820
Local 720 Remote 820
Local 722 Remote 820
Local 746 Remote 820
Local 757 Remote 820
Local 671 Remote 820
Local 689 Remote 820
Local 730 Remote 820
Local 726 Remote 820
Local 739 Remote 820
Local 740 Remote 820
Local 745 Remote 820
Local 731 Remote 820
Local 737 Remote 820
Local 720 Remote 820
Local 673 Remote 820
Local 686 Remote 834
Local 695 Remote 823
Local 728 Remote 820
Local 736 Remote 820
Local 756 Remote 820
Local 747 Remote 820
Local 757 Remote 820
Local 756 Remote 820
Local 752 Remote 820
Local 664 Remote 820
Local 662 Remote 835
Local 711 Remote 824
Local 712 Remote 820
Local 723 Remote 820
Local 711 Remote 820
Local 743 Remote 820
Local 706 Remote 820
Local 735 Remote 820
Local 704 Remote 820
Local 631 Remote 820
Local 653 Remote 820
Local 705 Remote 820
Local 734 Remote 820
Local 761 Remote 820
Local 723 Remote 820
Local 746 Remote 820
Local 718 Remote 820
Local 721 Remote 820
Local 724 Remote 820
Local 651 Remote 820
Local 672 Remote 820
Local 698 Remote 820
Local 719 Remote 820
Local 729 Remote 820
Local 709 Remote 820
Local 744 Remote 820
Local 767 Remote 820
Local 741 Remote 820
Local 731 Remote 820
Local 658 Remote 820
Local 667 Remote 820
Local 689 Remote 820
Local 715 Remote 820
Local 756 Remote 820
Local 728 Remote 820
Local 726 Remote 820
Local 735 Remote 820
Local 746 Remote 820
Local 736 Remote 820
Local 700 Remote 820
Local 645 Remote 820
Local 689 Remote 820
Local 693 Remote 820
Local 698 Remote 820
Local 720 Remote 820
Local 722 Remote 820
Local 724 Remote 820
Local 723 Remote 820
Local 714 Remote 820
Local 647 Remote 820
Local 652 Remote 820
Local 707 Remote 820
Local 718 Remote 820
Local 747 Remote 820
Local 725 Remote 820
Local 741 Remote 820
Local 726 Remote 820
Local 713 Remote 820
Local 751 Remote 820
Local 625 Remote 820
Local 668 Remote 820
Local 715 Remote 820
Local 717 Remote 820
Local 719 Remote 820
Local 733 Remote 820
Local 716 Remote 820
Local 726 Remote 820
Local 718 Remote 820
Local 709 Remote 820
Local 619 Remote 820
Local 720 Remote 820
Local 738 Remote 820
Local 731 Remote 820
Local 705 Remote 820
Local 717 Remote 820
Local 731 Remote 820
Local 713 Remote 820
Local 730 Remote 820
Local 712 Remote 820
Local 568 Remote 820
Local 671 Remote 820
Local 719 Remote 820
Local 734 Remote 820
Local 703 Remote 820
Local 716 Remote 820
Local 727 Remote 820
Local 727 Remote 820
Local 732 Remote 820
Local 691 Remote 820
Local 611 Remote 899
Local 678 Remote 844
Local 719 Remote 826
Local 710 Remote 821
Local 704 Remote 820
Local 734 Remote 820
Local 732 Remote 820
Local 733 Remote 820
Local 733 Remote 820
Local 712 Remote 820
Local 634 Remote 820
Local 712 Remote 820
Local 756 Remote 820
Local 761 Remote 820
Local 732 Remote 820
Local 721 Remote 820
Local 728 Remote 820
Local 734 Remote 820
Local 725 Remote 820
Local 673 Remote 820
Local 644 Remote 820
Local 721 Remote 820
Local 747 Remote 820
Local 723 Remote 820
Local 734 Remote 820
Local 746 Remote 820
Local 734 Remote 820
Local 756 Remote 820
Local 750 Remote 820
Local 672 Remote 820
Local 679 Remote 820
Local 723 Remote 820
Local 743 Remote 820
Local 733 Remote 820
Local 714 Remote 820
Local 731 Remote 820
Local 752 Remote 820
Local 725 Remote 820
Local 727 Remote 820
Local 678 Remote 820
Local 674 Remote 820
Local 700 Remote 820
Local 700 Remote 820
Local 692 Remote 820
Local 727 Remote 820
Local 738 Remote 820
Local 739 Remote 820
Local 718 Remote 820
Local 724 Remote 820
Local 646 Remote 820
Local 640 Remote 820
Local 708 Remote 820
Local 735 Remote 820
Local 722 Remote 820
Local 728 Remote 820
Local 727 Remote 820
Local 717 Remote 820
Local 722 Remote 820
Local 736 Remote 820
Local 667 Remote 820
Local 646 Remote 820
Local 691 Remote 820
Local 731 Remote 820
Local 729 Remote 820
Local 720 Remote 820
Local 734 Remote 820
Local 716 Remote 820
Local 725 Remote 820
Local 754 Remote 820
Local 674 Remote 820
Local 674 Remote 820
Local 728 Remote 820
Local 723 Remote 820
Local 739 Remote 820
Local 731 Remote 820
Local 728 Remote 820
Local 722 Remote 820
Local 742 Remote 820
Local 724 Remote 820
Local 691 Remote 820
Local 677 Remote 820
Local 726 Remote 820
Local 715 Remote 820
Local 711 Remote 820
Local 721 Remote 820
Local 730 Remote 820
Local 734 Remote 820
Local 740 Remote 820
Local 715 Remote 820
Local 676 Remote 820
Local 693 Remote 923
Local 738 Remote 851
Local 733 Remote 829
Local 574 Remote 823
Local 507 Remote 820
Local 538 Remote 841
Local 492 Remote 828
Local 473 Remote 823
Local 464 Remote 820
Local 461 Remote 820
Local 460 Remote 820
Local 460 Remote 865
Local 460 Remote 844
Local 460 Remote 829
Local 460 Remote 823
Local 460 Remote 820
Local 460 Remote 820
Local 460 Remote 820
Local 460 Remote 820
Local 460 Remote 820
Local 512 Remote 820
Local 481 Remote 820
Local 541 Remote 828
Local 493 Remote 823
Local 493 Remote 820
Local 473 Remote 820
Local 464 Remote 820
Local 461 Remote 820
Local 460 Remote 820
Local 460 Remote 820
Local 460 Remote 820
Local 460 Remote 820
Local 467 Remote 820
Local 462 Remote 820
Local 524 Remote 838
Local 497 Remote 826
Local 475 Remote 822
Local 466 Remote 820
