Local 576 Remote 820
Local 597 Remote 820
Local 649 Remote 867
Local 769 Remote 850
Local 876 Remote 910
Local 887 Remote 881
Local 1080 Remote 926
Local 1100 Remote 923
Local 1004 Remote 936
Local 1052 Remote 859
Local 991 Remote 925
Local 1223 Remote 1107
Local 787 Remote 884
Local 716 Remote 837
Local 963 Remote 903
Local 949 Remote 895
Local 1079 Remote 931
Local 1157 Remote 886
Local 1039 Remote 876
Local 1227 Remote 950
Local 1130 Remote 979
Local 937 Remote 967
Local 669 Remote 1038
Local 716 Remote 856
Local 867 Remote 942
Local 1061 Remote 917
Local 1121 Remote 890
Local 1032 Remote 857
Local 910 Remote 903
Local 1125 Remote 949
Local 1027 Remote 904
Local 1357 Remote 1021
Local 570 Remote 865
Local 693 Remote 841
Local 896 Remote 909
Local 1182 Remote 1051
Local 1127 Remote 910
Local 1047 Remote 869
Local 1173 Remote 963
Local 1088 Remote 939
Local 1031 Remote 994
Local 800 Remote 1021
Local 815 Remote 853
Local 885 Remote 865
Local 1036 Remote 956
Local 1084 Remote 888
Local 1034 Remote 899
Local 950 Remote 911
Local 1091 Remote 881
Local 1083 Remote 912
Local 1279 Remote 870
Local 683 Remote 836
Local 941 Remote 924
Local 990 Remote 910
Local 1049 Remote 931
Local 1105 Remote 903
Local 1085 Remote 902
Local 1145 Remote 899
Local 1092 Remote 904
Local 1329 Remote 994
Local 663 Remote 838
Local 775 Remote 859
Local 860 Remote 898
Local 940 Remote 922
Local 1102 Remote 903
Local 918 Remote 831
Local 1148 Remote 971
Local 1112 Remote 931
Local 1066 Remote 885
Local 790 Remote 925
Local 571 Remote 843
Local 658 Remote 824
Local 804 Remote 893
Local 1092 Remote 938
Local 1094 Remote 940
Local 1134 Remote 958
Local 1095 Remote 933
Local 1000 Remote 924
Local 1123 Remote 900
Local 1000 Remote 890
Local 529 Remote 826
Local 798 Remote 894
Local 835 Remote 879
Local 1057 Remote 934
Local 1029 Remote 892
Local 987 Remote 874
Local 1030 Remote 882
Local 1020 Remote 941
Local 1082 Remote 1029
Local 692 Remote 840
Local 773 Remote 826
Local 897 Remote 902
Local 969 Remote 959
Local 999 Remote 893
Local 1104 Remote 1039
Local 1125 Remote 931
Local 1151 Remote 903
Local 1140 Remote 935
Local 1003 Remote 1010
Local 931 Remote 1164
Local 511 Remote 853
Local 626 Remote 849
Local 875 Remote 869
Local 1048 Remote 912
Local 1148 Remote 927
Local 1012 Remote 829
Local 888 Remote 892
Local 995 Remote 850
Local 1088 Remote 1003
Local 931 Remote 1073
Local 652 Remote 851
Local 941 Remote 934
Local 934 Remote 906
Local 1076 Remote 886
Local 1133 Remote 897
Local 1072 Remote 871
Local 1097 Remote 896
Local 910 Remote 856
Local 1107 Remote 983
Local 732 Remote 1016
Local 652 Remote 944
Local 865 Remote 908
Local 942 Remote 902
Local 1016 Remote 917
Local 1052 Remote 856
Local 936 Remote 1045
Local 1013 Remote 898
Local 1018 Remote 1097
Local 1144 Remote 936
Local 754 Remote 877
Local 634 Remote 832
Local 938 Remote 931
Local 939 Remote 924
Local 945 Remote 902
Local 1052 Remote 883
Local 1078 Remote 896
Local 1207 Remote 898
Local 1010 Remote 920
Local 894 Remote 984
Local 668 Remote 864
Local 695 Remote 853
Local 835 Remote 885
Local 1016 Remote 947
Local 1084 Remote 908
Local 988 Remote 849
Local 1017 Remote 918
Local 1073 Remote 876
Local 1011 Remote 864
Local 739 Remote 910
Local 568 Remote 883
Local 598 Remote 829
Local 846 Remote 851
Local 1184 Remote 1008
Local 1171 Remote 968
Local 1108 Remote 912
Local 1041 Remote 896
Local 1019 Remote 866
Local 1034 Remote 934
Local 888 Remote 1153
Local 553 Remote 886
Local 810 Remote 1130
Local 877 Remote 902
Local 1108 Remote 956
Local 1085 Remote 874
Local 933 Remote 842
Local 1028 Remote 893
Local 979 Remote 840
Local 1187 Remote 1070
Local 598 Remote 850
Local 639 Remote 841
Local 913 Remote 914
Local 909 Remote 933
Local 1242 Remote 1006
Local 1134 Remote 928
Local 1036 Remote 888
Local 1119 Remote 869
Local 1010 Remote 844
Local 1229 Remote 1082
Local 826 Remote 1712
Local 720 Remote 958
Local 975 Remote 1017
Local 918 Remote 968
Local 1106 Remote 910
Local 918 Remote 980
Local 959 Remote 915
Local 1055 Remote 959
Local 1002 Remote 845
Local 1274 Remote 1107
Local 1479 Remote 847
Local 820 Remote 832
Local 891 Remote 930
Local 919 Remote 885
Local 1054 Remote 912
Local 1103 Remote 931
Local 1072 Remote 895
Local 1160 Remote 952
Local 1066 Remote 913
Local 1054 Remote 1060
Local 888 Remote 843
Local 604 Remote 836
Local 658 Remote 827
Local 892 Remote 887
Local 1071 Remote 999
Local 1106 Remote 886
Local 991 Remote 944
Local 957 Remote 884
Local 1026 Remote 928
Local 1113 Remote 939
Local 1149 Remote 1537
Local 671 Remote 934
Local 934 Remote 888
Local 1043 Remote 922
Local 1196 Remote 992
Local 1065 Remote 892
Local 1054 Remote 890
Local 1095 Remote 860
Local 950 Remote 900
Local 1163 Remote 1020
Local 839 Remote 850
Local 701 Remote 859
Local 881 Remote 986
Local 905 Remote 985
Local 1018 Remote 856
Local 983 Remote 859
Local 949 Remote 877
Local 1092 Remote 947
Local 1024 Remote 889
Local 1230 Remote 1059
Local 1120 Remote 1096
Local 750 Remote 913
Local 910 Remote 941
Local 939 Remote 925
Local 929 Remote 905
Local 1192 Remote 998
Local 1106 Remote 887
Local 1150 Remote 916
Local 1066 Remote 890
Local 1300 Remote 1150
Local 937 Remote 964
Local 751 Remote 859
Local 990 Remote 925
Local 917 Remote 902
Local 1107 Remote 935
Local 1025 Remote 862
Local 963 Remote 897
Local 1125 Remote 918
Local 1031 Remote 907
Local 1029 Remote 1026
Local 680 Remote 967
Local 787 Remote 880
Local 837 Remote 904
Local 953 Remote 862
Local 1060 Remote 916
Local 1126 Remote 859
Local 1138 Remote 904
Local 1205 Remote 945
Local 1165 Remote 1022
Local 898 Remote 1002
Local 879 Remote 1060
Local 745 Remote 873
Local 878 Remote 885
Local 1020 Remote 921
Local 1121 Remote 938
Local 1014 Remote 964
Local 966 Remote 925
Local 980 Remote 853
Local 1030 Remote 909
Local 1250 Remote 953
Local 566 Remote 835
Local 562 Remote 837
Local 882 Remote 872
Local 1179 Remote 1062
Local 1210 Remote 946
Local 1143 Remote 926
Local 1104 Remote 880
Local 878 Remote 838
Local 1084 Remote 986
Local 638 Remote 879
Local 674 Remote 846
Local 912 Remote 960
Local 918 Remote 912
Local 1091 Remote 892
Local 1056 Remote 892
Local 925 Remote 891
Local 1020 Remote 890
Local 1091 Remote 903
Local 1248 Remote 1085
Local 838 Remote 871
Local 722 Remote 862
Local 940 Remote 1005
Local 890 Remote 877
Local 958 Remote 938
Local 1079 Remote 875
Local 1088 Remote 893
Local 1191 Remote 921
Local 1141 Remote 932
Local 903 Remote 981
Local 676 Remote 835
Local 541 Remote 890
Local 623 Remote 1045
Local 880 Remote 925
Local 1132 Remote 916
Local 1049 Remote 902
Local 878 Remote 872
Local 999 Remote 885
Local 998 Remote 910
Local 1289 Remote 1069
Local 853 Remote 916
Local 707 Remote 835
Local 932 Remote 935
Local 942 Remote 891
Local 964 Remote 907
Local 1155 Remote 962
Local 1070 Remote 877
Local 1174 Remote 969
Local 1066 Remote 911
Local 1076 Remote 1012
Local 820 Remote 1086
Local 794 Remote 865
Local 913 Remote 889
Local 961 Remote 865
Local 1074 Remote 900
Local 968 Remote 850
Local 1146 Remote 949
Local 1279 Remote 1039
Local 1024 Remote 888
Local 936 Remote 964
Local 542 Remote 844
Local 687 Remote 831
Local 868 Remote 859
Local 989 Remote 881
Local 1041 Remote 881
Local 1065 Remote 868
Local 1107 Remote 938
Local 1174 Remote 924
Local 1068 Remote 919
Local 1021 Remote 1027
Local 751 Remote 1534
Local 731 Remote 922
Local 872 Remote 971
Local 1028 Remote 894
Local 1102 Remote 875
Local 920 Remote 856
Local 1026 Remote 877
Local 1061 Remote 842
Local 1013 Remote 836
Local 946 Remote 903
Local 537 Remote 829
Local 652 Remote 852
Local 796 Remote 981
Local 1000 Remote 917
Local 1013 Remote 935
Local 1013 Remote 858
Local 1143 Remote 945
Local 1157 Remote 922
Local 1129 Remote 929
Local 1087 Remote 995
Local 858 Remote 2071
Local 770 Remote 994
Local 889 Remote 906
Local 1028 Remote 1015
Local 1033 Remote 865
Local 982 Remote 857
Local 1120 Remote 955
Local 1155 Remote 974
Local 1010 Remote 928
Local 949 Remote 949
Local 529 Remote 832
Local 703 Remote 847
Local 873 Remote 950
Local 1153 Remote 940
Local 1113 Remote 945
Local 1085 Remote 931
Local 1022 Remote 865
Local 877 Remote 871
Local 1006 Remote 913
Local 1138 Remote 880
Local 602 Remote 829
Local 562 Remote 829
Local 928 Remote 900
Local 1047 Remote 930
Local 1058 Remote 900
Local 820 Remote 855
Local 952 Remote 904
Local 1011 Remote 878
Local 1181 Remote 946
Local 766 Remote 849
Local 725 Remote 822
Local 964 Remote 895
Local 971 Remote 871
Local 1041 Remote 890
Local 1044 Remote 890
Local 1128 Remote 899
Local 1139 Remote 1037
Local 977 Remote 893
Local 811 Remote 932
Local 544 Remote 830
Local 675 Remote 831
Local 941 Remote 985
Local 923 Remote 926
Local 1062 Remote 894
Local 1069 Remote 854
Local 949 Remote 849
Local 978 Remote 880
Local 1035 Remote 839
Local 1237 Remote 1238
Local 738 Remote 860
Local 786 Remote 889
Local 959 Remote 906
Local 902 Remote 887
Local 972 Remote 907
Local 1188 Remote 888
Local 1084 Remote 867
Local 1166 Remote 967
Local 1008 Remote 952
Local 1187 Remote 1066
Local 934 Remote 1270
Local 743 Remote 909
Local 925 Remote 895
Local 912 Remote 912
Local 1089 Remote 943
Local 1006 Remote 869
Local 889 Remote 834
Local 1021 Remote 914
Local 983 Remote 863
Local 1251 Remote 1121
Local 702 Remote 861
Local 728 Remote 824
Local 1016 Remote 912
Local 1022 Remote 893
Local 870 Remote 880
Local 1063 Remote 925
Local 1162 Remote 960
Local 1113 Remote 916
Local 1056 Remote 935
Local 901 Remote 993
Local 639 Remote 841
Local 700 Remote 829
Local 858 Remote 966
Local 947 Remote 1010
Local 1066 Remote 929
Local 963 Remote 858
Local 1140 Remote 940
Local 1052 Remote 953
Local 1022 Remote 878
Local 1149 Remote 1083
Local 671 Remote 856
Local 711 Remote 827
Local 840 Remote 1005
Local 978 Remote 894
Local 1020 Remote 895
Local 1023 Remote 859
Local 1163 Remote 908
Local 1132 Remote 877
Local 1020 Remote 853
Local 848 Remote 955
Local 514 Remote 835
Local 803 Remote 855
Local 910 Remote 1080
Local 1152 Remote 961
Local 1134 Remote 854
Local 893 Remote 865
Local 1014 Remote 866
Local 1084 Remote 953
Local 1190 Remote 1088
Local 913 Remote 916
Local 759 Remote 838
Local 972 Remote 903
Local 948 Remote 880
Local 1004 Remote 896
Local 1125 Remote 921
Local 1058 Remote 883
Local 1198 Remote 960
Local 1193 Remote 953
Local 1016 Remote 1251
Local 734 Remote 1160
Local 788 Remote 877
Local 842 Remote 903
Local 1010 Remote 936
Local 1131 Remote 889
Local 1011 Remote 887
Local 899 Remote 918
Local 1068 Remote 847
Local 1029 Remote 844
Local 679 Remote 886
Local 503 Remote 826
Local 572 Remote 835
Local 842 Remote 904
Local 1151 Remote 986
Local 1158 Remote 1009
Local 1170 Remote 949
Local 1101 Remote 883
Local 958 Remote 836
Local 1205 Remote 1058
Local 634 Remote 855
Local 660 Remote 903
Local 717 Remote 873
Local 905 Remote 920
Local 1006 Remote 908
Local 1109 Remote 871
Local 988 Remote 835
Local 1125 Remote 980
Local 1139 Remote 888
Local 1027 Remote 897
Local 1072 Remote 1023
Local 586 Remote 979
Local 715 Remote 850
Local 841 Remote 865
Local 1037 Remote 1080
Local 1054 Remote 968
Local 1008 Remote 868
Local 1179 Remote 1001
Local 1066 Remote 866
Local 959 Remote 893
Local 1788 Remote 1735
Local 657 Remote 921
Local 642 Remote 837
Local 847 Remote 844
Local 1043 Remote 1128
Local 1121 Remote 907
Local 998 Remote 858
Local 938 Remote 883
Local 1135 Remote 862
Local 1071 Remote 977
Local 811 Remote 889
Local 651 Remote 924
Local 628 Remote 847
Local 825 Remote 891
Local 1149 Remote 1003
Local 1166 Remote 966
Local 1089 Remote 927
Local 1135 Remote 944
Local 1059 Remote 875
Local 1244 Remote 1113
Local 847 Remote 988
Local 730 Remote 841
Local 996 Remote 916
Local 935 Remote 947
Local 1074 Remote 868
Local 940 Remote 862
Local 1082 Remote 921
Local 1248 Remote 865
Local 1146 Remote 865
Local 1065 Remote 1167
Local 606 Remote 853
Local 712 Remote 829
Local 851 Remote 899
Local 978 Remote 880
Local 1041 Remote 935
Local 983 Remote 973
Local 1182 Remote 926
Local 1113 Remote 906
Local 1019 Remote 933
Local 1075 Remote 1001
Local 682 Remote 847
Local 741 Remote 1004
Local 877 Remote 909
Local 975 Remote 895
Local 1114 Remote 880
Local 967 Remote 839
Local 1118 Remote 941
Local 1152 Remote 913
Local 987 Remote 883
Local 933 Remote 1001
Local 635 Remote 837
Local 707 Remote 860
Local 841 Remote 895
Local 1072 Remote 933
Local 995 Remote 894
Local 1049 Remote 1029
Local 1085 Remote 962
Local 1146 Remote 883
Local 981 Remote 874
Local 1268 Remote 1162
Local 576 Remote 905
Local 609 Remote 841
Local 942 Remote 843
Local 1095 Remote 921
Local 1045 Remote 885
Local 964 Remote 829
Local 1016 Remote 912
Local 1014 Remote 908
Local 1178 Remote 999
Local 923 Remote 946
Local 646 Remote 873
Local 899 Remote 907
Local 920 Remote 903
Local 1201 Remote 1034
Local 1164 Remote 1002
Local 1109 Remote 900
Local 1065 Remote 902
Local 961 Remote 843
Local 1246 Remote 1041
Local 634 Remote 841
Local 604 Remote 821
Local 715 Remote 912
Local 889 Remote 1049
Local 1008 Remote 923
Local 1134 Remote 889
Local 1041 Remote 843
Local 932 Remote 869
Local 1107 Remote 909
Local 985 Remote 881
Local 1642 Remote 904
Local 633 Remote 827
Local 619 Remote 835
Local 848 Remote 952
Local 1163 Remote 1026
Local 1173 Remote 986
Local 1174 Remote 1020
Local 1106 Remote 895
Local 933 Remote 873
Local 1115 Remote 999
Local 1219 Remote 868
Local 660 Remote 835
Local 819 Remote 913
Local 932 Remote 867
Local 1102 Remote 964
Local 1022 Remote 850
Local 938 Remote 865
Local 1012 Remote 890
Local 1142 Remote 886
Local 1153 Remote 909
Local 708 Remote 1560
Local 624 Remote 911
Local 759 Remote 894
Local 961 Remote 955
Local 1272 Remote 1000
Local 1227 Remote 967
Local 1129 Remote 968
Local 1110 Remote 872
Local 982 Remote 874
Local 1197 Remote 1046
Local 640 Remote 857
Local 682 Remote 833
Local 991 Remote 902
Local 915 Remote 842
Local 1062 Remote 899
Local 900 Remote 845
Local 991 Remote 855
Local 1036 Remote 933
Local 1066 Remote 863
Local 1181 Remote 999
Local 597 Remote 872
Local 755 Remote 853
Local 871 Remote 975
Local 967 Remote 958
Local 1040 Remote 884
Local 1112 Remote 842
Local 1207 Remote 985
Local 1099 Remote 910
Local 993 Remote 919
Local 939 Remote 928
Local 605 Remote 873
Local 711 Remote 831
Local 819 Remote 878
Local 1045 Remote 996
Local 1106 Remote 906
Local 966 Remote 828
Local 994 Remote 921
Local 1081 Remote 852
Local 991 Remote 829
Local 927 Remote 988
Local 638 Remote 835
Local 645 Remote 890
Local 936 Remote 918
Local 1148 Remote 966
Local 1157 Remote 964
Local 1164 Remote 954
Local 1111 Remote 900
Local 1006 Remote 884
Local 1155 Remote 1041
Local 631 Remote 874
Local 716 Remote 846
Local 898 Remote 1050
Local 947 Remote 903
Local 1100 Remote 882
Local 946 Remote 844
Local 960 Remote 873
Local 1076 Remote 913
Local 1043 Remote 834
Local 1224 Remote 1004
Local 664 Remote 856
Local 708 Remote 849
Local 916 Remote 958
Local 950 Remote 901
Local 1012 Remote 1006
Local 1100 Remote 930
Local 1087 Remote 901
Local 1085 Remote 873
Local 942 Remote 944
Local 1223 Remote 1125
Local 614 Remote 850
Local 527 Remote 840
Local 694 Remote 842
Local 817 Remote 890
Local 1027 Remote 974
Local 1079 Remote 880
Local 988 Remote 836
Local 1004 Remote 901
Local 1094 Remote 975
Local 1036 Remote 856
Local 1631 Remote 914
Local 649 Remote 876
Local 648 Remote 849
Local 922 Remote 875
Local 1153 Remote 1006
Local 1087 Remote 942
Local 1125 Remote 985
Local 1069 Remote 915
Local 980 Remote 916
Local 1099 Remote 928
Local 784 Remote 891
Local 657 Remote 849
Local 978 Remote 981
Local 1018 Remote 957
Local 1105 Remote 968
Local 1068 Remote 847
Local 886 Remote 899
Local 1015 Remote 904
Local 1008 Remote 906
Local 1166 Remote 993
Local 903 Remote 847
Local 660 Remote 833
Local 779 Remote 928
Local 949 Remote 891
Local 1178 Remote 929
Local 1133 Remote 902
Local 1087 Remote 882
Local 1196 Remote 1011
Local 1054 Remote 932
Local 1028 Remote 1056
Local 585 Remote 842
Local 780 Remote 846
Local 862 Remote 905
Local 963 Remote 887
Local 1045 Remote 882
Local 918 Remote 835
Local 1142 Remote 1013
Local 1143 Remote 910
Local 987 Remote 844
Local 799 Remote 925
Local 725 Remote 887
Local 685 Remote 830
Local 956 Remote 877
Local 1102 Remote 863
Local 985 Remote 875
Local 1093 Remote 904
Local 1082 Remote 911
Local 897 Remote 869
Local 1158 Remote 1039
Local 859 Remote 1012
Local 633 Remote 880
Local 970 Remote 866
Local 990 Remote 868
Local 1062 Remote 856
Local 1004 Remote 840
Local 1004 Remote 858
Local 1040 Remote 883
Local 990 Remote 840
Local 1381 Remote 1115
Local 579 Remote 892
Local 762 Remote 843
Local 930 Remote 887
Local 974 Remote 926
Local 829 Remote 883
Local 990 Remote 851
Local 1160 Remote 918
Local 1158 Remote 941
Local 967 Remote 909
Local 944 Remote 950
Local 632 Remote 832
Local 709 Remote 836
Local 875 Remote 949
Local 1024 Remote 911
Local 1136 Remote 877
Local 1002 Remote 842
Local 925 Remote 920
Local 1051 Remote 872
Local 1022 Remote 879
Local 1365 Remote 887
Local 598 Remote 826
Local 611 Remote 949
Local 871 Remote 908
Local 1134 Remote 954
Local 1159 Remote 979
Local 1155 Remote 956
Local 1122 Remote 881
Local 958 Remote 855
Local 1179 Remote 1020
Local 737 Remote 853
Local 565 Remote 1000
Local 771 Remote 876
Local 827 Remote 897
Local 1017 Remote 890
Local 1087 Remote 908
Local 941 Remote 913
Local 1044 Remote 931
Local 1084 Remote 894
Local 1054 Remote 894
Local 889 Remote 1240
Local 508 Remote 870
Local 592 Remote 915
Local 853 Remote 878
Local 1163 Remote 972
Local 1161 Remote 972
Local 1065 Remote 908
Local 1098 Remote 931
Local 942 Remote 915
Local 1226 Remote 1113
Local 1122 Remote 848
Local 820 Remote 823
Local 873 Remote 921
Local 870 Remote 891
Local 1010 Remote 864
Local 921 Remote 914
Local 1106 Remote 988
Local 1117 Remote 874
Local 1031 Remote 901
Local 793 Remote 932
Local 544 Remote 862
Local 646 Remote 838
Local 817 Remote 883
Local 1095 Remote 920
Local 1191 Remote 950
Local 1177 Remote 908
Local 1114 Remote 869
Local 917 Remote 841
Local 1091 Remote 1012
Local 939 Remote 2194
Local 639 Remote 980
Local 944 Remote 1018
Local 944 Remote 939
Local 1096 Remote 890
Local 1015 Remote 902
Local 902 Remote 880
Local 937 Remote 858
Local 1006 Remote 897
Local 1169 Remote 1078
Local 670 Remote 887
Local 651 Remote 843
Local 796 Remote 898
Local 970 Remote 874
Local 1014 Remote 916
Local 1110 Remote 893
Local 1083 Remote 934
Local 1112 Remote 921
Local 966 Remote 847
Local 1127 Remote 1018
Local 808 Remote 853
Local 641 Remote 857
Local 861 Remote 895
Local 940 Remote 897
Local 1078 Remote 910
Local 1075 Remote 838
Local 936 Remote 871
Local 921 Remote 877
Local 956 Remote 845
Local 1087 Remote 950
Local 1003 Remote 863
Local 688 Remote 834
Local 1159 Remote 1006
Local 973 Remote 893
Local 1044 Remote 957
Local 1081 Remote 888
Local 1086 Remote 869
Local 1102 Remote 904
Local 1020 Remote 867
Local 1205 Remote 1056
Local 595 Remote 853
Local 630 Remote 986
Local 864 Remote 928
Local 921 Remote 887
Local 1023 Remote 896
Local 1063 Remote 884
Local 961 Remote 850
Local 1033 Remote 1033
Local 1156 Remote 863
Local 1121 Remote 1034
Local 651 Remote 945
Local 788 Remote 836
Local 927 Remote 942
Local 953 Remote 1009
Local 1005 Remote 907
Local 1057 Remote 941
Local 1121 Remote 941
Local 1142 Remote 937
Local 974 Remote 924
Local 889 Remote 952
Local 751 Remote 832
Local 549 Remote 850
Local 576 Remote 829
Local 889 Remote 869
Local 1075 Remote 914
Local 1052 Remote 965
Local 992 Remote 870
Local 889 Remote 858
Local 1323 Remote 838
Local 1108 Remote 946
Local 876 Remote 874
Local 635 Remote 847
Local 956 Remote 1025
Local 949 Remote 915
Local 990 Remote 1018
Local 1101 Remote 1046
Local 1052 Remote 909
Local 1177 Remote 938
Local 1118 Remote 962
Local 1047 Remote 1000
Local 898 Remote 837
Local 770 Remote 833
Local 894 Remote 894
Local 1088 Remote 878
Local 1172 Remote 922
Local 1049 Remote 831
Local 923 Remote 887
Local 1093 Remote 1017
Local 1018 Remote 877
Local 1295 Remote 1004
Local 609 Remote 837
Local 649 Remote 849
Local 842 Remote 887
Local 1065 Remote 920
Local 1020 Remote 912
Local 1041 Remote 923
Local 1158 Remote 944
Local 1136 Remote 930
Local 988 Remote 874
Local 1319 Remote 2431
Local 691 Remote 1005
Local 662 Remote 847
Local 863 Remote 945
Local 1143 Remote 990
Local 1122 Remote 859
Local 885 Remote 931
Local 996 Remote 877
Local 962 Remote 892
Local 1174 Remote 960
Local 691 Remote 858
Local 613 Remote 824
Local 767 Remote 933
Local 891 Remote 984
Local 1175 Remote 948
Local 1214 Remote 950
Local 1077 Remote 923
Local 1115 Remote 877
Local 960 Remote 867
Local 1201 Remote 990
Local 833 Remote 941
Local 767 Remote 835
Local 866 Remote 910
Local 972 Remote 924
Local 1090 Remote 888
Local 978 Remote 831
Local 1007 Remote 902
Local 1122 Remote 853
Local 971 Remote 843
Local 775 Remote 907
Local 513 Remote 844
Local 709 Remote 825
Local 916 Remote 880
Local 1067 Remote 903
Local 995 Remote 897
Local 1048 Remote 959
Local 1170 Remote 943
Local 1092 Remote 883
Local 1000 Remote 883
Local 906 Remote 937
Local 626 Remote 831
Local 719 Remote 841
Local 944 Remote 978
Local 1012 Remote 936
Local 1098 Remote 943
Local 943 Remote 831
Local 1001 Remote 928
Local 1100 Remote 1035
Local 1043 Remote 858
Local 1270 Remote 897
Local 571 Remote 826
Local 655 Remote 842
Local 893 Remote 917
Local 1183 Remote 989
Local 1152 Remote 982
Local 1128 Remote 961
Local 1052 Remote 887
Local 924 Remote 991
Local 1075 Remote 984
Local 722 Remote 863
Local 606 Remote 823
Local 770 Remote 824
Local 993 Remote 942
Local 913 Remote 944
Local 1053 Remote 880
Local 876 Remote 858
Local 1137 Remote 943
Local 1232 Remote 960
Local 1168 Remote 874
Local 1252 Remote 1037
Local 1078 Remote 1760
Local 795 Remote 995
Local 905 Remote 927
Local 947 Remote 965
Local 954 Remote 946
Local 1200 Remote 902
Local 1075 Remote 876
Local 1136 Remote 901
Local 1104 Remote 927
Local 1248 Remote 1124
Local 573 Remote 850
Local 688 Remote 841
Local 899 Remote 983
Local 938 Remote 974
Local 1070 Remote 975
Local 1192 Remote 858
Local 929 Remote 826
Local 1026 Remote 919
Local 1015 Remote 883
Local 1236 Remote 1054
Local 705 Remote 1051
Local 699 Remote 863
Local 931 Remote 978
Local 935 Remote 904
Local 947 Remote 962
Local 1012 Remote 907
Local 1068 Remote 888
Local 1199 Remote 932
Local 1121 Remote 961
Local 1043 Remote 1002
Local 802 Remote 865
Local 814 Remote 878
Local 890 Remote 894
Local 948 Remote 903
Local 1083 Remote 895
Local 900 Remote 834
Local 1050 Remote 901
Local 1145 Remote 1011
Local 1018 Remote 871
Local 1124 Remote 955
Local 560 Remote 885
Local 670 Remote 849
Local 844 Remote 935
Local 1069 Remote 898
Local 1069 Remote 877
Local 1045 Remote 867
Local 1108 Remote 915
Local 1057 Remote 1058
Local 994 Remote 890
Local 2020 Remote 898
Local 647 Remote 826
Local 613 Remote 853
Local 800 Remote 881
Local 1083 Remote 953
Local 1076 Remote 913
Local 1077 Remote 882
Local 910 Remote 883
Local 1102 Remote 983
Local 1067 Remote 901
Local 859 Remote 889
Local 527 Remote 889
Local 603 Remote 828
Local 920 Remote 877
Local 1161 Remote 1019
Local 1145 Remote 975
Local 1141 Remote 937
Local 1083 Remote 862
Local 856 Remote 844
Local 1126 Remote 1011
Local 761 Remote 851
Local 697 Remote 842
Local 929 Remote 929
Local 924 Remote 898
Local 1069 Remote 988
Local 1088 Remote 927
Local 970 Remote 858
Local 956 Remote 906
Local 1032 Remote 856
Local 1093 Remote 917
Local 925 Remote 934
Local 649 Remote 848
Local 893 Remote 958
Local 942 Remote 888
Local 1036 Remote 901
Local 1128 Remote 932
Local 1098 Remote 910
Local 1130 Remote 873
Local 1048 Remote 925
Local 1221 Remote 1051
Local 626 Remote 851
Local 673 Remote 926
Local 724 Remote 852
Local 859 Remote 890
Local 1037 Remote 950
Local 1096 Remote 897
Local 924 Remote 860
Local 1019 Remote 916
Local 1079 Remote 881
Local 1038 Remote 829
Local 1389 Remote 893
Local 565 Remote 826
Local 613 Remote 827
Local 962 Remote 861
Local 1144 Remote 943
Local 1104 Remote 964
Local 1152 Remote 922
Local 1092 Remote 859
Local 1014 Remote 850
Local 1161 Remote 1062
Local 687 Remote 1049
Local 652 Remote 849
Local 947 Remote 937
Local 916 Remote 931
Local 1097 Remote 928
Local 1091 Remote 1001
Local 961 Remote 917
Local 1015 Remote 908
Local 1020 Remote 864
Local 1182 Remote 1054
Local 707 Remote 842
Local 711 Remote 842
Local 875 Remote 1107
Local 916 Remote 976
Local 902 Remote 907
Local 1003 Remote 923
Local 1048 Remote 916
Local 1199 Remote 944
Local 1163 Remote 939
Local 1051 Remote 1044
Local 657 Remote 852
Local 772 Remote 842
Local 1235 Remote 870
Local 986 Remote 942
Local 1065 Remote 901
Local 926 Remote 844
Local 1084 Remote 1227
Local 1214 Remote 1299
Local 1131 Remote 898
Local 1102 Remote 958
Local 561 Remote 850
Local 812 Remote 848
Local 866 Remote 893
Local 972 Remote 884
Local 983 Remote 906
Local 1005 Remote 867
Local 1189 Remote 956
Local 1117 Remote 884
Local 957 Remote 912
Local 888 Remote 914
Local 587 Remote 862
Local 712 Remote 891
Local 836 Remote 868
Local 1025 Remote 904
Local 1106 Remote 875
Local 983 Remote 826
Local 1141 Remote 976
Local 1110 Remote 873
Local 1013 Remote 913
Local 935 Remote 1040
Local 594 Remote 853
Local 636 Remote 834
Local 838 Remote 915
Local 1186 Remote 992
Local 1094 Remote 939
Local 1151 Remote 928
Local 1041 Remote 907
Local 973 Remote 910
Local 1122 Remote 960
Local 836 Remote 887
Local 624 Remote 832
Local 918 Remote 1016
Local 947 Remote 914
Local 1049 Remote 903
Local 1117 Remote 880
Local 959 Remote 1010
Local 938 Remote 910
Local 964 Remote 849
Local 1149 Remote 960
Local 667 Remote 867
Local 667 Remote 823
Local 889 Remote 903
Local 941 Remote 934
Local 1023 Remote 981
Local 1092 Remote 922
Local 1097 Remote 904
Local 1102 Remote 919
Local 913 Remote 853
Local 1076 Remote 954
Local 842 Remote 916
Local 718 Remote 829
Local 746 Remote 849
Local 877 Remote 904
Local 933 Remote 948
Local 1057 Remote 894
Local 908 Remote 838
Local 1099 Remote 962
Local 1112 Remote 868
Local 995 Remote 865
Local 937 Remote 952
Local 669 Remote 832
Local 769 Remote 1137
Local 883 Remote 937
Local 984 Remote 925
Local 976 Remote 877
Local 980 Remote 848
Local 1095 Remote 939
Local 1118 Remote 924
Local 982 Remote 892
Local 1208 Remote 1623
Local 556 Remote 898
Local 667 Remote 836
Local 830 Remote 909
Local 1073 Remote 952
Local 1046 Remote 842
Local 924 Remote 838
Local 934 Remote 901
Local 1047 Remote 922
Local 1165 Remote 986
Local 923 Remote 902
Local 657 Remote 886
Local 936 Remote 987
Local 985 Remote 902
Local 1191 Remote 982
Local 1141 Remote 936
Local 1119 Remote 907
Local 1103 Remote 909
Local 983 Remote 853
Local 1140 Remote 993
Local 626 Remote 872
Local 680 Remote 843
Local 998 Remote 992
Local 969 Remote 912
Local 1117 Remote 970
Local 1100 Remote 891
Local 954 Remote 835
Local 976 Remote 867
Local 1032 Remote 934
Local 1133 Remote 934
Local 934 Remote 883
Local 639 Remote 839
Local 856 Remote 907
Local 945 Remote 928
Local 1225 Remote 1002
Local 1172 Remote 956
Local 1127 Remote 895
Local 1093 Remote 884
Local 1016 Remote 839
Local 1249 Remote 1058
Local 787 Remote 842
Local 732 Remote 839
Local 902 Remote 942
Local 924 Remote 956
Local 1083 Remote 871
Local 908 Remote 835
Local 1085 Remote 925
Local 1103 Remote 987
Local 1116 Remote 859
Local 1046 Remote 1036
Local 956 Remote 973
Local 791 Remote 873
Local 915 Remote 919
Local 872 Remote 889
Local 928 Remote 921
Local 1121 Remote 878
Local 1063 Remote 882
Local 1196 Remote 964
Local 1178 Remote 1015
Local 966 Remote 957
Local 605 Remote 944
Local 684 Remote 844
Local 815 Remote 874
Local 1028 Remote 913
Local 1104 Remote 899
Local 979 Remote 833
Local 1048 Remote 976
Local 1028 Remote 1033
Local 1042 Remote 851
Local 1366 Remote 914
Local 581 Remote 828
Local 655 Remote 844
Local 943 Remote 937
Local 1124 Remote 1011
Local 1023 Remote 949
Local 1075 Remote 907
Local 1056 Remote 914
Local 1079 Remote 877
Local 976 Remote 890
Local 798 Remote 905
Local 660 Remote 898
Local 698 Remote 827
Local 933 Remote 947
Local 941 Remote 992
Local 1123 Remote 914
Local 1155 Remote 841
Local 946 Remote 865
Local 991 Remote 893
Local 994 Remote 870
Local 1234 Remote 1060
Local 719 Remote 952
Local 684 Remote 837
Local 926 Remote 956
Local 983 Remote 910
Local 1018 Remote 905
Local 1063 Remote 904
Local 1067 Remote 911
Local 1109 Remote 879
Local 983 Remote 878
Local 1186 Remote 1049
Local 743 Remote 887
Local 701 Remote 848
Local 926 Remote 943
Local 894 Remote 932
Local 1096 Remote 903
Local 957 Remote 859
Local 1103 Remote 953
Local 1076 Remote 885
Local 1033 Remote 846
Local 1064 Remote 1055
Local 757 Remote 842
Local 783 Remote 870
Local 1074 Remote 911
Local 928 Remote 913
Local 967 Remote 934
Local 1074 Remote 1080
Local 1067 Remote 909
Local 1159 Remote 930
Local 1047 Remote 942
Local 1243 Remote 1124
Local 657 Remote 1093
Local 718 Remote 855
Local 964 Remote 963
Local 897 Remote 915
Local 1098 Remote 1008
Local 1092 Remote 847
Local 946 Remote 840
Local 879 Remote 887
Local 1048 Remote 862
Local 1238 Remote 1021
Local 1757 Remote 853
Local 836 Remote 856
Local 924 Remote 876
Local 1008 Remote 887
Local 915 Remote 918
Local 984 Remote 1000
Local 1185 Remote 1014
Local 1122 Remote 1149
Local 945 Remote 932
Local 810 Remote 909
Local 549 Remote 828
Local 766 Remote 844
Local 862 Remote 894
Local 972 Remote 992
Local 1131 Remote 878
Local 940 Remote 865
Local 1135 Remote 960
Local 1065 Remote 969
Local 1021 Remote 910
Local 1103 Remote 984
Local 769 Remote 948
Local 757 Remote 858
Local 1056 Remote 861
Local 998 Remote 933
Local 836 Remote 886
Local 1031 Remote 963
Local 1129 Remote 933
Local 1134 Remote 925
Local 1042 Remote 932
Local 937 Remote 991
Local 579 Remote 842
Local 711 Remote 827
Local 895 Remote 916
Local 967 Remote 946
Local 1074 Remote 908
Local 856 Remote 856
Local 1054 Remote 903
Local 1114 Remote 864
Local 1168 Remote 877
Local 1238 Remote 1035
Local 1128 Remote 1238
Local 807 Remote 921
Local 902 Remote 910
Local 987 Remote 913
Local 978 Remote 909
Local 1115 Remote 870
Local 1199 Remote 905
Local 1156 Remote 871
Local 1021 Remote 875
Local 985 Remote 1081
Local 612 Remote 844
Local 589 Remote 839
Local 784 Remote 889
Local 915 Remote 853
Local 1152 Remote 909
Local 1110 Remote 913
Local 990 Remote 932
Local 954 Remote 893
Local 1005 Remote 883
Local 1128 Remote 999
Local 653 Remote 877
Local 607 Remote 848
Local 896 Remote 1106
Local 917 Remote 950
Local 1063 Remote 974
Local 1136 Remote 927
Local 1078 Remote 890
Local 1084 Remote 891
Local 986 Remote 853
Local 1234 Remote 1081
Local 678 Remote 862
Local 675 Remote 831
Local 935 Remote 1017
Local 942 Remote 991
Local 1080 Remote 959
Local 1059 Remote 866
Local 896 Remote 847
Local 933 Remote 878
Local 1028 Remote 842
Local 1052 Remote 932
Local 1034 Remote 885
Local 646 Remote 835
Local 950 Remote 1055
Local 884 Remote 928
Local 1088 Remote 956
Local 1098 Remote 908
Local 1056 Remote 878
Local 1155 Remote 922
Local 1095 Remote 905
Local 1356 Remote 1107
Local 602 Remote 847
Local 744 Remote 840
Local 927 Remote 896
Local 939 Remote 1006
Local 1088 Remote 913
Local 944 Remote 841
Local 961 Remote 877
Local 971 Remote 877
Local 1030 Remote 908
Local 1236 Remote 1028
Local 587 Remote 840
Local 710 Remote 859
Local 853 Remote 910
Local 874 Remote 995
Local 1161 Remote 1003
Local 1184 Remote 970
Local 1160 Remote 950
Local 1061 Remote 929
Local 924 Remote 889
Local 1108 Remote 946
Local 779 Remote 1879
Local 634 Remote 941
Local 744 Remote 864
Local 946 Remote 905
Local 1118 Remote 955
Local 1132 Remote 841
Local 930 Remote 869
Local 932 Remote 883
Local 1007 Remote 855
Local 1174 Remote 999
Local 858 Remote 851
Local 664 Remote 842
Local 940 Remote 962
Local 944 Remote 932
Local 1218 Remote 985
Local 1187 Remote 938
Local 1113 Remote 913
Local 1115 Remote 860
Local 985 Remote 844
Local 1125 Remote 1032
Local 635 Remote 874
Local 605 Remote 837
Local 927 Remote 950
Local 944 Remote 938
Local 1052 Remote 878
Local 1071 Remote 1027
Local 997 Remote 840
Local 1020 Remote 882
Local 989 Remote 835
Local 1170 Remote 983
Local 907 Remote 870
Local 634 Remote 826
Local 774 Remote 919
Local 927 Remote 870
Local 1190 Remote 994
Local 1117 Remote 966
Local 1117 Remote 920
Local 1121 Remote 937
Local 1078 Remote 910
Local 1219 Remote 1183
Local 665 Remote 880
Local 520 Remote 839
Local 697 Remote 824
Local 909 Remote 959
Local 989 Remote 965
Local 1056 Remote 916
Local 941 Remote 848
Local 1144 Remote 985
Local 1101 Remote 865
Local 1075 Remote 845
Local 1112 Remote 1054
Local 645 Remote 922
Local 737 Remote 841
Local 890 Remote 895
Local 1000 Remote 949
Local 985 Remote 922
Local 1085 Remote 847
Local 1193 Remote 925
Local 1177 Remote 877
Local 1041 Remote 873
Local 709 Remote 883
Local 539 Remote 825
Local 636 Remote 840
Local 903 Remote 894
Local 1090 Remote 910
Local 1070 Remote 856
Local 1014 Remote 867
Local 833 Remote 874
Local 1006 Remote 899
Local 1054 Remote 901
Local 824 Remote 1684
Local 522 Remote 905
Local 767 Remote 850
Local 880 Remote 886
Local 1172 Remote 983
Local 1082 Remote 943
Local 1141 Remote 922
Local 1133 Remote 889
Local 1018 Remote 854
Local 1223 Remote 1094
Local 580 Remote 858
Local 686 Remote 823
Local 896 Remote 918
Local 999 Remote 929
Local 1054 Remote 897
Local 903 Remote 875
Local 1171 Remote 991
Local 1062 Remote 1076
Local 1043 Remote 902
Local 799 Remote 931
Local 566 Remote 829
Local 680 Remote 835
Local 853 Remote 864
Local 1077 Remote 937
Local 1075 Remote 905
Local 1073 Remote 863
Local 1165 Remote 929
Local 1099 Remote 892
Local 970 Remote 927
Local 919 Remote 1028
Local 596 Remote 860
Local 719 Remote 854
Local 876 Remote 889
Local 1019 Remote 918
Local 1147 Remote 879
Local 1019 Remote 829
Local 957 Remote 885
Local 981 Remote 845
Local 1007 Remote 889
Local 1221 Remote 1378
Local 592 Remote 893
Local 627 Remote 838
Local 840 Remote 1023
Local 1084 Remote 943
Local 1044 Remote 932
Local 1081 Remote 1003
Local 1089 Remote 940
Local 1025 Remote 867
Local 1039 Remote 880
Local 777 Remote 875
Local 520 Remote 824
Local 639 Remote 835
Local 909 Remote 919
Local 1095 Remote 971
Local 1076 Remote 1004
Local 1031 Remote 872
Local 860 Remote 890
Local 1034 Remote 917
Local 1108 Remote 957
Local 1120 Remote 919
Local 555 Remote 832
Local 586 Remote 847
Local 863 Remote 876
Local 1101 Remote 1076
Local 1015 Remote 929
Local 1110 Remote 921
Local 1108 Remote 923
Local 951 Remote 880
Local 1156 Remote 1009
Local 705 Remote 924
Local 764 Remote 829
Local 735 Remote 859
Local 865 Remote 985
Local 952 Remote 998
Local 992 Remote 951
Local 1069 Remote 865
Local 960 Remote 943
Local 983 Remote 878
Local 1013 Remote 858
Local 1271 Remote 1102
Local 838 Remote 853
Local 781 Remote 853
Local 900 Remote 925
Local 912 Remote 988
Local 940 Remote 940
Local 1047 Remote 921
Local 1059 Remote 893
Local 1181 Remote 926
Local 1127 Remote 941
Local 897 Remote 973
Local 613 Remote 931
Local 710 Remote 867
Local 892 Remote 861
Local 1036 Remote 919
Local 1108 Remote 969
Local 1010 Remote 900
Local 880 Remote 880
Local 1123 Remote 892
Local 1036 Remote 882
Local 1134 Remote 932
Local 548 Remote 830
Local 697 Remote 835
Local 848 Remote 858
Local 1010 Remote 901
Local 903 Remote 910
Local 1013 Remote 881
Local 1210 Remote 938
Local 1102 Remote 896
Local 1020 Remote 880
Local 839 Remote 943
Local 629 Remote 877
Local 675 Remote 846
Local 823 Remote 877
Local 1037 Remote 959
Local 1118 Remote 941
Local 918 Remote 892
Local 1124 Remote 970
Local 1129 Remote 963
Local 992 Remote 877
Local 930 Remote 1021
Local 689 Remote 839
Local 748 Remote 871
Local 845 Remote 901
Local 1015 Remote 1005
Local 902 Remote 898
Local 997 Remote 912
Local 1079 Remote 941
Local 1199 Remote 1247
Local 922 Remote 939
Local 1405 Remote 919
Local 572 Remote 829
Local 748 Remote 1050
Local 916 Remote 897
Local 1082 Remote 1088
Local 1107 Remote 885
Local 993 Remote 1020
Local 837 Remote 911
Local 1073 Remote 939
Local 1025 Remote 903
Local 1267 Remote 1076
Local 549 Remote 844
Local 775 Remote 913
Local 909 Remote 897
Local 1213 Remote 1023
Local 1108 Remote 935
Local 1168 Remote 913
Local 1109 Remote 890
Local 906 Remote 860
Local 1172 Remote 976
Local 709 Remote 878
Local 619 Remote 826
Local 926 Remote 909
Local 932 Remote 935
Local 1091 Remote 903
Local 1066 Remote 883
Local 944 Remote 855
Local 975 Remote 894
Local 1055 Remote 860
Local 1225 Remote 1047
Local 718 Remote 841
Local 697 Remote 838
Local 900 Remote 1050
Local 905 Remote 973
Local 1045 Remote 1004
Local 1100 Remote 946
Local 1069 Remote 878
Local 1086 Remote 871
Local 922 Remote 833
Local 1175 Remote 1056
Local 716 Remote 854
Local 548 Remote 1025
Local 708 Remote 850
Local 897 Remote 898
Local 1092 Remote 897
Local 1127 Remote 894
Local 1008 Remote 850
Local 809 Remote 938
Local 985 Remote 969
Local 1070 Remote 946
Local 705 Remote 882
Local 529 Remote 872
Local 764 Remote 911
Local 945 Remote 949
Local 1196 Remote 1012
Local 1122 Remote 931
Local 1150 Remote 934
Local 1052 Remote 880
Local 1018 Remote 933
Local 1124 Remote 968
Local 963 Remote 1682
Local 532 Remote 934
Local 565 Remote 874
Local 876 Remote 876
Local 1064 Remote 913
Local 1096 Remote 908
Local 1253 Remote 848
Local 980 Remote 898
Local 999 Remote 832
Local 1127 Remote 922
Local 1353 Remote 891
Local 756 Remote 862
Local 926 Remote 931
Local 944 Remote 908
Local 838 Remote 934
Local 1006 Remote 908
Local 1108 Remote 921
Local 1166 Remote 943
Local 1026 Remote 933
Local 927 Remote 968
Local 584 Remote 833
Local 702 Remote 826
Local 832 Remote 887
Local 1045 Remote 971
Local 1093 Remote 965
Local 1013 Remote 844
Local 934 Remote 907
Local 1122 Remote 999
Local 1023 Remote 879
Local 1583 Remote 886
Local 613 Remote 826
Local 629 Remote 833
Local 883 Remote 978
Local 1140 Remote 1019
Local 1125 Remote 1021
Local 1180 Remote 928
Local 1058 Remote 890
Local 924 Remote 872
Local 1119 Remote 1023
Local 1045 Remote 948
Local 547 Remote 836
Local 819 Remote 822
Local 904 Remote 953
Local 1122 Remote 975
Local 1106 Remote 912
Local 1075 Remote 889
Local 908 Remote 878
Local 1077 Remote 848
Local 1061 Remote 901
Local 1146 Remote 2188
Local 581 Remote 956
Local 601 Remote 848
Local 952 Remote 872
Local 1092 Remote 948
Local 1020 Remote 909
Local 1104 Remote 902
Local 1039 Remote 880
Local 992 Remote 867
Local 987 Remote 849
Local 1126 Remote 938
Local 572 Remote 831
Local 605 Remote 833
Local 869 Remote 863
Local 1110 Remote 868
Local 1082 Remote 841
Local 1046 Remote 853
Local 945 Remote 944
Local 1068 Remote 962
Local 1132 Remote 941
Local 1605 Remote 1184
Local 608 Remote 897
Local 577 Remote 847
Local 899 Remote 848
Local 1146 Remote 959
Local 1094 Remote 995
Local 1111 Remote 911
Local 1111 Remote 902
Local 1069 Remote 846
Local 1084 Remote 904
Local 804 Remote 883
Local 547 Remote 904
Local 674 Remote 854
Local 929 Remote 991
Local 996 Remote 914
Local 1084 Remote 907
Local 1039 Remote 1156
Local 978 Remote 872
Local 1050 Remote 908
Local 1015 Remote 971
Local 1210 Remote 1049
Local 648 Remote 871
Local 704 Remote 839
Local 968 Remote 881
Local 978 Remote 873
Local 1054 Remote 904
Local 1067 Remote 896
Local 1061 Remote 898
Local 1113 Remote 907
Local 979 Remote 864
Local 1237 Remote 1074
Local 791 Remote 844
Local 747 Remote 823
Local 990 Remote 933
Local 984 Remote 916
Local 1036 Remote 1002
Local 835 Remote 885
Local 1090 Remote 947
Local 1126 Remote 917
Local 1106 Remote 908
Local 1312 Remote 948
Local 591 Remote 863
Local 687 Remote 892
Local 879 Remote 1104
Local 861 Remote 901
Local 958 Remote 892
Local 1155 Remote 898
Local 1078 Remote 892
Local 1084 Remote 871
Local 982 Remote 896
Local 1220 Remote 1051
Local 604 Remote 957
Local 637 Remote 837
Local 756 Remote 884
Local 859 Remote 903
Local 1081 Remote 925
Local 1032 Remote 855
Local 963 Remote 882
Local 956 Remote 889
Local 1006 Remote 843
Local 1118 Remote 962
Local 1108 Remote 1086
Local 635 Remote 845
Local 887 Remote 921
Local 944 Remote 976
Local 1140 Remote 993
Local 1147 Remote 959
Local 1085 Remote 994
Local 1090 Remote 903
Local 1029 Remote 853
Local 1243 Remote 1090
Local 857 Remote 875
Local 660 Remote 835
Local 971 Remote 917
Local 990 Remote 868
Local 1055 Remote 934
Local 1019 Remote 852
Local 965 Remote 855
Local 993 Remote 887
Local 1017 Remote 851
Local 1188 Remote 1012
Local 788 Remote 856
Local 692 Remote 824
Local 841 Remote 890
Local 893 Remote 911
Local 1153 Remote 1054
Local 1124 Remote 909
Local 1082 Remote 907
Local 1075 Remote 954
Local 909 Remote 857
Local 1090 Remote 933
Local 897 Remote 892
Local 535 Remote 829
Local 611 Remote 826
Local 851 Remote 862
Local 1069 Remote 964
Local 1102 Remote 867
Local 1001 Remote 892
Local 906 Remote 896
Local 915 Remote 840
Local 1152 Remote 943
Local 808 Remote 920
Local 634 Remote 838
Local 783 Remote 912
Local 933 Remote 900
Local 1188 Remote 962
Local 1108 Remote 932
Local 1167 Remote 951
Local 1095 Remote 869
Local 978 Remote 849
Local 1143 Remote 969
Local 702 Remote 877
Local 825 Remote 857
Local 784 Remote 843
Local 977 Remote 918
Local 887 Remote 894
Local 1003 Remote 888
Local 929 Remote 833
Local 1026 Remote 917
Local 1226 Remote 963
Local 989 Remote 875
Local 1217 Remote 1114
Local 763 Remote 904
Local 796 Remote 871
Local 883 Remote 1100
Local 967 Remote 997
Local 1022 Remote 1124
Local 1055 Remote 885
Local 1204 Remote 940
Local 1158 Remote 914
Local 1000 Remote 887
Local 840 Remote 924
Local 560 Remote 1274
Local 723 Remote 902
Local 933 Remote 880
Local 1041 Remote 886
Local 1130 Remote 874
Local 975 Remote 826
Local 976 Remote 874
Local 1175 Remote 855
Local 1031 Remote 841
Local 1228 Remote 912
Local 636 Remote 838
Local 683 Remote 847
Local 844 Remote 893
Local 1014 Remote 930
Local 968 Remote 903
Local 973 Remote 859
Local 1088 Remote 922
Local 1193 Remote 991
Local 908 Remote 873
Local 859 Remote 1639
Local 501 Remote 901
Local 635 Remote 847
Local 842 Remote 1211
Local 1025 Remote 914
Local 1120 Remote 863
Local 998 Remote 852
Local 1053 Remote 944
Local 1097 Remote 871
Local 1000 Remote 826
Local 802 Remote 929
Local 631 Remote 932
Local 692 Remote 853
Local 858 Remote 883
Local 995 Remote 861
Local 953 Remote 924
Local 980 Remote 889
Local 1157 Remote 977
Local 1170 Remote 936
Local 997 Remote 903
Local 904 Remote 934
Local 611 Remote 1181
Local 637 Remote 882
Local 908 Remote 877
Local 1105 Remote 909
Local 1042 Remote 849
Local 920 Remote 852
Local 924 Remote 892
Local 1036 Remote 894
Local 1032 Remote 843
Local 850 Remote 939
Local 574 Remote 845
Local 624 Remote 833
Local 924 Remote 894
Local 1167 Remote 963
Local 1168 Remote 977
Local 1159 Remote 938
Local 1066 Remote 855
Local 1009 Remote 878
Local 1094 Remote 1002
Local 706 Remote 883
Local 542 Remote 825
Local 574 Remote 858
Local 863 Remote 900
Local 1098 Remote 893
Local 1156 Remote 868
Local 1032 Remote 963
Local 895 Remote 882
Local 1076 Remote 871
Local 1077 Remote 929
Local 949 Remote 947
Local 572 Remote 858
Local 634 Remote 833
Local 901 Remote 866
Local 1150 Remote 1021
Local 1121 Remote 1048
Local 1151 Remote 934
Local 1089 Remote 895
Local 1057 Remote 865
Local 1024 Remote 1060
Local 777 Remote 895
Local 529 Remote 826
Local 622 Remote 829
Local 974 Remote 916
Local 971 Remote 852
Local 1087 Remote 901
Local 1185 Remote 916
Local 929 Remote 863
Local 947 Remote 857
Local 972 Remote 829
Local 1160 Remote 945
Local 986 Remote 853
Local 682 Remote 844
Local 907 Remote 1001
Local 934 Remote 884
Local 1061 Remote 917
Local 1050 Remote 908
Local 1052 Remote 888
Local 1057 Remote 867
Local 953 Remote 844
Local 1200 Remote 1064
Local 685 Remote 862
Local 710 Remote 864
Local 930 Remote 942
Local 897 Remote 966
Local 1110 Remote 901
Local 1035 Remote 922
Local 951 Remote 844
Local 1015 Remote 907
Local 1038 Remote 911
Local 1237 Remote 1033
Local 651 Remote 858
Local 775 Remote 834
Local 948 Remote 925
Local 947 Remote 964
Local 967 Remote 935
Local 1118 Remote 890
Local 1048 Remote 882
Local 1203 Remote 980
Local 1111 Remote 934
Local 1071 Remote 969
Local 670 Remote 841
Local 749 Remote 839
Local 932 Remote 979
Local 957 Remote 931
Local 1098 Remote 945
Local 961 Remote 831
Local 1112 Remote 956
Local 1048 Remote 858
Local 967 Remote 895
Local 925 Remote 941
Local 619 Remote 844
Local 727 Remote 854
Local 889 Remote 947
Local 1013 Remote 904
Local 952 Remote 933
Local 998 Remote 850
Local 1178 Remote 974
Local 1114 Remote 910
Local 975 Remote 892
Local 1020 Remote 1012
Local 636 Remote 865
Local 719 Remote 880
Local 828 Remote 889
Local 947 Remote 872
Local 1097 Remote 849
Local 990 Remote 836
Local 1058 Remote 870
Local 1119 Remote 949
Local 1101 Remote 923
Local 1017 Remote 1042
Local 705 Remote 1280
Local 726 Remote 899
Local 998 Remote 855
Local 1032 Remote 886
Local 976 Remote 910
Local 1016 Remote 867
Local 1178 Remote 946
Local 1080 Remote 901
Local 1052 Remote 872
Local 866 Remote 1074
Local 615 Remote 959
Local 788 Remote 841
Local 905 Remote 873
Local 1161 Remote 910
Local 1102 Remote 891
Local 1011 Remote 845
Local 820 Remote 862
Local 1069 Remote 1210
Local 1057 Remote 952
Local 915 Remote 876
Local 526 Remote 824
Local 600 Remote 829
Local 914 Remote 909
Local 1132 Remote 967
Local 1082 Remote 943
Local 1133 Remote 921
Local 1057 Remote 857
Local 885 Remote 866
Local 1126 Remote 991
Local 839 Remote 860
Local 964 Remote 1160
Local 785 Remote 885
Local 985 Remote 926
Local 948 Remote 869
Local 1099 Remote 986
Local 1040 Remote 910
Local 1030 Remote 898
Local 1263 Remote 930
Local 1134 Remote 910
Local 1250 Remote 1084
Local 562 Remote 845
Local 683 Remote 825
Local 949 Remote 940
Local 974 Remote 896
Local 1054 Remote 948
Local 1152 Remote 949
Local 1099 Remote 934
Local 1081 Remote 863
Local 965 Remote 841
Local 1063 Remote 913
Local 1241 Remote 949
Local 667 Remote 850
Local 912 Remote 916
Local 881 Remote 931
Local 1165 Remote 998
Local 1080 Remote 894
Local 954 Remote 867
Local 925 Remote 872
Local 1005 Remote 856
Local 1219 Remote 1041
Local 721 Remote 859
Local 718 Remote 831
Local 961 Remote 961
Local 918 Remote 921
Local 778 Remote 904
Local 1056 Remote 874
Local 1110 Remote 919
Local 1151 Remote 925
Local 1060 Remote 1114
Local 954 Remote 948
Local 548 Remote 880
Local 712 Remote 847
Local 844 Remote 878
Local 996 Remote 931
Local 1079 Remote 1031
Local 1044 Remote 914
Local 931 Remote 880
Local 1068 Remote 892
Local 1012 Remote 839
Local 1332 Remote 2098
Local 573 Remote 946
Local 788 Remote 853
Local 879 Remote 940
Local 1223 Remote 961
Local 1132 Remote 984
Local 1084 Remote 929
Local 1132 Remote 877
Local 983 Remote 901
Local 1262 Remote 1076
Local 748 Remote 1270
Local 716 Remote 903
Local 1045 Remote 1001
Local 1032 Remote 906
Local 1097 Remote 975
Local 887 Remote 861
Local 1102 Remote 955
Local 1077 Remote 1169
Local 1062 Remote 921
Local 1042 Remote 966
Local 637 Remote 910
Local 777 Remote 886
Local 935 Remote 992
Local 925 Remote 883
Local 982 Remote 977
Local 1195 Remote 904
Local 1059 Remote 885
Local 1106 Remote 878
Local 934 Remote 832
Local 1134 Remote 1054
Local 647 Remote 883
Local 625 Remote 856
Local 760 Remote 929
Local 920 Remote 922
Local 1119 Remote 908
Local 1087 Remote 884
Local 843 Remote 868
Local 911 Remote 891
Local 994 Remote 914
Local 1134 Remote 1004
Local 1286 Remote 872
Local 682 Remote 824
Local 916 Remote 991
Local 875 Remote 887
Local 1077 Remote 960
Local 1125 Remote 959
Local 1049 Remote 886
Local 1115 Remote 884
Local 962 Remote 841
Local 1204 Remote 1003
Local 736 Remote 858
Local 553 Remote 836
Local 775 Remote 850
Local 1017 Remote 949
Local 949 Remote 916
Local 1010 Remote 943
Local 998 Remote 865
Local 931 Remote 871
Local 1002 Remote 858
Local 1032 Remote 966
Local 1242 Remote 982
Local 707 Remote 1103
Local 765 Remote 892
Local 922 Remote 1048
Local 958 Remote 1019
Local 881 Remote 901
Local 1004 Remote 891
Local 1142 Remote 918
Local 1179 Remote 923
Local 1139 Remote 977
Local 1069 Remote 1046
Local 588 Remote 841
Local 753 Remote 842
Local 903 Remote 942
Local 998 Remote 908
Local 1067 Remote 890
Local 953 Remote 896
Local 1094 Remote 920
Local 1147 Remote 1061
Local 1058 Remote 844
Local 902 Remote 995
Local 635 Remote 842
Local 774 Remote 866
Local 912 Remote 936
Local 976 Remote 918
Local 847 Remote 871
Local 1081 Remote 992
Local 1089 Remote 894
Local 1201 Remote 939
Local 1124 Remote 947
Local 1150 Remote 1057
Local 742 Remote 959
Local 784 Remote 897
Local 831 Remote 860
Local 977 Remote 903
Local 1037 Remote 872
Local 952 Remote 832
Local 1040 Remote 954
Local 1181 Remote 926
Local 996 Remote 882
Local 1245 Remote 1080
Local 612 Remote 844
Local 688 Remote 836
Local 952 Remote 1045
Local 891 Remote 925
Local 1063 Remote 910
Local 1058 Remote 906
Local 1095 Remote 913
Local 1117 Remote 883
Local 940 Remote 852
Local 1184 Remote 1038
Local 1175 Remote 870
Local 703 Remote 824
Local 902 Remote 891
Local 876 Remote 902
Local 1114 Remote 1068
Local 1075 Remote 951
Local 993 Remote 842
Local 1005 Remote 871
Local 991 Remote 843
Local 1185 Remote 962
Local 1094 Remote 878
Local 676 Remote 854
Local 923 Remote 940
Local 936 Remote 945
Local 1053 Remote 936
Local 1099 Remote 910
Local 1077 Remote 919
Local 1177 Remote 924
Local 1015 Remote 1009
Local 1232 Remote 1127
Local 588 Remote 912
Local 700 Remote 899
Local 856 Remote 891
Local 948 Remote 895
Local 1022 Remote 958
Local 1262 Remote 862
Local 959 Remote 841
Local 980 Remote 874
Local 967 Remote 826
Local 1240 Remote 1063
Local 664 Remote 865
Local 729 Remote 868
Local 901 Remote 965
Local 905 Remote 953
Local 1103 Remote 964
Local 1117 Remote 924
Local 1092 Remote 917
Local 1117 Remote 947
Local 1048 Remote 947
Local 1227 Remote 1052
Local 580 Remote 842
Local 521 Remote 852
Local 674 Remote 849
Local 794 Remote 883
Local 1015 Remote 913
Local 1105 Remote 887
Local 1027 Remote 977
Local 894 Remote 922
Local 1095 Remote 1024
Local 1024 Remote 882
Local 1176 Remote 992
Local 573 Remote 836
Local 595 Remote 844
Local 849 Remote 906
Local 1150 Remote 967
Local 1076 Remote 930
Local 1096 Remote 911
Local 1111 Remote 926
Local 954 Remote 864
Local 1221 Remote 985
Local 1149 Remote 1777
Local 667 Remote 947
Local 924 Remote 1104
Local 915 Remote 921
Local 1062 Remote 970
Local 961 Remote 896
Local 935 Remote 868
Local 1003 Remote 902
Local 1094 Remote 876
Local 1225 Remote 1011
Local 740 Remote 850
Local 653 Remote 832
Local 834 Remote 927
Local 916 Remote 949
Local 1189 Remote 1004
Local 1071 Remote 948
Local 1141 Remote 967
Local 1093 Remote 894
Local 1043 Remote 850
Local 992 Remote 857
Local 1023 Remote 1008
Local 550 Remote 838
Local 592 Remote 824
Local 862 Remote 875
Local 1148 Remote 1000
Local 1110 Remote 880
Local 1020 Remote 967
Local 926 Remote 899
Local 1033 Remote 1159
Local 1160 Remote 1007
Local 775 Remote 867
Local 738 Remote 842
Local 1018 Remote 967
Local 959 Remote 912
Local 943 Remote 942
Local 1121 Remote 915
Local 1050 Remote 877
Local 1203 Remote 953
Local 1124 Remote 989
Local 1024 Remote 1034
Local 582 Remote 840
Local 743 Remote 849
Local 893 Remote 904
Local 980 Remote 946
Local 1099 Remote 879
Local 1071 Remote 843
Local 1140 Remote 987
Local 1070 Remote 874
Local 1028 Remote 871
Local 913 Remote 961
Local 664 Remote 991
Local 742 Remote 886
Local 926 Remote 936
Local 997 Remote 883
Local 958 Remote 903
Local 1009 Remote 877
Local 1150 Remote 969
Local 1139 Remote 902
Local 1034 Remote 898
Local 823 Remote 925
Local 599 Remote 836
Local 647 Remote 844
Local 870 Remote 864
Local 1072 Remote 951
Local 1036 Remote 871
Local 993 Remote 903
Local 846 Remote 877
Local 1046 Remote 855
Local 1112 Remote 1019
Local 761 Remote 1030
Local 595 Remote 847
Local 792 Remote 854
Local 910 Remote 903
Local 1198 Remote 1033
Local 1063 Remote 959
Local 1157 Remote 939
Local 1089 Remote 896
Local 993 Remote 862
Local 1009 Remote 884
Local 777 Remote 890
Local 650 Remote 841
Local 702 Remote 846
Local 1017 Remote 931
Local 932 Remote 914
Local 1103 Remote 874
Local 1089 Remote 853
Local 937 Remote 856
Local 1014 Remote 902
Local 1058 Remote 833
Local 1169 Remote 1077
Local 597 Remote 912
Local 611 Remote 858
Local 950 Remote 928
Local 929 Remote 913
Local 1043 Remote 949
Local 1076 Remote 937
Local 1091 Remote 903
Local 1085 Remote 864
Local 961 Remote 839
Local 1106 Remote 983
Local 1069 Remote 882
Local 701 Remote 854
Local 790 Remote 894
Local 932 Remote 881
Local 1122 Remote 961
Local 1154 Remote 967
Local 1077 Remote 860
Local 981 Remote 876
Local 1051 Remote 880
Local 989 Remote 843
Local 1157 Remote 902
Local 545 Remote 829
Local 793 Remote 946
Local 875 Remote 978
Local 1142 Remote 969
Local 1149 Remote 945
Local 1145 Remote 922
Local 1082 Remote 887
Local 905 Remote 847
Local 1167 Remote 963
Local 640 Remote 862
Local 612 Remote 839
Local 916 Remote 948
Local 971 Remote 892
Local 1170 Remote 931
Local 1053 Remote 876
Local 900 Remote 881
Local 922 Remote 890
Local 996 Remote 860
Local 1143 Remote 920
Local 782 Remote 894
Local 596 Remote 826
Local 755 Remote 957
Local 886 Remote 933
Local 1180 Remote 1011
Local 1089 Remote 948
Local 1097 Remote 893
Local 1048 Remote 866
Local 1018 Remote 931
Local 1029 Remote 901
Local 849 Remote 940
Local 515 Remote 831
Local 589 Remote 835
Local 819 Remote 893
Local 1135 Remote 894
Local 1124 Remote 877
Local 1057 Remote 919
Local 850 Remote 868
Local 1041 Remote 873
Local 1027 Remote 942
Local 1216 Remote 1570
Local 570 Remote 919
Local 935 Remote 876
Local 939 Remote 865
Local 1177 Remote 964
Local 1057 Remote 974
Local 1223 Remote 928
Local 1090 Remote 884
Local 954 Remote 841
Local 1182 Remote 1021
Local 624 Remote 910
Local 642 Remote 837
Local 944 Remote 983
Local 947 Remote 892
Local 1195 Remote 990
Local 1081 Remote 880
Local 951 Remote 853
Local 984 Remote 898
Local 932 Remote 847
Local 1143 Remote 948
Local 628 Remote 904
Local 620 Remote 896
Local 737 Remote 875
Local 899 Remote 903
Local 1141 Remote 971
Local 1153 Remote 922
Local 1114 Remote 946
Local 1056 Remote 875
Local 911 Remote 860
Local 1132 Remote 905
Local 813 Remote 867
Local 784 Remote 823
Local 736 Remote 855
Local 895 Remote 909
Local 955 Remote 942
Local 1072 Remote 925
Local 934 Remote 841
Local 1016 Remote 889
Local 1011 Remote 976
Local 998 Remote 885
Local 784 Remote 901
Local 562 Remote 853
Local 655 Remote 851
Local 803 Remote 888
Local 1008 Remote 955
Local 972 Remote 895
Local 1028 Remote 862
Local 1109 Remote 929
Local 1114 Remote 1070
Local 972 Remote 932
Local 892 Remote 941
Local 625 Remote 856
Local 671 Remote 891
Local 975 Remote 955
Local 964 Remote 915
Local 1047 Remote 896
Local 945 Remote 981
Local 1122 Remote 951
Local 1056 Remote 938
Local 1014 Remote 875
Local 1049 Remote 982
Local 587 Remote 858
Local 748 Remote 829
Local 823 Remote 1057
Local 897 Remote 954
Local 956 Remote 932
Local 1136 Remote 948
Local 1062 Remote 891
Local 1183 Remote 940
Local 1085 Remote 949
Local 1104 Remote 1016
Local 817 Remote 838
Local 781 Remote 844
Local 966 Remote 901
Local 990 Remote 945
Local 1038 Remote 914
Local 861 Remote 871
Local 1089 Remote 959
Local 1029 Remote 864
Local 1088 Remote 1003
Local 1080 Remote 1000
Local 1063 Remote 895
Local 829 Remote 850
Local 886 Remote 910
Local 952 Remote 930
Local 901 Remote 927
Local 1049 Remote 876
Local 1083 Remote 926
Local 1111 Remote 988
Local 1026 Remote 937
Local 910 Remote 909
Local 544 Remote 828
Local 627 Remote 840
Local 834 Remote 880
Local 1066 Remote 982
Local 1092 Remote 928
Local 917 Remote 868
Local 1185 Remote 953
Local 1140 Remote 899
Local 1016 Remote 874
Local 910 Remote 1039
Local 592 Remote 991
Local 685 Remote 858
Local 804 Remote 884
Local 1014 Remote 917
Local 1021 Remote 924
Local 1017 Remote 885
Local 1120 Remote 904
Local 1093 Remote 876
Local 961 Remote 880
Local 1136 Remote 887
Local 541 Remote 833
Local 679 Remote 839
Local 937 Remote 878
Local 1073 Remote 959
Local 1091 Remote 976
Local 1030 Remote 919
Local 878 Remote 868
Local 975 Remote 851
Local 1110 Remote 890
Local 865 Remote 875
Local 514 Remote 880
Local 559 Remote 829
Local 888 Remote 876
Local 1168 Remote 1017
Local 1095 Remote 985
Local 1120 Remote 944
Local 1057 Remote 872
Local 1118 Remote 1006
Local 1022 Remote 890
Local 768 Remote 901
Local 595 Remote 855
Local 620 Remote 849
Local 926 Remote 970
Local 891 Remote 988
Local 1051 Remote 911
Local 1083 Remote 882
Local 948 Remote 936
Local 930 Remote 887
Local 1037 Remote 847
Local 1115 Remote 923
Local 781 Remote 1311
Local 649 Remote 891
Local 928 Remote 959
Local 934 Remote 972
Local 1150 Remote 1063
Local 1117 Remote 971
Local 1083 Remote 916
Local 1062 Remote 862
Local 948 Remote 851
Local 1157 Remote 1077
Local 885 Remote 858
Local 662 Remote 883
Local 738 Remote 878
Local 889 Remote 989
Local 1080 Remote 984
Local 1109 Remote 878
Local 1041 Remote 950
Local 859 Remote 867
Local 993 Remote 841
Local 999 Remote 833
Local 1177 Remote 921
Local 546 Remote 842
Local 588 Remote 826
Local 894 Remote 865
Local 1163 Remote 916
Local 1185 Remote 928
Local 1093 Remote 899
Local 1097 Remote 876
Local 952 Remote 854
Local 1205 Remote 1044
Local 853 Remote 1101
Local 741 Remote 888
Local 949 Remote 1001
Local 857 Remote 1026
Local 997 Remote 910
Local 1076 Remote 878
Local 1064 Remote 886
Local 1099 Remote 889
Local 1032 Remote 872
Local 1248 Remote 1059
Local 680 Remote 843
Local 753 Remote 855
Local 865 Remote 964
Local 1023 Remote 980
Local 950 Remote 885
Local 971 Remote 853
Local 1118 Remote 897
Local 1144 Remote 959
Local 1120 Remote 950
Local 1043 Remote 1046
Local 635 Remote 1681
Local 752 Remote 978
Local 867 Remote 1009
Local 860 Remote 998
Local 1025 Remote 899
Local 1037 Remote 904
Local 951 Remote 886
Local 1027 Remote 908
Local 991 Remote 871
Local 1252 Remote 1055
Local 728 Remote 1431
Local 700 Remote 985
Local 953 Remote 904
Local 914 Remote 944
Local 1013 Remote 934
Local 1119 Remote 905
Local 1037 Remote 896
Local 1157 Remote 926
Local 1088 Remote 919
Local 1062 Remote 1033
Local 783 Remote 840
Local 810 Remote 868
Local 890 Remote 895
Local 950 Remote 920
Local 1070 Remote 877
Local 987 Remote 828
Local 1036 Remote 927
Local 1057 Remote 904
Local 1041 Remote 922
Local 833 Remote 922
Local 516 Remote 829
Local 650 Remote 873
Local 841 Remote 936
Local 1021 Remote 985
Local 952 Remote 941
Local 1011 Remote 879
Local 1149 Remote 968
Local 1120 Remote 904
Local 1027 Remote 908
Local 921 Remote 958
Local 1398 Remote 875
Local 656 Remote 829
Local 831 Remote 867
Local 891 Remote 1022
Local 1130 Remote 1096
Local 1095 Remote 942
Local 1080 Remote 916
Local 877 Remote 876
Local 1100 Remote 861
Local 1059 Remote 959
Local 1478 Remote 890
Local 580 Remote 826
Local 813 Remote 862
Local 984 Remote 988
Local 1214 Remote 1014
Local 1162 Remote 949
Local 1121 Remote 891
Local 1093 Remote 872
Local 924 Remote 847
Local 1171 Remote 954
Local 869 Remote 1360
Local 622 Remote 922
Local 884 Remote 900
Local 922 Remote 935
Local 1100 Remote 948
Local 1075 Remote 856
Local 894 Remote 902
Local 1016 Remote 919
Local 984 Remote 860
Local 1270 Remote 1103
Local 1146 Remote 861
Local 819 Remote 872
Local 995 Remote 873
Local 1026 Remote 910
Local 933 Remote 932
Local 1085 Remote 909
Local 1189 Remote 956
Local 1202 Remote 905
Local 950 Remote 940
Local 821 Remote 921
Local 553 Remote 875
Local 748 Remote 844
Local 775 Remote 859
Local 1052 Remote 907
Local 1154 Remote 895
Local 1037 Remote 877
Local 904 Remote 899
Local 999 Remote 988
Local 1022 Remote 901
Local 1060 Remote 871
Local 551 Remote 824
Local 597 Remote 901
Local 906 Remote 903
Local 1140 Remote 1023
Local 992 Remote 924
Local 1101 Remote 887
Local 1059 Remote 897
Local 1004 Remote 863
Local 931 Remote 878
Local 1117 Remote 1498
Local 543 Remote 886
Local 595 Remote 847
Local 800 Remote 890
Local 1104 Remote 977
Local 1141 Remote 899
Local 1036 Remote 855
Local 921 Remote 898
Local 1100 Remote 899
Local 988 Remote 863
Local 1014 Remote 947
Local 515 Remote 831
Local 574 Remote 828
Local 871 Remote 944
Local 1127 Remote 940
Local 1107 Remote 981
Local 1090 Remote 890
Local 1072 Remote 883
Local 1050 Remote 877
Local 1057 Remote 898
Local 733 Remote 902
Local 538 Remote 826
Local 652 Remote 903
Local 929 Remote 956
Local 1106 Remote 909
Local 1148 Remote 856
Local 996 Remote 838
Local 839 Remote 877
Local 1011 Remote 840
Local 1130 Remote 944
Local 954 Remote 1910
Local 624 Remote 980
Local 746 Remote 930
Local 903 Remote 977
Local 1217 Remote 966
Local 1153 Remote 979
Local 1113 Remote 924
Local 1082 Remote 884
Local 886 Remote 857
Local 1189 Remote 1030
Local 718 Remote 868
Local 583 Remote 829
Local 732 Remote 852
Local 947 Remote 965
Local 985 Remote 954
Local 1107 Remote 925
Local 962 Remote 995
Local 1144 Remote 983
Local 1146 Remote 901
Local 1006 Remote 838
Local 800 Remote 912
Local 545 Remote 845
Local 718 Remote 864
Local 868 Remote 915
Local 951 Remote 902
Local 939 Remote 964
Local 1009 Remote 874
Local 1165 Remote 962
Local 1087 Remote 996
Local 995 Remote 939
Local 931 Remote 967
Local 598 Remote 1651
Local 813 Remote 998
Local 985 Remote 954
Local 1018 Remote 901
Local 1070 Remote 865
Local 858 Remote 937
Local 1036 Remote 953
Local 1057 Remote 932
Local 1028 Remote 860
Local 1202 Remote 1086
Local 745 Remote 1164
Local 727 Remote 875
Local 1046 Remote 947
Local 978 Remote 1029
Local 1058 Remote 989
Local 1151 Remote 944
Local 1036 Remote 873
Local 1208 Remote 976
Local 1111 Remote 934
Local 1047 Remote 971
Local 714 Remote 983
Local 795 Remote 865
Local 928 Remote 899
Local 995 Remote 899
Local 1088 Remote 867
Local 1011 Remote 904
Local 1187 Remote 949
Local 1266 Remote 1111
Local 1113 Remote 858
Local 925 Remote 910
Local 668 Remote 836
Local 698 Remote 853
Local 832 Remote 862
Local 1043 Remote 875
Local 990 Remote 899
Local 1055 Remote 864
Local 1174 Remote 951
Local 1168 Remote 923
Local 1131 Remote 948
Local 1018 Remote 967
Local 662 Remote 833
Local 789 Remote 877
Local 871 Remote 1040
Local 906 Remote 1005
Local 1057 Remote 919
Local 960 Remote 850
Local 983 Remote 899
Local 1193 Remote 992
Local 1114 Remote 899
Local 1269 Remote 1185
Local 709 Remote 879
Local 806 Remote 886
Local 937 Remote 922
Local 909 Remote 892
Local 970 Remote 930
Local 1130 Remote 914
Local 1064 Remote 888
Local 1168 Remote 936
Local 1083 Remote 959
Local 1033 Remote 975
Local 648 Remote 835
Local 779 Remote 854
Local 916 Remote 948
Local 998 Remote 926
Local 1118 Remote 906
Local 944 Remote 866
Local 1023 Remote 911
Local 1129 Remote 988
Local 974 Remote 863
Local 789 Remote 917
Local 510 Remote 829
Local 721 Remote 856
Local 757 Remote 860
Local 983 Remote 932
Local 917 Remote 890
Local 1019 Remote 865
Local 1119 Remote 941
Local 1150 Remote 872
Local 1096 Remote 909
Local 764 Remote 907
Local 739 Remote 1189
Local 682 Remote 875
Local 952 Remote 1023
Local 948 Remote 929
Local 1095 Remote 898
Local 996 Remote 848
Local 914 Remote 856
Local 923 Remote 904
Local 958 Remote 883
Local 1178 Remote 1032
Local 607 Remote 889
Local 596 Remote 828
Local 991 Remote 950
Local 903 Remote 944
Local 1038 Remote 1098
Local 1030 Remote 934
Local 1055 Remote 874
Local 1145 Remote 952
Local 1084 Remote 892
Local 1245 Remote 1117
Local 604 Remote 848
Local 703 Remote 853
Local 867 Remote 934
Local 931 Remote 978
Local 1116 Remote 971
Local 1082 Remote 869
Local 1096 Remote 877
Local 863 Remote 862
Local 1055 Remote 903
Local 1026 Remote 853
Local 837 Remote 892
Local 515 Remote 826
Local 616 Remote 838
Local 881 Remote 900
Local 1101 Remote 952
Local 1010 Remote 915
Local 1018 Remote 874
Local 1091 Remote 926
Local 1123 Remote 886
Local 1004 Remote 874
Local 904 Remote 1322
Local 547 Remote 886
Local 577 Remote 859
Local 911 Remote 947
Local 1085 Remote 990
Local 1109 Remote 873
Local 1041 Remote 824
Local 916 Remote 898
Local 1158 Remote 838
Local 990 Remote 865
Local 1350 Remote 952
Local 600 Remote 836
Local 651 Remote 856
Local 959 Remote 917
Local 1150 Remote 929
Local 1007 Remote 882
Local 1129 Remote 910
Local 1070 Remote 920
Local 964 Remote 914
Local 1052 Remote 922
Local 680 Remote 1208
Local 551 Remote 898
Local 992 Remote 841
Local 958 Remote 877
Local 1112 Remote 923
Local 1101 Remote 924
Local 961 Remote 867
Local 926 Remote 895
Local 974 Remote 848
Local 1093 Remote 932
Local 988 Remote 880
Local 647 Remote 845
Local 761 Remote 892
Local 895 Remote 917
Local 1177 Remote 962
Local 1127 Remote 938
Local 1101 Remote 906
Local 1079 Remote 866
Local 1003 Remote 934
Local 1196 Remote 1066
Local 807 Remote 1105
Local 714 Remote 856
Local 1113 Remote 975
Local 1020 Remote 964
Local 1137 Remote 955
Local 1082 Remote 894
Local 904 Remote 831
Local 908 Remote 865
Local 988 Remote 921
Local 1174 Remote 998
Local 777 Remote 893
Local 640 Remote 859
Local 814 Remote 1157
Local 943 Remote 1008
Local 1051 Remote 976
Local 1132 Remote 928
Local 1051 Remote 883
Local 1075 Remote 881
Local 1063 Remote 848
Local 1216 Remote 1088
Local 661 Remote 855
Local 569 Remote 827
Local 505 Remote 822
Local 478 Remote 820
Local 466 Remote 820
Local 462 Remote 820
Local 460 Remote 820
Local 460 Remote 820
