Local 300 Remote 499
Local 300 Remote 499
Local 300 Remote 499
Local 300 Remote 499
Local 300 Remote 499
Local 300 Remote 499
Local 308 Remote 499
Local 300 Remote 499
Local 300 Remote 499
Local 301 Remote 499
Local 339 Remote 499
Local 319 Remote 499
Local 300 Remote 499
Local 472 Remote 499
Local 518 Remote 499
Local 506 Remote 499
Local 855 Remote 499
Local 837 Remote 499
Local 513 Remote 499
Local 535 Remote 499
Local 518 Remote 499
Local 524 Remote 499
Local 457 Remote 499
Local 523 Remote 499
Local 541 Remote 499
Local 533 Remote 499
Local 529 Remote 499
Local 538 Remote 499
Local 529 Remote 499
Local 452 Remote 499
Local 425 Remote 499
Local 436 Remote 499
Local 435 Remote 499
Local 438 Remote 499
Local 432 Remote 499
Local 455 Remote 499
Local 414 Remote 499
Local 439 Remote 499
Local 301 Remote 499
Local 706 Remote 499
Local 475 Remote 499
Local 446 Remote 499
Local 300 Remote 499
