Local 300 Remote 499
Local 300 Remote 499
Local 300 Remote 499
Local 300 Remote 499
Local 300 Remote 499
Local 300 Remote 499
Local 300 Remote 499
Local 300 Remote 499
Local 300 Remote 499
Local 300 Remote 499
Local 300 Remote 499
Local 300 Remote 499
Local 300 Remote 499
Local 300 Remote 499
Local 300 Remote 499
Local 300 Remote 499
Local 303 Remote 499
Local 303 Remote 499
Local 300 Remote 499
Local 300 Remote 499
Local 527 Remote 499
Local 525 Remote 499
Local 521 Remote 499
Local 662 Remote 499
Local 531 Remote 499
Local 479 Remote 499
Local 471 Remote 499
Local 473 Remote 499
Local 475 Remote 499
Local 469 Remote 499
Local 319 Remote 499
Local 455 Remote 499
Local 462 Remote 499
Local 459 Remote 499
Local 459 Remote 499
Local 453 Remote 499
Local 441 Remote 499
Local 462 Remote 499
Local 462 Remote 499
Local 454 Remote 499
Local 376 Remote 499
Local 432 Remote 499
Local 426 Remote 499
Local 423 Remote 499
Local 433 Remote 499
Local 435 Remote 499
Local 438 Remote 499
Local 437 Remote 499
Local 413 Remote 499
Local 423 Remote 499
Local 435 Remote 499
Local 440 Remote 499
Local 441 Remote 499
Local 418 Remote 499
Local 481 Remote 499
Local 467 Remote 499
Local 568 Remote 499
Local 472 Remote 499
