Running with 
	Sample interval: 100 ms
	Adjust interval: 6000 ms
	Bandwidth saturation cutoff: 200000 MB/s
0
92
8
Target ratio: 92 BW Change: 0 Int Change: 1600 BW: 391792
84
16
Target ratio: 84 BW Change: -746 Int Change: 800 BW: 421055
80
20
Target ratio: 80 BW Change: -442 Int Change: 800 BW: 439682
76
24
Target ratio: 76 BW Change: -613 Int Change: 400 BW: 466636
74
26
Target ratio: 74 BW Change: -220 Int Change: 400 BW: 476927
72
28
Target ratio: 72 BW Change: -538 Int Change: 200 BW: 502594
70
30
Target ratio: 70 BW Change: -233 Int Change: 200 BW: 514313
72
28
Target ratio: 72 BW Change: 130 Int Change: 200 BW: 507607
72
28
Target ratio: 72 BW Change: -30 Int Change: 0 BW: 509165
72
28
Target ratio: 72 BW Change: 33 Int Change: 0 BW: 505900
72
28
Target ratio: 72 BW Change: 200 Int Change: 0 BW: 497427
72
28
Target ratio: 72 BW Change: -41 Int Change: 0 BW: 509698
72
28
Target ratio: 72 BW Change: -30 Int Change: 0 BW: 509167
72
28
Target ratio: 72 BW Change: -5 Int Change: 0 BW: 507901
72
28
Target ratio: 72 BW Change: 237 Int Change: 0 BW: 495533
72
28
Target ratio: 72 BW Change: 201 Int Change: 0 BW: 497368
72
28
Target ratio: 72 BW Change: 23 Int Change: 0 BW: 506395
72
28
Target ratio: 72 BW Change: 171 Int Change: 0 BW: 498910
72
28
Target ratio: 72 BW Change: -36 Int Change: 0 BW: 509473
72
28
Target ratio: 72 BW Change: -81 Int Change: 0 BW: 511754
72
28
Target ratio: 72 BW Change: 189 Int Change: 0 BW: 498002
72
28
Target ratio: 72 BW Change: 169 Int Change: 0 BW: 498995
72
28
Target ratio: 72 BW Change: 159 Int Change: 0 BW: 499524
72
28
Target ratio: 72 BW Change: -24 Int Change: 0 BW: 508866
72
28
Target ratio: 72 BW Change: 355 Int Change: 0 BW: 489583
72
28
Target ratio: 72 BW Change: -18 Int Change: 0 BW: 508561
72
28
Target ratio: 72 BW Change: -150 Int Change: 0 BW: 515270
72
28
Target ratio: 72 BW Change: -45 Int Change: 0 BW: 509934
72
28
Target ratio: 72 BW Change: 206 Int Change: 0 BW: 497117
72
28
Target ratio: 72 BW Change: 338 Int Change: 0 BW: 490419
72
28
Target ratio: 72 BW Change: 488 Int Change: 0 BW: 482826
72
28
Target ratio: 72 BW Change: 229 Int Change: 0 BW: 495942
72
28
Target ratio: 72 BW Change: -41 Int Change: 0 BW: 509717
72
28
Target ratio: 72 BW Change: -80 Int Change: 0 BW: 511693
72
28
Target ratio: 72 BW Change: 354 Int Change: 0 BW: 489626
72
28
Target ratio: 72 BW Change: 126 Int Change: 0 BW: 501189
72
28
Target ratio: 72 BW Change: 223 Int Change: 0 BW: 496264
72
28
Target ratio: 72 BW Change: 330 Int Change: 0 BW: 490831
72
28
Target ratio: 72 BW Change: 381 Int Change: 0 BW: 488260
72
28
Target ratio: 72 BW Change: 325 Int Change: 0 BW: 491098
72
28
Target ratio: 72 BW Change: 209 Int Change: 0 BW: 496956
72
28
Target ratio: 72 BW Change: 231 Int Change: 0 BW: 495866
72
28
Target ratio: 72 BW Change: 263 Int Change: 0 BW: 494256
72
28
Target ratio: 72 BW Change: 195 Int Change: 0 BW: 497686
72
28
Target ratio: 72 BW Change: 517 Int Change: 0 BW: 481349
72
28
Target ratio: 72 BW Change: 412 Int Change: 0 BW: 486650
72
28
Target ratio: 72 BW Change: 412 Int Change: 0 BW: 486644
72
28
Target ratio: 72 BW Change: 199 Int Change: 0 BW: 497475
72
28
Target ratio: 72 BW Change: 366 Int Change: 0 BW: 489008
72
28
Target ratio: 72 BW Change: 128 Int Change: 0 BW: 501102
72
28
Target ratio: 72 BW Change: 245 Int Change: 0 BW: 495155
72
28
Target ratio: 72 BW Change: 170 Int Change: 0 BW: 498929
