Running with 
	Sample interval: 100 ms
	Adjust interval: 6000 ms
	Bandwidth saturation cutoff: 200000 MB/s
0
92
8
Target ratio: 92 BW Change: 0 Int Change: 1600 BW: 292479
88
12
Target ratio: 88 BW Change: -419 Int Change: 800 BW: 304740
90
10
Target ratio: 90 BW Change: 2 Int Change: 400 BW: 304666
92
8
Target ratio: 92 BW Change: -27 Int Change: -200 BW: 305515
94
6
Target ratio: 94 BW Change: 23 Int Change: -200 BW: 304803
96
4
Target ratio: 96 BW Change: -105 Int Change: -200 BW: 308026
94
6
Target ratio: 94 BW Change: 84 Int Change: -200 BW: 305436
98
2
Target ratio: 98 BW Change: 3578 Int Change: 0 BW: 196141
100
0
Target ratio: 100 BW Change: -280 Int Change: -400 BW: 201643
100
0
Target ratio: 100 BW Change: -33 Int Change: -200 BW: 202321
100
0
Target ratio: 100 BW Change: -259 Int Change: 0 BW: 207562
100
0
Target ratio: 100 BW Change: -265 Int Change: 0 BW: 207697
100
0
Target ratio: 100 BW Change: -326 Int Change: 0 BW: 208925
96
4
Target ratio: 96 BW Change: -2619 Int Change: 0 BW: 255313
92
8
Target ratio: 92 BW Change: -1098 Int Change: 400 BW: 283370
94
6
Target ratio: 94 BW Change: 178 Int Change: 400 BW: 278317
96
4
Target ratio: 96 BW Change: -911 Int Change: -200 BW: 303683
98
2
Target ratio: 98 BW Change: -67 Int Change: -200 BW: 305735
100
0
Target ratio: 100 BW Change: -68 Int Change: -200 BW: 307834
98
2
Target ratio: 98 BW Change: 28 Int Change: -200 BW: 306952
98
2
Target ratio: 98 BW Change: 42 Int Change: 0 BW: 305658
98
2
Target ratio: 98 BW Change: 31 Int Change: 0 BW: 305979
100
0
Target ratio: 100 BW Change: 3538 Int Change: 0 BW: 198346
98
2
Target ratio: 98 BW Change: -387 Int Change: -400 BW: 206030
96
4
Target ratio: 96 BW Change: -95 Int Change: 200 BW: 207999
94
6
Target ratio: 94 BW Change: 55 Int Change: 200 BW: 206847
96
4
Target ratio: 96 BW Change: 452 Int Change: 200 BW: 197490
98
2
Target ratio: 98 BW Change: -5 Int Change: -200 BW: 197594
100
0
Target ratio: 100 BW Change: 27 Int Change: -200 BW: 197048
100
0
Target ratio: 100 BW Change: -52 Int Change: -200 BW: 198091
100
0
Target ratio: 100 BW Change: 98 Int Change: -200 BW: 196130
100
0
Target ratio: 100 BW Change: -2649 Int Change: -200 BW: 248091
96
4
Target ratio: 96 BW Change: -2050 Int Change: 0 BW: 298965
98
2
Target ratio: 98 BW Change: 36 Int Change: 400 BW: 297875
100
0
Target ratio: 100 BW Change: -311 Int Change: -200 BW: 307153
98
2
Target ratio: 98 BW Change: 52 Int Change: -200 BW: 305531
98
2
Target ratio: 98 BW Change: -32 Int Change: 0 BW: 306516
98
2
Target ratio: 98 BW Change: -39 Int Change: 0 BW: 306726
100
0
Target ratio: 100 BW Change: 1670 Int Change: 0 BW: 254494
98
2
Target ratio: 98 BW Change: -321 Int Change: -400 BW: 262676
96
4
Target ratio: 96 BW Change: 29 Int Change: 200 BW: 261893
94
6
Target ratio: 94 BW Change: -57 Int Change: 200 BW: 263395
92
8
Target ratio: 92 BW Change: -159 Int Change: 200 BW: 267596
90
10
Target ratio: 90 BW Change: -162 Int Change: 200 BW: 271933
88
12
Target ratio: 88 BW Change: -521 Int Change: 200 BW: 286125
86
14
Target ratio: 86 BW Change: -29 Int Change: 200 BW: 286974
84
16
Target ratio: 84 BW Change: -741 Int Change: 200 BW: 308243
86
14
Target ratio: 86 BW Change: 78 Int Change: 200 BW: 305827
86
14
Target ratio: 86 BW Change: -27 Int Change: 0 BW: 306657
86
14
Target ratio: 86 BW Change: -51 Int Change: 0 BW: 307388
86
14
Target ratio: 86 BW Change: -71 Int Change: 0 BW: 308007
86
14
Target ratio: 86 BW Change: 9 Int Change: 0 BW: 305540
86
14
Target ratio: 86 BW Change: 299 Int Change: 0 BW: 296678
86
14
Target ratio: 86 BW Change: 105 Int Change: 0 BW: 302590
86
14
Target ratio: 86 BW Change: -62 Int Change: 0 BW: 307752
86
14
Target ratio: 86 BW Change: 37 Int Change: 0 BW: 304685
86
14
Target ratio: 86 BW Change: 63 Int Change: 0 BW: 303874
86
14
Target ratio: 86 BW Change: -45 Int Change: 0 BW: 307220
86
14
Target ratio: 86 BW Change: 212 Int Change: 0 BW: 299321
86
14
Target ratio: 86 BW Change: -132 Int Change: 0 BW: 309876
86
14
Target ratio: 86 BW Change: 168 Int Change: 0 BW: 300671
86
14
Target ratio: 86 BW Change: -61 Int Change: 0 BW: 307703
86
14
Target ratio: 86 BW Change: -76 Int Change: 0 BW: 308173
86
14
Target ratio: 86 BW Change: -163 Int Change: 0 BW: 310842
86
14
Target ratio: 86 BW Change: -179 Int Change: 0 BW: 311310
86
14
Target ratio: 86 BW Change: 157 Int Change: 0 BW: 301023
90
10
Target ratio: 90 BW Change: 1423 Int Change: 0 BW: 262302
88
12
Target ratio: 88 BW Change: 160 Int Change: -400 BW: 258098
90
10
Target ratio: 90 BW Change: 325 Int Change: 200 BW: 249698
90
10
Target ratio: 90 BW Change: -26 Int Change: 0 BW: 250355
86
14
Target ratio: 86 BW Change: -673 Int Change: 0 BW: 266527
84
16
Target ratio: 84 BW Change: -228 Int Change: 400 BW: 272622
82
18
Target ratio: 82 BW Change: -484 Int Change: 200 BW: 285828
80
20
Target ratio: 80 BW Change: -786 Int Change: 200 BW: 308309
82
18
Target ratio: 82 BW Change: 191 Int Change: 200 BW: 302405
82
18
Target ratio: 82 BW Change: -270 Int Change: 0 BW: 310596
82
18
Target ratio: 82 BW Change: -161 Int Change: 0 BW: 307299
82
18
Target ratio: 82 BW Change: -254 Int Change: 0 BW: 310101
82
18
Target ratio: 82 BW Change: -200 Int Change: 0 BW: 308476
82
18
Target ratio: 82 BW Change: -114 Int Change: 0 BW: 305870
86
14
Target ratio: 86 BW Change: 2149 Int Change: 0 BW: 237405
84
16
Target ratio: 84 BW Change: 268 Int Change: -400 BW: 231028
82
18
Target ratio: 82 BW Change: -104 Int Change: 200 BW: 233431
80
20
Target ratio: 80 BW Change: -82 Int Change: 200 BW: 235358
78
22
Target ratio: 78 BW Change: -137 Int Change: 200 BW: 238586
76
24
Target ratio: 76 BW Change: -398 Int Change: 200 BW: 248085
74
26
Target ratio: 74 BW Change: -1969 Int Change: 200 BW: 296957
76
24
Target ratio: 76 BW Change: 9967 Int Change: 200 BW: 964
