pgdemote_kswapd 0
pgdemote_direct 0
pgdemote_khugepaged 0
pgmigrate_success 642103140
pgdemote_kswapd 0
pgdemote_direct 0
pgdemote_khugepaged 0
pgmigrate_success 642103140
pgdemote_kswapd 0
pgdemote_direct 0
pgdemote_khugepaged 0
pgmigrate_success 642103140
pgdemote_kswapd 0
pgdemote_direct 0
pgdemote_khugepaged 0
pgmigrate_success 642103140
pgdemote_kswapd 0
pgdemote_direct 0
pgdemote_khugepaged 0
pgmigrate_success 642103140
pgdemote_kswapd 0
pgdemote_direct 0
pgdemote_khugepaged 0
pgmigrate_success 642103140
pgdemote_kswapd 0
pgdemote_direct 0
pgdemote_khugepaged 0
pgmigrate_success 642103140
pgdemote_kswapd 0
pgdemote_direct 0
pgdemote_khugepaged 0
pgmigrate_success 642190180
pgdemote_kswapd 0
pgdemote_direct 0
pgdemote_khugepaged 0
pgmigrate_success 642190180
pgdemote_kswapd 0
pgdemote_direct 0
pgdemote_khugepaged 0
pgmigrate_success 642190180
pgdemote_kswapd 0
pgdemote_direct 0
pgdemote_khugepaged 0
pgmigrate_success 642227044
pgdemote_kswapd 0
pgdemote_direct 0
pgdemote_khugepaged 0
pgmigrate_success 642452837
pgdemote_kswapd 0
pgdemote_direct 0
pgdemote_khugepaged 0
pgmigrate_success 642452837
pgdemote_kswapd 0
pgdemote_direct 0
pgdemote_khugepaged 0
pgmigrate_success 642452837
pgdemote_kswapd 0
pgdemote_direct 0
pgdemote_khugepaged 0
pgmigrate_success 642614131
pgdemote_kswapd 0
pgdemote_direct 0
pgdemote_khugepaged 0
pgmigrate_success 642620787
pgdemote_kswapd 0
pgdemote_direct 0
pgdemote_khugepaged 0
pgmigrate_success 642620787
pgdemote_kswapd 0
pgdemote_direct 0
pgdemote_khugepaged 0
pgmigrate_success 642620787
pgdemote_kswapd 0
pgdemote_direct 0
pgdemote_khugepaged 0
pgmigrate_success 642806138
pgdemote_kswapd 0
pgdemote_direct 0
pgdemote_khugepaged 0
pgmigrate_success 642806138
pgdemote_kswapd 0
pgdemote_direct 0
pgdemote_khugepaged 0
pgmigrate_success 642806138
pgdemote_kswapd 0
pgdemote_direct 0
pgdemote_khugepaged 0
pgmigrate_success 642983296
pgdemote_kswapd 0
pgdemote_direct 0
pgdemote_khugepaged 0
pgmigrate_success 643217280
pgdemote_kswapd 0
pgdemote_direct 0
pgdemote_khugepaged 0
pgmigrate_success 643217280
pgdemote_kswapd 0
pgdemote_direct 0
pgdemote_khugepaged 0
pgmigrate_success 643217280
pgdemote_kswapd 0
pgdemote_direct 0
pgdemote_khugepaged 0
pgmigrate_success 643361153
pgdemote_kswapd 0
pgdemote_direct 0
pgdemote_khugepaged 0
pgmigrate_success 643361153
pgdemote_kswapd 0
pgdemote_direct 0
pgdemote_khugepaged 0
pgmigrate_success 643361153
pgdemote_kswapd 0
pgdemote_direct 0
pgdemote_khugepaged 0
pgmigrate_success 643361153
pgdemote_kswapd 0
pgdemote_direct 0
pgdemote_khugepaged 0
pgmigrate_success 643642244
pgdemote_kswapd 0
pgdemote_direct 0
pgdemote_khugepaged 0
pgmigrate_success 643642244
pgdemote_kswapd 0
pgdemote_direct 0
pgdemote_khugepaged 0
pgmigrate_success 643642244
pgdemote_kswapd 0
pgdemote_direct 0
pgdemote_khugepaged 0
pgmigrate_success 643773837
pgdemote_kswapd 0
pgdemote_direct 0
pgdemote_khugepaged 0
pgmigrate_success 644039570
pgdemote_kswapd 0
pgdemote_direct 0
pgdemote_khugepaged 0
pgmigrate_success 644039570
pgdemote_kswapd 0
pgdemote_direct 0
pgdemote_khugepaged 0
pgmigrate_success 644039570
pgdemote_kswapd 0
pgdemote_direct 0
pgdemote_khugepaged 0
pgmigrate_success 644123541
pgdemote_kswapd 0
pgdemote_direct 0
pgdemote_khugepaged 0
pgmigrate_success 644123541
pgdemote_kswapd 0
pgdemote_direct 0
pgdemote_khugepaged 0
pgmigrate_success 644123541
pgdemote_kswapd 0
pgdemote_direct 0
pgdemote_khugepaged 0
pgmigrate_success 644153749
pgdemote_kswapd 0
pgdemote_direct 0
pgdemote_khugepaged 0
pgmigrate_success 644153749
pgdemote_kswapd 0
pgdemote_direct 0
pgdemote_khugepaged 0
pgmigrate_success 644153749
pgdemote_kswapd 0
pgdemote_direct 0
pgdemote_khugepaged 0
pgmigrate_success 644153749
pgdemote_kswapd 0
pgdemote_direct 0
pgdemote_khugepaged 0
pgmigrate_success 644220823
pgdemote_kswapd 0
pgdemote_direct 0
pgdemote_khugepaged 0
pgmigrate_success 644220823
pgdemote_kswapd 0
pgdemote_direct 0
pgdemote_khugepaged 0
pgmigrate_success 644220823
pgdemote_kswapd 0
pgdemote_direct 0
pgdemote_khugepaged 0
pgmigrate_success 644421023
pgdemote_kswapd 0
pgdemote_direct 0
pgdemote_khugepaged 0
pgmigrate_success 644421023
pgdemote_kswapd 0
pgdemote_direct 0
pgdemote_khugepaged 0
pgmigrate_success 644421023
pgdemote_kswapd 0
pgdemote_direct 0
pgdemote_khugepaged 0
pgmigrate_success 644555176
pgdemote_kswapd 0
pgdemote_direct 0
pgdemote_khugepaged 0
pgmigrate_success 644758440
pgdemote_kswapd 0
pgdemote_direct 0
pgdemote_khugepaged 0
pgmigrate_success 644758440
pgdemote_kswapd 0
pgdemote_direct 0
pgdemote_khugepaged 0
pgmigrate_success 644758440
pgdemote_kswapd 0
pgdemote_direct 0
pgdemote_khugepaged 0
pgmigrate_success 644850601
pgdemote_kswapd 0
pgdemote_direct 0
pgdemote_khugepaged 0
pgmigrate_success 644850601
pgdemote_kswapd 0
pgdemote_direct 0
pgdemote_khugepaged 0
pgmigrate_success 644850601
pgdemote_kswapd 0
pgdemote_direct 0
pgdemote_khugepaged 0
pgmigrate_success 644865457
pgdemote_kswapd 0
pgdemote_direct 0
pgdemote_khugepaged 0
pgmigrate_success 644879281
pgdemote_kswapd 0
pgdemote_direct 0
pgdemote_khugepaged 0
pgmigrate_success 644879281
pgdemote_kswapd 0
pgdemote_direct 0
pgdemote_khugepaged 0
pgmigrate_success 644879281
pgdemote_kswapd 0
pgdemote_direct 0
pgdemote_khugepaged 0
pgmigrate_success 645085111
pgdemote_kswapd 0
pgdemote_direct 0
pgdemote_khugepaged 0
pgmigrate_success 645085111
pgdemote_kswapd 0
pgdemote_direct 0
pgdemote_khugepaged 0
pgmigrate_success 645085111
pgdemote_kswapd 0
pgdemote_direct 0
pgdemote_khugepaged 0
pgmigrate_success 645088187
pgdemote_kswapd 0
pgdemote_direct 0
pgdemote_khugepaged 0
pgmigrate_success 645112765
pgdemote_kswapd 0
pgdemote_direct 0
pgdemote_khugepaged 0
pgmigrate_success 645112765
pgdemote_kswapd 0
pgdemote_direct 0
pgdemote_khugepaged 0
pgmigrate_success 645112765
pgdemote_kswapd 0
pgdemote_direct 0
pgdemote_khugepaged 0
pgmigrate_success 645329858
pgdemote_kswapd 0
pgdemote_direct 0
pgdemote_khugepaged 0
pgmigrate_success 645329858
pgdemote_kswapd 0
pgdemote_direct 0
pgdemote_khugepaged 0
pgmigrate_success 645329858
pgdemote_kswapd 0
pgdemote_direct 0
pgdemote_khugepaged 0
pgmigrate_success 645329858
pgdemote_kswapd 0
pgdemote_direct 0
pgdemote_khugepaged 0
pgmigrate_success 645551555
pgdemote_kswapd 0
pgdemote_direct 0
pgdemote_khugepaged 0
pgmigrate_success 645551555
pgdemote_kswapd 0
pgdemote_direct 0
pgdemote_khugepaged 0
pgmigrate_success 645551555
pgdemote_kswapd 0
pgdemote_direct 0
pgdemote_khugepaged 0
pgmigrate_success 645559748
pgdemote_kswapd 0
pgdemote_direct 0
pgdemote_khugepaged 0
pgmigrate_success 645559748
pgdemote_kswapd 0
pgdemote_direct 0
pgdemote_khugepaged 0
pgmigrate_success 645559748
pgdemote_kswapd 0
pgdemote_direct 0
pgdemote_khugepaged 0
pgmigrate_success 645627332
pgdemote_kswapd 0
pgdemote_direct 0
pgdemote_khugepaged 0
pgmigrate_success 645627332
pgdemote_kswapd 0
pgdemote_direct 0
pgdemote_khugepaged 0
pgmigrate_success 645627332
pgdemote_kswapd 0
pgdemote_direct 0
pgdemote_khugepaged 0
pgmigrate_success 645627332
pgdemote_kswapd 0
pgdemote_direct 0
pgdemote_khugepaged 0
pgmigrate_success 645930951
pgdemote_kswapd 0
pgdemote_direct 0
pgdemote_khugepaged 0
pgmigrate_success 645930951
pgdemote_kswapd 0
pgdemote_direct 0
pgdemote_khugepaged 0
pgmigrate_success 645930951
pgdemote_kswapd 0
pgdemote_direct 0
pgdemote_khugepaged 0
pgmigrate_success 646063057
pgdemote_kswapd 0
pgdemote_direct 0
pgdemote_khugepaged 0
pgmigrate_success 646063057
pgdemote_kswapd 0
pgdemote_direct 0
pgdemote_khugepaged 0
pgmigrate_success 646063057
pgdemote_kswapd 0
pgdemote_direct 0
pgdemote_khugepaged 0
pgmigrate_success 646063057
pgdemote_kswapd 0
pgdemote_direct 0
pgdemote_khugepaged 0
pgmigrate_success 646088659
pgdemote_kswapd 0
pgdemote_direct 0
pgdemote_khugepaged 0
pgmigrate_success 646088659
pgdemote_kswapd 0
pgdemote_direct 0
pgdemote_khugepaged 0
pgmigrate_success 646088659
pgdemote_kswapd 0
pgdemote_direct 0
pgdemote_khugepaged 0
pgmigrate_success 646223834
pgdemote_kswapd 0
pgdemote_direct 0
pgdemote_khugepaged 0
pgmigrate_success 646223834
pgdemote_kswapd 0
pgdemote_direct 0
pgdemote_khugepaged 0
pgmigrate_success 646223834
pgdemote_kswapd 0
pgdemote_direct 0
pgdemote_khugepaged 0
pgmigrate_success 646242266
pgdemote_kswapd 0
pgdemote_direct 0
pgdemote_khugepaged 0
pgmigrate_success 646251994
pgdemote_kswapd 0
pgdemote_direct 0
pgdemote_khugepaged 0
pgmigrate_success 646251994
pgdemote_kswapd 0
pgdemote_direct 0
pgdemote_khugepaged 0
pgmigrate_success 646251994
pgdemote_kswapd 0
pgdemote_direct 0
pgdemote_khugepaged 0
pgmigrate_success 646295002
pgdemote_kswapd 0
pgdemote_direct 0
pgdemote_khugepaged 0
pgmigrate_success 646295002
pgdemote_kswapd 0
pgdemote_direct 0
pgdemote_khugepaged 0
pgmigrate_success 646295002
pgdemote_kswapd 0
pgdemote_direct 0
pgdemote_khugepaged 0
pgmigrate_success 646321627
pgdemote_kswapd 0
pgdemote_direct 0
pgdemote_khugepaged 0
pgmigrate_success 646321627
pgdemote_kswapd 0
pgdemote_direct 0
pgdemote_khugepaged 0
pgmigrate_success 646321627
pgdemote_kswapd 0
pgdemote_direct 0
pgdemote_khugepaged 0
pgmigrate_success 646331867
pgdemote_kswapd 0
pgdemote_direct 0
pgdemote_khugepaged 0
pgmigrate_success 646331867
pgdemote_kswapd 0
pgdemote_direct 0
pgdemote_khugepaged 0
pgmigrate_success 646331867
pgdemote_kswapd 0
pgdemote_direct 0
pgdemote_khugepaged 0
pgmigrate_success 646345691
pgdemote_kswapd 0
pgdemote_direct 0
pgdemote_khugepaged 0
pgmigrate_success 646345691
pgdemote_kswapd 0
pgdemote_direct 0
pgdemote_khugepaged 0
pgmigrate_success 646345691
pgdemote_kswapd 0
pgdemote_direct 0
pgdemote_khugepaged 0
pgmigrate_success 646348763
pgdemote_kswapd 0
pgdemote_direct 0
pgdemote_khugepaged 0
pgmigrate_success 646348763
pgdemote_kswapd 0
pgdemote_direct 0
pgdemote_khugepaged 0
pgmigrate_success 646348763
pgdemote_kswapd 0
pgdemote_direct 0
pgdemote_khugepaged 0
pgmigrate_success 646348763
pgdemote_kswapd 0
pgdemote_direct 0
pgdemote_khugepaged 0
pgmigrate_success 646371291
pgdemote_kswapd 0
pgdemote_direct 0
pgdemote_khugepaged 0
pgmigrate_success 646371291
pgdemote_kswapd 0
pgdemote_direct 0
pgdemote_khugepaged 0
pgmigrate_success 646371291
pgdemote_kswapd 0
pgdemote_direct 0
pgdemote_khugepaged 0
pgmigrate_success 646387675
pgdemote_kswapd 0
pgdemote_direct 0
pgdemote_khugepaged 0
pgmigrate_success 646387675
pgdemote_kswapd 0
pgdemote_direct 0
pgdemote_khugepaged 0
pgmigrate_success 646387675
pgdemote_kswapd 0
pgdemote_direct 0
pgdemote_khugepaged 0
pgmigrate_success 646407131
