Generate Time:       41.24881
Build Time:          28.93941
Graph has 1073741820 nodes and 17022105300 undirected edges for degree: 15
Trial Time:          7.99107
Trial Time:          11.12925
Trial Time:          11.20655
Trial Time:          11.00174
Trial Time:          9.51155
Trial Time:          8.30099
Trial Time:          8.48915
Trial Time:          7.85709
Trial Time:          10.09811
Trial Time:          8.34795
Trial Time:          9.93608
Trial Time:          10.76916
Trial Time:          8.32272
Trial Time:          7.95249
Trial Time:          10.52313
Trial Time:          11.22133
Average Time:        9.54115
