Generate Time:       41.22763
Build Time:          28.94715
Graph has 1073741820 nodes and 17022105300 undirected edges for degree: 15
Trial Time:          7.96020
Trial Time:          11.08733
Trial Time:          11.17584
Trial Time:          10.99775
Trial Time:          9.50235
Trial Time:          8.27481
Trial Time:          8.45888
Trial Time:          7.83029
Trial Time:          10.07376
Trial Time:          8.32042
Trial Time:          9.90400
Trial Time:          10.75875
Trial Time:          8.32269
Trial Time:          7.94579
Trial Time:          10.53378
Trial Time:          11.20698
Average Time:        9.52210
