Generate Time:       49.57683
Build Time:          29.99672
Graph has 1073741820 nodes and 17022105300 undirected edges for degree: 15
Trial Time:          9.21992
Trial Time:          12.53695
Trial Time:          12.59330
Trial Time:          12.30356
Trial Time:          10.79282
Trial Time:          9.54472
Trial Time:          9.69652
Trial Time:          9.12191
Trial Time:          11.52696
Trial Time:          9.64012
Trial Time:          11.21898
Trial Time:          12.08112
Trial Time:          9.57922
Trial Time:          9.22497
Trial Time:          12.01719
Trial Time:          12.65313
Average Time:        10.85946
