Generate Time:       48.23869
Build Time:          29.98742
Graph has 1073741820 nodes and 17022105300 undirected edges for degree: 15
Trial Time:          9.30800
Trial Time:          12.62653
Trial Time:          12.68387
Trial Time:          12.38015
Trial Time:          10.86076
Trial Time:          9.61570
Trial Time:          9.77126
Trial Time:          9.20907
Trial Time:          11.61141
Trial Time:          9.73068
Trial Time:          11.26529
Trial Time:          12.17266
Trial Time:          9.67160
Trial Time:          9.31169
Trial Time:          12.11059
Trial Time:          12.75445
Average Time:        10.94273
