Generate Time:       66.51181
Build Time:          38.71873
Graph has 1073741820 nodes and 17022105300 undirected edges for degree: 15
Trial Time:          15.37526
Trial Time:          15.38575
Trial Time:          15.37267
Trial Time:          15.40517
Trial Time:          15.37866
Trial Time:          15.39498
Trial Time:          15.37407
Trial Time:          15.39478
Trial Time:          15.39711
Trial Time:          15.37554
Trial Time:          15.37257
Trial Time:          15.38787
Trial Time:          15.39344
Trial Time:          15.36179
Trial Time:          15.38881
Trial Time:          15.40507
Average Time:        15.38522
