Generate Time:       107.81676
Build Time:          65.62416
Graph has 1073741820 nodes and 17022105300 undirected edges for degree: 15
Trial Time:          28.19676
Trial Time:          28.18716
Trial Time:          28.18839
Trial Time:          28.18888
Trial Time:          28.19294
Trial Time:          28.18577
Trial Time:          28.18588
Trial Time:          28.18382
Trial Time:          28.18992
Trial Time:          28.19145
Trial Time:          28.19758
Trial Time:          28.18739
Trial Time:          28.18534
Trial Time:          28.19331
Trial Time:          28.18995
Trial Time:          28.16761
Average Time:        28.18826
