Running with 
	Sample interval: 100 ms
	Adjust interval: 6000 ms
	Bandwidth saturation cutoff: 250000 MB/s
0
92
8
Target ratio: 92 BW Change: 0 Int Change: 1600 BW: 403112
88
12
Target ratio: 88 BW Change: -468 Int Change: 800 BW: 422015
84
16
Target ratio: 84 BW Change: -411 Int Change: 400 BW: 439384
82
18
Target ratio: 82 BW Change: -51 Int Change: 400 BW: 441664
80
20
Target ratio: 80 BW Change: -620 Int Change: 200 BW: 469066
82
18
Target ratio: 82 BW Change: 365 Int Change: 200 BW: 451921
82
18
Target ratio: 82 BW Change: -13 Int Change: 0 BW: 452543
82
18
Target ratio: 82 BW Change: 177 Int Change: 0 BW: 443904
82
18
Target ratio: 82 BW Change: 47 Int Change: 0 BW: 449764
82
18
Target ratio: 82 BW Change: -36 Int Change: 0 BW: 453592
82
18
Target ratio: 82 BW Change: 101 Int Change: 0 BW: 447348
82
18
Target ratio: 82 BW Change: 186 Int Change: 0 BW: 443504
82
18
Target ratio: 82 BW Change: -65 Int Change: 0 BW: 454880
82
18
Target ratio: 82 BW Change: 151 Int Change: 0 BW: 445062
82
18
Target ratio: 82 BW Change: -18 Int Change: 0 BW: 452740
82
18
Target ratio: 82 BW Change: -108 Int Change: 0 BW: 456821
82
18
Target ratio: 82 BW Change: -369 Int Change: 0 BW: 468615
82
18
Target ratio: 82 BW Change: 183 Int Change: 0 BW: 443636
82
18
Target ratio: 82 BW Change: 191 Int Change: 0 BW: 443268
82
18
Target ratio: 82 BW Change: 389 Int Change: 0 BW: 434298
82
18
Target ratio: 82 BW Change: -166 Int Change: 0 BW: 459433
82
18
Target ratio: 82 BW Change: -316 Int Change: 0 BW: 466227
82
18
Target ratio: 82 BW Change: 38 Int Change: 0 BW: 450199
82
18
Target ratio: 82 BW Change: -210 Int Change: 0 BW: 461420
82
18
Target ratio: 82 BW Change: -308 Int Change: 0 BW: 465864
82
18
Target ratio: 82 BW Change: -270 Int Change: 0 BW: 464155
82
18
Target ratio: 82 BW Change: -157 Int Change: 0 BW: 459026
82
18
Target ratio: 82 BW Change: -97 Int Change: 0 BW: 456335
82
18
Target ratio: 82 BW Change: -261 Int Change: 0 BW: 463756
82
18
Target ratio: 82 BW Change: -75 Int Change: 0 BW: 455348
82
18
Target ratio: 82 BW Change: -16 Int Change: 0 BW: 452686
82
18
Target ratio: 82 BW Change: 59 Int Change: 0 BW: 449251
82
18
Target ratio: 82 BW Change: -97 Int Change: 0 BW: 456332
82
18
Target ratio: 82 BW Change: -59 Int Change: 0 BW: 454613
82
18
Target ratio: 82 BW Change: 65 Int Change: 0 BW: 448948
82
18
Target ratio: 82 BW Change: 38 Int Change: 0 BW: 450190
82
18
Target ratio: 82 BW Change: -142 Int Change: 0 BW: 458371
82
18
Target ratio: 82 BW Change: -99 Int Change: 0 BW: 456415
82
18
Target ratio: 82 BW Change: -136 Int Change: 0 BW: 458077
82
18
Target ratio: 82 BW Change: 106 Int Change: 0 BW: 447113
82
18
Target ratio: 82 BW Change: 221 Int Change: 0 BW: 441916
82
18
Target ratio: 82 BW Change: -55 Int Change: 0 BW: 454412
82
18
Target ratio: 82 BW Change: -191 Int Change: 0 BW: 460567
82
18
Target ratio: 82 BW Change: -302 Int Change: 0 BW: 465575
82
18
Target ratio: 82 BW Change: -276 Int Change: 0 BW: 464416
82
18
Target ratio: 82 BW Change: -24 Int Change: 0 BW: 453048
82
18
Target ratio: 82 BW Change: 290 Int Change: 0 BW: 438812
82
18
Target ratio: 82 BW Change: 87 Int Change: 0 BW: 447989
82
18
Target ratio: 82 BW Change: -267 Int Change: 0 BW: 464023
82
18
Target ratio: 82 BW Change: 312 Int Change: 0 BW: 437793
82
18
Target ratio: 82 BW Change: -192 Int Change: 0 BW: 460618
82
18
Target ratio: 82 BW Change: -208 Int Change: 0 BW: 461344
82
18
Target ratio: 82 BW Change: -90 Int Change: 0 BW: 456008
82
18
Target ratio: 82 BW Change: -45 Int Change: 0 BW: 453978
