Running with 
	Sample interval: 100 ms
	Adjust interval: 6000 ms
	Bandwidth saturation cutoff: 250000 MB/s
0
92
8
Target ratio: 92 BW Change: 0 Int Change: 1600 BW: 316574
90
10
Target ratio: 90 BW Change: -252 Int Change: 800 BW: 324581
88
12
Target ratio: 88 BW Change: -93 Int Change: 200 BW: 327607
86
14
Target ratio: 86 BW Change: -37 Int Change: 200 BW: 328822
84
16
Target ratio: 84 BW Change: -33 Int Change: 200 BW: 329926
82
18
Target ratio: 82 BW Change: -128 Int Change: 200 BW: 334174
80
20
Target ratio: 80 BW Change: -5 Int Change: 200 BW: 334366
78
22
Target ratio: 78 BW Change: -204 Int Change: 200 BW: 341209
76
24
Target ratio: 76 BW Change: -66 Int Change: 200 BW: 343462
78
22
Target ratio: 78 BW Change: 46 Int Change: 200 BW: 341854
78
22
Target ratio: 78 BW Change: 11 Int Change: 0 BW: 341476
78
22
Target ratio: 78 BW Change: -1 Int Change: 0 BW: 341889
78
22
Target ratio: 78 BW Change: 33 Int Change: 0 BW: 340694
78
22
Target ratio: 78 BW Change: 41 Int Change: 0 BW: 340433
78
22
Target ratio: 78 BW Change: -184 Int Change: 0 BW: 348150
78
22
Target ratio: 78 BW Change: 21 Int Change: 0 BW: 341132
78
22
Target ratio: 78 BW Change: -27 Int Change: 0 BW: 342794
78
22
Target ratio: 78 BW Change: -47 Int Change: 0 BW: 343462
78
22
Target ratio: 78 BW Change: 7 Int Change: 0 BW: 341611
78
22
Target ratio: 78 BW Change: 43 Int Change: 0 BW: 340351
78
22
Target ratio: 78 BW Change: -146 Int Change: 0 BW: 346849
78
22
Target ratio: 78 BW Change: -102 Int Change: 0 BW: 345375
78
22
Target ratio: 78 BW Change: -25 Int Change: 0 BW: 342714
78
22
Target ratio: 78 BW Change: -45 Int Change: 0 BW: 343411
78
22
Target ratio: 78 BW Change: 48 Int Change: 0 BW: 340189
78
22
Target ratio: 78 BW Change: 22 Int Change: 0 BW: 341098
78
22
Target ratio: 78 BW Change: -26 Int Change: 0 BW: 342761
78
22
Target ratio: 78 BW Change: 28 Int Change: 0 BW: 340896
78
22
Target ratio: 78 BW Change: -136 Int Change: 0 BW: 346512
78
22
Target ratio: 78 BW Change: -167 Int Change: 0 BW: 347587
78
22
Target ratio: 78 BW Change: -5 Int Change: 0 BW: 342025
78
22
Target ratio: 78 BW Change: 54 Int Change: 0 BW: 339992
78
22
Target ratio: 78 BW Change: 22 Int Change: 0 BW: 341069
78
22
Target ratio: 78 BW Change: 23 Int Change: 0 BW: 341048
78
22
Target ratio: 78 BW Change: 26 Int Change: 0 BW: 340950
78
22
Target ratio: 78 BW Change: 18 Int Change: 0 BW: 341215
78
22
Target ratio: 78 BW Change: -174 Int Change: 0 BW: 347830
78
22
Target ratio: 78 BW Change: -151 Int Change: 0 BW: 347043
78
22
Target ratio: 78 BW Change: -164 Int Change: 0 BW: 347482
