Running with 
	Sample interval: 100 ms
	Adjust interval: 6000 ms
	Bandwidth saturation cutoff: 250000 MB/s
0
92
8
Target ratio: 92 BW Change: 0 Int Change: 1600 BW: 354917
90
10
Target ratio: 90 BW Change: -105 Int Change: 800 BW: 358646
88
12
Target ratio: 88 BW Change: -84 Int Change: 200 BW: 361694
86
14
Target ratio: 86 BW Change: -121 Int Change: 200 BW: 366075
84
16
Target ratio: 84 BW Change: -90 Int Change: 200 BW: 369400
82
18
Target ratio: 82 BW Change: -60 Int Change: 200 BW: 371633
80
20
Target ratio: 80 BW Change: -27 Int Change: 200 BW: 372645
82
18
Target ratio: 82 BW Change: 0 Int Change: 200 BW: 372634
82
18
Target ratio: 82 BW Change: -14 Int Change: 0 BW: 373169
82
18
Target ratio: 82 BW Change: -25 Int Change: 0 BW: 373568
82
18
Target ratio: 82 BW Change: 61 Int Change: 0 BW: 370327
82
18
Target ratio: 82 BW Change: 57 Int Change: 0 BW: 370481
82
18
Target ratio: 82 BW Change: 65 Int Change: 0 BW: 370193
82
18
Target ratio: 82 BW Change: 60 Int Change: 0 BW: 370364
82
18
Target ratio: 82 BW Change: 58 Int Change: 0 BW: 370468
82
18
Target ratio: 82 BW Change: 64 Int Change: 0 BW: 370232
82
18
Target ratio: 82 BW Change: 47 Int Change: 0 BW: 370861
82
18
Target ratio: 82 BW Change: 56 Int Change: 0 BW: 370519
82
18
Target ratio: 82 BW Change: 63 Int Change: 0 BW: 370284
82
18
Target ratio: 82 BW Change: -93 Int Change: 0 BW: 376111
82
18
Target ratio: 82 BW Change: -125 Int Change: 0 BW: 377324
82
18
Target ratio: 82 BW Change: -145 Int Change: 0 BW: 378070
82
18
Target ratio: 82 BW Change: -157 Int Change: 0 BW: 378508
82
18
Target ratio: 82 BW Change: -148 Int Change: 0 BW: 378185
82
18
Target ratio: 82 BW Change: -173 Int Change: 0 BW: 379102
82
18
Target ratio: 82 BW Change: -139 Int Change: 0 BW: 377818
82
18
Target ratio: 82 BW Change: -168 Int Change: 0 BW: 378896
82
18
Target ratio: 82 BW Change: -127 Int Change: 0 BW: 377378
82
18
Target ratio: 82 BW Change: -89 Int Change: 0 BW: 375951
82
18
Target ratio: 82 BW Change: -106 Int Change: 0 BW: 376584
82
18
Target ratio: 82 BW Change: -107 Int Change: 0 BW: 376658
82
18
Target ratio: 82 BW Change: -95 Int Change: 0 BW: 376177
82
18
Target ratio: 82 BW Change: -108 Int Change: 0 BW: 376674
82
18
Target ratio: 82 BW Change: -95 Int Change: 0 BW: 376211
82
18
Target ratio: 82 BW Change: -20 Int Change: 0 BW: 373408
82
18
Target ratio: 82 BW Change: -96 Int Change: 0 BW: 376243
82
18
Target ratio: 82 BW Change: -99 Int Change: 0 BW: 376329
82
18
Target ratio: 82 BW Change: -73 Int Change: 0 BW: 375357
82
18
Target ratio: 82 BW Change: -128 Int Change: 0 BW: 377438
82
18
Target ratio: 82 BW Change: -134 Int Change: 0 BW: 377664
82
18
Target ratio: 82 BW Change: -153 Int Change: 0 BW: 378372
82
18
Target ratio: 82 BW Change: -143 Int Change: 0 BW: 377980
82
18
Target ratio: 82 BW Change: -166 Int Change: 0 BW: 378840
82
18
Target ratio: 82 BW Change: -82 Int Change: 0 BW: 375690
82
18
Target ratio: 82 BW Change: -116 Int Change: 0 BW: 376974
82
18
Target ratio: 82 BW Change: -134 Int Change: 0 BW: 377659
82
18
Target ratio: 82 BW Change: -161 Int Change: 0 BW: 378665
82
18
Target ratio: 82 BW Change: -33 Int Change: 0 BW: 373865
82
18
Target ratio: 82 BW Change: -27 Int Change: 0 BW: 373644
82
18
Target ratio: 82 BW Change: -46 Int Change: 0 BW: 374378
82
18
Target ratio: 82 BW Change: -50 Int Change: 0 BW: 374499
82
18
Target ratio: 82 BW Change: -41 Int Change: 0 BW: 374175
82
18
Target ratio: 82 BW Change: -24 Int Change: 0 BW: 373538
82
18
Target ratio: 82 BW Change: -52 Int Change: 0 BW: 374589
82
18
Target ratio: 82 BW Change: -34 Int Change: 0 BW: 373909
82
18
Target ratio: 82 BW Change: -17 Int Change: 0 BW: 373304
86
14
Target ratio: 86 BW Change: 9974 Int Change: 0 BW: 942
