pgdemote_kswapd 0
pgdemote_direct 0
pgdemote_khugepaged 0
pgmigrate_success 228369451
pgdemote_kswapd 0
pgdemote_direct 0
pgdemote_khugepaged 0
pgmigrate_success 228369451
pgdemote_kswapd 0
pgdemote_direct 0
pgdemote_khugepaged 0
pgmigrate_success 228369451
pgdemote_kswapd 0
pgdemote_direct 0
pgdemote_khugepaged 0
pgmigrate_success 228369451
pgdemote_kswapd 0
pgdemote_direct 0
pgdemote_khugepaged 0
pgmigrate_success 228369451
pgdemote_kswapd 0
pgdemote_direct 0
pgdemote_khugepaged 0
pgmigrate_success 228369451
pgdemote_kswapd 0
pgdemote_direct 0
pgdemote_khugepaged 0
pgmigrate_success 228369451
pgdemote_kswapd 0
pgdemote_direct 0
pgdemote_khugepaged 0
pgmigrate_success 228369451
pgdemote_kswapd 0
pgdemote_direct 0
pgdemote_khugepaged 0
pgmigrate_success 228369451
pgdemote_kswapd 0
pgdemote_direct 0
pgdemote_khugepaged 0
pgmigrate_success 228369451
pgdemote_kswapd 0
pgdemote_direct 0
pgdemote_khugepaged 0
pgmigrate_success 228407249
pgdemote_kswapd 0
pgdemote_direct 0
pgdemote_khugepaged 0
pgmigrate_success 228407249
pgdemote_kswapd 0
pgdemote_direct 0
pgdemote_khugepaged 0
pgmigrate_success 228407249
pgdemote_kswapd 0
pgdemote_direct 0
pgdemote_khugepaged 0
pgmigrate_success 228411553
pgdemote_kswapd 0
pgdemote_direct 0
pgdemote_khugepaged 0
pgmigrate_success 228411553
pgdemote_kswapd 0
pgdemote_direct 0
pgdemote_khugepaged 0
pgmigrate_success 228411553
pgdemote_kswapd 0
pgdemote_direct 0
pgdemote_khugepaged 0
pgmigrate_success 228411553
pgdemote_kswapd 0
pgdemote_direct 0
pgdemote_khugepaged 0
pgmigrate_success 228418594
pgdemote_kswapd 0
pgdemote_direct 0
pgdemote_khugepaged 0
pgmigrate_success 228418594
pgdemote_kswapd 0
pgdemote_direct 0
pgdemote_khugepaged 0
pgmigrate_success 228418594
pgdemote_kswapd 0
pgdemote_direct 0
pgdemote_khugepaged 0
pgmigrate_success 228431844
pgdemote_kswapd 0
pgdemote_direct 0
pgdemote_khugepaged 0
pgmigrate_success 228431844
pgdemote_kswapd 0
pgdemote_direct 0
pgdemote_khugepaged 0
pgmigrate_success 228431844
pgdemote_kswapd 0
pgdemote_direct 0
pgdemote_khugepaged 0
pgmigrate_success 228442523
pgdemote_kswapd 0
pgdemote_direct 0
pgdemote_khugepaged 0
pgmigrate_success 228442523
pgdemote_kswapd 0
pgdemote_direct 0
pgdemote_khugepaged 0
pgmigrate_success 228442523
pgdemote_kswapd 0
pgdemote_direct 0
pgdemote_khugepaged 0
pgmigrate_success 228444684
pgdemote_kswapd 0
pgdemote_direct 0
pgdemote_khugepaged 0
pgmigrate_success 228444684
pgdemote_kswapd 0
pgdemote_direct 0
pgdemote_khugepaged 0
pgmigrate_success 228444684
pgdemote_kswapd 0
pgdemote_direct 0
pgdemote_khugepaged 0
pgmigrate_success 228444684
pgdemote_kswapd 0
pgdemote_direct 0
pgdemote_khugepaged 0
pgmigrate_success 228453226
pgdemote_kswapd 0
pgdemote_direct 0
pgdemote_khugepaged 0
pgmigrate_success 228453226
pgdemote_kswapd 0
pgdemote_direct 0
pgdemote_khugepaged 0
pgmigrate_success 228453226
pgdemote_kswapd 0
pgdemote_direct 0
pgdemote_khugepaged 0
pgmigrate_success 228461056
pgdemote_kswapd 0
pgdemote_direct 0
pgdemote_khugepaged 0
pgmigrate_success 228461056
pgdemote_kswapd 0
pgdemote_direct 0
pgdemote_khugepaged 0
pgmigrate_success 228461056
pgdemote_kswapd 0
pgdemote_direct 0
pgdemote_khugepaged 0
pgmigrate_success 228467446
pgdemote_kswapd 0
pgdemote_direct 0
pgdemote_khugepaged 0
pgmigrate_success 228467446
pgdemote_kswapd 0
pgdemote_direct 0
pgdemote_khugepaged 0
pgmigrate_success 228467446
pgdemote_kswapd 0
pgdemote_direct 0
pgdemote_khugepaged 0
pgmigrate_success 228476481
pgdemote_kswapd 0
pgdemote_direct 0
pgdemote_khugepaged 0
pgmigrate_success 228476481
pgdemote_kswapd 0
pgdemote_direct 0
pgdemote_khugepaged 0
pgmigrate_success 228476481
pgdemote_kswapd 0
pgdemote_direct 0
pgdemote_khugepaged 0
pgmigrate_success 228479677
pgdemote_kswapd 0
pgdemote_direct 0
pgdemote_khugepaged 0
pgmigrate_success 228479677
pgdemote_kswapd 0
pgdemote_direct 0
pgdemote_khugepaged 0
pgmigrate_success 228479677
pgdemote_kswapd 0
pgdemote_direct 0
pgdemote_khugepaged 0
pgmigrate_success 228479677
pgdemote_kswapd 0
pgdemote_direct 0
pgdemote_khugepaged 0
pgmigrate_success 228481403
pgdemote_kswapd 0
pgdemote_direct 0
pgdemote_khugepaged 0
pgmigrate_success 228481403
pgdemote_kswapd 0
pgdemote_direct 0
pgdemote_khugepaged 0
pgmigrate_success 228481403
pgdemote_kswapd 0
pgdemote_direct 0
pgdemote_khugepaged 0
pgmigrate_success 228492731
pgdemote_kswapd 0
pgdemote_direct 0
pgdemote_khugepaged 0
pgmigrate_success 228492731
pgdemote_kswapd 0
pgdemote_direct 0
pgdemote_khugepaged 0
pgmigrate_success 228492731
pgdemote_kswapd 0
pgdemote_direct 0
pgdemote_khugepaged 0
pgmigrate_success 228500350
pgdemote_kswapd 0
pgdemote_direct 0
pgdemote_khugepaged 0
pgmigrate_success 228500350
pgdemote_kswapd 0
pgdemote_direct 0
pgdemote_khugepaged 0
pgmigrate_success 228500350
pgdemote_kswapd 0
pgdemote_direct 0
pgdemote_khugepaged 0
pgmigrate_success 228502430
pgdemote_kswapd 0
pgdemote_direct 0
pgdemote_khugepaged 0
pgmigrate_success 228502430
pgdemote_kswapd 0
pgdemote_direct 0
pgdemote_khugepaged 0
pgmigrate_success 228502430
pgdemote_kswapd 0
pgdemote_direct 0
pgdemote_khugepaged 0
pgmigrate_success 228506038
pgdemote_kswapd 0
pgdemote_direct 0
pgdemote_khugepaged 0
pgmigrate_success 228506038
pgdemote_kswapd 0
pgdemote_direct 0
pgdemote_khugepaged 0
pgmigrate_success 228506038
pgdemote_kswapd 0
pgdemote_direct 0
pgdemote_khugepaged 0
pgmigrate_success 228529589
pgdemote_kswapd 0
pgdemote_direct 0
pgdemote_khugepaged 0
pgmigrate_success 228529589
pgdemote_kswapd 0
pgdemote_direct 0
pgdemote_khugepaged 0
pgmigrate_success 228529589
pgdemote_kswapd 0
pgdemote_direct 0
pgdemote_khugepaged 0
pgmigrate_success 228541245
pgdemote_kswapd 0
pgdemote_direct 0
pgdemote_khugepaged 0
pgmigrate_success 228547905
pgdemote_kswapd 0
pgdemote_direct 0
pgdemote_khugepaged 0
pgmigrate_success 228547905
pgdemote_kswapd 0
pgdemote_direct 0
pgdemote_khugepaged 0
pgmigrate_success 228547905
pgdemote_kswapd 0
pgdemote_direct 0
pgdemote_khugepaged 0
pgmigrate_success 228564293
pgdemote_kswapd 0
pgdemote_direct 0
pgdemote_khugepaged 0
pgmigrate_success 228564293
pgdemote_kswapd 0
pgdemote_direct 0
pgdemote_khugepaged 0
pgmigrate_success 228564293
pgdemote_kswapd 0
pgdemote_direct 0
pgdemote_khugepaged 0
pgmigrate_success 228579583
pgdemote_kswapd 0
pgdemote_direct 0
pgdemote_khugepaged 0
pgmigrate_success 228579583
pgdemote_kswapd 0
pgdemote_direct 0
pgdemote_khugepaged 0
pgmigrate_success 228579583
pgdemote_kswapd 0
pgdemote_direct 0
pgdemote_khugepaged 0
pgmigrate_success 228586526
pgdemote_kswapd 0
pgdemote_direct 0
pgdemote_khugepaged 0
pgmigrate_success 228586526
pgdemote_kswapd 0
pgdemote_direct 0
pgdemote_khugepaged 0
pgmigrate_success 228586526
pgdemote_kswapd 0
pgdemote_direct 0
pgdemote_khugepaged 0
pgmigrate_success 228607125
pgdemote_kswapd 0
pgdemote_direct 0
pgdemote_khugepaged 0
pgmigrate_success 228607125
pgdemote_kswapd 0
pgdemote_direct 0
pgdemote_khugepaged 0
pgmigrate_success 228607125
pgdemote_kswapd 0
pgdemote_direct 0
pgdemote_khugepaged 0
pgmigrate_success 228613516
pgdemote_kswapd 0
pgdemote_direct 0
pgdemote_khugepaged 0
pgmigrate_success 228613516
pgdemote_kswapd 0
pgdemote_direct 0
pgdemote_khugepaged 0
pgmigrate_success 228613516
pgdemote_kswapd 0
pgdemote_direct 0
pgdemote_khugepaged 0
pgmigrate_success 228613516
pgdemote_kswapd 0
pgdemote_direct 0
pgdemote_khugepaged 0
pgmigrate_success 228622815
pgdemote_kswapd 0
pgdemote_direct 0
pgdemote_khugepaged 0
pgmigrate_success 228622815
pgdemote_kswapd 0
pgdemote_direct 0
pgdemote_khugepaged 0
pgmigrate_success 228622815
pgdemote_kswapd 0
pgdemote_direct 0
pgdemote_khugepaged 0
pgmigrate_success 228634457
pgdemote_kswapd 0
pgdemote_direct 0
pgdemote_khugepaged 0
pgmigrate_success 228634457
pgdemote_kswapd 0
pgdemote_direct 0
pgdemote_khugepaged 0
pgmigrate_success 228634457
pgdemote_kswapd 0
pgdemote_direct 0
pgdemote_khugepaged 0
pgmigrate_success 228649295
pgdemote_kswapd 0
pgdemote_direct 0
pgdemote_khugepaged 0
pgmigrate_success 228649295
pgdemote_kswapd 0
pgdemote_direct 0
pgdemote_khugepaged 0
pgmigrate_success 228649295
pgdemote_kswapd 0
pgdemote_direct 0
pgdemote_khugepaged 0
pgmigrate_success 228658804
pgdemote_kswapd 0
pgdemote_direct 0
pgdemote_khugepaged 0
pgmigrate_success 228658804
pgdemote_kswapd 0
pgdemote_direct 0
pgdemote_khugepaged 0
pgmigrate_success 228658804
pgdemote_kswapd 0
pgdemote_direct 0
pgdemote_khugepaged 0
pgmigrate_success 228666337
pgdemote_kswapd 0
pgdemote_direct 0
pgdemote_khugepaged 0
pgmigrate_success 228666337
pgdemote_kswapd 0
pgdemote_direct 0
pgdemote_khugepaged 0
pgmigrate_success 228666337
pgdemote_kswapd 0
pgdemote_direct 0
pgdemote_khugepaged 0
pgmigrate_success 228671356
pgdemote_kswapd 0
pgdemote_direct 0
pgdemote_khugepaged 0
pgmigrate_success 228679040
pgdemote_kswapd 0
pgdemote_direct 0
pgdemote_khugepaged 0
pgmigrate_success 228679040
pgdemote_kswapd 0
pgdemote_direct 0
pgdemote_khugepaged 0
pgmigrate_success 228679040
pgdemote_kswapd 0
pgdemote_direct 0
pgdemote_khugepaged 0
pgmigrate_success 228685982
pgdemote_kswapd 0
pgdemote_direct 0
pgdemote_khugepaged 0
pgmigrate_success 228685982
pgdemote_kswapd 0
pgdemote_direct 0
pgdemote_khugepaged 0
pgmigrate_success 228685982
pgdemote_kswapd 0
pgdemote_direct 0
pgdemote_khugepaged 0
pgmigrate_success 228686550
pgdemote_kswapd 0
pgdemote_direct 0
pgdemote_khugepaged 0
pgmigrate_success 228686550
pgdemote_kswapd 0
pgdemote_direct 0
pgdemote_khugepaged 0
pgmigrate_success 228686550
pgdemote_kswapd 0
pgdemote_direct 0
pgdemote_khugepaged 0
pgmigrate_success 228686550
pgdemote_kswapd 0
pgdemote_direct 0
pgdemote_khugepaged 0
pgmigrate_success 228686550
pgdemote_kswapd 0
pgdemote_direct 0
pgdemote_khugepaged 0
pgmigrate_success 228686550
pgdemote_kswapd 0
pgdemote_direct 0
pgdemote_khugepaged 0
pgmigrate_success 228687822
pgdemote_kswapd 0
pgdemote_direct 0
pgdemote_khugepaged 0
pgmigrate_success 228687822
pgdemote_kswapd 0
pgdemote_direct 0
pgdemote_khugepaged 0
pgmigrate_success 228687822
pgdemote_kswapd 0
pgdemote_direct 0
pgdemote_khugepaged 0
pgmigrate_success 228688909
pgdemote_kswapd 0
pgdemote_direct 0
pgdemote_khugepaged 0
pgmigrate_success 228688909
pgdemote_kswapd 0
pgdemote_direct 0
pgdemote_khugepaged 0
pgmigrate_success 228688909
pgdemote_kswapd 0
pgdemote_direct 0
pgdemote_khugepaged 0
pgmigrate_success 228689933
pgdemote_kswapd 0
pgdemote_direct 0
pgdemote_khugepaged 0
pgmigrate_success 228689933
pgdemote_kswapd 0
pgdemote_direct 0
pgdemote_khugepaged 0
pgmigrate_success 228689933
pgdemote_kswapd 0
pgdemote_direct 0
pgdemote_khugepaged 0
pgmigrate_success 228690979
pgdemote_kswapd 0
pgdemote_direct 0
pgdemote_khugepaged 0
pgmigrate_success 228691497
pgdemote_kswapd 0
pgdemote_direct 0
pgdemote_khugepaged 0
pgmigrate_success 228691497
pgdemote_kswapd 0
pgdemote_direct 0
pgdemote_khugepaged 0
pgmigrate_success 228691497
pgdemote_kswapd 0
pgdemote_direct 0
pgdemote_khugepaged 0
pgmigrate_success 228692297
pgdemote_kswapd 0
pgdemote_direct 0
pgdemote_khugepaged 0
pgmigrate_success 228692297
pgdemote_kswapd 0
pgdemote_direct 0
pgdemote_khugepaged 0
pgmigrate_success 228692297
pgdemote_kswapd 0
pgdemote_direct 0
pgdemote_khugepaged 0
pgmigrate_success 228693891
pgdemote_kswapd 0
pgdemote_direct 0
pgdemote_khugepaged 0
pgmigrate_success 228693891
pgdemote_kswapd 0
pgdemote_direct 0
pgdemote_khugepaged 0
pgmigrate_success 228693891
pgdemote_kswapd 0
pgdemote_direct 0
pgdemote_khugepaged 0
pgmigrate_success 228695121
pgdemote_kswapd 0
pgdemote_direct 0
pgdemote_khugepaged 0
pgmigrate_success 228695121
pgdemote_kswapd 0
pgdemote_direct 0
pgdemote_khugepaged 0
pgmigrate_success 228695121
pgdemote_kswapd 0
pgdemote_direct 0
pgdemote_khugepaged 0
pgmigrate_success 228696740
pgdemote_kswapd 0
pgdemote_direct 0
pgdemote_khugepaged 0
pgmigrate_success 228696740
pgdemote_kswapd 0
pgdemote_direct 0
pgdemote_khugepaged 0
pgmigrate_success 228696740
pgdemote_kswapd 0
pgdemote_direct 0
pgdemote_khugepaged 0
pgmigrate_success 228696740
pgdemote_kswapd 0
pgdemote_direct 0
pgdemote_khugepaged 0
pgmigrate_success 228696740
pgdemote_kswapd 0
pgdemote_direct 0
pgdemote_khugepaged 0
pgmigrate_success 228696740
pgdemote_kswapd 0
pgdemote_direct 0
pgdemote_khugepaged 0
pgmigrate_success 228698848
pgdemote_kswapd 0
pgdemote_direct 0
pgdemote_khugepaged 0
pgmigrate_success 228698848
pgdemote_kswapd 0
pgdemote_direct 0
pgdemote_khugepaged 0
pgmigrate_success 228698848
pgdemote_kswapd 0
pgdemote_direct 0
pgdemote_khugepaged 0
pgmigrate_success 228700931
pgdemote_kswapd 0
pgdemote_direct 0
pgdemote_khugepaged 0
pgmigrate_success 228700931
pgdemote_kswapd 0
pgdemote_direct 0
pgdemote_khugepaged 0
pgmigrate_success 228700931
pgdemote_kswapd 0
pgdemote_direct 0
pgdemote_khugepaged 0
pgmigrate_success 228700931
pgdemote_kswapd 0
pgdemote_direct 0
pgdemote_khugepaged 0
pgmigrate_success 228700931
pgdemote_kswapd 0
pgdemote_direct 0
pgdemote_khugepaged 0
pgmigrate_success 228700931
pgdemote_kswapd 0
pgdemote_direct 0
pgdemote_khugepaged 0
pgmigrate_success 228700931
pgdemote_kswapd 0
pgdemote_direct 0
pgdemote_khugepaged 0
pgmigrate_success 228701120
pgdemote_kswapd 0
pgdemote_direct 0
pgdemote_khugepaged 0
pgmigrate_success 228701120
pgdemote_kswapd 0
pgdemote_direct 0
pgdemote_khugepaged 0
pgmigrate_success 228701120
pgdemote_kswapd 0
pgdemote_direct 0
pgdemote_khugepaged 0
pgmigrate_success 228704440
pgdemote_kswapd 0
pgdemote_direct 0
pgdemote_khugepaged 0
pgmigrate_success 228704440
pgdemote_kswapd 0
pgdemote_direct 0
pgdemote_khugepaged 0
pgmigrate_success 228704440
pgdemote_kswapd 0
pgdemote_direct 0
pgdemote_khugepaged 0
pgmigrate_success 228704630
pgdemote_kswapd 0
pgdemote_direct 0
pgdemote_khugepaged 0
pgmigrate_success 228704630
pgdemote_kswapd 0
pgdemote_direct 0
pgdemote_khugepaged 0
pgmigrate_success 228704630
pgdemote_kswapd 0
pgdemote_direct 0
pgdemote_khugepaged 0
pgmigrate_success 228704948
pgdemote_kswapd 0
pgdemote_direct 0
pgdemote_khugepaged 0
pgmigrate_success 228704948
pgdemote_kswapd 0
pgdemote_direct 0
pgdemote_khugepaged 0
pgmigrate_success 228704948
pgdemote_kswapd 0
pgdemote_direct 0
pgdemote_khugepaged 0
pgmigrate_success 228705184
pgdemote_kswapd 0
pgdemote_direct 0
pgdemote_khugepaged 0
pgmigrate_success 228705184
pgdemote_kswapd 0
pgdemote_direct 0
pgdemote_khugepaged 0
pgmigrate_success 228705184
pgdemote_kswapd 0
pgdemote_direct 0
pgdemote_khugepaged 0
pgmigrate_success 228705353
pgdemote_kswapd 0
pgdemote_direct 0
pgdemote_khugepaged 0
pgmigrate_success 228705353
pgdemote_kswapd 0
pgdemote_direct 0
pgdemote_khugepaged 0
pgmigrate_success 228705353
pgdemote_kswapd 0
pgdemote_direct 0
pgdemote_khugepaged 0
pgmigrate_success 228705353
pgdemote_kswapd 0
pgdemote_direct 0
pgdemote_khugepaged 0
pgmigrate_success 228705353
pgdemote_kswapd 0
pgdemote_direct 0
pgdemote_khugepaged 0
pgmigrate_success 228705353
pgdemote_kswapd 0
pgdemote_direct 0
pgdemote_khugepaged 0
pgmigrate_success 228705474
pgdemote_kswapd 0
pgdemote_direct 0
pgdemote_khugepaged 0
pgmigrate_success 228705474
pgdemote_kswapd 0
pgdemote_direct 0
pgdemote_khugepaged 0
pgmigrate_success 228705474
pgdemote_kswapd 0
pgdemote_direct 0
pgdemote_khugepaged 0
pgmigrate_success 228705474
pgdemote_kswapd 0
pgdemote_direct 0
pgdemote_khugepaged 0
pgmigrate_success 228705747
pgdemote_kswapd 0
pgdemote_direct 0
pgdemote_khugepaged 0
pgmigrate_success 228705747
pgdemote_kswapd 0
pgdemote_direct 0
pgdemote_khugepaged 0
pgmigrate_success 228705747
pgdemote_kswapd 0
pgdemote_direct 0
pgdemote_khugepaged 0
pgmigrate_success 228706054
pgdemote_kswapd 0
pgdemote_direct 0
pgdemote_khugepaged 0
pgmigrate_success 228706054
pgdemote_kswapd 0
pgdemote_direct 0
pgdemote_khugepaged 0
pgmigrate_success 228706054
pgdemote_kswapd 0
pgdemote_direct 0
pgdemote_khugepaged 0
pgmigrate_success 228706325
pgdemote_kswapd 0
pgdemote_direct 0
pgdemote_khugepaged 0
pgmigrate_success 228706325
pgdemote_kswapd 0
pgdemote_direct 0
pgdemote_khugepaged 0
pgmigrate_success 228706325
pgdemote_kswapd 0
pgdemote_direct 0
pgdemote_khugepaged 0
pgmigrate_success 228706330
pgdemote_kswapd 0
pgdemote_direct 0
pgdemote_khugepaged 0
pgmigrate_success 228706330
pgdemote_kswapd 0
pgdemote_direct 0
pgdemote_khugepaged 0
pgmigrate_success 228706330
pgdemote_kswapd 0
pgdemote_direct 0
pgdemote_khugepaged 0
pgmigrate_success 228706400
pgdemote_kswapd 0
pgdemote_direct 0
pgdemote_khugepaged 0
pgmigrate_success 228706400
pgdemote_kswapd 0
pgdemote_direct 0
pgdemote_khugepaged 0
pgmigrate_success 228706400
pgdemote_kswapd 0
pgdemote_direct 0
pgdemote_khugepaged 0
pgmigrate_success 228706422
pgdemote_kswapd 0
pgdemote_direct 0
pgdemote_khugepaged 0
pgmigrate_success 228706422
pgdemote_kswapd 0
pgdemote_direct 0
pgdemote_khugepaged 0
pgmigrate_success 228706422
pgdemote_kswapd 0
pgdemote_direct 0
pgdemote_khugepaged 0
pgmigrate_success 228706422
pgdemote_kswapd 0
pgdemote_direct 0
pgdemote_khugepaged 0
pgmigrate_success 228706422
pgdemote_kswapd 0
pgdemote_direct 0
pgdemote_khugepaged 0
pgmigrate_success 228706422
pgdemote_kswapd 0
pgdemote_direct 0
pgdemote_khugepaged 0
pgmigrate_success 228706422
pgdemote_kswapd 0
pgdemote_direct 0
pgdemote_khugepaged 0
pgmigrate_success 228706422
pgdemote_kswapd 0
pgdemote_direct 0
pgdemote_khugepaged 0
pgmigrate_success 228706422
pgdemote_kswapd 0
pgdemote_direct 0
pgdemote_khugepaged 0
pgmigrate_success 228706422
pgdemote_kswapd 0
pgdemote_direct 0
pgdemote_khugepaged 0
pgmigrate_success 228706422
pgdemote_kswapd 0
pgdemote_direct 0
pgdemote_khugepaged 0
pgmigrate_success 228706422
pgdemote_kswapd 0
pgdemote_direct 0
pgdemote_khugepaged 0
pgmigrate_success 228706422
pgdemote_kswapd 0
pgdemote_direct 0
pgdemote_khugepaged 0
pgmigrate_success 228706518
pgdemote_kswapd 0
pgdemote_direct 0
pgdemote_khugepaged 0
pgmigrate_success 228706518
pgdemote_kswapd 0
pgdemote_direct 0
pgdemote_khugepaged 0
pgmigrate_success 228706518
pgdemote_kswapd 0
pgdemote_direct 0
pgdemote_khugepaged 0
pgmigrate_success 228706541
pgdemote_kswapd 0
pgdemote_direct 0
pgdemote_khugepaged 0
pgmigrate_success 228706541
pgdemote_kswapd 0
pgdemote_direct 0
pgdemote_khugepaged 0
pgmigrate_success 228706541
pgdemote_kswapd 0
pgdemote_direct 0
pgdemote_khugepaged 0
pgmigrate_success 228706587
pgdemote_kswapd 0
pgdemote_direct 0
pgdemote_khugepaged 0
pgmigrate_success 228706587
pgdemote_kswapd 0
pgdemote_direct 0
pgdemote_khugepaged 0
pgmigrate_success 228706587
pgdemote_kswapd 0
pgdemote_direct 0
pgdemote_khugepaged 0
pgmigrate_success 228706658
pgdemote_kswapd 0
pgdemote_direct 0
pgdemote_khugepaged 0
pgmigrate_success 228706658
pgdemote_kswapd 0
pgdemote_direct 0
pgdemote_khugepaged 0
pgmigrate_success 228706658
pgdemote_kswapd 0
pgdemote_direct 0
pgdemote_khugepaged 0
pgmigrate_success 228706658
pgdemote_kswapd 0
pgdemote_direct 0
pgdemote_khugepaged 0
pgmigrate_success 228706658
pgdemote_kswapd 0
pgdemote_direct 0
pgdemote_khugepaged 0
pgmigrate_success 228706658
pgdemote_kswapd 0
pgdemote_direct 0
pgdemote_khugepaged 0
pgmigrate_success 228706856
pgdemote_kswapd 0
pgdemote_direct 0
pgdemote_khugepaged 0
pgmigrate_success 228706856
pgdemote_kswapd 0
pgdemote_direct 0
pgdemote_khugepaged 0
pgmigrate_success 228706856
pgdemote_kswapd 0
pgdemote_direct 0
pgdemote_khugepaged 0
pgmigrate_success 228707088
pgdemote_kswapd 0
pgdemote_direct 0
pgdemote_khugepaged 0
pgmigrate_success 228707088
pgdemote_kswapd 0
pgdemote_direct 0
pgdemote_khugepaged 0
pgmigrate_success 228707088
pgdemote_kswapd 0
pgdemote_direct 0
pgdemote_khugepaged 0
pgmigrate_success 228707302
pgdemote_kswapd 0
pgdemote_direct 0
pgdemote_khugepaged 0
pgmigrate_success 228707302
pgdemote_kswapd 0
pgdemote_direct 0
pgdemote_khugepaged 0
pgmigrate_success 228707302
pgdemote_kswapd 0
pgdemote_direct 0
pgdemote_khugepaged 0
pgmigrate_success 228707302
pgdemote_kswapd 0
pgdemote_direct 0
pgdemote_khugepaged 0
pgmigrate_success 228707302
pgdemote_kswapd 0
pgdemote_direct 0
pgdemote_khugepaged 0
pgmigrate_success 228707302
pgdemote_kswapd 0
pgdemote_direct 0
pgdemote_khugepaged 0
pgmigrate_success 228707302
pgdemote_kswapd 0
pgdemote_direct 0
pgdemote_khugepaged 0
pgmigrate_success 228707336
pgdemote_kswapd 0
pgdemote_direct 0
pgdemote_khugepaged 0
pgmigrate_success 228707336
pgdemote_kswapd 0
pgdemote_direct 0
pgdemote_khugepaged 0
pgmigrate_success 228707336
pgdemote_kswapd 0
pgdemote_direct 0
pgdemote_khugepaged 0
pgmigrate_success 228707336
pgdemote_kswapd 0
pgdemote_direct 0
pgdemote_khugepaged 0
pgmigrate_success 228707336
pgdemote_kswapd 0
pgdemote_direct 0
pgdemote_khugepaged 0
pgmigrate_success 228707336
pgdemote_kswapd 0
pgdemote_direct 0
pgdemote_khugepaged 0
pgmigrate_success 228707561
pgdemote_kswapd 0
pgdemote_direct 0
pgdemote_khugepaged 0
pgmigrate_success 228707561
pgdemote_kswapd 0
pgdemote_direct 0
pgdemote_khugepaged 0
pgmigrate_success 228707561
pgdemote_kswapd 0
pgdemote_direct 0
pgdemote_khugepaged 0
pgmigrate_success 228707561
pgdemote_kswapd 0
pgdemote_direct 0
pgdemote_khugepaged 0
pgmigrate_success 228707561
pgdemote_kswapd 0
pgdemote_direct 0
pgdemote_khugepaged 0
pgmigrate_success 228707561
pgdemote_kswapd 0
pgdemote_direct 0
pgdemote_khugepaged 0
pgmigrate_success 228707591
pgdemote_kswapd 0
pgdemote_direct 0
pgdemote_khugepaged 0
pgmigrate_success 228707591
pgdemote_kswapd 0
pgdemote_direct 0
pgdemote_khugepaged 0
pgmigrate_success 228707591
pgdemote_kswapd 0
pgdemote_direct 0
pgdemote_khugepaged 0
pgmigrate_success 228707782
pgdemote_kswapd 0
pgdemote_direct 0
pgdemote_khugepaged 0
pgmigrate_success 228707782
pgdemote_kswapd 0
pgdemote_direct 0
pgdemote_khugepaged 0
pgmigrate_success 228707782
pgdemote_kswapd 0
pgdemote_direct 0
pgdemote_khugepaged 0
pgmigrate_success 228708507
pgdemote_kswapd 0
pgdemote_direct 0
pgdemote_khugepaged 0
pgmigrate_success 228708511
pgdemote_kswapd 0
pgdemote_direct 0
pgdemote_khugepaged 0
pgmigrate_success 228708511
pgdemote_kswapd 0
pgdemote_direct 0
pgdemote_khugepaged 0
pgmigrate_success 228708511
pgdemote_kswapd 0
pgdemote_direct 0
pgdemote_khugepaged 0
pgmigrate_success 228708664
pgdemote_kswapd 0
pgdemote_direct 0
pgdemote_khugepaged 0
pgmigrate_success 228708664
pgdemote_kswapd 0
pgdemote_direct 0
pgdemote_khugepaged 0
pgmigrate_success 228708664
pgdemote_kswapd 0
pgdemote_direct 0
pgdemote_khugepaged 0
pgmigrate_success 228708841
pgdemote_kswapd 0
pgdemote_direct 0
pgdemote_khugepaged 0
pgmigrate_success 228708841
pgdemote_kswapd 0
pgdemote_direct 0
pgdemote_khugepaged 0
pgmigrate_success 228708841
pgdemote_kswapd 0
pgdemote_direct 0
pgdemote_khugepaged 0
pgmigrate_success 228708842
pgdemote_kswapd 0
pgdemote_direct 0
pgdemote_khugepaged 0
pgmigrate_success 228708842
pgdemote_kswapd 0
pgdemote_direct 0
pgdemote_khugepaged 0
pgmigrate_success 228708842
pgdemote_kswapd 0
pgdemote_direct 0
pgdemote_khugepaged 0
pgmigrate_success 228709251
pgdemote_kswapd 0
pgdemote_direct 0
pgdemote_khugepaged 0
pgmigrate_success 228709251
pgdemote_kswapd 0
pgdemote_direct 0
pgdemote_khugepaged 0
pgmigrate_success 228709251
pgdemote_kswapd 0
pgdemote_direct 0
pgdemote_khugepaged 0
pgmigrate_success 228709253
pgdemote_kswapd 0
pgdemote_direct 0
pgdemote_khugepaged 0
pgmigrate_success 228709253
pgdemote_kswapd 0
pgdemote_direct 0
pgdemote_khugepaged 0
pgmigrate_success 228709253
pgdemote_kswapd 0
pgdemote_direct 0
pgdemote_khugepaged 0
pgmigrate_success 228709282
pgdemote_kswapd 0
pgdemote_direct 0
pgdemote_khugepaged 0
pgmigrate_success 228709282
pgdemote_kswapd 0
pgdemote_direct 0
pgdemote_khugepaged 0
pgmigrate_success 228709282
pgdemote_kswapd 0
pgdemote_direct 0
pgdemote_khugepaged 0
pgmigrate_success 228709282
pgdemote_kswapd 0
pgdemote_direct 0
pgdemote_khugepaged 0
pgmigrate_success 228709282
pgdemote_kswapd 0
pgdemote_direct 0
pgdemote_khugepaged 0
pgmigrate_success 228709282
pgdemote_kswapd 0
pgdemote_direct 0
pgdemote_khugepaged 0
pgmigrate_success 228709282
pgdemote_kswapd 0
pgdemote_direct 0
pgdemote_khugepaged 0
pgmigrate_success 228709284
pgdemote_kswapd 0
pgdemote_direct 0
pgdemote_khugepaged 0
pgmigrate_success 228709284
pgdemote_kswapd 0
pgdemote_direct 0
pgdemote_khugepaged 0
pgmigrate_success 228709284
pgdemote_kswapd 0
pgdemote_direct 0
pgdemote_khugepaged 0
pgmigrate_success 228709284
pgdemote_kswapd 0
pgdemote_direct 0
pgdemote_khugepaged 0
pgmigrate_success 228709284
pgdemote_kswapd 0
pgdemote_direct 0
pgdemote_khugepaged 0
pgmigrate_success 228709284
pgdemote_kswapd 0
pgdemote_direct 0
pgdemote_khugepaged 0
pgmigrate_success 228709284
pgdemote_kswapd 0
pgdemote_direct 0
pgdemote_khugepaged 0
pgmigrate_success 228709284
pgdemote_kswapd 0
pgdemote_direct 0
pgdemote_khugepaged 0
pgmigrate_success 228709284
pgdemote_kswapd 0
pgdemote_direct 0
pgdemote_khugepaged 0
pgmigrate_success 228709284
pgdemote_kswapd 0
pgdemote_direct 0
pgdemote_khugepaged 0
pgmigrate_success 228709284
pgdemote_kswapd 0
pgdemote_direct 0
pgdemote_khugepaged 0
pgmigrate_success 228709284
pgdemote_kswapd 0
pgdemote_direct 0
pgdemote_khugepaged 0
pgmigrate_success 228709331
pgdemote_kswapd 0
pgdemote_direct 0
pgdemote_khugepaged 0
pgmigrate_success 228709331
pgdemote_kswapd 0
pgdemote_direct 0
pgdemote_khugepaged 0
pgmigrate_success 228709331
pgdemote_kswapd 0
pgdemote_direct 0
pgdemote_khugepaged 0
pgmigrate_success 228709331
pgdemote_kswapd 0
pgdemote_direct 0
pgdemote_khugepaged 0
pgmigrate_success 228709331
pgdemote_kswapd 0
pgdemote_direct 0
pgdemote_khugepaged 0
pgmigrate_success 228709331
pgdemote_kswapd 0
pgdemote_direct 0
pgdemote_khugepaged 0
pgmigrate_success 228709342
pgdemote_kswapd 0
pgdemote_direct 0
pgdemote_khugepaged 0
pgmigrate_success 228709342
pgdemote_kswapd 0
pgdemote_direct 0
pgdemote_khugepaged 0
pgmigrate_success 228709342
pgdemote_kswapd 0
pgdemote_direct 0
pgdemote_khugepaged 0
pgmigrate_success 228709342
