pgdemote_kswapd 0
pgdemote_direct 0
pgdemote_khugepaged 0
pgmigrate_success 214743715
pgdemote_kswapd 0
pgdemote_direct 0
pgdemote_khugepaged 0
pgmigrate_success 214743715
pgdemote_kswapd 0
pgdemote_direct 0
pgdemote_khugepaged 0
pgmigrate_success 214743715
pgdemote_kswapd 0
pgdemote_direct 0
pgdemote_khugepaged 0
pgmigrate_success 214743715
pgdemote_kswapd 0
pgdemote_direct 0
pgdemote_khugepaged 0
pgmigrate_success 214743715
pgdemote_kswapd 0
pgdemote_direct 0
pgdemote_khugepaged 0
pgmigrate_success 214743715
pgdemote_kswapd 0
pgdemote_direct 0
pgdemote_khugepaged 0
pgmigrate_success 214743715
pgdemote_kswapd 0
pgdemote_direct 0
pgdemote_khugepaged 0
pgmigrate_success 214743715
pgdemote_kswapd 0
pgdemote_direct 0
pgdemote_khugepaged 0
pgmigrate_success 214743715
pgdemote_kswapd 0
pgdemote_direct 0
pgdemote_khugepaged 0
pgmigrate_success 214743715
pgdemote_kswapd 0
pgdemote_direct 0
pgdemote_khugepaged 0
pgmigrate_success 214933594
pgdemote_kswapd 0
pgdemote_direct 0
pgdemote_khugepaged 0
pgmigrate_success 214933594
pgdemote_kswapd 0
pgdemote_direct 0
pgdemote_khugepaged 0
pgmigrate_success 214933594
pgdemote_kswapd 0
pgdemote_direct 0
pgdemote_khugepaged 0
pgmigrate_success 214933594
pgdemote_kswapd 0
pgdemote_direct 0
pgdemote_khugepaged 0
pgmigrate_success 215053846
pgdemote_kswapd 0
pgdemote_direct 0
pgdemote_khugepaged 0
pgmigrate_success 215053846
pgdemote_kswapd 0
pgdemote_direct 0
pgdemote_khugepaged 0
pgmigrate_success 215053846
pgdemote_kswapd 0
pgdemote_direct 0
pgdemote_khugepaged 0
pgmigrate_success 215155144
pgdemote_kswapd 0
pgdemote_direct 0
pgdemote_khugepaged 0
pgmigrate_success 215155144
pgdemote_kswapd 0
pgdemote_direct 0
pgdemote_khugepaged 0
pgmigrate_success 215155144
pgdemote_kswapd 0
pgdemote_direct 0
pgdemote_khugepaged 0
pgmigrate_success 215185885
pgdemote_kswapd 0
pgdemote_direct 0
pgdemote_khugepaged 0
pgmigrate_success 215249182
pgdemote_kswapd 0
pgdemote_direct 0
pgdemote_khugepaged 0
pgmigrate_success 215249182
pgdemote_kswapd 0
pgdemote_direct 0
pgdemote_khugepaged 0
pgmigrate_success 215249182
pgdemote_kswapd 0
pgdemote_direct 0
pgdemote_khugepaged 0
pgmigrate_success 215299392
pgdemote_kswapd 0
pgdemote_direct 0
pgdemote_khugepaged 0
pgmigrate_success 215299392
pgdemote_kswapd 0
pgdemote_direct 0
pgdemote_khugepaged 0
pgmigrate_success 215299392
pgdemote_kswapd 0
pgdemote_direct 0
pgdemote_khugepaged 0
pgmigrate_success 215378388
pgdemote_kswapd 0
pgdemote_direct 0
pgdemote_khugepaged 0
pgmigrate_success 215378388
pgdemote_kswapd 0
pgdemote_direct 0
pgdemote_khugepaged 0
pgmigrate_success 215378388
pgdemote_kswapd 0
pgdemote_direct 0
pgdemote_khugepaged 0
pgmigrate_success 215378388
pgdemote_kswapd 0
pgdemote_direct 0
pgdemote_khugepaged 0
pgmigrate_success 215385181
pgdemote_kswapd 0
pgdemote_direct 0
pgdemote_khugepaged 0
pgmigrate_success 215385181
pgdemote_kswapd 0
pgdemote_direct 0
pgdemote_khugepaged 0
pgmigrate_success 215385181
pgdemote_kswapd 0
pgdemote_direct 0
pgdemote_khugepaged 0
pgmigrate_success 215410123
pgdemote_kswapd 0
pgdemote_direct 0
pgdemote_khugepaged 0
pgmigrate_success 215410123
pgdemote_kswapd 0
pgdemote_direct 0
pgdemote_khugepaged 0
pgmigrate_success 215410123
pgdemote_kswapd 0
pgdemote_direct 0
pgdemote_khugepaged 0
pgmigrate_success 215410269
pgdemote_kswapd 0
pgdemote_direct 0
pgdemote_khugepaged 0
pgmigrate_success 215410269
pgdemote_kswapd 0
pgdemote_direct 0
pgdemote_khugepaged 0
pgmigrate_success 215410269
pgdemote_kswapd 0
pgdemote_direct 0
pgdemote_khugepaged 0
pgmigrate_success 215428955
pgdemote_kswapd 0
pgdemote_direct 0
pgdemote_khugepaged 0
pgmigrate_success 215441823
pgdemote_kswapd 0
pgdemote_direct 0
pgdemote_khugepaged 0
pgmigrate_success 215441823
pgdemote_kswapd 0
pgdemote_direct 0
pgdemote_khugepaged 0
pgmigrate_success 215441823
pgdemote_kswapd 0
pgdemote_direct 0
pgdemote_khugepaged 0
pgmigrate_success 215451240
pgdemote_kswapd 0
pgdemote_direct 0
pgdemote_khugepaged 0
pgmigrate_success 215451240
pgdemote_kswapd 0
pgdemote_direct 0
pgdemote_khugepaged 0
pgmigrate_success 215451240
pgdemote_kswapd 0
pgdemote_direct 0
pgdemote_khugepaged 0
pgmigrate_success 215499457
pgdemote_kswapd 0
pgdemote_direct 0
pgdemote_khugepaged 0
pgmigrate_success 215499457
pgdemote_kswapd 0
pgdemote_direct 0
pgdemote_khugepaged 0
pgmigrate_success 215499457
pgdemote_kswapd 0
pgdemote_direct 0
pgdemote_khugepaged 0
pgmigrate_success 215526095
pgdemote_kswapd 0
pgdemote_direct 0
pgdemote_khugepaged 0
pgmigrate_success 215526095
pgdemote_kswapd 0
pgdemote_direct 0
pgdemote_khugepaged 0
pgmigrate_success 215526095
pgdemote_kswapd 0
pgdemote_direct 0
pgdemote_khugepaged 0
pgmigrate_success 215526095
pgdemote_kswapd 0
pgdemote_direct 0
pgdemote_khugepaged 0
pgmigrate_success 215582127
pgdemote_kswapd 0
pgdemote_direct 0
pgdemote_khugepaged 0
pgmigrate_success 215582127
pgdemote_kswapd 0
pgdemote_direct 0
pgdemote_khugepaged 0
pgmigrate_success 215582127
pgdemote_kswapd 0
pgdemote_direct 0
pgdemote_khugepaged 0
pgmigrate_success 215612755
pgdemote_kswapd 0
pgdemote_direct 0
pgdemote_khugepaged 0
pgmigrate_success 215612755
pgdemote_kswapd 0
pgdemote_direct 0
pgdemote_khugepaged 0
pgmigrate_success 215612755
pgdemote_kswapd 0
pgdemote_direct 0
pgdemote_khugepaged 0
pgmigrate_success 215656084
pgdemote_kswapd 0
pgdemote_direct 0
pgdemote_khugepaged 0
pgmigrate_success 215656084
pgdemote_kswapd 0
pgdemote_direct 0
pgdemote_khugepaged 0
pgmigrate_success 215656084
pgdemote_kswapd 0
pgdemote_direct 0
pgdemote_khugepaged 0
pgmigrate_success 215657289
pgdemote_kswapd 0
pgdemote_direct 0
pgdemote_khugepaged 0
pgmigrate_success 215662452
pgdemote_kswapd 0
pgdemote_direct 0
pgdemote_khugepaged 0
pgmigrate_success 215662452
pgdemote_kswapd 0
pgdemote_direct 0
pgdemote_khugepaged 0
pgmigrate_success 215662452
pgdemote_kswapd 0
pgdemote_direct 0
pgdemote_khugepaged 0
pgmigrate_success 215662640
pgdemote_kswapd 0
pgdemote_direct 0
pgdemote_khugepaged 0
pgmigrate_success 215662640
pgdemote_kswapd 0
pgdemote_direct 0
pgdemote_khugepaged 0
pgmigrate_success 215662640
pgdemote_kswapd 0
pgdemote_direct 0
pgdemote_khugepaged 0
pgmigrate_success 215662975
pgdemote_kswapd 0
pgdemote_direct 0
pgdemote_khugepaged 0
pgmigrate_success 215662975
pgdemote_kswapd 0
pgdemote_direct 0
pgdemote_khugepaged 0
pgmigrate_success 215662975
pgdemote_kswapd 0
pgdemote_direct 0
pgdemote_khugepaged 0
pgmigrate_success 215699713
pgdemote_kswapd 0
pgdemote_direct 0
pgdemote_khugepaged 0
pgmigrate_success 215699713
pgdemote_kswapd 0
pgdemote_direct 0
pgdemote_khugepaged 0
pgmigrate_success 215699713
pgdemote_kswapd 0
pgdemote_direct 0
pgdemote_khugepaged 0
pgmigrate_success 215699713
pgdemote_kswapd 0
pgdemote_direct 0
pgdemote_khugepaged 0
pgmigrate_success 215708572
pgdemote_kswapd 0
pgdemote_direct 0
pgdemote_khugepaged 0
pgmigrate_success 215708572
pgdemote_kswapd 0
pgdemote_direct 0
pgdemote_khugepaged 0
pgmigrate_success 215708572
pgdemote_kswapd 0
pgdemote_direct 0
pgdemote_khugepaged 0
pgmigrate_success 215714306
pgdemote_kswapd 0
pgdemote_direct 0
pgdemote_khugepaged 0
pgmigrate_success 215714306
pgdemote_kswapd 0
pgdemote_direct 0
pgdemote_khugepaged 0
pgmigrate_success 215714306
pgdemote_kswapd 0
pgdemote_direct 0
pgdemote_khugepaged 0
pgmigrate_success 215715362
pgdemote_kswapd 0
pgdemote_direct 0
pgdemote_khugepaged 0
pgmigrate_success 215715362
pgdemote_kswapd 0
pgdemote_direct 0
pgdemote_khugepaged 0
pgmigrate_success 215715362
pgdemote_kswapd 0
pgdemote_direct 0
pgdemote_khugepaged 0
pgmigrate_success 215715365
pgdemote_kswapd 0
pgdemote_direct 0
pgdemote_khugepaged 0
pgmigrate_success 215715368
pgdemote_kswapd 0
pgdemote_direct 0
pgdemote_khugepaged 0
pgmigrate_success 215715368
pgdemote_kswapd 0
pgdemote_direct 0
pgdemote_khugepaged 0
pgmigrate_success 215715368
pgdemote_kswapd 0
pgdemote_direct 0
pgdemote_khugepaged 0
pgmigrate_success 215716460
pgdemote_kswapd 0
pgdemote_direct 0
pgdemote_khugepaged 0
pgmigrate_success 215716460
pgdemote_kswapd 0
pgdemote_direct 0
pgdemote_khugepaged 0
pgmigrate_success 215716460
pgdemote_kswapd 0
pgdemote_direct 0
pgdemote_khugepaged 0
pgmigrate_success 215717484
pgdemote_kswapd 0
pgdemote_direct 0
pgdemote_khugepaged 0
pgmigrate_success 215717484
pgdemote_kswapd 0
pgdemote_direct 0
pgdemote_khugepaged 0
pgmigrate_success 215717484
pgdemote_kswapd 0
pgdemote_direct 0
pgdemote_khugepaged 0
pgmigrate_success 215718007
pgdemote_kswapd 0
pgdemote_direct 0
pgdemote_khugepaged 0
pgmigrate_success 215718007
pgdemote_kswapd 0
pgdemote_direct 0
pgdemote_khugepaged 0
pgmigrate_success 215718007
pgdemote_kswapd 0
pgdemote_direct 0
pgdemote_khugepaged 0
pgmigrate_success 215718007
pgdemote_kswapd 0
pgdemote_direct 0
pgdemote_khugepaged 0
pgmigrate_success 215718007
pgdemote_kswapd 0
pgdemote_direct 0
pgdemote_khugepaged 0
pgmigrate_success 215718007
pgdemote_kswapd 0
pgdemote_direct 0
pgdemote_khugepaged 0
pgmigrate_success 215718007
pgdemote_kswapd 0
pgdemote_direct 0
pgdemote_khugepaged 0
pgmigrate_success 215718007
pgdemote_kswapd 0
pgdemote_direct 0
pgdemote_khugepaged 0
pgmigrate_success 215718007
pgdemote_kswapd 0
pgdemote_direct 0
pgdemote_khugepaged 0
pgmigrate_success 215718007
pgdemote_kswapd 0
pgdemote_direct 0
pgdemote_khugepaged 0
pgmigrate_success 215805858
pgdemote_kswapd 0
pgdemote_direct 0
pgdemote_khugepaged 0
pgmigrate_success 215805858
pgdemote_kswapd 0
pgdemote_direct 0
pgdemote_khugepaged 0
pgmigrate_success 215805858
pgdemote_kswapd 0
pgdemote_direct 0
pgdemote_khugepaged 0
pgmigrate_success 215805858
pgdemote_kswapd 0
pgdemote_direct 0
pgdemote_khugepaged 0
pgmigrate_success 215820052
pgdemote_kswapd 0
pgdemote_direct 0
pgdemote_khugepaged 0
pgmigrate_success 215820052
pgdemote_kswapd 0
pgdemote_direct 0
pgdemote_khugepaged 0
pgmigrate_success 215820052
pgdemote_kswapd 0
pgdemote_direct 0
pgdemote_khugepaged 0
pgmigrate_success 215900652
pgdemote_kswapd 0
pgdemote_direct 0
pgdemote_khugepaged 0
pgmigrate_success 215900652
pgdemote_kswapd 0
pgdemote_direct 0
pgdemote_khugepaged 0
pgmigrate_success 215900652
pgdemote_kswapd 0
pgdemote_direct 0
pgdemote_khugepaged 0
pgmigrate_success 215907933
pgdemote_kswapd 0
pgdemote_direct 0
pgdemote_khugepaged 0
pgmigrate_success 215907933
pgdemote_kswapd 0
pgdemote_direct 0
pgdemote_khugepaged 0
pgmigrate_success 215907933
pgdemote_kswapd 0
pgdemote_direct 0
pgdemote_khugepaged 0
pgmigrate_success 215907933
pgdemote_kswapd 0
pgdemote_direct 0
pgdemote_khugepaged 0
pgmigrate_success 215956271
pgdemote_kswapd 0
pgdemote_direct 0
pgdemote_khugepaged 0
pgmigrate_success 215956271
pgdemote_kswapd 0
pgdemote_direct 0
pgdemote_khugepaged 0
pgmigrate_success 215956271
pgdemote_kswapd 0
pgdemote_direct 0
pgdemote_khugepaged 0
pgmigrate_success 215957881
pgdemote_kswapd 0
pgdemote_direct 0
pgdemote_khugepaged 0
pgmigrate_success 215957881
pgdemote_kswapd 0
pgdemote_direct 0
pgdemote_khugepaged 0
pgmigrate_success 215957881
pgdemote_kswapd 0
pgdemote_direct 0
pgdemote_khugepaged 0
pgmigrate_success 215985718
pgdemote_kswapd 0
pgdemote_direct 0
pgdemote_khugepaged 0
pgmigrate_success 215985718
pgdemote_kswapd 0
pgdemote_direct 0
pgdemote_khugepaged 0
pgmigrate_success 215985718
pgdemote_kswapd 0
pgdemote_direct 0
pgdemote_khugepaged 0
pgmigrate_success 215985900
pgdemote_kswapd 0
pgdemote_direct 0
pgdemote_khugepaged 0
pgmigrate_success 215985925
pgdemote_kswapd 0
pgdemote_direct 0
pgdemote_khugepaged 0
pgmigrate_success 215985925
pgdemote_kswapd 0
pgdemote_direct 0
pgdemote_khugepaged 0
pgmigrate_success 215985925
pgdemote_kswapd 0
pgdemote_direct 0
pgdemote_khugepaged 0
pgmigrate_success 216023465
pgdemote_kswapd 0
pgdemote_direct 0
pgdemote_khugepaged 0
pgmigrate_success 216023465
pgdemote_kswapd 0
pgdemote_direct 0
pgdemote_khugepaged 0
pgmigrate_success 216023465
pgdemote_kswapd 0
pgdemote_direct 0
pgdemote_khugepaged 0
pgmigrate_success 216035767
pgdemote_kswapd 0
pgdemote_direct 0
pgdemote_khugepaged 0
pgmigrate_success 216035767
pgdemote_kswapd 0
pgdemote_direct 0
pgdemote_khugepaged 0
pgmigrate_success 216035767
pgdemote_kswapd 0
pgdemote_direct 0
pgdemote_khugepaged 0
pgmigrate_success 216066901
pgdemote_kswapd 0
pgdemote_direct 0
pgdemote_khugepaged 0
pgmigrate_success 216075630
pgdemote_kswapd 0
pgdemote_direct 0
pgdemote_khugepaged 0
pgmigrate_success 216075630
pgdemote_kswapd 0
pgdemote_direct 0
pgdemote_khugepaged 0
pgmigrate_success 216075630
pgdemote_kswapd 0
pgdemote_direct 0
pgdemote_khugepaged 0
pgmigrate_success 216081921
pgdemote_kswapd 0
pgdemote_direct 0
pgdemote_khugepaged 0
pgmigrate_success 216081921
pgdemote_kswapd 0
pgdemote_direct 0
pgdemote_khugepaged 0
pgmigrate_success 216081921
pgdemote_kswapd 0
pgdemote_direct 0
pgdemote_khugepaged 0
pgmigrate_success 216116637
pgdemote_kswapd 0
pgdemote_direct 0
pgdemote_khugepaged 0
pgmigrate_success 216116637
pgdemote_kswapd 0
pgdemote_direct 0
pgdemote_khugepaged 0
pgmigrate_success 216116637
pgdemote_kswapd 0
pgdemote_direct 0
pgdemote_khugepaged 0
pgmigrate_success 216134961
pgdemote_kswapd 0
pgdemote_direct 0
pgdemote_khugepaged 0
pgmigrate_success 216134961
pgdemote_kswapd 0
pgdemote_direct 0
pgdemote_khugepaged 0
pgmigrate_success 216134961
pgdemote_kswapd 0
pgdemote_direct 0
pgdemote_khugepaged 0
pgmigrate_success 216134961
pgdemote_kswapd 0
pgdemote_direct 0
pgdemote_khugepaged 0
pgmigrate_success 216170283
pgdemote_kswapd 0
pgdemote_direct 0
pgdemote_khugepaged 0
pgmigrate_success 216170283
pgdemote_kswapd 0
pgdemote_direct 0
pgdemote_khugepaged 0
pgmigrate_success 216170283
pgdemote_kswapd 0
pgdemote_direct 0
pgdemote_khugepaged 0
pgmigrate_success 216186405
pgdemote_kswapd 0
pgdemote_direct 0
pgdemote_khugepaged 0
pgmigrate_success 216186405
pgdemote_kswapd 0
pgdemote_direct 0
pgdemote_khugepaged 0
pgmigrate_success 216186405
pgdemote_kswapd 0
pgdemote_direct 0
pgdemote_khugepaged 0
pgmigrate_success 216228136
pgdemote_kswapd 0
pgdemote_direct 0
pgdemote_khugepaged 0
pgmigrate_success 216228136
pgdemote_kswapd 0
pgdemote_direct 0
pgdemote_khugepaged 0
pgmigrate_success 216228136
pgdemote_kswapd 0
pgdemote_direct 0
pgdemote_khugepaged 0
pgmigrate_success 216228136
pgdemote_kswapd 0
pgdemote_direct 0
pgdemote_khugepaged 0
pgmigrate_success 216228358
pgdemote_kswapd 0
pgdemote_direct 0
pgdemote_khugepaged 0
pgmigrate_success 216228358
pgdemote_kswapd 0
pgdemote_direct 0
pgdemote_khugepaged 0
pgmigrate_success 216228358
pgdemote_kswapd 0
pgdemote_direct 0
pgdemote_khugepaged 0
pgmigrate_success 216269807
pgdemote_kswapd 0
pgdemote_direct 0
pgdemote_khugepaged 0
pgmigrate_success 216269807
pgdemote_kswapd 0
pgdemote_direct 0
pgdemote_khugepaged 0
pgmigrate_success 216269807
pgdemote_kswapd 0
pgdemote_direct 0
pgdemote_khugepaged 0
pgmigrate_success 216280847
pgdemote_kswapd 0
pgdemote_direct 0
pgdemote_khugepaged 0
pgmigrate_success 216280847
pgdemote_kswapd 0
pgdemote_direct 0
pgdemote_khugepaged 0
pgmigrate_success 216280847
pgdemote_kswapd 0
pgdemote_direct 0
pgdemote_khugepaged 0
pgmigrate_success 216280847
pgdemote_kswapd 0
pgdemote_direct 0
pgdemote_khugepaged 0
pgmigrate_success 216282285
pgdemote_kswapd 0
pgdemote_direct 0
pgdemote_khugepaged 0
pgmigrate_success 216282285
pgdemote_kswapd 0
pgdemote_direct 0
pgdemote_khugepaged 0
pgmigrate_success 216282285
pgdemote_kswapd 0
pgdemote_direct 0
pgdemote_khugepaged 0
pgmigrate_success 216282285
pgdemote_kswapd 0
pgdemote_direct 0
pgdemote_khugepaged 0
pgmigrate_success 216282285
pgdemote_kswapd 0
pgdemote_direct 0
pgdemote_khugepaged 0
pgmigrate_success 216282285
pgdemote_kswapd 0
pgdemote_direct 0
pgdemote_khugepaged 0
pgmigrate_success 216282323
pgdemote_kswapd 0
pgdemote_direct 0
pgdemote_khugepaged 0
pgmigrate_success 216282323
pgdemote_kswapd 0
pgdemote_direct 0
pgdemote_khugepaged 0
pgmigrate_success 216282323
pgdemote_kswapd 0
pgdemote_direct 0
pgdemote_khugepaged 0
pgmigrate_success 216282323
pgdemote_kswapd 0
pgdemote_direct 0
pgdemote_khugepaged 0
pgmigrate_success 216283368
pgdemote_kswapd 0
pgdemote_direct 0
pgdemote_khugepaged 0
pgmigrate_success 216283368
pgdemote_kswapd 0
pgdemote_direct 0
pgdemote_khugepaged 0
pgmigrate_success 216283368
pgdemote_kswapd 0
pgdemote_direct 0
pgdemote_khugepaged 0
pgmigrate_success 216283430
pgdemote_kswapd 0
pgdemote_direct 0
pgdemote_khugepaged 0
pgmigrate_success 216283430
pgdemote_kswapd 0
pgdemote_direct 0
pgdemote_khugepaged 0
pgmigrate_success 216283430
pgdemote_kswapd 0
pgdemote_direct 0
pgdemote_khugepaged 0
pgmigrate_success 216283430
pgdemote_kswapd 0
pgdemote_direct 0
pgdemote_khugepaged 0
pgmigrate_success 216283430
pgdemote_kswapd 0
pgdemote_direct 0
pgdemote_khugepaged 0
pgmigrate_success 216283430
pgdemote_kswapd 0
pgdemote_direct 0
pgdemote_khugepaged 0
pgmigrate_success 216283968
pgdemote_kswapd 0
pgdemote_direct 0
pgdemote_khugepaged 0
pgmigrate_success 216284114
pgdemote_kswapd 0
pgdemote_direct 0
pgdemote_khugepaged 0
pgmigrate_success 216284114
pgdemote_kswapd 0
pgdemote_direct 0
pgdemote_khugepaged 0
pgmigrate_success 216284114
pgdemote_kswapd 0
pgdemote_direct 0
pgdemote_khugepaged 0
pgmigrate_success 216284551
pgdemote_kswapd 0
pgdemote_direct 0
pgdemote_khugepaged 0
pgmigrate_success 216284551
pgdemote_kswapd 0
pgdemote_direct 0
pgdemote_khugepaged 0
pgmigrate_success 216284551
pgdemote_kswapd 0
pgdemote_direct 0
pgdemote_khugepaged 0
pgmigrate_success 216331264
pgdemote_kswapd 0
pgdemote_direct 0
pgdemote_khugepaged 0
pgmigrate_success 216331264
pgdemote_kswapd 0
pgdemote_direct 0
pgdemote_khugepaged 0
pgmigrate_success 216331264
pgdemote_kswapd 0
pgdemote_direct 0
pgdemote_khugepaged 0
pgmigrate_success 216333935
pgdemote_kswapd 0
pgdemote_direct 0
pgdemote_khugepaged 0
pgmigrate_success 216336515
pgdemote_kswapd 0
pgdemote_direct 0
pgdemote_khugepaged 0
pgmigrate_success 216336515
pgdemote_kswapd 0
pgdemote_direct 0
pgdemote_khugepaged 0
pgmigrate_success 216336515
pgdemote_kswapd 0
pgdemote_direct 0
pgdemote_khugepaged 0
pgmigrate_success 216372371
pgdemote_kswapd 0
pgdemote_direct 0
pgdemote_khugepaged 0
pgmigrate_success 216372371
pgdemote_kswapd 0
pgdemote_direct 0
pgdemote_khugepaged 0
pgmigrate_success 216372371
pgdemote_kswapd 0
pgdemote_direct 0
pgdemote_khugepaged 0
pgmigrate_success 216382224
pgdemote_kswapd 0
pgdemote_direct 0
pgdemote_khugepaged 0
pgmigrate_success 216382224
pgdemote_kswapd 0
pgdemote_direct 0
pgdemote_khugepaged 0
pgmigrate_success 216382224
pgdemote_kswapd 0
pgdemote_direct 0
pgdemote_khugepaged 0
pgmigrate_success 216433212
pgdemote_kswapd 0
pgdemote_direct 0
pgdemote_khugepaged 0
pgmigrate_success 216440057
pgdemote_kswapd 0
pgdemote_direct 0
pgdemote_khugepaged 0
pgmigrate_success 216440057
pgdemote_kswapd 0
pgdemote_direct 0
pgdemote_khugepaged 0
pgmigrate_success 216440057
pgdemote_kswapd 0
pgdemote_direct 0
pgdemote_khugepaged 0
pgmigrate_success 216443693
pgdemote_kswapd 0
pgdemote_direct 0
pgdemote_khugepaged 0
pgmigrate_success 216443693
pgdemote_kswapd 0
pgdemote_direct 0
pgdemote_khugepaged 0
pgmigrate_success 216443693
pgdemote_kswapd 0
pgdemote_direct 0
pgdemote_khugepaged 0
pgmigrate_success 216465478
pgdemote_kswapd 0
pgdemote_direct 0
pgdemote_khugepaged 0
pgmigrate_success 216465478
pgdemote_kswapd 0
pgdemote_direct 0
pgdemote_khugepaged 0
pgmigrate_success 216465478
pgdemote_kswapd 0
pgdemote_direct 0
pgdemote_khugepaged 0
pgmigrate_success 216481444
pgdemote_kswapd 0
pgdemote_direct 0
pgdemote_khugepaged 0
pgmigrate_success 216481444
pgdemote_kswapd 0
pgdemote_direct 0
pgdemote_khugepaged 0
pgmigrate_success 216481444
pgdemote_kswapd 0
pgdemote_direct 0
pgdemote_khugepaged 0
pgmigrate_success 216481634
pgdemote_kswapd 0
pgdemote_direct 0
pgdemote_khugepaged 0
pgmigrate_success 216481647
pgdemote_kswapd 0
pgdemote_direct 0
pgdemote_khugepaged 0
pgmigrate_success 216481647
pgdemote_kswapd 0
pgdemote_direct 0
pgdemote_khugepaged 0
pgmigrate_success 216481647
pgdemote_kswapd 0
pgdemote_direct 0
pgdemote_khugepaged 0
pgmigrate_success 216481674
pgdemote_kswapd 0
pgdemote_direct 0
pgdemote_khugepaged 0
pgmigrate_success 216481674
pgdemote_kswapd 0
pgdemote_direct 0
pgdemote_khugepaged 0
pgmigrate_success 216481674
pgdemote_kswapd 0
pgdemote_direct 0
pgdemote_khugepaged 0
pgmigrate_success 216481963
pgdemote_kswapd 0
pgdemote_direct 0
pgdemote_khugepaged 0
pgmigrate_success 216481963
pgdemote_kswapd 0
pgdemote_direct 0
pgdemote_khugepaged 0
pgmigrate_success 216481963
pgdemote_kswapd 0
pgdemote_direct 0
pgdemote_khugepaged 0
pgmigrate_success 216481963
pgdemote_kswapd 0
pgdemote_direct 0
pgdemote_khugepaged 0
pgmigrate_success 216481963
pgdemote_kswapd 0
pgdemote_direct 0
pgdemote_khugepaged 0
pgmigrate_success 216481963
pgdemote_kswapd 0
pgdemote_direct 0
pgdemote_khugepaged 0
pgmigrate_success 216481963
pgdemote_kswapd 0
pgdemote_direct 0
pgdemote_khugepaged 0
pgmigrate_success 216481998
pgdemote_kswapd 0
pgdemote_direct 0
pgdemote_khugepaged 0
pgmigrate_success 216481998
pgdemote_kswapd 0
pgdemote_direct 0
pgdemote_khugepaged 0
pgmigrate_success 216481998
pgdemote_kswapd 0
pgdemote_direct 0
pgdemote_khugepaged 0
pgmigrate_success 216482000
pgdemote_kswapd 0
pgdemote_direct 0
pgdemote_khugepaged 0
pgmigrate_success 216482000
pgdemote_kswapd 0
pgdemote_direct 0
pgdemote_khugepaged 0
pgmigrate_success 216482000
pgdemote_kswapd 0
pgdemote_direct 0
pgdemote_khugepaged 0
pgmigrate_success 216482000
pgdemote_kswapd 0
pgdemote_direct 0
pgdemote_khugepaged 0
pgmigrate_success 216482000
pgdemote_kswapd 0
pgdemote_direct 0
pgdemote_khugepaged 0
pgmigrate_success 216482000
pgdemote_kswapd 0
pgdemote_direct 0
pgdemote_khugepaged 0
pgmigrate_success 216482000
pgdemote_kswapd 0
pgdemote_direct 0
pgdemote_khugepaged 0
pgmigrate_success 216482013
pgdemote_kswapd 0
pgdemote_direct 0
pgdemote_khugepaged 0
pgmigrate_success 216482013
pgdemote_kswapd 0
pgdemote_direct 0
pgdemote_khugepaged 0
pgmigrate_success 216482013
pgdemote_kswapd 0
pgdemote_direct 0
pgdemote_khugepaged 0
pgmigrate_success 216482013
pgdemote_kswapd 0
pgdemote_direct 0
pgdemote_khugepaged 0
pgmigrate_success 216482013
pgdemote_kswapd 0
pgdemote_direct 0
pgdemote_khugepaged 0
pgmigrate_success 216482013
pgdemote_kswapd 0
pgdemote_direct 0
pgdemote_khugepaged 0
pgmigrate_success 216482015
pgdemote_kswapd 0
pgdemote_direct 0
pgdemote_khugepaged 0
pgmigrate_success 216482015
pgdemote_kswapd 0
pgdemote_direct 0
pgdemote_khugepaged 0
pgmigrate_success 216482015
pgdemote_kswapd 0
pgdemote_direct 0
pgdemote_khugepaged 0
pgmigrate_success 216482015
pgdemote_kswapd 0
pgdemote_direct 0
pgdemote_khugepaged 0
pgmigrate_success 216482047
pgdemote_kswapd 0
pgdemote_direct 0
pgdemote_khugepaged 0
pgmigrate_success 216482047
pgdemote_kswapd 0
pgdemote_direct 0
pgdemote_khugepaged 0
pgmigrate_success 216482047
pgdemote_kswapd 0
pgdemote_direct 0
pgdemote_khugepaged 0
pgmigrate_success 216482047
pgdemote_kswapd 0
pgdemote_direct 0
pgdemote_khugepaged 0
pgmigrate_success 216482047
pgdemote_kswapd 0
pgdemote_direct 0
pgdemote_khugepaged 0
pgmigrate_success 216482047
pgdemote_kswapd 0
pgdemote_direct 0
pgdemote_khugepaged 0
pgmigrate_success 216482047
pgdemote_kswapd 0
pgdemote_direct 0
pgdemote_khugepaged 0
pgmigrate_success 216482047
pgdemote_kswapd 0
pgdemote_direct 0
pgdemote_khugepaged 0
pgmigrate_success 216482047
pgdemote_kswapd 0
pgdemote_direct 0
pgdemote_khugepaged 0
pgmigrate_success 216482048
pgdemote_kswapd 0
pgdemote_direct 0
pgdemote_khugepaged 0
pgmigrate_success 216482048
pgdemote_kswapd 0
pgdemote_direct 0
pgdemote_khugepaged 0
pgmigrate_success 216482048
pgdemote_kswapd 0
pgdemote_direct 0
pgdemote_khugepaged 0
pgmigrate_success 216482048
pgdemote_kswapd 0
pgdemote_direct 0
pgdemote_khugepaged 0
pgmigrate_success 216482048
pgdemote_kswapd 0
pgdemote_direct 0
pgdemote_khugepaged 0
pgmigrate_success 216482048
pgdemote_kswapd 0
pgdemote_direct 0
pgdemote_khugepaged 0
pgmigrate_success 216482048
pgdemote_kswapd 0
pgdemote_direct 0
pgdemote_khugepaged 0
pgmigrate_success 216482050
pgdemote_kswapd 0
pgdemote_direct 0
pgdemote_khugepaged 0
pgmigrate_success 216482050
pgdemote_kswapd 0
pgdemote_direct 0
pgdemote_khugepaged 0
pgmigrate_success 216482050
pgdemote_kswapd 0
pgdemote_direct 0
pgdemote_khugepaged 0
pgmigrate_success 216482050
pgdemote_kswapd 0
pgdemote_direct 0
pgdemote_khugepaged 0
pgmigrate_success 216482050
pgdemote_kswapd 0
pgdemote_direct 0
pgdemote_khugepaged 0
pgmigrate_success 216482050
pgdemote_kswapd 0
pgdemote_direct 0
pgdemote_khugepaged 0
pgmigrate_success 216482050
pgdemote_kswapd 0
pgdemote_direct 0
pgdemote_khugepaged 0
pgmigrate_success 216482050
pgdemote_kswapd 0
pgdemote_direct 0
pgdemote_khugepaged 0
pgmigrate_success 216482050
pgdemote_kswapd 0
pgdemote_direct 0
pgdemote_khugepaged 0
pgmigrate_success 216482050
pgdemote_kswapd 0
pgdemote_direct 0
pgdemote_khugepaged 0
pgmigrate_success 216482050
pgdemote_kswapd 0
pgdemote_direct 0
pgdemote_khugepaged 0
pgmigrate_success 216482050
pgdemote_kswapd 0
pgdemote_direct 0
pgdemote_khugepaged 0
pgmigrate_success 216482050
pgdemote_kswapd 0
pgdemote_direct 0
pgdemote_khugepaged 0
pgmigrate_success 216482050
pgdemote_kswapd 0
pgdemote_direct 0
pgdemote_khugepaged 0
pgmigrate_success 216482050
pgdemote_kswapd 0
pgdemote_direct 0
pgdemote_khugepaged 0
pgmigrate_success 216482050
pgdemote_kswapd 0
pgdemote_direct 0
pgdemote_khugepaged 0
pgmigrate_success 216482050
pgdemote_kswapd 0
pgdemote_direct 0
pgdemote_khugepaged 0
pgmigrate_success 216482050
pgdemote_kswapd 0
pgdemote_direct 0
pgdemote_khugepaged 0
pgmigrate_success 216482050
pgdemote_kswapd 0
pgdemote_direct 0
pgdemote_khugepaged 0
pgmigrate_success 216482050
pgdemote_kswapd 0
pgdemote_direct 0
pgdemote_khugepaged 0
pgmigrate_success 216482050
pgdemote_kswapd 0
pgdemote_direct 0
pgdemote_khugepaged 0
pgmigrate_success 216482050
pgdemote_kswapd 0
pgdemote_direct 0
pgdemote_khugepaged 0
pgmigrate_success 216482050
pgdemote_kswapd 0
pgdemote_direct 0
pgdemote_khugepaged 0
pgmigrate_success 216482050
pgdemote_kswapd 0
pgdemote_direct 0
pgdemote_khugepaged 0
pgmigrate_success 216482050
pgdemote_kswapd 0
pgdemote_direct 0
pgdemote_khugepaged 0
pgmigrate_success 216482050
pgdemote_kswapd 0
pgdemote_direct 0
pgdemote_khugepaged 0
pgmigrate_success 216482050
pgdemote_kswapd 0
pgdemote_direct 0
pgdemote_khugepaged 0
pgmigrate_success 216482050
pgdemote_kswapd 0
pgdemote_direct 0
pgdemote_khugepaged 0
pgmigrate_success 216482050
pgdemote_kswapd 0
pgdemote_direct 0
pgdemote_khugepaged 0
pgmigrate_success 216482050
pgdemote_kswapd 0
pgdemote_direct 0
pgdemote_khugepaged 0
pgmigrate_success 216482050
pgdemote_kswapd 0
pgdemote_direct 0
pgdemote_khugepaged 0
pgmigrate_success 216482050
pgdemote_kswapd 0
pgdemote_direct 0
pgdemote_khugepaged 0
pgmigrate_success 216482050
pgdemote_kswapd 0
pgdemote_direct 0
pgdemote_khugepaged 0
pgmigrate_success 216482050
pgdemote_kswapd 0
pgdemote_direct 0
pgdemote_khugepaged 0
pgmigrate_success 216482050
pgdemote_kswapd 0
pgdemote_direct 0
pgdemote_khugepaged 0
pgmigrate_success 216482050
pgdemote_kswapd 0
pgdemote_direct 0
pgdemote_khugepaged 0
pgmigrate_success 216482050
pgdemote_kswapd 0
pgdemote_direct 0
pgdemote_khugepaged 0
pgmigrate_success 216482050
pgdemote_kswapd 0
pgdemote_direct 0
pgdemote_khugepaged 0
pgmigrate_success 216482050
pgdemote_kswapd 0
pgdemote_direct 0
pgdemote_khugepaged 0
pgmigrate_success 216482050
pgdemote_kswapd 0
pgdemote_direct 0
pgdemote_khugepaged 0
pgmigrate_success 216482050
pgdemote_kswapd 0
pgdemote_direct 0
pgdemote_khugepaged 0
pgmigrate_success 216482050
pgdemote_kswapd 0
pgdemote_direct 0
pgdemote_khugepaged 0
pgmigrate_success 216482050
pgdemote_kswapd 0
pgdemote_direct 0
pgdemote_khugepaged 0
pgmigrate_success 216482050
pgdemote_kswapd 0
pgdemote_direct 0
pgdemote_khugepaged 0
pgmigrate_success 216482050
pgdemote_kswapd 0
pgdemote_direct 0
pgdemote_khugepaged 0
pgmigrate_success 216482050
pgdemote_kswapd 0
pgdemote_direct 0
pgdemote_khugepaged 0
pgmigrate_success 216482050
pgdemote_kswapd 0
pgdemote_direct 0
pgdemote_khugepaged 0
pgmigrate_success 216482050
pgdemote_kswapd 0
pgdemote_direct 0
pgdemote_khugepaged 0
pgmigrate_success 216482050
pgdemote_kswapd 0
pgdemote_direct 0
pgdemote_khugepaged 0
pgmigrate_success 216482082
pgdemote_kswapd 0
pgdemote_direct 0
pgdemote_khugepaged 0
pgmigrate_success 216482082
pgdemote_kswapd 0
pgdemote_direct 0
pgdemote_khugepaged 0
pgmigrate_success 216482082
pgdemote_kswapd 0
pgdemote_direct 0
pgdemote_khugepaged 0
pgmigrate_success 216482082
pgdemote_kswapd 0
pgdemote_direct 0
pgdemote_khugepaged 0
pgmigrate_success 216482082
pgdemote_kswapd 0
pgdemote_direct 0
pgdemote_khugepaged 0
pgmigrate_success 216482082
pgdemote_kswapd 0
pgdemote_direct 0
pgdemote_khugepaged 0
pgmigrate_success 216482082
pgdemote_kswapd 0
pgdemote_direct 0
pgdemote_khugepaged 0
pgmigrate_success 216482082
pgdemote_kswapd 0
pgdemote_direct 0
pgdemote_khugepaged 0
pgmigrate_success 216482082
pgdemote_kswapd 0
pgdemote_direct 0
pgdemote_khugepaged 0
pgmigrate_success 216482082
pgdemote_kswapd 0
pgdemote_direct 0
pgdemote_khugepaged 0
pgmigrate_success 216482082
pgdemote_kswapd 0
pgdemote_direct 0
pgdemote_khugepaged 0
pgmigrate_success 216482082
pgdemote_kswapd 0
pgdemote_direct 0
pgdemote_khugepaged 0
pgmigrate_success 216482082
pgdemote_kswapd 0
pgdemote_direct 0
pgdemote_khugepaged 0
pgmigrate_success 216482082
pgdemote_kswapd 0
pgdemote_direct 0
pgdemote_khugepaged 0
pgmigrate_success 216482082
pgdemote_kswapd 0
pgdemote_direct 0
pgdemote_khugepaged 0
pgmigrate_success 216482082
pgdemote_kswapd 0
pgdemote_direct 0
pgdemote_khugepaged 0
pgmigrate_success 216482082
pgdemote_kswapd 0
pgdemote_direct 0
pgdemote_khugepaged 0
pgmigrate_success 216482082
pgdemote_kswapd 0
pgdemote_direct 0
pgdemote_khugepaged 0
pgmigrate_success 216482082
pgdemote_kswapd 0
pgdemote_direct 0
pgdemote_khugepaged 0
pgmigrate_success 216482082
pgdemote_kswapd 0
pgdemote_direct 0
pgdemote_khugepaged 0
pgmigrate_success 216482082
pgdemote_kswapd 0
pgdemote_direct 0
pgdemote_khugepaged 0
pgmigrate_success 216482082
pgdemote_kswapd 0
pgdemote_direct 0
pgdemote_khugepaged 0
pgmigrate_success 216482082
pgdemote_kswapd 0
pgdemote_direct 0
pgdemote_khugepaged 0
pgmigrate_success 216482082
pgdemote_kswapd 0
pgdemote_direct 0
pgdemote_khugepaged 0
pgmigrate_success 216482082
pgdemote_kswapd 0
pgdemote_direct 0
pgdemote_khugepaged 0
pgmigrate_success 216482082
pgdemote_kswapd 0
pgdemote_direct 0
pgdemote_khugepaged 0
pgmigrate_success 216482082
pgdemote_kswapd 0
pgdemote_direct 0
pgdemote_khugepaged 0
pgmigrate_success 216482082
pgdemote_kswapd 0
pgdemote_direct 0
pgdemote_khugepaged 0
pgmigrate_success 216482082
pgdemote_kswapd 0
pgdemote_direct 0
pgdemote_khugepaged 0
pgmigrate_success 216482082
pgdemote_kswapd 0
pgdemote_direct 0
pgdemote_khugepaged 0
pgmigrate_success 216482082
pgdemote_kswapd 0
pgdemote_direct 0
pgdemote_khugepaged 0
pgmigrate_success 216482082
pgdemote_kswapd 0
pgdemote_direct 0
pgdemote_khugepaged 0
pgmigrate_success 216482082
pgdemote_kswapd 0
pgdemote_direct 0
pgdemote_khugepaged 0
pgmigrate_success 216482082
pgdemote_kswapd 0
pgdemote_direct 0
pgdemote_khugepaged 0
pgmigrate_success 216482082
pgdemote_kswapd 0
pgdemote_direct 0
pgdemote_khugepaged 0
pgmigrate_success 216482082
pgdemote_kswapd 0
pgdemote_direct 0
pgdemote_khugepaged 0
pgmigrate_success 216482082
pgdemote_kswapd 0
pgdemote_direct 0
pgdemote_khugepaged 0
pgmigrate_success 216482082
pgdemote_kswapd 0
pgdemote_direct 0
pgdemote_khugepaged 0
pgmigrate_success 216482082
pgdemote_kswapd 0
pgdemote_direct 0
pgdemote_khugepaged 0
pgmigrate_success 216482082
pgdemote_kswapd 0
pgdemote_direct 0
pgdemote_khugepaged 0
pgmigrate_success 216482082
pgdemote_kswapd 0
pgdemote_direct 0
pgdemote_khugepaged 0
pgmigrate_success 216482082
pgdemote_kswapd 0
pgdemote_direct 0
pgdemote_khugepaged 0
pgmigrate_success 216482082
pgdemote_kswapd 0
pgdemote_direct 0
pgdemote_khugepaged 0
pgmigrate_success 216482082
pgdemote_kswapd 0
pgdemote_direct 0
pgdemote_khugepaged 0
pgmigrate_success 216482082
pgdemote_kswapd 0
pgdemote_direct 0
pgdemote_khugepaged 0
pgmigrate_success 216482082
pgdemote_kswapd 0
pgdemote_direct 0
pgdemote_khugepaged 0
pgmigrate_success 216482082
pgdemote_kswapd 0
pgdemote_direct 0
pgdemote_khugepaged 0
pgmigrate_success 216482082
pgdemote_kswapd 0
pgdemote_direct 0
pgdemote_khugepaged 0
pgmigrate_success 216482082
pgdemote_kswapd 0
pgdemote_direct 0
pgdemote_khugepaged 0
pgmigrate_success 216482082
pgdemote_kswapd 0
pgdemote_direct 0
pgdemote_khugepaged 0
pgmigrate_success 216482082
pgdemote_kswapd 0
pgdemote_direct 0
pgdemote_khugepaged 0
pgmigrate_success 216482082
pgdemote_kswapd 0
pgdemote_direct 0
pgdemote_khugepaged 0
pgmigrate_success 216482082
pgdemote_kswapd 0
pgdemote_direct 0
pgdemote_khugepaged 0
pgmigrate_success 216482082
pgdemote_kswapd 0
pgdemote_direct 0
pgdemote_khugepaged 0
pgmigrate_success 216482082
pgdemote_kswapd 0
pgdemote_direct 0
pgdemote_khugepaged 0
pgmigrate_success 216482082
pgdemote_kswapd 0
pgdemote_direct 0
pgdemote_khugepaged 0
pgmigrate_success 216482082
pgdemote_kswapd 0
pgdemote_direct 0
pgdemote_khugepaged 0
pgmigrate_success 216482082
