nr_free_pages 725015790
nr_zone_inactive_anon 28529
nr_zone_active_anon 541
nr_zone_inactive_file 48498
nr_zone_active_file 86602
nr_zone_unevictable 2250
nr_zone_write_pending 4
nr_mlock 0
nr_bounce 0
nr_zspages 0
nr_free_cma 0
nr_unaccepted 0
numa_hit 113487374
numa_miss 0
numa_foreign 0
numa_interleave 182
numa_local 113434654
numa_other 52720
nr_inactive_anon 28529
nr_active_anon 541
nr_inactive_file 48498
nr_active_file 86602
nr_unevictable 2250
nr_slab_reclaimable 26686
nr_slab_unreclaimable 98231
nr_isolated_anon 0
nr_isolated_file 0
workingset_nodes 0
workingset_refault_anon 0
workingset_refault_file 0
workingset_activate_anon 0
workingset_activate_file 0
workingset_restore_anon 0
workingset_restore_file 0
workingset_nodereclaim 0
nr_anon_pages 23974
nr_mapped 18569
nr_file_pages 142254
nr_dirty 4
nr_writeback 0
nr_writeback_temp 0
nr_shmem 7153
nr_shmem_hugepages 0
nr_shmem_pmdmapped 0
nr_file_hugepages 0
nr_file_pmdmapped 0
nr_anon_transparent_hugepages 4
nr_vmscan_write 0
nr_vmscan_immediate_reclaim 0
nr_dirtied 7582
nr_written 6896
nr_throttled_written 0
nr_kernel_misc_reclaimable 0
nr_foll_pin_acquired 1732
nr_foll_pin_released 1732
nr_kernel_stack 22160
nr_page_table_pages 1292
nr_sec_page_table_pages 2580
nr_iommu_pages 2580
nr_swapcached 0
pgpromote_success 590254
pgpromote_candidate 0
pgdemote_kswapd 0
pgdemote_direct 0
pgdemote_khugepaged 0
nr_dirty_threshold 289261853
nr_dirty_background_threshold 72227166
nr_memmap_pages 8388608
nr_memmap_boot_pages 3137024
pgpgin 627863
pgpgout 73801
pswpin 0
pswpout 0
pgalloc_dma 1024
pgalloc_dma32 1024
pgalloc_normal 16000782729
pgalloc_movable 22431454
pgalloc_device 0
allocstall_dma 0
allocstall_dma32 0
allocstall_normal 0
allocstall_movable 0
allocstall_device 0
pgskip_dma 0
pgskip_dma32 0
pgskip_normal 0
pgskip_movable 0
pgskip_device 0
pgfree 16747913968
pgactivate 85177
pgdeactivate 0
pglazyfree 0
pgfault 102202512
pgmajfault 430
pglazyfreed 0
pgrefill 0
pgreuse 1229379
pgsteal_kswapd 0
pgsteal_direct 0
pgsteal_khugepaged 0
pgscan_kswapd 0
pgscan_direct 0
pgscan_khugepaged 0
pgscan_direct_throttle 0
pgscan_anon 0
pgscan_file 0
pgsteal_anon 0
pgsteal_file 0
zone_reclaim_failed 0
pginodesteal 0
slabs_scanned 0
kswapd_inodesteal 0
kswapd_low_wmark_hit_quickly 0
kswapd_high_wmark_hit_quickly 0
pageoutrun 0
pgrotated 0
drop_pagecache 0
drop_slab 0
oom_kill 0
numa_pte_updates 847368023
numa_huge_pte_updates 1654928
numa_hint_faults 1629409
numa_hint_faults_local 1627823
numa_pages_migrated 23021708
pgmigrate_success 23021708
pgmigrate_fail 0
thp_migration_success 44946
thp_migration_fail 0
thp_migration_split 0
compact_migrate_scanned 0
compact_free_scanned 0
compact_isolated 0
compact_stall 0
compact_fail 0
compact_success 0
compact_daemon_wake 0
compact_daemon_migrate_scanned 0
compact_daemon_free_scanned 0
htlb_buddy_alloc_success 0
htlb_buddy_alloc_fail 0
unevictable_pgs_culled 37203
unevictable_pgs_scanned 2250
unevictable_pgs_rescued 2250
unevictable_pgs_mlocked 0
unevictable_pgs_munlocked 0
unevictable_pgs_cleared 0
unevictable_pgs_stranded 0
thp_fault_alloc 27113293
thp_fault_fallback 0
thp_fault_fallback_charge 0
thp_collapse_alloc 35
thp_collapse_alloc_failed 0
thp_file_alloc 0
thp_file_fallback 0
thp_file_fallback_charge 0
thp_file_mapped 0
thp_split_page 0
thp_split_page_failed 0
thp_deferred_split_page 12
thp_split_pmd 32
thp_scan_exceed_none_pte 0
thp_scan_exceed_swap_pte 0
thp_scan_exceed_share_pte 73
thp_split_pud 0
thp_zero_page_alloc 1
thp_zero_page_alloc_failed 0
thp_swpout 0
thp_swpout_fallback 0
balloon_inflate 0
balloon_deflate 0
balloon_migrate 0
swap_ra 0
swap_ra_hit 0
ksm_swpin_copy 0
cow_ksm 0
zswpin 0
zswpout 0
zswpwb 0
direct_map_level2_splits 192
direct_map_level3_splits 13
nr_unstable 0
