---
Devices:
 0: Host CPU
CloverLeaf:
 - Ver.:     2.000
 - Deck:     /home/labpc/work/cipp/CloverLeaf/InputDecks/clover_bm256_300.in
 - Out:      clover.out
 - Profiler: deck-specified
MPI:
 - Enabled:     false
 - Total ranks: 1
 - Header device-awareness (CUDA-awareness):  unknown
 - Runtime device-awareness (CUDA-awareness): unknown
 - Host-Device halo exchange staging buffer:  true
Model:
 - Name:      OpenMP (CPU)
 - Execution: Host
# ---- 
Output: |+1
 Output file clover.out opened. All output will go there.
 Args: --file /home/labpc/work/cipp/CloverLeaf/InputDecks/clover_bm256_300.in
 Using input: `/home/labpc/work/cipp/CloverLeaf/InputDecks/clover_bm256_300.in`
 Problem initialised and generated
 Launching hydro
 Step 1 time 0 control sound timestep  0.000385161 1,1 x 0 y 0
 Wall clock 1.23053
 Average time per cell 5.21565e-09
  Step time per cell    5.21565e-09
 Step 2 time 0.000385161 control sound timestep  0.000235099 1,1 x 0 y 0
 Wall clock 2.43955
 Average time per cell 5.17008e-09
  Step time per cell    5.12422e-09
 Step 3 time 0.000620261 control sound timestep  0.000298723 1,1 x 0 y 0
 Wall clock 3.68714
 Average time per cell 5.20938e-09
  Step time per cell    5.28766e-09
 Step 4 time 0.000918984 control sound timestep  0.000314746 1,1 x 0 y 0
 Wall clock 4.91372
 Average time per cell 5.20676e-09
  Step time per cell    5.19863e-09
 Step 5 time 0.00123373 control sound timestep  0.000346361 1,1 x 0 y 0
 Wall clock 6.14889
 Average time per cell 5.21248e-09
  Step time per cell    5.23498e-09
 Step 6 time 0.00158009 control sound timestep  0.00034558 1,1 x 0 y 0
 Wall clock 7.38437
 Average time per cell 5.21651e-09
  Step time per cell    5.23636e-09
 Step 7 time 0.00192567 control sound timestep  0.000352154 1,1 x 0 y 0
 Wall clock 8.61615
 Average time per cell 5.21715e-09
  Step time per cell    5.22065e-09
 Step 8 time 0.00227782 control sound timestep  0.000370384 1,1 x 0 y 0
 Wall clock 9.83194
 Average time per cell 5.20915e-09
  Step time per cell    5.1529e-09
 Step 9 time 0.00264821 control sound timestep  0.000366391 1,1 x 0 y 0
 Wall clock 11.0797
 Average time per cell 5.218e-09
  Step time per cell    5.28848e-09
 Step 10 time 0.0030146 control sound timestep  0.000363789 1,1 x 0 y 0
 Wall clock 12.3999
 Average time per cell 5.25576e-09
  Step time per cell    5.59526e-09
 Step 11 time 0.00337839 control sound timestep  0.000361224 1,1 x 0 y 0
 Wall clock 13.6367
 Average time per cell 5.25454e-09
  Step time per cell    5.24227e-09
 Step 12 time 0.00373961 control sound timestep  0.000359796 1,1 x 0 y 0
 Wall clock 14.868
 Average time per cell 5.25157e-09
  Step time per cell    5.21864e-09
 Step 13 time 0.00409941 control sound timestep  0.000360678 1,1 x 0 y 0
 Wall clock 16.1042
 Average time per cell 5.25064e-09
  Step time per cell    5.23917e-09
 Step 14 time 0.00446009 control sound timestep  0.000362113 1,1 x 0 y 0
 Wall clock 17.3292
 Average time per cell 5.24649e-09
  Step time per cell    5.19223e-09
 Step 15 time 0.0048222 control sound timestep  0.000362661 1,1 x 0 y 0
 Wall clock 18.5667
 Average time per cell 5.2464e-09
  Step time per cell    5.24483e-09
 Step 16 time 0.00518486 control sound timestep  0.000362812 1,1 x 0 y 0
 Wall clock 19.7945
 Average time per cell 5.24376e-09
  Step time per cell    5.20393e-09
 Step 17 time 0.00554767 control sound timestep  0.000362988 1,1 x 0 y 0
 Wall clock 21.0273
 Average time per cell 5.24266e-09
  Step time per cell    5.22459e-09
 Step 18 time 0.00591066 control sound timestep  0.000363082 1,1 x 0 y 0
 Wall clock 22.2556
 Average time per cell 5.24063e-09
  Step time per cell    5.20591e-09
 Step 19 time 0.00627374 control sound timestep  0.000363112 1,1 x 0 y 0
 Wall clock 23.4998
 Average time per cell 5.24238e-09
  Step time per cell    5.27359e-09
 Step 20 time 0.00663686 control sound timestep  0.00036317 1,1 x 0 y 0
 Wall clock 24.8185
 Average time per cell 5.25972e-09
  Step time per cell    5.58874e-09
 Step 21 time 0.00700003 control sound timestep  0.000363365 1,1 x 0 y 0
 Wall clock 26.0559
 Average time per cell 5.25901e-09
  Step time per cell    5.24464e-09
 Step 22 time 0.00736339 control sound timestep  0.00036347 1,1 x 0 y 0
 Wall clock 27.2917
 Average time per cell 5.25807e-09
  Step time per cell    5.23796e-09
 Step 23 time 0.00772686 control sound timestep  0.000363513 1,1 x 0 y 0
 Wall clock 28.5311
 Average time per cell 5.25785e-09
  Step time per cell    5.25274e-09
 Step 24 time 0.00809037 control sound timestep  0.000363629 1,1 x 0 y 0
 Wall clock 29.7476
 Average time per cell 5.25361e-09
  Step time per cell    5.15585e-09
 Step 25 time 0.008454 control sound timestep  0.000363732 1,1 x 0 y 0
 Wall clock 30.9937
 Average time per cell 5.25473e-09
  Step time per cell    5.28132e-09
 Step 26 time 0.00881773 control sound timestep  0.000363825 1,1 x 0 y 0
 Wall clock 32.22
 Average time per cell 5.25255e-09
  Step time per cell    5.19765e-09
 Step 27 time 0.00918156 control sound timestep  0.000363914 1,1 x 0 y 0
 Wall clock 33.4602
 Average time per cell 5.2527e-09
  Step time per cell    5.25633e-09
 Step 28 time 0.00954547 control sound timestep  0.000363943 1,1 x 0 y 0
 Wall clock 34.7237
 Average time per cell 5.25637e-09
  Step time per cell    5.3551e-09
 Step 29 time 0.00990942 control sound timestep  0.000363973 1,1 x 0 y 0
 Wall clock 35.9731
 Average time per cell 5.25772e-09
  Step time per cell    5.29533e-09
 Step 30 time 0.0102734 control sound timestep  0.000363988 1,1 x 0 y 0
 Wall clock 37.3106
 Average time per cell 5.27143e-09
  Step time per cell    5.66867e-09
 Step 31 time 0.0106374 control sound timestep  0.000364002 1,1 x 0 y 0
 Wall clock 38.5677
 Average time per cell 5.27327e-09
  Step time per cell    5.32823e-09
 Step 32 time 0.0110014 control sound timestep  0.000364043 1,1 x 0 y 0
 Wall clock 39.8186
 Average time per cell 5.27416e-09
  Step time per cell    5.30165e-09
 Step 33 time 0.0113654 control sound timestep  0.000364085 1,1 x 0 y 0
 Wall clock 41.0681
 Average time per cell 5.27483e-09
  Step time per cell    5.29591e-09
 Step 34 time 0.0117295 control sound timestep  0.000364133 1,1 x 0 y 0
 Wall clock 42.3187
 Average time per cell 5.27559e-09
  Step time per cell    5.30042e-09
 Step 35 time 0.0120936 control sound timestep  0.000364198 1,1 x 0 y 0
 Wall clock 43.5647
 Average time per cell 5.27574e-09
  Step time per cell    5.28065e-09
 Step 36 time 0.0124578 control sound timestep  0.000364259 1,1 x 0 y 0
 Wall clock 44.8199
 Average time per cell 5.27698e-09
  Step time per cell    5.32012e-09
 Step 37 time 0.0128221 control sound timestep  0.000364318 1,1 x 0 y 0
 Wall clock 46.0683
 Average time per cell 5.27738e-09
  Step time per cell    5.29131e-09
 Step 38 time 0.0131864 control sound timestep  0.000364383 1,1 x 0 y 0
 Wall clock 47.3191
 Average time per cell 5.27801e-09
  Step time per cell    5.30103e-09
 Step 39 time 0.0135508 control sound timestep  0.000364422 1,1 x 0 y 0
 Wall clock 48.5678
 Average time per cell 5.27839e-09
  Step time per cell    5.29245e-09
 Step 40 time 0.0139152 control sound timestep  0.000364431 1,1 x 0 y 0
 Wall clock 49.915
 Average time per cell 5.28918e-09
  Step time per cell    5.70981e-09
 Step 41 time 0.0142797 control sound timestep  0.000364435 1,1 x 0 y 0
 Wall clock 51.1752
 Average time per cell 5.29046e-09
  Step time per cell    5.34133e-09
 Step 42 time 0.0146441 control sound timestep  0.000364445 1,1 x 0 y 0
 Wall clock 52.4263
 Average time per cell 5.29075e-09
  Step time per cell    5.30247e-09
 Step 43 time 0.0150085 control sound timestep  0.000364471 1,1 x 0 y 0
 Wall clock 53.6763
 Average time per cell 5.29093e-09
  Step time per cell    5.29796e-09
 Step 44 time 0.015373 control sound timestep  0.000364495 1,1 x 0 y 0
 Wall clock 54.926
 Average time per cell 5.29106e-09
  Step time per cell    5.29658e-09
 Step 45 time 0.0157375 control sound timestep  0.000364518 1,1 x 0 y 0
 Wall clock 56.1751
 Average time per cell 5.29113e-09
  Step time per cell    5.29407e-09
 Step 46 time 0.016102 control sound timestep  0.000364543 1,1 x 0 y 0
 Wall clock 57.4264
 Average time per cell 5.29141e-09
  Step time per cell    5.30355e-09
 Step 47 time 0.0164666 control sound timestep  0.000364585 1,1 x 0 y 0
 Wall clock 58.6754
 Average time per cell 5.29146e-09
  Step time per cell    5.29334e-09
 Step 48 time 0.0168311 control sound timestep  0.000364628 1,1 x 0 y 0
 Wall clock 59.9261
 Average time per cell 5.29166e-09
  Step time per cell    5.30092e-09
 Step 49 time 0.0171958 control sound timestep  0.000364667 1,1 x 0 y 0
 Wall clock 61.1749
 Average time per cell 5.29169e-09
  Step time per cell    5.29274e-09
 Step 50 time 0.0175604 control sound timestep  0.000364708 1,1 x 0 y 0
 Wall clock 62.5228
 Average time per cell 5.30012e-09
  Step time per cell    5.71278e-09
 Step 51 time 0.0179251 control sound timestep  0.000364758 1,1 x 0 y 0
 Wall clock 63.7819
 Average time per cell 5.30084e-09
  Step time per cell    5.3368e-09
 Step 52 time 0.0182899 control sound timestep  0.000364817 1,1 x 0 y 0
 Wall clock 65.0329
 Average time per cell 5.30087e-09
  Step time per cell    5.30231e-09
 Step 53 time 0.0186547 control sound timestep  0.000364826 1,1 x 0 y 0
 Wall clock 66.2822
 Average time per cell 5.30076e-09
  Step time per cell    5.29475e-09
 Step 54 time 0.0190195 control sound timestep  0.00036483 1,1 x 0 y 0
 Wall clock 67.5332
 Average time per cell 5.30079e-09
  Step time per cell    5.30206e-09
 Step 55 time 0.0193844 control sound timestep  0.000364831 1,1 x 0 y 0
 Wall clock 68.7825
 Average time per cell 5.3007e-09
  Step time per cell    5.29511e-09
 Step 56 time 0.0197492 control sound timestep  0.000364846 1,1 x 0 y 0
 Wall clock 70.033
 Average time per cell 5.30069e-09
  Step time per cell    5.29978e-09
 Step 57 time 0.0201141 control sound timestep  0.000364866 1,1 x 0 y 0
 Wall clock 71.2838
 Average time per cell 5.30071e-09
  Step time per cell    5.30152e-09
 Step 58 time 0.0204789 control sound timestep  0.000364884 1,1 x 0 y 0
 Wall clock 72.5336
 Average time per cell 5.30064e-09
  Step time per cell    5.2968e-09
 Step 59 time 0.0208438 control sound timestep  0.000364902 1,1 x 0 y 0
 Wall clock 73.7822
 Average time per cell 5.3005e-09
  Step time per cell    5.2921e-09
 Step 60 time 0.0212087 control sound timestep  0.000364922 1,1 x 0 y 0
 Wall clock 75.1315
 Average time per cell 5.30748e-09
  Step time per cell    5.71865e-09
 Step 61 time 0.0215736 control sound timestep  0.000364956 1,1 x 0 y 0
 Wall clock 76.3907
 Average time per cell 5.30797e-09
  Step time per cell    5.33738e-09
 Step 62 time 0.0219386 control sound timestep  0.000364991 1,1 x 0 y 0
 Wall clock 77.6409
 Average time per cell 5.30782e-09
  Step time per cell    5.29841e-09
 Step 63 time 0.0223036 control sound timestep  0.000365022 1,1 x 0 y 0
 Wall clock 78.8909
 Average time per cell 5.30767e-09
  Step time per cell    5.29812e-09
 Step 64 time 0.0226686 control sound timestep  0.000365056 1,1 x 0 y 0
 Wall clock 80.14
 Average time per cell 5.30747e-09
  Step time per cell    5.2941e-09
 Step 65 time 0.0230337 control sound timestep  0.000365098 1,1 x 0 y 0
 Wall clock 81.3916
 Average time per cell 5.30742e-09
  Step time per cell    5.30428e-09
 Step 66 time 0.0233988 control sound timestep  0.000365146 1,1 x 0 y 0
 Wall clock 82.6421
 Average time per cell 5.30731e-09
  Step time per cell    5.29996e-09
 Step 67 time 0.0237639 control sound timestep  0.000365166 1,1 x 0 y 0
 Wall clock 83.8923
 Average time per cell 5.30719e-09
  Step time per cell    5.29869e-09
 Step 68 time 0.0241291 control sound timestep  0.000365169 1,1 x 0 y 0
 Wall clock 85.1413
 Average time per cell 5.307e-09
  Step time per cell    5.29378e-09
 Step 69 time 0.0244942 control sound timestep  0.000365167 1,1 x 0 y 0
 Wall clock 86.3927
 Average time per cell 5.30695e-09
  Step time per cell    5.30369e-09
 Step 70 time 0.0248594 control sound timestep  0.000365177 1,1 x 0 y 0
 Wall clock 87.7412
 Average time per cell 5.31279e-09
  Step time per cell    5.71539e-09
 Step 71 time 0.0252246 control sound timestep  0.000365194 1,1 x 0 y 0
 Wall clock 89.0009
 Average time per cell 5.31317e-09
  Step time per cell    5.33924e-09
 Step 72 time 0.0255898 control sound timestep  0.000365209 1,1 x 0 y 0
 Wall clock 90.2515
 Average time per cell 5.313e-09
  Step time per cell    5.30059e-09
 Step 73 time 0.025955 control sound timestep  0.000365223 1,1 x 0 y 0
 Wall clock 91.5012
 Average time per cell 5.31277e-09
  Step time per cell    5.29638e-09
 Step 74 time 0.0263202 control sound timestep  0.000365239 1,1 x 0 y 0
 Wall clock 92.7515
 Average time per cell 5.3126e-09
  Step time per cell    5.29931e-09
 Step 75 time 0.0266854 control sound timestep  0.000365263 1,1 x 0 y 0
 Wall clock 94.0021
 Average time per cell 5.31244e-09
  Step time per cell    5.30049e-09
 Step 76 time 0.0270507 control sound timestep  0.000365294 1,1 x 0 y 0
 Wall clock 95.2524
 Average time per cell 5.31227e-09
  Step time per cell    5.29917e-09
 Step 77 time 0.027416 control sound timestep  0.000365322 1,1 x 0 y 0
 Wall clock 96.502
 Average time per cell 5.31206e-09
  Step time per cell    5.29594e-09
 Step 78 time 0.0277813 control sound timestep  0.000365349 1,1 x 0 y 0
 Wall clock 97.7518
 Average time per cell 5.31187e-09
  Step time per cell    5.29712e-09
 Step 79 time 0.0281467 control sound timestep  0.000365381 1,1 x 0 y 0
 Wall clock 99.002
 Average time per cell 5.31171e-09
  Step time per cell    5.29867e-09
 Step 80 time 0.0285121 control sound timestep  0.000365421 1,1 x 0 y 0
 Wall clock 100.35
 Average time per cell 5.31673e-09
  Step time per cell    5.71307e-09
 Step 81 time 0.0288775 control sound timestep  0.000365457 1,1 x 0 y 0
 Wall clock 101.611
 Average time per cell 5.31708e-09
  Step time per cell    5.34508e-09
 Step 82 time 0.0292429 control sound timestep  0.000365459 1,1 x 0 y 0
 Wall clock 102.862
 Average time per cell 5.31692e-09
  Step time per cell    5.30374e-09
 Step 83 time 0.0296084 control sound timestep  0.000365461 1,1 x 0 y 0
 Wall clock 104.115
 Average time per cell 5.31682e-09
  Step time per cell    5.30763e-09
 Step 84 time 0.0299738 control sound timestep  0.000365461 1,1 x 0 y 0
 Wall clock 105.362
 Average time per cell 5.31647e-09
  Step time per cell    5.28795e-09
 Step 85 time 0.0303393 control sound timestep  0.000365475 1,1 x 0 y 0
 Wall clock 106.616
 Average time per cell 5.31643e-09
  Step time per cell    5.31203e-09
 Step 86 time 0.0307048 control sound timestep  0.000365488 1,1 x 0 y 0
 Wall clock 107.863
 Average time per cell 5.3161e-09
  Step time per cell    5.28762e-09
 Step 87 time 0.0310703 control sound timestep  0.0003655 1,1 x 0 y 0
 Wall clock 109.116
 Average time per cell 5.31601e-09
  Step time per cell    5.30841e-09
 Step 88 time 0.0314358 control sound timestep  0.000365513 1,1 x 0 y 0
 Wall clock 110.364
 Average time per cell 5.31573e-09
  Step time per cell    5.29099e-09
 Step 89 time 0.0318013 control sound timestep  0.000365528 1,1 x 0 y 0
 Wall clock 111.617
 Average time per cell 5.31567e-09
  Step time per cell    5.31002e-09
 Step 90 time 0.0321668 control sound timestep  0.000365555 1,1 x 0 y 0
 Wall clock 112.961
 Average time per cell 5.31989e-09
  Step time per cell    5.69475e-09
 Step 91 time 0.0325324 control sound timestep  0.00036558 1,1 x 0 y 0
 Wall clock 114.207
 Average time per cell 5.3195e-09
  Step time per cell    5.28455e-09
 Step 92 time 0.0328979 control sound timestep  0.000365603 1,1 x 0 y 0
 Wall clock 115.45
 Average time per cell 5.31894e-09
  Step time per cell    5.26808e-09
 Step 93 time 0.0332636 control sound timestep  0.000365628 1,1 x 0 y 0
 Wall clock 116.698
 Average time per cell 5.3186e-09
  Step time per cell    5.28674e-09
 Step 94 time 0.0336292 control sound timestep  0.000365659 1,1 x 0 y 0
 Wall clock 117.949
 Average time per cell 5.31844e-09
  Step time per cell    5.30346e-09
 Step 95 time 0.0339948 control sound timestep  0.000365696 1,1 x 0 y 0
 Wall clock 119.2
 Average time per cell 5.31827e-09
  Step time per cell    5.30226e-09
 Step 96 time 0.0343605 control sound timestep  0.000365709 1,1 x 0 y 0
 Wall clock 120.451
 Average time per cell 5.31812e-09
  Step time per cell    5.30293e-09
 Step 97 time 0.0347262 control sound timestep  0.00036571 1,1 x 0 y 0
 Wall clock 121.701
 Average time per cell 5.31792e-09
  Step time per cell    5.29838e-09
 Step 98 time 0.035092 control sound timestep  0.000365708 1,1 x 0 y 0
 Wall clock 122.954
 Average time per cell 5.31785e-09
  Step time per cell    5.31071e-09
 Step 99 time 0.0354577 control sound timestep  0.000365716 1,1 x 0 y 0
 Wall clock 124.206
 Average time per cell 5.31769e-09
  Step time per cell    5.30244e-09
 Step 100 time 0.0358234 control sound timestep  0.000365728 1,1 x 0 y 0
 Wall clock 125.552
 Average time per cell 5.32161e-09
  Step time per cell    5.70857e-09
 Step 101 time 0.0361891 control sound timestep  0.000365739 1,1 x 0 y 0
 Wall clock 126.796
 Average time per cell 5.3211e-09
  Step time per cell    5.27063e-09
 Step 102 time 0.0365548 control sound timestep  0.000365749 1,1 x 0 y 0
 Wall clock 128.047
 Average time per cell 5.32094e-09
  Step time per cell    5.30392e-09
 Step 103 time 0.0369206 control sound timestep  0.000365761 1,1 x 0 y 0
 Wall clock 129.287
 Average time per cell 5.32031e-09
  Step time per cell    5.25589e-09
 Step 104 time 0.0372864 control sound timestep  0.00036578 1,1 x 0 y 0
 Wall clock 130.518
 Average time per cell 5.31929e-09
  Step time per cell    5.21418e-09
 Step 105 time 0.0376521 control sound timestep  0.000365803 1,1 x 0 y 0
 Wall clock 131.771
 Average time per cell 5.31924e-09
  Step time per cell    5.31335e-09
 Step 106 time 0.0380179 control sound timestep  0.000365823 1,1 x 0 y 0
 Wall clock 133.009
 Average time per cell 5.31855e-09
  Step time per cell    5.24568e-09
 Step 107 time 0.0383838 control sound timestep  0.000365844 1,1 x 0 y 0
 Wall clock 134.269
 Average time per cell 5.31874e-09
  Step time per cell    5.33879e-09
 Step 108 time 0.0387496 control sound timestep  0.000365869 1,1 x 0 y 0
 Wall clock 135.51
 Average time per cell 5.31821e-09
  Step time per cell    5.26182e-09
 Step 109 time 0.0391155 control sound timestep  0.000365899 1,1 x 0 y 0
 Wall clock 136.767
 Average time per cell 5.31828e-09
  Step time per cell    5.32502e-09
 Step 110 time 0.0394814 control sound timestep  0.000365927 1,1 x 0 y 0
 Wall clock 138.099
 Average time per cell 5.32129e-09
  Step time per cell    5.64919e-09
 Step 111 time 0.0398473 control sound timestep  0.000365928 1,1 x 0 y 0
 Wall clock 139.359
 Average time per cell 5.32145e-09
  Step time per cell    5.33912e-09
 Step 112 time 0.0402132 control sound timestep  0.000365927 1,1 x 0 y 0
 Wall clock 140.598
 Average time per cell 5.32084e-09
  Step time per cell    5.25242e-09
 Step 113 time 0.0405792 control sound timestep  0.000365929 1,1 x 0 y 0
 Wall clock 141.86
 Average time per cell 5.32107e-09
  Step time per cell    5.34654e-09
 Step 114 time 0.0409451 control sound timestep  0.000365939 1,1 x 0 y 0
 Wall clock 143.101
 Average time per cell 5.32053e-09
  Step time per cell    5.25984e-09
 Step 115 time 0.041311 control sound timestep  0.000365949 1,1 x 0 y 0
 Wall clock 144.362
 Average time per cell 5.32075e-09
  Step time per cell    5.34457e-09
 Step 116 time 0.041677 control sound timestep  0.000365958 1,1 x 0 y 0
 Wall clock 145.602
 Average time per cell 5.32017e-09
  Step time per cell    5.25387e-09
 Step 117 time 0.0420429 control sound timestep  0.000365968 1,1 x 0 y 0
 Wall clock 146.886
 Average time per cell 5.32124e-09
  Step time per cell    5.44498e-09
 Step 118 time 0.0424089 control sound timestep  0.00036598 1,1 x 0 y 0
 Wall clock 148.125
 Average time per cell 5.32066e-09
  Step time per cell    5.25206e-09
 Step 119 time 0.0427749 control sound timestep  0.000366001 1,1 x 0 y 0
 Wall clock 149.387
 Average time per cell 5.32088e-09
  Step time per cell    5.34653e-09
 Step 120 time 0.0431409 control sound timestep  0.00036602 1,1 x 0 y 0
 Wall clock 150.715
 Average time per cell 5.32345e-09
  Step time per cell    5.62909e-09
 Step 121 time 0.0435069 control sound timestep  0.000366037 1,1 x 0 y 0
 Wall clock 151.975
 Average time per cell 5.32358e-09
  Step time per cell    5.33921e-09
 Step 122 time 0.0438729 control sound timestep  0.000366057 1,1 x 0 y 0
 Wall clock 153.214
 Average time per cell 5.32299e-09
  Step time per cell    5.25136e-09
 Step 123 time 0.044239 control sound timestep  0.000366082 1,1 x 0 y 0
 Wall clock 154.475
 Average time per cell 5.32319e-09
  Step time per cell    5.34713e-09
 Step 124 time 0.0446051 control sound timestep  0.000366111 1,1 x 0 y 0
 Wall clock 155.715
 Average time per cell 5.32264e-09
  Step time per cell    5.2555e-09
 Step 125 time 0.0449712 control sound timestep  0.000366119 1,1 x 0 y 0
 Wall clock 156.978
 Average time per cell 5.32287e-09
  Step time per cell    5.35043e-09
 Step 126 time 0.0453373 control sound timestep  0.00036612 1,1 x 0 y 0
 Wall clock 158.217
 Average time per cell 5.32233e-09
  Step time per cell    5.25414e-09
 Step 127 time 0.0457034 control sound timestep  0.000366118 1,1 x 0 y 0
 Wall clock 159.477
 Average time per cell 5.32246e-09
  Step time per cell    5.33902e-09
 Step 128 time 0.0460695 control sound timestep  0.000366125 1,1 x 0 y 0
 Wall clock 160.719
 Average time per cell 5.32199e-09
  Step time per cell    5.26222e-09
 Step 129 time 0.0464357 control sound timestep  0.000366134 1,1 x 0 y 0
 Wall clock 161.979
 Average time per cell 5.32215e-09
  Step time per cell    5.34199e-09
 Step 130 time 0.0468018 control sound timestep  0.000366143 1,1 x 0 y 0
 Wall clock 163.317
 Average time per cell 5.32482e-09
  Step time per cell    5.66874e-09
 Step 131 time 0.0471679 control sound timestep  0.000366151 1,1 x 0 y 0
 Wall clock 164.579
 Average time per cell 5.32501e-09
  Step time per cell    5.3502e-09
 Step 132 time 0.0475341 control sound timestep  0.00036616 1,1 x 0 y 0
 Wall clock 165.829
 Average time per cell 5.32481e-09
  Step time per cell    5.29781e-09
 Step 133 time 0.0479003 control sound timestep  0.000366177 1,1 x 0 y 0
 Wall clock 167.091
 Average time per cell 5.32498e-09
  Step time per cell    5.34755e-09
 Step 134 time 0.0482664 control sound timestep  0.000366195 1,1 x 0 y 0
 Wall clock 168.33
 Average time per cell 5.32446e-09
  Step time per cell    5.25433e-09
 Step 135 time 0.0486326 control sound timestep  0.000366211 1,1 x 0 y 0
 Wall clock 169.592
 Average time per cell 5.32463e-09
  Step time per cell    5.34805e-09
 Step 136 time 0.0489988 control sound timestep  0.000366227 1,1 x 0 y 0
 Wall clock 170.832
 Average time per cell 5.32411e-09
  Step time per cell    5.2533e-09
 Step 137 time 0.0493651 control sound timestep  0.000366248 1,1 x 0 y 0
 Wall clock 172.094
 Average time per cell 5.3243e-09
  Step time per cell    5.34949e-09
 Step 138 time 0.0497313 control sound timestep  0.000366273 1,1 x 0 y 0
 Wall clock 173.334
 Average time per cell 5.32381e-09
  Step time per cell    5.25643e-09
 Step 139 time 0.0500976 control sound timestep  0.000366291 1,1 x 0 y 0
 Wall clock 174.595
 Average time per cell 5.32395e-09
  Step time per cell    5.3436e-09
 Step 140 time 0.0504639 control sound timestep  0.000366292 1,1 x 0 y 0
 Wall clock 175.932
 Average time per cell 5.32642e-09
  Step time per cell    5.6691e-09
 Step 141 time 0.0508302 control sound timestep  0.000366288 1,1 x 0 y 0
 Wall clock 177.195
 Average time per cell 5.32659e-09
  Step time per cell    5.34966e-09
 Step 142 time 0.0511965 control sound timestep  0.000366292 1,1 x 0 y 0
 Wall clock 178.446
 Average time per cell 5.32644e-09
  Step time per cell    5.30516e-09
 Step 143 time 0.0515627 control sound timestep  0.000366301 1,1 x 0 y 0
 Wall clock 179.708
 Average time per cell 5.32659e-09
  Step time per cell    5.34809e-09
 Step 144 time 0.051929 control sound timestep  0.000366308 1,1 x 0 y 0
 Wall clock 180.946
 Average time per cell 5.32605e-09
  Step time per cell    5.24785e-09
 Step 145 time 0.0522954 control sound timestep  0.000366316 1,1 x 0 y 0
 Wall clock 182.208
 Average time per cell 5.3262e-09
  Step time per cell    5.34823e-09
 Step 146 time 0.0526617 control sound timestep  0.000366324 1,1 x 0 y 0
 Wall clock 183.448
 Average time per cell 5.32572e-09
  Step time per cell    5.25505e-09
 Step 147 time 0.053028 control sound timestep  0.000366336 1,1 x 0 y 0
 Wall clock 184.71
 Average time per cell 5.32588e-09
  Step time per cell    5.349e-09
 Step 148 time 0.0533943 control sound timestep  0.000366353 1,1 x 0 y 0
 Wall clock 185.957
 Average time per cell 5.3256e-09
  Step time per cell    5.28393e-09
 Step 149 time 0.0537607 control sound timestep  0.000366368 1,1 x 0 y 0
 Wall clock 187.216
 Average time per cell 5.32566e-09
  Step time per cell    5.33466e-09
 Step 150 time 0.0541271 control sound timestep  0.000366382 1,1 x 0 y 0
 Wall clock 188.561
 Average time per cell 5.32818e-09
  Step time per cell    5.70391e-09
 Step 151 time 0.0544934 control sound timestep  0.000366399 1,1 x 0 y 0
 Wall clock 189.825
 Average time per cell 5.32835e-09
  Step time per cell    5.3537e-09
 Step 152 time 0.0548598 control sound timestep  0.000366421 1,1 x 0 y 0
 Wall clock 191.064
 Average time per cell 5.32785e-09
  Step time per cell    5.2521e-09
 Step 153 time 0.0552263 control sound timestep  0.000366444 1,1 x 0 y 0
 Wall clock 192.326
 Average time per cell 5.32801e-09
  Step time per cell    5.35116e-09
 Step 154 time 0.0555927 control sound timestep  0.000366446 1,1 x 0 y 0
 Wall clock 193.569
 Average time per cell 5.32762e-09
  Step time per cell    5.26763e-09
 Step 155 time 0.0559591 control sound timestep  0.000366445 1,1 x 0 y 0
 Wall clock 194.828
 Average time per cell 5.32767e-09
  Step time per cell    5.33569e-09
 Step 156 time 0.0563256 control sound timestep  0.000366445 1,1 x 0 y 0
 Wall clock 196.075
 Average time per cell 5.32741e-09
  Step time per cell    5.28584e-09
 Step 157 time 0.056692 control sound timestep  0.000366452 1,1 x 0 y 0
 Wall clock 197.344
 Average time per cell 5.32771e-09
  Step time per cell    5.37538e-09
 Step 158 time 0.0570585 control sound timestep  0.000366459 1,1 x 0 y 0
 Wall clock 198.59
 Average time per cell 5.32743e-09
  Step time per cell    5.28287e-09
 Step 159 time 0.0574249 control sound timestep  0.000366466 1,1 x 0 y 0
 Wall clock 199.854
 Average time per cell 5.32763e-09
  Step time per cell    5.35912e-09
 Step 160 time 0.0577914 control sound timestep  0.000366473 1,1 x 0 y 0
 Wall clock 201.193
 Average time per cell 5.32979e-09
  Step time per cell    5.67197e-09
 Step 161 time 0.0581579 control sound timestep  0.000366482 1,1 x 0 y 0
 Wall clock 202.464
 Average time per cell 5.33015e-09
  Step time per cell    5.38827e-09
 Step 162 time 0.0585244 control sound timestep  0.000366498 1,1 x 0 y 0
 Wall clock 203.718
 Average time per cell 5.33005e-09
  Step time per cell    5.31423e-09
 Step 163 time 0.0588909 control sound timestep  0.000366512 1,1 x 0 y 0
 Wall clock 204.983
 Average time per cell 5.33025e-09
  Step time per cell    5.36218e-09
 Step 164 time 0.0592574 control sound timestep  0.000366525 1,1 x 0 y 0
 Wall clock 206.222
 Average time per cell 5.32977e-09
  Step time per cell    5.25033e-09
 Step 165 time 0.0596239 control sound timestep  0.000366539 1,1 x 0 y 0
 Wall clock 207.486
 Average time per cell 5.32995e-09
  Step time per cell    5.35915e-09
 Step 166 time 0.0599904 control sound timestep  0.000366558 1,1 x 0 y 0
 Wall clock 208.725
 Average time per cell 5.32946e-09
  Step time per cell    5.24826e-09
 Step 167 time 0.060357 control sound timestep  0.00036658 1,1 x 0 y 0
 Wall clock 209.989
 Average time per cell 5.32964e-09
  Step time per cell    5.35958e-09
 Step 168 time 0.0607236 control sound timestep  0.000366586 1,1 x 0 y 0
 Wall clock 211.246
 Average time per cell 5.32962e-09
  Step time per cell    5.32567e-09
 Step 169 time 0.0610902 control sound timestep  0.000366586 1,1 x 0 y 0
 Wall clock 212.501
 Average time per cell 5.32956e-09
  Step time per cell    5.31884e-09
 Step 170 time 0.0614568 control sound timestep  0.000366585 1,1 x 0 y 0
 Wall clock 213.848
 Average time per cell 5.3318e-09
  Step time per cell    5.7111e-09
 Step 171 time 0.0618233 control sound timestep  0.00036659 1,1 x 0 y 0
 Wall clock 215.11
 Average time per cell 5.33191e-09
  Step time per cell    5.34957e-09
 Step 172 time 0.0621899 control sound timestep  0.000366597 1,1 x 0 y 0
 Wall clock 216.37
 Average time per cell 5.33196e-09
  Step time per cell    5.34053e-09
 Step 173 time 0.0625565 control sound timestep  0.000366603 1,1 x 0 y 0
 Wall clock 217.63
 Average time per cell 5.332e-09
  Step time per cell    5.33922e-09
 Step 174 time 0.0629231 control sound timestep  0.000366609 1,1 x 0 y 0
 Wall clock 218.889
 Average time per cell 5.33202e-09
  Step time per cell    5.33395e-09
 Step 175 time 0.0632897 control sound timestep  0.000366616 1,1 x 0 y 0
 Wall clock 220.155
 Average time per cell 5.33223e-09
  Step time per cell    5.36869e-09
 Step 176 time 0.0636564 control sound timestep  0.000366631 1,1 x 0 y 0
 Wall clock 221.413
 Average time per cell 5.33222e-09
  Step time per cell    5.3316e-09
 Step 177 time 0.064023 control sound timestep  0.000366644 1,1 x 0 y 0
 Wall clock 222.682
 Average time per cell 5.33247e-09
  Step time per cell    5.37538e-09
 Step 178 time 0.0643896 control sound timestep  0.000366656 1,1 x 0 y 0
 Wall clock 223.94
 Average time per cell 5.33249e-09
  Step time per cell    5.33588e-09
 Step 179 time 0.0647563 control sound timestep  0.000366668 1,1 x 0 y 0
 Wall clock 225.213
 Average time per cell 5.33283e-09
  Step time per cell    5.39284e-09
 Step 180 time 0.065123 control sound timestep  0.000366685 1,1 x 0 y 0
 Wall clock 226.544
 Average time per cell 5.33456e-09
  Step time per cell    5.64353e-09
 Step 181 time 0.0654896 control sound timestep  0.000366704 1,1 x 0 y 0
 Wall clock 227.819
 Average time per cell 5.33494e-09
  Step time per cell    5.4038e-09
 Step 182 time 0.0658563 control sound timestep  0.000366715 1,1 x 0 y 0
 Wall clock 229.07
 Average time per cell 5.33476e-09
  Step time per cell    5.30176e-09
 Step 183 time 0.0662231 control sound timestep  0.000366716 1,1 x 0 y 0
 Wall clock 230.335
 Average time per cell 5.33491e-09
  Step time per cell    5.36174e-09
 Step 184 time 0.0665898 control sound timestep  0.000366713 1,1 x 0 y 0
 Wall clock 231.572
 Average time per cell 5.33441e-09
  Step time per cell    5.24348e-09
 Step 185 time 0.0669565 control sound timestep  0.000366717 1,1 x 0 y 0
 Wall clock 232.838
 Average time per cell 5.33458e-09
  Step time per cell    5.36399e-09
 Step 186 time 0.0673232 control sound timestep  0.000366724 1,1 x 0 y 0
 Wall clock 234.094
 Average time per cell 5.3345e-09
  Step time per cell    5.32105e-09
 Step 187 time 0.0676899 control sound timestep  0.000366729 1,1 x 0 y 0
 Wall clock 235.347
 Average time per cell 5.33439e-09
  Step time per cell    5.31267e-09
 Step 188 time 0.0680567 control sound timestep  0.000366735 1,1 x 0 y 0
 Wall clock 236.608
 Average time per cell 5.33445e-09
  Step time per cell    5.34595e-09
 Step 189 time 0.0684234 control sound timestep  0.000366742 1,1 x 0 y 0
 Wall clock 237.868
 Average time per cell 5.33449e-09
  Step time per cell    5.34041e-09
 Step 190 time 0.0687901 control sound timestep  0.000366754 1,1 x 0 y 0
 Wall clock 239.224
 Average time per cell 5.33666e-09
  Step time per cell    5.7474e-09
 Step 191 time 0.0691569 control sound timestep  0.000366766 1,1 x 0 y 0
 Wall clock 240.493
 Average time per cell 5.33688e-09
  Step time per cell    5.3787e-09
 Step 192 time 0.0695237 control sound timestep  0.000366777 1,1 x 0 y 0
 Wall clock 241.759
 Average time per cell 5.33703e-09
  Step time per cell    5.36516e-09
 Step 193 time 0.0698904 control sound timestep  0.000366789 1,1 x 0 y 0
 Wall clock 243.027
 Average time per cell 5.33721e-09
  Step time per cell    5.37147e-09
 Step 194 time 0.0702572 control sound timestep  0.000366803 1,1 x 0 y 0
 Wall clock 244.287
 Average time per cell 5.33723e-09
  Step time per cell    5.34114e-09
 Step 195 time 0.070624 control sound timestep  0.000366821 1,1 x 0 y 0
 Wall clock 245.56
 Average time per cell 5.33754e-09
  Step time per cell    5.39693e-09
 Step 196 time 0.0709908 control sound timestep  0.000366835 1,1 x 0 y 0
 Wall clock 246.803
 Average time per cell 5.33719e-09
  Step time per cell    5.26778e-09
 Step 197 time 0.0713577 control sound timestep  0.000366836 1,1 x 0 y 0
 Wall clock 248.07
 Average time per cell 5.33735e-09
  Step time per cell    5.36869e-09
 Step 198 time 0.0717245 control sound timestep  0.000366833 1,1 x 0 y 0
 Wall clock 249.336
 Average time per cell 5.3375e-09
  Step time per cell    5.36716e-09
 Step 199 time 0.0720913 control sound timestep  0.000366836 1,1 x 0 y 0
 Wall clock 250.596
 Average time per cell 5.33752e-09
  Step time per cell    5.34102e-09
 Step 200 time 0.0724582 control sound timestep  0.000366842 1,1 x 0 y 0
 Wall clock 251.952
 Average time per cell 5.33957e-09
  Step time per cell    5.74727e-09
 Step 201 time 0.072825 control sound timestep  0.000366847 1,1 x 0 y 0
 Wall clock 253.222
 Average time per cell 5.33978e-09
  Step time per cell    5.3814e-09
 Step 202 time 0.0731919 control sound timestep  0.000366853 1,1 x 0 y 0
 Wall clock 254.487
 Average time per cell 5.33988e-09
  Step time per cell    5.3597e-09
 Step 203 time 0.0735587 control sound timestep  0.000366859 1,1 x 0 y 0
 Wall clock 255.757
 Average time per cell 5.3401e-09
  Step time per cell    5.38465e-09
 Step 204 time 0.0739256 control sound timestep  0.000366869 1,1 x 0 y 0
 Wall clock 257.014
 Average time per cell 5.34004e-09
  Step time per cell    5.32813e-09
 Step 205 time 0.0742925 control sound timestep  0.000366881 1,1 x 0 y 0
 Wall clock 258.296
 Average time per cell 5.3405e-09
  Step time per cell    5.43384e-09
 Step 206 time 0.0746593 control sound timestep  0.000366892 1,1 x 0 y 0
 Wall clock 259.591
 Average time per cell 5.34122e-09
  Step time per cell    5.48734e-09
 Step 207 time 0.0750262 control sound timestep  0.000366902 1,1 x 0 y 0
 Wall clock 260.876
 Average time per cell 5.34172e-09
  Step time per cell    5.44582e-09
 Step 208 time 0.0753931 control sound timestep  0.000366915 1,1 x 0 y 0
 Wall clock 262.126
 Average time per cell 5.34151e-09
  Step time per cell    5.29746e-09
 Step 209 time 0.07576 control sound timestep  0.000366932 1,1 x 0 y 0
 Wall clock 263.414
 Average time per cell 5.34208e-09
  Step time per cell    5.45928e-09
 Step 210 time 0.076127 control sound timestep  0.000366947 1,1 x 0 y 0
 Wall clock 264.809
 Average time per cell 5.34479e-09
  Step time per cell    5.91215e-09
 Step 211 time 0.0764939 control sound timestep  0.000366948 1,1 x 0 y 0
 Wall clock 266.095
 Average time per cell 5.34529e-09
  Step time per cell    5.45013e-09
 Step 212 time 0.0768609 control sound timestep  0.000366945 1,1 x 0 y 0
 Wall clock 267.344
 Average time per cell 5.34506e-09
  Step time per cell    5.29541e-09
 Step 213 time 0.0772278 control sound timestep  0.000366947 1,1 x 0 y 0
 Wall clock 268.632
 Average time per cell 5.3456e-09
  Step time per cell    5.46005e-09
 Step 214 time 0.0775948 control sound timestep  0.000366952 1,1 x 0 y 0
 Wall clock 269.931
 Average time per cell 5.34635e-09
  Step time per cell    5.50488e-09
 Step 215 time 0.0779617 control sound timestep  0.000366958 1,1 x 0 y 0
 Wall clock 271.233
 Average time per cell 5.34714e-09
  Step time per cell    5.51729e-09
 Step 216 time 0.0783287 control sound timestep  0.000366963 1,1 x 0 y 0
 Wall clock 272.523
 Average time per cell 5.34771e-09
  Step time per cell    5.469e-09
 Step 217 time 0.0786956 control sound timestep  0.000366968 1,1 x 0 y 0
 Wall clock 273.806
 Average time per cell 5.34812e-09
  Step time per cell    5.43732e-09
 Step 218 time 0.0790626 control sound timestep  0.000366977 1,1 x 0 y 0
 Wall clock 275.063
 Average time per cell 5.34803e-09
  Step time per cell    5.32722e-09
 Step 219 time 0.0794296 control sound timestep  0.000366989 1,1 x 0 y 0
 Wall clock 276.351
 Average time per cell 5.34853e-09
  Step time per cell    5.45737e-09
 Step 220 time 0.0797966 control sound timestep  0.000366999 1,1 x 0 y 0
 Wall clock 277.744
 Average time per cell 5.35107e-09
  Step time per cell    5.90657e-09
 Step 221 time 0.0801636 control sound timestep  0.000367009 1,1 x 0 y 0
 Wall clock 279.031
 Average time per cell 5.35154e-09
  Step time per cell    5.45469e-09
 Step 222 time 0.0805306 control sound timestep  0.000367021 1,1 x 0 y 0
 Wall clock 280.282
 Average time per cell 5.3513e-09
  Step time per cell    5.29869e-09
 Step 223 time 0.0808976 control sound timestep  0.000367036 1,1 x 0 y 0
 Wall clock 281.57
 Average time per cell 5.35179e-09
  Step time per cell    5.45961e-09
 Step 224 time 0.0812646 control sound timestep  0.000367052 1,1 x 0 y 0
 Wall clock 282.867
 Average time per cell 5.35244e-09
  Step time per cell    5.49753e-09
 Step 225 time 0.0816317 control sound timestep  0.000367052 1,1 x 0 y 0
 Wall clock 284.171
 Average time per cell 5.35322e-09
  Step time per cell    5.52786e-09
 Step 226 time 0.0819987 control sound timestep  0.00036705 1,1 x 0 y 0
 Wall clock 285.466
 Average time per cell 5.35381e-09
  Step time per cell    5.48612e-09
 Step 227 time 0.0823658 control sound timestep  0.000367051 1,1 x 0 y 0
 Wall clock 286.752
 Average time per cell 5.35423e-09
  Step time per cell    5.45017e-09
 Step 228 time 0.0827328 control sound timestep  0.000367056 1,1 x 0 y 0
 Wall clock 288
 Average time per cell 5.35396e-09
  Step time per cell    5.29046e-09
 Step 229 time 0.0830999 control sound timestep  0.000367062 1,1 x 0 y 0
 Wall clock 289.289
 Average time per cell 5.35444e-09
  Step time per cell    5.46343e-09
 Step 230 time 0.083467 control sound timestep  0.000367066 1,1 x 0 y 0
 Wall clock 290.684
 Average time per cell 5.35687e-09
  Step time per cell    5.91359e-09
 Step 231 time 0.083834 control sound timestep  0.000367071 1,1 x 0 y 0
 Wall clock 291.969
 Average time per cell 5.35725e-09
  Step time per cell    5.44478e-09
 Step 232 time 0.0842011 control sound timestep  0.000367079 1,1 x 0 y 0
 Wall clock 293.219
 Average time per cell 5.35699e-09
  Step time per cell    5.29772e-09
 Step 233 time 0.0845682 control sound timestep  0.000367091 1,1 x 0 y 0
 Wall clock 294.508
 Average time per cell 5.35745e-09
  Step time per cell    5.464e-09
 Step 234 time 0.0849353 control sound timestep  0.0003671 1,1 x 0 y 0
 Wall clock 295.807
 Average time per cell 5.35808e-09
  Step time per cell    5.50432e-09
 Step 235 time 0.0853024 control sound timestep  0.00036711 1,1 x 0 y 0
 Wall clock 297.11
 Average time per cell 5.3588e-09
  Step time per cell    5.52556e-09
 Step 236 time 0.0856695 control sound timestep  0.000367121 1,1 x 0 y 0
 Wall clock 298.411
 Average time per cell 5.35944e-09
  Step time per cell    5.51107e-09
 Step 237 time 0.0860366 control sound timestep  0.000367135 1,1 x 0 y 0
 Wall clock 299.715
 Average time per cell 5.36016e-09
  Step time per cell    5.52763e-09
 Step 238 time 0.0864037 control sound timestep  0.000367151 1,1 x 0 y 0
 Wall clock 301.006
 Average time per cell 5.36063e-09
  Step time per cell    5.47315e-09
 Step 239 time 0.0867709 control sound timestep  0.000367151 1,1 x 0 y 0
 Wall clock 302.293
 Average time per cell 5.36103e-09
  Step time per cell    5.4545e-09
 Step 240 time 0.087138 control sound timestep  0.00036715 1,1 x 0 y 0
 Wall clock 303.632
 Average time per cell 5.36233e-09
  Step time per cell    5.67423e-09
 Step 241 time 0.0875052 control sound timestep  0.00036715 1,1 x 0 y 0
 Wall clock 304.935
 Average time per cell 5.363e-09
  Step time per cell    5.52436e-09
 Step 242 time 0.0878723 control sound timestep  0.000367155 1,1 x 0 y 0
 Wall clock 306.225
 Average time per cell 5.36343e-09
  Step time per cell    5.46671e-09
 Step 243 time 0.0882395 control sound timestep  0.00036716 1,1 x 0 y 0
 Wall clock 307.507
 Average time per cell 5.36372e-09
  Step time per cell    5.43335e-09
 Step 244 time 0.0886066 control sound timestep  0.000367164 1,1 x 0 y 0
 Wall clock 308.763
 Average time per cell 5.36356e-09
  Step time per cell    5.32413e-09
 Step 245 time 0.0889738 control sound timestep  0.000367169 1,1 x 0 y 0
 Wall clock 310.051
 Average time per cell 5.36395e-09
  Step time per cell    5.45947e-09
 Step 246 time 0.089341 control sound timestep  0.000367177 1,1 x 0 y 0
 Wall clock 311.349
 Average time per cell 5.36451e-09
  Step time per cell    5.49998e-09
 Step 247 time 0.0897082 control sound timestep  0.000367187 1,1 x 0 y 0
 Wall clock 312.654
 Average time per cell 5.36518e-09
  Step time per cell    5.53059e-09
 Step 248 time 0.0900753 control sound timestep  0.000367197 1,1 x 0 y 0
 Wall clock 313.954
 Average time per cell 5.36577e-09
  Step time per cell    5.51158e-09
 Step 249 time 0.0904425 control sound timestep  0.000367205 1,1 x 0 y 0
 Wall clock 315.261
 Average time per cell 5.36647e-09
  Step time per cell    5.53802e-09
 Step 250 time 0.0908097 control sound timestep  0.000367216 1,1 x 0 y 0
 Wall clock 316.66
 Average time per cell 5.36872e-09
  Step time per cell    5.92885e-09
 Step 251 time 0.091177 control sound timestep  0.000367229 1,1 x 0 y 0
 Wall clock 317.943
 Average time per cell 5.369e-09
  Step time per cell    5.43944e-09
 Step 252 time 0.0915442 control sound timestep  0.000367244 1,1 x 0 y 0
 Wall clock 319.194
 Average time per cell 5.36873e-09
  Step time per cell    5.3014e-09
 Step 253 time 0.0919114 control sound timestep  0.000367245 1,1 x 0 y 0
 Wall clock 320.475
 Average time per cell 5.36898e-09
  Step time per cell    5.431e-09
 Step 254 time 0.0922787 control sound timestep  0.000367243 1,1 x 0 y 0
 Wall clock 321.741
 Average time per cell 5.36896e-09
  Step time per cell    5.36353e-09
 Step 255 time 0.0926459 control sound timestep  0.000367244 1,1 x 0 y 0
 Wall clock 323.001
 Average time per cell 5.36884e-09
  Step time per cell    5.33872e-09
 Step 256 time 0.0930132 control sound timestep  0.000367248 1,1 x 0 y 0
 Wall clock 324.26
 Average time per cell 5.36871e-09
  Step time per cell    5.33565e-09
 Step 257 time 0.0933804 control sound timestep  0.000367253 1,1 x 0 y 0
 Wall clock 325.532
 Average time per cell 5.3688e-09
  Step time per cell    5.39156e-09
 Step 258 time 0.0937477 control sound timestep  0.000367257 1,1 x 0 y 0
 Wall clock 326.787
 Average time per cell 5.36863e-09
  Step time per cell    5.32274e-09
 Step 259 time 0.0941149 control sound timestep  0.000367262 1,1 x 0 y 0
 Wall clock 328.061
 Average time per cell 5.36875e-09
  Step time per cell    5.39899e-09
 Step 260 time 0.0944822 control sound timestep  0.000367269 1,1 x 0 y 0
 Wall clock 329.401
 Average time per cell 5.36993e-09
  Step time per cell    5.67623e-09
 Step 261 time 0.0948495 control sound timestep  0.000367279 1,1 x 0 y 0
 Wall clock 330.673
 Average time per cell 5.37002e-09
  Step time per cell    5.39425e-09
 Step 262 time 0.0952167 control sound timestep  0.000367288 1,1 x 0 y 0
 Wall clock 331.923
 Average time per cell 5.36974e-09
  Step time per cell    5.29518e-09
 Step 263 time 0.095584 control sound timestep  0.000367297 1,1 x 0 y 0
 Wall clock 333.196
 Average time per cell 5.36984e-09
  Step time per cell    5.39603e-09
 Step 264 time 0.0959513 control sound timestep  0.000367307 1,1 x 0 y 0
 Wall clock 334.441
 Average time per cell 5.36949e-09
  Step time per cell    5.27853e-09
 Step 265 time 0.0963186 control sound timestep  0.00036732 1,1 x 0 y 0
 Wall clock 335.707
 Average time per cell 5.36948e-09
  Step time per cell    5.36549e-09
 Step 266 time 0.0966859 control sound timestep  0.000367334 1,1 x 0 y 0
 Wall clock 336.972
 Average time per cell 5.36946e-09
  Step time per cell    5.36247e-09
 Step 267 time 0.0970533 control sound timestep  0.000367334 1,1 x 0 y 0
 Wall clock 338.232
 Average time per cell 5.36934e-09
  Step time per cell    5.33905e-09
 Step 268 time 0.0974206 control sound timestep  0.000367332 1,1 x 0 y 0
 Wall clock 339.493
 Average time per cell 5.36925e-09
  Step time per cell    5.34307e-09
 Step 269 time 0.0977879 control sound timestep  0.000367333 1,1 x 0 y 0
 Wall clock 340.765
 Average time per cell 5.36933e-09
  Step time per cell    5.39128e-09
 Step 270 time 0.0981553 control sound timestep  0.000367338 1,1 x 0 y 0
 Wall clock 342.117
 Average time per cell 5.37068e-09
  Step time per cell    5.73294e-09
 Step 271 time 0.0985226 control sound timestep  0.000367342 1,1 x 0 y 0
 Wall clock 343.391
 Average time per cell 5.37077e-09
  Step time per cell    5.39591e-09
 Step 272 time 0.09889 control sound timestep  0.000367346 1,1 x 0 y 0
 Wall clock 344.651
 Average time per cell 5.37066e-09
  Step time per cell    5.3407e-09
 Step 273 time 0.0992573 control sound timestep  0.00036735 1,1 x 0 y 0
 Wall clock 345.926
 Average time per cell 5.37079e-09
  Step time per cell    5.40673e-09
 Step 274 time 0.0996247 control sound timestep  0.000367358 1,1 x 0 y 0
 Wall clock 347.171
 Average time per cell 5.37045e-09
  Step time per cell    5.27574e-09
 Step 275 time 0.099992 control sound timestep  0.000367367 1,1 x 0 y 0
 Wall clock 348.44
 Average time per cell 5.37048e-09
  Step time per cell    5.37815e-09
 Step 276 time 0.100359 control sound timestep  0.000367376 1,1 x 0 y 0
 Wall clock 349.703
 Average time per cell 5.37041e-09
  Step time per cell    5.35266e-09
 Step 277 time 0.100727 control sound timestep  0.000367384 1,1 x 0 y 0
 Wall clock 350.962
 Average time per cell 5.3703e-09
  Step time per cell    5.33761e-09
 Step 278 time 0.101094 control sound timestep  0.000367394 1,1 x 0 y 0
 Wall clock 352.22
 Average time per cell 5.37016e-09
  Step time per cell    5.33212e-09
 Step 279 time 0.101462 control sound timestep  0.000367406 1,1 x 0 y 0
 Wall clock 353.493
 Average time per cell 5.37024e-09
  Step time per cell    5.39233e-09
 Step 280 time 0.101829 control sound timestep  0.000367419 1,1 x 0 y 0
 Wall clock 354.845
 Average time per cell 5.37153e-09
  Step time per cell    5.73087e-09
 Step 281 time 0.102196 control sound timestep  0.000367419 1,1 x 0 y 0
 Wall clock 356.118
 Average time per cell 5.37163e-09
  Step time per cell    5.39825e-09
 Step 282 time 0.102564 control sound timestep  0.000367417 1,1 x 0 y 0
 Wall clock 357.379
 Average time per cell 5.37152e-09
  Step time per cell    5.34146e-09
 Step 283 time 0.102931 control sound timestep  0.000367418 1,1 x 0 y 0
 Wall clock 358.654
 Average time per cell 5.37165e-09
  Step time per cell    5.40661e-09
 Step 284 time 0.103299 control sound timestep  0.000367423 1,1 x 0 y 0
 Wall clock 359.9
 Average time per cell 5.37132e-09
  Step time per cell    5.27792e-09
 Step 285 time 0.103666 control sound timestep  0.000367427 1,1 x 0 y 0
 Wall clock 361.168
 Average time per cell 5.37133e-09
  Step time per cell    5.37501e-09
 Step 286 time 0.104033 control sound timestep  0.000367431 1,1 x 0 y 0
 Wall clock 362.432
 Average time per cell 5.37128e-09
  Step time per cell    5.35619e-09
 Step 287 time 0.104401 control sound timestep  0.000367435 1,1 x 0 y 0
 Wall clock 363.692
 Average time per cell 5.37117e-09
  Step time per cell    5.33983e-09
 Step 288 time 0.104768 control sound timestep  0.000367442 1,1 x 0 y 0
 Wall clock 364.95
 Average time per cell 5.37104e-09
  Step time per cell    5.33226e-09
 Step 289 time 0.105136 control sound timestep  0.000367452 1,1 x 0 y 0
 Wall clock 366.222
 Average time per cell 5.37111e-09
  Step time per cell    5.39226e-09
 Step 290 time 0.105503 control sound timestep  0.00036746 1,1 x 0 y 0
 Wall clock 367.576
 Average time per cell 5.37238e-09
  Step time per cell    5.73775e-09
 Step 291 time 0.105871 control sound timestep  0.000367468 1,1 x 0 y 0
 Wall clock 368.848
 Average time per cell 5.37245e-09
  Step time per cell    5.39266e-09
 Step 292 time 0.106238 control sound timestep  0.000367477 1,1 x 0 y 0
 Wall clock 370.108
 Average time per cell 5.37233e-09
  Step time per cell    5.33931e-09
 Step 293 time 0.106606 control sound timestep  0.00036749 1,1 x 0 y 0
 Wall clock 371.383
 Average time per cell 5.37245e-09
  Step time per cell    5.40512e-09
 Step 294 time 0.106973 control sound timestep  0.0003675 1,1 x 0 y 0
 Wall clock 372.629
 Average time per cell 5.37213e-09
  Step time per cell    5.2792e-09
 Step 295 time 0.107341 control sound timestep  0.000367501 1,1 x 0 y 0
 Wall clock 373.898
 Average time per cell 5.37216e-09
  Step time per cell    5.37936e-09
 Step 296 time 0.107708 control sound timestep  0.000367498 1,1 x 0 y 0
 Wall clock 375.161
 Average time per cell 5.37209e-09
  Step time per cell    5.35316e-09
 Step 297 time 0.108076 control sound timestep  0.0003675 1,1 x 0 y 0
 Wall clock 376.422
 Average time per cell 5.37201e-09
  Step time per cell    5.34617e-09
 Step 298 time 0.108443 control sound timestep  0.000367504 1,1 x 0 y 0
 Wall clock 377.682
 Average time per cell 5.37189e-09
  Step time per cell    5.33675e-09
 Step 299 time 0.108811 control sound timestep  0.000367508 1,1 x 0 y 0
 Wall clock 378.953
 Average time per cell 5.37194e-09
  Step time per cell    5.38682e-09
 Step 300 time 0.109178 control sound timestep  0.000367512 1,1 x 0 y 0
 Wall clock 380.403
 First step overhead 0
Result:
 - Problem: none
 - Outcome: PASSED
