Local 885 Remote 499
Local 872 Remote 499
Local 870 Remote 499
Local 876 Remote 499
Local 882 Remote 499
Local 883 Remote 499
Local 874 Remote 499
Local 872 Remote 499
Local 891 Remote 500
Local 897 Remote 500
Local 875 Remote 500
Local 873 Remote 500
Local 879 Remote 500
Local 886 Remote 500
Local 867 Remote 500
Local 870 Remote 500
Local 870 Remote 500
Local 879 Remote 500
Local 873 Remote 500
Local 884 Remote 500
Local 882 Remote 500
Local 869 Remote 500
Local 888 Remote 500
Local 873 Remote 500
Local 873 Remote 500
Local 881 Remote 500
Local 879 Remote 500
Local 873 Remote 500
Local 885 Remote 500
Local 881 Remote 500
Local 884 Remote 500
Local 876 Remote 500
Local 872 Remote 500
Local 882 Remote 500
Local 880 Remote 500
Local 878 Remote 500
Local 885 Remote 500
Local 874 Remote 500
Local 881 Remote 500
Local 883 Remote 500
Local 884 Remote 500
Local 867 Remote 500
Local 878 Remote 500
Local 885 Remote 500
Local 870 Remote 500
Local 880 Remote 500
Local 904 Remote 500
Local 873 Remote 500
Local 875 Remote 500
Local 881 Remote 626
Local 533 Remote 500
