Local 1211 Remote 775
Local 1268 Remote 699
Local 1261 Remote 716
Local 1079 Remote 593
Local 1012 Remote 591
Local 1292 Remote 536
Local 1125 Remote 651
Local 1037 Remote 644
Local 891 Remote 518
Local 961 Remote 569
Local 1081 Remote 635
Local 959 Remote 562
Local 964 Remote 598
Local 1166 Remote 803
Local 1223 Remote 737
Local 1002 Remote 573
Local 870 Remote 1004
Local 861 Remote 1080
Local 1231 Remote 674
Local 956 Remote 715
Local 910 Remote 978
Local 744 Remote 1061
Local 1099 Remote 1080
Local 1169 Remote 823
Local 902 Remote 884
Local 712 Remote 1028
Local 766 Remote 1096
Local 825 Remote 1051
Local 884 Remote 1050
Local 887 Remote 1094
Local 881 Remote 1062
Local 888 Remote 1111
Local 781 Remote 1116
Local 741 Remote 1141
Local 812 Remote 1031
Local 1024 Remote 947
Local 1085 Remote 808
Local 831 Remote 1124
Local 867 Remote 1133
Local 845 Remote 1036
Local 918 Remote 1076
Local 905 Remote 1101
Local 717 Remote 1178
Local 783 Remote 1127
Local 910 Remote 939
Local 1095 Remote 819
Local 856 Remote 1163
Local 822 Remote 1120
Local 866 Remote 1091
Local 938 Remote 1060
Local 901 Remote 1075
Local 732 Remote 1138
Local 751 Remote 1137
Local 851 Remote 968
Local 1095 Remote 818
Local 1072 Remote 844
Local 764 Remote 1094
Local 1024 Remote 828
Local 839 Remote 1023
Local 752 Remote 989
Local 759 Remote 954
Local 868 Remote 786
Local 785 Remote 823
Local 938 Remote 729
Local 1005 Remote 659
Local 1060 Remote 638
Local 862 Remote 685
Local 1025 Remote 669
Local 1040 Remote 602
Local 1022 Remote 654
Local 1042 Remote 650
Local 1154 Remote 597
Local 1229 Remote 591
Local 1094 Remote 663
Local 1119 Remote 665
Local 1265 Remote 579
Local 1126 Remote 677
Local 1156 Remote 687
Local 1263 Remote 586
Local 1127 Remote 669
Local 1274 Remote 569
Local 1132 Remote 679
Local 1220 Remote 594
Local 1126 Remote 681
Local 1115 Remote 622
Local 1141 Remote 668
Local 1093 Remote 664
Local 1017 Remote 717
Local 1264 Remote 537
