Local 640 Remote 499
Local 647 Remote 499
Local 638 Remote 499
Local 658 Remote 500
Local 629 Remote 500
Local 641 Remote 500
Local 652 Remote 500
Local 633 Remote 500
Local 643 Remote 500
Local 645 Remote 500
Local 645 Remote 500
Local 652 Remote 500
Local 633 Remote 500
Local 646 Remote 500
Local 638 Remote 500
Local 642 Remote 500
Local 649 Remote 500
Local 630 Remote 500
Local 646 Remote 500
Local 639 Remote 500
Local 639 Remote 500
Local 651 Remote 500
Local 642 Remote 500
Local 651 Remote 500
Local 638 Remote 500
Local 652 Remote 500
Local 639 Remote 500
Local 646 Remote 500
Local 645 Remote 500
Local 638 Remote 500
Local 647 Remote 500
Local 633 Remote 500
Local 641 Remote 524
Local 649 Remote 500
Local 644 Remote 500
Local 650 Remote 500
Local 635 Remote 500
Local 647 Remote 500
Local 632 Remote 500
Local 643 Remote 500
Local 645 Remote 500
Local 644 Remote 500
Local 651 Remote 500
Local 629 Remote 500
Local 644 Remote 500
Local 654 Remote 500
Local 639 Remote 500
Local 652 Remote 500
Local 637 Remote 500
Local 650 Remote 500
Local 646 Remote 500
Local 637 Remote 500
Local 650 Remote 500
Local 641 Remote 500
Local 643 Remote 500
