-------------------------------------------------------------
STREAM version $Revision: 5.10 $
-------------------------------------------------------------
This system uses 8 bytes per array element.
-------------------------------------------------------------
Array size = 1000000000 (elements), Offset = 0 (elements)
Memory per array = 7629.4 MiB (= 7.5 GiB).
Total memory required = 22888.2 MiB (= 22.4 GiB).
Each kernel will be executed 750 times.
 The *best* time for each kernel (excluding the first iteration)
 will be used to compute the reported bandwidth.
-------------------------------------------------------------
Number of Threads requested = 90
Number of Threads counted = 90
-------------------------------------------------------------
Your clock granularity/precision appears to be 1 microseconds.
Each test below will take on the order of 39672 microseconds.
   (= 39672 clock ticks)
Increase the size of the arrays if this shows that
you are not getting at least 20 clock ticks per test.
-------------------------------------------------------------
WARNING -- The above is only a rough guideline.
For best results, please be sure you know the
precision of your system timer.
-------------------------------------------------------------
Function    Best Rate MB/s  Avg time     Min time     Max time
Copy:          463821.0     0.035644     0.034496     0.040723
Scale:         459914.4     0.035915     0.034789     0.040479
Add:           510139.6     0.048594     0.047046     0.053308
Triad:         509110.2     0.048644     0.047141     0.053227
-------------------------------------------------------------
Solution Validates: avg error less than 1.000000e-13 on all three arrays
-------------------------------------------------------------
