---
Devices:
 0: Host CPU
CloverLeaf:
 - Ver.:     2.000
 - Deck:     /home/labpc/work/cipp/CloverLeaf/InputDecks/clover_bm256_300.in
 - Out:      clover.out
 - Profiler: deck-specified
MPI:
 - Enabled:     false
 - Total ranks: 1
 - Header device-awareness (CUDA-awareness):  unknown
 - Runtime device-awareness (CUDA-awareness): unknown
 - Host-Device halo exchange staging buffer:  true
Model:
 - Name:      OpenMP (CPU)
 - Execution: Host
# ---- 
Output: |+1
 Output file clover.out opened. All output will go there.
 Args: --file /home/labpc/work/cipp/CloverLeaf/InputDecks/clover_bm256_300.in
 Using input: `/home/labpc/work/cipp/CloverLeaf/InputDecks/clover_bm256_300.in`
 Problem initialised and generated
 Launching hydro
 Step 1 time 0 control sound timestep  0.000385161 1,1 x 0 y 0
 Wall clock 1.11558
 Average time per cell 4.72844e-09
  Step time per cell    4.72844e-09
 Step 2 time 0.000385161 control sound timestep  0.000235099 1,1 x 0 y 0
 Wall clock 2.21412
 Average time per cell 4.69234e-09
  Step time per cell    4.65596e-09
 Step 3 time 0.000620261 control sound timestep  0.000298723 1,1 x 0 y 0
 Wall clock 3.31638
 Average time per cell 4.68555e-09
  Step time per cell    4.67167e-09
 Step 4 time 0.000918984 control sound timestep  0.000314746 1,1 x 0 y 0
 Wall clock 4.40228
 Average time per cell 4.66482e-09
  Step time per cell    4.60237e-09
 Step 5 time 0.00123373 control sound timestep  0.000346361 1,1 x 0 y 0
 Wall clock 5.50272
 Average time per cell 4.66471e-09
  Step time per cell    4.66398e-09
 Step 6 time 0.00158009 control sound timestep  0.00034558 1,1 x 0 y 0
 Wall clock 6.60988
 Average time per cell 4.66939e-09
  Step time per cell    4.69252e-09
 Step 7 time 0.00192567 control sound timestep  0.000352154 1,1 x 0 y 0
 Wall clock 7.72233
 Average time per cell 4.67593e-09
  Step time per cell    4.71489e-09
 Step 8 time 0.00227782 control sound timestep  0.000370384 1,1 x 0 y 0
 Wall clock 8.82936
 Average time per cell 4.67796e-09
  Step time per cell    4.69195e-09
 Step 9 time 0.00264821 control sound timestep  0.000366391 1,1 x 0 y 0
 Wall clock 9.9307
 Average time per cell 4.67687e-09
  Step time per cell    4.66782e-09
 Step 10 time 0.0030146 control sound timestep  0.000363789 1,1 x 0 y 0
 Wall clock 11.0982
 Average time per cell 4.70401e-09
  Step time per cell    4.94806e-09
 Step 11 time 0.00337839 control sound timestep  0.000361224 1,1 x 0 y 0
 Wall clock 12.2104
 Average time per cell 4.70493e-09
  Step time per cell    4.71402e-09
 Step 12 time 0.00373961 control sound timestep  0.000359796 1,1 x 0 y 0
 Wall clock 13.2931
 Average time per cell 4.6953e-09
  Step time per cell    4.58911e-09
 Step 13 time 0.00409941 control sound timestep  0.000360678 1,1 x 0 y 0
 Wall clock 14.3948
 Average time per cell 4.6933e-09
  Step time per cell    4.66902e-09
 Step 14 time 0.00446009 control sound timestep  0.000362113 1,1 x 0 y 0
 Wall clock 15.508
 Average time per cell 4.69512e-09
  Step time per cell    4.71845e-09
 Step 15 time 0.0048222 control sound timestep  0.000362661 1,1 x 0 y 0
 Wall clock 16.6251
 Average time per cell 4.69776e-09
  Step time per cell    4.73453e-09
 Step 16 time 0.00518486 control sound timestep  0.000362812 1,1 x 0 y 0
 Wall clock 17.7353
 Average time per cell 4.69824e-09
  Step time per cell    4.70512e-09
 Step 17 time 0.00554767 control sound timestep  0.000362988 1,1 x 0 y 0
 Wall clock 18.856
 Average time per cell 4.7013e-09
  Step time per cell    4.74995e-09
 Step 18 time 0.00591066 control sound timestep  0.000363082 1,1 x 0 y 0
 Wall clock 19.969
 Average time per cell 4.7022e-09
  Step time per cell    4.7174e-09
 Step 19 time 0.00627374 control sound timestep  0.000363112 1,1 x 0 y 0
 Wall clock 21.087
 Average time per cell 4.70413e-09
  Step time per cell    4.73849e-09
 Step 20 time 0.00663686 control sound timestep  0.00036317 1,1 x 0 y 0
 Wall clock 22.2712
 Average time per cell 4.71988e-09
  Step time per cell    5.01889e-09
 Step 21 time 0.00700003 control sound timestep  0.000363365 1,1 x 0 y 0
 Wall clock 23.3708
 Average time per cell 4.71706e-09
  Step time per cell    4.66054e-09
 Step 22 time 0.00736339 control sound timestep  0.00036347 1,1 x 0 y 0
 Wall clock 24.4624
 Average time per cell 4.71296e-09
  Step time per cell    4.62658e-09
 Step 23 time 0.00772686 control sound timestep  0.000363513 1,1 x 0 y 0
 Wall clock 25.5722
 Average time per cell 4.71256e-09
  Step time per cell    4.70364e-09
 Step 24 time 0.00809037 control sound timestep  0.000363629 1,1 x 0 y 0
 Wall clock 26.6886
 Average time per cell 4.71338e-09
  Step time per cell    4.73201e-09
 Step 25 time 0.008454 control sound timestep  0.000363732 1,1 x 0 y 0
 Wall clock 27.8047
 Average time per cell 4.71407e-09
  Step time per cell    4.73031e-09
 Step 26 time 0.00881773 control sound timestep  0.000363825 1,1 x 0 y 0
 Wall clock 28.9202
 Average time per cell 4.71461e-09
  Step time per cell    4.72779e-09
 Step 27 time 0.00918156 control sound timestep  0.000363914 1,1 x 0 y 0
 Wall clock 30.0359
 Average time per cell 4.71514e-09
  Step time per cell    4.72878e-09
 Step 28 time 0.00954547 control sound timestep  0.000363943 1,1 x 0 y 0
 Wall clock 31.1497
 Average time per cell 4.71535e-09
  Step time per cell    4.72057e-09
 Step 29 time 0.00990942 control sound timestep  0.000363973 1,1 x 0 y 0
 Wall clock 32.267
 Average time per cell 4.71605e-09
  Step time per cell    4.73557e-09
 Step 30 time 0.0102734 control sound timestep  0.000363988 1,1 x 0 y 0
 Wall clock 33.4542
 Average time per cell 4.72658e-09
  Step time per cell    5.03159e-09
 Step 31 time 0.0106374 control sound timestep  0.000364002 1,1 x 0 y 0
 Wall clock 34.5661
 Average time per cell 4.72614e-09
  Step time per cell    4.71293e-09
 Step 32 time 0.0110014 control sound timestep  0.000364043 1,1 x 0 y 0
 Wall clock 35.6485
 Average time per cell 4.72181e-09
  Step time per cell    4.58741e-09
 Step 33 time 0.0113654 control sound timestep  0.000364085 1,1 x 0 y 0
 Wall clock 36.7554
 Average time per cell 4.72089e-09
  Step time per cell    4.69114e-09
 Step 34 time 0.0117295 control sound timestep  0.000364133 1,1 x 0 y 0
 Wall clock 37.8668
 Average time per cell 4.7206e-09
  Step time per cell    4.71081e-09
 Step 35 time 0.0120936 control sound timestep  0.000364198 1,1 x 0 y 0
 Wall clock 38.9765
 Average time per cell 4.72011e-09
  Step time per cell    4.70298e-09
 Step 36 time 0.0124578 control sound timestep  0.000364259 1,1 x 0 y 0
 Wall clock 40.0763
 Average time per cell 4.71849e-09
  Step time per cell    4.66145e-09
 Step 37 time 0.0128221 control sound timestep  0.000364318 1,1 x 0 y 0
 Wall clock 41.1841
 Average time per cell 4.71786e-09
  Step time per cell    4.69511e-09
 Step 38 time 0.0131864 control sound timestep  0.000364383 1,1 x 0 y 0
 Wall clock 42.268
 Average time per cell 4.71461e-09
  Step time per cell    4.59404e-09
 Step 39 time 0.0135508 control sound timestep  0.000364422 1,1 x 0 y 0
 Wall clock 43.3693
 Average time per cell 4.71342e-09
  Step time per cell    4.66784e-09
 Step 40 time 0.0139152 control sound timestep  0.000364431 1,1 x 0 y 0
 Wall clock 44.5531
 Average time per cell 4.72102e-09
  Step time per cell    5.01734e-09
 Step 41 time 0.0142797 control sound timestep  0.000364435 1,1 x 0 y 0
 Wall clock 45.6635
 Average time per cell 4.72066e-09
  Step time per cell    4.7062e-09
 Step 42 time 0.0146441 control sound timestep  0.000364445 1,1 x 0 y 0
 Wall clock 46.7681
 Average time per cell 4.71974e-09
  Step time per cell    4.68161e-09
 Step 43 time 0.0150085 control sound timestep  0.000364471 1,1 x 0 y 0
 Wall clock 47.8695
 Average time per cell 4.71855e-09
  Step time per cell    4.66814e-09
 Step 44 time 0.015373 control sound timestep  0.000364495 1,1 x 0 y 0
 Wall clock 48.9658
 Average time per cell 4.71691e-09
  Step time per cell    4.64632e-09
 Step 45 time 0.0157375 control sound timestep  0.000364518 1,1 x 0 y 0
 Wall clock 50.0834
 Average time per cell 4.71736e-09
  Step time per cell    4.73692e-09
 Step 46 time 0.016102 control sound timestep  0.000364543 1,1 x 0 y 0
 Wall clock 51.1956
 Average time per cell 4.71729e-09
  Step time per cell    4.71361e-09
 Step 47 time 0.0164666 control sound timestep  0.000364585 1,1 x 0 y 0
 Wall clock 52.3057
 Average time per cell 4.71703e-09
  Step time per cell    4.70501e-09
 Step 48 time 0.0168311 control sound timestep  0.000364628 1,1 x 0 y 0
 Wall clock 53.4136
 Average time per cell 4.71659e-09
  Step time per cell    4.69553e-09
 Step 49 time 0.0171958 control sound timestep  0.000364667 1,1 x 0 y 0
 Wall clock 54.5175
 Average time per cell 4.71582e-09
  Step time per cell    4.67864e-09
 Step 50 time 0.0175604 control sound timestep  0.000364708 1,1 x 0 y 0
 Wall clock 55.6833
 Average time per cell 4.72033e-09
  Step time per cell    4.94118e-09
 Step 51 time 0.0179251 control sound timestep  0.000364758 1,1 x 0 y 0
 Wall clock 56.7951
 Average time per cell 4.72017e-09
  Step time per cell    4.71214e-09
 Step 52 time 0.0182899 control sound timestep  0.000364817 1,1 x 0 y 0
 Wall clock 57.8795
 Average time per cell 4.71779e-09
  Step time per cell    4.5961e-09
 Step 53 time 0.0186547 control sound timestep  0.000364826 1,1 x 0 y 0
 Wall clock 58.9911
 Average time per cell 4.71767e-09
  Step time per cell    4.71124e-09
 Step 54 time 0.0190195 control sound timestep  0.00036483 1,1 x 0 y 0
 Wall clock 60.0978
 Average time per cell 4.71718e-09
  Step time per cell    4.69071e-09
 Step 55 time 0.0193844 control sound timestep  0.000364831 1,1 x 0 y 0
 Wall clock 61.2079
 Average time per cell 4.71696e-09
  Step time per cell    4.70497e-09
 Step 56 time 0.0197492 control sound timestep  0.000364846 1,1 x 0 y 0
 Wall clock 62.325
 Average time per cell 4.71728e-09
  Step time per cell    4.73454e-09
 Step 57 time 0.0201141 control sound timestep  0.000364866 1,1 x 0 y 0
 Wall clock 63.4309
 Average time per cell 4.71675e-09
  Step time per cell    4.68704e-09
 Step 58 time 0.0204789 control sound timestep  0.000364884 1,1 x 0 y 0
 Wall clock 64.546
 Average time per cell 4.71692e-09
  Step time per cell    4.7263e-09
 Step 59 time 0.0208438 control sound timestep  0.000364902 1,1 x 0 y 0
 Wall clock 65.6558
 Average time per cell 4.71671e-09
  Step time per cell    4.70378e-09
 Step 60 time 0.0212087 control sound timestep  0.000364922 1,1 x 0 y 0
 Wall clock 66.8254
 Average time per cell 4.72071e-09
  Step time per cell    4.95687e-09
 Step 61 time 0.0215736 control sound timestep  0.000364956 1,1 x 0 y 0
 Wall clock 67.9311
 Average time per cell 4.72015e-09
  Step time per cell    4.68653e-09
 Step 62 time 0.0219386 control sound timestep  0.000364991 1,1 x 0 y 0
 Wall clock 69.0537
 Average time per cell 4.72077e-09
  Step time per cell    4.75793e-09
 Step 63 time 0.0223036 control sound timestep  0.000365022 1,1 x 0 y 0
 Wall clock 70.1751
 Average time per cell 4.72128e-09
  Step time per cell    4.75286e-09
 Step 64 time 0.0226686 control sound timestep  0.000365056 1,1 x 0 y 0
 Wall clock 71.2895
 Average time per cell 4.72132e-09
  Step time per cell    4.72326e-09
 Step 65 time 0.0230337 control sound timestep  0.000365098 1,1 x 0 y 0
 Wall clock 72.406
 Average time per cell 4.72149e-09
  Step time per cell    4.73203e-09
 Step 66 time 0.0233988 control sound timestep  0.000365146 1,1 x 0 y 0
 Wall clock 73.5247
 Average time per cell 4.72179e-09
  Step time per cell    4.74163e-09
 Step 67 time 0.0237639 control sound timestep  0.000365166 1,1 x 0 y 0
 Wall clock 74.6462
 Average time per cell 4.72227e-09
  Step time per cell    4.7531e-09
 Step 68 time 0.0241291 control sound timestep  0.000365169 1,1 x 0 y 0
 Wall clock 75.7655
 Average time per cell 4.72259e-09
  Step time per cell    4.74403e-09
 Step 69 time 0.0244942 control sound timestep  0.000365167 1,1 x 0 y 0
 Wall clock 76.8826
 Average time per cell 4.72277e-09
  Step time per cell    4.73459e-09
 Step 70 time 0.0248594 control sound timestep  0.000365177 1,1 x 0 y 0
 Wall clock 78.0733
 Average time per cell 4.7274e-09
  Step time per cell    5.04651e-09
 Step 71 time 0.0252246 control sound timestep  0.000365194 1,1 x 0 y 0
 Wall clock 79.1793
 Average time per cell 4.72684e-09
  Step time per cell    4.6877e-09
 Step 72 time 0.0255898 control sound timestep  0.000365209 1,1 x 0 y 0
 Wall clock 80.2629
 Average time per cell 4.72498e-09
  Step time per cell    4.59276e-09
 Step 73 time 0.025955 control sound timestep  0.000365223 1,1 x 0 y 0
 Wall clock 81.3614
 Average time per cell 4.72403e-09
  Step time per cell    4.65576e-09
 Step 74 time 0.0263202 control sound timestep  0.000365239 1,1 x 0 y 0
 Wall clock 82.4781
 Average time per cell 4.72416e-09
  Step time per cell    4.73305e-09
 Step 75 time 0.0266854 control sound timestep  0.000365263 1,1 x 0 y 0
 Wall clock 83.5941
 Average time per cell 4.72424e-09
  Step time per cell    4.7298e-09
 Step 76 time 0.0270507 control sound timestep  0.000365294 1,1 x 0 y 0
 Wall clock 84.7124
 Average time per cell 4.72445e-09
  Step time per cell    4.73967e-09
 Step 77 time 0.027416 control sound timestep  0.000365322 1,1 x 0 y 0
 Wall clock 85.8399
 Average time per cell 4.72516e-09
  Step time per cell    4.77899e-09
 Step 78 time 0.0277813 control sound timestep  0.000365349 1,1 x 0 y 0
 Wall clock 86.9506
 Average time per cell 4.72493e-09
  Step time per cell    4.70714e-09
 Step 79 time 0.0281467 control sound timestep  0.000365381 1,1 x 0 y 0
 Wall clock 88.0674
 Average time per cell 4.72504e-09
  Step time per cell    4.73348e-09
 Step 80 time 0.0285121 control sound timestep  0.000365421 1,1 x 0 y 0
 Wall clock 89.2556
 Average time per cell 4.72893e-09
  Step time per cell    5.03621e-09
 Step 81 time 0.0288775 control sound timestep  0.000365457 1,1 x 0 y 0
 Wall clock 90.3679
 Average time per cell 4.72875e-09
  Step time per cell    4.71413e-09
 Step 82 time 0.0292429 control sound timestep  0.000365459 1,1 x 0 y 0
 Wall clock 91.4664
 Average time per cell 4.72787e-09
  Step time per cell    4.65615e-09
 Step 83 time 0.0296084 control sound timestep  0.000365461 1,1 x 0 y 0
 Wall clock 92.5589
 Average time per cell 4.72669e-09
  Step time per cell    4.62999e-09
 Step 84 time 0.0299738 control sound timestep  0.000365461 1,1 x 0 y 0
 Wall clock 93.6749
 Average time per cell 4.72674e-09
  Step time per cell    4.72995e-09
 Step 85 time 0.0303393 control sound timestep  0.000365475 1,1 x 0 y 0
 Wall clock 94.7873
 Average time per cell 4.7266e-09
  Step time per cell    4.71484e-09
 Step 86 time 0.0307048 control sound timestep  0.000365488 1,1 x 0 y 0
 Wall clock 95.903
 Average time per cell 4.72663e-09
  Step time per cell    4.72891e-09
 Step 87 time 0.0310703 control sound timestep  0.0003655 1,1 x 0 y 0
 Wall clock 97.0175
 Average time per cell 4.7266e-09
  Step time per cell    4.72358e-09
 Step 88 time 0.0314358 control sound timestep  0.000365513 1,1 x 0 y 0
 Wall clock 98.1336
 Average time per cell 4.72664e-09
  Step time per cell    4.73028e-09
 Step 89 time 0.0318013 control sound timestep  0.000365528 1,1 x 0 y 0
 Wall clock 99.2472
 Average time per cell 4.72657e-09
  Step time per cell    4.71963e-09
 Step 90 time 0.0321668 control sound timestep  0.000365555 1,1 x 0 y 0
 Wall clock 100.441
 Average time per cell 4.73029e-09
  Step time per cell    5.0618e-09
 Step 91 time 0.0325324 control sound timestep  0.00036558 1,1 x 0 y 0
 Wall clock 101.56
 Average time per cell 4.7304e-09
  Step time per cell    4.74005e-09
 Step 92 time 0.0328979 control sound timestep  0.000365603 1,1 x 0 y 0
 Wall clock 102.664
 Average time per cell 4.72986e-09
  Step time per cell    4.67999e-09
 Step 93 time 0.0332636 control sound timestep  0.000365628 1,1 x 0 y 0
 Wall clock 103.776
 Average time per cell 4.72967e-09
  Step time per cell    4.71235e-09
 Step 94 time 0.0336292 control sound timestep  0.000365659 1,1 x 0 y 0
 Wall clock 104.875
 Average time per cell 4.7289e-09
  Step time per cell    4.65644e-09
 Step 95 time 0.0339948 control sound timestep  0.000365696 1,1 x 0 y 0
 Wall clock 105.974
 Average time per cell 4.72817e-09
  Step time per cell    4.65947e-09
 Step 96 time 0.0343605 control sound timestep  0.000365709 1,1 x 0 y 0
 Wall clock 107.084
 Average time per cell 4.72794e-09
  Step time per cell    4.70646e-09
 Step 97 time 0.0347262 control sound timestep  0.00036571 1,1 x 0 y 0
 Wall clock 108.2
 Average time per cell 4.72793e-09
  Step time per cell    4.72658e-09
 Step 98 time 0.035092 control sound timestep  0.000365708 1,1 x 0 y 0
 Wall clock 109.32
 Average time per cell 4.72814e-09
  Step time per cell    4.74824e-09
 Step 99 time 0.0354577 control sound timestep  0.000365716 1,1 x 0 y 0
 Wall clock 110.437
 Average time per cell 4.72822e-09
  Step time per cell    4.73519e-09
 Step 100 time 0.0358234 control sound timestep  0.000365728 1,1 x 0 y 0
 Wall clock 111.607
 Average time per cell 4.73051e-09
  Step time per cell    4.95722e-09
 Step 101 time 0.0361891 control sound timestep  0.000365739 1,1 x 0 y 0
 Wall clock 112.718
 Average time per cell 4.73032e-09
  Step time per cell    4.71155e-09
 Step 102 time 0.0365548 control sound timestep  0.000365749 1,1 x 0 y 0
 Wall clock 113.828
 Average time per cell 4.73007e-09
  Step time per cell    4.70378e-09
 Step 103 time 0.0369206 control sound timestep  0.000365761 1,1 x 0 y 0
 Wall clock 114.942
 Average time per cell 4.72999e-09
  Step time per cell    4.72209e-09
 Step 104 time 0.0372864 control sound timestep  0.00036578 1,1 x 0 y 0
 Wall clock 116.056
 Average time per cell 4.72989e-09
  Step time per cell    4.71888e-09
 Step 105 time 0.0376521 control sound timestep  0.000365803 1,1 x 0 y 0
 Wall clock 117.175
 Average time per cell 4.73003e-09
  Step time per cell    4.74492e-09
 Step 106 time 0.0380179 control sound timestep  0.000365823 1,1 x 0 y 0
 Wall clock 118.296
 Average time per cell 4.73022e-09
  Step time per cell    4.74964e-09
 Step 107 time 0.0383838 control sound timestep  0.000365844 1,1 x 0 y 0
 Wall clock 119.413
 Average time per cell 4.73026e-09
  Step time per cell    4.73476e-09
 Step 108 time 0.0387496 control sound timestep  0.000365869 1,1 x 0 y 0
 Wall clock 120.535
 Average time per cell 4.73049e-09
  Step time per cell    4.75414e-09
 Step 109 time 0.0391155 control sound timestep  0.000365899 1,1 x 0 y 0
 Wall clock 121.658
 Average time per cell 4.73076e-09
  Step time per cell    4.76036e-09
 Step 110 time 0.0394814 control sound timestep  0.000365927 1,1 x 0 y 0
 Wall clock 122.845
 Average time per cell 4.7335e-09
  Step time per cell    5.0319e-09
 Step 111 time 0.0398473 control sound timestep  0.000365928 1,1 x 0 y 0
 Wall clock 123.96
 Average time per cell 4.73342e-09
  Step time per cell    4.72387e-09
 Step 112 time 0.0402132 control sound timestep  0.000365927 1,1 x 0 y 0
 Wall clock 125.077
 Average time per cell 4.73345e-09
  Step time per cell    4.73615e-09
 Step 113 time 0.0405792 control sound timestep  0.000365929 1,1 x 0 y 0
 Wall clock 126.193
 Average time per cell 4.73342e-09
  Step time per cell    4.73061e-09
 Step 114 time 0.0409451 control sound timestep  0.000365939 1,1 x 0 y 0
 Wall clock 127.308
 Average time per cell 4.73335e-09
  Step time per cell    4.72449e-09
 Step 115 time 0.041311 control sound timestep  0.000365949 1,1 x 0 y 0
 Wall clock 128.423
 Average time per cell 4.7333e-09
  Step time per cell    4.72732e-09
 Step 116 time 0.041677 control sound timestep  0.000365958 1,1 x 0 y 0
 Wall clock 129.539
 Average time per cell 4.73324e-09
  Step time per cell    4.72697e-09
 Step 117 time 0.0420429 control sound timestep  0.000365968 1,1 x 0 y 0
 Wall clock 130.664
 Average time per cell 4.73356e-09
  Step time per cell    4.77003e-09
 Step 118 time 0.0424089 control sound timestep  0.00036598 1,1 x 0 y 0
 Wall clock 131.786
 Average time per cell 4.73375e-09
  Step time per cell    4.7553e-09
 Step 119 time 0.0427749 control sound timestep  0.000366001 1,1 x 0 y 0
 Wall clock 132.902
 Average time per cell 4.73372e-09
  Step time per cell    4.72981e-09
 Step 120 time 0.0431409 control sound timestep  0.00036602 1,1 x 0 y 0
 Wall clock 134.098
 Average time per cell 4.73651e-09
  Step time per cell    5.06856e-09
 Step 121 time 0.0435069 control sound timestep  0.000366037 1,1 x 0 y 0
 Wall clock 135.221
 Average time per cell 4.73669e-09
  Step time per cell    4.75809e-09
 Step 122 time 0.0438729 control sound timestep  0.000366057 1,1 x 0 y 0
 Wall clock 136.334
 Average time per cell 4.73655e-09
  Step time per cell    4.71893e-09
 Step 123 time 0.044239 control sound timestep  0.000366082 1,1 x 0 y 0
 Wall clock 137.451
 Average time per cell 4.73653e-09
  Step time per cell    4.73394e-09
 Step 124 time 0.0446051 control sound timestep  0.000366111 1,1 x 0 y 0
 Wall clock 138.568
 Average time per cell 4.73651e-09
  Step time per cell    4.73383e-09
 Step 125 time 0.0449712 control sound timestep  0.000366119 1,1 x 0 y 0
 Wall clock 139.684
 Average time per cell 4.73645e-09
  Step time per cell    4.72889e-09
 Step 126 time 0.0453373 control sound timestep  0.00036612 1,1 x 0 y 0
 Wall clock 140.798
 Average time per cell 4.73636e-09
  Step time per cell    4.72458e-09
 Step 127 time 0.0457034 control sound timestep  0.000366118 1,1 x 0 y 0
 Wall clock 141.921
 Average time per cell 4.73654e-09
  Step time per cell    4.75954e-09
 Step 128 time 0.0460695 control sound timestep  0.000366125 1,1 x 0 y 0
 Wall clock 143.047
 Average time per cell 4.7368e-09
  Step time per cell    4.76957e-09
 Step 129 time 0.0464357 control sound timestep  0.000366134 1,1 x 0 y 0
 Wall clock 144.158
 Average time per cell 4.7366e-09
  Step time per cell    4.71056e-09
 Step 130 time 0.0468018 control sound timestep  0.000366143 1,1 x 0 y 0
 Wall clock 145.353
 Average time per cell 4.73914e-09
  Step time per cell    5.06594e-09
 Step 131 time 0.0471679 control sound timestep  0.000366151 1,1 x 0 y 0
 Wall clock 146.477
 Average time per cell 4.73931e-09
  Step time per cell    4.76196e-09
 Step 132 time 0.0475341 control sound timestep  0.00036616 1,1 x 0 y 0
 Wall clock 147.593
 Average time per cell 4.73925e-09
  Step time per cell    4.73145e-09
 Step 133 time 0.0479003 control sound timestep  0.000366177 1,1 x 0 y 0
 Wall clock 148.708
 Average time per cell 4.73914e-09
  Step time per cell    4.72414e-09
 Step 134 time 0.0482664 control sound timestep  0.000366195 1,1 x 0 y 0
 Wall clock 149.824
 Average time per cell 4.7391e-09
  Step time per cell    4.73284e-09
 Step 135 time 0.0486326 control sound timestep  0.000366211 1,1 x 0 y 0
 Wall clock 150.943
 Average time per cell 4.7391e-09
  Step time per cell    4.73872e-09
 Step 136 time 0.0489988 control sound timestep  0.000366227 1,1 x 0 y 0
 Wall clock 152.054
 Average time per cell 4.73889e-09
  Step time per cell    4.71116e-09
 Step 137 time 0.0493651 control sound timestep  0.000366248 1,1 x 0 y 0
 Wall clock 153.169
 Average time per cell 4.7388e-09
  Step time per cell    4.72663e-09
 Step 138 time 0.0497313 control sound timestep  0.000366273 1,1 x 0 y 0
 Wall clock 154.285
 Average time per cell 4.73874e-09
  Step time per cell    4.72967e-09
 Step 139 time 0.0500976 control sound timestep  0.000366291 1,1 x 0 y 0
 Wall clock 155.402
 Average time per cell 4.7387e-09
  Step time per cell    4.73224e-09
 Step 140 time 0.0504639 control sound timestep  0.000366292 1,1 x 0 y 0
 Wall clock 156.588
 Average time per cell 4.74077e-09
  Step time per cell    5.02907e-09
 Step 141 time 0.0508302 control sound timestep  0.000366288 1,1 x 0 y 0
 Wall clock 157.7
 Average time per cell 4.74057e-09
  Step time per cell    4.71209e-09
 Step 142 time 0.0511965 control sound timestep  0.000366292 1,1 x 0 y 0
 Wall clock 158.799
 Average time per cell 4.73997e-09
  Step time per cell    4.65532e-09
 Step 143 time 0.0515627 control sound timestep  0.000366301 1,1 x 0 y 0
 Wall clock 159.912
 Average time per cell 4.73983e-09
  Step time per cell    4.7192e-09
 Step 144 time 0.051929 control sound timestep  0.000366308 1,1 x 0 y 0
 Wall clock 161.029
 Average time per cell 4.73979e-09
  Step time per cell    4.73462e-09
 Step 145 time 0.0522954 control sound timestep  0.000366316 1,1 x 0 y 0
 Wall clock 162.145
 Average time per cell 4.73974e-09
  Step time per cell    4.73158e-09
 Step 146 time 0.0526617 control sound timestep  0.000366324 1,1 x 0 y 0
 Wall clock 163.271
 Average time per cell 4.73996e-09
  Step time per cell    4.77209e-09
 Step 147 time 0.053028 control sound timestep  0.000366336 1,1 x 0 y 0
 Wall clock 164.394
 Average time per cell 4.74009e-09
  Step time per cell    4.75814e-09
 Step 148 time 0.0533943 control sound timestep  0.000366353 1,1 x 0 y 0
 Wall clock 165.515
 Average time per cell 4.74016e-09
  Step time per cell    4.75082e-09
 Step 149 time 0.0537607 control sound timestep  0.000366368 1,1 x 0 y 0
 Wall clock 166.64
 Average time per cell 4.74035e-09
  Step time per cell    4.76827e-09
 Step 150 time 0.0541271 control sound timestep  0.000366382 1,1 x 0 y 0
 Wall clock 167.832
 Average time per cell 4.74244e-09
  Step time per cell    5.05388e-09
 Step 151 time 0.0544934 control sound timestep  0.000366399 1,1 x 0 y 0
 Wall clock 168.952
 Average time per cell 4.74247e-09
  Step time per cell    4.74631e-09
 Step 152 time 0.0548598 control sound timestep  0.000366421 1,1 x 0 y 0
 Wall clock 170.054
 Average time per cell 4.742e-09
  Step time per cell    4.67121e-09
 Step 153 time 0.0552263 control sound timestep  0.000366444 1,1 x 0 y 0
 Wall clock 171.164
 Average time per cell 4.74175e-09
  Step time per cell    4.70331e-09
 Step 154 time 0.0555927 control sound timestep  0.000366446 1,1 x 0 y 0
 Wall clock 172.266
 Average time per cell 4.7413e-09
  Step time per cell    4.6712e-09
 Step 155 time 0.0559591 control sound timestep  0.000366445 1,1 x 0 y 0
 Wall clock 173.384
 Average time per cell 4.74126e-09
  Step time per cell    4.73599e-09
 Step 156 time 0.0563256 control sound timestep  0.000366445 1,1 x 0 y 0
 Wall clock 174.501
 Average time per cell 4.74124e-09
  Step time per cell    4.73724e-09
 Step 157 time 0.056692 control sound timestep  0.000366452 1,1 x 0 y 0
 Wall clock 175.629
 Average time per cell 4.74148e-09
  Step time per cell    4.77906e-09
 Step 158 time 0.0570585 control sound timestep  0.000366459 1,1 x 0 y 0
 Wall clock 176.747
 Average time per cell 4.74146e-09
  Step time per cell    4.73839e-09
 Step 159 time 0.0574249 control sound timestep  0.000366466 1,1 x 0 y 0
 Wall clock 177.87
 Average time per cell 4.74159e-09
  Step time per cell    4.76165e-09
 Step 160 time 0.0577914 control sound timestep  0.000366473 1,1 x 0 y 0
 Wall clock 179.067
 Average time per cell 4.74365e-09
  Step time per cell    5.07004e-09
 Step 161 time 0.0581579 control sound timestep  0.000366482 1,1 x 0 y 0
 Wall clock 180.181
 Average time per cell 4.74353e-09
  Step time per cell    4.72443e-09
 Step 162 time 0.0585244 control sound timestep  0.000366498 1,1 x 0 y 0
 Wall clock 181.301
 Average time per cell 4.74354e-09
  Step time per cell    4.74553e-09
 Step 163 time 0.0588909 control sound timestep  0.000366512 1,1 x 0 y 0
 Wall clock 182.427
 Average time per cell 4.74371e-09
  Step time per cell    4.77066e-09
 Step 164 time 0.0592574 control sound timestep  0.000366525 1,1 x 0 y 0
 Wall clock 183.555
 Average time per cell 4.74395e-09
  Step time per cell    4.78279e-09
 Step 165 time 0.0596239 control sound timestep  0.000366539 1,1 x 0 y 0
 Wall clock 184.679
 Average time per cell 4.74407e-09
  Step time per cell    4.76312e-09
 Step 166 time 0.0599904 control sound timestep  0.000366558 1,1 x 0 y 0
 Wall clock 185.8
 Average time per cell 4.74412e-09
  Step time per cell    4.75172e-09
 Step 167 time 0.060357 control sound timestep  0.00036658 1,1 x 0 y 0
 Wall clock 186.929
 Average time per cell 4.74435e-09
  Step time per cell    4.7828e-09
 Step 168 time 0.0607236 control sound timestep  0.000366586 1,1 x 0 y 0
 Wall clock 188.047
 Average time per cell 4.74432e-09
  Step time per cell    4.73851e-09
 Step 169 time 0.0610902 control sound timestep  0.000366586 1,1 x 0 y 0
 Wall clock 189.163
 Average time per cell 4.74426e-09
  Step time per cell    4.73395e-09
 Step 170 time 0.0614568 control sound timestep  0.000366585 1,1 x 0 y 0
 Wall clock 190.363
 Average time per cell 4.74626e-09
  Step time per cell    5.08381e-09
 Step 171 time 0.0618233 control sound timestep  0.00036659 1,1 x 0 y 0
 Wall clock 191.486
 Average time per cell 4.74633e-09
  Step time per cell    4.75946e-09
 Step 172 time 0.0621899 control sound timestep  0.000366597 1,1 x 0 y 0
 Wall clock 192.606
 Average time per cell 4.74634e-09
  Step time per cell    4.74714e-09
 Step 173 time 0.0625565 control sound timestep  0.000366603 1,1 x 0 y 0
 Wall clock 193.739
 Average time per cell 4.74666e-09
  Step time per cell    4.80143e-09
 Step 174 time 0.0629231 control sound timestep  0.000366609 1,1 x 0 y 0
 Wall clock 194.86
 Average time per cell 4.74668e-09
  Step time per cell    4.74998e-09
 Step 175 time 0.0632897 control sound timestep  0.000366616 1,1 x 0 y 0
 Wall clock 195.983
 Average time per cell 4.74677e-09
  Step time per cell    4.76158e-09
 Step 176 time 0.0636564 control sound timestep  0.000366631 1,1 x 0 y 0
 Wall clock 197.103
 Average time per cell 4.74677e-09
  Step time per cell    4.74743e-09
 Step 177 time 0.064023 control sound timestep  0.000366644 1,1 x 0 y 0
 Wall clock 198.219
 Average time per cell 4.74667e-09
  Step time per cell    4.72844e-09
 Step 178 time 0.0643896 control sound timestep  0.000366656 1,1 x 0 y 0
 Wall clock 199.343
 Average time per cell 4.74677e-09
  Step time per cell    4.76418e-09
 Step 179 time 0.0647563 control sound timestep  0.000366668 1,1 x 0 y 0
 Wall clock 200.465
 Average time per cell 4.74683e-09
  Step time per cell    4.75793e-09
 Step 180 time 0.065123 control sound timestep  0.000366685 1,1 x 0 y 0
 Wall clock 201.656
 Average time per cell 4.74849e-09
  Step time per cell    5.04392e-09
 Step 181 time 0.0654896 control sound timestep  0.000366704 1,1 x 0 y 0
 Wall clock 202.775
 Average time per cell 4.74846e-09
  Step time per cell    4.74423e-09
 Step 182 time 0.0658563 control sound timestep  0.000366715 1,1 x 0 y 0
 Wall clock 203.892
 Average time per cell 4.74839e-09
  Step time per cell    4.73476e-09
 Step 183 time 0.0662231 control sound timestep  0.000366716 1,1 x 0 y 0
 Wall clock 205.009
 Average time per cell 4.74832e-09
  Step time per cell    4.73516e-09
 Step 184 time 0.0665898 control sound timestep  0.000366713 1,1 x 0 y 0
 Wall clock 206.12
 Average time per cell 4.7481e-09
  Step time per cell    4.70776e-09
 Step 185 time 0.0669565 control sound timestep  0.000366717 1,1 x 0 y 0
 Wall clock 207.234
 Average time per cell 4.74796e-09
  Step time per cell    4.7212e-09
 Step 186 time 0.0673232 control sound timestep  0.000366724 1,1 x 0 y 0
 Wall clock 208.326
 Average time per cell 4.74732e-09
  Step time per cell    4.63e-09
 Step 187 time 0.0676899 control sound timestep  0.000366729 1,1 x 0 y 0
 Wall clock 209.434
 Average time per cell 4.74703e-09
  Step time per cell    4.69292e-09
 Step 188 time 0.0680567 control sound timestep  0.000366735 1,1 x 0 y 0
 Wall clock 210.553
 Average time per cell 4.74702e-09
  Step time per cell    4.7444e-09
 Step 189 time 0.0684234 control sound timestep  0.000366742 1,1 x 0 y 0
 Wall clock 211.671
 Average time per cell 4.74699e-09
  Step time per cell    4.74011e-09
 Step 190 time 0.0687901 control sound timestep  0.000366754 1,1 x 0 y 0
 Wall clock 212.869
 Average time per cell 4.74871e-09
  Step time per cell    5.07413e-09
 Step 191 time 0.0691569 control sound timestep  0.000366766 1,1 x 0 y 0
 Wall clock 213.988
 Average time per cell 4.74869e-09
  Step time per cell    4.74561e-09
 Step 192 time 0.0695237 control sound timestep  0.000366777 1,1 x 0 y 0
 Wall clock 215.102
 Average time per cell 4.74854e-09
  Step time per cell    4.71891e-09
 Step 193 time 0.0698904 control sound timestep  0.000366789 1,1 x 0 y 0
 Wall clock 216.217
 Average time per cell 4.74843e-09
  Step time per cell    4.72726e-09
 Step 194 time 0.0702572 control sound timestep  0.000366803 1,1 x 0 y 0
 Wall clock 217.316
 Average time per cell 4.74796e-09
  Step time per cell    4.65647e-09
 Step 195 time 0.070624 control sound timestep  0.000366821 1,1 x 0 y 0
 Wall clock 218.417
 Average time per cell 4.74755e-09
  Step time per cell    4.66837e-09
 Step 196 time 0.0709908 control sound timestep  0.000366835 1,1 x 0 y 0
 Wall clock 219.535
 Average time per cell 4.7475e-09
  Step time per cell    4.73749e-09
 Step 197 time 0.0713577 control sound timestep  0.000366836 1,1 x 0 y 0
 Wall clock 220.655
 Average time per cell 4.74749e-09
  Step time per cell    4.74579e-09
 Step 198 time 0.0717245 control sound timestep  0.000366833 1,1 x 0 y 0
 Wall clock 221.779
 Average time per cell 4.74759e-09
  Step time per cell    4.76607e-09
 Step 199 time 0.0720913 control sound timestep  0.000366836 1,1 x 0 y 0
 Wall clock 222.893
 Average time per cell 4.74746e-09
  Step time per cell    4.72152e-09
 Step 200 time 0.0724582 control sound timestep  0.000366842 1,1 x 0 y 0
 Wall clock 224.091
 Average time per cell 4.7491e-09
  Step time per cell    5.07607e-09
 Step 201 time 0.072825 control sound timestep  0.000366847 1,1 x 0 y 0
 Wall clock 225.208
 Average time per cell 4.74904e-09
  Step time per cell    4.73587e-09
 Step 202 time 0.0731919 control sound timestep  0.000366853 1,1 x 0 y 0
 Wall clock 226.301
 Average time per cell 4.74845e-09
  Step time per cell    4.62983e-09
 Step 203 time 0.0735587 control sound timestep  0.000366859 1,1 x 0 y 0
 Wall clock 227.41
 Average time per cell 4.74822e-09
  Step time per cell    4.70207e-09
 Step 204 time 0.0739256 control sound timestep  0.000366869 1,1 x 0 y 0
 Wall clock 228.526
 Average time per cell 4.74814e-09
  Step time per cell    4.73118e-09
 Step 205 time 0.0742925 control sound timestep  0.000366881 1,1 x 0 y 0
 Wall clock 229.649
 Average time per cell 4.74819e-09
  Step time per cell    4.75891e-09
 Step 206 time 0.0746593 control sound timestep  0.000366892 1,1 x 0 y 0
 Wall clock 230.771
 Average time per cell 4.74823e-09
  Step time per cell    4.75547e-09
 Step 207 time 0.0750262 control sound timestep  0.000366902 1,1 x 0 y 0
 Wall clock 231.894
 Average time per cell 4.74829e-09
  Step time per cell    4.75995e-09
 Step 208 time 0.0753931 control sound timestep  0.000366915 1,1 x 0 y 0
 Wall clock 233.014
 Average time per cell 4.74827e-09
  Step time per cell    4.74422e-09
 Step 209 time 0.07576 control sound timestep  0.000366932 1,1 x 0 y 0
 Wall clock 234.135
 Average time per cell 4.74828e-09
  Step time per cell    4.75066e-09
 Step 210 time 0.076127 control sound timestep  0.000366947 1,1 x 0 y 0
 Wall clock 235.323
 Average time per cell 4.74966e-09
  Step time per cell    5.03715e-09
 Step 211 time 0.0764939 control sound timestep  0.000366948 1,1 x 0 y 0
 Wall clock 236.441
 Average time per cell 4.7496e-09
  Step time per cell    4.73661e-09
 Step 212 time 0.0768609 control sound timestep  0.000366945 1,1 x 0 y 0
 Wall clock 237.557
 Average time per cell 4.74952e-09
  Step time per cell    4.73224e-09
 Step 213 time 0.0772278 control sound timestep  0.000366947 1,1 x 0 y 0
 Wall clock 238.669
 Average time per cell 4.74934e-09
  Step time per cell    4.71152e-09
 Step 214 time 0.0775948 control sound timestep  0.000366952 1,1 x 0 y 0
 Wall clock 239.787
 Average time per cell 4.7493e-09
  Step time per cell    4.74023e-09
 Step 215 time 0.0779617 control sound timestep  0.000366958 1,1 x 0 y 0
 Wall clock 240.906
 Average time per cell 4.74926e-09
  Step time per cell    4.74134e-09
 Step 216 time 0.0783287 control sound timestep  0.000366963 1,1 x 0 y 0
 Wall clock 242.026
 Average time per cell 4.74925e-09
  Step time per cell    4.74642e-09
 Step 217 time 0.0786956 control sound timestep  0.000366968 1,1 x 0 y 0
 Wall clock 243.143
 Average time per cell 4.74919e-09
  Step time per cell    4.73611e-09
 Step 218 time 0.0790626 control sound timestep  0.000366977 1,1 x 0 y 0
 Wall clock 244.262
 Average time per cell 4.74916e-09
  Step time per cell    4.74068e-09
 Step 219 time 0.0794296 control sound timestep  0.000366989 1,1 x 0 y 0
 Wall clock 245.382
 Average time per cell 4.74916e-09
  Step time per cell    4.75001e-09
 Step 220 time 0.0797966 control sound timestep  0.000366999 1,1 x 0 y 0
 Wall clock 246.576
 Average time per cell 4.75056e-09
  Step time per cell    5.05762e-09
 Step 221 time 0.0801636 control sound timestep  0.000367009 1,1 x 0 y 0
 Wall clock 247.689
 Average time per cell 4.75042e-09
  Step time per cell    4.71787e-09
 Step 222 time 0.0805306 control sound timestep  0.000367021 1,1 x 0 y 0
 Wall clock 248.788
 Average time per cell 4.75001e-09
  Step time per cell    4.66047e-09
 Step 223 time 0.0808976 control sound timestep  0.000367036 1,1 x 0 y 0
 Wall clock 249.911
 Average time per cell 4.75006e-09
  Step time per cell    4.75937e-09
 Step 224 time 0.0812646 control sound timestep  0.000367052 1,1 x 0 y 0
 Wall clock 251.037
 Average time per cell 4.75015e-09
  Step time per cell    4.7714e-09
 Step 225 time 0.0816317 control sound timestep  0.000367052 1,1 x 0 y 0
 Wall clock 252.162
 Average time per cell 4.75023e-09
  Step time per cell    4.76768e-09
 Step 226 time 0.0819987 control sound timestep  0.00036705 1,1 x 0 y 0
 Wall clock 253.288
 Average time per cell 4.75033e-09
  Step time per cell    4.7712e-09
 Step 227 time 0.0823658 control sound timestep  0.000367051 1,1 x 0 y 0
 Wall clock 254.41
 Average time per cell 4.75036e-09
  Step time per cell    4.75769e-09
 Step 228 time 0.0827328 control sound timestep  0.000367056 1,1 x 0 y 0
 Wall clock 255.534
 Average time per cell 4.75042e-09
  Step time per cell    4.76352e-09
 Step 229 time 0.0830999 control sound timestep  0.000367062 1,1 x 0 y 0
 Wall clock 256.658
 Average time per cell 4.75048e-09
  Step time per cell    4.76353e-09
 Step 230 time 0.083467 control sound timestep  0.000367066 1,1 x 0 y 0
 Wall clock 257.857
 Average time per cell 4.75191e-09
  Step time per cell    5.08076e-09
 Step 231 time 0.083834 control sound timestep  0.000367071 1,1 x 0 y 0
 Wall clock 258.988
 Average time per cell 4.75209e-09
  Step time per cell    4.79287e-09
 Step 232 time 0.0842011 control sound timestep  0.000367079 1,1 x 0 y 0
 Wall clock 260.116
 Average time per cell 4.75222e-09
  Step time per cell    4.78263e-09
 Step 233 time 0.0845682 control sound timestep  0.000367091 1,1 x 0 y 0
 Wall clock 261.25
 Average time per cell 4.75246e-09
  Step time per cell    4.80716e-09
 Step 234 time 0.0849353 control sound timestep  0.0003671 1,1 x 0 y 0
 Wall clock 262.383
 Average time per cell 4.75267e-09
  Step time per cell    4.79984e-09
 Step 235 time 0.0853024 control sound timestep  0.00036711 1,1 x 0 y 0
 Wall clock 263.516
 Average time per cell 4.75288e-09
  Step time per cell    4.80356e-09
 Step 236 time 0.0856695 control sound timestep  0.000367121 1,1 x 0 y 0
 Wall clock 264.644
 Average time per cell 4.753e-09
  Step time per cell    4.77982e-09
 Step 237 time 0.0860366 control sound timestep  0.000367135 1,1 x 0 y 0
 Wall clock 265.773
 Average time per cell 4.75314e-09
  Step time per cell    4.78533e-09
 Step 238 time 0.0864037 control sound timestep  0.000367151 1,1 x 0 y 0
 Wall clock 266.897
 Average time per cell 4.75318e-09
  Step time per cell    4.76227e-09
 Step 239 time 0.0867709 control sound timestep  0.000367151 1,1 x 0 y 0
 Wall clock 268.018
 Average time per cell 4.75316e-09
  Step time per cell    4.75022e-09
 Step 240 time 0.087138 control sound timestep  0.00036715 1,1 x 0 y 0
 Wall clock 269.213
 Average time per cell 4.75447e-09
  Step time per cell    5.06533e-09
 Step 241 time 0.0875052 control sound timestep  0.00036715 1,1 x 0 y 0
 Wall clock 270.351
 Average time per cell 4.75476e-09
  Step time per cell    4.82479e-09
 Step 242 time 0.0878723 control sound timestep  0.000367155 1,1 x 0 y 0
 Wall clock 271.479
 Average time per cell 4.75487e-09
  Step time per cell    4.78237e-09
 Step 243 time 0.0882395 control sound timestep  0.00036716 1,1 x 0 y 0
 Wall clock 272.608
 Average time per cell 4.755e-09
  Step time per cell    4.78438e-09
 Step 244 time 0.0886066 control sound timestep  0.000367164 1,1 x 0 y 0
 Wall clock 273.73
 Average time per cell 4.755e-09
  Step time per cell    4.75667e-09
 Step 245 time 0.0889738 control sound timestep  0.000367169 1,1 x 0 y 0
 Wall clock 274.853
 Average time per cell 4.75502e-09
  Step time per cell    4.75807e-09
 Step 246 time 0.089341 control sound timestep  0.000367177 1,1 x 0 y 0
 Wall clock 275.977
 Average time per cell 4.75505e-09
  Step time per cell    4.76302e-09
 Step 247 time 0.0897082 control sound timestep  0.000367187 1,1 x 0 y 0
 Wall clock 277.1
 Average time per cell 4.75508e-09
  Step time per cell    4.76201e-09
 Step 248 time 0.0900753 control sound timestep  0.000367197 1,1 x 0 y 0
 Wall clock 278.222
 Average time per cell 4.75508e-09
  Step time per cell    4.75528e-09
 Step 249 time 0.0904425 control sound timestep  0.000367205 1,1 x 0 y 0
 Wall clock 279.355
 Average time per cell 4.75526e-09
  Step time per cell    4.80008e-09
 Step 250 time 0.0908097 control sound timestep  0.000367216 1,1 x 0 y 0
 Wall clock 280.551
 Average time per cell 4.75652e-09
  Step time per cell    5.0697e-09
 Step 251 time 0.091177 control sound timestep  0.000367229 1,1 x 0 y 0
 Wall clock 281.68
 Average time per cell 4.75664e-09
  Step time per cell    4.78591e-09
 Step 252 time 0.0915442 control sound timestep  0.000367244 1,1 x 0 y 0
 Wall clock 282.815
 Average time per cell 4.75685e-09
  Step time per cell    4.80928e-09
 Step 253 time 0.0919114 control sound timestep  0.000367245 1,1 x 0 y 0
 Wall clock 283.944
 Average time per cell 4.75696e-09
  Step time per cell    4.78302e-09
 Step 254 time 0.0922787 control sound timestep  0.000367243 1,1 x 0 y 0
 Wall clock 285.065
 Average time per cell 4.75695e-09
  Step time per cell    4.75451e-09
 Step 255 time 0.0926459 control sound timestep  0.000367244 1,1 x 0 y 0
 Wall clock 286.187
 Average time per cell 4.75694e-09
  Step time per cell    4.75414e-09
 Step 256 time 0.0930132 control sound timestep  0.000367248 1,1 x 0 y 0
 Wall clock 287.312
 Average time per cell 4.75699e-09
  Step time per cell    4.76912e-09
 Step 257 time 0.0933804 control sound timestep  0.000367253 1,1 x 0 y 0
 Wall clock 288.44
 Average time per cell 4.75708e-09
  Step time per cell    4.7813e-09
 Step 258 time 0.0937477 control sound timestep  0.000367257 1,1 x 0 y 0
 Wall clock 289.569
 Average time per cell 4.75718e-09
  Step time per cell    4.78321e-09
 Step 259 time 0.0941149 control sound timestep  0.000367262 1,1 x 0 y 0
 Wall clock 290.692
 Average time per cell 4.75719e-09
  Step time per cell    4.75992e-09
 Step 260 time 0.0944822 control sound timestep  0.000367269 1,1 x 0 y 0
 Wall clock 291.891
 Average time per cell 4.75844e-09
  Step time per cell    5.0808e-09
 Step 261 time 0.0948495 control sound timestep  0.000367279 1,1 x 0 y 0
 Wall clock 293.03
 Average time per cell 4.75871e-09
  Step time per cell    4.82858e-09
 Step 262 time 0.0952167 control sound timestep  0.000367288 1,1 x 0 y 0
 Wall clock 294.155
 Average time per cell 4.75875e-09
  Step time per cell    4.76935e-09
 Step 263 time 0.095584 control sound timestep  0.000367297 1,1 x 0 y 0
 Wall clock 295.286
 Average time per cell 4.75888e-09
  Step time per cell    4.79198e-09
 Step 264 time 0.0959513 control sound timestep  0.000367307 1,1 x 0 y 0
 Wall clock 296.41
 Average time per cell 4.7589e-09
  Step time per cell    4.76541e-09
 Step 265 time 0.0963186 control sound timestep  0.00036732 1,1 x 0 y 0
 Wall clock 297.535
 Average time per cell 4.75894e-09
  Step time per cell    4.76801e-09
 Step 266 time 0.0966859 control sound timestep  0.000367334 1,1 x 0 y 0
 Wall clock 298.662
 Average time per cell 4.759e-09
  Step time per cell    4.77488e-09
 Step 267 time 0.0970533 control sound timestep  0.000367334 1,1 x 0 y 0
 Wall clock 299.798
 Average time per cell 4.75921e-09
  Step time per cell    4.81563e-09
 Step 268 time 0.0974206 control sound timestep  0.000367332 1,1 x 0 y 0
 Wall clock 300.921
 Average time per cell 4.75922e-09
  Step time per cell    4.76118e-09
 Step 269 time 0.0977879 control sound timestep  0.000367333 1,1 x 0 y 0
 Wall clock 302.043
 Average time per cell 4.7592e-09
  Step time per cell    4.75205e-09
 Step 270 time 0.0981553 control sound timestep  0.000367338 1,1 x 0 y 0
 Wall clock 303.24
 Average time per cell 4.76037e-09
  Step time per cell    5.07465e-09
 Step 271 time 0.0985226 control sound timestep  0.000367342 1,1 x 0 y 0
 Wall clock 304.372
 Average time per cell 4.76051e-09
  Step time per cell    4.79981e-09
 Step 272 time 0.09889 control sound timestep  0.000367346 1,1 x 0 y 0
 Wall clock 305.503
 Average time per cell 4.76063e-09
  Step time per cell    4.79116e-09
 Step 273 time 0.0992573 control sound timestep  0.00036735 1,1 x 0 y 0
 Wall clock 306.626
 Average time per cell 4.76063e-09
  Step time per cell    4.76054e-09
 Step 274 time 0.0996247 control sound timestep  0.000367358 1,1 x 0 y 0
 Wall clock 307.751
 Average time per cell 4.76065e-09
  Step time per cell    4.76637e-09
 Step 275 time 0.099992 control sound timestep  0.000367367 1,1 x 0 y 0
 Wall clock 308.874
 Average time per cell 4.76065e-09
  Step time per cell    4.76039e-09
 Step 276 time 0.100359 control sound timestep  0.000367376 1,1 x 0 y 0
 Wall clock 309.996
 Average time per cell 4.76064e-09
  Step time per cell    4.75779e-09
 Step 277 time 0.100727 control sound timestep  0.000367384 1,1 x 0 y 0
 Wall clock 311.129
 Average time per cell 4.76078e-09
  Step time per cell    4.79996e-09
 Step 278 time 0.101094 control sound timestep  0.000367394 1,1 x 0 y 0
 Wall clock 312.255
 Average time per cell 4.76082e-09
  Step time per cell    4.771e-09
 Step 279 time 0.101462 control sound timestep  0.000367406 1,1 x 0 y 0
 Wall clock 313.379
 Average time per cell 4.76084e-09
  Step time per cell    4.76639e-09
 Step 280 time 0.101829 control sound timestep  0.000367419 1,1 x 0 y 0
 Wall clock 314.578
 Average time per cell 4.76199e-09
  Step time per cell    5.08249e-09
 Step 281 time 0.102196 control sound timestep  0.000367419 1,1 x 0 y 0
 Wall clock 315.717
 Average time per cell 4.76221e-09
  Step time per cell    4.82393e-09
 Step 282 time 0.102564 control sound timestep  0.000367417 1,1 x 0 y 0
 Wall clock 316.851
 Average time per cell 4.76237e-09
  Step time per cell    4.80732e-09
 Step 283 time 0.102931 control sound timestep  0.000367418 1,1 x 0 y 0
 Wall clock 317.98
 Average time per cell 4.76246e-09
  Step time per cell    4.78644e-09
 Step 284 time 0.103299 control sound timestep  0.000367423 1,1 x 0 y 0
 Wall clock 319.105
 Average time per cell 4.76247e-09
  Step time per cell    4.76543e-09
 Step 285 time 0.103666 control sound timestep  0.000367427 1,1 x 0 y 0
 Wall clock 320.227
 Average time per cell 4.76245e-09
  Step time per cell    4.75733e-09
 Step 286 time 0.104033 control sound timestep  0.000367431 1,1 x 0 y 0
 Wall clock 321.351
 Average time per cell 4.76245e-09
  Step time per cell    4.76254e-09
 Step 287 time 0.104401 control sound timestep  0.000367435 1,1 x 0 y 0
 Wall clock 322.477
 Average time per cell 4.7625e-09
  Step time per cell    4.77544e-09
 Step 288 time 0.104768 control sound timestep  0.000367442 1,1 x 0 y 0
 Wall clock 323.602
 Average time per cell 4.76252e-09
  Step time per cell    4.76779e-09
 Step 289 time 0.105136 control sound timestep  0.000367452 1,1 x 0 y 0
 Wall clock 324.726
 Average time per cell 4.76251e-09
  Step time per cell    4.76086e-09
 Step 290 time 0.105503 control sound timestep  0.00036746 1,1 x 0 y 0
 Wall clock 325.923
 Average time per cell 4.7636e-09
  Step time per cell    5.07626e-09
 Step 291 time 0.105871 control sound timestep  0.000367468 1,1 x 0 y 0
 Wall clock 327.058
 Average time per cell 4.76375e-09
  Step time per cell    4.80726e-09
 Step 292 time 0.106238 control sound timestep  0.000367477 1,1 x 0 y 0
 Wall clock 328.198
 Average time per cell 4.76399e-09
  Step time per cell    4.83474e-09
 Step 293 time 0.106606 control sound timestep  0.00036749 1,1 x 0 y 0
 Wall clock 329.319
 Average time per cell 4.76394e-09
  Step time per cell    4.74912e-09
 Step 294 time 0.106973 control sound timestep  0.0003675 1,1 x 0 y 0
 Wall clock 330.432
 Average time per cell 4.76379e-09
  Step time per cell    4.71788e-09
 Step 295 time 0.107341 control sound timestep  0.000367501 1,1 x 0 y 0
 Wall clock 331.555
 Average time per cell 4.76377e-09
  Step time per cell    4.75992e-09
 Step 296 time 0.107708 control sound timestep  0.000367498 1,1 x 0 y 0
 Wall clock 332.679
 Average time per cell 4.76377e-09
  Step time per cell    4.76289e-09
 Step 297 time 0.108076 control sound timestep  0.0003675 1,1 x 0 y 0
 Wall clock 333.804
 Average time per cell 4.76379e-09
  Step time per cell    4.76995e-09
 Step 298 time 0.108443 control sound timestep  0.000367504 1,1 x 0 y 0
 Wall clock 334.926
 Average time per cell 4.76376e-09
  Step time per cell    4.75424e-09
 Step 299 time 0.108811 control sound timestep  0.000367508 1,1 x 0 y 0
 Wall clock 336.046
 Average time per cell 4.76371e-09
  Step time per cell    4.74723e-09
 Step 300 time 0.109178 control sound timestep  0.000367512 1,1 x 0 y 0
 Wall clock 337.317
 First step overhead 0
Result:
 - Problem: none
 - Outcome: PASSED
