---
Devices:
 0: Host CPU
CloverLeaf:
 - Ver.:     2.000
 - Deck:     /home/labpc/work/cipp/CloverLeaf/InputDecks/clover_bm256_300.in
 - Out:      clover.out
 - Profiler: deck-specified
MPI:
 - Enabled:     false
 - Total ranks: 1
 - Header device-awareness (CUDA-awareness):  unknown
 - Runtime device-awareness (CUDA-awareness): unknown
 - Host-Device halo exchange staging buffer:  true
Model:
 - Name:      OpenMP (CPU)
 - Execution: Host
# ---- 
Output: |+1
 Output file clover.out opened. All output will go there.
 Args: --file /home/labpc/work/cipp/CloverLeaf/InputDecks/clover_bm256_300.in
 Using input: `/home/labpc/work/cipp/CloverLeaf/InputDecks/clover_bm256_300.in`
 Problem initialised and generated
 Launching hydro
 Step 1 time 0 control sound timestep  0.000385161 1,1 x 0 y 0
 Wall clock 2.79952
 Average time per cell 1.18659e-08
  Step time per cell    1.18659e-08
 Step 2 time 0.000385161 control sound timestep  0.000235099 1,1 x 0 y 0
 Wall clock 5.56103
 Average time per cell 1.17854e-08
  Step time per cell    1.17046e-08
 Step 3 time 0.000620261 control sound timestep  0.000298723 1,1 x 0 y 0
 Wall clock 8.34233
 Average time per cell 1.17865e-08
  Step time per cell    1.17884e-08
 Step 4 time 0.000918984 control sound timestep  0.000314746 1,1 x 0 y 0
 Wall clock 11.1143
 Average time per cell 1.17771e-08
  Step time per cell    1.17489e-08
 Step 5 time 0.00123373 control sound timestep  0.000346361 1,1 x 0 y 0
 Wall clock 13.9017
 Average time per cell 1.17846e-08
  Step time per cell    1.18141e-08
 Step 6 time 0.00158009 control sound timestep  0.00034558 1,1 x 0 y 0
 Wall clock 16.6591
 Average time per cell 1.17684e-08
  Step time per cell    1.16872e-08
 Step 7 time 0.00192567 control sound timestep  0.000352154 1,1 x 0 y 0
 Wall clock 19.4548
 Average time per cell 1.178e-08
  Step time per cell    1.18494e-08
 Step 8 time 0.00227782 control sound timestep  0.000370384 1,1 x 0 y 0
 Wall clock 22.2139
 Average time per cell 1.17693e-08
  Step time per cell    1.16942e-08
 Step 9 time 0.00264821 control sound timestep  0.000366391 1,1 x 0 y 0
 Wall clock 25.0013
 Average time per cell 1.17744e-08
  Step time per cell    1.18147e-08
 Step 10 time 0.0030146 control sound timestep  0.000363789 1,1 x 0 y 0
 Wall clock 28.033
 Average time per cell 1.18819e-08
  Step time per cell    1.28495e-08
 Step 11 time 0.00337839 control sound timestep  0.000361224 1,1 x 0 y 0
 Wall clock 30.8035
 Average time per cell 1.18693e-08
  Step time per cell    1.17429e-08
 Step 12 time 0.00373961 control sound timestep  0.000359796 1,1 x 0 y 0
 Wall clock 33.5755
 Average time per cell 1.18593e-08
  Step time per cell    1.17491e-08
 Step 13 time 0.00409941 control sound timestep  0.000360678 1,1 x 0 y 0
 Wall clock 36.362
 Average time per cell 1.18556e-08
  Step time per cell    1.18104e-08
 Step 14 time 0.00446009 control sound timestep  0.000362113 1,1 x 0 y 0
 Wall clock 39.1144
 Average time per cell 1.1842e-08
  Step time per cell    1.16657e-08
 Step 15 time 0.0048222 control sound timestep  0.000362661 1,1 x 0 y 0
 Wall clock 41.9164
 Average time per cell 1.18443e-08
  Step time per cell    1.1876e-08
 Step 16 time 0.00518486 control sound timestep  0.000362812 1,1 x 0 y 0
 Wall clock 44.6746
 Average time per cell 1.18347e-08
  Step time per cell    1.16908e-08
 Step 17 time 0.00554767 control sound timestep  0.000362988 1,1 x 0 y 0
 Wall clock 47.4585
 Average time per cell 1.18327e-08
  Step time per cell    1.17994e-08
 Step 18 time 0.00591066 control sound timestep  0.000363082 1,1 x 0 y 0
 Wall clock 50.2167
 Average time per cell 1.18248e-08
  Step time per cell    1.16903e-08
 Step 19 time 0.00627374 control sound timestep  0.000363112 1,1 x 0 y 0
 Wall clock 53.0112
 Average time per cell 1.18258e-08
  Step time per cell    1.18444e-08
 Step 20 time 0.00663686 control sound timestep  0.00036317 1,1 x 0 y 0
 Wall clock 56.0343
 Average time per cell 1.18752e-08
  Step time per cell    1.28134e-08
 Step 21 time 0.00700003 control sound timestep  0.000363365 1,1 x 0 y 0
 Wall clock 58.8302
 Average time per cell 1.1874e-08
  Step time per cell    1.18501e-08
 Step 22 time 0.00736339 control sound timestep  0.00036347 1,1 x 0 y 0
 Wall clock 61.5833
 Average time per cell 1.18647e-08
  Step time per cell    1.16691e-08
 Step 23 time 0.00772686 control sound timestep  0.000363513 1,1 x 0 y 0
 Wall clock 64.3665
 Average time per cell 1.18618e-08
  Step time per cell    1.17962e-08
 Step 24 time 0.00809037 control sound timestep  0.000363629 1,1 x 0 y 0
 Wall clock 67.1172
 Average time per cell 1.18533e-08
  Step time per cell    1.16589e-08
 Step 25 time 0.008454 control sound timestep  0.000363732 1,1 x 0 y 0
 Wall clock 69.9026
 Average time per cell 1.18514e-08
  Step time per cell    1.18055e-08
 Step 26 time 0.00881773 control sound timestep  0.000363825 1,1 x 0 y 0
 Wall clock 72.6518
 Average time per cell 1.18438e-08
  Step time per cell    1.16526e-08
 Step 27 time 0.00918156 control sound timestep  0.000363914 1,1 x 0 y 0
 Wall clock 75.4463
 Average time per cell 1.18438e-08
  Step time per cell    1.1844e-08
 Step 28 time 0.00954547 control sound timestep  0.000363943 1,1 x 0 y 0
 Wall clock 78.2058
 Average time per cell 1.18385e-08
  Step time per cell    1.16962e-08
 Step 29 time 0.00990942 control sound timestep  0.000363973 1,1 x 0 y 0
 Wall clock 80.9814
 Average time per cell 1.1836e-08
  Step time per cell    1.17643e-08
 Step 30 time 0.0102734 control sound timestep  0.000363988 1,1 x 0 y 0
 Wall clock 84.0037
 Average time per cell 1.18685e-08
  Step time per cell    1.281e-08
 Step 31 time 0.0106374 control sound timestep  0.000364002 1,1 x 0 y 0
 Wall clock 86.7923
 Average time per cell 1.18669e-08
  Step time per cell    1.18194e-08
 Step 32 time 0.0110014 control sound timestep  0.000364043 1,1 x 0 y 0
 Wall clock 89.5471
 Average time per cell 1.18609e-08
  Step time per cell    1.16761e-08
 Step 33 time 0.0113654 control sound timestep  0.000364085 1,1 x 0 y 0
 Wall clock 92.3391
 Average time per cell 1.18601e-08
  Step time per cell    1.18336e-08
 Step 34 time 0.0117295 control sound timestep  0.000364133 1,1 x 0 y 0
 Wall clock 95.0972
 Average time per cell 1.18551e-08
  Step time per cell    1.16903e-08
 Step 35 time 0.0120936 control sound timestep  0.000364198 1,1 x 0 y 0
 Wall clock 97.8992
 Average time per cell 1.18557e-08
  Step time per cell    1.1876e-08
 Step 36 time 0.0124578 control sound timestep  0.000364259 1,1 x 0 y 0
 Wall clock 100.674
 Average time per cell 1.18531e-08
  Step time per cell    1.17612e-08
 Step 37 time 0.0128221 control sound timestep  0.000364318 1,1 x 0 y 0
 Wall clock 103.469
 Average time per cell 1.1853e-08
  Step time per cell    1.18469e-08
 Step 38 time 0.0131864 control sound timestep  0.000364383 1,1 x 0 y 0
 Wall clock 106.242
 Average time per cell 1.18504e-08
  Step time per cell    1.17543e-08
 Step 39 time 0.0135508 control sound timestep  0.000364422 1,1 x 0 y 0
 Wall clock 109.052
 Average time per cell 1.18519e-08
  Step time per cell    1.19083e-08
 Step 40 time 0.0139152 control sound timestep  0.000364431 1,1 x 0 y 0
 Wall clock 112.092
 Average time per cell 1.18777e-08
  Step time per cell    1.28834e-08
 Step 41 time 0.0142797 control sound timestep  0.000364435 1,1 x 0 y 0
 Wall clock 114.887
 Average time per cell 1.18769e-08
  Step time per cell    1.18463e-08
 Step 42 time 0.0146441 control sound timestep  0.000364445 1,1 x 0 y 0
 Wall clock 117.653
 Average time per cell 1.18733e-08
  Step time per cell    1.17264e-08
 Step 43 time 0.0150085 control sound timestep  0.000364471 1,1 x 0 y 0
 Wall clock 120.458
 Average time per cell 1.18736e-08
  Step time per cell    1.18864e-08
 Step 44 time 0.015373 control sound timestep  0.000364495 1,1 x 0 y 0
 Wall clock 123.226
 Average time per cell 1.18704e-08
  Step time per cell    1.17319e-08
 Step 45 time 0.0157375 control sound timestep  0.000364518 1,1 x 0 y 0
 Wall clock 126.021
 Average time per cell 1.18699e-08
  Step time per cell    1.18455e-08
 Step 46 time 0.016102 control sound timestep  0.000364543 1,1 x 0 y 0
 Wall clock 128.785
 Average time per cell 1.18665e-08
  Step time per cell    1.17158e-08
 Step 47 time 0.0164666 control sound timestep  0.000364585 1,1 x 0 y 0
 Wall clock 131.578
 Average time per cell 1.18659e-08
  Step time per cell    1.18383e-08
 Step 48 time 0.0168311 control sound timestep  0.000364628 1,1 x 0 y 0
 Wall clock 134.353
 Average time per cell 1.18638e-08
  Step time per cell    1.17642e-08
 Step 49 time 0.0171958 control sound timestep  0.000364667 1,1 x 0 y 0
 Wall clock 137.167
 Average time per cell 1.18651e-08
  Step time per cell    1.19249e-08
 Step 50 time 0.0175604 control sound timestep  0.000364708 1,1 x 0 y 0
 Wall clock 140.206
 Average time per cell 1.18854e-08
  Step time per cell    1.28816e-08
 Step 51 time 0.0179251 control sound timestep  0.000364758 1,1 x 0 y 0
 Wall clock 143.005
 Average time per cell 1.1885e-08
  Step time per cell    1.18642e-08
 Step 52 time 0.0182899 control sound timestep  0.000364817 1,1 x 0 y 0
 Wall clock 145.785
 Average time per cell 1.1883e-08
  Step time per cell    1.1783e-08
 Step 53 time 0.0186547 control sound timestep  0.000364826 1,1 x 0 y 0
 Wall clock 148.594
 Average time per cell 1.18835e-08
  Step time per cell    1.19048e-08
 Step 54 time 0.0190195 control sound timestep  0.00036483 1,1 x 0 y 0
 Wall clock 151.356
 Average time per cell 1.18802e-08
  Step time per cell    1.17082e-08
 Step 55 time 0.0193844 control sound timestep  0.000364831 1,1 x 0 y 0
 Wall clock 154.155
 Average time per cell 1.18799e-08
  Step time per cell    1.18601e-08
 Step 56 time 0.0197492 control sound timestep  0.000364846 1,1 x 0 y 0
 Wall clock 156.931
 Average time per cell 1.18779e-08
  Step time per cell    1.17683e-08
 Step 57 time 0.0201141 control sound timestep  0.000364866 1,1 x 0 y 0
 Wall clock 159.739
 Average time per cell 1.18783e-08
  Step time per cell    1.19012e-08
 Step 58 time 0.0204789 control sound timestep  0.000364884 1,1 x 0 y 0
 Wall clock 162.507
 Average time per cell 1.18758e-08
  Step time per cell    1.17329e-08
 Step 59 time 0.0208438 control sound timestep  0.000364902 1,1 x 0 y 0
 Wall clock 165.316
 Average time per cell 1.18763e-08
  Step time per cell    1.19058e-08
 Step 60 time 0.0212087 control sound timestep  0.000364922 1,1 x 0 y 0
 Wall clock 168.349
 Average time per cell 1.18926e-08
  Step time per cell    1.28522e-08
 Step 61 time 0.0215736 control sound timestep  0.000364956 1,1 x 0 y 0
 Wall clock 171.155
 Average time per cell 1.18926e-08
  Step time per cell    1.18961e-08
 Step 62 time 0.0219386 control sound timestep  0.000364991 1,1 x 0 y 0
 Wall clock 173.923
 Average time per cell 1.189e-08
  Step time per cell    1.17322e-08
 Step 63 time 0.0223036 control sound timestep  0.000365022 1,1 x 0 y 0
 Wall clock 176.725
 Average time per cell 1.18898e-08
  Step time per cell    1.1875e-08
 Step 64 time 0.0226686 control sound timestep  0.000365056 1,1 x 0 y 0
 Wall clock 179.502
 Average time per cell 1.1888e-08
  Step time per cell    1.17705e-08
 Step 65 time 0.0230337 control sound timestep  0.000365098 1,1 x 0 y 0
 Wall clock 182.295
 Average time per cell 1.18872e-08
  Step time per cell    1.18357e-08
 Step 66 time 0.0233988 control sound timestep  0.000365146 1,1 x 0 y 0
 Wall clock 185.053
 Average time per cell 1.18842e-08
  Step time per cell    1.16905e-08
 Step 67 time 0.0237639 control sound timestep  0.000365166 1,1 x 0 y 0
 Wall clock 187.85
 Average time per cell 1.18838e-08
  Step time per cell    1.18569e-08
 Step 68 time 0.0241291 control sound timestep  0.000365169 1,1 x 0 y 0
 Wall clock 190.614
 Average time per cell 1.18813e-08
  Step time per cell    1.17162e-08
 Step 69 time 0.0244942 control sound timestep  0.000365167 1,1 x 0 y 0
 Wall clock 193.404
 Average time per cell 1.18805e-08
  Step time per cell    1.18227e-08
 Step 70 time 0.0248594 control sound timestep  0.000365177 1,1 x 0 y 0
 Wall clock 196.442
 Average time per cell 1.18947e-08
  Step time per cell    1.28751e-08
 Step 71 time 0.0252246 control sound timestep  0.000365194 1,1 x 0 y 0
 Wall clock 199.242
 Average time per cell 1.18943e-08
  Step time per cell    1.18687e-08
 Step 72 time 0.0255898 control sound timestep  0.000365209 1,1 x 0 y 0
 Wall clock 202.002
 Average time per cell 1.18916e-08
  Step time per cell    1.16989e-08
 Step 73 time 0.025955 control sound timestep  0.000365223 1,1 x 0 y 0
 Wall clock 204.798
 Average time per cell 1.18911e-08
  Step time per cell    1.18521e-08
 Step 74 time 0.0263202 control sound timestep  0.000365239 1,1 x 0 y 0
 Wall clock 207.538
 Average time per cell 1.18873e-08
  Step time per cell    1.16123e-08
 Step 75 time 0.0266854 control sound timestep  0.000365263 1,1 x 0 y 0
 Wall clock 210.32
 Average time per cell 1.1886e-08
  Step time per cell    1.17897e-08
 Step 76 time 0.0270507 control sound timestep  0.000365294 1,1 x 0 y 0
 Wall clock 213.074
 Average time per cell 1.18832e-08
  Step time per cell    1.16725e-08
 Step 77 time 0.027416 control sound timestep  0.000365322 1,1 x 0 y 0
 Wall clock 215.86
 Average time per cell 1.18823e-08
  Step time per cell    1.18096e-08
 Step 78 time 0.0277813 control sound timestep  0.000365349 1,1 x 0 y 0
 Wall clock 218.611
 Average time per cell 1.18794e-08
  Step time per cell    1.16619e-08
 Step 79 time 0.0281467 control sound timestep  0.000365381 1,1 x 0 y 0
 Wall clock 221.396
 Average time per cell 1.18785e-08
  Step time per cell    1.18032e-08
 Step 80 time 0.0285121 control sound timestep  0.000365421 1,1 x 0 y 0
 Wall clock 224.414
 Average time per cell 1.18899e-08
  Step time per cell    1.27913e-08
 Step 81 time 0.0288775 control sound timestep  0.000365457 1,1 x 0 y 0
 Wall clock 227.189
 Average time per cell 1.18883e-08
  Step time per cell    1.17619e-08
 Step 82 time 0.0292429 control sound timestep  0.000365459 1,1 x 0 y 0
 Wall clock 229.941
 Average time per cell 1.18856e-08
  Step time per cell    1.16656e-08
 Step 83 time 0.0296084 control sound timestep  0.000365461 1,1 x 0 y 0
 Wall clock 232.718
 Average time per cell 1.18842e-08
  Step time per cell    1.17673e-08
 Step 84 time 0.0299738 control sound timestep  0.000365461 1,1 x 0 y 0
 Wall clock 235.474
 Average time per cell 1.18818e-08
  Step time per cell    1.16813e-08
 Step 85 time 0.0303393 control sound timestep  0.000365475 1,1 x 0 y 0
 Wall clock 238.245
 Average time per cell 1.18802e-08
  Step time per cell    1.17465e-08
 Step 86 time 0.0307048 control sound timestep  0.000365488 1,1 x 0 y 0
 Wall clock 241.007
 Average time per cell 1.18782e-08
  Step time per cell    1.17075e-08
 Step 87 time 0.0310703 control sound timestep  0.0003655 1,1 x 0 y 0
 Wall clock 243.797
 Average time per cell 1.18776e-08
  Step time per cell    1.18252e-08
 Step 88 time 0.0314358 control sound timestep  0.000365513 1,1 x 0 y 0
 Wall clock 246.544
 Average time per cell 1.18749e-08
  Step time per cell    1.16413e-08
 Step 89 time 0.0318013 control sound timestep  0.000365528 1,1 x 0 y 0
 Wall clock 249.335
 Average time per cell 1.18744e-08
  Step time per cell    1.18283e-08
 Step 90 time 0.0321668 control sound timestep  0.000365555 1,1 x 0 y 0
 Wall clock 252.346
 Average time per cell 1.18842e-08
  Step time per cell    1.27617e-08
 Step 91 time 0.0325324 control sound timestep  0.00036558 1,1 x 0 y 0
 Wall clock 255.141
 Average time per cell 1.18838e-08
  Step time per cell    1.18487e-08
 Step 92 time 0.0328979 control sound timestep  0.000365603 1,1 x 0 y 0
 Wall clock 257.896
 Average time per cell 1.18816e-08
  Step time per cell    1.16757e-08
 Step 93 time 0.0332636 control sound timestep  0.000365628 1,1 x 0 y 0
 Wall clock 260.672
 Average time per cell 1.18803e-08
  Step time per cell    1.17651e-08
 Step 94 time 0.0336292 control sound timestep  0.000365659 1,1 x 0 y 0
 Wall clock 263.422
 Average time per cell 1.1878e-08
  Step time per cell    1.16581e-08
 Step 95 time 0.0339948 control sound timestep  0.000365696 1,1 x 0 y 0
 Wall clock 266.203
 Average time per cell 1.1877e-08
  Step time per cell    1.17874e-08
 Step 96 time 0.0343605 control sound timestep  0.000365709 1,1 x 0 y 0
 Wall clock 268.96
 Average time per cell 1.1875e-08
  Step time per cell    1.1685e-08
 Step 97 time 0.0347262 control sound timestep  0.00036571 1,1 x 0 y 0
 Wall clock 271.741
 Average time per cell 1.18741e-08
  Step time per cell    1.17849e-08
 Step 98 time 0.035092 control sound timestep  0.000365708 1,1 x 0 y 0
 Wall clock 274.498
 Average time per cell 1.18722e-08
  Step time per cell    1.16868e-08
 Step 99 time 0.0354577 control sound timestep  0.000365716 1,1 x 0 y 0
 Wall clock 277.268
 Average time per cell 1.18708e-08
  Step time per cell    1.17389e-08
 Step 100 time 0.0358234 control sound timestep  0.000365728 1,1 x 0 y 0
 Wall clock 280.282
 Average time per cell 1.18799e-08
  Step time per cell    1.27759e-08
 Step 101 time 0.0361891 control sound timestep  0.000365739 1,1 x 0 y 0
 Wall clock 283.08
 Average time per cell 1.18797e-08
  Step time per cell    1.18598e-08
 Step 102 time 0.0365548 control sound timestep  0.000365749 1,1 x 0 y 0
 Wall clock 285.822
 Average time per cell 1.18772e-08
  Step time per cell    1.16214e-08
 Step 103 time 0.0369206 control sound timestep  0.000365761 1,1 x 0 y 0
 Wall clock 288.613
 Average time per cell 1.18767e-08
  Step time per cell    1.18294e-08
 Step 104 time 0.0372864 control sound timestep  0.00036578 1,1 x 0 y 0
 Wall clock 291.355
 Average time per cell 1.18743e-08
  Step time per cell    1.16223e-08
 Step 105 time 0.0376521 control sound timestep  0.000365803 1,1 x 0 y 0
 Wall clock 294.147
 Average time per cell 1.18739e-08
  Step time per cell    1.18364e-08
 Step 106 time 0.0380179 control sound timestep  0.000365823 1,1 x 0 y 0
 Wall clock 296.893
 Average time per cell 1.18717e-08
  Step time per cell    1.1637e-08
 Step 107 time 0.0383838 control sound timestep  0.000365844 1,1 x 0 y 0
 Wall clock 299.679
 Average time per cell 1.18711e-08
  Step time per cell    1.1808e-08
 Step 108 time 0.0387496 control sound timestep  0.000365869 1,1 x 0 y 0
 Wall clock 302.432
 Average time per cell 1.18692e-08
  Step time per cell    1.16682e-08
 Step 109 time 0.0391155 control sound timestep  0.000365899 1,1 x 0 y 0
 Wall clock 305.214
 Average time per cell 1.18685e-08
  Step time per cell    1.17909e-08
 Step 110 time 0.0394814 control sound timestep  0.000365927 1,1 x 0 y 0
 Wall clock 308.236
 Average time per cell 1.1877e-08
  Step time per cell    1.28073e-08
 Step 111 time 0.0398473 control sound timestep  0.000365928 1,1 x 0 y 0
 Wall clock 311.029
 Average time per cell 1.18767e-08
  Step time per cell    1.18386e-08
 Step 112 time 0.0402132 control sound timestep  0.000365927 1,1 x 0 y 0
 Wall clock 313.776
 Average time per cell 1.18746e-08
  Step time per cell    1.16449e-08
 Step 113 time 0.0405792 control sound timestep  0.000365929 1,1 x 0 y 0
 Wall clock 316.563
 Average time per cell 1.18741e-08
  Step time per cell    1.18136e-08
 Step 114 time 0.0409451 control sound timestep  0.000365939 1,1 x 0 y 0
 Wall clock 319.312
 Average time per cell 1.18721e-08
  Step time per cell    1.16491e-08
 Step 115 time 0.041311 control sound timestep  0.000365949 1,1 x 0 y 0
 Wall clock 322.106
 Average time per cell 1.18718e-08
  Step time per cell    1.18416e-08
 Step 116 time 0.041677 control sound timestep  0.000365958 1,1 x 0 y 0
 Wall clock 324.845
 Average time per cell 1.18696e-08
  Step time per cell    1.16094e-08
 Step 117 time 0.0420429 control sound timestep  0.000365968 1,1 x 0 y 0
 Wall clock 327.639
 Average time per cell 1.18694e-08
  Step time per cell    1.18438e-08
 Step 118 time 0.0424089 control sound timestep  0.00036598 1,1 x 0 y 0
 Wall clock 330.394
 Average time per cell 1.18677e-08
  Step time per cell    1.16789e-08
 Step 119 time 0.0427749 control sound timestep  0.000366001 1,1 x 0 y 0
 Wall clock 333.175
 Average time per cell 1.18671e-08
  Step time per cell    1.1787e-08
 Step 120 time 0.0431409 control sound timestep  0.00036602 1,1 x 0 y 0
 Wall clock 336.197
 Average time per cell 1.18749e-08
  Step time per cell    1.28072e-08
 Step 121 time 0.0435069 control sound timestep  0.000366037 1,1 x 0 y 0
 Wall clock 338.974
 Average time per cell 1.1874e-08
  Step time per cell    1.17691e-08
 Step 122 time 0.0438729 control sound timestep  0.000366057 1,1 x 0 y 0
 Wall clock 341.731
 Average time per cell 1.18725e-08
  Step time per cell    1.1686e-08
 Step 123 time 0.044239 control sound timestep  0.000366082 1,1 x 0 y 0
 Wall clock 344.519
 Average time per cell 1.18721e-08
  Step time per cell    1.18184e-08
 Step 124 time 0.0446051 control sound timestep  0.000366111 1,1 x 0 y 0
 Wall clock 347.27
 Average time per cell 1.18703e-08
  Step time per cell    1.16597e-08
 Step 125 time 0.0449712 control sound timestep  0.000366119 1,1 x 0 y 0
 Wall clock 350.058
 Average time per cell 1.18699e-08
  Step time per cell    1.18148e-08
 Step 126 time 0.0453373 control sound timestep  0.00036612 1,1 x 0 y 0
 Wall clock 352.812
 Average time per cell 1.18683e-08
  Step time per cell    1.16729e-08
 Step 127 time 0.0457034 control sound timestep  0.000366118 1,1 x 0 y 0
 Wall clock 355.614
 Average time per cell 1.18684e-08
  Step time per cell    1.18759e-08
 Step 128 time 0.0460695 control sound timestep  0.000366125 1,1 x 0 y 0
 Wall clock 358.366
 Average time per cell 1.18668e-08
  Step time per cell    1.16634e-08
 Step 129 time 0.0464357 control sound timestep  0.000366134 1,1 x 0 y 0
 Wall clock 361.139
 Average time per cell 1.1866e-08
  Step time per cell    1.17563e-08
 Step 130 time 0.0468018 control sound timestep  0.000366143 1,1 x 0 y 0
 Wall clock 364.161
 Average time per cell 1.18732e-08
  Step time per cell    1.28065e-08
 Step 131 time 0.0471679 control sound timestep  0.000366151 1,1 x 0 y 0
 Wall clock 366.948
 Average time per cell 1.18727e-08
  Step time per cell    1.18143e-08
 Step 132 time 0.0475341 control sound timestep  0.00036616 1,1 x 0 y 0
 Wall clock 369.701
 Average time per cell 1.18712e-08
  Step time per cell    1.16665e-08
 Step 133 time 0.0479003 control sound timestep  0.000366177 1,1 x 0 y 0
 Wall clock 372.492
 Average time per cell 1.18709e-08
  Step time per cell    1.18285e-08
 Step 134 time 0.0482664 control sound timestep  0.000366195 1,1 x 0 y 0
 Wall clock 375.242
 Average time per cell 1.18693e-08
  Step time per cell    1.16593e-08
 Step 135 time 0.0486326 control sound timestep  0.000366211 1,1 x 0 y 0
 Wall clock 378.044
 Average time per cell 1.18693e-08
  Step time per cell    1.18728e-08
 Step 136 time 0.0489988 control sound timestep  0.000366227 1,1 x 0 y 0
 Wall clock 380.791
 Average time per cell 1.18677e-08
  Step time per cell    1.16452e-08
 Step 137 time 0.0493651 control sound timestep  0.000366248 1,1 x 0 y 0
 Wall clock 383.584
 Average time per cell 1.18675e-08
  Step time per cell    1.18387e-08
 Step 138 time 0.0497313 control sound timestep  0.000366273 1,1 x 0 y 0
 Wall clock 386.345
 Average time per cell 1.18663e-08
  Step time per cell    1.17017e-08
 Step 139 time 0.0500976 control sound timestep  0.000366291 1,1 x 0 y 0
 Wall clock 389.129
 Average time per cell 1.18658e-08
  Step time per cell    1.17975e-08
 Step 140 time 0.0504639 control sound timestep  0.000366292 1,1 x 0 y 0
 Wall clock 392.155
 Average time per cell 1.18726e-08
  Step time per cell    1.28279e-08
 Step 141 time 0.0508302 control sound timestep  0.000366288 1,1 x 0 y 0
 Wall clock 394.943
 Average time per cell 1.18723e-08
  Step time per cell    1.18183e-08
 Step 142 time 0.0511965 control sound timestep  0.000366292 1,1 x 0 y 0
 Wall clock 397.687
 Average time per cell 1.18705e-08
  Step time per cell    1.16294e-08
 Step 143 time 0.0515627 control sound timestep  0.000366301 1,1 x 0 y 0
 Wall clock 400.472
 Average time per cell 1.18701e-08
  Step time per cell    1.18019e-08
 Step 144 time 0.051929 control sound timestep  0.000366308 1,1 x 0 y 0
 Wall clock 403.22
 Average time per cell 1.18685e-08
  Step time per cell    1.16491e-08
 Step 145 time 0.0522954 control sound timestep  0.000366316 1,1 x 0 y 0
 Wall clock 406.017
 Average time per cell 1.18685e-08
  Step time per cell    1.18564e-08
 Step 146 time 0.0526617 control sound timestep  0.000366324 1,1 x 0 y 0
 Wall clock 408.78
 Average time per cell 1.18674e-08
  Step time per cell    1.17095e-08
 Step 147 time 0.053028 control sound timestep  0.000366336 1,1 x 0 y 0
 Wall clock 411.563
 Average time per cell 1.18669e-08
  Step time per cell    1.17959e-08
 Step 148 time 0.0533943 control sound timestep  0.000366353 1,1 x 0 y 0
 Wall clock 414.326
 Average time per cell 1.18658e-08
  Step time per cell    1.17082e-08
 Step 149 time 0.0537607 control sound timestep  0.000366368 1,1 x 0 y 0
 Wall clock 417.112
 Average time per cell 1.18654e-08
  Step time per cell    1.18081e-08
 Step 150 time 0.0541271 control sound timestep  0.000366382 1,1 x 0 y 0
 Wall clock 420.132
 Average time per cell 1.18717e-08
  Step time per cell    1.28015e-08
 Step 151 time 0.0544934 control sound timestep  0.000366399 1,1 x 0 y 0
 Wall clock 422.931
 Average time per cell 1.18716e-08
  Step time per cell    1.18628e-08
 Step 152 time 0.0548598 control sound timestep  0.000366421 1,1 x 0 y 0
 Wall clock 425.69
 Average time per cell 1.18705e-08
  Step time per cell    1.16959e-08
 Step 153 time 0.0552263 control sound timestep  0.000366444 1,1 x 0 y 0
 Wall clock 428.475
 Average time per cell 1.187e-08
  Step time per cell    1.18018e-08
 Step 154 time 0.0555927 control sound timestep  0.000366446 1,1 x 0 y 0
 Wall clock 431.248
 Average time per cell 1.18693e-08
  Step time per cell    1.17536e-08
 Step 155 time 0.0559591 control sound timestep  0.000366445 1,1 x 0 y 0
 Wall clock 434.036
 Average time per cell 1.18689e-08
  Step time per cell    1.18158e-08
 Step 156 time 0.0563256 control sound timestep  0.000366445 1,1 x 0 y 0
 Wall clock 436.791
 Average time per cell 1.18677e-08
  Step time per cell    1.16794e-08
 Step 157 time 0.056692 control sound timestep  0.000366452 1,1 x 0 y 0
 Wall clock 439.567
 Average time per cell 1.18671e-08
  Step time per cell    1.17672e-08
 Step 158 time 0.0570585 control sound timestep  0.000366459 1,1 x 0 y 0
 Wall clock 442.325
 Average time per cell 1.18659e-08
  Step time per cell    1.16859e-08
 Step 159 time 0.0574249 control sound timestep  0.000366466 1,1 x 0 y 0
 Wall clock 445.106
 Average time per cell 1.18655e-08
  Step time per cell    1.1791e-08
 Step 160 time 0.0577914 control sound timestep  0.000366473 1,1 x 0 y 0
 Wall clock 448.126
 Average time per cell 1.18713e-08
  Step time per cell    1.27983e-08
 Step 161 time 0.0581579 control sound timestep  0.000366482 1,1 x 0 y 0
 Wall clock 450.926
 Average time per cell 1.18713e-08
  Step time per cell    1.18698e-08
 Step 162 time 0.0585244 control sound timestep  0.000366498 1,1 x 0 y 0
 Wall clock 453.672
 Average time per cell 1.18698e-08
  Step time per cell    1.16385e-08
 Step 163 time 0.0588909 control sound timestep  0.000366512 1,1 x 0 y 0
 Wall clock 456.468
 Average time per cell 1.18697e-08
  Step time per cell    1.185e-08
 Step 164 time 0.0592574 control sound timestep  0.000366525 1,1 x 0 y 0
 Wall clock 459.232
 Average time per cell 1.18688e-08
  Step time per cell    1.17145e-08
 Step 165 time 0.0596239 control sound timestep  0.000366539 1,1 x 0 y 0
 Wall clock 462.022
 Average time per cell 1.18685e-08
  Step time per cell    1.18232e-08
 Step 166 time 0.0599904 control sound timestep  0.000366558 1,1 x 0 y 0
 Wall clock 464.778
 Average time per cell 1.18674e-08
  Step time per cell    1.16838e-08
 Step 167 time 0.060357 control sound timestep  0.00036658 1,1 x 0 y 0
 Wall clock 467.57
 Average time per cell 1.18672e-08
  Step time per cell    1.18346e-08
 Step 168 time 0.0607236 control sound timestep  0.000366586 1,1 x 0 y 0
 Wall clock 470.328
 Average time per cell 1.18661e-08
  Step time per cell    1.16874e-08
 Step 169 time 0.0610902 control sound timestep  0.000366586 1,1 x 0 y 0
 Wall clock 473.17
 Average time per cell 1.18672e-08
  Step time per cell    1.20465e-08
 Step 170 time 0.0614568 control sound timestep  0.000366585 1,1 x 0 y 0
 Wall clock 476.24
 Average time per cell 1.18739e-08
  Step time per cell    1.30111e-08
 Step 171 time 0.0618233 control sound timestep  0.00036659 1,1 x 0 y 0
 Wall clock 479.093
 Average time per cell 1.18752e-08
  Step time per cell    1.20929e-08
 Step 172 time 0.0621899 control sound timestep  0.000366597 1,1 x 0 y 0
 Wall clock 481.898
 Average time per cell 1.18753e-08
  Step time per cell    1.18881e-08
 Step 173 time 0.0625565 control sound timestep  0.000366603 1,1 x 0 y 0
 Wall clock 484.744
 Average time per cell 1.18764e-08
  Step time per cell    1.20632e-08
 Step 174 time 0.0629231 control sound timestep  0.000366609 1,1 x 0 y 0
 Wall clock 487.547
 Average time per cell 1.18764e-08
  Step time per cell    1.18801e-08
 Step 175 time 0.0632897 control sound timestep  0.000366616 1,1 x 0 y 0
 Wall clock 490.393
 Average time per cell 1.18775e-08
  Step time per cell    1.20616e-08
 Step 176 time 0.0636564 control sound timestep  0.000366631 1,1 x 0 y 0
 Wall clock 493.192
 Average time per cell 1.18774e-08
  Step time per cell    1.18635e-08
 Step 177 time 0.064023 control sound timestep  0.000366644 1,1 x 0 y 0
 Wall clock 496.033
 Average time per cell 1.18783e-08
  Step time per cell    1.20415e-08
 Step 178 time 0.0643896 control sound timestep  0.000366656 1,1 x 0 y 0
 Wall clock 498.84
 Average time per cell 1.18784e-08
  Step time per cell    1.18977e-08
 Step 179 time 0.0647563 control sound timestep  0.000366668 1,1 x 0 y 0
 Wall clock 501.684
 Average time per cell 1.18794e-08
  Step time per cell    1.20554e-08
 Step 180 time 0.065123 control sound timestep  0.000366685 1,1 x 0 y 0
 Wall clock 504.751
 Average time per cell 1.18856e-08
  Step time per cell    1.30003e-08
 Step 181 time 0.0654896 control sound timestep  0.000366704 1,1 x 0 y 0
 Wall clock 507.592
 Average time per cell 1.18865e-08
  Step time per cell    1.20415e-08
 Step 182 time 0.0658563 control sound timestep  0.000366715 1,1 x 0 y 0
 Wall clock 510.405
 Average time per cell 1.18867e-08
  Step time per cell    1.19235e-08
 Step 183 time 0.0662231 control sound timestep  0.000366716 1,1 x 0 y 0
 Wall clock 513.24
 Average time per cell 1.18874e-08
  Step time per cell    1.2013e-08
 Step 184 time 0.0665898 control sound timestep  0.000366713 1,1 x 0 y 0
 Wall clock 516.057
 Average time per cell 1.18877e-08
  Step time per cell    1.19414e-08
 Step 185 time 0.0669565 control sound timestep  0.000366717 1,1 x 0 y 0
 Wall clock 518.897
 Average time per cell 1.18885e-08
  Step time per cell    1.20387e-08
 Step 186 time 0.0673232 control sound timestep  0.000366724 1,1 x 0 y 0
 Wall clock 521.701
 Average time per cell 1.18885e-08
  Step time per cell    1.1883e-08
 Step 187 time 0.0676899 control sound timestep  0.000366729 1,1 x 0 y 0
 Wall clock 524.547
 Average time per cell 1.18894e-08
  Step time per cell    1.20607e-08
 Step 188 time 0.0680567 control sound timestep  0.000366735 1,1 x 0 y 0
 Wall clock 527.354
 Average time per cell 1.18894e-08
  Step time per cell    1.18981e-08
 Step 189 time 0.0684234 control sound timestep  0.000366742 1,1 x 0 y 0
 Wall clock 530.193
 Average time per cell 1.18902e-08
  Step time per cell    1.20341e-08
 Step 190 time 0.0687901 control sound timestep  0.000366754 1,1 x 0 y 0
 Wall clock 533.217
 Average time per cell 1.18951e-08
  Step time per cell    1.28168e-08
 Step 191 time 0.0691569 control sound timestep  0.000366766 1,1 x 0 y 0
 Wall clock 536.017
 Average time per cell 1.18949e-08
  Step time per cell    1.18669e-08
 Step 192 time 0.0695237 control sound timestep  0.000366777 1,1 x 0 y 0
 Wall clock 538.785
 Average time per cell 1.18941e-08
  Step time per cell    1.1734e-08
 Step 193 time 0.0698904 control sound timestep  0.000366789 1,1 x 0 y 0
 Wall clock 541.597
 Average time per cell 1.18942e-08
  Step time per cell    1.19181e-08
 Step 194 time 0.0702572 control sound timestep  0.000366803 1,1 x 0 y 0
 Wall clock 544.378
 Average time per cell 1.18937e-08
  Step time per cell    1.17886e-08
 Step 195 time 0.070624 control sound timestep  0.000366821 1,1 x 0 y 0
 Wall clock 547.214
 Average time per cell 1.18943e-08
  Step time per cell    1.20177e-08
 Step 196 time 0.0709908 control sound timestep  0.000366835 1,1 x 0 y 0
 Wall clock 550.027
 Average time per cell 1.18945e-08
  Step time per cell    1.19245e-08
 Step 197 time 0.0713577 control sound timestep  0.000366836 1,1 x 0 y 0
 Wall clock 552.876
 Average time per cell 1.18954e-08
  Step time per cell    1.20747e-08
 Step 198 time 0.0717245 control sound timestep  0.000366833 1,1 x 0 y 0
 Wall clock 555.687
 Average time per cell 1.18955e-08
  Step time per cell    1.19157e-08
 Step 199 time 0.0720913 control sound timestep  0.000366836 1,1 x 0 y 0
 Wall clock 558.515
 Average time per cell 1.18959e-08
  Step time per cell    1.19832e-08
 Step 200 time 0.0724582 control sound timestep  0.000366842 1,1 x 0 y 0
 Wall clock 561.537
 Average time per cell 1.19005e-08
  Step time per cell    1.28092e-08
 Step 201 time 0.072825 control sound timestep  0.000366847 1,1 x 0 y 0
 Wall clock 564.346
 Average time per cell 1.19005e-08
  Step time per cell    1.19052e-08
 Step 202 time 0.0731919 control sound timestep  0.000366853 1,1 x 0 y 0
 Wall clock 567.108
 Average time per cell 1.18996e-08
  Step time per cell    1.17067e-08
 Step 203 time 0.0735587 control sound timestep  0.000366859 1,1 x 0 y 0
 Wall clock 569.909
 Average time per cell 1.18994e-08
  Step time per cell    1.18718e-08
 Step 204 time 0.0739256 control sound timestep  0.000366869 1,1 x 0 y 0
 Wall clock 572.667
 Average time per cell 1.18984e-08
  Step time per cell    1.16928e-08
 Step 205 time 0.0742925 control sound timestep  0.000366881 1,1 x 0 y 0
 Wall clock 575.467
 Average time per cell 1.18983e-08
  Step time per cell    1.18647e-08
 Step 206 time 0.0746593 control sound timestep  0.000366892 1,1 x 0 y 0
 Wall clock 578.223
 Average time per cell 1.18972e-08
  Step time per cell    1.16843e-08
 Step 207 time 0.0750262 control sound timestep  0.000366902 1,1 x 0 y 0
 Wall clock 581.023
 Average time per cell 1.18971e-08
  Step time per cell    1.18661e-08
 Step 208 time 0.0753931 control sound timestep  0.000366915 1,1 x 0 y 0
 Wall clock 583.791
 Average time per cell 1.18963e-08
  Step time per cell    1.17332e-08
 Step 209 time 0.07576 control sound timestep  0.000366932 1,1 x 0 y 0
 Wall clock 586.588
 Average time per cell 1.18961e-08
  Step time per cell    1.18527e-08
 Step 210 time 0.076127 control sound timestep  0.000366947 1,1 x 0 y 0
 Wall clock 589.629
 Average time per cell 1.19008e-08
  Step time per cell    1.28902e-08
 Step 211 time 0.0764939 control sound timestep  0.000366948 1,1 x 0 y 0
 Wall clock 592.428
 Average time per cell 1.19007e-08
  Step time per cell    1.18646e-08
 Step 212 time 0.0768609 control sound timestep  0.000366945 1,1 x 0 y 0
 Wall clock 595.186
 Average time per cell 1.18997e-08
  Step time per cell    1.16897e-08
 Step 213 time 0.0772278 control sound timestep  0.000366947 1,1 x 0 y 0
 Wall clock 597.991
 Average time per cell 1.18996e-08
  Step time per cell    1.18886e-08
 Step 214 time 0.0775948 control sound timestep  0.000366952 1,1 x 0 y 0
 Wall clock 600.775
 Average time per cell 1.18992e-08
  Step time per cell    1.18014e-08
 Step 215 time 0.0779617 control sound timestep  0.000366958 1,1 x 0 y 0
 Wall clock 603.575
 Average time per cell 1.1899e-08
  Step time per cell    1.18662e-08
 Step 216 time 0.0783287 control sound timestep  0.000366963 1,1 x 0 y 0
 Wall clock 606.341
 Average time per cell 1.18982e-08
  Step time per cell    1.17209e-08
 Step 217 time 0.0786956 control sound timestep  0.000366968 1,1 x 0 y 0
 Wall clock 609.136
 Average time per cell 1.1898e-08
  Step time per cell    1.18497e-08
 Step 218 time 0.0790626 control sound timestep  0.000366977 1,1 x 0 y 0
 Wall clock 611.9
 Average time per cell 1.18971e-08
  Step time per cell    1.17127e-08
 Step 219 time 0.0794296 control sound timestep  0.000366989 1,1 x 0 y 0
 Wall clock 614.706
 Average time per cell 1.18971e-08
  Step time per cell    1.18957e-08
 Step 220 time 0.0797966 control sound timestep  0.000366999 1,1 x 0 y 0
 Wall clock 617.731
 Average time per cell 1.19013e-08
  Step time per cell    1.28217e-08
 Step 221 time 0.0801636 control sound timestep  0.000367009 1,1 x 0 y 0
 Wall clock 620.53
 Average time per cell 1.19011e-08
  Step time per cell    1.18632e-08
 Step 222 time 0.0805306 control sound timestep  0.000367021 1,1 x 0 y 0
 Wall clock 623.298
 Average time per cell 1.19004e-08
  Step time per cell    1.17303e-08
 Step 223 time 0.0808976 control sound timestep  0.000367036 1,1 x 0 y 0
 Wall clock 626.093
 Average time per cell 1.19001e-08
  Step time per cell    1.18459e-08
 Step 224 time 0.0812646 control sound timestep  0.000367052 1,1 x 0 y 0
 Wall clock 628.857
 Average time per cell 1.18993e-08
  Step time per cell    1.17161e-08
 Step 225 time 0.0816317 control sound timestep  0.000367052 1,1 x 0 y 0
 Wall clock 631.66
 Average time per cell 1.18992e-08
  Step time per cell    1.18824e-08
 Step 226 time 0.0819987 control sound timestep  0.00036705 1,1 x 0 y 0
 Wall clock 634.441
 Average time per cell 1.18987e-08
  Step time per cell    1.17833e-08
 Step 227 time 0.0823658 control sound timestep  0.000367051 1,1 x 0 y 0
 Wall clock 637.236
 Average time per cell 1.18985e-08
  Step time per cell    1.18477e-08
 Step 228 time 0.0827328 control sound timestep  0.000367056 1,1 x 0 y 0
 Wall clock 639.996
 Average time per cell 1.18976e-08
  Step time per cell    1.17002e-08
 Step 229 time 0.0830999 control sound timestep  0.000367062 1,1 x 0 y 0
 Wall clock 642.816
 Average time per cell 1.18979e-08
  Step time per cell    1.19517e-08
 Step 230 time 0.083467 control sound timestep  0.000367066 1,1 x 0 y 0
 Wall clock 645.859
 Average time per cell 1.19022e-08
  Step time per cell    1.28952e-08
 Step 231 time 0.083834 control sound timestep  0.000367071 1,1 x 0 y 0
 Wall clock 648.663
 Average time per cell 1.19021e-08
  Step time per cell    1.18845e-08
 Step 232 time 0.0842011 control sound timestep  0.000367079 1,1 x 0 y 0
 Wall clock 651.437
 Average time per cell 1.19015e-08
  Step time per cell    1.17588e-08
 Step 233 time 0.0845682 control sound timestep  0.000367091 1,1 x 0 y 0
 Wall clock 654.255
 Average time per cell 1.19017e-08
  Step time per cell    1.19443e-08
 Step 234 time 0.0849353 control sound timestep  0.0003671 1,1 x 0 y 0
 Wall clock 657.038
 Average time per cell 1.19012e-08
  Step time per cell    1.17968e-08
 Step 235 time 0.0853024 control sound timestep  0.00036711 1,1 x 0 y 0
 Wall clock 659.84
 Average time per cell 1.19011e-08
  Step time per cell    1.18736e-08
 Step 236 time 0.0856695 control sound timestep  0.000367121 1,1 x 0 y 0
 Wall clock 662.624
 Average time per cell 1.19007e-08
  Step time per cell    1.18003e-08
 Step 237 time 0.0860366 control sound timestep  0.000367135 1,1 x 0 y 0
 Wall clock 665.424
 Average time per cell 1.19006e-08
  Step time per cell    1.18707e-08
 Step 238 time 0.0864037 control sound timestep  0.000367151 1,1 x 0 y 0
 Wall clock 668.193
 Average time per cell 1.18999e-08
  Step time per cell    1.17324e-08
 Step 239 time 0.0867709 control sound timestep  0.000367151 1,1 x 0 y 0
 Wall clock 671.013
 Average time per cell 1.19001e-08
  Step time per cell    1.19547e-08
 Step 240 time 0.087138 control sound timestep  0.00036715 1,1 x 0 y 0
 Wall clock 674.063
 Average time per cell 1.19044e-08
  Step time per cell    1.29293e-08
 Step 241 time 0.0875052 control sound timestep  0.00036715 1,1 x 0 y 0
 Wall clock 676.862
 Average time per cell 1.19042e-08
  Step time per cell    1.1863e-08
 Step 242 time 0.0878723 control sound timestep  0.000367155 1,1 x 0 y 0
 Wall clock 679.643
 Average time per cell 1.19037e-08
  Step time per cell    1.17845e-08
 Step 243 time 0.0882395 control sound timestep  0.00036716 1,1 x 0 y 0
 Wall clock 682.468
 Average time per cell 1.1904e-08
  Step time per cell    1.19761e-08
 Step 244 time 0.0886066 control sound timestep  0.000367164 1,1 x 0 y 0
 Wall clock 685.259
 Average time per cell 1.19037e-08
  Step time per cell    1.18269e-08
 Step 245 time 0.0889738 control sound timestep  0.000367169 1,1 x 0 y 0
 Wall clock 688.06
 Average time per cell 1.19036e-08
  Step time per cell    1.18726e-08
 Step 246 time 0.089341 control sound timestep  0.000367177 1,1 x 0 y 0
 Wall clock 690.844
 Average time per cell 1.19032e-08
  Step time per cell    1.18021e-08
 Step 247 time 0.0897082 control sound timestep  0.000367187 1,1 x 0 y 0
 Wall clock 693.681
 Average time per cell 1.19037e-08
  Step time per cell    1.20251e-08
 Step 248 time 0.0900753 control sound timestep  0.000367197 1,1 x 0 y 0
 Wall clock 696.476
 Average time per cell 1.19034e-08
  Step time per cell    1.18462e-08
 Step 249 time 0.0904425 control sound timestep  0.000367205 1,1 x 0 y 0
 Wall clock 699.303
 Average time per cell 1.19037e-08
  Step time per cell    1.19796e-08
 Step 250 time 0.0908097 control sound timestep  0.000367216 1,1 x 0 y 0
 Wall clock 702.358
 Average time per cell 1.19079e-08
  Step time per cell    1.29503e-08
 Step 251 time 0.091177 control sound timestep  0.000367229 1,1 x 0 y 0
 Wall clock 705.181
 Average time per cell 1.19082e-08
  Step time per cell    1.19656e-08
 Step 252 time 0.0915442 control sound timestep  0.000367244 1,1 x 0 y 0
 Wall clock 707.962
 Average time per cell 1.19077e-08
  Step time per cell    1.17864e-08
 Step 253 time 0.0919114 control sound timestep  0.000367245 1,1 x 0 y 0
 Wall clock 710.8
 Average time per cell 1.19082e-08
  Step time per cell    1.20301e-08
 Step 254 time 0.0922787 control sound timestep  0.000367243 1,1 x 0 y 0
 Wall clock 713.592
 Average time per cell 1.19079e-08
  Step time per cell    1.18305e-08
 Step 255 time 0.0926459 control sound timestep  0.000367244 1,1 x 0 y 0
 Wall clock 716.426
 Average time per cell 1.19083e-08
  Step time per cell    1.20111e-08
 Step 256 time 0.0930132 control sound timestep  0.000367248 1,1 x 0 y 0
 Wall clock 719.225
 Average time per cell 1.19081e-08
  Step time per cell    1.18663e-08
 Step 257 time 0.0933804 control sound timestep  0.000367253 1,1 x 0 y 0
 Wall clock 722.061
 Average time per cell 1.19085e-08
  Step time per cell    1.20213e-08
 Step 258 time 0.0937477 control sound timestep  0.000367257 1,1 x 0 y 0
 Wall clock 724.867
 Average time per cell 1.19085e-08
  Step time per cell    1.18915e-08
 Step 259 time 0.0941149 control sound timestep  0.000367262 1,1 x 0 y 0
 Wall clock 727.699
 Average time per cell 1.19088e-08
  Step time per cell    1.2002e-08
 Step 260 time 0.0944822 control sound timestep  0.000367269 1,1 x 0 y 0
 Wall clock 730.774
 Average time per cell 1.19132e-08
  Step time per cell    1.30351e-08
 Step 261 time 0.0948495 control sound timestep  0.000367279 1,1 x 0 y 0
 Wall clock 733.616
 Average time per cell 1.19137e-08
  Step time per cell    1.20433e-08
 Step 262 time 0.0952167 control sound timestep  0.000367288 1,1 x 0 y 0
 Wall clock 736.415
 Average time per cell 1.19135e-08
  Step time per cell    1.18645e-08
 Step 263 time 0.095584 control sound timestep  0.000367297 1,1 x 0 y 0
 Wall clock 739.246
 Average time per cell 1.19138e-08
  Step time per cell    1.20001e-08
 Step 264 time 0.0959513 control sound timestep  0.000367307 1,1 x 0 y 0
 Wall clock 742.046
 Average time per cell 1.19136e-08
  Step time per cell    1.18692e-08
 Step 265 time 0.0963186 control sound timestep  0.00036732 1,1 x 0 y 0
 Wall clock 744.886
 Average time per cell 1.19141e-08
  Step time per cell    1.20356e-08
 Step 266 time 0.0966859 control sound timestep  0.000367334 1,1 x 0 y 0
 Wall clock 747.677
 Average time per cell 1.19138e-08
  Step time per cell    1.18301e-08
 Step 267 time 0.0970533 control sound timestep  0.000367334 1,1 x 0 y 0
 Wall clock 750.512
 Average time per cell 1.19142e-08
  Step time per cell    1.20136e-08
 Step 268 time 0.0974206 control sound timestep  0.000367332 1,1 x 0 y 0
 Wall clock 753.296
 Average time per cell 1.19137e-08
  Step time per cell    1.18002e-08
 Step 269 time 0.0977879 control sound timestep  0.000367333 1,1 x 0 y 0
 Wall clock 756.135
 Average time per cell 1.19142e-08
  Step time per cell    1.20354e-08
 Step 270 time 0.0981553 control sound timestep  0.000367338 1,1 x 0 y 0
 Wall clock 759.199
 Average time per cell 1.19182e-08
  Step time per cell    1.29847e-08
 Step 271 time 0.0985226 control sound timestep  0.000367342 1,1 x 0 y 0
 Wall clock 762.025
 Average time per cell 1.19184e-08
  Step time per cell    1.19803e-08
 Step 272 time 0.09889 control sound timestep  0.000367346 1,1 x 0 y 0
 Wall clock 764.827
 Average time per cell 1.19182e-08
  Step time per cell    1.18744e-08
 Step 273 time 0.0992573 control sound timestep  0.00036735 1,1 x 0 y 0
 Wall clock 767.666
 Average time per cell 1.19187e-08
  Step time per cell    1.2035e-08
 Step 274 time 0.0996247 control sound timestep  0.000367358 1,1 x 0 y 0
 Wall clock 770.475
 Average time per cell 1.19186e-08
  Step time per cell    1.19037e-08
 Step 275 time 0.099992 control sound timestep  0.000367367 1,1 x 0 y 0
 Wall clock 773.314
 Average time per cell 1.1919e-08
  Step time per cell    1.20337e-08
 Step 276 time 0.100359 control sound timestep  0.000367376 1,1 x 0 y 0
 Wall clock 776.117
 Average time per cell 1.19189e-08
  Step time per cell    1.18798e-08
 Step 277 time 0.100727 control sound timestep  0.000367384 1,1 x 0 y 0
 Wall clock 778.953
 Average time per cell 1.19192e-08
  Step time per cell    1.20186e-08
 Step 278 time 0.101094 control sound timestep  0.000367394 1,1 x 0 y 0
 Wall clock 781.755
 Average time per cell 1.19191e-08
  Step time per cell    1.18774e-08
 Step 279 time 0.101462 control sound timestep  0.000367406 1,1 x 0 y 0
 Wall clock 784.588
 Average time per cell 1.19194e-08
  Step time per cell    1.20086e-08
 Step 280 time 0.101829 control sound timestep  0.000367419 1,1 x 0 y 0
 Wall clock 787.647
 Average time per cell 1.19231e-08
  Step time per cell    1.29633e-08
 Step 281 time 0.102196 control sound timestep  0.000367419 1,1 x 0 y 0
 Wall clock 790.491
 Average time per cell 1.19236e-08
  Step time per cell    1.20555e-08
 Step 282 time 0.102564 control sound timestep  0.000367417 1,1 x 0 y 0
 Wall clock 793.306
 Average time per cell 1.19236e-08
  Step time per cell    1.19306e-08
 Step 283 time 0.102931 control sound timestep  0.000367418 1,1 x 0 y 0
 Wall clock 796.144
 Average time per cell 1.1924e-08
  Step time per cell    1.20304e-08
 Step 284 time 0.103299 control sound timestep  0.000367423 1,1 x 0 y 0
 Wall clock 798.951
 Average time per cell 1.19239e-08
  Step time per cell    1.1898e-08
 Step 285 time 0.103666 control sound timestep  0.000367427 1,1 x 0 y 0
 Wall clock 801.79
 Average time per cell 1.19243e-08
  Step time per cell    1.20297e-08
 Step 286 time 0.104033 control sound timestep  0.000367431 1,1 x 0 y 0
 Wall clock 804.582
 Average time per cell 1.1924e-08
  Step time per cell    1.18349e-08
 Step 287 time 0.104401 control sound timestep  0.000367435 1,1 x 0 y 0
 Wall clock 807.407
 Average time per cell 1.19242e-08
  Step time per cell    1.19742e-08
 Step 288 time 0.104768 control sound timestep  0.000367442 1,1 x 0 y 0
 Wall clock 810.203
 Average time per cell 1.19239e-08
  Step time per cell    1.18497e-08
 Step 289 time 0.105136 control sound timestep  0.000367452 1,1 x 0 y 0
 Wall clock 813.041
 Average time per cell 1.19243e-08
  Step time per cell    1.20284e-08
 Step 290 time 0.105503 control sound timestep  0.00036746 1,1 x 0 y 0
 Wall clock 816.115
 Average time per cell 1.19281e-08
  Step time per cell    1.30317e-08
 Step 291 time 0.105871 control sound timestep  0.000367468 1,1 x 0 y 0
 Wall clock 818.941
 Average time per cell 1.19283e-08
  Step time per cell    1.19775e-08
 Step 292 time 0.106238 control sound timestep  0.000367477 1,1 x 0 y 0
 Wall clock 821.72
 Average time per cell 1.19277e-08
  Step time per cell    1.17761e-08
 Step 293 time 0.106606 control sound timestep  0.00036749 1,1 x 0 y 0
 Wall clock 824.565
 Average time per cell 1.19282e-08
  Step time per cell    1.2059e-08
 Step 294 time 0.106973 control sound timestep  0.0003675 1,1 x 0 y 0
 Wall clock 827.354
 Average time per cell 1.19278e-08
  Step time per cell    1.18204e-08
 Step 295 time 0.107341 control sound timestep  0.000367501 1,1 x 0 y 0
 Wall clock 830.197
 Average time per cell 1.19282e-08
  Step time per cell    1.20514e-08
 Step 296 time 0.107708 control sound timestep  0.000367498 1,1 x 0 y 0
 Wall clock 832.997
 Average time per cell 1.1928e-08
  Step time per cell    1.18679e-08
 Step 297 time 0.108076 control sound timestep  0.0003675 1,1 x 0 y 0
 Wall clock 835.845
 Average time per cell 1.19285e-08
  Step time per cell    1.20726e-08
 Step 298 time 0.108443 control sound timestep  0.000367504 1,1 x 0 y 0
 Wall clock 838.65
 Average time per cell 1.19284e-08
  Step time per cell    1.18867e-08
 Step 299 time 0.108811 control sound timestep  0.000367508 1,1 x 0 y 0
 Wall clock 841.494
 Average time per cell 1.19288e-08
  Step time per cell    1.20566e-08
 Step 300 time 0.109178 control sound timestep  0.000367512 1,1 x 0 y 0
 Wall clock 844.839
 First step overhead 0
Result:
 - Problem: none
 - Outcome: PASSED
