Local 316 Remote 499
Local 300 Remote 499
Local 300 Remote 499
Local 300 Remote 499
Local 313 Remote 499
Local 300 Remote 499
Local 300 Remote 499
Local 300 Remote 499
Local 300 Remote 499
Local 300 Remote 499
Local 300 Remote 499
Local 300 Remote 499
Local 300 Remote 499
Local 301 Remote 499
Local 300 Remote 499
Local 300 Remote 499
Local 300 Remote 499
Local 300 Remote 499
Local 300 Remote 499
Local 300 Remote 499
Local 300 Remote 499
Local 527 Remote 499
Local 535 Remote 499
Local 523 Remote 499
Local 645 Remote 499
Local 642 Remote 499
Local 481 Remote 499
Local 481 Remote 499
Local 472 Remote 499
Local 464 Remote 499
Local 474 Remote 499
Local 304 Remote 499
Local 453 Remote 499
Local 463 Remote 499
Local 452 Remote 499
Local 464 Remote 499
Local 449 Remote 499
Local 459 Remote 499
Local 458 Remote 499
Local 463 Remote 499
Local 462 Remote 499
Local 477 Remote 499
Local 409 Remote 499
Local 434 Remote 499
Local 446 Remote 499
Local 432 Remote 499
Local 446 Remote 499
Local 440 Remote 499
Local 436 Remote 499
Local 423 Remote 499
Local 442 Remote 499
Local 448 Remote 499
Local 440 Remote 499
Local 368 Remote 499
Local 300 Remote 499
Local 484 Remote 499
Local 487 Remote 499
Local 487 Remote 499
Local 488 Remote 499
Local 488 Remote 499
Local 487 Remote 499
Local 497 Remote 499
Local 485 Remote 499
Local 488 Remote 499
Local 490 Remote 499
Local 485 Remote 499
Local 486 Remote 499
Local 484 Remote 499
Local 498 Remote 499
Local 486 Remote 499
Local 487 Remote 499
Local 485 Remote 499
Local 489 Remote 499
Local 488 Remote 499
Local 487 Remote 499
Local 493 Remote 499
Local 487 Remote 499
Local 488 Remote 499
Local 488 Remote 499
Local 487 Remote 499
Local 488 Remote 499
Local 488 Remote 499
Local 485 Remote 499
Local 483 Remote 499
Local 488 Remote 499
Local 486 Remote 499
Local 486 Remote 499
Local 486 Remote 499
Local 488 Remote 499
Local 480 Remote 499
Local 485 Remote 499
Local 487 Remote 499
Local 486 Remote 499
Local 488 Remote 499
Local 485 Remote 499
Local 484 Remote 499
Local 488 Remote 499
Local 485 Remote 499
Local 484 Remote 499
Local 487 Remote 499
Local 488 Remote 499
Local 487 Remote 499
Local 488 Remote 499
Local 484 Remote 499
Local 488 Remote 499
Local 490 Remote 499
Local 487 Remote 499
Local 487 Remote 499
Local 487 Remote 499
Local 485 Remote 499
Local 483 Remote 499
Local 488 Remote 499
Local 486 Remote 499
Local 487 Remote 499
Local 486 Remote 499
Local 487 Remote 499
Local 488 Remote 499
Local 483 Remote 499
Local 489 Remote 499
Local 484 Remote 499
Local 486 Remote 499
Local 487 Remote 499
Local 486 Remote 499
Local 486 Remote 499
Local 485 Remote 499
Local 487 Remote 499
Local 484 Remote 499
Local 484 Remote 499
Local 484 Remote 499
Local 484 Remote 499
Local 489 Remote 499
Local 483 Remote 499
Local 487 Remote 499
Local 490 Remote 499
Local 482 Remote 499
Local 488 Remote 499
Local 486 Remote 499
Local 486 Remote 499
Local 481 Remote 499
Local 488 Remote 499
Local 486 Remote 499
Local 483 Remote 499
Local 488 Remote 499
Local 486 Remote 499
Local 487 Remote 499
Local 486 Remote 499
Local 488 Remote 499
Local 487 Remote 499
Local 486 Remote 499
Local 487 Remote 499
Local 486 Remote 499
Local 485 Remote 499
Local 488 Remote 499
Local 487 Remote 499
Local 486 Remote 499
Local 486 Remote 499
Local 488 Remote 499
Local 490 Remote 499
Local 488 Remote 499
Local 483 Remote 499
Local 484 Remote 499
Local 488 Remote 499
Local 487 Remote 499
Local 488 Remote 499
Local 487 Remote 499
Local 485 Remote 499
