Local 299 Remote 499
Local 300 Remote 499
Local 300 Remote 499
Local 300 Remote 499
Local 300 Remote 499
Local 300 Remote 499
Local 300 Remote 499
Local 300 Remote 499
Local 300 Remote 499
Local 300 Remote 499
Local 300 Remote 499
Local 300 Remote 499
Local 300 Remote 499
Local 300 Remote 499
Local 300 Remote 499
Local 300 Remote 499
Local 300 Remote 499
Local 313 Remote 499
Local 300 Remote 499
Local 300 Remote 499
Local 300 Remote 499
Local 527 Remote 499
Local 532 Remote 499
Local 535 Remote 499
Local 658 Remote 499
Local 657 Remote 499
Local 479 Remote 499
Local 461 Remote 499
Local 473 Remote 499
Local 475 Remote 499
Local 482 Remote 499
Local 302 Remote 499
Local 457 Remote 499
Local 465 Remote 499
Local 466 Remote 499
Local 452 Remote 499
Local 463 Remote 499
Local 462 Remote 499
Local 452 Remote 499
Local 457 Remote 499
Local 454 Remote 499
Local 480 Remote 499
Local 442 Remote 499
Local 455 Remote 499
Local 431 Remote 499
Local 451 Remote 499
Local 435 Remote 499
Local 418 Remote 499
Local 459 Remote 499
Local 462 Remote 499
Local 453 Remote 499
Local 436 Remote 499
Local 440 Remote 499
Local 323 Remote 499
Local 300 Remote 499
Local 486 Remote 499
Local 487 Remote 499
Local 490 Remote 499
Local 489 Remote 499
Local 488 Remote 499
Local 488 Remote 499
Local 515 Remote 499
Local 485 Remote 499
Local 485 Remote 499
Local 489 Remote 499
Local 488 Remote 499
Local 484 Remote 499
Local 488 Remote 499
Local 490 Remote 499
Local 486 Remote 499
Local 488 Remote 499
Local 488 Remote 499
Local 484 Remote 499
Local 488 Remote 499
Local 488 Remote 499
Local 485 Remote 499
Local 487 Remote 499
Local 485 Remote 499
Local 485 Remote 499
Local 486 Remote 499
Local 487 Remote 499
Local 488 Remote 499
Local 494 Remote 499
Local 488 Remote 499
Local 486 Remote 499
Local 490 Remote 499
Local 487 Remote 499
Local 485 Remote 499
Local 485 Remote 499
Local 486 Remote 499
Local 488 Remote 499
Local 491 Remote 499
Local 487 Remote 499
Local 487 Remote 499
Local 488 Remote 499
Local 489 Remote 499
Local 484 Remote 499
Local 484 Remote 499
Local 490 Remote 499
Local 485 Remote 499
Local 486 Remote 499
Local 487 Remote 499
Local 488 Remote 499
Local 481 Remote 499
Local 485 Remote 499
Local 490 Remote 499
Local 487 Remote 499
Local 488 Remote 499
Local 485 Remote 499
Local 487 Remote 499
Local 483 Remote 499
Local 490 Remote 499
Local 488 Remote 499
Local 486 Remote 499
Local 489 Remote 499
Local 484 Remote 499
Local 487 Remote 499
Local 489 Remote 499
Local 487 Remote 499
Local 488 Remote 499
Local 484 Remote 499
Local 487 Remote 499
Local 485 Remote 499
Local 487 Remote 499
Local 484 Remote 499
Local 485 Remote 499
Local 490 Remote 499
Local 486 Remote 499
Local 485 Remote 499
Local 488 Remote 499
Local 489 Remote 499
Local 487 Remote 499
Local 484 Remote 499
Local 487 Remote 499
Local 487 Remote 499
Local 486 Remote 499
Local 487 Remote 499
Local 489 Remote 499
Local 485 Remote 499
Local 490 Remote 499
Local 486 Remote 499
Local 489 Remote 499
Local 485 Remote 499
Local 484 Remote 499
Local 490 Remote 499
Local 485 Remote 499
Local 488 Remote 499
Local 487 Remote 499
Local 485 Remote 499
Local 485 Remote 499
Local 488 Remote 499
Local 483 Remote 499
Local 484 Remote 499
Local 483 Remote 499
Local 487 Remote 499
Local 491 Remote 499
Local 484 Remote 499
Local 487 Remote 499
Local 484 Remote 499
Local 485 Remote 499
Local 487 Remote 499
Local 488 Remote 499
Local 484 Remote 499
Local 490 Remote 499
Local 487 Remote 499
Local 312 Remote 499
