Local 300 Remote 499
Local 300 Remote 508
Local 300 Remote 500
Local 300 Remote 500
Local 300 Remote 500
Local 300 Remote 500
Local 300 Remote 500
Local 300 Remote 500
Local 311 Remote 500
Local 300 Remote 500
Local 300 Remote 500
Local 300 Remote 500
Local 309 Remote 500
Local 506 Remote 501
Local 510 Remote 500
Local 489 Remote 500
Local 868 Remote 500
Local 656 Remote 500
Local 529 Remote 500
Local 525 Remote 500
Local 524 Remote 500
Local 510 Remote 500
Local 625 Remote 504
Local 616 Remote 500
Local 643 Remote 500
Local 625 Remote 500
Local 627 Remote 500
Local 624 Remote 500
Local 635 Remote 500
Local 618 Remote 500
Local 372 Remote 500
Local 417 Remote 500
Local 415 Remote 500
Local 426 Remote 500
Local 420 Remote 500
Local 405 Remote 500
Local 408 Remote 500
Local 425 Remote 500
Local 563 Remote 500
Local 565 Remote 500
Local 564 Remote 500
Local 568 Remote 500
Local 563 Remote 500
Local 468 Remote 500
Local 565 Remote 707
Local 563 Remote 500
Local 568 Remote 500
Local 562 Remote 500
Local 563 Remote 682
Local 560 Remote 635
Local 564 Remote 651
Local 559 Remote 645
Local 563 Remote 659
Local 563 Remote 653
Local 563 Remote 500
Local 566 Remote 500
Local 562 Remote 514
Local 565 Remote 508
Local 562 Remote 531
Local 560 Remote 500
Local 558 Remote 504
Local 563 Remote 501
Local 565 Remote 500
Local 567 Remote 507
Local 562 Remote 500
Local 565 Remote 500
Local 561 Remote 500
Local 565 Remote 500
Local 565 Remote 500
Local 561 Remote 518
Local 567 Remote 500
Local 563 Remote 549
Local 567 Remote 571
Local 589 Remote 605
Local 575 Remote 564
Local 551 Remote 574
Local 565 Remote 500
Local 563 Remote 500
Local 566 Remote 507
Local 565 Remote 500
Local 562 Remote 665
Local 562 Remote 506
Local 565 Remote 500
Local 564 Remote 503
Local 567 Remote 511
Local 563 Remote 500
Local 564 Remote 500
Local 566 Remote 539
Local 561 Remote 500
Local 565 Remote 501
Local 564 Remote 500
Local 561 Remote 500
Local 565 Remote 500
Local 564 Remote 501
Local 567 Remote 500
Local 567 Remote 500
Local 565 Remote 500
Local 565 Remote 501
Local 562 Remote 509
Local 561 Remote 500
Local 565 Remote 508
Local 561 Remote 539
Local 557 Remote 647
Local 552 Remote 611
Local 563 Remote 564
Local 563 Remote 605
Local 561 Remote 643
Local 564 Remote 500
Local 564 Remote 500
Local 566 Remote 518
Local 564 Remote 500
Local 563 Remote 500
Local 568 Remote 677
Local 564 Remote 503
Local 562 Remote 500
Local 562 Remote 504
Local 563 Remote 500
Local 564 Remote 530
Local 562 Remote 500
Local 567 Remote 505
Local 564 Remote 500
