Local 350 Remote 499
Local 300 Remote 499
Local 300 Remote 499
Local 300 Remote 499
Local 300 Remote 499
Local 300 Remote 499
Local 300 Remote 499
Local 300 Remote 499
Local 300 Remote 499
Local 527 Remote 499
Local 522 Remote 499
Local 502 Remote 499
Local 953 Remote 738
Local 623 Remote 523
Local 631 Remote 501
Local 620 Remote 500
Local 432 Remote 500
Local 804 Remote 500
Local 822 Remote 500
Local 823 Remote 507
Local 812 Remote 500
Local 813 Remote 500
Local 822 Remote 500
Local 300 Remote 500
Local 407 Remote 500
Local 407 Remote 500
Local 419 Remote 500
Local 412 Remote 500
Local 630 Remote 500
Local 660 Remote 661
Local 655 Remote 661
Local 653 Remote 684
Local 665 Remote 672
Local 614 Remote 640
Local 688 Remote 646
Local 665 Remote 503
Local 666 Remote 500
Local 669 Remote 500
Local 662 Remote 500
Local 662 Remote 500
Local 665 Remote 500
Local 671 Remote 500
Local 661 Remote 500
Local 666 Remote 500
Local 671 Remote 500
Local 657 Remote 500
Local 663 Remote 500
Local 668 Remote 500
Local 663 Remote 500
Local 672 Remote 500
Local 670 Remote 500
Local 642 Remote 639
Local 687 Remote 611
Local 694 Remote 676
Local 663 Remote 513
Local 665 Remote 500
Local 674 Remote 500
Local 665 Remote 500
Local 662 Remote 500
Local 667 Remote 500
Local 669 Remote 500
Local 674 Remote 500
Local 661 Remote 500
Local 671 Remote 500
Local 671 Remote 500
Local 668 Remote 500
Local 667 Remote 500
Local 661 Remote 500
Local 669 Remote 500
Local 669 Remote 500
Local 663 Remote 500
Local 668 Remote 500
Local 669 Remote 500
Local 668 Remote 500
Local 667 Remote 500
Local 673 Remote 500
Local 668 Remote 500
Local 660 Remote 500
Local 664 Remote 500
Local 636 Remote 656
Local 643 Remote 663
Local 649 Remote 800
Local 655 Remote 575
Local 653 Remote 665
Local 649 Remote 672
Local 670 Remote 505
Local 660 Remote 500
Local 669 Remote 500
Local 674 Remote 500
Local 670 Remote 500
Local 672 Remote 500
Local 667 Remote 500
Local 664 Remote 500
Local 671 Remote 500
Local 671 Remote 500
Local 671 Remote 500
Local 670 Remote 500
Local 674 Remote 500
Local 668 Remote 500
Local 670 Remote 500
Local 671 Remote 500
Local 668 Remote 500
Local 667 Remote 500
Local 669 Remote 500
Local 644 Remote 681
Local 300 Remote 500
