---
Devices:
 0: Host CPU
CloverLeaf:
 - Ver.:     2.000
 - Deck:     /home/labpc/work/cipp/CloverLeaf/InputDecks/clover_bm256_300.in
 - Out:      clover.out
 - Profiler: deck-specified
MPI:
 - Enabled:     false
 - Total ranks: 1
 - Header device-awareness (CUDA-awareness):  unknown
 - Runtime device-awareness (CUDA-awareness): unknown
 - Host-Device halo exchange staging buffer:  true
Model:
 - Name:      OpenMP (CPU)
 - Execution: Host
# ---- 
Output: |+1
 Output file clover.out opened. All output will go there.
 Args: --file /home/labpc/work/cipp/CloverLeaf/InputDecks/clover_bm256_300.in
 Using input: `/home/labpc/work/cipp/CloverLeaf/InputDecks/clover_bm256_300.in`
 Problem initialised and generated
 Launching hydro
 Step 1 time 0 control sound timestep  0.000385161 1,1 x 0 y 0
 Wall clock 2.72548
 Average time per cell 1.15521e-08
  Step time per cell    1.15521e-08
 Step 2 time 0.000385161 control sound timestep  0.000235099 1,1 x 0 y 0
 Wall clock 5.404
 Average time per cell 1.14526e-08
  Step time per cell    1.13527e-08
 Step 3 time 0.000620261 control sound timestep  0.000298723 1,1 x 0 y 0
 Wall clock 8.13191
 Average time per cell 1.14892e-08
  Step time per cell    1.15621e-08
 Step 4 time 0.000918984 control sound timestep  0.000314746 1,1 x 0 y 0
 Wall clock 10.8094
 Average time per cell 1.1454e-08
  Step time per cell    1.13483e-08
 Step 5 time 0.00123373 control sound timestep  0.000346361 1,1 x 0 y 0
 Wall clock 13.5363
 Average time per cell 1.14749e-08
  Step time per cell    1.1558e-08
 Step 6 time 0.00158009 control sound timestep  0.00034558 1,1 x 0 y 0
 Wall clock 16.2124
 Average time per cell 1.14529e-08
  Step time per cell    1.13425e-08
 Step 7 time 0.00192567 control sound timestep  0.000352154 1,1 x 0 y 0
 Wall clock 18.9422
 Average time per cell 1.14697e-08
  Step time per cell    1.15702e-08
 Step 8 time 0.00227782 control sound timestep  0.000370384 1,1 x 0 y 0
 Wall clock 21.6232
 Average time per cell 1.14564e-08
  Step time per cell    1.13634e-08
 Step 9 time 0.00264821 control sound timestep  0.000366391 1,1 x 0 y 0
 Wall clock 24.351
 Average time per cell 1.14681e-08
  Step time per cell    1.15616e-08
 Step 10 time 0.0030146 control sound timestep  0.000363789 1,1 x 0 y 0
 Wall clock 27.2881
 Average time per cell 1.15662e-08
  Step time per cell    1.24486e-08
 Step 11 time 0.00337839 control sound timestep  0.000361224 1,1 x 0 y 0
 Wall clock 30.0237
 Average time per cell 1.15688e-08
  Step time per cell    1.15951e-08
 Step 12 time 0.00373961 control sound timestep  0.000359796 1,1 x 0 y 0
 Wall clock 32.7038
 Average time per cell 1.15514e-08
  Step time per cell    1.13593e-08
 Step 13 time 0.00409941 control sound timestep  0.000360678 1,1 x 0 y 0
 Wall clock 35.4323
 Average time per cell 1.15524e-08
  Step time per cell    1.15649e-08
 Step 14 time 0.00446009 control sound timestep  0.000362113 1,1 x 0 y 0
 Wall clock 38.1112
 Average time per cell 1.15383e-08
  Step time per cell    1.13541e-08
 Step 15 time 0.0048222 control sound timestep  0.000362661 1,1 x 0 y 0
 Wall clock 40.8463
 Average time per cell 1.15419e-08
  Step time per cell    1.15927e-08
 Step 16 time 0.00518486 control sound timestep  0.000362812 1,1 x 0 y 0
 Wall clock 43.532
 Average time per cell 1.1532e-08
  Step time per cell    1.13831e-08
 Step 17 time 0.00554767 control sound timestep  0.000362988 1,1 x 0 y 0
 Wall clock 46.2562
 Average time per cell 1.15329e-08
  Step time per cell    1.15467e-08
 Step 18 time 0.00591066 control sound timestep  0.000363082 1,1 x 0 y 0
 Wall clock 48.9393
 Average time per cell 1.1524e-08
  Step time per cell    1.13721e-08
 Step 19 time 0.00627374 control sound timestep  0.000363112 1,1 x 0 y 0
 Wall clock 51.6665
 Average time per cell 1.15259e-08
  Step time per cell    1.15592e-08
 Step 20 time 0.00663686 control sound timestep  0.00036317 1,1 x 0 y 0
 Wall clock 54.6128
 Average time per cell 1.1574e-08
  Step time per cell    1.24877e-08
 Step 21 time 0.00700003 control sound timestep  0.000363365 1,1 x 0 y 0
 Wall clock 57.3295
 Average time per cell 1.15711e-08
  Step time per cell    1.15147e-08
 Step 22 time 0.00736339 control sound timestep  0.00036347 1,1 x 0 y 0
 Wall clock 60.0142
 Average time per cell 1.15624e-08
  Step time per cell    1.1379e-08
 Step 23 time 0.00772686 control sound timestep  0.000363513 1,1 x 0 y 0
 Wall clock 62.7371
 Average time per cell 1.15615e-08
  Step time per cell    1.15408e-08
 Step 24 time 0.00809037 control sound timestep  0.000363629 1,1 x 0 y 0
 Wall clock 65.4227
 Average time per cell 1.15541e-08
  Step time per cell    1.1383e-08
 Step 25 time 0.008454 control sound timestep  0.000363732 1,1 x 0 y 0
 Wall clock 68.1493
 Average time per cell 1.15542e-08
  Step time per cell    1.15565e-08
 Step 26 time 0.00881773 control sound timestep  0.000363825 1,1 x 0 y 0
 Wall clock 70.8334
 Average time per cell 1.15474e-08
  Step time per cell    1.13765e-08
 Step 27 time 0.00918156 control sound timestep  0.000363914 1,1 x 0 y 0
 Wall clock 73.5608
 Average time per cell 1.15478e-08
  Step time per cell    1.15598e-08
 Step 28 time 0.00954547 control sound timestep  0.000363943 1,1 x 0 y 0
 Wall clock 76.2479
 Average time per cell 1.15422e-08
  Step time per cell    1.1389e-08
 Step 29 time 0.00990942 control sound timestep  0.000363973 1,1 x 0 y 0
 Wall clock 78.9697
 Average time per cell 1.1542e-08
  Step time per cell    1.15363e-08
 Step 30 time 0.0102734 control sound timestep  0.000363988 1,1 x 0 y 0
 Wall clock 81.9109
 Average time per cell 1.15728e-08
  Step time per cell    1.24661e-08
 Step 31 time 0.0106374 control sound timestep  0.000364002 1,1 x 0 y 0
 Wall clock 84.6383
 Average time per cell 1.15724e-08
  Step time per cell    1.15605e-08
 Step 32 time 0.0110014 control sound timestep  0.000364043 1,1 x 0 y 0
 Wall clock 87.3255
 Average time per cell 1.15667e-08
  Step time per cell    1.13894e-08
 Step 33 time 0.0113654 control sound timestep  0.000364085 1,1 x 0 y 0
 Wall clock 90.0529
 Average time per cell 1.15665e-08
  Step time per cell    1.15599e-08
 Step 34 time 0.0117295 control sound timestep  0.000364133 1,1 x 0 y 0
 Wall clock 92.7345
 Average time per cell 1.15606e-08
  Step time per cell    1.1366e-08
 Step 35 time 0.0120936 control sound timestep  0.000364198 1,1 x 0 y 0
 Wall clock 95.4667
 Average time per cell 1.15612e-08
  Step time per cell    1.158e-08
 Step 36 time 0.0124578 control sound timestep  0.000364259 1,1 x 0 y 0
 Wall clock 98.1496
 Average time per cell 1.15559e-08
  Step time per cell    1.13715e-08
 Step 37 time 0.0128221 control sound timestep  0.000364318 1,1 x 0 y 0
 Wall clock 100.868
 Average time per cell 1.1555e-08
  Step time per cell    1.15232e-08
 Step 38 time 0.0131864 control sound timestep  0.000364383 1,1 x 0 y 0
 Wall clock 103.548
 Average time per cell 1.15498e-08
  Step time per cell    1.1358e-08
 Step 39 time 0.0135508 control sound timestep  0.000364422 1,1 x 0 y 0
 Wall clock 106.272
 Average time per cell 1.15497e-08
  Step time per cell    1.15455e-08
 Step 40 time 0.0139152 control sound timestep  0.000364431 1,1 x 0 y 0
 Wall clock 109.209
 Average time per cell 1.15722e-08
  Step time per cell    1.2447e-08
 Step 41 time 0.0142797 control sound timestep  0.000364435 1,1 x 0 y 0
 Wall clock 111.938
 Average time per cell 1.15721e-08
  Step time per cell    1.1567e-08
 Step 42 time 0.0146441 control sound timestep  0.000364445 1,1 x 0 y 0
 Wall clock 114.62
 Average time per cell 1.15672e-08
  Step time per cell    1.13692e-08
 Step 43 time 0.0150085 control sound timestep  0.000364471 1,1 x 0 y 0
 Wall clock 117.347
 Average time per cell 1.1567e-08
  Step time per cell    1.1558e-08
 Step 44 time 0.015373 control sound timestep  0.000364495 1,1 x 0 y 0
 Wall clock 120.017
 Average time per cell 1.15613e-08
  Step time per cell    1.13167e-08
 Step 45 time 0.0157375 control sound timestep  0.000364518 1,1 x 0 y 0
 Wall clock 122.743
 Average time per cell 1.15611e-08
  Step time per cell    1.15525e-08
 Step 46 time 0.016102 control sound timestep  0.000364543 1,1 x 0 y 0
 Wall clock 125.424
 Average time per cell 1.15569e-08
  Step time per cell    1.13644e-08
 Step 47 time 0.0164666 control sound timestep  0.000364585 1,1 x 0 y 0
 Wall clock 128.165
 Average time per cell 1.15582e-08
  Step time per cell    1.16188e-08
 Step 48 time 0.0168311 control sound timestep  0.000364628 1,1 x 0 y 0
 Wall clock 130.856
 Average time per cell 1.1555e-08
  Step time per cell    1.14046e-08
 Step 49 time 0.0171958 control sound timestep  0.000364667 1,1 x 0 y 0
 Wall clock 133.598
 Average time per cell 1.15564e-08
  Step time per cell    1.16226e-08
 Step 50 time 0.0175604 control sound timestep  0.000364708 1,1 x 0 y 0
 Wall clock 136.553
 Average time per cell 1.15758e-08
  Step time per cell    1.25253e-08
 Step 51 time 0.0179251 control sound timestep  0.000364758 1,1 x 0 y 0
 Wall clock 139.296
 Average time per cell 1.15767e-08
  Step time per cell    1.16238e-08
 Step 52 time 0.0182899 control sound timestep  0.000364817 1,1 x 0 y 0
 Wall clock 141.987
 Average time per cell 1.15734e-08
  Step time per cell    1.1406e-08
 Step 53 time 0.0186547 control sound timestep  0.000364826 1,1 x 0 y 0
 Wall clock 144.722
 Average time per cell 1.15738e-08
  Step time per cell    1.15922e-08
 Step 54 time 0.0190195 control sound timestep  0.00036483 1,1 x 0 y 0
 Wall clock 147.405
 Average time per cell 1.157e-08
  Step time per cell    1.13704e-08
 Step 55 time 0.0193844 control sound timestep  0.000364831 1,1 x 0 y 0
 Wall clock 150.138
 Average time per cell 1.15703e-08
  Step time per cell    1.15855e-08
 Step 56 time 0.0197492 control sound timestep  0.000364846 1,1 x 0 y 0
 Wall clock 152.82
 Average time per cell 1.15667e-08
  Step time per cell    1.13697e-08
 Step 57 time 0.0201141 control sound timestep  0.000364866 1,1 x 0 y 0
 Wall clock 155.563
 Average time per cell 1.15678e-08
  Step time per cell    1.16253e-08
 Step 58 time 0.0204789 control sound timestep  0.000364884 1,1 x 0 y 0
 Wall clock 158.254
 Average time per cell 1.1565e-08
  Step time per cell    1.14048e-08
 Step 59 time 0.0208438 control sound timestep  0.000364902 1,1 x 0 y 0
 Wall clock 160.999
 Average time per cell 1.15661e-08
  Step time per cell    1.16336e-08
 Step 60 time 0.0212087 control sound timestep  0.000364922 1,1 x 0 y 0
 Wall clock 163.95
 Average time per cell 1.15819e-08
  Step time per cell    1.25103e-08
 Step 61 time 0.0215736 control sound timestep  0.000364956 1,1 x 0 y 0
 Wall clock 166.686
 Average time per cell 1.15821e-08
  Step time per cell    1.15942e-08
 Step 62 time 0.0219386 control sound timestep  0.000364991 1,1 x 0 y 0
 Wall clock 169.375
 Average time per cell 1.15791e-08
  Step time per cell    1.13991e-08
 Step 63 time 0.0223036 control sound timestep  0.000365022 1,1 x 0 y 0
 Wall clock 172.111
 Average time per cell 1.15794e-08
  Step time per cell    1.15952e-08
 Step 64 time 0.0226686 control sound timestep  0.000365056 1,1 x 0 y 0
 Wall clock 174.794
 Average time per cell 1.15761e-08
  Step time per cell    1.13695e-08
 Step 65 time 0.0230337 control sound timestep  0.000365098 1,1 x 0 y 0
 Wall clock 177.544
 Average time per cell 1.15774e-08
  Step time per cell    1.16567e-08
 Step 66 time 0.0233988 control sound timestep  0.000365146 1,1 x 0 y 0
 Wall clock 180.238
 Average time per cell 1.1575e-08
  Step time per cell    1.14203e-08
 Step 67 time 0.0237639 control sound timestep  0.000365166 1,1 x 0 y 0
 Wall clock 182.967
 Average time per cell 1.15749e-08
  Step time per cell    1.15661e-08
 Step 68 time 0.0241291 control sound timestep  0.000365169 1,1 x 0 y 0
 Wall clock 185.663
 Average time per cell 1.15727e-08
  Step time per cell    1.1428e-08
 Step 69 time 0.0244942 control sound timestep  0.000365167 1,1 x 0 y 0
 Wall clock 188.395
 Average time per cell 1.15728e-08
  Step time per cell    1.15778e-08
 Step 70 time 0.0248594 control sound timestep  0.000365177 1,1 x 0 y 0
 Wall clock 191.352
 Average time per cell 1.15865e-08
  Step time per cell    1.25338e-08
 Step 71 time 0.0252246 control sound timestep  0.000365194 1,1 x 0 y 0
 Wall clock 194.097
 Average time per cell 1.15872e-08
  Step time per cell    1.16348e-08
 Step 72 time 0.0255898 control sound timestep  0.000365209 1,1 x 0 y 0
 Wall clock 196.783
 Average time per cell 1.15844e-08
  Step time per cell    1.13848e-08
 Step 73 time 0.025955 control sound timestep  0.000365223 1,1 x 0 y 0
 Wall clock 199.53
 Average time per cell 1.15852e-08
  Step time per cell    1.16416e-08
 Step 74 time 0.0263202 control sound timestep  0.000365239 1,1 x 0 y 0
 Wall clock 202.227
 Average time per cell 1.15831e-08
  Step time per cell    1.14326e-08
 Step 75 time 0.0266854 control sound timestep  0.000365263 1,1 x 0 y 0
 Wall clock 204.958
 Average time per cell 1.1583e-08
  Step time per cell    1.15751e-08
 Step 76 time 0.0270507 control sound timestep  0.000365294 1,1 x 0 y 0
 Wall clock 207.652
 Average time per cell 1.15809e-08
  Step time per cell    1.14185e-08
 Step 77 time 0.027416 control sound timestep  0.000365322 1,1 x 0 y 0
 Wall clock 210.38
 Average time per cell 1.15806e-08
  Step time per cell    1.15602e-08
 Step 78 time 0.0277813 control sound timestep  0.000365349 1,1 x 0 y 0
 Wall clock 213.076
 Average time per cell 1.15787e-08
  Step time per cell    1.14301e-08
 Step 79 time 0.0281467 control sound timestep  0.000365381 1,1 x 0 y 0
 Wall clock 215.815
 Average time per cell 1.1579e-08
  Step time per cell    1.16063e-08
 Step 80 time 0.0285121 control sound timestep  0.000365421 1,1 x 0 y 0
 Wall clock 218.757
 Average time per cell 1.15902e-08
  Step time per cell    1.24725e-08
 Step 81 time 0.0288775 control sound timestep  0.000365457 1,1 x 0 y 0
 Wall clock 221.505
 Average time per cell 1.15909e-08
  Step time per cell    1.16463e-08
 Step 82 time 0.0292429 control sound timestep  0.000365459 1,1 x 0 y 0
 Wall clock 224.196
 Average time per cell 1.15886e-08
  Step time per cell    1.14031e-08
 Step 83 time 0.0296084 control sound timestep  0.000365461 1,1 x 0 y 0
 Wall clock 226.925
 Average time per cell 1.15883e-08
  Step time per cell    1.15675e-08
 Step 84 time 0.0299738 control sound timestep  0.000365461 1,1 x 0 y 0
 Wall clock 229.623
 Average time per cell 1.15865e-08
  Step time per cell    1.14372e-08
 Step 85 time 0.0303393 control sound timestep  0.000365475 1,1 x 0 y 0
 Wall clock 232.356
 Average time per cell 1.15865e-08
  Step time per cell    1.15809e-08
 Step 86 time 0.0307048 control sound timestep  0.000365488 1,1 x 0 y 0
 Wall clock 235.039
 Average time per cell 1.1584e-08
  Step time per cell    1.13739e-08
 Step 87 time 0.0310703 control sound timestep  0.0003655 1,1 x 0 y 0
 Wall clock 237.775
 Average time per cell 1.15842e-08
  Step time per cell    1.15956e-08
 Step 88 time 0.0314358 control sound timestep  0.000365513 1,1 x 0 y 0
 Wall clock 240.464
 Average time per cell 1.15821e-08
  Step time per cell    1.13991e-08
 Step 89 time 0.0318013 control sound timestep  0.000365528 1,1 x 0 y 0
 Wall clock 243.203
 Average time per cell 1.15823e-08
  Step time per cell    1.16065e-08
 Step 90 time 0.0321668 control sound timestep  0.000365555 1,1 x 0 y 0
 Wall clock 246.148
 Average time per cell 1.15924e-08
  Step time per cell    1.24839e-08
 Step 91 time 0.0325324 control sound timestep  0.00036558 1,1 x 0 y 0
 Wall clock 248.894
 Average time per cell 1.15929e-08
  Step time per cell    1.16398e-08
 Step 92 time 0.0328979 control sound timestep  0.000365603 1,1 x 0 y 0
 Wall clock 251.589
 Average time per cell 1.1591e-08
  Step time per cell    1.142e-08
 Step 93 time 0.0332636 control sound timestep  0.000365628 1,1 x 0 y 0
 Wall clock 254.314
 Average time per cell 1.15906e-08
  Step time per cell    1.15518e-08
 Step 94 time 0.0336292 control sound timestep  0.000365659 1,1 x 0 y 0
 Wall clock 257.011
 Average time per cell 1.15889e-08
  Step time per cell    1.14291e-08
 Step 95 time 0.0339948 control sound timestep  0.000365696 1,1 x 0 y 0
 Wall clock 259.753
 Average time per cell 1.15892e-08
  Step time per cell    1.16228e-08
 Step 96 time 0.0343605 control sound timestep  0.000365709 1,1 x 0 y 0
 Wall clock 262.448
 Average time per cell 1.15875e-08
  Step time per cell    1.14228e-08
 Step 97 time 0.0347262 control sound timestep  0.00036571 1,1 x 0 y 0
 Wall clock 265.19
 Average time per cell 1.15878e-08
  Step time per cell    1.16204e-08
 Step 98 time 0.035092 control sound timestep  0.000365708 1,1 x 0 y 0
 Wall clock 267.875
 Average time per cell 1.15858e-08
  Step time per cell    1.13835e-08
 Step 99 time 0.0354577 control sound timestep  0.000365716 1,1 x 0 y 0
 Wall clock 270.623
 Average time per cell 1.15864e-08
  Step time per cell    1.16459e-08
 Step 100 time 0.0358234 control sound timestep  0.000365728 1,1 x 0 y 0
 Wall clock 273.571
 Average time per cell 1.15954e-08
  Step time per cell    1.24939e-08
 Step 101 time 0.0361891 control sound timestep  0.000365739 1,1 x 0 y 0
 Wall clock 276.3
 Average time per cell 1.15952e-08
  Step time per cell    1.15665e-08
 Step 102 time 0.0365548 control sound timestep  0.000365749 1,1 x 0 y 0
 Wall clock 278.996
 Average time per cell 1.15935e-08
  Step time per cell    1.14282e-08
 Step 103 time 0.0369206 control sound timestep  0.000365761 1,1 x 0 y 0
 Wall clock 281.736
 Average time per cell 1.15937e-08
  Step time per cell    1.16128e-08
 Step 104 time 0.0372864 control sound timestep  0.00036578 1,1 x 0 y 0
 Wall clock 284.433
 Average time per cell 1.15922e-08
  Step time per cell    1.14327e-08
 Step 105 time 0.0376521 control sound timestep  0.000365803 1,1 x 0 y 0
 Wall clock 287.173
 Average time per cell 1.15923e-08
  Step time per cell    1.16111e-08
 Step 106 time 0.0380179 control sound timestep  0.000365823 1,1 x 0 y 0
 Wall clock 289.857
 Average time per cell 1.15903e-08
  Step time per cell    1.13751e-08
 Step 107 time 0.0383838 control sound timestep  0.000365844 1,1 x 0 y 0
 Wall clock 292.607
 Average time per cell 1.15909e-08
  Step time per cell    1.16591e-08
 Step 108 time 0.0387496 control sound timestep  0.000365869 1,1 x 0 y 0
 Wall clock 295.305
 Average time per cell 1.15895e-08
  Step time per cell    1.14343e-08
 Step 109 time 0.0391155 control sound timestep  0.000365899 1,1 x 0 y 0
 Wall clock 298.033
 Average time per cell 1.15893e-08
  Step time per cell    1.15642e-08
 Step 110 time 0.0394814 control sound timestep  0.000365927 1,1 x 0 y 0
 Wall clock 300.992
 Average time per cell 1.15979e-08
  Step time per cell    1.25384e-08
 Step 111 time 0.0398473 control sound timestep  0.000365928 1,1 x 0 y 0
 Wall clock 303.736
 Average time per cell 1.15982e-08
  Step time per cell    1.16332e-08
 Step 112 time 0.0402132 control sound timestep  0.000365927 1,1 x 0 y 0
 Wall clock 306.428
 Average time per cell 1.15965e-08
  Step time per cell    1.14101e-08
 Step 113 time 0.0405792 control sound timestep  0.000365929 1,1 x 0 y 0
 Wall clock 309.172
 Average time per cell 1.15968e-08
  Step time per cell    1.16284e-08
 Step 114 time 0.0409451 control sound timestep  0.000365939 1,1 x 0 y 0
 Wall clock 311.877
 Average time per cell 1.15957e-08
  Step time per cell    1.14644e-08
 Step 115 time 0.041311 control sound timestep  0.000365949 1,1 x 0 y 0
 Wall clock 314.609
 Average time per cell 1.15955e-08
  Step time per cell    1.15805e-08
 Step 116 time 0.041677 control sound timestep  0.000365958 1,1 x 0 y 0
 Wall clock 317.309
 Average time per cell 1.15942e-08
  Step time per cell    1.14439e-08
 Step 117 time 0.0420429 control sound timestep  0.000365968 1,1 x 0 y 0
 Wall clock 320.048
 Average time per cell 1.15944e-08
  Step time per cell    1.16106e-08
 Step 118 time 0.0424089 control sound timestep  0.00036598 1,1 x 0 y 0
 Wall clock 322.745
 Average time per cell 1.1593e-08
  Step time per cell    1.14292e-08
 Step 119 time 0.0427749 control sound timestep  0.000366001 1,1 x 0 y 0
 Wall clock 325.485
 Average time per cell 1.15931e-08
  Step time per cell    1.1613e-08
 Step 120 time 0.0431409 control sound timestep  0.00036602 1,1 x 0 y 0
 Wall clock 328.425
 Average time per cell 1.16004e-08
  Step time per cell    1.24619e-08
 Step 121 time 0.0435069 control sound timestep  0.000366037 1,1 x 0 y 0
 Wall clock 331.166
 Average time per cell 1.16005e-08
  Step time per cell    1.16156e-08
 Step 122 time 0.0438729 control sound timestep  0.000366057 1,1 x 0 y 0
 Wall clock 333.868
 Average time per cell 1.15993e-08
  Step time per cell    1.14539e-08
 Step 123 time 0.044239 control sound timestep  0.000366082 1,1 x 0 y 0
 Wall clock 336.613
 Average time per cell 1.15996e-08
  Step time per cell    1.16341e-08
 Step 124 time 0.0446051 control sound timestep  0.000366111 1,1 x 0 y 0
 Wall clock 339.304
 Average time per cell 1.1598e-08
  Step time per cell    1.14058e-08
 Step 125 time 0.0449712 control sound timestep  0.000366119 1,1 x 0 y 0
 Wall clock 342.052
 Average time per cell 1.15985e-08
  Step time per cell    1.16489e-08
 Step 126 time 0.0453373 control sound timestep  0.00036612 1,1 x 0 y 0
 Wall clock 344.742
 Average time per cell 1.15969e-08
  Step time per cell    1.14014e-08
 Step 127 time 0.0457034 control sound timestep  0.000366118 1,1 x 0 y 0
 Wall clock 347.487
 Average time per cell 1.15972e-08
  Step time per cell    1.16331e-08
 Step 128 time 0.0460695 control sound timestep  0.000366125 1,1 x 0 y 0
 Wall clock 350.188
 Average time per cell 1.1596e-08
  Step time per cell    1.14489e-08
 Step 129 time 0.0464357 control sound timestep  0.000366134 1,1 x 0 y 0
 Wall clock 352.927
 Average time per cell 1.15961e-08
  Step time per cell    1.16102e-08
 Step 130 time 0.0468018 control sound timestep  0.000366143 1,1 x 0 y 0
 Wall clock 355.874
 Average time per cell 1.1603e-08
  Step time per cell    1.24911e-08
 Step 131 time 0.0471679 control sound timestep  0.000366151 1,1 x 0 y 0
 Wall clock 358.622
 Average time per cell 1.16033e-08
  Step time per cell    1.1645e-08
 Step 132 time 0.0475341 control sound timestep  0.00036616 1,1 x 0 y 0
 Wall clock 361.316
 Average time per cell 1.1602e-08
  Step time per cell    1.14207e-08
 Step 133 time 0.0479003 control sound timestep  0.000366177 1,1 x 0 y 0
 Wall clock 364.045
 Average time per cell 1.16017e-08
  Step time per cell    1.15654e-08
 Step 134 time 0.0482664 control sound timestep  0.000366195 1,1 x 0 y 0
 Wall clock 366.748
 Average time per cell 1.16006e-08
  Step time per cell    1.14563e-08
 Step 135 time 0.0486326 control sound timestep  0.000366211 1,1 x 0 y 0
 Wall clock 369.489
 Average time per cell 1.16007e-08
  Step time per cell    1.16183e-08
 Step 136 time 0.0489988 control sound timestep  0.000366227 1,1 x 0 y 0
 Wall clock 372.187
 Average time per cell 1.15995e-08
  Step time per cell    1.14328e-08
 Step 137 time 0.0493651 control sound timestep  0.000366248 1,1 x 0 y 0
 Wall clock 374.936
 Average time per cell 1.15999e-08
  Step time per cell    1.16515e-08
 Step 138 time 0.0497313 control sound timestep  0.000366273 1,1 x 0 y 0
 Wall clock 377.624
 Average time per cell 1.15984e-08
  Step time per cell    1.13953e-08
 Step 139 time 0.0500976 control sound timestep  0.000366291 1,1 x 0 y 0
 Wall clock 380.37
 Average time per cell 1.15987e-08
  Step time per cell    1.1638e-08
 Step 140 time 0.0504639 control sound timestep  0.000366292 1,1 x 0 y 0
 Wall clock 383.333
 Average time per cell 1.16055e-08
  Step time per cell    1.25583e-08
 Step 141 time 0.0508302 control sound timestep  0.000366288 1,1 x 0 y 0
 Wall clock 386.082
 Average time per cell 1.16059e-08
  Step time per cell    1.16505e-08
 Step 142 time 0.0511965 control sound timestep  0.000366292 1,1 x 0 y 0
 Wall clock 388.768
 Average time per cell 1.16043e-08
  Step time per cell    1.13873e-08
 Step 143 time 0.0515627 control sound timestep  0.000366301 1,1 x 0 y 0
 Wall clock 391.514
 Average time per cell 1.16046e-08
  Step time per cell    1.16362e-08
 Step 144 time 0.051929 control sound timestep  0.000366308 1,1 x 0 y 0
 Wall clock 394.218
 Average time per cell 1.16036e-08
  Step time per cell    1.14613e-08
 Step 145 time 0.0522954 control sound timestep  0.000366316 1,1 x 0 y 0
 Wall clock 396.959
 Average time per cell 1.16037e-08
  Step time per cell    1.1618e-08
 Step 146 time 0.0526617 control sound timestep  0.000366324 1,1 x 0 y 0
 Wall clock 399.645
 Average time per cell 1.16022e-08
  Step time per cell    1.13853e-08
 Step 147 time 0.053028 control sound timestep  0.000366336 1,1 x 0 y 0
 Wall clock 402.393
 Average time per cell 1.16025e-08
  Step time per cell    1.16477e-08
 Step 148 time 0.0533943 control sound timestep  0.000366353 1,1 x 0 y 0
 Wall clock 405.093
 Average time per cell 1.16014e-08
  Step time per cell    1.14419e-08
 Step 149 time 0.0537607 control sound timestep  0.000366368 1,1 x 0 y 0
 Wall clock 407.84
 Average time per cell 1.16017e-08
  Step time per cell    1.16443e-08
 Step 150 time 0.0541271 control sound timestep  0.000366382 1,1 x 0 y 0
 Wall clock 410.791
 Average time per cell 1.16077e-08
  Step time per cell    1.25091e-08
 Step 151 time 0.0544934 control sound timestep  0.000366399 1,1 x 0 y 0
 Wall clock 413.54
 Average time per cell 1.1608e-08
  Step time per cell    1.16509e-08
 Step 152 time 0.0548598 control sound timestep  0.000366421 1,1 x 0 y 0
 Wall clock 416.24
 Average time per cell 1.16069e-08
  Step time per cell    1.14421e-08
 Step 153 time 0.0552263 control sound timestep  0.000366444 1,1 x 0 y 0
 Wall clock 418.969
 Average time per cell 1.16067e-08
  Step time per cell    1.15682e-08
 Step 154 time 0.0555927 control sound timestep  0.000366446 1,1 x 0 y 0
 Wall clock 421.678
 Average time per cell 1.16059e-08
  Step time per cell    1.14819e-08
 Step 155 time 0.0559591 control sound timestep  0.000366445 1,1 x 0 y 0
 Wall clock 424.418
 Average time per cell 1.16059e-08
  Step time per cell    1.16142e-08
 Step 156 time 0.0563256 control sound timestep  0.000366445 1,1 x 0 y 0
 Wall clock 427.107
 Average time per cell 1.16046e-08
  Step time per cell    1.13982e-08
 Step 157 time 0.056692 control sound timestep  0.000366452 1,1 x 0 y 0
 Wall clock 429.854
 Average time per cell 1.16048e-08
  Step time per cell    1.16421e-08
 Step 158 time 0.0570585 control sound timestep  0.000366459 1,1 x 0 y 0
 Wall clock 432.564
 Average time per cell 1.16041e-08
  Step time per cell    1.14859e-08
 Step 159 time 0.0574249 control sound timestep  0.000366466 1,1 x 0 y 0
 Wall clock 435.308
 Average time per cell 1.16042e-08
  Step time per cell    1.16287e-08
 Step 160 time 0.0577914 control sound timestep  0.000366473 1,1 x 0 y 0
 Wall clock 438.264
 Average time per cell 1.161e-08
  Step time per cell    1.25281e-08
 Step 161 time 0.0581579 control sound timestep  0.000366482 1,1 x 0 y 0
 Wall clock 440.967
 Average time per cell 1.16091e-08
  Step time per cell    1.14566e-08
 Step 162 time 0.0585244 control sound timestep  0.000366498 1,1 x 0 y 0
 Wall clock 443.631
 Average time per cell 1.16071e-08
  Step time per cell    1.12945e-08
 Step 163 time 0.0588909 control sound timestep  0.000366512 1,1 x 0 y 0
 Wall clock 446.342
 Average time per cell 1.16064e-08
  Step time per cell    1.14871e-08
 Step 164 time 0.0592574 control sound timestep  0.000366525 1,1 x 0 y 0
 Wall clock 449.013
 Average time per cell 1.16047e-08
  Step time per cell    1.13224e-08
 Step 165 time 0.0596239 control sound timestep  0.000366539 1,1 x 0 y 0
 Wall clock 451.721
 Average time per cell 1.16039e-08
  Step time per cell    1.1479e-08
 Step 166 time 0.0599904 control sound timestep  0.000366558 1,1 x 0 y 0
 Wall clock 454.389
 Average time per cell 1.16021e-08
  Step time per cell    1.13054e-08
 Step 167 time 0.060357 control sound timestep  0.00036658 1,1 x 0 y 0
 Wall clock 457.108
 Average time per cell 1.16016e-08
  Step time per cell    1.15242e-08
 Step 168 time 0.0607236 control sound timestep  0.000366586 1,1 x 0 y 0
 Wall clock 459.763
 Average time per cell 1.15996e-08
  Step time per cell    1.12559e-08
 Step 169 time 0.0610902 control sound timestep  0.000366586 1,1 x 0 y 0
 Wall clock 462.488
 Average time per cell 1.15993e-08
  Step time per cell    1.15507e-08
 Step 170 time 0.0614568 control sound timestep  0.000366585 1,1 x 0 y 0
 Wall clock 465.414
 Average time per cell 1.1604e-08
  Step time per cell    1.23982e-08
 Step 171 time 0.0618233 control sound timestep  0.00036659 1,1 x 0 y 0
 Wall clock 468.132
 Average time per cell 1.16035e-08
  Step time per cell    1.15204e-08
 Step 172 time 0.0621899 control sound timestep  0.000366597 1,1 x 0 y 0
 Wall clock 470.789
 Average time per cell 1.16015e-08
  Step time per cell    1.12616e-08
 Step 173 time 0.0625565 control sound timestep  0.000366603 1,1 x 0 y 0
 Wall clock 473.513
 Average time per cell 1.16012e-08
  Step time per cell    1.1548e-08
 Step 174 time 0.0629231 control sound timestep  0.000366609 1,1 x 0 y 0
 Wall clock 476.173
 Average time per cell 1.15993e-08
  Step time per cell    1.12747e-08
 Step 175 time 0.0632897 control sound timestep  0.000366616 1,1 x 0 y 0
 Wall clock 478.894
 Average time per cell 1.1599e-08
  Step time per cell    1.15316e-08
 Step 176 time 0.0636564 control sound timestep  0.000366631 1,1 x 0 y 0
 Wall clock 481.558
 Average time per cell 1.15972e-08
  Step time per cell    1.12913e-08
 Step 177 time 0.064023 control sound timestep  0.000366644 1,1 x 0 y 0
 Wall clock 484.269
 Average time per cell 1.15966e-08
  Step time per cell    1.14895e-08
 Step 178 time 0.0643896 control sound timestep  0.000366656 1,1 x 0 y 0
 Wall clock 486.932
 Average time per cell 1.15949e-08
  Step time per cell    1.12891e-08
 Step 179 time 0.0647563 control sound timestep  0.000366668 1,1 x 0 y 0
 Wall clock 489.652
 Average time per cell 1.15945e-08
  Step time per cell    1.15257e-08
 Step 180 time 0.065123 control sound timestep  0.000366685 1,1 x 0 y 0
 Wall clock 492.575
 Average time per cell 1.15989e-08
  Step time per cell    1.23894e-08
 Step 181 time 0.0654896 control sound timestep  0.000366704 1,1 x 0 y 0
 Wall clock 495.289
 Average time per cell 1.15984e-08
  Step time per cell    1.15061e-08
 Step 182 time 0.0658563 control sound timestep  0.000366715 1,1 x 0 y 0
 Wall clock 497.953
 Average time per cell 1.15967e-08
  Step time per cell    1.12874e-08
 Step 183 time 0.0662231 control sound timestep  0.000366716 1,1 x 0 y 0
 Wall clock 500.673
 Average time per cell 1.15963e-08
  Step time per cell    1.15312e-08
 Step 184 time 0.0665898 control sound timestep  0.000366713 1,1 x 0 y 0
 Wall clock 503.335
 Average time per cell 1.15946e-08
  Step time per cell    1.12822e-08
 Step 185 time 0.0669565 control sound timestep  0.000366717 1,1 x 0 y 0
 Wall clock 506.063
 Average time per cell 1.15945e-08
  Step time per cell    1.15641e-08
 Step 186 time 0.0673232 control sound timestep  0.000366724 1,1 x 0 y 0
 Wall clock 508.726
 Average time per cell 1.15928e-08
  Step time per cell    1.12865e-08
 Step 187 time 0.0676899 control sound timestep  0.000366729 1,1 x 0 y 0
 Wall clock 511.453
 Average time per cell 1.15926e-08
  Step time per cell    1.15558e-08
 Step 188 time 0.0680567 control sound timestep  0.000366735 1,1 x 0 y 0
 Wall clock 514.114
 Average time per cell 1.1591e-08
  Step time per cell    1.12804e-08
 Step 189 time 0.0684234 control sound timestep  0.000366742 1,1 x 0 y 0
 Wall clock 516.834
 Average time per cell 1.15906e-08
  Step time per cell    1.15257e-08
 Step 190 time 0.0687901 control sound timestep  0.000366754 1,1 x 0 y 0
 Wall clock 519.765
 Average time per cell 1.1595e-08
  Step time per cell    1.24231e-08
 Step 191 time 0.0691569 control sound timestep  0.000366766 1,1 x 0 y 0
 Wall clock 522.488
 Average time per cell 1.15947e-08
  Step time per cell    1.15415e-08
 Step 192 time 0.0695237 control sound timestep  0.000366777 1,1 x 0 y 0
 Wall clock 525.163
 Average time per cell 1.15934e-08
  Step time per cell    1.13385e-08
 Step 193 time 0.0698904 control sound timestep  0.000366789 1,1 x 0 y 0
 Wall clock 527.885
 Average time per cell 1.15931e-08
  Step time per cell    1.15386e-08
 Step 194 time 0.0702572 control sound timestep  0.000366803 1,1 x 0 y 0
 Wall clock 530.545
 Average time per cell 1.15915e-08
  Step time per cell    1.12731e-08
 Step 195 time 0.070624 control sound timestep  0.000366821 1,1 x 0 y 0
 Wall clock 533.278
 Average time per cell 1.15914e-08
  Step time per cell    1.1584e-08
 Step 196 time 0.0709908 control sound timestep  0.000366835 1,1 x 0 y 0
 Wall clock 535.942
 Average time per cell 1.15899e-08
  Step time per cell    1.129e-08
 Step 197 time 0.0713577 control sound timestep  0.000366836 1,1 x 0 y 0
 Wall clock 538.665
 Average time per cell 1.15897e-08
  Step time per cell    1.15445e-08
 Step 198 time 0.0717245 control sound timestep  0.000366833 1,1 x 0 y 0
 Wall clock 541.33
 Average time per cell 1.15882e-08
  Step time per cell    1.12939e-08
 Step 199 time 0.0720913 control sound timestep  0.000366836 1,1 x 0 y 0
 Wall clock 544.047
 Average time per cell 1.15878e-08
  Step time per cell    1.15144e-08
 Step 200 time 0.0724582 control sound timestep  0.000366842 1,1 x 0 y 0
 Wall clock 546.971
 Average time per cell 1.15918e-08
  Step time per cell    1.23964e-08
 Step 201 time 0.072825 control sound timestep  0.000366847 1,1 x 0 y 0
 Wall clock 549.684
 Average time per cell 1.15914e-08
  Step time per cell    1.14973e-08
 Step 202 time 0.0731919 control sound timestep  0.000366853 1,1 x 0 y 0
 Wall clock 552.35
 Average time per cell 1.15899e-08
  Step time per cell    1.13017e-08
 Step 203 time 0.0735587 control sound timestep  0.000366859 1,1 x 0 y 0
 Wall clock 555.07
 Average time per cell 1.15896e-08
  Step time per cell    1.15272e-08
 Step 204 time 0.0739256 control sound timestep  0.000366869 1,1 x 0 y 0
 Wall clock 557.744
 Average time per cell 1.15884e-08
  Step time per cell    1.13315e-08
 Step 205 time 0.0742925 control sound timestep  0.000366881 1,1 x 0 y 0
 Wall clock 560.463
 Average time per cell 1.15881e-08
  Step time per cell    1.15246e-08
 Step 206 time 0.0746593 control sound timestep  0.000366892 1,1 x 0 y 0
 Wall clock 563.14
 Average time per cell 1.15869e-08
  Step time per cell    1.13467e-08
 Step 207 time 0.0750262 control sound timestep  0.000366902 1,1 x 0 y 0
 Wall clock 565.861
 Average time per cell 1.15866e-08
  Step time per cell    1.15344e-08
 Step 208 time 0.0753931 control sound timestep  0.000366915 1,1 x 0 y 0
 Wall clock 568.537
 Average time per cell 1.15854e-08
  Step time per cell    1.13412e-08
 Step 209 time 0.07576 control sound timestep  0.000366932 1,1 x 0 y 0
 Wall clock 571.251
 Average time per cell 1.15851e-08
  Step time per cell    1.15018e-08
 Step 210 time 0.076127 control sound timestep  0.000366947 1,1 x 0 y 0
 Wall clock 574.183
 Average time per cell 1.15891e-08
  Step time per cell    1.24296e-08
 Step 211 time 0.0764939 control sound timestep  0.000366948 1,1 x 0 y 0
 Wall clock 576.9
 Average time per cell 1.15887e-08
  Step time per cell    1.15146e-08
 Step 212 time 0.0768609 control sound timestep  0.000366945 1,1 x 0 y 0
 Wall clock 579.569
 Average time per cell 1.15874e-08
  Step time per cell    1.13139e-08
 Step 213 time 0.0772278 control sound timestep  0.000366947 1,1 x 0 y 0
 Wall clock 582.286
 Average time per cell 1.15871e-08
  Step time per cell    1.15151e-08
 Step 214 time 0.0775948 control sound timestep  0.000366952 1,1 x 0 y 0
 Wall clock 584.955
 Average time per cell 1.15858e-08
  Step time per cell    1.13138e-08
 Step 215 time 0.0779617 control sound timestep  0.000366958 1,1 x 0 y 0
 Wall clock 587.68
 Average time per cell 1.15856e-08
  Step time per cell    1.15485e-08
 Step 216 time 0.0783287 control sound timestep  0.000366963 1,1 x 0 y 0
 Wall clock 590.364
 Average time per cell 1.15847e-08
  Step time per cell    1.13741e-08
 Step 217 time 0.0786956 control sound timestep  0.000366968 1,1 x 0 y 0
 Wall clock 593.079
 Average time per cell 1.15843e-08
  Step time per cell    1.15111e-08
 Step 218 time 0.0790626 control sound timestep  0.000366977 1,1 x 0 y 0
 Wall clock 595.758
 Average time per cell 1.15833e-08
  Step time per cell    1.13549e-08
 Step 219 time 0.0794296 control sound timestep  0.000366989 1,1 x 0 y 0
 Wall clock 598.476
 Average time per cell 1.1583e-08
  Step time per cell    1.1516e-08
 Step 220 time 0.0797966 control sound timestep  0.000366999 1,1 x 0 y 0
 Wall clock 601.402
 Average time per cell 1.15867e-08
  Step time per cell    1.24034e-08
 Step 221 time 0.0801636 control sound timestep  0.000367009 1,1 x 0 y 0
 Wall clock 604.127
 Average time per cell 1.15865e-08
  Step time per cell    1.15519e-08
 Step 222 time 0.0805306 control sound timestep  0.000367021 1,1 x 0 y 0
 Wall clock 606.804
 Average time per cell 1.15854e-08
  Step time per cell    1.13428e-08
 Step 223 time 0.0808976 control sound timestep  0.000367036 1,1 x 0 y 0
 Wall clock 609.524
 Average time per cell 1.15852e-08
  Step time per cell    1.15291e-08
 Step 224 time 0.0812646 control sound timestep  0.000367052 1,1 x 0 y 0
 Wall clock 612.192
 Average time per cell 1.1584e-08
  Step time per cell    1.13103e-08
 Step 225 time 0.0816317 control sound timestep  0.000367052 1,1 x 0 y 0
 Wall clock 614.908
 Average time per cell 1.15836e-08
  Step time per cell    1.15094e-08
 Step 226 time 0.0819987 control sound timestep  0.00036705 1,1 x 0 y 0
 Wall clock 617.595
 Average time per cell 1.15828e-08
  Step time per cell    1.1392e-08
 Step 227 time 0.0823658 control sound timestep  0.000367051 1,1 x 0 y 0
 Wall clock 620.318
 Average time per cell 1.15826e-08
  Step time per cell    1.15386e-08
 Step 228 time 0.0827328 control sound timestep  0.000367056 1,1 x 0 y 0
 Wall clock 622.998
 Average time per cell 1.15816e-08
  Step time per cell    1.13617e-08
 Step 229 time 0.0830999 control sound timestep  0.000367062 1,1 x 0 y 0
 Wall clock 625.72
 Average time per cell 1.15814e-08
  Step time per cell    1.15342e-08
 Step 230 time 0.083467 control sound timestep  0.000367066 1,1 x 0 y 0
 Wall clock 628.658
 Average time per cell 1.15852e-08
  Step time per cell    1.24548e-08
 Step 231 time 0.083834 control sound timestep  0.000367071 1,1 x 0 y 0
 Wall clock 631.388
 Average time per cell 1.15852e-08
  Step time per cell    1.15688e-08
 Step 232 time 0.0842011 control sound timestep  0.000367079 1,1 x 0 y 0
 Wall clock 634.063
 Average time per cell 1.15841e-08
  Step time per cell    1.13379e-08
 Step 233 time 0.0845682 control sound timestep  0.000367091 1,1 x 0 y 0
 Wall clock 636.778
 Average time per cell 1.15838e-08
  Step time per cell    1.15086e-08
 Step 234 time 0.0849353 control sound timestep  0.0003671 1,1 x 0 y 0
 Wall clock 639.45
 Average time per cell 1.15827e-08
  Step time per cell    1.13262e-08
 Step 235 time 0.0853024 control sound timestep  0.00036711 1,1 x 0 y 0
 Wall clock 642.172
 Average time per cell 1.15825e-08
  Step time per cell    1.15346e-08
 Step 236 time 0.0856695 control sound timestep  0.000367121 1,1 x 0 y 0
 Wall clock 644.85
 Average time per cell 1.15815e-08
  Step time per cell    1.13508e-08
 Step 237 time 0.0860366 control sound timestep  0.000367135 1,1 x 0 y 0
 Wall clock 647.575
 Average time per cell 1.15813e-08
  Step time per cell    1.15498e-08
 Step 238 time 0.0864037 control sound timestep  0.000367151 1,1 x 0 y 0
 Wall clock 650.265
 Average time per cell 1.15806e-08
  Step time per cell    1.14036e-08
 Step 239 time 0.0867709 control sound timestep  0.000367151 1,1 x 0 y 0
 Wall clock 652.987
 Average time per cell 1.15804e-08
  Step time per cell    1.15372e-08
 Step 240 time 0.087138 control sound timestep  0.00036715 1,1 x 0 y 0
 Wall clock 655.922
 Average time per cell 1.1584e-08
  Step time per cell    1.24374e-08
 Step 241 time 0.0875052 control sound timestep  0.00036715 1,1 x 0 y 0
 Wall clock 658.647
 Average time per cell 1.15839e-08
  Step time per cell    1.15508e-08
 Step 242 time 0.0878723 control sound timestep  0.000367155 1,1 x 0 y 0
 Wall clock 661.325
 Average time per cell 1.15829e-08
  Step time per cell    1.1351e-08
 Step 243 time 0.0882395 control sound timestep  0.00036716 1,1 x 0 y 0
 Wall clock 664.044
 Average time per cell 1.15827e-08
  Step time per cell    1.15255e-08
 Step 244 time 0.0886066 control sound timestep  0.000367164 1,1 x 0 y 0
 Wall clock 666.73
 Average time per cell 1.15818e-08
  Step time per cell    1.13836e-08
 Step 245 time 0.0889738 control sound timestep  0.000367169 1,1 x 0 y 0
 Wall clock 669.45
 Average time per cell 1.15816e-08
  Step time per cell    1.15293e-08
 Step 246 time 0.089341 control sound timestep  0.000367177 1,1 x 0 y 0
 Wall clock 672.127
 Average time per cell 1.15807e-08
  Step time per cell    1.13465e-08
 Step 247 time 0.0897082 control sound timestep  0.000367187 1,1 x 0 y 0
 Wall clock 674.851
 Average time per cell 1.15805e-08
  Step time per cell    1.15442e-08
 Step 248 time 0.0900753 control sound timestep  0.000367197 1,1 x 0 y 0
 Wall clock 677.528
 Average time per cell 1.15796e-08
  Step time per cell    1.13478e-08
 Step 249 time 0.0904425 control sound timestep  0.000367205 1,1 x 0 y 0
 Wall clock 680.254
 Average time per cell 1.15795e-08
  Step time per cell    1.15551e-08
 Step 250 time 0.0908097 control sound timestep  0.000367216 1,1 x 0 y 0
 Wall clock 683.199
 Average time per cell 1.15831e-08
  Step time per cell    1.24788e-08
 Step 251 time 0.091177 control sound timestep  0.000367229 1,1 x 0 y 0
 Wall clock 685.927
 Average time per cell 1.1583e-08
  Step time per cell    1.15629e-08
 Step 252 time 0.0915442 control sound timestep  0.000367244 1,1 x 0 y 0
 Wall clock 688.606
 Average time per cell 1.15821e-08
  Step time per cell    1.13543e-08
 Step 253 time 0.0919114 control sound timestep  0.000367245 1,1 x 0 y 0
 Wall clock 691.335
 Average time per cell 1.1582e-08
  Step time per cell    1.15665e-08
 Step 254 time 0.0922787 control sound timestep  0.000367243 1,1 x 0 y 0
 Wall clock 694.004
 Average time per cell 1.1581e-08
  Step time per cell    1.13147e-08
 Step 255 time 0.0926459 control sound timestep  0.000367244 1,1 x 0 y 0
 Wall clock 696.738
 Average time per cell 1.1581e-08
  Step time per cell    1.15859e-08
 Step 256 time 0.0930132 control sound timestep  0.000367248 1,1 x 0 y 0
 Wall clock 699.406
 Average time per cell 1.158e-08
  Step time per cell    1.13105e-08
 Step 257 time 0.0933804 control sound timestep  0.000367253 1,1 x 0 y 0
 Wall clock 702.139
 Average time per cell 1.158e-08
  Step time per cell    1.15812e-08
 Step 258 time 0.0937477 control sound timestep  0.000367257 1,1 x 0 y 0
 Wall clock 704.81
 Average time per cell 1.1579e-08
  Step time per cell    1.13213e-08
 Step 259 time 0.0941149 control sound timestep  0.000367262 1,1 x 0 y 0
 Wall clock 707.543
 Average time per cell 1.1579e-08
  Step time per cell    1.15841e-08
 Step 260 time 0.0944822 control sound timestep  0.000367269 1,1 x 0 y 0
 Wall clock 710.479
 Average time per cell 1.15823e-08
  Step time per cell    1.24452e-08
 Step 261 time 0.0948495 control sound timestep  0.000367279 1,1 x 0 y 0
 Wall clock 713.213
 Average time per cell 1.15823e-08
  Step time per cell    1.15892e-08
 Step 262 time 0.0952167 control sound timestep  0.000367288 1,1 x 0 y 0
 Wall clock 715.908
 Average time per cell 1.15817e-08
  Step time per cell    1.14212e-08
 Step 263 time 0.095584 control sound timestep  0.000367297 1,1 x 0 y 0
 Wall clock 718.649
 Average time per cell 1.15819e-08
  Step time per cell    1.16161e-08
 Step 264 time 0.0959513 control sound timestep  0.000367307 1,1 x 0 y 0
 Wall clock 721.342
 Average time per cell 1.15812e-08
  Step time per cell    1.14148e-08
 Step 265 time 0.0963186 control sound timestep  0.00036732 1,1 x 0 y 0
 Wall clock 724.061
 Average time per cell 1.1581e-08
  Step time per cell    1.15261e-08
 Step 266 time 0.0966859 control sound timestep  0.000367334 1,1 x 0 y 0
 Wall clock 726.754
 Average time per cell 1.15804e-08
  Step time per cell    1.14123e-08
 Step 267 time 0.0970533 control sound timestep  0.000367334 1,1 x 0 y 0
 Wall clock 729.479
 Average time per cell 1.15803e-08
  Step time per cell    1.1549e-08
 Step 268 time 0.0974206 control sound timestep  0.000367332 1,1 x 0 y 0
 Wall clock 732.162
 Average time per cell 1.15795e-08
  Step time per cell    1.13739e-08
 Step 269 time 0.0977879 control sound timestep  0.000367333 1,1 x 0 y 0
 Wall clock 734.889
 Average time per cell 1.15794e-08
  Step time per cell    1.15588e-08
 Step 270 time 0.0981553 control sound timestep  0.000367338 1,1 x 0 y 0
 Wall clock 737.831
 Average time per cell 1.15827e-08
  Step time per cell    1.24673e-08
 Step 271 time 0.0985226 control sound timestep  0.000367342 1,1 x 0 y 0
 Wall clock 740.571
 Average time per cell 1.15828e-08
  Step time per cell    1.16171e-08
 Step 272 time 0.09889 control sound timestep  0.000367346 1,1 x 0 y 0
 Wall clock 743.266
 Average time per cell 1.15823e-08
  Step time per cell    1.14218e-08
 Step 273 time 0.0992573 control sound timestep  0.00036735 1,1 x 0 y 0
 Wall clock 745.996
 Average time per cell 1.15822e-08
  Step time per cell    1.15695e-08
 Step 274 time 0.0996247 control sound timestep  0.000367358 1,1 x 0 y 0
 Wall clock 748.686
 Average time per cell 1.15815e-08
  Step time per cell    1.14006e-08
 Step 275 time 0.099992 control sound timestep  0.000367367 1,1 x 0 y 0
 Wall clock 751.408
 Average time per cell 1.15814e-08
  Step time per cell    1.15364e-08
 Step 276 time 0.100359 control sound timestep  0.000367376 1,1 x 0 y 0
 Wall clock 754.1
 Average time per cell 1.15808e-08
  Step time per cell    1.14108e-08
 Step 277 time 0.100727 control sound timestep  0.000367384 1,1 x 0 y 0
 Wall clock 756.818
 Average time per cell 1.15806e-08
  Step time per cell    1.15222e-08
 Step 278 time 0.101094 control sound timestep  0.000367394 1,1 x 0 y 0
 Wall clock 759.506
 Average time per cell 1.15799e-08
  Step time per cell    1.13921e-08
 Step 279 time 0.101462 control sound timestep  0.000367406 1,1 x 0 y 0
 Wall clock 762.24
 Average time per cell 1.15799e-08
  Step time per cell    1.15866e-08
 Step 280 time 0.101829 control sound timestep  0.000367419 1,1 x 0 y 0
 Wall clock 765.184
 Average time per cell 1.15831e-08
  Step time per cell    1.24799e-08
 Step 281 time 0.102196 control sound timestep  0.000367419 1,1 x 0 y 0
 Wall clock 767.931
 Average time per cell 1.15833e-08
  Step time per cell    1.16407e-08
 Step 282 time 0.102564 control sound timestep  0.000367417 1,1 x 0 y 0
 Wall clock 770.628
 Average time per cell 1.15828e-08
  Step time per cell    1.14316e-08
 Step 283 time 0.102931 control sound timestep  0.000367418 1,1 x 0 y 0
 Wall clock 773.354
 Average time per cell 1.15827e-08
  Step time per cell    1.15563e-08
 Step 284 time 0.103299 control sound timestep  0.000367423 1,1 x 0 y 0
 Wall clock 776.057
 Average time per cell 1.15822e-08
  Step time per cell    1.14537e-08
 Step 285 time 0.103666 control sound timestep  0.000367427 1,1 x 0 y 0
 Wall clock 778.785
 Average time per cell 1.15822e-08
  Step time per cell    1.15615e-08
 Step 286 time 0.104033 control sound timestep  0.000367431 1,1 x 0 y 0
 Wall clock 781.468
 Average time per cell 1.15814e-08
  Step time per cell    1.13751e-08
 Step 287 time 0.104401 control sound timestep  0.000367435 1,1 x 0 y 0
 Wall clock 784.208
 Average time per cell 1.15816e-08
  Step time per cell    1.16111e-08
 Step 288 time 0.104768 control sound timestep  0.000367442 1,1 x 0 y 0
 Wall clock 786.886
 Average time per cell 1.15808e-08
  Step time per cell    1.13522e-08
 Step 289 time 0.105136 control sound timestep  0.000367452 1,1 x 0 y 0
 Wall clock 789.623
 Average time per cell 1.15808e-08
  Step time per cell    1.16009e-08
 Step 290 time 0.105503 control sound timestep  0.00036746 1,1 x 0 y 0
 Wall clock 792.564
 Average time per cell 1.15839e-08
  Step time per cell    1.24643e-08
 Step 291 time 0.105871 control sound timestep  0.000367468 1,1 x 0 y 0
 Wall clock 795.29
 Average time per cell 1.15838e-08
  Step time per cell    1.15558e-08
 Step 292 time 0.106238 control sound timestep  0.000367477 1,1 x 0 y 0
 Wall clock 797.99
 Average time per cell 1.15833e-08
  Step time per cell    1.14429e-08
 Step 293 time 0.106606 control sound timestep  0.00036749 1,1 x 0 y 0
 Wall clock 800.722
 Average time per cell 1.15833e-08
  Step time per cell    1.15788e-08
 Step 294 time 0.106973 control sound timestep  0.0003675 1,1 x 0 y 0
 Wall clock 803.41
 Average time per cell 1.15826e-08
  Step time per cell    1.13916e-08
 Step 295 time 0.107341 control sound timestep  0.000367501 1,1 x 0 y 0
 Wall clock 806.144
 Average time per cell 1.15827e-08
  Step time per cell    1.15904e-08
 Step 296 time 0.107708 control sound timestep  0.000367498 1,1 x 0 y 0
 Wall clock 808.839
 Average time per cell 1.15821e-08
  Step time per cell    1.14196e-08
 Step 297 time 0.108076 control sound timestep  0.0003675 1,1 x 0 y 0
 Wall clock 811.58
 Average time per cell 1.15822e-08
  Step time per cell    1.16186e-08
 Step 298 time 0.108443 control sound timestep  0.000367504 1,1 x 0 y 0
 Wall clock 814.263
 Average time per cell 1.15815e-08
  Step time per cell    1.1372e-08
 Step 299 time 0.108811 control sound timestep  0.000367508 1,1 x 0 y 0
 Wall clock 817.004
 Average time per cell 1.15816e-08
  Step time per cell    1.16172e-08
 Step 300 time 0.109178 control sound timestep  0.000367512 1,1 x 0 y 0
 Wall clock 820.206
 First step overhead 0
Result:
 - Problem: none
 - Outcome: PASSED
