---
Devices:
 0: Host CPU
CloverLeaf:
 - Ver.:     2.000
 - Deck:     /home/labpc/work/cipp/CloverLeaf/InputDecks/clover_bm256_300.in
 - Out:      clover.out
 - Profiler: deck-specified
MPI:
 - Enabled:     false
 - Total ranks: 1
 - Header device-awareness (CUDA-awareness):  unknown
 - Runtime device-awareness (CUDA-awareness): unknown
 - Host-Device halo exchange staging buffer:  true
Model:
 - Name:      OpenMP (CPU)
 - Execution: Host
# ---- 
Output: |+1
 Output file clover.out opened. All output will go there.
 Args: --file /home/labpc/work/cipp/CloverLeaf/InputDecks/clover_bm256_300.in
 Using input: `/home/labpc/work/cipp/CloverLeaf/InputDecks/clover_bm256_300.in`
 Problem initialised and generated
 Launching hydro
 Step 1 time 0 control sound timestep  0.000385161 1,1 x 0 y 0
 Wall clock 0.981607
 Average time per cell 4.16059e-09
  Step time per cell    4.16059e-09
 Step 2 time 0.000385161 control sound timestep  0.000235099 1,1 x 0 y 0
 Wall clock 1.93789
 Average time per cell 4.10692e-09
  Step time per cell    4.05298e-09
 Step 3 time 0.000620261 control sound timestep  0.000298723 1,1 x 0 y 0
 Wall clock 2.92792
 Average time per cell 4.13671e-09
  Step time per cell    4.19606e-09
 Step 4 time 0.000918984 control sound timestep  0.000314746 1,1 x 0 y 0
 Wall clock 3.90122
 Average time per cell 4.13388e-09
  Step time per cell    4.12513e-09
 Step 5 time 0.00123373 control sound timestep  0.000346361 1,1 x 0 y 0
 Wall clock 4.86526
 Average time per cell 4.12433e-09
  Step time per cell    4.08591e-09
 Step 6 time 0.00158009 control sound timestep  0.00034558 1,1 x 0 y 0
 Wall clock 5.84418
 Average time per cell 4.12848e-09
  Step time per cell    4.14895e-09
 Step 7 time 0.00192567 control sound timestep  0.000352154 1,1 x 0 y 0
 Wall clock 6.83144
 Average time per cell 4.13649e-09
  Step time per cell    4.18433e-09
 Step 8 time 0.00227782 control sound timestep  0.000370384 1,1 x 0 y 0
 Wall clock 7.81374
 Average time per cell 4.13987e-09
  Step time per cell    4.1633e-09
 Step 9 time 0.00264821 control sound timestep  0.000366391 1,1 x 0 y 0
 Wall clock 8.77878
 Average time per cell 4.13437e-09
  Step time per cell    4.09011e-09
 Step 10 time 0.0030146 control sound timestep  0.000363789 1,1 x 0 y 0
 Wall clock 9.82156
 Average time per cell 4.16292e-09
  Step time per cell    4.41968e-09
 Step 11 time 0.00337839 control sound timestep  0.000361224 1,1 x 0 y 0
 Wall clock 10.7862
 Average time per cell 4.15619e-09
  Step time per cell    4.08877e-09
 Step 12 time 0.00373961 control sound timestep  0.000359796 1,1 x 0 y 0
 Wall clock 11.7655
 Average time per cell 4.15573e-09
  Step time per cell    4.15048e-09
 Step 13 time 0.00409941 control sound timestep  0.000360678 1,1 x 0 y 0
 Wall clock 12.7476
 Average time per cell 4.15627e-09
  Step time per cell    4.16246e-09
 Step 14 time 0.00446009 control sound timestep  0.000362113 1,1 x 0 y 0
 Wall clock 13.699
 Average time per cell 4.14742e-09
  Step time per cell    4.03218e-09
 Step 15 time 0.0048222 control sound timestep  0.000362661 1,1 x 0 y 0
 Wall clock 14.6883
 Average time per cell 4.15047e-09
  Step time per cell    4.19296e-09
 Step 16 time 0.00518486 control sound timestep  0.000362812 1,1 x 0 y 0
 Wall clock 15.6636
 Average time per cell 4.14944e-09
  Step time per cell    4.13382e-09
 Step 17 time 0.00554767 control sound timestep  0.000362988 1,1 x 0 y 0
 Wall clock 16.6452
 Average time per cell 4.1501e-09
  Step time per cell    4.16027e-09
 Step 18 time 0.00591066 control sound timestep  0.000363082 1,1 x 0 y 0
 Wall clock 17.6063
 Average time per cell 4.14584e-09
  Step time per cell    4.07319e-09
 Step 19 time 0.00627374 control sound timestep  0.000363112 1,1 x 0 y 0
 Wall clock 18.6008
 Average time per cell 4.14949e-09
  Step time per cell    4.21507e-09
 Step 20 time 0.00663686 control sound timestep  0.00036317 1,1 x 0 y 0
 Wall clock 19.6671
 Average time per cell 4.16799e-09
  Step time per cell    4.51922e-09
 Step 21 time 0.00700003 control sound timestep  0.000363365 1,1 x 0 y 0
 Wall clock 20.6316
 Average time per cell 4.1642e-09
  Step time per cell    4.08837e-09
 Step 22 time 0.00736339 control sound timestep  0.00036347 1,1 x 0 y 0
 Wall clock 21.6155
 Average time per cell 4.16447e-09
  Step time per cell    4.1698e-09
 Step 23 time 0.00772686 control sound timestep  0.000363513 1,1 x 0 y 0
 Wall clock 22.5999
 Average time per cell 4.16482e-09
  Step time per cell    4.17214e-09
 Step 24 time 0.00809037 control sound timestep  0.000363629 1,1 x 0 y 0
 Wall clock 23.5737
 Average time per cell 4.16327e-09
  Step time per cell    4.12751e-09
 Step 25 time 0.008454 control sound timestep  0.000363732 1,1 x 0 y 0
 Wall clock 24.549
 Average time per cell 4.16209e-09
  Step time per cell    4.13349e-09
 Step 26 time 0.00881773 control sound timestep  0.000363825 1,1 x 0 y 0
 Wall clock 25.5348
 Average time per cell 4.16271e-09
  Step time per cell    4.17795e-09
 Step 27 time 0.00918156 control sound timestep  0.000363914 1,1 x 0 y 0
 Wall clock 26.5259
 Average time per cell 4.16413e-09
  Step time per cell    4.20067e-09
 Step 28 time 0.00954547 control sound timestep  0.000363943 1,1 x 0 y 0
 Wall clock 27.5083
 Average time per cell 4.16411e-09
  Step time per cell    4.16355e-09
 Step 29 time 0.00990942 control sound timestep  0.000363973 1,1 x 0 y 0
 Wall clock 28.4818
 Average time per cell 4.16281e-09
  Step time per cell    4.12606e-09
 Step 30 time 0.0102734 control sound timestep  0.000363988 1,1 x 0 y 0
 Wall clock 29.5342
 Average time per cell 4.17274e-09
  Step time per cell    4.46037e-09
 Step 31 time 0.0106374 control sound timestep  0.000364002 1,1 x 0 y 0
 Wall clock 30.5027
 Average time per cell 4.17056e-09
  Step time per cell    4.10524e-09
 Step 32 time 0.0110014 control sound timestep  0.000364043 1,1 x 0 y 0
 Wall clock 31.4758
 Average time per cell 4.16913e-09
  Step time per cell    4.12428e-09
 Step 33 time 0.0113654 control sound timestep  0.000364085 1,1 x 0 y 0
 Wall clock 32.4671
 Average time per cell 4.1701e-09
  Step time per cell    4.20116e-09
 Step 34 time 0.0117295 control sound timestep  0.000364133 1,1 x 0 y 0
 Wall clock 33.4546
 Average time per cell 4.17056e-09
  Step time per cell    4.18552e-09
 Step 35 time 0.0120936 control sound timestep  0.000364198 1,1 x 0 y 0
 Wall clock 34.4332
 Average time per cell 4.16992e-09
  Step time per cell    4.14766e-09
 Step 36 time 0.0124578 control sound timestep  0.000364259 1,1 x 0 y 0
 Wall clock 35.3994
 Average time per cell 4.16784e-09
  Step time per cell    4.09505e-09
 Step 37 time 0.0128221 control sound timestep  0.000364318 1,1 x 0 y 0
 Wall clock 36.3904
 Average time per cell 4.16872e-09
  Step time per cell    4.19994e-09
 Step 38 time 0.0131864 control sound timestep  0.000364383 1,1 x 0 y 0
 Wall clock 37.3738
 Average time per cell 4.1687e-09
  Step time per cell    4.16788e-09
 Step 39 time 0.0135508 control sound timestep  0.000364422 1,1 x 0 y 0
 Wall clock 38.342
 Average time per cell 4.16704e-09
  Step time per cell    4.10364e-09
 Step 40 time 0.0139152 control sound timestep  0.000364431 1,1 x 0 y 0
 Wall clock 39.3991
 Average time per cell 4.17487e-09
  Step time per cell    4.48016e-09
 Step 41 time 0.0142797 control sound timestep  0.000364435 1,1 x 0 y 0
 Wall clock 40.3908
 Average time per cell 4.17557e-09
  Step time per cell    4.2035e-09
 Step 42 time 0.0146441 control sound timestep  0.000364445 1,1 x 0 y 0
 Wall clock 41.3507
 Average time per cell 4.17303e-09
  Step time per cell    4.06828e-09
 Step 43 time 0.0150085 control sound timestep  0.000364471 1,1 x 0 y 0
 Wall clock 42.3467
 Average time per cell 4.17416e-09
  Step time per cell    4.22137e-09
 Step 44 time 0.015373 control sound timestep  0.000364495 1,1 x 0 y 0
 Wall clock 43.3379
 Average time per cell 4.17477e-09
  Step time per cell    4.20079e-09
 Step 45 time 0.0157375 control sound timestep  0.000364518 1,1 x 0 y 0
 Wall clock 44.3296
 Average time per cell 4.17541e-09
  Step time per cell    4.20324e-09
 Step 46 time 0.016102 control sound timestep  0.000364543 1,1 x 0 y 0
 Wall clock 45.314
 Average time per cell 4.17534e-09
  Step time per cell    4.17218e-09
 Step 47 time 0.0164666 control sound timestep  0.000364585 1,1 x 0 y 0
 Wall clock 46.2852
 Average time per cell 4.17409e-09
  Step time per cell    4.11645e-09
 Step 48 time 0.0168311 control sound timestep  0.000364628 1,1 x 0 y 0
 Wall clock 47.2671
 Average time per cell 4.17383e-09
  Step time per cell    4.16129e-09
 Step 49 time 0.0171958 control sound timestep  0.000364667 1,1 x 0 y 0
 Wall clock 48.2598
 Average time per cell 4.17452e-09
  Step time per cell    4.20733e-09
 Step 50 time 0.0175604 control sound timestep  0.000364708 1,1 x 0 y 0
 Wall clock 49.3224
 Average time per cell 4.18111e-09
  Step time per cell    4.50379e-09
 Step 51 time 0.0179251 control sound timestep  0.000364758 1,1 x 0 y 0
 Wall clock 50.291
 Average time per cell 4.17962e-09
  Step time per cell    4.10527e-09
 Step 52 time 0.0182899 control sound timestep  0.000364817 1,1 x 0 y 0
 Wall clock 51.2718
 Average time per cell 4.17919e-09
  Step time per cell    4.15703e-09
 Step 53 time 0.0186547 control sound timestep  0.000364826 1,1 x 0 y 0
 Wall clock 52.264
 Average time per cell 4.17969e-09
  Step time per cell    4.20525e-09
 Step 54 time 0.0190195 control sound timestep  0.00036483 1,1 x 0 y 0
 Wall clock 53.2467
 Average time per cell 4.17942e-09
  Step time per cell    4.16498e-09
 Step 55 time 0.0193844 control sound timestep  0.000364831 1,1 x 0 y 0
 Wall clock 54.2263
 Average time per cell 4.17893e-09
  Step time per cell    4.15201e-09
 Step 56 time 0.0197492 control sound timestep  0.000364846 1,1 x 0 y 0
 Wall clock 55.1979
 Average time per cell 4.17784e-09
  Step time per cell    4.11768e-09
 Step 57 time 0.0201141 control sound timestep  0.000364866 1,1 x 0 y 0
 Wall clock 56.1903
 Average time per cell 4.17835e-09
  Step time per cell    4.20643e-09
 Step 58 time 0.0204789 control sound timestep  0.000364884 1,1 x 0 y 0
 Wall clock 57.1739
 Average time per cell 4.17818e-09
  Step time per cell    4.16862e-09
 Step 59 time 0.0208438 control sound timestep  0.000364902 1,1 x 0 y 0
 Wall clock 58.1669
 Average time per cell 4.17871e-09
  Step time per cell    4.20879e-09
 Step 60 time 0.0212087 control sound timestep  0.000364922 1,1 x 0 y 0
 Wall clock 59.2142
 Average time per cell 4.18304e-09
  Step time per cell    4.43864e-09
 Step 61 time 0.0215736 control sound timestep  0.000364956 1,1 x 0 y 0
 Wall clock 60.2028
 Average time per cell 4.18316e-09
  Step time per cell    4.19008e-09
 Step 62 time 0.0219386 control sound timestep  0.000364991 1,1 x 0 y 0
 Wall clock 61.1834
 Average time per cell 4.18273e-09
  Step time per cell    4.15607e-09
 Step 63 time 0.0223036 control sound timestep  0.000365022 1,1 x 0 y 0
 Wall clock 62.1769
 Average time per cell 4.18318e-09
  Step time per cell    4.21079e-09
 Step 64 time 0.0226686 control sound timestep  0.000365056 1,1 x 0 y 0
 Wall clock 63.1585
 Average time per cell 4.18282e-09
  Step time per cell    4.1603e-09
 Step 65 time 0.0230337 control sound timestep  0.000365098 1,1 x 0 y 0
 Wall clock 64.1254
 Average time per cell 4.18152e-09
  Step time per cell    4.09815e-09
 Step 66 time 0.0233988 control sound timestep  0.000365146 1,1 x 0 y 0
 Wall clock 65.1078
 Average time per cell 4.18125e-09
  Step time per cell    4.16342e-09
 Step 67 time 0.0237639 control sound timestep  0.000365166 1,1 x 0 y 0
 Wall clock 66.1041
 Average time per cell 4.18188e-09
  Step time per cell    4.22287e-09
 Step 68 time 0.0241291 control sound timestep  0.000365169 1,1 x 0 y 0
 Wall clock 67.0886
 Average time per cell 4.18174e-09
  Step time per cell    4.17241e-09
 Step 69 time 0.0244942 control sound timestep  0.000365167 1,1 x 0 y 0
 Wall clock 68.1852
 Average time per cell 4.1885e-09
  Step time per cell    4.64779e-09
 Step 70 time 0.0248594 control sound timestep  0.000365177 1,1 x 0 y 0
 Wall clock 69.2273
 Average time per cell 4.19177e-09
  Step time per cell    4.41687e-09
 Step 71 time 0.0252246 control sound timestep  0.000365194 1,1 x 0 y 0
 Wall clock 70.2284
 Average time per cell 4.19249e-09
  Step time per cell    4.24304e-09
 Step 72 time 0.0255898 control sound timestep  0.000365209 1,1 x 0 y 0
 Wall clock 71.2205
 Average time per cell 4.19266e-09
  Step time per cell    4.20474e-09
 Step 73 time 0.025955 control sound timestep  0.000365223 1,1 x 0 y 0
 Wall clock 72.219
 Average time per cell 4.19321e-09
  Step time per cell    4.23197e-09
 Step 74 time 0.0263202 control sound timestep  0.000365239 1,1 x 0 y 0
 Wall clock 73.2061
 Average time per cell 4.19308e-09
  Step time per cell    4.18367e-09
 Step 75 time 0.0266854 control sound timestep  0.000365263 1,1 x 0 y 0
 Wall clock 74.1892
 Average time per cell 4.19273e-09
  Step time per cell    4.16676e-09
 Step 76 time 0.0270507 control sound timestep  0.000365294 1,1 x 0 y 0
 Wall clock 75.1655
 Average time per cell 4.19201e-09
  Step time per cell    4.13773e-09
 Step 77 time 0.027416 control sound timestep  0.000365322 1,1 x 0 y 0
 Wall clock 76.1631
 Average time per cell 4.19249e-09
  Step time per cell    4.22836e-09
 Step 78 time 0.0277813 control sound timestep  0.000365349 1,1 x 0 y 0
 Wall clock 77.1538
 Average time per cell 4.19257e-09
  Step time per cell    4.19865e-09
 Step 79 time 0.0281467 control sound timestep  0.000365381 1,1 x 0 y 0
 Wall clock 78.1536
 Average time per cell 4.19314e-09
  Step time per cell    4.23742e-09
 Step 80 time 0.0285121 control sound timestep  0.000365421 1,1 x 0 y 0
 Wall clock 79.2137
 Average time per cell 4.19689e-09
  Step time per cell    4.49307e-09
 Step 81 time 0.0288775 control sound timestep  0.000365457 1,1 x 0 y 0
 Wall clock 80.197
 Average time per cell 4.19653e-09
  Step time per cell    4.16782e-09
 Step 82 time 0.0292429 control sound timestep  0.000365459 1,1 x 0 y 0
 Wall clock 81.1911
 Average time per cell 4.19674e-09
  Step time per cell    4.21325e-09
 Step 83 time 0.0296084 control sound timestep  0.000365461 1,1 x 0 y 0
 Wall clock 82.1972
 Average time per cell 4.19756e-09
  Step time per cell    4.26416e-09
 Step 84 time 0.0299738 control sound timestep  0.000365461 1,1 x 0 y 0
 Wall clock 83.1966
 Average time per cell 4.19801e-09
  Step time per cell    4.2357e-09
 Step 85 time 0.0303393 control sound timestep  0.000365475 1,1 x 0 y 0
 Wall clock 84.2013
 Average time per cell 4.19872e-09
  Step time per cell    4.25807e-09
 Step 86 time 0.0307048 control sound timestep  0.000365488 1,1 x 0 y 0
 Wall clock 85.1946
 Average time per cell 4.19886e-09
  Step time per cell    4.2102e-09
 Step 87 time 0.0310703 control sound timestep  0.0003655 1,1 x 0 y 0
 Wall clock 86.1981
 Average time per cell 4.19949e-09
  Step time per cell    4.25321e-09
 Step 88 time 0.0314358 control sound timestep  0.000365513 1,1 x 0 y 0
 Wall clock 87.1925
 Average time per cell 4.19966e-09
  Step time per cell    4.2146e-09
 Step 89 time 0.0318013 control sound timestep  0.000365528 1,1 x 0 y 0
 Wall clock 88.19
 Average time per cell 4.19998e-09
  Step time per cell    4.22748e-09
 Step 90 time 0.0321668 control sound timestep  0.000365555 1,1 x 0 y 0
 Wall clock 89.2561
 Average time per cell 4.20352e-09
  Step time per cell    4.51834e-09
 Step 91 time 0.0325324 control sound timestep  0.00036558 1,1 x 0 y 0
 Wall clock 90.2351
 Average time per cell 4.20292e-09
  Step time per cell    4.14951e-09
 Step 92 time 0.0328979 control sound timestep  0.000365603 1,1 x 0 y 0
 Wall clock 91.2321
 Average time per cell 4.20317e-09
  Step time per cell    4.22562e-09
 Step 93 time 0.0332636 control sound timestep  0.000365628 1,1 x 0 y 0
 Wall clock 92.2367
 Average time per cell 4.20377e-09
  Step time per cell    4.25798e-09
 Step 94 time 0.0336292 control sound timestep  0.000365659 1,1 x 0 y 0
 Wall clock 93.2336
 Average time per cell 4.204e-09
  Step time per cell    4.22512e-09
 Step 95 time 0.0339948 control sound timestep  0.000365696 1,1 x 0 y 0
 Wall clock 94.2388
 Average time per cell 4.20459e-09
  Step time per cell    4.26046e-09
 Step 96 time 0.0343605 control sound timestep  0.000365709 1,1 x 0 y 0
 Wall clock 95.2376
 Average time per cell 4.20489e-09
  Step time per cell    4.23311e-09
 Step 97 time 0.0347262 control sound timestep  0.00036571 1,1 x 0 y 0
 Wall clock 96.246
 Average time per cell 4.20561e-09
  Step time per cell    4.27395e-09
 Step 98 time 0.035092 control sound timestep  0.000365708 1,1 x 0 y 0
 Wall clock 97.2487
 Average time per cell 4.20606e-09
  Step time per cell    4.24964e-09
 Step 99 time 0.0354577 control sound timestep  0.000365716 1,1 x 0 y 0
 Wall clock 98.2543
 Average time per cell 4.20662e-09
  Step time per cell    4.26191e-09
 Step 100 time 0.0358234 control sound timestep  0.000365728 1,1 x 0 y 0
 Wall clock 99.3271
 Average time per cell 4.21003e-09
  Step time per cell    4.54722e-09
 Step 101 time 0.0361891 control sound timestep  0.000365739 1,1 x 0 y 0
 Wall clock 100.31
 Average time per cell 4.2096e-09
  Step time per cell    4.16613e-09
 Step 102 time 0.0365548 control sound timestep  0.000365749 1,1 x 0 y 0
 Wall clock 101.283
 Average time per cell 4.20875e-09
  Step time per cell    4.12226e-09
 Step 103 time 0.0369206 control sound timestep  0.000365761 1,1 x 0 y 0
 Wall clock 102.297
 Average time per cell 4.20962e-09
  Step time per cell    4.29811e-09
 Step 104 time 0.0372864 control sound timestep  0.00036578 1,1 x 0 y 0
 Wall clock 103.299
 Average time per cell 4.20997e-09
  Step time per cell    4.24583e-09
 Step 105 time 0.0376521 control sound timestep  0.000365803 1,1 x 0 y 0
 Wall clock 104.305
 Average time per cell 4.2105e-09
  Step time per cell    4.26599e-09
 Step 106 time 0.0380179 control sound timestep  0.000365823 1,1 x 0 y 0
 Wall clock 105.307
 Average time per cell 4.21083e-09
  Step time per cell    4.24464e-09
 Step 107 time 0.0383838 control sound timestep  0.000365844 1,1 x 0 y 0
 Wall clock 106.314
 Average time per cell 4.21137e-09
  Step time per cell    4.2691e-09
 Step 108 time 0.0387496 control sound timestep  0.000365869 1,1 x 0 y 0
 Wall clock 107.314
 Average time per cell 4.21161e-09
  Step time per cell    4.23692e-09
 Step 109 time 0.0391155 control sound timestep  0.000365899 1,1 x 0 y 0
 Wall clock 108.314
 Average time per cell 4.21189e-09
  Step time per cell    4.24115e-09
 Step 110 time 0.0394814 control sound timestep  0.000365927 1,1 x 0 y 0
 Wall clock 109.375
 Average time per cell 4.21445e-09
  Step time per cell    4.49417e-09
 Step 111 time 0.0398473 control sound timestep  0.000365928 1,1 x 0 y 0
 Wall clock 110.379
 Average time per cell 4.21483e-09
  Step time per cell    4.25611e-09
 Step 112 time 0.0402132 control sound timestep  0.000365927 1,1 x 0 y 0
 Wall clock 111.383
 Average time per cell 4.21521e-09
  Step time per cell    4.25688e-09
 Step 113 time 0.0405792 control sound timestep  0.000365929 1,1 x 0 y 0
 Wall clock 112.391
 Average time per cell 4.2157e-09
  Step time per cell    4.27095e-09
 Step 114 time 0.0409451 control sound timestep  0.000365939 1,1 x 0 y 0
 Wall clock 113.397
 Average time per cell 4.21613e-09
  Step time per cell    4.26407e-09
 Step 115 time 0.041311 control sound timestep  0.000365949 1,1 x 0 y 0
 Wall clock 114.405
 Average time per cell 4.21664e-09
  Step time per cell    4.27437e-09
 Step 116 time 0.041677 control sound timestep  0.000365958 1,1 x 0 y 0
 Wall clock 115.406
 Average time per cell 4.21684e-09
  Step time per cell    4.23924e-09
 Step 117 time 0.0420429 control sound timestep  0.000365968 1,1 x 0 y 0
 Wall clock 116.422
 Average time per cell 4.21762e-09
  Step time per cell    4.3087e-09
 Step 118 time 0.0424089 control sound timestep  0.00036598 1,1 x 0 y 0
 Wall clock 117.423
 Average time per cell 4.21784e-09
  Step time per cell    4.24344e-09
 Step 119 time 0.0427749 control sound timestep  0.000366001 1,1 x 0 y 0
 Wall clock 118.432
 Average time per cell 4.21832e-09
  Step time per cell    4.27378e-09
 Step 120 time 0.0431409 control sound timestep  0.00036602 1,1 x 0 y 0
 Wall clock 119.511
 Average time per cell 4.2213e-09
  Step time per cell    4.57588e-09
 Step 121 time 0.0435069 control sound timestep  0.000366037 1,1 x 0 y 0
 Wall clock 120.523
 Average time per cell 4.22185e-09
  Step time per cell    4.28838e-09
 Step 122 time 0.0438729 control sound timestep  0.000366057 1,1 x 0 y 0
 Wall clock 121.523
 Average time per cell 4.22197e-09
  Step time per cell    4.23573e-09
 Step 123 time 0.044239 control sound timestep  0.000366082 1,1 x 0 y 0
 Wall clock 122.53
 Average time per cell 4.22235e-09
  Step time per cell    4.26829e-09
 Step 124 time 0.0446051 control sound timestep  0.000366111 1,1 x 0 y 0
 Wall clock 123.531
 Average time per cell 4.22252e-09
  Step time per cell    4.24297e-09
 Step 125 time 0.0449712 control sound timestep  0.000366119 1,1 x 0 y 0
 Wall clock 124.552
 Average time per cell 4.22337e-09
  Step time per cell    4.32953e-09
 Step 126 time 0.0453373 control sound timestep  0.00036612 1,1 x 0 y 0
 Wall clock 125.559
 Average time per cell 4.22371e-09
  Step time per cell    4.26593e-09
 Step 127 time 0.0457034 control sound timestep  0.000366118 1,1 x 0 y 0
 Wall clock 126.568
 Average time per cell 4.22413e-09
  Step time per cell    4.27627e-09
 Step 128 time 0.0460695 control sound timestep  0.000366125 1,1 x 0 y 0
 Wall clock 127.578
 Average time per cell 4.22458e-09
  Step time per cell    4.28137e-09
 Step 129 time 0.0464357 control sound timestep  0.000366134 1,1 x 0 y 0
 Wall clock 128.587
 Average time per cell 4.225e-09
  Step time per cell    4.27841e-09
 Step 130 time 0.0468018 control sound timestep  0.000366143 1,1 x 0 y 0
 Wall clock 129.661
 Average time per cell 4.22751e-09
  Step time per cell    4.55138e-09
 Step 131 time 0.0471679 control sound timestep  0.000366151 1,1 x 0 y 0
 Wall clock 130.659
 Average time per cell 4.22751e-09
  Step time per cell    4.22709e-09
 Step 132 time 0.0475341 control sound timestep  0.00036616 1,1 x 0 y 0
 Wall clock 131.647
 Average time per cell 4.22721e-09
  Step time per cell    4.18794e-09
 Step 133 time 0.0479003 control sound timestep  0.000366177 1,1 x 0 y 0
 Wall clock 132.636
 Average time per cell 4.22697e-09
  Step time per cell    4.19477e-09
 Step 134 time 0.0482664 control sound timestep  0.000366195 1,1 x 0 y 0
 Wall clock 133.639
 Average time per cell 4.22715e-09
  Step time per cell    4.25053e-09
 Step 135 time 0.0486326 control sound timestep  0.000366211 1,1 x 0 y 0
 Wall clock 134.651
 Average time per cell 4.22758e-09
  Step time per cell    4.28597e-09
 Step 136 time 0.0489988 control sound timestep  0.000366227 1,1 x 0 y 0
 Wall clock 135.658
 Average time per cell 4.2279e-09
  Step time per cell    4.27013e-09
 Step 137 time 0.0493651 control sound timestep  0.000366248 1,1 x 0 y 0
 Wall clock 136.673
 Average time per cell 4.22845e-09
  Step time per cell    4.30346e-09
 Step 138 time 0.0497313 control sound timestep  0.000366273 1,1 x 0 y 0
 Wall clock 137.677
 Average time per cell 4.22862e-09
  Step time per cell    4.25218e-09
 Step 139 time 0.0500976 control sound timestep  0.000366291 1,1 x 0 y 0
 Wall clock 138.687
 Average time per cell 4.22901e-09
  Step time per cell    4.28213e-09
 Step 140 time 0.0504639 control sound timestep  0.000366292 1,1 x 0 y 0
 Wall clock 139.763
 Average time per cell 4.23137e-09
  Step time per cell    4.55855e-09
 Step 141 time 0.0508302 control sound timestep  0.000366288 1,1 x 0 y 0
 Wall clock 140.753
 Average time per cell 4.23112e-09
  Step time per cell    4.1971e-09
 Step 142 time 0.0511965 control sound timestep  0.000366292 1,1 x 0 y 0
 Wall clock 141.727
 Average time per cell 4.2304e-09
  Step time per cell    4.12777e-09
 Step 143 time 0.0515627 control sound timestep  0.000366301 1,1 x 0 y 0
 Wall clock 142.734
 Average time per cell 4.23067e-09
  Step time per cell    4.26845e-09
 Step 144 time 0.051929 control sound timestep  0.000366308 1,1 x 0 y 0
 Wall clock 143.738
 Average time per cell 4.23085e-09
  Step time per cell    4.2573e-09
 Step 145 time 0.0522954 control sound timestep  0.000366316 1,1 x 0 y 0
 Wall clock 144.75
 Average time per cell 4.23124e-09
  Step time per cell    4.28599e-09
 Step 146 time 0.0526617 control sound timestep  0.000366324 1,1 x 0 y 0
 Wall clock 145.758
 Average time per cell 4.23153e-09
  Step time per cell    4.27369e-09
 Step 147 time 0.053028 control sound timestep  0.000366336 1,1 x 0 y 0
 Wall clock 146.773
 Average time per cell 4.23201e-09
  Step time per cell    4.30181e-09
 Step 148 time 0.0533943 control sound timestep  0.000366353 1,1 x 0 y 0
 Wall clock 147.779
 Average time per cell 4.23224e-09
  Step time per cell    4.26578e-09
 Step 149 time 0.0537607 control sound timestep  0.000366368 1,1 x 0 y 0
 Wall clock 148.789
 Average time per cell 4.23256e-09
  Step time per cell    4.28038e-09
 Step 150 time 0.0541271 control sound timestep  0.000366382 1,1 x 0 y 0
 Wall clock 149.873
 Average time per cell 4.23497e-09
  Step time per cell    4.59312e-09
 Step 151 time 0.0544934 control sound timestep  0.000366399 1,1 x 0 y 0
 Wall clock 150.868
 Average time per cell 4.23484e-09
  Step time per cell    4.21591e-09
 Step 152 time 0.0548598 control sound timestep  0.000366421 1,1 x 0 y 0
 Wall clock 151.856
 Average time per cell 4.23455e-09
  Step time per cell    4.18965e-09
 Step 153 time 0.0552263 control sound timestep  0.000366444 1,1 x 0 y 0
 Wall clock 152.845
 Average time per cell 4.23425e-09
  Step time per cell    4.18832e-09
 Step 154 time 0.0555927 control sound timestep  0.000366446 1,1 x 0 y 0
 Wall clock 153.834
 Average time per cell 4.23398e-09
  Step time per cell    4.19259e-09
 Step 155 time 0.0559591 control sound timestep  0.000366445 1,1 x 0 y 0
 Wall clock 154.841
 Average time per cell 4.2342e-09
  Step time per cell    4.26869e-09
 Step 156 time 0.0563256 control sound timestep  0.000366445 1,1 x 0 y 0
 Wall clock 155.846
 Average time per cell 4.23438e-09
  Step time per cell    4.26161e-09
 Step 157 time 0.056692 control sound timestep  0.000366452 1,1 x 0 y 0
 Wall clock 156.856
 Average time per cell 4.23467e-09
  Step time per cell    4.2799e-09
 Step 158 time 0.0570585 control sound timestep  0.000366459 1,1 x 0 y 0
 Wall clock 157.857
 Average time per cell 4.23472e-09
  Step time per cell    4.24141e-09
 Step 159 time 0.0574249 control sound timestep  0.000366466 1,1 x 0 y 0
 Wall clock 158.879
 Average time per cell 4.23533e-09
  Step time per cell    4.33193e-09
 Step 160 time 0.0577914 control sound timestep  0.000366473 1,1 x 0 y 0
 Wall clock 159.947
 Average time per cell 4.23714e-09
  Step time per cell    4.52449e-09
 Step 161 time 0.0581579 control sound timestep  0.000366482 1,1 x 0 y 0
 Wall clock 160.947
 Average time per cell 4.23715e-09
  Step time per cell    4.23912e-09
 Step 162 time 0.0585244 control sound timestep  0.000366498 1,1 x 0 y 0
 Wall clock 161.936
 Average time per cell 4.23688e-09
  Step time per cell    4.19228e-09
 Step 163 time 0.0588909 control sound timestep  0.000366512 1,1 x 0 y 0
 Wall clock 162.922
 Average time per cell 4.23653e-09
  Step time per cell    4.17993e-09
 Step 164 time 0.0592574 control sound timestep  0.000366525 1,1 x 0 y 0
 Wall clock 163.893
 Average time per cell 4.23579e-09
  Step time per cell    4.11585e-09
 Step 165 time 0.0596239 control sound timestep  0.000366539 1,1 x 0 y 0
 Wall clock 164.9
 Average time per cell 4.23598e-09
  Step time per cell    4.26592e-09
 Step 166 time 0.0599904 control sound timestep  0.000366558 1,1 x 0 y 0
 Wall clock 165.9
 Average time per cell 4.23601e-09
  Step time per cell    4.24076e-09
 Step 167 time 0.060357 control sound timestep  0.00036658 1,1 x 0 y 0
 Wall clock 166.91
 Average time per cell 4.23627e-09
  Step time per cell    4.27923e-09
 Step 168 time 0.0607236 control sound timestep  0.000366586 1,1 x 0 y 0
 Wall clock 167.912
 Average time per cell 4.23634e-09
  Step time per cell    4.24857e-09
 Step 169 time 0.0610902 control sound timestep  0.000366586 1,1 x 0 y 0
 Wall clock 168.92
 Average time per cell 4.23655e-09
  Step time per cell    4.2711e-09
 Step 170 time 0.0614568 control sound timestep  0.000366585 1,1 x 0 y 0
 Wall clock 169.993
 Average time per cell 4.23837e-09
  Step time per cell    4.54606e-09
 Step 171 time 0.0618233 control sound timestep  0.00036659 1,1 x 0 y 0
 Wall clock 170.973
 Average time per cell 4.23787e-09
  Step time per cell    4.15322e-09
 Step 172 time 0.0621899 control sound timestep  0.000366597 1,1 x 0 y 0
 Wall clock 171.957
 Average time per cell 4.23748e-09
  Step time per cell    4.17004e-09
 Step 173 time 0.0625565 control sound timestep  0.000366603 1,1 x 0 y 0
 Wall clock 172.962
 Average time per cell 4.23763e-09
  Step time per cell    4.26294e-09
 Step 174 time 0.0629231 control sound timestep  0.000366609 1,1 x 0 y 0
 Wall clock 173.967
 Average time per cell 4.23774e-09
  Step time per cell    4.25721e-09
 Step 175 time 0.0632897 control sound timestep  0.000366616 1,1 x 0 y 0
 Wall clock 174.976
 Average time per cell 4.23796e-09
  Step time per cell    4.27528e-09
 Step 176 time 0.0636564 control sound timestep  0.000366631 1,1 x 0 y 0
 Wall clock 175.974
 Average time per cell 4.23794e-09
  Step time per cell    4.23331e-09
 Step 177 time 0.064023 control sound timestep  0.000366644 1,1 x 0 y 0
 Wall clock 176.986
 Average time per cell 4.23821e-09
  Step time per cell    4.28613e-09
 Step 178 time 0.0643896 control sound timestep  0.000366656 1,1 x 0 y 0
 Wall clock 177.988
 Average time per cell 4.23826e-09
  Step time per cell    4.2474e-09
 Step 179 time 0.0647563 control sound timestep  0.000366668 1,1 x 0 y 0
 Wall clock 179
 Average time per cell 4.23854e-09
  Step time per cell    4.28853e-09
 Step 180 time 0.065123 control sound timestep  0.000366685 1,1 x 0 y 0
 Wall clock 180.077
 Average time per cell 4.24036e-09
  Step time per cell    4.56546e-09
 Step 181 time 0.0654896 control sound timestep  0.000366704 1,1 x 0 y 0
 Wall clock 181.07
 Average time per cell 4.24019e-09
  Step time per cell    4.20835e-09
 Step 182 time 0.0658563 control sound timestep  0.000366715 1,1 x 0 y 0
 Wall clock 182.054
 Average time per cell 4.23982e-09
  Step time per cell    4.17314e-09
 Step 183 time 0.0662231 control sound timestep  0.000366716 1,1 x 0 y 0
 Wall clock 183.037
 Average time per cell 4.2394e-09
  Step time per cell    4.16303e-09
 Step 184 time 0.0665898 control sound timestep  0.000366713 1,1 x 0 y 0
 Wall clock 184.028
 Average time per cell 4.23921e-09
  Step time per cell    4.20354e-09
 Step 185 time 0.0669565 control sound timestep  0.000366717 1,1 x 0 y 0
 Wall clock 185.036
 Average time per cell 4.23938e-09
  Step time per cell    4.27143e-09
 Step 186 time 0.0673232 control sound timestep  0.000366724 1,1 x 0 y 0
 Wall clock 186.039
 Average time per cell 4.23943e-09
  Step time per cell    4.24844e-09
 Step 187 time 0.0676899 control sound timestep  0.000366729 1,1 x 0 y 0
 Wall clock 187.046
 Average time per cell 4.2396e-09
  Step time per cell    4.27142e-09
 Step 188 time 0.0680567 control sound timestep  0.000366735 1,1 x 0 y 0
 Wall clock 188.048
 Average time per cell 4.23963e-09
  Step time per cell    4.24487e-09
 Step 189 time 0.0684234 control sound timestep  0.000366742 1,1 x 0 y 0
 Wall clock 189.057
 Average time per cell 4.23983e-09
  Step time per cell    4.27596e-09
 Step 190 time 0.0687901 control sound timestep  0.000366754 1,1 x 0 y 0
 Wall clock 190.129
 Average time per cell 4.24143e-09
  Step time per cell    4.54335e-09
 Step 191 time 0.0691569 control sound timestep  0.000366766 1,1 x 0 y 0
 Wall clock 191.129
 Average time per cell 4.24142e-09
  Step time per cell    4.24008e-09
 Step 192 time 0.0695237 control sound timestep  0.000366777 1,1 x 0 y 0
 Wall clock 192.126
 Average time per cell 4.24133e-09
  Step time per cell    4.22379e-09
 Step 193 time 0.0698904 control sound timestep  0.000366789 1,1 x 0 y 0
 Wall clock 193.124
 Average time per cell 4.24127e-09
  Step time per cell    4.22939e-09
 Step 194 time 0.0702572 control sound timestep  0.000366803 1,1 x 0 y 0
 Wall clock 194.116
 Average time per cell 4.2411e-09
  Step time per cell    4.2075e-09
 Step 195 time 0.070624 control sound timestep  0.000366821 1,1 x 0 y 0
 Wall clock 195.11
 Average time per cell 4.24095e-09
  Step time per cell    4.21282e-09
 Step 196 time 0.0709908 control sound timestep  0.000366835 1,1 x 0 y 0
 Wall clock 196.095
 Average time per cell 4.2406e-09
  Step time per cell    4.17232e-09
 Step 197 time 0.0713577 control sound timestep  0.000366836 1,1 x 0 y 0
 Wall clock 197.075
 Average time per cell 4.24017e-09
  Step time per cell    4.15457e-09
 Step 198 time 0.0717245 control sound timestep  0.000366833 1,1 x 0 y 0
 Wall clock 198.073
 Average time per cell 4.24012e-09
  Step time per cell    4.23056e-09
 Step 199 time 0.0720913 control sound timestep  0.000366836 1,1 x 0 y 0
 Wall clock 199.084
 Average time per cell 4.24034e-09
  Step time per cell    4.28441e-09
 Step 200 time 0.0724582 control sound timestep  0.000366842 1,1 x 0 y 0
 Wall clock 200.157
 Average time per cell 4.24187e-09
  Step time per cell    4.54533e-09
 Step 201 time 0.072825 control sound timestep  0.000366847 1,1 x 0 y 0
 Wall clock 201.154
 Average time per cell 4.2418e-09
  Step time per cell    4.22666e-09
 Step 202 time 0.0731919 control sound timestep  0.000366853 1,1 x 0 y 0
 Wall clock 202.137
 Average time per cell 4.24143e-09
  Step time per cell    4.16801e-09
 Step 203 time 0.0735587 control sound timestep  0.000366859 1,1 x 0 y 0
 Wall clock 203.12
 Average time per cell 4.24106e-09
  Step time per cell    4.16668e-09
 Step 204 time 0.0739256 control sound timestep  0.000366869 1,1 x 0 y 0
 Wall clock 204.113
 Average time per cell 4.24091e-09
  Step time per cell    4.20834e-09
 Step 205 time 0.0742925 control sound timestep  0.000366881 1,1 x 0 y 0
 Wall clock 205.124
 Average time per cell 4.24112e-09
  Step time per cell    4.28465e-09
 Step 206 time 0.0746593 control sound timestep  0.000366892 1,1 x 0 y 0
 Wall clock 206.125
 Average time per cell 4.24113e-09
  Step time per cell    4.24324e-09
 Step 207 time 0.0750262 control sound timestep  0.000366902 1,1 x 0 y 0
 Wall clock 207.136
 Average time per cell 4.24134e-09
  Step time per cell    4.28353e-09
 Step 208 time 0.0753931 control sound timestep  0.000366915 1,1 x 0 y 0
 Wall clock 208.136
 Average time per cell 4.24132e-09
  Step time per cell    4.23771e-09
 Step 209 time 0.07576 control sound timestep  0.000366932 1,1 x 0 y 0
 Wall clock 209.142
 Average time per cell 4.24143e-09
  Step time per cell    4.26424e-09
 Step 210 time 0.076127 control sound timestep  0.000366947 1,1 x 0 y 0
 Wall clock 210.212
 Average time per cell 4.24283e-09
  Step time per cell    4.53552e-09
 Step 211 time 0.0764939 control sound timestep  0.000366948 1,1 x 0 y 0
 Wall clock 211.194
 Average time per cell 4.24244e-09
  Step time per cell    4.15965e-09
 Step 212 time 0.0768609 control sound timestep  0.000366945 1,1 x 0 y 0
 Wall clock 212.187
 Average time per cell 4.24228e-09
  Step time per cell    4.20857e-09
 Step 213 time 0.0772278 control sound timestep  0.000366947 1,1 x 0 y 0
 Wall clock 213.19
 Average time per cell 4.24233e-09
  Step time per cell    4.25317e-09
 Step 214 time 0.0775948 control sound timestep  0.000366952 1,1 x 0 y 0
 Wall clock 214.188
 Average time per cell 4.24228e-09
  Step time per cell    4.23013e-09
 Step 215 time 0.0779617 control sound timestep  0.000366958 1,1 x 0 y 0
 Wall clock 215.197
 Average time per cell 4.24244e-09
  Step time per cell    4.27727e-09
 Step 216 time 0.0783287 control sound timestep  0.000366963 1,1 x 0 y 0
 Wall clock 216.191
 Average time per cell 4.2423e-09
  Step time per cell    4.21162e-09
 Step 217 time 0.0786956 control sound timestep  0.000366968 1,1 x 0 y 0
 Wall clock 217.202
 Average time per cell 4.24251e-09
  Step time per cell    4.28687e-09
 Step 218 time 0.0790626 control sound timestep  0.000366977 1,1 x 0 y 0
 Wall clock 218.203
 Average time per cell 4.2425e-09
  Step time per cell    4.24007e-09
 Step 219 time 0.0794296 control sound timestep  0.000366989 1,1 x 0 y 0
 Wall clock 219.205
 Average time per cell 4.24252e-09
  Step time per cell    4.24791e-09
 Step 220 time 0.0797966 control sound timestep  0.000366999 1,1 x 0 y 0
 Wall clock 220.27
 Average time per cell 4.24376e-09
  Step time per cell    4.51514e-09
 Step 221 time 0.0801636 control sound timestep  0.000367009 1,1 x 0 y 0
 Wall clock 221.274
 Average time per cell 4.2438e-09
  Step time per cell    4.25157e-09
 Step 222 time 0.0805306 control sound timestep  0.000367021 1,1 x 0 y 0
 Wall clock 222.269
 Average time per cell 4.24368e-09
  Step time per cell    4.21714e-09
 Step 223 time 0.0808976 control sound timestep  0.000367036 1,1 x 0 y 0
 Wall clock 223.28
 Average time per cell 4.24388e-09
  Step time per cell    4.28702e-09
 Step 224 time 0.0812646 control sound timestep  0.000367052 1,1 x 0 y 0
 Wall clock 224.275
 Average time per cell 4.24376e-09
  Step time per cell    4.21674e-09
 Step 225 time 0.0816317 control sound timestep  0.000367052 1,1 x 0 y 0
 Wall clock 225.284
 Average time per cell 4.24389e-09
  Step time per cell    4.27466e-09
 Step 226 time 0.0819987 control sound timestep  0.00036705 1,1 x 0 y 0
 Wall clock 226.285
 Average time per cell 4.24389e-09
  Step time per cell    4.24368e-09
 Step 227 time 0.0823658 control sound timestep  0.000367051 1,1 x 0 y 0
 Wall clock 227.294
 Average time per cell 4.24403e-09
  Step time per cell    4.27526e-09
 Step 228 time 0.0827328 control sound timestep  0.000367056 1,1 x 0 y 0
 Wall clock 228.291
 Average time per cell 4.24397e-09
  Step time per cell    4.22921e-09
 Step 229 time 0.0830999 control sound timestep  0.000367062 1,1 x 0 y 0
 Wall clock 229.3
 Average time per cell 4.24411e-09
  Step time per cell    4.27617e-09
 Step 230 time 0.083467 control sound timestep  0.000367066 1,1 x 0 y 0
 Wall clock 230.378
 Average time per cell 4.24551e-09
  Step time per cell    4.56646e-09
 Step 231 time 0.083834 control sound timestep  0.000367071 1,1 x 0 y 0
 Wall clock 231.365
 Average time per cell 4.24525e-09
  Step time per cell    4.18455e-09
 Step 232 time 0.0842011 control sound timestep  0.000367079 1,1 x 0 y 0
 Wall clock 232.347
 Average time per cell 4.24488e-09
  Step time per cell    4.15989e-09
 Step 233 time 0.0845682 control sound timestep  0.000367091 1,1 x 0 y 0
 Wall clock 233.359
 Average time per cell 4.24509e-09
  Step time per cell    4.29268e-09
 Step 234 time 0.0849353 control sound timestep  0.0003671 1,1 x 0 y 0
 Wall clock 234.363
 Average time per cell 4.24512e-09
  Step time per cell    4.2518e-09
 Step 235 time 0.0853024 control sound timestep  0.00036711 1,1 x 0 y 0
 Wall clock 235.373
 Average time per cell 4.24529e-09
  Step time per cell    4.28455e-09
 Step 236 time 0.0856695 control sound timestep  0.000367121 1,1 x 0 y 0
 Wall clock 236.376
 Average time per cell 4.24531e-09
  Step time per cell    4.24989e-09
 Step 237 time 0.0860366 control sound timestep  0.000367135 1,1 x 0 y 0
 Wall clock 237.381
 Average time per cell 4.24537e-09
  Step time per cell    4.25875e-09
 Step 238 time 0.0864037 control sound timestep  0.000367151 1,1 x 0 y 0
 Wall clock 238.38
 Average time per cell 4.24531e-09
  Step time per cell    4.23242e-09
 Step 239 time 0.0867709 control sound timestep  0.000367151 1,1 x 0 y 0
 Wall clock 239.393
 Average time per cell 4.24553e-09
  Step time per cell    4.29648e-09
 Step 240 time 0.087138 control sound timestep  0.00036715 1,1 x 0 y 0
 Wall clock 240.466
 Average time per cell 4.24678e-09
  Step time per cell    4.54449e-09
 Step 241 time 0.0875052 control sound timestep  0.00036715 1,1 x 0 y 0
 Wall clock 241.452
 Average time per cell 4.24651e-09
  Step time per cell    4.18182e-09
 Step 242 time 0.0878723 control sound timestep  0.000367155 1,1 x 0 y 0
 Wall clock 242.432
 Average time per cell 4.24612e-09
  Step time per cell    4.15202e-09
 Step 243 time 0.0882395 control sound timestep  0.00036716 1,1 x 0 y 0
 Wall clock 243.441
 Average time per cell 4.24624e-09
  Step time per cell    4.27485e-09
 Step 244 time 0.0886066 control sound timestep  0.000367164 1,1 x 0 y 0
 Wall clock 244.439
 Average time per cell 4.24618e-09
  Step time per cell    4.23326e-09
 Step 245 time 0.0889738 control sound timestep  0.000367169 1,1 x 0 y 0
 Wall clock 245.45
 Average time per cell 4.24633e-09
  Step time per cell    4.28219e-09
 Step 246 time 0.089341 control sound timestep  0.000367177 1,1 x 0 y 0
 Wall clock 246.449
 Average time per cell 4.24629e-09
  Step time per cell    4.23456e-09
 Step 247 time 0.0897082 control sound timestep  0.000367187 1,1 x 0 y 0
 Wall clock 247.457
 Average time per cell 4.24639e-09
  Step time per cell    4.27137e-09
 Step 248 time 0.0900753 control sound timestep  0.000367197 1,1 x 0 y 0
 Wall clock 248.453
 Average time per cell 4.2463e-09
  Step time per cell    4.22451e-09
 Step 249 time 0.0904425 control sound timestep  0.000367205 1,1 x 0 y 0
 Wall clock 249.449
 Average time per cell 4.2462e-09
  Step time per cell    4.22123e-09
 Step 250 time 0.0908097 control sound timestep  0.000367216 1,1 x 0 y 0
 Wall clock 250.505
 Average time per cell 4.24711e-09
  Step time per cell    4.47424e-09
 Step 251 time 0.091177 control sound timestep  0.000367229 1,1 x 0 y 0
 Wall clock 251.498
 Average time per cell 4.24696e-09
  Step time per cell    4.20823e-09
 Step 252 time 0.0915442 control sound timestep  0.000367244 1,1 x 0 y 0
 Wall clock 252.501
 Average time per cell 4.24698e-09
  Step time per cell    4.25096e-09
 Step 253 time 0.0919114 control sound timestep  0.000367245 1,1 x 0 y 0
 Wall clock 253.507
 Average time per cell 4.24704e-09
  Step time per cell    4.26382e-09
 Step 254 time 0.0922787 control sound timestep  0.000367243 1,1 x 0 y 0
 Wall clock 254.505
 Average time per cell 4.24698e-09
  Step time per cell    4.23047e-09
 Step 255 time 0.0926459 control sound timestep  0.000367244 1,1 x 0 y 0
 Wall clock 255.515
 Average time per cell 4.24711e-09
  Step time per cell    4.28057e-09
 Step 256 time 0.0930132 control sound timestep  0.000367248 1,1 x 0 y 0
 Wall clock 256.514
 Average time per cell 4.24707e-09
  Step time per cell    4.23512e-09
 Step 257 time 0.0933804 control sound timestep  0.000367253 1,1 x 0 y 0
 Wall clock 257.524
 Average time per cell 4.24719e-09
  Step time per cell    4.27895e-09
 Step 258 time 0.0937477 control sound timestep  0.000367257 1,1 x 0 y 0
 Wall clock 258.518
 Average time per cell 4.24706e-09
  Step time per cell    4.21297e-09
 Step 259 time 0.0941149 control sound timestep  0.000367262 1,1 x 0 y 0
 Wall clock 259.519
 Average time per cell 4.24705e-09
  Step time per cell    4.24356e-09
 Step 260 time 0.0944822 control sound timestep  0.000367269 1,1 x 0 y 0
 Wall clock 260.58
 Average time per cell 4.24801e-09
  Step time per cell    4.49803e-09
 Step 261 time 0.0948495 control sound timestep  0.000367279 1,1 x 0 y 0
 Wall clock 261.562
 Average time per cell 4.24768e-09
  Step time per cell    4.16134e-09
 Step 262 time 0.0952167 control sound timestep  0.000367288 1,1 x 0 y 0
 Wall clock 262.554
 Average time per cell 4.24751e-09
  Step time per cell    4.20288e-09
 Step 263 time 0.095584 control sound timestep  0.000367297 1,1 x 0 y 0
 Wall clock 263.565
 Average time per cell 4.24766e-09
  Step time per cell    4.28465e-09
 Step 264 time 0.0959513 control sound timestep  0.000367307 1,1 x 0 y 0
 Wall clock 264.563
 Average time per cell 4.2476e-09
  Step time per cell    4.23208e-09
 Step 265 time 0.0963186 control sound timestep  0.00036732 1,1 x 0 y 0
 Wall clock 265.566
 Average time per cell 4.24761e-09
  Step time per cell    4.25134e-09
 Step 266 time 0.0966859 control sound timestep  0.000367334 1,1 x 0 y 0
 Wall clock 266.564
 Average time per cell 4.24754e-09
  Step time per cell    4.22737e-09
 Step 267 time 0.0970533 control sound timestep  0.000367334 1,1 x 0 y 0
 Wall clock 267.561
 Average time per cell 4.24746e-09
  Step time per cell    4.22599e-09
 Step 268 time 0.0974206 control sound timestep  0.000367332 1,1 x 0 y 0
 Wall clock 268.552
 Average time per cell 4.24729e-09
  Step time per cell    4.20114e-09
 Step 269 time 0.0977879 control sound timestep  0.000367333 1,1 x 0 y 0
 Wall clock 269.545
 Average time per cell 4.24715e-09
  Step time per cell    4.20971e-09
 Step 270 time 0.0981553 control sound timestep  0.000367338 1,1 x 0 y 0
 Wall clock 270.596
 Average time per cell 4.24791e-09
  Step time per cell    4.45302e-09
 Step 271 time 0.0985226 control sound timestep  0.000367342 1,1 x 0 y 0
 Wall clock 271.599
 Average time per cell 4.24792e-09
  Step time per cell    4.25042e-09
 Step 272 time 0.09889 control sound timestep  0.000367346 1,1 x 0 y 0
 Wall clock 272.6
 Average time per cell 4.2479e-09
  Step time per cell    4.24335e-09
 Step 273 time 0.0992573 control sound timestep  0.00036735 1,1 x 0 y 0
 Wall clock 273.61
 Average time per cell 4.24802e-09
  Step time per cell    4.28027e-09
 Step 274 time 0.0996247 control sound timestep  0.000367358 1,1 x 0 y 0
 Wall clock 274.612
 Average time per cell 4.24801e-09
  Step time per cell    4.24471e-09
 Step 275 time 0.099992 control sound timestep  0.000367367 1,1 x 0 y 0
 Wall clock 275.62
 Average time per cell 4.24812e-09
  Step time per cell    4.27598e-09
 Step 276 time 0.100359 control sound timestep  0.000367376 1,1 x 0 y 0
 Wall clock 276.618
 Average time per cell 4.24805e-09
  Step time per cell    4.22975e-09
 Step 277 time 0.100727 control sound timestep  0.000367384 1,1 x 0 y 0
 Wall clock 277.611
 Average time per cell 4.24791e-09
  Step time per cell    4.20854e-09
 Step 278 time 0.101094 control sound timestep  0.000367394 1,1 x 0 y 0
 Wall clock 278.602
 Average time per cell 4.24773e-09
  Step time per cell    4.19698e-09
 Step 279 time 0.101462 control sound timestep  0.000367406 1,1 x 0 y 0
 Wall clock 279.584
 Average time per cell 4.24743e-09
  Step time per cell    4.16484e-09
 Step 280 time 0.101829 control sound timestep  0.000367419 1,1 x 0 y 0
 Wall clock 280.64
 Average time per cell 4.24824e-09
  Step time per cell    4.474e-09
 Step 281 time 0.102196 control sound timestep  0.000367419 1,1 x 0 y 0
 Wall clock 281.626
 Average time per cell 4.248e-09
  Step time per cell    4.18023e-09
 Step 282 time 0.102564 control sound timestep  0.000367417 1,1 x 0 y 0
 Wall clock 282.6
 Average time per cell 4.24757e-09
  Step time per cell    4.12702e-09
 Step 283 time 0.102931 control sound timestep  0.000367418 1,1 x 0 y 0
 Wall clock 283.61
 Average time per cell 4.24769e-09
  Step time per cell    4.28212e-09
 Step 284 time 0.103299 control sound timestep  0.000367423 1,1 x 0 y 0
 Wall clock 284.612
 Average time per cell 4.24768e-09
  Step time per cell    4.24332e-09
 Step 285 time 0.103666 control sound timestep  0.000367427 1,1 x 0 y 0
 Wall clock 285.622
 Average time per cell 4.24781e-09
  Step time per cell    4.28346e-09
 Step 286 time 0.104033 control sound timestep  0.000367431 1,1 x 0 y 0
 Wall clock 286.625
 Average time per cell 4.24781e-09
  Step time per cell    4.24882e-09
 Step 287 time 0.104401 control sound timestep  0.000367435 1,1 x 0 y 0
 Wall clock 287.639
 Average time per cell 4.24799e-09
  Step time per cell    4.29892e-09
 Step 288 time 0.104768 control sound timestep  0.000367442 1,1 x 0 y 0
 Wall clock 288.643
 Average time per cell 4.24802e-09
  Step time per cell    4.25617e-09
 Step 289 time 0.105136 control sound timestep  0.000367452 1,1 x 0 y 0
 Wall clock 289.658
 Average time per cell 4.2482e-09
  Step time per cell    4.29982e-09
 Step 290 time 0.105503 control sound timestep  0.00036746 1,1 x 0 y 0
 Wall clock 290.741
 Average time per cell 4.24938e-09
  Step time per cell    4.59029e-09
 Step 291 time 0.105871 control sound timestep  0.000367468 1,1 x 0 y 0
 Wall clock 291.753
 Average time per cell 4.24952e-09
  Step time per cell    4.29144e-09
 Step 292 time 0.106238 control sound timestep  0.000367477 1,1 x 0 y 0
 Wall clock 292.756
 Average time per cell 4.24953e-09
  Step time per cell    4.25195e-09
 Step 293 time 0.106606 control sound timestep  0.00036749 1,1 x 0 y 0
 Wall clock 293.768
 Average time per cell 4.24967e-09
  Step time per cell    4.28911e-09
 Step 294 time 0.106973 control sound timestep  0.0003675 1,1 x 0 y 0
 Wall clock 294.772
 Average time per cell 4.24968e-09
  Step time per cell    4.25162e-09
 Step 295 time 0.107341 control sound timestep  0.000367501 1,1 x 0 y 0
 Wall clock 295.777
 Average time per cell 4.24972e-09
  Step time per cell    4.26074e-09
 Step 296 time 0.107708 control sound timestep  0.000367498 1,1 x 0 y 0
 Wall clock 296.78
 Average time per cell 4.24972e-09
  Step time per cell    4.24956e-09
 Step 297 time 0.108076 control sound timestep  0.0003675 1,1 x 0 y 0
 Wall clock 297.783
 Average time per cell 4.24972e-09
  Step time per cell    4.2508e-09
 Step 298 time 0.108443 control sound timestep  0.000367504 1,1 x 0 y 0
 Wall clock 298.782
 Average time per cell 4.24968e-09
  Step time per cell    4.23783e-09
 Step 299 time 0.108811 control sound timestep  0.000367508 1,1 x 0 y 0
 Wall clock 299.802
 Average time per cell 4.24992e-09
  Step time per cell    4.32147e-09
 Step 300 time 0.109178 control sound timestep  0.000367512 1,1 x 0 y 0
 Wall clock 300.959
 First step overhead 0
Result:
 - Problem: none
 - Outcome: PASSED
