---
Devices:
 0: Host CPU
CloverLeaf:
 - Ver.:     2.000
 - Deck:     /home/labpc/work/cipp/CloverLeaf/InputDecks/clover_bm256_300.in
 - Out:      clover.out
 - Profiler: deck-specified
MPI:
 - Enabled:     false
 - Total ranks: 1
 - Header device-awareness (CUDA-awareness):  unknown
 - Runtime device-awareness (CUDA-awareness): unknown
 - Host-Device halo exchange staging buffer:  true
Model:
 - Name:      OpenMP (CPU)
 - Execution: Host
# ---- 
Output: |+1
 Output file clover.out opened. All output will go there.
 Args: --file /home/labpc/work/cipp/CloverLeaf/InputDecks/clover_bm256_300.in
 Using input: `/home/labpc/work/cipp/CloverLeaf/InputDecks/clover_bm256_300.in`
 Problem initialised and generated
 Launching hydro
 Step 1 time 0 control sound timestep  0.000385161 1,1 x 0 y 0
 Wall clock 1.76106
 Average time per cell 7.46436e-09
  Step time per cell    7.46436e-09
 Step 2 time 0.000385161 control sound timestep  0.000235099 1,1 x 0 y 0
 Wall clock 3.5069
 Average time per cell 7.43208e-09
  Step time per cell    7.39954e-09
 Step 3 time 0.000620261 control sound timestep  0.000298723 1,1 x 0 y 0
 Wall clock 5.26023
 Average time per cell 7.43192e-09
  Step time per cell    7.43133e-09
 Step 4 time 0.000918984 control sound timestep  0.000314746 1,1 x 0 y 0
 Wall clock 7.00757
 Average time per cell 7.42548e-09
  Step time per cell    7.40593e-09
 Step 5 time 0.00123373 control sound timestep  0.000346361 1,1 x 0 y 0
 Wall clock 8.76173
 Average time per cell 7.42741e-09
  Step time per cell    7.4348e-09
 Step 6 time 0.00158009 control sound timestep  0.00034558 1,1 x 0 y 0
 Wall clock 10.5028
 Average time per cell 7.41942e-09
  Step time per cell    7.3792e-09
 Step 7 time 0.00192567 control sound timestep  0.000352154 1,1 x 0 y 0
 Wall clock 12.2462
 Average time per cell 7.41518e-09
  Step time per cell    7.38952e-09
 Step 8 time 0.00227782 control sound timestep  0.000370384 1,1 x 0 y 0
 Wall clock 13.9727
 Average time per cell 7.403e-09
  Step time per cell    7.31748e-09
 Step 9 time 0.00264821 control sound timestep  0.000366391 1,1 x 0 y 0
 Wall clock 15.7237
 Average time per cell 7.40508e-09
  Step time per cell    7.42149e-09
 Step 10 time 0.0030146 control sound timestep  0.000363789 1,1 x 0 y 0
 Wall clock 17.601
 Average time per cell 7.46029e-09
  Step time per cell    7.95693e-09
 Step 11 time 0.00337839 control sound timestep  0.000361224 1,1 x 0 y 0
 Wall clock 19.3482
 Average time per cell 7.4553e-09
  Step time per cell    7.40527e-09
 Step 12 time 0.00373961 control sound timestep  0.000359796 1,1 x 0 y 0
 Wall clock 21.0883
 Average time per cell 7.44867e-09
  Step time per cell    7.37551e-09
 Step 13 time 0.00409941 control sound timestep  0.000360678 1,1 x 0 y 0
 Wall clock 22.8446
 Average time per cell 7.4483e-09
  Step time per cell    7.44358e-09
 Step 14 time 0.00446009 control sound timestep  0.000362113 1,1 x 0 y 0
 Wall clock 24.5793
 Average time per cell 7.44148e-09
  Step time per cell    7.35254e-09
 Step 15 time 0.0048222 control sound timestep  0.000362661 1,1 x 0 y 0
 Wall clock 26.3339
 Average time per cell 7.44117e-09
  Step time per cell    7.43667e-09
 Step 16 time 0.00518486 control sound timestep  0.000362812 1,1 x 0 y 0
 Wall clock 28.0695
 Average time per cell 7.43587e-09
  Step time per cell    7.35613e-09
 Step 17 time 0.00554767 control sound timestep  0.000362988 1,1 x 0 y 0
 Wall clock 29.8529
 Average time per cell 7.44311e-09
  Step time per cell    7.55866e-09
 Step 18 time 0.00591066 control sound timestep  0.000363082 1,1 x 0 y 0
 Wall clock 31.5792
 Average time per cell 7.43613e-09
  Step time per cell    7.31712e-09
 Step 19 time 0.00627374 control sound timestep  0.000363112 1,1 x 0 y 0
 Wall clock 33.3576
 Average time per cell 7.44148e-09
  Step time per cell    7.53762e-09
 Step 20 time 0.00663686 control sound timestep  0.00036317 1,1 x 0 y 0
 Wall clock 35.219
 Average time per cell 7.46389e-09
  Step time per cell    7.88928e-09
 Step 21 time 0.00700003 control sound timestep  0.000363365 1,1 x 0 y 0
 Wall clock 36.9875
 Average time per cell 7.46541e-09
  Step time per cell    7.49585e-09
 Step 22 time 0.00736339 control sound timestep  0.00036347 1,1 x 0 y 0
 Wall clock 38.7383
 Average time per cell 7.46337e-09
  Step time per cell    7.42012e-09
 Step 23 time 0.00772686 control sound timestep  0.000363513 1,1 x 0 y 0
 Wall clock 40.4932
 Average time per cell 7.46229e-09
  Step time per cell    7.43832e-09
 Step 24 time 0.00809037 control sound timestep  0.000363629 1,1 x 0 y 0
 Wall clock 42.2358
 Average time per cell 7.45912e-09
  Step time per cell    7.38587e-09
 Step 25 time 0.008454 control sound timestep  0.000363732 1,1 x 0 y 0
 Wall clock 43.9885
 Average time per cell 7.4579e-09
  Step time per cell    7.42831e-09
 Step 26 time 0.00881773 control sound timestep  0.000363825 1,1 x 0 y 0
 Wall clock 45.7292
 Average time per cell 7.45483e-09
  Step time per cell    7.37784e-09
 Step 27 time 0.00918156 control sound timestep  0.000363914 1,1 x 0 y 0
 Wall clock 47.4794
 Average time per cell 7.45349e-09
  Step time per cell    7.41839e-09
 Step 28 time 0.00954547 control sound timestep  0.000363943 1,1 x 0 y 0
 Wall clock 49.2227
 Average time per cell 7.45118e-09
  Step time per cell    7.38873e-09
 Step 29 time 0.00990942 control sound timestep  0.000363973 1,1 x 0 y 0
 Wall clock 51.0059
 Average time per cell 7.45487e-09
  Step time per cell    7.55798e-09
 Step 30 time 0.0102734 control sound timestep  0.000363988 1,1 x 0 y 0
 Wall clock 52.8586
 Average time per cell 7.46813e-09
  Step time per cell    7.85227e-09
 Step 31 time 0.0106374 control sound timestep  0.000364002 1,1 x 0 y 0
 Wall clock 54.6298
 Average time per cell 7.4694e-09
  Step time per cell    7.50737e-09
 Step 32 time 0.0110014 control sound timestep  0.000364043 1,1 x 0 y 0
 Wall clock 56.3553
 Average time per cell 7.46453e-09
  Step time per cell    7.31331e-09
 Step 33 time 0.0113654 control sound timestep  0.000364085 1,1 x 0 y 0
 Wall clock 58.1328
 Average time per cell 7.46664e-09
  Step time per cell    7.53384e-09
 Step 34 time 0.0117295 control sound timestep  0.000364133 1,1 x 0 y 0
 Wall clock 59.8808
 Average time per cell 7.46494e-09
  Step time per cell    7.40864e-09
 Step 35 time 0.0120936 control sound timestep  0.000364198 1,1 x 0 y 0
 Wall clock 61.6336
 Average time per cell 7.46392e-09
  Step time per cell    7.42897e-09
 Step 36 time 0.0124578 control sound timestep  0.000364259 1,1 x 0 y 0
 Wall clock 63.3812
 Average time per cell 7.46235e-09
  Step time per cell    7.40729e-09
 Step 37 time 0.0128221 control sound timestep  0.000364318 1,1 x 0 y 0
 Wall clock 65.1314
 Average time per cell 7.46116e-09
  Step time per cell    7.41777e-09
 Step 38 time 0.0131864 control sound timestep  0.000364383 1,1 x 0 y 0
 Wall clock 66.8719
 Average time per cell 7.45895e-09
  Step time per cell    7.37712e-09
 Step 39 time 0.0135508 control sound timestep  0.000364422 1,1 x 0 y 0
 Wall clock 68.6531
 Average time per cell 7.46128e-09
  Step time per cell    7.5494e-09
 Step 40 time 0.0139152 control sound timestep  0.000364431 1,1 x 0 y 0
 Wall clock 70.5107
 Average time per cell 7.47158e-09
  Step time per cell    7.8731e-09
 Step 41 time 0.0142797 control sound timestep  0.000364435 1,1 x 0 y 0
 Wall clock 72.2732
 Average time per cell 7.47156e-09
  Step time per cell    7.4707e-09
 Step 42 time 0.0146441 control sound timestep  0.000364445 1,1 x 0 y 0
 Wall clock 73.9873
 Average time per cell 7.46664e-09
  Step time per cell    7.26491e-09
 Step 43 time 0.0150085 control sound timestep  0.000364471 1,1 x 0 y 0
 Wall clock 75.7628
 Average time per cell 7.46801e-09
  Step time per cell    7.52533e-09
 Step 44 time 0.015373 control sound timestep  0.000364495 1,1 x 0 y 0
 Wall clock 77.512
 Average time per cell 7.46679e-09
  Step time per cell    7.41386e-09
 Step 45 time 0.0157375 control sound timestep  0.000364518 1,1 x 0 y 0
 Wall clock 79.2691
 Average time per cell 7.46636e-09
  Step time per cell    7.44716e-09
 Step 46 time 0.016102 control sound timestep  0.000364543 1,1 x 0 y 0
 Wall clock 81.0054
 Average time per cell 7.46404e-09
  Step time per cell    7.35922e-09
 Step 47 time 0.0164666 control sound timestep  0.000364585 1,1 x 0 y 0
 Wall clock 82.76
 Average time per cell 7.46346e-09
  Step time per cell    7.43651e-09
 Step 48 time 0.0168311 control sound timestep  0.000364628 1,1 x 0 y 0
 Wall clock 84.5026
 Average time per cell 7.46185e-09
  Step time per cell    7.38617e-09
 Step 49 time 0.0171958 control sound timestep  0.000364667 1,1 x 0 y 0
 Wall clock 86.2513
 Average time per cell 7.46083e-09
  Step time per cell    7.41144e-09
 Step 50 time 0.0175604 control sound timestep  0.000364708 1,1 x 0 y 0
 Wall clock 88.1293
 Average time per cell 7.47082e-09
  Step time per cell    7.96001e-09
 Step 51 time 0.0179251 control sound timestep  0.000364758 1,1 x 0 y 0
 Wall clock 89.9108
 Average time per cell 7.47239e-09
  Step time per cell    7.55074e-09
 Step 52 time 0.0182899 control sound timestep  0.000364817 1,1 x 0 y 0
 Wall clock 91.6343
 Average time per cell 7.46917e-09
  Step time per cell    7.30494e-09
 Step 53 time 0.0186547 control sound timestep  0.000364826 1,1 x 0 y 0
 Wall clock 93.4146
 Average time per cell 7.47062e-09
  Step time per cell    7.54552e-09
 Step 54 time 0.0190195 control sound timestep  0.00036483 1,1 x 0 y 0
 Wall clock 95.1531
 Average time per cell 7.46873e-09
  Step time per cell    7.36825e-09
 Step 55 time 0.0193844 control sound timestep  0.000364831 1,1 x 0 y 0
 Wall clock 96.9177
 Average time per cell 7.46892e-09
  Step time per cell    7.47935e-09
 Step 56 time 0.0197492 control sound timestep  0.000364846 1,1 x 0 y 0
 Wall clock 98.6712
 Average time per cell 7.46827e-09
  Step time per cell    7.43197e-09
 Step 57 time 0.0201141 control sound timestep  0.000364866 1,1 x 0 y 0
 Wall clock 100.426
 Average time per cell 7.46774e-09
  Step time per cell    7.43763e-09
 Step 58 time 0.0204789 control sound timestep  0.000364884 1,1 x 0 y 0
 Wall clock 102.168
 Average time per cell 7.46631e-09
  Step time per cell    7.38468e-09
 Step 59 time 0.0208438 control sound timestep  0.000364902 1,1 x 0 y 0
 Wall clock 103.921
 Average time per cell 7.46564e-09
  Step time per cell    7.42644e-09
 Step 60 time 0.0212087 control sound timestep  0.000364922 1,1 x 0 y 0
 Wall clock 105.811
 Average time per cell 7.47474e-09
  Step time per cell    8.01133e-09
 Step 61 time 0.0215736 control sound timestep  0.000364956 1,1 x 0 y 0
 Wall clock 107.565
 Average time per cell 7.47408e-09
  Step time per cell    7.43468e-09
 Step 62 time 0.0219386 control sound timestep  0.000364991 1,1 x 0 y 0
 Wall clock 109.308
 Average time per cell 7.47269e-09
  Step time per cell    7.38756e-09
 Step 63 time 0.0223036 control sound timestep  0.000365022 1,1 x 0 y 0
 Wall clock 111.058
 Average time per cell 7.47183e-09
  Step time per cell    7.4185e-09
 Step 64 time 0.0226686 control sound timestep  0.000365056 1,1 x 0 y 0
 Wall clock 112.802
 Average time per cell 7.47057e-09
  Step time per cell    7.39075e-09
 Step 65 time 0.0230337 control sound timestep  0.000365098 1,1 x 0 y 0
 Wall clock 114.586
 Average time per cell 7.472e-09
  Step time per cell    7.56309e-09
 Step 66 time 0.0233988 control sound timestep  0.000365146 1,1 x 0 y 0
 Wall clock 116.317
 Average time per cell 7.46996e-09
  Step time per cell    7.33702e-09
 Step 67 time 0.0237639 control sound timestep  0.000365166 1,1 x 0 y 0
 Wall clock 118.081
 Average time per cell 7.47006e-09
  Step time per cell    7.47631e-09
 Step 68 time 0.0241291 control sound timestep  0.000365169 1,1 x 0 y 0
 Wall clock 119.818
 Average time per cell 7.46848e-09
  Step time per cell    7.36284e-09
 Step 69 time 0.0244942 control sound timestep  0.000365167 1,1 x 0 y 0
 Wall clock 121.601
 Average time per cell 7.46975e-09
  Step time per cell    7.55567e-09
 Step 70 time 0.0248594 control sound timestep  0.000365177 1,1 x 0 y 0
 Wall clock 123.499
 Average time per cell 7.47794e-09
  Step time per cell    8.04247e-09
 Step 71 time 0.0252246 control sound timestep  0.000365194 1,1 x 0 y 0
 Wall clock 125.282
 Average time per cell 7.4791e-09
  Step time per cell    7.56038e-09
 Step 72 time 0.0255898 control sound timestep  0.000365209 1,1 x 0 y 0
 Wall clock 127.027
 Average time per cell 7.47791e-09
  Step time per cell    7.39362e-09
 Step 73 time 0.025955 control sound timestep  0.000365223 1,1 x 0 y 0
 Wall clock 128.803
 Average time per cell 7.47861e-09
  Step time per cell    7.52834e-09
 Step 74 time 0.0263202 control sound timestep  0.000365239 1,1 x 0 y 0
 Wall clock 130.565
 Average time per cell 7.47845e-09
  Step time per cell    7.46668e-09
 Step 75 time 0.0266854 control sound timestep  0.000365263 1,1 x 0 y 0
 Wall clock 132.323
 Average time per cell 7.47812e-09
  Step time per cell    7.45335e-09
 Step 76 time 0.0270507 control sound timestep  0.000365294 1,1 x 0 y 0
 Wall clock 134.084
 Average time per cell 7.47792e-09
  Step time per cell    7.46248e-09
 Step 77 time 0.027416 control sound timestep  0.000365322 1,1 x 0 y 0
 Wall clock 135.874
 Average time per cell 7.47935e-09
  Step time per cell    7.58828e-09
 Step 78 time 0.0277813 control sound timestep  0.000365349 1,1 x 0 y 0
 Wall clock 137.645
 Average time per cell 7.47967e-09
  Step time per cell    7.50372e-09
 Step 79 time 0.0281467 control sound timestep  0.000365381 1,1 x 0 y 0
 Wall clock 139.413
 Average time per cell 7.47988e-09
  Step time per cell    7.49608e-09
 Step 80 time 0.0285121 control sound timestep  0.000365421 1,1 x 0 y 0
 Wall clock 141.319
 Average time per cell 7.48738e-09
  Step time per cell    8.07934e-09
 Step 81 time 0.0288775 control sound timestep  0.000365457 1,1 x 0 y 0
 Wall clock 143.117
 Average time per cell 7.489e-09
  Step time per cell    7.61914e-09
 Step 82 time 0.0292429 control sound timestep  0.000365459 1,1 x 0 y 0
 Wall clock 144.886
 Average time per cell 7.48908e-09
  Step time per cell    7.49533e-09
 Step 83 time 0.0296084 control sound timestep  0.000365461 1,1 x 0 y 0
 Wall clock 146.691
 Average time per cell 7.49103e-09
  Step time per cell    7.65034e-09
 Step 84 time 0.0299738 control sound timestep  0.000365461 1,1 x 0 y 0
 Wall clock 148.459
 Average time per cell 7.49111e-09
  Step time per cell    7.4974e-09
 Step 85 time 0.0303393 control sound timestep  0.000365475 1,1 x 0 y 0
 Wall clock 150.268
 Average time per cell 7.49318e-09
  Step time per cell    7.66688e-09
 Step 86 time 0.0307048 control sound timestep  0.000365488 1,1 x 0 y 0
 Wall clock 152.042
 Average time per cell 7.49347e-09
  Step time per cell    7.51815e-09
 Step 87 time 0.0310703 control sound timestep  0.0003655 1,1 x 0 y 0
 Wall clock 153.857
 Average time per cell 7.49576e-09
  Step time per cell    7.69204e-09
 Step 88 time 0.0314358 control sound timestep  0.000365513 1,1 x 0 y 0
 Wall clock 155.641
 Average time per cell 7.49653e-09
  Step time per cell    7.56302e-09
 Step 89 time 0.0318013 control sound timestep  0.000365528 1,1 x 0 y 0
 Wall clock 157.451
 Average time per cell 7.49848e-09
  Step time per cell    7.67012e-09
 Step 90 time 0.0321668 control sound timestep  0.000365555 1,1 x 0 y 0
 Wall clock 159.374
 Average time per cell 7.50573e-09
  Step time per cell    8.15088e-09
 Step 91 time 0.0325324 control sound timestep  0.00036558 1,1 x 0 y 0
 Wall clock 161.181
 Average time per cell 7.50742e-09
  Step time per cell    7.65948e-09
 Step 92 time 0.0328979 control sound timestep  0.000365603 1,1 x 0 y 0
 Wall clock 162.956
 Average time per cell 7.5076e-09
  Step time per cell    7.52393e-09
 Step 93 time 0.0332636 control sound timestep  0.000365628 1,1 x 0 y 0
 Wall clock 164.768
 Average time per cell 7.50944e-09
  Step time per cell    7.67827e-09
 Step 94 time 0.0336292 control sound timestep  0.000365659 1,1 x 0 y 0
 Wall clock 166.54
 Average time per cell 7.50945e-09
  Step time per cell    7.50956e-09
 Step 95 time 0.0339948 control sound timestep  0.000365696 1,1 x 0 y 0
 Wall clock 168.359
 Average time per cell 7.51155e-09
  Step time per cell    7.709e-09
 Step 96 time 0.0343605 control sound timestep  0.000365709 1,1 x 0 y 0
 Wall clock 170.143
 Average time per cell 7.51208e-09
  Step time per cell    7.5625e-09
 Step 97 time 0.0347262 control sound timestep  0.00036571 1,1 x 0 y 0
 Wall clock 171.973
 Average time per cell 7.51459e-09
  Step time per cell    7.7545e-09
 Step 98 time 0.035092 control sound timestep  0.000365708 1,1 x 0 y 0
 Wall clock 173.751
 Average time per cell 7.51482e-09
  Step time per cell    7.53736e-09
 Step 99 time 0.0354577 control sound timestep  0.000365716 1,1 x 0 y 0
 Wall clock 175.566
 Average time per cell 7.51661e-09
  Step time per cell    7.69163e-09
 Step 100 time 0.0358234 control sound timestep  0.000365728 1,1 x 0 y 0
 Wall clock 177.48
 Average time per cell 7.52259e-09
  Step time per cell    8.1144e-09
 Step 101 time 0.0361891 control sound timestep  0.000365739 1,1 x 0 y 0
 Wall clock 179.291
 Average time per cell 7.5241e-09
  Step time per cell    7.67466e-09
 Step 102 time 0.0365548 control sound timestep  0.000365749 1,1 x 0 y 0
 Wall clock 181.069
 Average time per cell 7.52424e-09
  Step time per cell    7.53858e-09
 Step 103 time 0.0369206 control sound timestep  0.000365761 1,1 x 0 y 0
 Wall clock 182.885
 Average time per cell 7.52592e-09
  Step time per cell    7.69683e-09
 Step 104 time 0.0372864 control sound timestep  0.00036578 1,1 x 0 y 0
 Wall clock 184.668
 Average time per cell 7.52621e-09
  Step time per cell    7.55573e-09
 Step 105 time 0.0376521 control sound timestep  0.000365803 1,1 x 0 y 0
 Wall clock 186.492
 Average time per cell 7.52813e-09
  Step time per cell    7.72824e-09
 Step 106 time 0.0380179 control sound timestep  0.000365823 1,1 x 0 y 0
 Wall clock 188.273
 Average time per cell 7.52836e-09
  Step time per cell    7.55131e-09
 Step 107 time 0.0383838 control sound timestep  0.000365844 1,1 x 0 y 0
 Wall clock 190.086
 Average time per cell 7.52982e-09
  Step time per cell    7.68466e-09
 Step 108 time 0.0387496 control sound timestep  0.000365869 1,1 x 0 y 0
 Wall clock 191.866
 Average time per cell 7.52996e-09
  Step time per cell    7.54484e-09
 Step 109 time 0.0391155 control sound timestep  0.000365899 1,1 x 0 y 0
 Wall clock 193.695
 Average time per cell 7.53198e-09
  Step time per cell    7.74958e-09
 Step 110 time 0.0394814 control sound timestep  0.000365927 1,1 x 0 y 0
 Wall clock 195.611
 Average time per cell 7.53735e-09
  Step time per cell    8.12298e-09
 Step 111 time 0.0398473 control sound timestep  0.000365928 1,1 x 0 y 0
 Wall clock 197.426
 Average time per cell 7.53874e-09
  Step time per cell    7.69139e-09
 Step 112 time 0.0402132 control sound timestep  0.000365927 1,1 x 0 y 0
 Wall clock 199.208
 Average time per cell 7.53886e-09
  Step time per cell    7.55191e-09
 Step 113 time 0.0405792 control sound timestep  0.000365929 1,1 x 0 y 0
 Wall clock 200.991
 Average time per cell 7.53905e-09
  Step time per cell    7.55973e-09
 Step 114 time 0.0409451 control sound timestep  0.000365939 1,1 x 0 y 0
 Wall clock 202.748
 Average time per cell 7.53823e-09
  Step time per cell    7.44514e-09
 Step 115 time 0.041311 control sound timestep  0.000365949 1,1 x 0 y 0
 Wall clock 204.514
 Average time per cell 7.53777e-09
  Step time per cell    7.4849e-09
 Step 116 time 0.041677 control sound timestep  0.000365958 1,1 x 0 y 0
 Wall clock 206.268
 Average time per cell 7.53687e-09
  Step time per cell    7.43396e-09
 Step 117 time 0.0420429 control sound timestep  0.000365968 1,1 x 0 y 0
 Wall clock 208.058
 Average time per cell 7.53729e-09
  Step time per cell    7.58543e-09
 Step 118 time 0.0424089 control sound timestep  0.00036598 1,1 x 0 y 0
 Wall clock 209.804
 Average time per cell 7.53616e-09
  Step time per cell    7.40396e-09
 Step 119 time 0.0427749 control sound timestep  0.000366001 1,1 x 0 y 0
 Wall clock 211.577
 Average time per cell 7.53598e-09
  Step time per cell    7.51406e-09
 Step 120 time 0.0431409 control sound timestep  0.00036602 1,1 x 0 y 0
 Wall clock 213.485
 Average time per cell 7.54056e-09
  Step time per cell    8.08545e-09
 Step 121 time 0.0435069 control sound timestep  0.000366037 1,1 x 0 y 0
 Wall clock 215.27
 Average time per cell 7.54078e-09
  Step time per cell    7.56723e-09
 Step 122 time 0.0438729 control sound timestep  0.000366057 1,1 x 0 y 0
 Wall clock 217.018
 Average time per cell 7.53968e-09
  Step time per cell    7.40599e-09
 Step 123 time 0.044239 control sound timestep  0.000366082 1,1 x 0 y 0
 Wall clock 218.783
 Average time per cell 7.53921e-09
  Step time per cell    7.48141e-09
 Step 124 time 0.0446051 control sound timestep  0.000366111 1,1 x 0 y 0
 Wall clock 220.533
 Average time per cell 7.53823e-09
  Step time per cell    7.41776e-09
 Step 125 time 0.0449712 control sound timestep  0.000366119 1,1 x 0 y 0
 Wall clock 222.292
 Average time per cell 7.53757e-09
  Step time per cell    7.45552e-09
 Step 126 time 0.0453373 control sound timestep  0.00036612 1,1 x 0 y 0
 Wall clock 224.038
 Average time per cell 7.53648e-09
  Step time per cell    7.39994e-09
 Step 127 time 0.0457034 control sound timestep  0.000366118 1,1 x 0 y 0
 Wall clock 225.826
 Average time per cell 7.5368e-09
  Step time per cell    7.57746e-09
 Step 128 time 0.0460695 control sound timestep  0.000366125 1,1 x 0 y 0
 Wall clock 227.593
 Average time per cell 7.53645e-09
  Step time per cell    7.49155e-09
 Step 129 time 0.0464357 control sound timestep  0.000366134 1,1 x 0 y 0
 Wall clock 229.359
 Average time per cell 7.53604e-09
  Step time per cell    7.48334e-09
 Step 130 time 0.0468018 control sound timestep  0.000366143 1,1 x 0 y 0
 Wall clock 231.242
 Average time per cell 7.53948e-09
  Step time per cell    7.98241e-09
 Step 131 time 0.0471679 control sound timestep  0.000366151 1,1 x 0 y 0
 Wall clock 233.026
 Average time per cell 7.53963e-09
  Step time per cell    7.55927e-09
 Step 132 time 0.0475341 control sound timestep  0.00036616 1,1 x 0 y 0
 Wall clock 234.796
 Average time per cell 7.53936e-09
  Step time per cell    7.50397e-09
 Step 133 time 0.0479003 control sound timestep  0.000366177 1,1 x 0 y 0
 Wall clock 236.555
 Average time per cell 7.53874e-09
  Step time per cell    7.45572e-09
 Step 134 time 0.0482664 control sound timestep  0.000366195 1,1 x 0 y 0
 Wall clock 238.309
 Average time per cell 7.53796e-09
  Step time per cell    7.43501e-09
 Step 135 time 0.0486326 control sound timestep  0.000366211 1,1 x 0 y 0
 Wall clock 240.103
 Average time per cell 7.53844e-09
  Step time per cell    7.60267e-09
 Step 136 time 0.0489988 control sound timestep  0.000366227 1,1 x 0 y 0
 Wall clock 241.873
 Average time per cell 7.53819e-09
  Step time per cell    7.503e-09
 Step 137 time 0.0493651 control sound timestep  0.000366248 1,1 x 0 y 0
 Wall clock 243.638
 Average time per cell 7.53776e-09
  Step time per cell    7.47894e-09
 Step 138 time 0.0497313 control sound timestep  0.000366273 1,1 x 0 y 0
 Wall clock 245.387
 Average time per cell 7.53685e-09
  Step time per cell    7.4129e-09
 Step 139 time 0.0500976 control sound timestep  0.000366291 1,1 x 0 y 0
 Wall clock 247.174
 Average time per cell 7.53712e-09
  Step time per cell    7.57346e-09
 Step 140 time 0.0504639 control sound timestep  0.000366292 1,1 x 0 y 0
 Wall clock 249.037
 Average time per cell 7.5397e-09
  Step time per cell    7.89771e-09
 Step 141 time 0.0508302 control sound timestep  0.000366288 1,1 x 0 y 0
 Wall clock 250.821
 Average time per cell 7.53983e-09
  Step time per cell    7.55927e-09
 Step 142 time 0.0511965 control sound timestep  0.000366292 1,1 x 0 y 0
 Wall clock 252.575
 Average time per cell 7.5391e-09
  Step time per cell    7.43496e-09
 Step 143 time 0.0515627 control sound timestep  0.000366301 1,1 x 0 y 0
 Wall clock 254.364
 Average time per cell 7.53942e-09
  Step time per cell    7.58439e-09
 Step 144 time 0.051929 control sound timestep  0.000366308 1,1 x 0 y 0
 Wall clock 256.13
 Average time per cell 7.53904e-09
  Step time per cell    7.48526e-09
 Step 145 time 0.0522954 control sound timestep  0.000366316 1,1 x 0 y 0
 Wall clock 257.895
 Average time per cell 7.53864e-09
  Step time per cell    7.48092e-09
 Step 146 time 0.0526617 control sound timestep  0.000366324 1,1 x 0 y 0
 Wall clock 259.647
 Average time per cell 7.53786e-09
  Step time per cell    7.42452e-09
 Step 147 time 0.053028 control sound timestep  0.000366336 1,1 x 0 y 0
 Wall clock 261.44
 Average time per cell 7.53827e-09
  Step time per cell    7.59797e-09
 Step 148 time 0.0533943 control sound timestep  0.000366353 1,1 x 0 y 0
 Wall clock 263.206
 Average time per cell 7.53792e-09
  Step time per cell    7.4855e-09
 Step 149 time 0.0537607 control sound timestep  0.000366368 1,1 x 0 y 0
 Wall clock 264.972
 Average time per cell 7.53756e-09
  Step time per cell    7.48474e-09
 Step 150 time 0.0541271 control sound timestep  0.000366382 1,1 x 0 y 0
 Wall clock 266.86
 Average time per cell 7.54065e-09
  Step time per cell    8.00092e-09
 Step 151 time 0.0544934 control sound timestep  0.000366399 1,1 x 0 y 0
 Wall clock 268.643
 Average time per cell 7.54079e-09
  Step time per cell    7.56102e-09
 Step 152 time 0.0548598 control sound timestep  0.000366421 1,1 x 0 y 0
 Wall clock 270.403
 Average time per cell 7.54024e-09
  Step time per cell    7.45618e-09
 Step 153 time 0.0552263 control sound timestep  0.000366444 1,1 x 0 y 0
 Wall clock 272.165
 Average time per cell 7.53978e-09
  Step time per cell    7.47108e-09
 Step 154 time 0.0555927 control sound timestep  0.000366446 1,1 x 0 y 0
 Wall clock 273.921
 Average time per cell 7.53914e-09
  Step time per cell    7.43985e-09
 Step 155 time 0.0559591 control sound timestep  0.000366445 1,1 x 0 y 0
 Wall clock 275.711
 Average time per cell 7.53946e-09
  Step time per cell    7.58809e-09
 Step 156 time 0.0563256 control sound timestep  0.000366445 1,1 x 0 y 0
 Wall clock 277.475
 Average time per cell 7.53906e-09
  Step time per cell    7.47739e-09
 Step 157 time 0.056692 control sound timestep  0.000366452 1,1 x 0 y 0
 Wall clock 279.247
 Average time per cell 7.53886e-09
  Step time per cell    7.50817e-09
 Step 158 time 0.0570585 control sound timestep  0.000366459 1,1 x 0 y 0
 Wall clock 281.006
 Average time per cell 7.53834e-09
  Step time per cell    7.4555e-09
 Step 159 time 0.0574249 control sound timestep  0.000366466 1,1 x 0 y 0
 Wall clock 282.811
 Average time per cell 7.53904e-09
  Step time per cell    7.64973e-09
 Step 160 time 0.0577914 control sound timestep  0.000366473 1,1 x 0 y 0
 Wall clock 284.724
 Average time per cell 7.54261e-09
  Step time per cell    8.10952e-09
 Step 161 time 0.0581579 control sound timestep  0.000366482 1,1 x 0 y 0
 Wall clock 286.514
 Average time per cell 7.54289e-09
  Step time per cell    7.58867e-09
 Step 162 time 0.0585244 control sound timestep  0.000366498 1,1 x 0 y 0
 Wall clock 288.287
 Average time per cell 7.54271e-09
  Step time per cell    7.51225e-09
 Step 163 time 0.0588909 control sound timestep  0.000366512 1,1 x 0 y 0
 Wall clock 290.048
 Average time per cell 7.54223e-09
  Step time per cell    7.46466e-09
 Step 164 time 0.0592574 control sound timestep  0.000366525 1,1 x 0 y 0
 Wall clock 291.809
 Average time per cell 7.54175e-09
  Step time per cell    7.46281e-09
 Step 165 time 0.0596239 control sound timestep  0.000366539 1,1 x 0 y 0
 Wall clock 293.594
 Average time per cell 7.54189e-09
  Step time per cell    7.56559e-09
 Step 166 time 0.0599904 control sound timestep  0.000366558 1,1 x 0 y 0
 Wall clock 295.34
 Average time per cell 7.54104e-09
  Step time per cell    7.40091e-09
 Step 167 time 0.060357 control sound timestep  0.00036658 1,1 x 0 y 0
 Wall clock 297.129
 Average time per cell 7.5413e-09
  Step time per cell    7.58408e-09
 Step 168 time 0.0607236 control sound timestep  0.000366586 1,1 x 0 y 0
 Wall clock 298.903
 Average time per cell 7.54118e-09
  Step time per cell    7.51976e-09
 Step 169 time 0.0610902 control sound timestep  0.000366586 1,1 x 0 y 0
 Wall clock 300.67
 Average time per cell 7.54087e-09
  Step time per cell    7.48908e-09
 Step 170 time 0.0614568 control sound timestep  0.000366585 1,1 x 0 y 0
 Wall clock 302.561
 Average time per cell 7.54365e-09
  Step time per cell    8.01323e-09
 Step 171 time 0.0618233 control sound timestep  0.00036659 1,1 x 0 y 0
 Wall clock 304.353
 Average time per cell 7.54394e-09
  Step time per cell    7.59381e-09
 Step 172 time 0.0621899 control sound timestep  0.000366597 1,1 x 0 y 0
 Wall clock 306.112
 Average time per cell 7.54343e-09
  Step time per cell    7.45528e-09
 Step 173 time 0.0625565 control sound timestep  0.000366603 1,1 x 0 y 0
 Wall clock 307.902
 Average time per cell 7.54368e-09
  Step time per cell    7.58713e-09
 Step 174 time 0.0629231 control sound timestep  0.000366609 1,1 x 0 y 0
 Wall clock 309.668
 Average time per cell 7.54336e-09
  Step time per cell    7.48656e-09
 Step 175 time 0.0632897 control sound timestep  0.000366616 1,1 x 0 y 0
 Wall clock 311.455
 Average time per cell 7.54352e-09
  Step time per cell    7.57182e-09
 Step 176 time 0.0636564 control sound timestep  0.000366631 1,1 x 0 y 0
 Wall clock 313.206
 Average time per cell 7.54285e-09
  Step time per cell    7.42513e-09
 Step 177 time 0.064023 control sound timestep  0.000366644 1,1 x 0 y 0
 Wall clock 315
 Average time per cell 7.54319e-09
  Step time per cell    7.60198e-09
 Step 178 time 0.0643896 control sound timestep  0.000366656 1,1 x 0 y 0
 Wall clock 316.758
 Average time per cell 7.54267e-09
  Step time per cell    7.45161e-09
 Step 179 time 0.0647563 control sound timestep  0.000366668 1,1 x 0 y 0
 Wall clock 318.527
 Average time per cell 7.54242e-09
  Step time per cell    7.49769e-09
 Step 180 time 0.065123 control sound timestep  0.000366685 1,1 x 0 y 0
 Wall clock 320.431
 Average time per cell 7.54536e-09
  Step time per cell    8.07003e-09
 Step 181 time 0.0654896 control sound timestep  0.000366704 1,1 x 0 y 0
 Wall clock 322.223
 Average time per cell 7.54563e-09
  Step time per cell    7.59442e-09
 Step 182 time 0.0658563 control sound timestep  0.000366715 1,1 x 0 y 0
 Wall clock 323.976
 Average time per cell 7.545e-09
  Step time per cell    7.43179e-09
 Step 183 time 0.0662231 control sound timestep  0.000366716 1,1 x 0 y 0
 Wall clock 325.754
 Average time per cell 7.54495e-09
  Step time per cell    7.53535e-09
 Step 184 time 0.0665898 control sound timestep  0.000366713 1,1 x 0 y 0
 Wall clock 327.512
 Average time per cell 7.54444e-09
  Step time per cell    7.45088e-09
 Step 185 time 0.0669565 control sound timestep  0.000366717 1,1 x 0 y 0
 Wall clock 329.309
 Average time per cell 7.54484e-09
  Step time per cell    7.61739e-09
 Step 186 time 0.0673232 control sound timestep  0.000366724 1,1 x 0 y 0
 Wall clock 331.05
 Average time per cell 7.54394e-09
  Step time per cell    7.37664e-09
 Step 187 time 0.0676899 control sound timestep  0.000366729 1,1 x 0 y 0
 Wall clock 332.821
 Average time per cell 7.54374e-09
  Step time per cell    7.50692e-09
 Step 188 time 0.0680567 control sound timestep  0.000366735 1,1 x 0 y 0
 Wall clock 334.574
 Average time per cell 7.54313e-09
  Step time per cell    7.42831e-09
 Step 189 time 0.0684234 control sound timestep  0.000366742 1,1 x 0 y 0
 Wall clock 336.371
 Average time per cell 7.54352e-09
  Step time per cell    7.61693e-09
 Step 190 time 0.0687901 control sound timestep  0.000366754 1,1 x 0 y 0
 Wall clock 338.289
 Average time per cell 7.54662e-09
  Step time per cell    8.13221e-09
 Step 191 time 0.0691569 control sound timestep  0.000366766 1,1 x 0 y 0
 Wall clock 340.086
 Average time per cell 7.54697e-09
  Step time per cell    7.61372e-09
 Step 192 time 0.0695237 control sound timestep  0.000366777 1,1 x 0 y 0
 Wall clock 341.85
 Average time per cell 7.54661e-09
  Step time per cell    7.47688e-09
 Step 193 time 0.0698904 control sound timestep  0.000366789 1,1 x 0 y 0
 Wall clock 343.647
 Average time per cell 7.54697e-09
  Step time per cell    7.61635e-09
 Step 194 time 0.0702572 control sound timestep  0.000366803 1,1 x 0 y 0
 Wall clock 345.422
 Average time per cell 7.54686e-09
  Step time per cell    7.52472e-09
 Step 195 time 0.070624 control sound timestep  0.000366821 1,1 x 0 y 0
 Wall clock 347.2
 Average time per cell 7.54679e-09
  Step time per cell    7.53331e-09
 Step 196 time 0.0709908 control sound timestep  0.000366835 1,1 x 0 y 0
 Wall clock 348.956
 Average time per cell 7.54627e-09
  Step time per cell    7.44481e-09
 Step 197 time 0.0713577 control sound timestep  0.000366836 1,1 x 0 y 0
 Wall clock 350.753
 Average time per cell 7.54661e-09
  Step time per cell    7.61431e-09
 Step 198 time 0.0717245 control sound timestep  0.000366833 1,1 x 0 y 0
 Wall clock 352.522
 Average time per cell 7.54638e-09
  Step time per cell    7.5007e-09
 Step 199 time 0.0720913 control sound timestep  0.000366836 1,1 x 0 y 0
 Wall clock 354.301
 Average time per cell 7.54635e-09
  Step time per cell    7.54002e-09
 Step 200 time 0.0724582 control sound timestep  0.000366842 1,1 x 0 y 0
 Wall clock 356.203
 Average time per cell 7.54892e-09
  Step time per cell    8.06026e-09
 Step 201 time 0.072825 control sound timestep  0.000366847 1,1 x 0 y 0
 Wall clock 357.99
 Average time per cell 7.54906e-09
  Step time per cell    7.57648e-09
 Step 202 time 0.0731919 control sound timestep  0.000366853 1,1 x 0 y 0
 Wall clock 359.765
 Average time per cell 7.54892e-09
  Step time per cell    7.51938e-09
 Step 203 time 0.0735587 control sound timestep  0.000366859 1,1 x 0 y 0
 Wall clock 361.563
 Average time per cell 7.54927e-09
  Step time per cell    7.62124e-09
 Step 204 time 0.0739256 control sound timestep  0.000366869 1,1 x 0 y 0
 Wall clock 363.341
 Average time per cell 7.54921e-09
  Step time per cell    7.53586e-09
 Step 205 time 0.0742925 control sound timestep  0.000366881 1,1 x 0 y 0
 Wall clock 365.13
 Average time per cell 7.54939e-09
  Step time per cell    7.58519e-09
 Step 206 time 0.0746593 control sound timestep  0.000366892 1,1 x 0 y 0
 Wall clock 366.889
 Average time per cell 7.54893e-09
  Step time per cell    7.4559e-09
 Step 207 time 0.0750262 control sound timestep  0.000366902 1,1 x 0 y 0
 Wall clock 368.669
 Average time per cell 7.54891e-09
  Step time per cell    7.54344e-09
 Step 208 time 0.0753931 control sound timestep  0.000366915 1,1 x 0 y 0
 Wall clock 370.425
 Average time per cell 7.54839e-09
  Step time per cell    7.44134e-09
 Step 209 time 0.07576 control sound timestep  0.000366932 1,1 x 0 y 0
 Wall clock 372.231
 Average time per cell 7.5489e-09
  Step time per cell    7.65327e-09
 Step 210 time 0.076127 control sound timestep  0.000366947 1,1 x 0 y 0
 Wall clock 374.147
 Average time per cell 7.55164e-09
  Step time per cell    8.12422e-09
 Step 211 time 0.0764939 control sound timestep  0.000366948 1,1 x 0 y 0
 Wall clock 375.948
 Average time per cell 7.55202e-09
  Step time per cell    7.63294e-09
 Step 212 time 0.0768609 control sound timestep  0.000366945 1,1 x 0 y 0
 Wall clock 377.724
 Average time per cell 7.55191e-09
  Step time per cell    7.52777e-09
 Step 213 time 0.0772278 control sound timestep  0.000366947 1,1 x 0 y 0
 Wall clock 379.511
 Average time per cell 7.552e-09
  Step time per cell    7.5717e-09
 Step 214 time 0.0775948 control sound timestep  0.000366952 1,1 x 0 y 0
 Wall clock 381.266
 Average time per cell 7.55148e-09
  Step time per cell    7.44033e-09
 Step 215 time 0.0779617 control sound timestep  0.000366958 1,1 x 0 y 0
 Wall clock 383.055
 Average time per cell 7.55162e-09
  Step time per cell    7.58032e-09
 Step 216 time 0.0783287 control sound timestep  0.000366963 1,1 x 0 y 0
 Wall clock 384.813
 Average time per cell 7.55115e-09
  Step time per cell    7.45133e-09
 Step 217 time 0.0786956 control sound timestep  0.000366968 1,1 x 0 y 0
 Wall clock 386.616
 Average time per cell 7.55157e-09
  Step time per cell    7.64159e-09
 Step 218 time 0.0790626 control sound timestep  0.000366977 1,1 x 0 y 0
 Wall clock 388.399
 Average time per cell 7.5516e-09
  Step time per cell    7.55659e-09
 Step 219 time 0.0794296 control sound timestep  0.000366989 1,1 x 0 y 0
 Wall clock 390.208
 Average time per cell 7.55212e-09
  Step time per cell    7.66665e-09
 Step 220 time 0.0797966 control sound timestep  0.000366999 1,1 x 0 y 0
 Wall clock 392.114
 Average time per cell 7.55452e-09
  Step time per cell    8.08005e-09
 Step 221 time 0.0801636 control sound timestep  0.000367009 1,1 x 0 y 0
 Wall clock 393.908
 Average time per cell 7.55475e-09
  Step time per cell    7.60363e-09
 Step 222 time 0.0805306 control sound timestep  0.000367021 1,1 x 0 y 0
 Wall clock 395.669
 Average time per cell 7.55435e-09
  Step time per cell    7.46607e-09
 Step 223 time 0.0808976 control sound timestep  0.000367036 1,1 x 0 y 0
 Wall clock 397.459
 Average time per cell 7.55448e-09
  Step time per cell    7.5838e-09
 Step 224 time 0.0812646 control sound timestep  0.000367052 1,1 x 0 y 0
 Wall clock 399.222
 Average time per cell 7.55412e-09
  Step time per cell    7.47326e-09
 Step 225 time 0.0816317 control sound timestep  0.000367052 1,1 x 0 y 0
 Wall clock 401.023
 Average time per cell 7.55448e-09
  Step time per cell    7.6358e-09
 Step 226 time 0.0819987 control sound timestep  0.00036705 1,1 x 0 y 0
 Wall clock 402.809
 Average time per cell 7.55454e-09
  Step time per cell    7.5672e-09
 Step 227 time 0.0823658 control sound timestep  0.000367051 1,1 x 0 y 0
 Wall clock 404.588
 Average time per cell 7.55447e-09
  Step time per cell    7.53873e-09
 Step 228 time 0.0827328 control sound timestep  0.000367056 1,1 x 0 y 0
 Wall clock 406.351
 Average time per cell 7.55412e-09
  Step time per cell    7.47441e-09
 Step 229 time 0.0830999 control sound timestep  0.000367062 1,1 x 0 y 0
 Wall clock 408.16
 Average time per cell 7.55462e-09
  Step time per cell    7.66851e-09
 Step 230 time 0.083467 control sound timestep  0.000367066 1,1 x 0 y 0
 Wall clock 410.059
 Average time per cell 7.55677e-09
  Step time per cell    8.04708e-09
 Step 231 time 0.083834 control sound timestep  0.000367071 1,1 x 0 y 0
 Wall clock 411.847
 Average time per cell 7.55686e-09
  Step time per cell    7.5776e-09
 Step 232 time 0.0842011 control sound timestep  0.000367079 1,1 x 0 y 0
 Wall clock 413.616
 Average time per cell 7.55662e-09
  Step time per cell    7.50093e-09
 Step 233 time 0.0845682 control sound timestep  0.000367091 1,1 x 0 y 0
 Wall clock 415.428
 Average time per cell 7.55714e-09
  Step time per cell    7.67778e-09
 Step 234 time 0.0849353 control sound timestep  0.0003671 1,1 x 0 y 0
 Wall clock 417.214
 Average time per cell 7.5572e-09
  Step time per cell    7.57092e-09
 Step 235 time 0.0853024 control sound timestep  0.00036711 1,1 x 0 y 0
 Wall clock 419.012
 Average time per cell 7.55746e-09
  Step time per cell    7.6182e-09
 Step 236 time 0.0856695 control sound timestep  0.000367121 1,1 x 0 y 0
 Wall clock 420.77
 Average time per cell 7.55702e-09
  Step time per cell    7.45343e-09
 Step 237 time 0.0860366 control sound timestep  0.000367135 1,1 x 0 y 0
 Wall clock 422.559
 Average time per cell 7.55713e-09
  Step time per cell    7.58198e-09
 Step 238 time 0.0864037 control sound timestep  0.000367151 1,1 x 0 y 0
 Wall clock 424.321
 Average time per cell 7.55675e-09
  Step time per cell    7.46645e-09
 Step 239 time 0.0867709 control sound timestep  0.000367151 1,1 x 0 y 0
 Wall clock 426.114
 Average time per cell 7.55694e-09
  Step time per cell    7.60197e-09
 Step 240 time 0.087138 control sound timestep  0.00036715 1,1 x 0 y 0
 Wall clock 428.017
 Average time per cell 7.55906e-09
  Step time per cell    8.06657e-09
 Step 241 time 0.0875052 control sound timestep  0.00036715 1,1 x 0 y 0
 Wall clock 429.831
 Average time per cell 7.55959e-09
  Step time per cell    7.68552e-09
 Step 242 time 0.0878723 control sound timestep  0.000367155 1,1 x 0 y 0
 Wall clock 431.589
 Average time per cell 7.55914e-09
  Step time per cell    7.45177e-09
 Step 243 time 0.0882395 control sound timestep  0.00036716 1,1 x 0 y 0
 Wall clock 433.402
 Average time per cell 7.55965e-09
  Step time per cell    7.68282e-09
 Step 244 time 0.0886066 control sound timestep  0.000367164 1,1 x 0 y 0
 Wall clock 435.181
 Average time per cell 7.55958e-09
  Step time per cell    7.5417e-09
 Step 245 time 0.0889738 control sound timestep  0.000367169 1,1 x 0 y 0
 Wall clock 436.989
 Average time per cell 7.56001e-09
  Step time per cell    7.66463e-09
 Step 246 time 0.089341 control sound timestep  0.000367177 1,1 x 0 y 0
 Wall clock 438.771
 Average time per cell 7.55997e-09
  Step time per cell    7.55115e-09
 Step 247 time 0.0897082 control sound timestep  0.000367187 1,1 x 0 y 0
 Wall clock 440.583
 Average time per cell 7.56045e-09
  Step time per cell    7.67845e-09
 Step 248 time 0.0900753 control sound timestep  0.000367197 1,1 x 0 y 0
 Wall clock 442.365
 Average time per cell 7.56044e-09
  Step time per cell    7.55672e-09
 Step 249 time 0.0904425 control sound timestep  0.000367205 1,1 x 0 y 0
 Wall clock 444.161
 Average time per cell 7.56065e-09
  Step time per cell    7.61111e-09
 Step 250 time 0.0908097 control sound timestep  0.000367216 1,1 x 0 y 0
 Wall clock 446.08
 Average time per cell 7.56294e-09
  Step time per cell    8.13352e-09
 Step 251 time 0.091177 control sound timestep  0.000367229 1,1 x 0 y 0
 Wall clock 447.89
 Average time per cell 7.56337e-09
  Step time per cell    7.67087e-09
 Step 252 time 0.0915442 control sound timestep  0.000367244 1,1 x 0 y 0
 Wall clock 449.67
 Average time per cell 7.5633e-09
  Step time per cell    7.54525e-09
 Step 253 time 0.0919114 control sound timestep  0.000367245 1,1 x 0 y 0
 Wall clock 451.471
 Average time per cell 7.56356e-09
  Step time per cell    7.63033e-09
 Step 254 time 0.0922787 control sound timestep  0.000367243 1,1 x 0 y 0
 Wall clock 453.247
 Average time per cell 7.56342e-09
  Step time per cell    7.52775e-09
 Step 255 time 0.0926459 control sound timestep  0.000367244 1,1 x 0 y 0
 Wall clock 455.057
 Average time per cell 7.56386e-09
  Step time per cell    7.67525e-09
 Step 256 time 0.0930132 control sound timestep  0.000367248 1,1 x 0 y 0
 Wall clock 456.839
 Average time per cell 7.56382e-09
  Step time per cell    7.55166e-09
 Step 257 time 0.0933804 control sound timestep  0.000367253 1,1 x 0 y 0
 Wall clock 458.647
 Average time per cell 7.5642e-09
  Step time per cell    7.66196e-09
 Step 258 time 0.0937477 control sound timestep  0.000367257 1,1 x 0 y 0
 Wall clock 460.411
 Average time per cell 7.56387e-09
  Step time per cell    7.47831e-09
 Step 259 time 0.0941149 control sound timestep  0.000367262 1,1 x 0 y 0
 Wall clock 462.215
 Average time per cell 7.56418e-09
  Step time per cell    7.64432e-09
 Step 260 time 0.0944822 control sound timestep  0.000367269 1,1 x 0 y 0
 Wall clock 464.136
 Average time per cell 7.56641e-09
  Step time per cell    8.14381e-09
 Step 261 time 0.0948495 control sound timestep  0.000367279 1,1 x 0 y 0
 Wall clock 465.953
 Average time per cell 7.56692e-09
  Step time per cell    7.69901e-09
 Step 262 time 0.0952167 control sound timestep  0.000367288 1,1 x 0 y 0
 Wall clock 467.732
 Average time per cell 7.56682e-09
  Step time per cell    7.54248e-09
 Step 263 time 0.095584 control sound timestep  0.000367297 1,1 x 0 y 0
 Wall clock 469.541
 Average time per cell 7.56721e-09
  Step time per cell    7.66711e-09
 Step 264 time 0.0959513 control sound timestep  0.000367307 1,1 x 0 y 0
 Wall clock 471.311
 Average time per cell 7.56696e-09
  Step time per cell    7.50048e-09
 Step 265 time 0.0963186 control sound timestep  0.00036732 1,1 x 0 y 0
 Wall clock 473.119
 Average time per cell 7.56732e-09
  Step time per cell    7.66245e-09
 Step 266 time 0.0966859 control sound timestep  0.000367334 1,1 x 0 y 0
 Wall clock 474.901
 Average time per cell 7.56726e-09
  Step time per cell    7.55233e-09
 Step 267 time 0.0970533 control sound timestep  0.000367334 1,1 x 0 y 0
 Wall clock 476.707
 Average time per cell 7.56759e-09
  Step time per cell    7.65458e-09
 Step 268 time 0.0974206 control sound timestep  0.000367332 1,1 x 0 y 0
 Wall clock 478.476
 Average time per cell 7.56734e-09
  Step time per cell    7.50073e-09
 Step 269 time 0.0977879 control sound timestep  0.000367333 1,1 x 0 y 0
 Wall clock 480.287
 Average time per cell 7.56773e-09
  Step time per cell    7.67218e-09
 Step 270 time 0.0981553 control sound timestep  0.000367338 1,1 x 0 y 0
 Wall clock 482.202
 Average time per cell 7.56978e-09
  Step time per cell    8.11973e-09
 Step 271 time 0.0985226 control sound timestep  0.000367342 1,1 x 0 y 0
 Wall clock 484.015
 Average time per cell 7.5702e-09
  Step time per cell    7.6836e-09
 Step 272 time 0.09889 control sound timestep  0.000367346 1,1 x 0 y 0
 Wall clock 485.79
 Average time per cell 7.57002e-09
  Step time per cell    7.52142e-09
 Step 273 time 0.0992573 control sound timestep  0.00036735 1,1 x 0 y 0
 Wall clock 487.602
 Average time per cell 7.57042e-09
  Step time per cell    7.67992e-09
 Step 274 time 0.0996247 control sound timestep  0.000367358 1,1 x 0 y 0
 Wall clock 489.374
 Average time per cell 7.57021e-09
  Step time per cell    7.51204e-09
 Step 275 time 0.099992 control sound timestep  0.000367367 1,1 x 0 y 0
 Wall clock 491.178
 Average time per cell 7.57049e-09
  Step time per cell    7.64686e-09
 Step 276 time 0.100359 control sound timestep  0.000367376 1,1 x 0 y 0
 Wall clock 492.96
 Average time per cell 7.57042e-09
  Step time per cell    7.552e-09
 Step 277 time 0.100727 control sound timestep  0.000367384 1,1 x 0 y 0
 Wall clock 494.765
 Average time per cell 7.57072e-09
  Step time per cell    7.65099e-09
 Step 278 time 0.101094 control sound timestep  0.000367394 1,1 x 0 y 0
 Wall clock 496.552
 Average time per cell 7.57072e-09
  Step time per cell    7.57259e-09
 Step 279 time 0.101462 control sound timestep  0.000367406 1,1 x 0 y 0
 Wall clock 498.361
 Average time per cell 7.57107e-09
  Step time per cell    7.66601e-09
 Step 280 time 0.101829 control sound timestep  0.000367419 1,1 x 0 y 0
 Wall clock 500.289
 Average time per cell 7.57322e-09
  Step time per cell    8.17268e-09
 Step 281 time 0.102196 control sound timestep  0.000367419 1,1 x 0 y 0
 Wall clock 502.095
 Average time per cell 7.5735e-09
  Step time per cell    7.65429e-09
 Step 282 time 0.102564 control sound timestep  0.000367417 1,1 x 0 y 0
 Wall clock 503.878
 Average time per cell 7.57346e-09
  Step time per cell    7.56044e-09
 Step 283 time 0.102931 control sound timestep  0.000367418 1,1 x 0 y 0
 Wall clock 505.687
 Average time per cell 7.57378e-09
  Step time per cell    7.66493e-09
 Step 284 time 0.103299 control sound timestep  0.000367423 1,1 x 0 y 0
 Wall clock 507.467
 Average time per cell 7.57369e-09
  Step time per cell    7.54558e-09
 Step 285 time 0.103666 control sound timestep  0.000367427 1,1 x 0 y 0
 Wall clock 509.281
 Average time per cell 7.57408e-09
  Step time per cell    7.6872e-09
 Step 286 time 0.104033 control sound timestep  0.000367431 1,1 x 0 y 0
 Wall clock 511.069
 Average time per cell 7.5741e-09
  Step time per cell    7.57719e-09
 Step 287 time 0.104401 control sound timestep  0.000367435 1,1 x 0 y 0
 Wall clock 512.879
 Average time per cell 7.57444e-09
  Step time per cell    7.67334e-09
 Step 288 time 0.104768 control sound timestep  0.000367442 1,1 x 0 y 0
 Wall clock 514.664
 Average time per cell 7.57442e-09
  Step time per cell    7.56624e-09
 Step 289 time 0.105136 control sound timestep  0.000367452 1,1 x 0 y 0
 Wall clock 516.473
 Average time per cell 7.57474e-09
  Step time per cell    7.6672e-09
 Step 290 time 0.105503 control sound timestep  0.00036746 1,1 x 0 y 0
 Wall clock 518.405
 Average time per cell 7.57685e-09
  Step time per cell    8.18731e-09
 Step 291 time 0.105871 control sound timestep  0.000367468 1,1 x 0 y 0
 Wall clock 520.201
 Average time per cell 7.57698e-09
  Step time per cell    7.61456e-09
 Step 292 time 0.106238 control sound timestep  0.000367477 1,1 x 0 y 0
 Wall clock 521.976
 Average time per cell 7.57679e-09
  Step time per cell    7.52249e-09
 Step 293 time 0.106606 control sound timestep  0.00036749 1,1 x 0 y 0
 Wall clock 523.791
 Average time per cell 7.57718e-09
  Step time per cell    7.6899e-09
 Step 294 time 0.106973 control sound timestep  0.0003675 1,1 x 0 y 0
 Wall clock 525.572
 Average time per cell 7.57709e-09
  Step time per cell    7.54921e-09
 Step 295 time 0.107341 control sound timestep  0.000367501 1,1 x 0 y 0
 Wall clock 527.394
 Average time per cell 7.57758e-09
  Step time per cell    7.72181e-09
 Step 296 time 0.107708 control sound timestep  0.000367498 1,1 x 0 y 0
 Wall clock 529.184
 Average time per cell 7.57762e-09
  Step time per cell    7.5889e-09
 Step 297 time 0.108076 control sound timestep  0.0003675 1,1 x 0 y 0
 Wall clock 531.004
 Average time per cell 7.57807e-09
  Step time per cell    7.71173e-09
 Step 298 time 0.108443 control sound timestep  0.000367504 1,1 x 0 y 0
 Wall clock 532.793
 Average time per cell 7.57809e-09
  Step time per cell    7.58287e-09
 Step 299 time 0.108811 control sound timestep  0.000367508 1,1 x 0 y 0
 Wall clock 534.608
 Average time per cell 7.57847e-09
  Step time per cell    7.69218e-09
 Step 300 time 0.109178 control sound timestep  0.000367512 1,1 x 0 y 0
 Wall clock 536.656
 First step overhead 0
Result:
 - Problem: none
 - Outcome: PASSED
