---
Devices:
 0: Host CPU
CloverLeaf:
 - Ver.:     2.000
 - Deck:     /home/labpc/work/cipp/CloverLeaf/InputDecks/clover_bm256_300.in
 - Out:      clover.out
 - Profiler: deck-specified
MPI:
 - Enabled:     false
 - Total ranks: 1
 - Header device-awareness (CUDA-awareness):  unknown
 - Runtime device-awareness (CUDA-awareness): unknown
 - Host-Device halo exchange staging buffer:  true
Model:
 - Name:      OpenMP (CPU)
 - Execution: Host
# ---- 
Output: |+1
 Output file clover.out opened. All output will go there.
 Args: --file /home/labpc/work/cipp/CloverLeaf/InputDecks/clover_bm256_300.in
 Using input: `/home/labpc/work/cipp/CloverLeaf/InputDecks/clover_bm256_300.in`
 Problem initialised and generated
 Launching hydro
 Step 1 time 0 control sound timestep  0.000385161 1,1 x 0 y 0
 Wall clock 2.8197
 Average time per cell 1.19514e-08
  Step time per cell    1.19514e-08
 Step 2 time 0.000385161 control sound timestep  0.000235099 1,1 x 0 y 0
 Wall clock 5.5974
 Average time per cell 1.18624e-08
  Step time per cell    1.17732e-08
 Step 3 time 0.000620261 control sound timestep  0.000298723 1,1 x 0 y 0
 Wall clock 8.40741
 Average time per cell 1.18784e-08
  Step time per cell    1.19101e-08
 Step 4 time 0.000918984 control sound timestep  0.000314746 1,1 x 0 y 0
 Wall clock 11.1859
 Average time per cell 1.1853e-08
  Step time per cell    1.17765e-08
 Step 5 time 0.00123373 control sound timestep  0.000346361 1,1 x 0 y 0
 Wall clock 14.0002
 Average time per cell 1.18681e-08
  Step time per cell    1.19283e-08
 Step 6 time 0.00158009 control sound timestep  0.00034558 1,1 x 0 y 0
 Wall clock 16.7851
 Average time per cell 1.18574e-08
  Step time per cell    1.18036e-08
 Step 7 time 0.00192567 control sound timestep  0.000352154 1,1 x 0 y 0
 Wall clock 19.5919
 Average time per cell 1.18631e-08
  Step time per cell    1.18967e-08
 Step 8 time 0.00227782 control sound timestep  0.000370384 1,1 x 0 y 0
 Wall clock 22.3742
 Average time per cell 1.18543e-08
  Step time per cell    1.17925e-08
 Step 9 time 0.00264821 control sound timestep  0.000366391 1,1 x 0 y 0
 Wall clock 25.1798
 Average time per cell 1.18585e-08
  Step time per cell    1.18915e-08
 Step 10 time 0.0030146 control sound timestep  0.000363789 1,1 x 0 y 0
 Wall clock 28.214
 Average time per cell 1.19587e-08
  Step time per cell    1.28602e-08
 Step 11 time 0.00337839 control sound timestep  0.000361224 1,1 x 0 y 0
 Wall clock 31.0147
 Average time per cell 1.19507e-08
  Step time per cell    1.18707e-08
 Step 12 time 0.00373961 control sound timestep  0.000359796 1,1 x 0 y 0
 Wall clock 33.7862
 Average time per cell 1.19337e-08
  Step time per cell    1.17468e-08
 Step 13 time 0.00409941 control sound timestep  0.000360678 1,1 x 0 y 0
 Wall clock 36.5942
 Average time per cell 1.19313e-08
  Step time per cell    1.19019e-08
 Step 14 time 0.00446009 control sound timestep  0.000362113 1,1 x 0 y 0
 Wall clock 39.3714
 Average time per cell 1.19198e-08
  Step time per cell    1.17709e-08
 Step 15 time 0.0048222 control sound timestep  0.000362661 1,1 x 0 y 0
 Wall clock 42.1956
 Average time per cell 1.19232e-08
  Step time per cell    1.19702e-08
 Step 16 time 0.00518486 control sound timestep  0.000362812 1,1 x 0 y 0
 Wall clock 44.9807
 Average time per cell 1.19158e-08
  Step time per cell    1.18048e-08
 Step 17 time 0.00554767 control sound timestep  0.000362988 1,1 x 0 y 0
 Wall clock 47.8081
 Average time per cell 1.19198e-08
  Step time per cell    1.19836e-08
 Step 18 time 0.00591066 control sound timestep  0.000363082 1,1 x 0 y 0
 Wall clock 50.5783
 Average time per cell 1.19099e-08
  Step time per cell    1.17415e-08
 Step 19 time 0.00627374 control sound timestep  0.000363112 1,1 x 0 y 0
 Wall clock 53.4008
 Average time per cell 1.19127e-08
  Step time per cell    1.1963e-08
 Step 20 time 0.00663686 control sound timestep  0.00036317 1,1 x 0 y 0
 Wall clock 56.4561
 Average time per cell 1.19646e-08
  Step time per cell    1.29498e-08
 Step 21 time 0.00700003 control sound timestep  0.000363365 1,1 x 0 y 0
 Wall clock 59.252
 Average time per cell 1.19592e-08
  Step time per cell    1.18504e-08
 Step 22 time 0.00736339 control sound timestep  0.00036347 1,1 x 0 y 0
 Wall clock 62.0195
 Average time per cell 1.19488e-08
  Step time per cell    1.17297e-08
 Step 23 time 0.00772686 control sound timestep  0.000363513 1,1 x 0 y 0
 Wall clock 64.825
 Average time per cell 1.19463e-08
  Step time per cell    1.18912e-08
 Step 24 time 0.00809037 control sound timestep  0.000363629 1,1 x 0 y 0
 Wall clock 67.5959
 Average time per cell 1.19379e-08
  Step time per cell    1.17445e-08
 Step 25 time 0.008454 control sound timestep  0.000363732 1,1 x 0 y 0
 Wall clock 70.4014
 Average time per cell 1.1936e-08
  Step time per cell    1.1891e-08
 Step 26 time 0.00881773 control sound timestep  0.000363825 1,1 x 0 y 0
 Wall clock 73.1749
 Average time per cell 1.19291e-08
  Step time per cell    1.17554e-08
 Step 27 time 0.00918156 control sound timestep  0.000363914 1,1 x 0 y 0
 Wall clock 75.9775
 Average time per cell 1.19272e-08
  Step time per cell    1.18789e-08
 Step 28 time 0.00954547 control sound timestep  0.000363943 1,1 x 0 y 0
 Wall clock 78.7587
 Average time per cell 1.19223e-08
  Step time per cell    1.17885e-08
 Step 29 time 0.00990942 control sound timestep  0.000363973 1,1 x 0 y 0
 Wall clock 81.5652
 Average time per cell 1.19213e-08
  Step time per cell    1.1895e-08
 Step 30 time 0.0102734 control sound timestep  0.000363988 1,1 x 0 y 0
 Wall clock 84.6077
 Average time per cell 1.19538e-08
  Step time per cell    1.28958e-08
 Step 31 time 0.0106374 control sound timestep  0.000364002 1,1 x 0 y 0
 Wall clock 87.4344
 Average time per cell 1.19547e-08
  Step time per cell    1.19809e-08
 Step 32 time 0.0110014 control sound timestep  0.000364043 1,1 x 0 y 0
 Wall clock 90.2019
 Average time per cell 1.19477e-08
  Step time per cell    1.17301e-08
 Step 33 time 0.0113654 control sound timestep  0.000364085 1,1 x 0 y 0
 Wall clock 93.0248
 Average time per cell 1.19482e-08
  Step time per cell    1.19651e-08
 Step 34 time 0.0117295 control sound timestep  0.000364133 1,1 x 0 y 0
 Wall clock 95.812
 Average time per cell 1.19442e-08
  Step time per cell    1.18134e-08
 Step 35 time 0.0120936 control sound timestep  0.000364198 1,1 x 0 y 0
 Wall clock 98.6348
 Average time per cell 1.19448e-08
  Step time per cell    1.19646e-08
 Step 36 time 0.0124578 control sound timestep  0.000364259 1,1 x 0 y 0
 Wall clock 101.419
 Average time per cell 1.19408e-08
  Step time per cell    1.18002e-08
 Step 37 time 0.0128221 control sound timestep  0.000364318 1,1 x 0 y 0
 Wall clock 104.231
 Average time per cell 1.19402e-08
  Step time per cell    1.19197e-08
 Step 38 time 0.0131864 control sound timestep  0.000364383 1,1 x 0 y 0
 Wall clock 107.003
 Average time per cell 1.19352e-08
  Step time per cell    1.17474e-08
 Step 39 time 0.0135508 control sound timestep  0.000364422 1,1 x 0 y 0
 Wall clock 109.801
 Average time per cell 1.19333e-08
  Step time per cell    1.1861e-08
 Step 40 time 0.0139152 control sound timestep  0.000364431 1,1 x 0 y 0
 Wall clock 112.849
 Average time per cell 1.1958e-08
  Step time per cell    1.29207e-08
 Step 41 time 0.0142797 control sound timestep  0.000364435 1,1 x 0 y 0
 Wall clock 115.665
 Average time per cell 1.19574e-08
  Step time per cell    1.19336e-08
 Step 42 time 0.0146441 control sound timestep  0.000364445 1,1 x 0 y 0
 Wall clock 118.435
 Average time per cell 1.19522e-08
  Step time per cell    1.17418e-08
 Step 43 time 0.0150085 control sound timestep  0.000364471 1,1 x 0 y 0
 Wall clock 121.268
 Average time per cell 1.19535e-08
  Step time per cell    1.20077e-08
 Step 44 time 0.015373 control sound timestep  0.000364495 1,1 x 0 y 0
 Wall clock 124.041
 Average time per cell 1.19489e-08
  Step time per cell    1.1751e-08
 Step 45 time 0.0157375 control sound timestep  0.000364518 1,1 x 0 y 0
 Wall clock 126.867
 Average time per cell 1.19496e-08
  Step time per cell    1.198e-08
 Step 46 time 0.016102 control sound timestep  0.000364543 1,1 x 0 y 0
 Wall clock 129.648
 Average time per cell 1.19461e-08
  Step time per cell    1.17889e-08
 Step 47 time 0.0164666 control sound timestep  0.000364585 1,1 x 0 y 0
 Wall clock 132.455
 Average time per cell 1.1945e-08
  Step time per cell    1.18936e-08
 Step 48 time 0.0168311 control sound timestep  0.000364628 1,1 x 0 y 0
 Wall clock 135.242
 Average time per cell 1.19423e-08
  Step time per cell    1.18162e-08
 Step 49 time 0.0171958 control sound timestep  0.000364667 1,1 x 0 y 0
 Wall clock 138.054
 Average time per cell 1.19418e-08
  Step time per cell    1.19172e-08
 Step 50 time 0.0175604 control sound timestep  0.000364708 1,1 x 0 y 0
 Wall clock 141.095
 Average time per cell 1.19607e-08
  Step time per cell    1.28875e-08
 Step 51 time 0.0179251 control sound timestep  0.000364758 1,1 x 0 y 0
 Wall clock 143.924
 Average time per cell 1.19614e-08
  Step time per cell    1.19926e-08
 Step 52 time 0.0182899 control sound timestep  0.000364817 1,1 x 0 y 0
 Wall clock 146.701
 Average time per cell 1.19577e-08
  Step time per cell    1.17702e-08
 Step 53 time 0.0186547 control sound timestep  0.000364826 1,1 x 0 y 0
 Wall clock 149.524
 Average time per cell 1.19578e-08
  Step time per cell    1.19661e-08
 Step 54 time 0.0190195 control sound timestep  0.00036483 1,1 x 0 y 0
 Wall clock 152.308
 Average time per cell 1.19549e-08
  Step time per cell    1.17996e-08
 Step 55 time 0.0193844 control sound timestep  0.000364831 1,1 x 0 y 0
 Wall clock 155.115
 Average time per cell 1.19539e-08
  Step time per cell    1.18991e-08
 Step 56 time 0.0197492 control sound timestep  0.000364846 1,1 x 0 y 0
 Wall clock 157.897
 Average time per cell 1.1951e-08
  Step time per cell    1.17907e-08
 Step 57 time 0.0201141 control sound timestep  0.000364866 1,1 x 0 y 0
 Wall clock 160.702
 Average time per cell 1.19499e-08
  Step time per cell    1.18863e-08
 Step 58 time 0.0204789 control sound timestep  0.000364884 1,1 x 0 y 0
 Wall clock 163.488
 Average time per cell 1.19475e-08
  Step time per cell    1.18109e-08
 Step 59 time 0.0208438 control sound timestep  0.000364902 1,1 x 0 y 0
 Wall clock 166.306
 Average time per cell 1.19474e-08
  Step time per cell    1.19423e-08
 Step 60 time 0.0212087 control sound timestep  0.000364922 1,1 x 0 y 0
 Wall clock 169.353
 Average time per cell 1.19635e-08
  Step time per cell    1.29167e-08
 Step 61 time 0.0215736 control sound timestep  0.000364956 1,1 x 0 y 0
 Wall clock 172.177
 Average time per cell 1.19637e-08
  Step time per cell    1.19701e-08
 Step 62 time 0.0219386 control sound timestep  0.000364991 1,1 x 0 y 0
 Wall clock 174.96
 Average time per cell 1.19609e-08
  Step time per cell    1.17941e-08
 Step 63 time 0.0223036 control sound timestep  0.000365022 1,1 x 0 y 0
 Wall clock 177.787
 Average time per cell 1.19613e-08
  Step time per cell    1.19827e-08
 Step 64 time 0.0226686 control sound timestep  0.000365056 1,1 x 0 y 0
 Wall clock 180.567
 Average time per cell 1.19585e-08
  Step time per cell    1.17849e-08
 Step 65 time 0.0230337 control sound timestep  0.000365098 1,1 x 0 y 0
 Wall clock 183.386
 Average time per cell 1.19583e-08
  Step time per cell    1.19473e-08
 Step 66 time 0.0233988 control sound timestep  0.000365146 1,1 x 0 y 0
 Wall clock 186.162
 Average time per cell 1.19554e-08
  Step time per cell    1.17652e-08
 Step 67 time 0.0237639 control sound timestep  0.000365166 1,1 x 0 y 0
 Wall clock 188.974
 Average time per cell 1.19549e-08
  Step time per cell    1.19204e-08
 Step 68 time 0.0241291 control sound timestep  0.000365169 1,1 x 0 y 0
 Wall clock 191.767
 Average time per cell 1.19531e-08
  Step time per cell    1.18344e-08
 Step 69 time 0.0244942 control sound timestep  0.000365167 1,1 x 0 y 0
 Wall clock 194.569
 Average time per cell 1.19521e-08
  Step time per cell    1.18792e-08
 Step 70 time 0.0248594 control sound timestep  0.000365177 1,1 x 0 y 0
 Wall clock 197.618
 Average time per cell 1.19659e-08
  Step time per cell    1.29229e-08
 Step 71 time 0.0252246 control sound timestep  0.000365194 1,1 x 0 y 0
 Wall clock 200.438
 Average time per cell 1.19658e-08
  Step time per cell    1.1954e-08
 Step 72 time 0.0255898 control sound timestep  0.000365209 1,1 x 0 y 0
 Wall clock 203.217
 Average time per cell 1.19631e-08
  Step time per cell    1.17751e-08
 Step 73 time 0.025955 control sound timestep  0.000365223 1,1 x 0 y 0
 Wall clock 206.042
 Average time per cell 1.19633e-08
  Step time per cell    1.19762e-08
 Step 74 time 0.0263202 control sound timestep  0.000365239 1,1 x 0 y 0
 Wall clock 208.827
 Average time per cell 1.19612e-08
  Step time per cell    1.18058e-08
 Step 75 time 0.0266854 control sound timestep  0.000365263 1,1 x 0 y 0
 Wall clock 211.643
 Average time per cell 1.19608e-08
  Step time per cell    1.19356e-08
 Step 76 time 0.0270507 control sound timestep  0.000365294 1,1 x 0 y 0
 Wall clock 214.427
 Average time per cell 1.19587e-08
  Step time per cell    1.17962e-08
 Step 77 time 0.027416 control sound timestep  0.000365322 1,1 x 0 y 0
 Wall clock 217.229
 Average time per cell 1.19576e-08
  Step time per cell    1.18766e-08
 Step 78 time 0.0277813 control sound timestep  0.000365349 1,1 x 0 y 0
 Wall clock 220.014
 Average time per cell 1.19557e-08
  Step time per cell    1.18067e-08
 Step 79 time 0.0281467 control sound timestep  0.000365381 1,1 x 0 y 0
 Wall clock 222.813
 Average time per cell 1.19545e-08
  Step time per cell    1.18647e-08
 Step 80 time 0.0285121 control sound timestep  0.000365421 1,1 x 0 y 0
 Wall clock 225.864
 Average time per cell 1.19667e-08
  Step time per cell    1.29298e-08
 Step 81 time 0.0288775 control sound timestep  0.000365457 1,1 x 0 y 0
 Wall clock 228.685
 Average time per cell 1.19666e-08
  Step time per cell    1.19568e-08
 Step 82 time 0.0292429 control sound timestep  0.000365459 1,1 x 0 y 0
 Wall clock 231.466
 Average time per cell 1.19644e-08
  Step time per cell    1.17882e-08
 Step 83 time 0.0296084 control sound timestep  0.000365461 1,1 x 0 y 0
 Wall clock 234.293
 Average time per cell 1.19646e-08
  Step time per cell    1.19796e-08
 Step 84 time 0.0299738 control sound timestep  0.000365461 1,1 x 0 y 0
 Wall clock 237.074
 Average time per cell 1.19625e-08
  Step time per cell    1.17872e-08
 Step 85 time 0.0303393 control sound timestep  0.000365475 1,1 x 0 y 0
 Wall clock 239.891
 Average time per cell 1.19622e-08
  Step time per cell    1.19413e-08
 Step 86 time 0.0307048 control sound timestep  0.000365488 1,1 x 0 y 0
 Wall clock 242.677
 Average time per cell 1.19605e-08
  Step time per cell    1.18109e-08
 Step 87 time 0.0310703 control sound timestep  0.0003655 1,1 x 0 y 0
 Wall clock 245.487
 Average time per cell 1.19599e-08
  Step time per cell    1.19066e-08
 Step 88 time 0.0314358 control sound timestep  0.000365513 1,1 x 0 y 0
 Wall clock 248.272
 Average time per cell 1.19581e-08
  Step time per cell    1.18075e-08
 Step 89 time 0.0318013 control sound timestep  0.000365528 1,1 x 0 y 0
 Wall clock 251.102
 Average time per cell 1.19585e-08
  Step time per cell    1.19913e-08
 Step 90 time 0.0321668 control sound timestep  0.000365555 1,1 x 0 y 0
 Wall clock 254.147
 Average time per cell 1.19691e-08
  Step time per cell    1.29097e-08
 Step 91 time 0.0325324 control sound timestep  0.00036558 1,1 x 0 y 0
 Wall clock 256.979
 Average time per cell 1.19694e-08
  Step time per cell    1.20002e-08
 Step 92 time 0.0328979 control sound timestep  0.000365603 1,1 x 0 y 0
 Wall clock 259.764
 Average time per cell 1.19676e-08
  Step time per cell    1.18052e-08
 Step 93 time 0.0332636 control sound timestep  0.000365628 1,1 x 0 y 0
 Wall clock 262.567
 Average time per cell 1.19667e-08
  Step time per cell    1.18793e-08
 Step 94 time 0.0336292 control sound timestep  0.000365659 1,1 x 0 y 0
 Wall clock 265.357
 Average time per cell 1.19652e-08
  Step time per cell    1.18294e-08
 Step 95 time 0.0339948 control sound timestep  0.000365696 1,1 x 0 y 0
 Wall clock 268.159
 Average time per cell 1.19643e-08
  Step time per cell    1.18761e-08
 Step 96 time 0.0343605 control sound timestep  0.000365709 1,1 x 0 y 0
 Wall clock 270.938
 Average time per cell 1.19624e-08
  Step time per cell    1.17779e-08
 Step 97 time 0.0347262 control sound timestep  0.00036571 1,1 x 0 y 0
 Wall clock 273.752
 Average time per cell 1.1962e-08
  Step time per cell    1.19256e-08
 Step 98 time 0.035092 control sound timestep  0.000365708 1,1 x 0 y 0
 Wall clock 276.524
 Average time per cell 1.19598e-08
  Step time per cell    1.17503e-08
 Step 99 time 0.0354577 control sound timestep  0.000365716 1,1 x 0 y 0
 Wall clock 279.33
 Average time per cell 1.19591e-08
  Step time per cell    1.18911e-08
 Step 100 time 0.0358234 control sound timestep  0.000365728 1,1 x 0 y 0
 Wall clock 282.375
 Average time per cell 1.19686e-08
  Step time per cell    1.29063e-08
 Step 101 time 0.0361891 control sound timestep  0.000365739 1,1 x 0 y 0
 Wall clock 285.179
 Average time per cell 1.19678e-08
  Step time per cell    1.18884e-08
 Step 102 time 0.0365548 control sound timestep  0.000365749 1,1 x 0 y 0
 Wall clock 287.956
 Average time per cell 1.19658e-08
  Step time per cell    1.17681e-08
 Step 103 time 0.0369206 control sound timestep  0.000365761 1,1 x 0 y 0
 Wall clock 290.761
 Average time per cell 1.19651e-08
  Step time per cell    1.18899e-08
 Step 104 time 0.0372864 control sound timestep  0.00036578 1,1 x 0 y 0
 Wall clock 293.552
 Average time per cell 1.19638e-08
  Step time per cell    1.18277e-08
 Step 105 time 0.0376521 control sound timestep  0.000365803 1,1 x 0 y 0
 Wall clock 296.373
 Average time per cell 1.19637e-08
  Step time per cell    1.19574e-08
 Step 106 time 0.0380179 control sound timestep  0.000365823 1,1 x 0 y 0
 Wall clock 299.153
 Average time per cell 1.1962e-08
  Step time per cell    1.1783e-08
 Step 107 time 0.0383838 control sound timestep  0.000365844 1,1 x 0 y 0
 Wall clock 301.98
 Average time per cell 1.19622e-08
  Step time per cell    1.19853e-08
 Step 108 time 0.0387496 control sound timestep  0.000365869 1,1 x 0 y 0
 Wall clock 304.763
 Average time per cell 1.19607e-08
  Step time per cell    1.17957e-08
 Step 109 time 0.0391155 control sound timestep  0.000365899 1,1 x 0 y 0
 Wall clock 307.58
 Average time per cell 1.19605e-08
  Step time per cell    1.19369e-08
 Step 110 time 0.0394814 control sound timestep  0.000365927 1,1 x 0 y 0
 Wall clock 310.631
 Average time per cell 1.19693e-08
  Step time per cell    1.29346e-08
 Step 111 time 0.0398473 control sound timestep  0.000365928 1,1 x 0 y 0
 Wall clock 313.456
 Average time per cell 1.19694e-08
  Step time per cell    1.19723e-08
 Step 112 time 0.0402132 control sound timestep  0.000365927 1,1 x 0 y 0
 Wall clock 316.247
 Average time per cell 1.19681e-08
  Step time per cell    1.18291e-08
 Step 113 time 0.0405792 control sound timestep  0.000365929 1,1 x 0 y 0
 Wall clock 319.093
 Average time per cell 1.1969e-08
  Step time per cell    1.20633e-08
 Step 114 time 0.0409451 control sound timestep  0.000365939 1,1 x 0 y 0
 Wall clock 321.896
 Average time per cell 1.19682e-08
  Step time per cell    1.18785e-08
 Step 115 time 0.041311 control sound timestep  0.000365949 1,1 x 0 y 0
 Wall clock 324.741
 Average time per cell 1.1969e-08
  Step time per cell    1.20604e-08
 Step 116 time 0.041677 control sound timestep  0.000365958 1,1 x 0 y 0
 Wall clock 327.542
 Average time per cell 1.19681e-08
  Step time per cell    1.18715e-08
 Step 117 time 0.0420429 control sound timestep  0.000365968 1,1 x 0 y 0
 Wall clock 330.397
 Average time per cell 1.19693e-08
  Step time per cell    1.21009e-08
 Step 118 time 0.0424089 control sound timestep  0.00036598 1,1 x 0 y 0
 Wall clock 333.199
 Average time per cell 1.19685e-08
  Step time per cell    1.18771e-08
 Step 119 time 0.0427749 control sound timestep  0.000366001 1,1 x 0 y 0
 Wall clock 336.041
 Average time per cell 1.19691e-08
  Step time per cell    1.20444e-08
 Step 120 time 0.0431409 control sound timestep  0.00036602 1,1 x 0 y 0
 Wall clock 339.114
 Average time per cell 1.19779e-08
  Step time per cell    1.30266e-08
 Step 121 time 0.0435069 control sound timestep  0.000366037 1,1 x 0 y 0
 Wall clock 341.959
 Average time per cell 1.19786e-08
  Step time per cell    1.20559e-08
 Step 122 time 0.0438729 control sound timestep  0.000366057 1,1 x 0 y 0
 Wall clock 344.762
 Average time per cell 1.19778e-08
  Step time per cell    1.18832e-08
 Step 123 time 0.044239 control sound timestep  0.000366082 1,1 x 0 y 0
 Wall clock 347.607
 Average time per cell 1.19785e-08
  Step time per cell    1.20585e-08
 Step 124 time 0.0446051 control sound timestep  0.000366111 1,1 x 0 y 0
 Wall clock 350.414
 Average time per cell 1.19778e-08
  Step time per cell    1.18955e-08
 Step 125 time 0.0449712 control sound timestep  0.000366119 1,1 x 0 y 0
 Wall clock 353.231
 Average time per cell 1.19775e-08
  Step time per cell    1.1941e-08
 Step 126 time 0.0453373 control sound timestep  0.00036612 1,1 x 0 y 0
 Wall clock 356.011
 Average time per cell 1.1976e-08
  Step time per cell    1.17823e-08
 Step 127 time 0.0457034 control sound timestep  0.000366118 1,1 x 0 y 0
 Wall clock 358.819
 Average time per cell 1.19754e-08
  Step time per cell    1.19001e-08
 Step 128 time 0.0460695 control sound timestep  0.000366125 1,1 x 0 y 0
 Wall clock 361.598
 Average time per cell 1.19738e-08
  Step time per cell    1.17797e-08
 Step 129 time 0.0464357 control sound timestep  0.000366134 1,1 x 0 y 0
 Wall clock 364.424
 Average time per cell 1.19739e-08
  Step time per cell    1.19787e-08
 Step 130 time 0.0468018 control sound timestep  0.000366143 1,1 x 0 y 0
 Wall clock 367.478
 Average time per cell 1.19814e-08
  Step time per cell    1.29451e-08
 Step 131 time 0.0471679 control sound timestep  0.000366151 1,1 x 0 y 0
 Wall clock 370.295
 Average time per cell 1.1981e-08
  Step time per cell    1.19364e-08
 Step 132 time 0.0475341 control sound timestep  0.00036616 1,1 x 0 y 0
 Wall clock 373.069
 Average time per cell 1.19793e-08
  Step time per cell    1.17577e-08
 Step 133 time 0.0479003 control sound timestep  0.000366177 1,1 x 0 y 0
 Wall clock 375.889
 Average time per cell 1.19791e-08
  Step time per cell    1.19557e-08
 Step 134 time 0.0482664 control sound timestep  0.000366195 1,1 x 0 y 0
 Wall clock 378.669
 Average time per cell 1.19777e-08
  Step time per cell    1.17796e-08
 Step 135 time 0.0486326 control sound timestep  0.000366211 1,1 x 0 y 0
 Wall clock 381.498
 Average time per cell 1.19778e-08
  Step time per cell    1.19921e-08
 Step 136 time 0.0489988 control sound timestep  0.000366227 1,1 x 0 y 0
 Wall clock 384.27
 Average time per cell 1.19761e-08
  Step time per cell    1.17495e-08
 Step 137 time 0.0493651 control sound timestep  0.000366248 1,1 x 0 y 0
 Wall clock 387.096
 Average time per cell 1.19761e-08
  Step time per cell    1.19783e-08
 Step 138 time 0.0497313 control sound timestep  0.000366273 1,1 x 0 y 0
 Wall clock 389.875
 Average time per cell 1.19747e-08
  Step time per cell    1.17791e-08
 Step 139 time 0.0500976 control sound timestep  0.000366291 1,1 x 0 y 0
 Wall clock 392.692
 Average time per cell 1.19744e-08
  Step time per cell    1.19368e-08
 Step 140 time 0.0504639 control sound timestep  0.000366292 1,1 x 0 y 0
 Wall clock 395.749
 Average time per cell 1.19814e-08
  Step time per cell    1.29584e-08
 Step 141 time 0.0508302 control sound timestep  0.000366288 1,1 x 0 y 0
 Wall clock 398.565
 Average time per cell 1.19811e-08
  Step time per cell    1.19355e-08
 Step 142 time 0.0511965 control sound timestep  0.000366292 1,1 x 0 y 0
 Wall clock 401.343
 Average time per cell 1.19797e-08
  Step time per cell    1.17759e-08
 Step 143 time 0.0515627 control sound timestep  0.000366301 1,1 x 0 y 0
 Wall clock 404.147
 Average time per cell 1.1979e-08
  Step time per cell    1.1883e-08
 Step 144 time 0.051929 control sound timestep  0.000366308 1,1 x 0 y 0
 Wall clock 406.926
 Average time per cell 1.19776e-08
  Step time per cell    1.17781e-08
 Step 145 time 0.0522954 control sound timestep  0.000366316 1,1 x 0 y 0
 Wall clock 409.744
 Average time per cell 1.19774e-08
  Step time per cell    1.19454e-08
 Step 146 time 0.0526617 control sound timestep  0.000366324 1,1 x 0 y 0
 Wall clock 412.516
 Average time per cell 1.19758e-08
  Step time per cell    1.17472e-08
 Step 147 time 0.053028 control sound timestep  0.000366336 1,1 x 0 y 0
 Wall clock 415.34
 Average time per cell 1.19758e-08
  Step time per cell    1.1971e-08
 Step 148 time 0.0533943 control sound timestep  0.000366353 1,1 x 0 y 0
 Wall clock 418.117
 Average time per cell 1.19744e-08
  Step time per cell    1.17692e-08
 Step 149 time 0.0537607 control sound timestep  0.000366368 1,1 x 0 y 0
 Wall clock 420.948
 Average time per cell 1.19746e-08
  Step time per cell    1.2001e-08
 Step 150 time 0.0541271 control sound timestep  0.000366382 1,1 x 0 y 0
 Wall clock 423.984
 Average time per cell 1.19805e-08
  Step time per cell    1.28683e-08
 Step 151 time 0.0544934 control sound timestep  0.000366399 1,1 x 0 y 0
 Wall clock 426.793
 Average time per cell 1.198e-08
  Step time per cell    1.19029e-08
 Step 152 time 0.0548598 control sound timestep  0.000366421 1,1 x 0 y 0
 Wall clock 429.567
 Average time per cell 1.19786e-08
  Step time per cell    1.17609e-08
 Step 153 time 0.0552263 control sound timestep  0.000366444 1,1 x 0 y 0
 Wall clock 432.374
 Average time per cell 1.1978e-08
  Step time per cell    1.18958e-08
 Step 154 time 0.0555927 control sound timestep  0.000366446 1,1 x 0 y 0
 Wall clock 435.151
 Average time per cell 1.19767e-08
  Step time per cell    1.17718e-08
 Step 155 time 0.0559591 control sound timestep  0.000366445 1,1 x 0 y 0
 Wall clock 437.974
 Average time per cell 1.19766e-08
  Step time per cell    1.19615e-08
 Step 156 time 0.0563256 control sound timestep  0.000366445 1,1 x 0 y 0
 Wall clock 440.751
 Average time per cell 1.19753e-08
  Step time per cell    1.17726e-08
 Step 157 time 0.056692 control sound timestep  0.000366452 1,1 x 0 y 0
 Wall clock 443.568
 Average time per cell 1.19751e-08
  Step time per cell    1.19394e-08
 Step 158 time 0.0570585 control sound timestep  0.000366459 1,1 x 0 y 0
 Wall clock 446.346
 Average time per cell 1.19738e-08
  Step time per cell    1.17749e-08
 Step 159 time 0.0574249 control sound timestep  0.000366466 1,1 x 0 y 0
 Wall clock 449.177
 Average time per cell 1.1974e-08
  Step time per cell    1.19998e-08
 Step 160 time 0.0577914 control sound timestep  0.000366473 1,1 x 0 y 0
 Wall clock 452.232
 Average time per cell 1.19801e-08
  Step time per cell    1.29472e-08
 Step 161 time 0.0581579 control sound timestep  0.000366482 1,1 x 0 y 0
 Wall clock 455.048
 Average time per cell 1.19798e-08
  Step time per cell    1.1935e-08
 Step 162 time 0.0585244 control sound timestep  0.000366498 1,1 x 0 y 0
 Wall clock 457.834
 Average time per cell 1.19787e-08
  Step time per cell    1.18102e-08
 Step 163 time 0.0588909 control sound timestep  0.000366512 1,1 x 0 y 0
 Wall clock 460.659
 Average time per cell 1.19787e-08
  Step time per cell    1.19724e-08
 Step 164 time 0.0592574 control sound timestep  0.000366525 1,1 x 0 y 0
 Wall clock 463.45
 Average time per cell 1.19778e-08
  Step time per cell    1.18301e-08
 Step 165 time 0.0596239 control sound timestep  0.000366539 1,1 x 0 y 0
 Wall clock 466.283
 Average time per cell 1.1978e-08
  Step time per cell    1.20059e-08
 Step 166 time 0.0599904 control sound timestep  0.000366558 1,1 x 0 y 0
 Wall clock 469.079
 Average time per cell 1.19772e-08
  Step time per cell    1.18534e-08
 Step 167 time 0.060357 control sound timestep  0.00036658 1,1 x 0 y 0
 Wall clock 471.892
 Average time per cell 1.19769e-08
  Step time per cell    1.19222e-08
 Step 168 time 0.0607236 control sound timestep  0.000366586 1,1 x 0 y 0
 Wall clock 474.69
 Average time per cell 1.19762e-08
  Step time per cell    1.18564e-08
 Step 169 time 0.0610902 control sound timestep  0.000366586 1,1 x 0 y 0
 Wall clock 477.53
 Average time per cell 1.19765e-08
  Step time per cell    1.20381e-08
 Step 170 time 0.0614568 control sound timestep  0.000366585 1,1 x 0 y 0
 Wall clock 480.586
 Average time per cell 1.19823e-08
  Step time per cell    1.29547e-08
 Step 171 time 0.0618233 control sound timestep  0.00036659 1,1 x 0 y 0
 Wall clock 483.411
 Average time per cell 1.19822e-08
  Step time per cell    1.19735e-08
 Step 172 time 0.0621899 control sound timestep  0.000366597 1,1 x 0 y 0
 Wall clock 486.193
 Average time per cell 1.19811e-08
  Step time per cell    1.17887e-08
 Step 173 time 0.0625565 control sound timestep  0.000366603 1,1 x 0 y 0
 Wall clock 489.015
 Average time per cell 1.1981e-08
  Step time per cell    1.1962e-08
 Step 174 time 0.0629231 control sound timestep  0.000366609 1,1 x 0 y 0
 Wall clock 491.788
 Average time per cell 1.19797e-08
  Step time per cell    1.17539e-08
 Step 175 time 0.0632897 control sound timestep  0.000366616 1,1 x 0 y 0
 Wall clock 494.613
 Average time per cell 1.19797e-08
  Step time per cell    1.19753e-08
 Step 176 time 0.0636564 control sound timestep  0.000366631 1,1 x 0 y 0
 Wall clock 497.382
 Average time per cell 1.19783e-08
  Step time per cell    1.17327e-08
 Step 177 time 0.064023 control sound timestep  0.000366644 1,1 x 0 y 0
 Wall clock 500.201
 Average time per cell 1.19781e-08
  Step time per cell    1.19518e-08
 Step 178 time 0.0643896 control sound timestep  0.000366656 1,1 x 0 y 0
 Wall clock 502.992
 Average time per cell 1.19773e-08
  Step time per cell    1.18284e-08
 Step 179 time 0.0647563 control sound timestep  0.000366668 1,1 x 0 y 0
 Wall clock 505.814
 Average time per cell 1.19772e-08
  Step time per cell    1.19596e-08
 Step 180 time 0.065123 control sound timestep  0.000366685 1,1 x 0 y 0
 Wall clock 508.862
 Average time per cell 1.19824e-08
  Step time per cell    1.29214e-08
 Step 181 time 0.0654896 control sound timestep  0.000366704 1,1 x 0 y 0
 Wall clock 511.687
 Average time per cell 1.19824e-08
  Step time per cell    1.19721e-08
 Step 182 time 0.0658563 control sound timestep  0.000366715 1,1 x 0 y 0
 Wall clock 514.459
 Average time per cell 1.19811e-08
  Step time per cell    1.17504e-08
 Step 183 time 0.0662231 control sound timestep  0.000366716 1,1 x 0 y 0
 Wall clock 517.293
 Average time per cell 1.19813e-08
  Step time per cell    1.2009e-08
 Step 184 time 0.0665898 control sound timestep  0.000366713 1,1 x 0 y 0
 Wall clock 520.079
 Average time per cell 1.19803e-08
  Step time per cell    1.1809e-08
 Step 185 time 0.0669565 control sound timestep  0.000366717 1,1 x 0 y 0
 Wall clock 522.902
 Average time per cell 1.19802e-08
  Step time per cell    1.19637e-08
 Step 186 time 0.0673232 control sound timestep  0.000366724 1,1 x 0 y 0
 Wall clock 525.689
 Average time per cell 1.19794e-08
  Step time per cell    1.18151e-08
 Step 187 time 0.0676899 control sound timestep  0.000366729 1,1 x 0 y 0
 Wall clock 528.499
 Average time per cell 1.1979e-08
  Step time per cell    1.19094e-08
 Step 188 time 0.0680567 control sound timestep  0.000366735 1,1 x 0 y 0
 Wall clock 531.28
 Average time per cell 1.1978e-08
  Step time per cell    1.17878e-08
 Step 189 time 0.0684234 control sound timestep  0.000366742 1,1 x 0 y 0
 Wall clock 534.112
 Average time per cell 1.19781e-08
  Step time per cell    1.20028e-08
 Step 190 time 0.0687901 control sound timestep  0.000366754 1,1 x 0 y 0
 Wall clock 537.171
 Average time per cell 1.19833e-08
  Step time per cell    1.29657e-08
 Step 191 time 0.0691569 control sound timestep  0.000366766 1,1 x 0 y 0
 Wall clock 539.969
 Average time per cell 1.19827e-08
  Step time per cell    1.18612e-08
 Step 192 time 0.0695237 control sound timestep  0.000366777 1,1 x 0 y 0
 Wall clock 542.747
 Average time per cell 1.19816e-08
  Step time per cell    1.17736e-08
 Step 193 time 0.0698904 control sound timestep  0.000366789 1,1 x 0 y 0
 Wall clock 545.56
 Average time per cell 1.19813e-08
  Step time per cell    1.19205e-08
 Step 194 time 0.0702572 control sound timestep  0.000366803 1,1 x 0 y 0
 Wall clock 548.355
 Average time per cell 1.19806e-08
  Step time per cell    1.18491e-08
 Step 195 time 0.070624 control sound timestep  0.000366821 1,1 x 0 y 0
 Wall clock 551.157
 Average time per cell 1.198e-08
  Step time per cell    1.18756e-08
 Step 196 time 0.0709908 control sound timestep  0.000366835 1,1 x 0 y 0
 Wall clock 553.936
 Average time per cell 1.1979e-08
  Step time per cell    1.17778e-08
 Step 197 time 0.0713577 control sound timestep  0.000366836 1,1 x 0 y 0
 Wall clock 556.74
 Average time per cell 1.19785e-08
  Step time per cell    1.18855e-08
 Step 198 time 0.0717245 control sound timestep  0.000366833 1,1 x 0 y 0
 Wall clock 559.542
 Average time per cell 1.1978e-08
  Step time per cell    1.18756e-08
 Step 199 time 0.0720913 control sound timestep  0.000366836 1,1 x 0 y 0
 Wall clock 562.373
 Average time per cell 1.19781e-08
  Step time per cell    1.19976e-08
 Step 200 time 0.0724582 control sound timestep  0.000366842 1,1 x 0 y 0
 Wall clock 565.427
 Average time per cell 1.1983e-08
  Step time per cell    1.29472e-08
 Step 201 time 0.072825 control sound timestep  0.000366847 1,1 x 0 y 0
 Wall clock 568.26
 Average time per cell 1.19831e-08
  Step time per cell    1.20043e-08
 Step 202 time 0.0731919 control sound timestep  0.000366853 1,1 x 0 y 0
 Wall clock 571.053
 Average time per cell 1.19824e-08
  Step time per cell    1.18406e-08
 Step 203 time 0.0735587 control sound timestep  0.000366859 1,1 x 0 y 0
 Wall clock 573.879
 Average time per cell 1.19823e-08
  Step time per cell    1.19761e-08
 Step 204 time 0.0739256 control sound timestep  0.000366869 1,1 x 0 y 0
 Wall clock 576.676
 Average time per cell 1.19817e-08
  Step time per cell    1.18555e-08
 Step 205 time 0.0742925 control sound timestep  0.000366881 1,1 x 0 y 0
 Wall clock 579.494
 Average time per cell 1.19815e-08
  Step time per cell    1.19451e-08
 Step 206 time 0.0746593 control sound timestep  0.000366892 1,1 x 0 y 0
 Wall clock 582.305
 Average time per cell 1.19812e-08
  Step time per cell    1.19152e-08
 Step 207 time 0.0750262 control sound timestep  0.000366902 1,1 x 0 y 0
 Wall clock 585.134
 Average time per cell 1.19813e-08
  Step time per cell    1.19902e-08
 Step 208 time 0.0753931 control sound timestep  0.000366915 1,1 x 0 y 0
 Wall clock 587.932
 Average time per cell 1.19807e-08
  Step time per cell    1.18577e-08
 Step 209 time 0.07576 control sound timestep  0.000366932 1,1 x 0 y 0
 Wall clock 590.75
 Average time per cell 1.19805e-08
  Step time per cell    1.19465e-08
 Step 210 time 0.076127 control sound timestep  0.000366947 1,1 x 0 y 0
 Wall clock 593.822
 Average time per cell 1.19855e-08
  Step time per cell    1.30177e-08
 Step 211 time 0.0764939 control sound timestep  0.000366948 1,1 x 0 y 0
 Wall clock 596.665
 Average time per cell 1.19858e-08
  Step time per cell    1.20507e-08
 Step 212 time 0.0768609 control sound timestep  0.000366945 1,1 x 0 y 0
 Wall clock 599.455
 Average time per cell 1.1985e-08
  Step time per cell    1.1824e-08
 Step 213 time 0.0772278 control sound timestep  0.000366947 1,1 x 0 y 0
 Wall clock 602.281
 Average time per cell 1.1985e-08
  Step time per cell    1.19784e-08
 Step 214 time 0.0775948 control sound timestep  0.000366952 1,1 x 0 y 0
 Wall clock 605.08
 Average time per cell 1.19844e-08
  Step time per cell    1.18646e-08
 Step 215 time 0.0779617 control sound timestep  0.000366958 1,1 x 0 y 0
 Wall clock 607.928
 Average time per cell 1.19848e-08
  Step time per cell    1.20719e-08
 Step 216 time 0.0783287 control sound timestep  0.000366963 1,1 x 0 y 0
 Wall clock 610.766
 Average time per cell 1.1985e-08
  Step time per cell    1.20264e-08
 Step 217 time 0.0786956 control sound timestep  0.000366968 1,1 x 0 y 0
 Wall clock 613.591
 Average time per cell 1.1985e-08
  Step time per cell    1.1975e-08
 Step 218 time 0.0790626 control sound timestep  0.000366977 1,1 x 0 y 0
 Wall clock 616.399
 Average time per cell 1.19846e-08
  Step time per cell    1.19026e-08
 Step 219 time 0.0794296 control sound timestep  0.000366989 1,1 x 0 y 0
 Wall clock 619.264
 Average time per cell 1.19853e-08
  Step time per cell    1.21439e-08
 Step 220 time 0.0797966 control sound timestep  0.000366999 1,1 x 0 y 0
 Wall clock 622.362
 Average time per cell 1.19905e-08
  Step time per cell    1.31287e-08
 Step 221 time 0.0801636 control sound timestep  0.000367009 1,1 x 0 y 0
 Wall clock 625.235
 Average time per cell 1.19914e-08
  Step time per cell    1.21758e-08
 Step 222 time 0.0805306 control sound timestep  0.000367021 1,1 x 0 y 0
 Wall clock 628.059
 Average time per cell 1.19913e-08
  Step time per cell    1.19719e-08
 Step 223 time 0.0808976 control sound timestep  0.000367036 1,1 x 0 y 0
 Wall clock 630.928
 Average time per cell 1.1992e-08
  Step time per cell    1.21588e-08
 Step 224 time 0.0812646 control sound timestep  0.000367052 1,1 x 0 y 0
 Wall clock 633.757
 Average time per cell 1.1992e-08
  Step time per cell    1.19904e-08
 Step 225 time 0.0816317 control sound timestep  0.000367052 1,1 x 0 y 0
 Wall clock 636.625
 Average time per cell 1.19927e-08
  Step time per cell    1.21547e-08
 Step 226 time 0.0819987 control sound timestep  0.00036705 1,1 x 0 y 0
 Wall clock 639.426
 Average time per cell 1.19922e-08
  Step time per cell    1.18736e-08
 Step 227 time 0.0823658 control sound timestep  0.000367051 1,1 x 0 y 0
 Wall clock 642.254
 Average time per cell 1.19922e-08
  Step time per cell    1.1986e-08
 Step 228 time 0.0827328 control sound timestep  0.000367056 1,1 x 0 y 0
 Wall clock 645.03
 Average time per cell 1.19912e-08
  Step time per cell    1.17678e-08
 Step 229 time 0.0830999 control sound timestep  0.000367062 1,1 x 0 y 0
 Wall clock 647.872
 Average time per cell 1.19914e-08
  Step time per cell    1.20445e-08
 Step 230 time 0.083467 control sound timestep  0.000367066 1,1 x 0 y 0
 Wall clock 650.948
 Average time per cell 1.1996e-08
  Step time per cell    1.30378e-08
 Step 231 time 0.083834 control sound timestep  0.000367071 1,1 x 0 y 0
 Wall clock 653.784
 Average time per cell 1.19961e-08
  Step time per cell    1.20192e-08
 Step 232 time 0.0842011 control sound timestep  0.000367079 1,1 x 0 y 0
 Wall clock 656.595
 Average time per cell 1.19957e-08
  Step time per cell    1.19146e-08
 Step 233 time 0.0845682 control sound timestep  0.000367091 1,1 x 0 y 0
 Wall clock 659.431
 Average time per cell 1.19958e-08
  Step time per cell    1.20197e-08
 Step 234 time 0.0849353 control sound timestep  0.0003671 1,1 x 0 y 0
 Wall clock 662.214
 Average time per cell 1.1995e-08
  Step time per cell    1.17983e-08
 Step 235 time 0.0853024 control sound timestep  0.00036711 1,1 x 0 y 0
 Wall clock 665.051
 Average time per cell 1.19951e-08
  Step time per cell    1.20213e-08
 Step 236 time 0.0856695 control sound timestep  0.000367121 1,1 x 0 y 0
 Wall clock 667.86
 Average time per cell 1.19947e-08
  Step time per cell    1.19056e-08
 Step 237 time 0.0860366 control sound timestep  0.000367135 1,1 x 0 y 0
 Wall clock 670.694
 Average time per cell 1.19948e-08
  Step time per cell    1.2015e-08
 Step 238 time 0.0864037 control sound timestep  0.000367151 1,1 x 0 y 0
 Wall clock 673.496
 Average time per cell 1.19943e-08
  Step time per cell    1.18739e-08
 Step 239 time 0.0867709 control sound timestep  0.000367151 1,1 x 0 y 0
 Wall clock 676.343
 Average time per cell 1.19946e-08
  Step time per cell    1.20664e-08
 Step 240 time 0.087138 control sound timestep  0.00036715 1,1 x 0 y 0
 Wall clock 679.417
 Average time per cell 1.19989e-08
  Step time per cell    1.30305e-08
 Step 241 time 0.0875052 control sound timestep  0.00036715 1,1 x 0 y 0
 Wall clock 682.265
 Average time per cell 1.19992e-08
  Step time per cell    1.20705e-08
 Step 242 time 0.0878723 control sound timestep  0.000367155 1,1 x 0 y 0
 Wall clock 685.078
 Average time per cell 1.19989e-08
  Step time per cell    1.1922e-08
 Step 243 time 0.0882395 control sound timestep  0.00036716 1,1 x 0 y 0
 Wall clock 687.928
 Average time per cell 1.19993e-08
  Step time per cell    1.20815e-08
 Step 244 time 0.0886066 control sound timestep  0.000367164 1,1 x 0 y 0
 Wall clock 690.761
 Average time per cell 1.19993e-08
  Step time per cell    1.20087e-08
 Step 245 time 0.0889738 control sound timestep  0.000367169 1,1 x 0 y 0
 Wall clock 693.62
 Average time per cell 1.19998e-08
  Step time per cell    1.21168e-08
 Step 246 time 0.089341 control sound timestep  0.000367177 1,1 x 0 y 0
 Wall clock 696.399
 Average time per cell 1.19989e-08
  Step time per cell    1.17797e-08
 Step 247 time 0.0897082 control sound timestep  0.000367187 1,1 x 0 y 0
 Wall clock 699.244
 Average time per cell 1.19991e-08
  Step time per cell    1.2056e-08
 Step 248 time 0.0900753 control sound timestep  0.000367197 1,1 x 0 y 0
 Wall clock 702.052
 Average time per cell 1.19987e-08
  Step time per cell    1.19028e-08
 Step 249 time 0.0904425 control sound timestep  0.000367205 1,1 x 0 y 0
 Wall clock 704.893
 Average time per cell 1.19989e-08
  Step time per cell    1.20403e-08
 Step 250 time 0.0908097 control sound timestep  0.000367216 1,1 x 0 y 0
 Wall clock 707.952
 Average time per cell 1.20028e-08
  Step time per cell    1.29666e-08
 Step 251 time 0.091177 control sound timestep  0.000367229 1,1 x 0 y 0
 Wall clock 710.786
 Average time per cell 1.20028e-08
  Step time per cell    1.20137e-08
 Step 252 time 0.0915442 control sound timestep  0.000367244 1,1 x 0 y 0
 Wall clock 713.578
 Average time per cell 1.20021e-08
  Step time per cell    1.1834e-08
 Step 253 time 0.0919114 control sound timestep  0.000367245 1,1 x 0 y 0
 Wall clock 716.415
 Average time per cell 1.20022e-08
  Step time per cell    1.20214e-08
 Step 254 time 0.0922787 control sound timestep  0.000367243 1,1 x 0 y 0
 Wall clock 719.21
 Average time per cell 1.20016e-08
  Step time per cell    1.18482e-08
 Step 255 time 0.0926459 control sound timestep  0.000367244 1,1 x 0 y 0
 Wall clock 722.04
 Average time per cell 1.20016e-08
  Step time per cell    1.1994e-08
 Step 256 time 0.0930132 control sound timestep  0.000367248 1,1 x 0 y 0
 Wall clock 724.839
 Average time per cell 1.20011e-08
  Step time per cell    1.18654e-08
 Step 257 time 0.0933804 control sound timestep  0.000367253 1,1 x 0 y 0
 Wall clock 727.683
 Average time per cell 1.20013e-08
  Step time per cell    1.20534e-08
 Step 258 time 0.0937477 control sound timestep  0.000367257 1,1 x 0 y 0
 Wall clock 730.476
 Average time per cell 1.20006e-08
  Step time per cell    1.18373e-08
 Step 259 time 0.0941149 control sound timestep  0.000367262 1,1 x 0 y 0
 Wall clock 733.304
 Average time per cell 1.20006e-08
  Step time per cell    1.1988e-08
 Step 260 time 0.0944822 control sound timestep  0.000367269 1,1 x 0 y 0
 Wall clock 736.381
 Average time per cell 1.20046e-08
  Step time per cell    1.3038e-08
 Step 261 time 0.0948495 control sound timestep  0.000367279 1,1 x 0 y 0
 Wall clock 739.229
 Average time per cell 1.20048e-08
  Step time per cell    1.20741e-08
 Step 262 time 0.0952167 control sound timestep  0.000367288 1,1 x 0 y 0
 Wall clock 742.044
 Average time per cell 1.20045e-08
  Step time per cell    1.19284e-08
 Step 263 time 0.095584 control sound timestep  0.000367297 1,1 x 0 y 0
 Wall clock 744.894
 Average time per cell 1.20048e-08
  Step time per cell    1.20801e-08
 Step 264 time 0.0959513 control sound timestep  0.000367307 1,1 x 0 y 0
 Wall clock 747.679
 Average time per cell 1.20041e-08
  Step time per cell    1.18068e-08
 Step 265 time 0.0963186 control sound timestep  0.00036732 1,1 x 0 y 0
 Wall clock 750.516
 Average time per cell 1.20042e-08
  Step time per cell    1.2025e-08
 Step 266 time 0.0966859 control sound timestep  0.000367334 1,1 x 0 y 0
 Wall clock 753.328
 Average time per cell 1.20038e-08
  Step time per cell    1.19179e-08
 Step 267 time 0.0970533 control sound timestep  0.000367334 1,1 x 0 y 0
 Wall clock 756.176
 Average time per cell 1.20041e-08
  Step time per cell    1.20686e-08
 Step 268 time 0.0974206 control sound timestep  0.000367332 1,1 x 0 y 0
 Wall clock 758.992
 Average time per cell 1.20038e-08
  Step time per cell    1.19364e-08
 Step 269 time 0.0977879 control sound timestep  0.000367333 1,1 x 0 y 0
 Wall clock 761.826
 Average time per cell 1.20039e-08
  Step time per cell    1.20141e-08
 Step 270 time 0.0981553 control sound timestep  0.000367338 1,1 x 0 y 0
 Wall clock 764.905
 Average time per cell 1.20077e-08
  Step time per cell    1.30501e-08
 Step 271 time 0.0985226 control sound timestep  0.000367342 1,1 x 0 y 0
 Wall clock 767.747
 Average time per cell 1.20079e-08
  Step time per cell    1.20438e-08
 Step 272 time 0.09889 control sound timestep  0.000367346 1,1 x 0 y 0
 Wall clock 770.551
 Average time per cell 1.20074e-08
  Step time per cell    1.18844e-08
 Step 273 time 0.0992573 control sound timestep  0.00036735 1,1 x 0 y 0
 Wall clock 773.409
 Average time per cell 1.20078e-08
  Step time per cell    1.21145e-08
 Step 274 time 0.0996247 control sound timestep  0.000367358 1,1 x 0 y 0
 Wall clock 776.232
 Average time per cell 1.20077e-08
  Step time per cell    1.19659e-08
 Step 275 time 0.099992 control sound timestep  0.000367367 1,1 x 0 y 0
 Wall clock 779.087
 Average time per cell 1.2008e-08
  Step time per cell    1.21006e-08
 Step 276 time 0.100359 control sound timestep  0.000367376 1,1 x 0 y 0
 Wall clock 781.885
 Average time per cell 1.20075e-08
  Step time per cell    1.18591e-08
 Step 277 time 0.100727 control sound timestep  0.000367384 1,1 x 0 y 0
 Wall clock 784.731
 Average time per cell 1.20077e-08
  Step time per cell    1.20616e-08
 Step 278 time 0.101094 control sound timestep  0.000367394 1,1 x 0 y 0
 Wall clock 787.542
 Average time per cell 1.20073e-08
  Step time per cell    1.19142e-08
 Step 279 time 0.101462 control sound timestep  0.000367406 1,1 x 0 y 0
 Wall clock 790.432
 Average time per cell 1.20082e-08
  Step time per cell    1.22486e-08
 Step 280 time 0.101829 control sound timestep  0.000367419 1,1 x 0 y 0
 Wall clock 793.544
 Average time per cell 1.20124e-08
  Step time per cell    1.31894e-08
 Step 281 time 0.102196 control sound timestep  0.000367419 1,1 x 0 y 0
 Wall clock 796.401
 Average time per cell 1.20128e-08
  Step time per cell    1.21096e-08
 Step 282 time 0.102564 control sound timestep  0.000367417 1,1 x 0 y 0
 Wall clock 799.199
 Average time per cell 1.20122e-08
  Step time per cell    1.18592e-08
 Step 283 time 0.102931 control sound timestep  0.000367418 1,1 x 0 y 0
 Wall clock 802.064
 Average time per cell 1.20127e-08
  Step time per cell    1.21431e-08
 Step 284 time 0.103299 control sound timestep  0.000367423 1,1 x 0 y 0
 Wall clock 804.873
 Average time per cell 1.20123e-08
  Step time per cell    1.19061e-08
 Step 285 time 0.103666 control sound timestep  0.000367427 1,1 x 0 y 0
 Wall clock 807.737
 Average time per cell 1.20128e-08
  Step time per cell    1.21426e-08
 Step 286 time 0.104033 control sound timestep  0.000367431 1,1 x 0 y 0
 Wall clock 810.545
 Average time per cell 1.20124e-08
  Step time per cell    1.18988e-08
 Step 287 time 0.104401 control sound timestep  0.000367435 1,1 x 0 y 0
 Wall clock 813.403
 Average time per cell 1.20127e-08
  Step time per cell    1.21133e-08
 Step 288 time 0.104768 control sound timestep  0.000367442 1,1 x 0 y 0
 Wall clock 816.236
 Average time per cell 1.20127e-08
  Step time per cell    1.20068e-08
 Step 289 time 0.105136 control sound timestep  0.000367452 1,1 x 0 y 0
 Wall clock 819.076
 Average time per cell 1.20128e-08
  Step time per cell    1.20374e-08
 Step 290 time 0.105503 control sound timestep  0.00036746 1,1 x 0 y 0
 Wall clock 822.149
 Average time per cell 1.20163e-08
  Step time per cell    1.30275e-08
 Step 291 time 0.105871 control sound timestep  0.000367468 1,1 x 0 y 0
 Wall clock 824.999
 Average time per cell 1.20165e-08
  Step time per cell    1.20771e-08
 Step 292 time 0.106238 control sound timestep  0.000367477 1,1 x 0 y 0
 Wall clock 827.805
 Average time per cell 1.20161e-08
  Step time per cell    1.18966e-08
 Step 293 time 0.106606 control sound timestep  0.00036749 1,1 x 0 y 0
 Wall clock 830.657
 Average time per cell 1.20163e-08
  Step time per cell    1.20882e-08
 Step 294 time 0.106973 control sound timestep  0.0003675 1,1 x 0 y 0
 Wall clock 833.472
 Average time per cell 1.2016e-08
  Step time per cell    1.19273e-08
 Step 295 time 0.107341 control sound timestep  0.000367501 1,1 x 0 y 0
 Wall clock 836.317
 Average time per cell 1.20162e-08
  Step time per cell    1.20586e-08
 Step 296 time 0.107708 control sound timestep  0.000367498 1,1 x 0 y 0
 Wall clock 839.147
 Average time per cell 1.20161e-08
  Step time per cell    1.19979e-08
 Step 297 time 0.108076 control sound timestep  0.0003675 1,1 x 0 y 0
 Wall clock 841.998
 Average time per cell 1.20163e-08
  Step time per cell    1.20845e-08
 Step 298 time 0.108443 control sound timestep  0.000367504 1,1 x 0 y 0
 Wall clock 844.818
 Average time per cell 1.20161e-08
  Step time per cell    1.19518e-08
 Step 299 time 0.108811 control sound timestep  0.000367508 1,1 x 0 y 0
 Wall clock 847.677
 Average time per cell 1.20165e-08
  Step time per cell    1.21181e-08
 Step 300 time 0.109178 control sound timestep  0.000367512 1,1 x 0 y 0
 Wall clock 851.033
 First step overhead 0
Result:
 - Problem: none
 - Outcome: PASSED
