---
Devices:
 0: Host CPU
CloverLeaf:
 - Ver.:     2.000
 - Deck:     /home/labpc/work/cipp/CloverLeaf/InputDecks/clover_bm256_300.in
 - Out:      clover.out
 - Profiler: deck-specified
MPI:
 - Enabled:     false
 - Total ranks: 1
 - Header device-awareness (CUDA-awareness):  unknown
 - Runtime device-awareness (CUDA-awareness): unknown
 - Host-Device halo exchange staging buffer:  true
Model:
 - Name:      OpenMP (CPU)
 - Execution: Host
# ---- 
Output: |+1
 Output file clover.out opened. All output will go there.
 Args: --file /home/labpc/work/cipp/CloverLeaf/InputDecks/clover_bm256_300.in
 Using input: `/home/labpc/work/cipp/CloverLeaf/InputDecks/clover_bm256_300.in`
 Problem initialised and generated
 Launching hydro
 Step 1 time 0 control sound timestep  0.000385161 1,1 x 0 y 0
 Wall clock 1.73642
 Average time per cell 7.35992e-09
  Step time per cell    7.35992e-09
 Step 2 time 0.000385161 control sound timestep  0.000235099 1,1 x 0 y 0
 Wall clock 3.42309
 Average time per cell 7.25448e-09
  Step time per cell    7.14878e-09
 Step 3 time 0.000620261 control sound timestep  0.000298723 1,1 x 0 y 0
 Wall clock 5.14794
 Average time per cell 7.27327e-09
  Step time per cell    7.3106e-09
 Step 4 time 0.000918984 control sound timestep  0.000314746 1,1 x 0 y 0
 Wall clock 6.85775
 Average time per cell 7.26673e-09
  Step time per cell    7.24687e-09
 Step 5 time 0.00123373 control sound timestep  0.000346361 1,1 x 0 y 0
 Wall clock 8.5847
 Average time per cell 7.27734e-09
  Step time per cell    7.31953e-09
 Step 6 time 0.00158009 control sound timestep  0.00034558 1,1 x 0 y 0
 Wall clock 10.2838
 Average time per cell 7.26474e-09
  Step time per cell    7.20148e-09
 Step 7 time 0.00192567 control sound timestep  0.000352154 1,1 x 0 y 0
 Wall clock 12.0068
 Average time per cell 7.27019e-09
  Step time per cell    7.30267e-09
 Step 8 time 0.00227782 control sound timestep  0.000370384 1,1 x 0 y 0
 Wall clock 13.7048
 Average time per cell 7.26104e-09
  Step time per cell    7.19671e-09
 Step 9 time 0.00264821 control sound timestep  0.000366391 1,1 x 0 y 0
 Wall clock 15.4342
 Average time per cell 7.26874e-09
  Step time per cell    7.33001e-09
 Step 10 time 0.0030146 control sound timestep  0.000363789 1,1 x 0 y 0
 Wall clock 17.2584
 Average time per cell 7.31507e-09
  Step time per cell    7.73182e-09
 Step 11 time 0.00337839 control sound timestep  0.000361224 1,1 x 0 y 0
 Wall clock 19.01
 Average time per cell 7.32498e-09
  Step time per cell    7.42396e-09
 Step 12 time 0.00373961 control sound timestep  0.000359796 1,1 x 0 y 0
 Wall clock 20.6951
 Average time per cell 7.30976e-09
  Step time per cell    7.14211e-09
 Step 13 time 0.00409941 control sound timestep  0.000360678 1,1 x 0 y 0
 Wall clock 22.4166
 Average time per cell 7.30876e-09
  Step time per cell    7.29653e-09
 Step 14 time 0.00446009 control sound timestep  0.000362113 1,1 x 0 y 0
 Wall clock 24.1131
 Average time per cell 7.30033e-09
  Step time per cell    7.19043e-09
 Step 15 time 0.0048222 control sound timestep  0.000362661 1,1 x 0 y 0
 Wall clock 25.8406
 Average time per cell 7.30179e-09
  Step time per cell    7.32198e-09
 Step 16 time 0.00518486 control sound timestep  0.000362812 1,1 x 0 y 0
 Wall clock 27.5263
 Average time per cell 7.29197e-09
  Step time per cell    7.14437e-09
 Step 17 time 0.00554767 control sound timestep  0.000362988 1,1 x 0 y 0
 Wall clock 29.2502
 Average time per cell 7.29286e-09
  Step time per cell    7.30686e-09
 Step 18 time 0.00591066 control sound timestep  0.000363082 1,1 x 0 y 0
 Wall clock 30.9609
 Average time per cell 7.29051e-09
  Step time per cell    7.25041e-09
 Step 19 time 0.00627374 control sound timestep  0.000363112 1,1 x 0 y 0
 Wall clock 32.6883
 Average time per cell 7.29216e-09
  Step time per cell    7.3215e-09
 Step 20 time 0.00663686 control sound timestep  0.00036317 1,1 x 0 y 0
 Wall clock 34.5081
 Average time per cell 7.31322e-09
  Step time per cell    7.71309e-09
 Step 21 time 0.00700003 control sound timestep  0.000363365 1,1 x 0 y 0
 Wall clock 36.238
 Average time per cell 7.31413e-09
  Step time per cell    7.33229e-09
 Step 22 time 0.00736339 control sound timestep  0.00036347 1,1 x 0 y 0
 Wall clock 37.9257
 Average time per cell 7.30683e-09
  Step time per cell    7.15315e-09
 Step 23 time 0.00772686 control sound timestep  0.000363513 1,1 x 0 y 0
 Wall clock 39.6507
 Average time per cell 7.30703e-09
  Step time per cell    7.31128e-09
 Step 24 time 0.00809037 control sound timestep  0.000363629 1,1 x 0 y 0
 Wall clock 41.3628
 Average time per cell 7.30493e-09
  Step time per cell    7.25633e-09
 Step 25 time 0.008454 control sound timestep  0.000363732 1,1 x 0 y 0
 Wall clock 43.0869
 Average time per cell 7.30505e-09
  Step time per cell    7.30762e-09
 Step 26 time 0.00881773 control sound timestep  0.000363825 1,1 x 0 y 0
 Wall clock 44.7834
 Average time per cell 7.30065e-09
  Step time per cell    7.19035e-09
 Step 27 time 0.00918156 control sound timestep  0.000363914 1,1 x 0 y 0
 Wall clock 46.5161
 Average time per cell 7.30226e-09
  Step time per cell    7.34393e-09
 Step 28 time 0.00954547 control sound timestep  0.000363943 1,1 x 0 y 0
 Wall clock 48.2084
 Average time per cell 7.29764e-09
  Step time per cell    7.17275e-09
 Step 29 time 0.00990942 control sound timestep  0.000363973 1,1 x 0 y 0
 Wall clock 49.9235
 Average time per cell 7.29668e-09
  Step time per cell    7.26932e-09
 Step 30 time 0.0102734 control sound timestep  0.000363988 1,1 x 0 y 0
 Wall clock 51.7662
 Average time per cell 7.3138e-09
  Step time per cell    7.81008e-09
 Step 31 time 0.0106374 control sound timestep  0.000364002 1,1 x 0 y 0
 Wall clock 53.4885
 Average time per cell 7.31334e-09
  Step time per cell    7.29966e-09
 Step 32 time 0.0110014 control sound timestep  0.000364043 1,1 x 0 y 0
 Wall clock 55.1831
 Average time per cell 7.30926e-09
  Step time per cell    7.18255e-09
 Step 33 time 0.0113654 control sound timestep  0.000364085 1,1 x 0 y 0
 Wall clock 56.9121
 Average time per cell 7.30985e-09
  Step time per cell    7.32821e-09
 Step 34 time 0.0117295 control sound timestep  0.000364133 1,1 x 0 y 0
 Wall clock 58.6068
 Average time per cell 7.30612e-09
  Step time per cell    7.18287e-09
 Step 35 time 0.0120936 control sound timestep  0.000364198 1,1 x 0 y 0
 Wall clock 60.3404
 Average time per cell 7.30732e-09
  Step time per cell    7.34775e-09
 Step 36 time 0.0124578 control sound timestep  0.000364259 1,1 x 0 y 0
 Wall clock 62.035
 Average time per cell 7.30385e-09
  Step time per cell    7.18213e-09
 Step 37 time 0.0128221 control sound timestep  0.000364318 1,1 x 0 y 0
 Wall clock 63.7614
 Average time per cell 7.30422e-09
  Step time per cell    7.31736e-09
 Step 38 time 0.0131864 control sound timestep  0.000364383 1,1 x 0 y 0
 Wall clock 65.4713
 Average time per cell 7.30273e-09
  Step time per cell    7.24733e-09
 Step 39 time 0.0135508 control sound timestep  0.000364422 1,1 x 0 y 0
 Wall clock 67.1954
 Average time per cell 7.30285e-09
  Step time per cell    7.30714e-09
 Step 40 time 0.0139152 control sound timestep  0.000364431 1,1 x 0 y 0
 Wall clock 69.0238
 Average time per cell 7.31402e-09
  Step time per cell    7.74952e-09
 Step 41 time 0.0142797 control sound timestep  0.000364435 1,1 x 0 y 0
 Wall clock 70.7553
 Average time per cell 7.31464e-09
  Step time per cell    7.33912e-09
 Step 42 time 0.0146441 control sound timestep  0.000364445 1,1 x 0 y 0
 Wall clock 72.4464
 Average time per cell 7.31114e-09
  Step time per cell    7.16755e-09
 Step 43 time 0.0150085 control sound timestep  0.000364471 1,1 x 0 y 0
 Wall clock 74.1842
 Average time per cell 7.31241e-09
  Step time per cell    7.36539e-09
 Step 44 time 0.015373 control sound timestep  0.000364495 1,1 x 0 y 0
 Wall clock 75.8752
 Average time per cell 7.30912e-09
  Step time per cell    7.16739e-09
 Step 45 time 0.0157375 control sound timestep  0.000364518 1,1 x 0 y 0
 Wall clock 77.6238
 Average time per cell 7.31139e-09
  Step time per cell    7.41105e-09
 Step 46 time 0.016102 control sound timestep  0.000364543 1,1 x 0 y 0
 Wall clock 79.3241
 Average time per cell 7.30911e-09
  Step time per cell    7.20644e-09
 Step 47 time 0.0164666 control sound timestep  0.000364585 1,1 x 0 y 0
 Wall clock 81.0496
 Average time per cell 7.30921e-09
  Step time per cell    7.31336e-09
 Step 48 time 0.0168311 control sound timestep  0.000364628 1,1 x 0 y 0
 Wall clock 82.763
 Average time per cell 7.30824e-09
  Step time per cell    7.26241e-09
 Step 49 time 0.0171958 control sound timestep  0.000364667 1,1 x 0 y 0
 Wall clock 84.4913
 Average time per cell 7.30859e-09
  Step time per cell    7.32521e-09
 Step 50 time 0.0175604 control sound timestep  0.000364708 1,1 x 0 y 0
 Wall clock 86.3273
 Average time per cell 7.31806e-09
  Step time per cell    7.78171e-09
 Step 51 time 0.0179251 control sound timestep  0.000364758 1,1 x 0 y 0
 Wall clock 88.0596
 Average time per cell 7.31853e-09
  Step time per cell    7.34208e-09
 Step 52 time 0.0182899 control sound timestep  0.000364817 1,1 x 0 y 0
 Wall clock 89.7574
 Average time per cell 7.31618e-09
  Step time per cell    7.19621e-09
 Step 53 time 0.0186547 control sound timestep  0.000364826 1,1 x 0 y 0
 Wall clock 91.5016
 Average time per cell 7.31763e-09
  Step time per cell    7.39256e-09
 Step 54 time 0.0190195 control sound timestep  0.00036483 1,1 x 0 y 0
 Wall clock 93.1912
 Average time per cell 7.31473e-09
  Step time per cell    7.16098e-09
 Step 55 time 0.0193844 control sound timestep  0.000364831 1,1 x 0 y 0
 Wall clock 94.9174
 Average time per cell 7.31477e-09
  Step time per cell    7.31663e-09
 Step 56 time 0.0197492 control sound timestep  0.000364846 1,1 x 0 y 0
 Wall clock 96.6336
 Average time per cell 7.31404e-09
  Step time per cell    7.27363e-09
 Step 57 time 0.0201141 control sound timestep  0.000364866 1,1 x 0 y 0
 Wall clock 98.3554
 Average time per cell 7.31376e-09
  Step time per cell    7.29779e-09
 Step 58 time 0.0204789 control sound timestep  0.000364884 1,1 x 0 y 0
 Wall clock 100.068
 Average time per cell 7.3128e-09
  Step time per cell    7.25769e-09
 Step 59 time 0.0208438 control sound timestep  0.000364902 1,1 x 0 y 0
 Wall clock 101.797
 Average time per cell 7.3131e-09
  Step time per cell    7.33014e-09
 Step 60 time 0.0212087 control sound timestep  0.000364922 1,1 x 0 y 0
 Wall clock 103.618
 Average time per cell 7.31987e-09
  Step time per cell    7.7192e-09
 Step 61 time 0.0215736 control sound timestep  0.000364956 1,1 x 0 y 0
 Wall clock 105.365
 Average time per cell 7.32126e-09
  Step time per cell    7.40471e-09
 Step 62 time 0.0219386 control sound timestep  0.000364991 1,1 x 0 y 0
 Wall clock 107.058
 Average time per cell 7.31888e-09
  Step time per cell    7.17336e-09
 Step 63 time 0.0223036 control sound timestep  0.000365022 1,1 x 0 y 0
 Wall clock 108.799
 Average time per cell 7.31985e-09
  Step time per cell    7.3794e-09
 Step 64 time 0.0226686 control sound timestep  0.000365056 1,1 x 0 y 0
 Wall clock 110.5
 Average time per cell 7.31814e-09
  Step time per cell    7.21047e-09
 Step 65 time 0.0230337 control sound timestep  0.000365098 1,1 x 0 y 0
 Wall clock 112.228
 Average time per cell 7.31821e-09
  Step time per cell    7.32229e-09
 Step 66 time 0.0233988 control sound timestep  0.000365146 1,1 x 0 y 0
 Wall clock 113.94
 Average time per cell 7.31725e-09
  Step time per cell    7.25468e-09
 Step 67 time 0.0237639 control sound timestep  0.000365166 1,1 x 0 y 0
 Wall clock 115.668
 Average time per cell 7.31737e-09
  Step time per cell    7.32484e-09
 Step 68 time 0.0241291 control sound timestep  0.000365169 1,1 x 0 y 0
 Wall clock 117.357
 Average time per cell 7.31509e-09
  Step time per cell    7.16185e-09
 Step 69 time 0.0244942 control sound timestep  0.000365167 1,1 x 0 y 0
 Wall clock 119.112
 Average time per cell 7.31687e-09
  Step time per cell    7.438e-09
 Step 70 time 0.0248594 control sound timestep  0.000365177 1,1 x 0 y 0
 Wall clock 120.939
 Average time per cell 7.32295e-09
  Step time per cell    7.74249e-09
 Step 71 time 0.0252246 control sound timestep  0.000365194 1,1 x 0 y 0
 Wall clock 122.689
 Average time per cell 7.32431e-09
  Step time per cell    7.41891e-09
 Step 72 time 0.0255898 control sound timestep  0.000365209 1,1 x 0 y 0
 Wall clock 124.393
 Average time per cell 7.32285e-09
  Step time per cell    7.21912e-09
 Step 73 time 0.025955 control sound timestep  0.000365223 1,1 x 0 y 0
 Wall clock 126.115
 Average time per cell 7.32253e-09
  Step time per cell    7.2989e-09
 Step 74 time 0.0263202 control sound timestep  0.000365239 1,1 x 0 y 0
 Wall clock 127.833
 Average time per cell 7.32197e-09
  Step time per cell    7.28086e-09
 Step 75 time 0.0266854 control sound timestep  0.000365263 1,1 x 0 y 0
 Wall clock 129.558
 Average time per cell 7.32186e-09
  Step time per cell    7.31339e-09
 Step 76 time 0.0270507 control sound timestep  0.000365294 1,1 x 0 y 0
 Wall clock 131.273
 Average time per cell 7.32113e-09
  Step time per cell    7.26623e-09
 Step 77 time 0.027416 control sound timestep  0.000365322 1,1 x 0 y 0
 Wall clock 132.997
 Average time per cell 7.32096e-09
  Step time per cell    7.30835e-09
 Step 78 time 0.0277813 control sound timestep  0.000365349 1,1 x 0 y 0
 Wall clock 134.709
 Average time per cell 7.32013e-09
  Step time per cell    7.25567e-09
 Step 79 time 0.0281467 control sound timestep  0.000365381 1,1 x 0 y 0
 Wall clock 136.436
 Average time per cell 7.32012e-09
  Step time per cell    7.31882e-09
 Step 80 time 0.0285121 control sound timestep  0.000365421 1,1 x 0 y 0
 Wall clock 138.27
 Average time per cell 7.32583e-09
  Step time per cell    7.77646e-09
 Step 81 time 0.0288775 control sound timestep  0.000365457 1,1 x 0 y 0
 Wall clock 140.015
 Average time per cell 7.32669e-09
  Step time per cell    7.39571e-09
 Step 82 time 0.0292429 control sound timestep  0.000365459 1,1 x 0 y 0
 Wall clock 141.712
 Average time per cell 7.32506e-09
  Step time per cell    7.19247e-09
 Step 83 time 0.0296084 control sound timestep  0.000365461 1,1 x 0 y 0
 Wall clock 143.467
 Average time per cell 7.32639e-09
  Step time per cell    7.43555e-09
 Step 84 time 0.0299738 control sound timestep  0.000365461 1,1 x 0 y 0
 Wall clock 145.164
 Average time per cell 7.32484e-09
  Step time per cell    7.19635e-09
 Step 85 time 0.0303393 control sound timestep  0.000365475 1,1 x 0 y 0
 Wall clock 146.921
 Average time per cell 7.32625e-09
  Step time per cell    7.44364e-09
 Step 86 time 0.0307048 control sound timestep  0.000365488 1,1 x 0 y 0
 Wall clock 148.618
 Average time per cell 7.32474e-09
  Step time per cell    7.19616e-09
 Step 87 time 0.0310703 control sound timestep  0.0003655 1,1 x 0 y 0
 Wall clock 150.341
 Average time per cell 7.32447e-09
  Step time per cell    7.30115e-09
 Step 88 time 0.0314358 control sound timestep  0.000365513 1,1 x 0 y 0
 Wall clock 152.059
 Average time per cell 7.32398e-09
  Step time per cell    7.28167e-09
 Step 89 time 0.0318013 control sound timestep  0.000365528 1,1 x 0 y 0
 Wall clock 153.793
 Average time per cell 7.32425e-09
  Step time per cell    7.34761e-09
 Step 90 time 0.0321668 control sound timestep  0.000365555 1,1 x 0 y 0
 Wall clock 155.635
 Average time per cell 7.32964e-09
  Step time per cell    7.80871e-09
 Step 91 time 0.0325324 control sound timestep  0.00036558 1,1 x 0 y 0
 Wall clock 157.366
 Average time per cell 7.3297e-09
  Step time per cell    7.33531e-09
 Step 92 time 0.0328979 control sound timestep  0.000365603 1,1 x 0 y 0
 Wall clock 159.068
 Average time per cell 7.32845e-09
  Step time per cell    7.21413e-09
 Step 93 time 0.0332636 control sound timestep  0.000365628 1,1 x 0 y 0
 Wall clock 160.815
 Average time per cell 7.32928e-09
  Step time per cell    7.40532e-09
 Step 94 time 0.0336292 control sound timestep  0.000365659 1,1 x 0 y 0
 Wall clock 162.522
 Average time per cell 7.32828e-09
  Step time per cell    7.23537e-09
 Step 95 time 0.0339948 control sound timestep  0.000365696 1,1 x 0 y 0
 Wall clock 164.278
 Average time per cell 7.32949e-09
  Step time per cell    7.44251e-09
 Step 96 time 0.0343605 control sound timestep  0.000365709 1,1 x 0 y 0
 Wall clock 165.977
 Average time per cell 7.32816e-09
  Step time per cell    7.2023e-09
 Step 97 time 0.0347262 control sound timestep  0.00036571 1,1 x 0 y 0
 Wall clock 167.699
 Average time per cell 7.32783e-09
  Step time per cell    7.29578e-09
 Step 98 time 0.035092 control sound timestep  0.000365708 1,1 x 0 y 0
 Wall clock 169.422
 Average time per cell 7.32759e-09
  Step time per cell    7.30342e-09
 Step 99 time 0.0354577 control sound timestep  0.000365716 1,1 x 0 y 0
 Wall clock 171.144
 Average time per cell 7.32729e-09
  Step time per cell    7.29833e-09
 Step 100 time 0.0358234 control sound timestep  0.000365728 1,1 x 0 y 0
 Wall clock 172.995
 Average time per cell 7.33247e-09
  Step time per cell    7.84495e-09
 Step 101 time 0.0361891 control sound timestep  0.000365739 1,1 x 0 y 0
 Wall clock 174.724
 Average time per cell 7.33244e-09
  Step time per cell    7.3295e-09
 Step 102 time 0.0365548 control sound timestep  0.000365749 1,1 x 0 y 0
 Wall clock 176.443
 Average time per cell 7.33197e-09
  Step time per cell    7.28425e-09
 Step 103 time 0.0369206 control sound timestep  0.000365761 1,1 x 0 y 0
 Wall clock 178.177
 Average time per cell 7.33214e-09
  Step time per cell    7.34917e-09
 Step 104 time 0.0372864 control sound timestep  0.00036578 1,1 x 0 y 0
 Wall clock 179.903
 Average time per cell 7.33199e-09
  Step time per cell    7.31558e-09
 Step 105 time 0.0376521 control sound timestep  0.000365803 1,1 x 0 y 0
 Wall clock 181.644
 Average time per cell 7.33245e-09
  Step time per cell    7.37993e-09
 Step 106 time 0.0380179 control sound timestep  0.000365823 1,1 x 0 y 0
 Wall clock 183.363
 Average time per cell 7.33201e-09
  Step time per cell    7.28584e-09
 Step 107 time 0.0383838 control sound timestep  0.000365844 1,1 x 0 y 0
 Wall clock 185.092
 Average time per cell 7.33198e-09
  Step time per cell    7.32829e-09
 Step 108 time 0.0387496 control sound timestep  0.000365869 1,1 x 0 y 0
 Wall clock 186.815
 Average time per cell 7.33171e-09
  Step time per cell    7.30265e-09
 Step 109 time 0.0391155 control sound timestep  0.000365899 1,1 x 0 y 0
 Wall clock 188.534
 Average time per cell 7.33129e-09
  Step time per cell    7.28622e-09
 Step 110 time 0.0394814 control sound timestep  0.000365927 1,1 x 0 y 0
 Wall clock 190.389
 Average time per cell 7.33612e-09
  Step time per cell    7.8619e-09
 Step 111 time 0.0398473 control sound timestep  0.000365928 1,1 x 0 y 0
 Wall clock 192.119
 Average time per cell 7.33608e-09
  Step time per cell    7.33131e-09
 Step 112 time 0.0402132 control sound timestep  0.000365927 1,1 x 0 y 0
 Wall clock 193.839
 Average time per cell 7.3357e-09
  Step time per cell    7.29343e-09
 Step 113 time 0.0405792 control sound timestep  0.000365929 1,1 x 0 y 0
 Wall clock 195.574
 Average time per cell 7.33584e-09
  Step time per cell    7.35117e-09
 Step 114 time 0.0409451 control sound timestep  0.000365939 1,1 x 0 y 0
 Wall clock 197.295
 Average time per cell 7.33547e-09
  Step time per cell    7.29367e-09
 Step 115 time 0.041311 control sound timestep  0.000365949 1,1 x 0 y 0
 Wall clock 199.033
 Average time per cell 7.33574e-09
  Step time per cell    7.3661e-09
 Step 116 time 0.041677 control sound timestep  0.000365958 1,1 x 0 y 0
 Wall clock 200.759
 Average time per cell 7.33557e-09
  Step time per cell    7.31628e-09
 Step 117 time 0.0420429 control sound timestep  0.000365968 1,1 x 0 y 0
 Wall clock 202.492
 Average time per cell 7.33566e-09
  Step time per cell    7.34507e-09
 Step 118 time 0.0424089 control sound timestep  0.00036598 1,1 x 0 y 0
 Wall clock 204.221
 Average time per cell 7.33561e-09
  Step time per cell    7.33044e-09
 Step 119 time 0.0427749 control sound timestep  0.000366001 1,1 x 0 y 0
 Wall clock 205.949
 Average time per cell 7.33551e-09
  Step time per cell    7.32323e-09
 Step 120 time 0.0431409 control sound timestep  0.00036602 1,1 x 0 y 0
 Wall clock 207.792
 Average time per cell 7.33949e-09
  Step time per cell    7.81234e-09
 Step 121 time 0.0435069 control sound timestep  0.000366037 1,1 x 0 y 0
 Wall clock 209.555
 Average time per cell 7.34057e-09
  Step time per cell    7.47051e-09
 Step 122 time 0.0438729 control sound timestep  0.000366057 1,1 x 0 y 0
 Wall clock 211.258
 Average time per cell 7.33959e-09
  Step time per cell    7.22076e-09
 Step 123 time 0.044239 control sound timestep  0.000366082 1,1 x 0 y 0
 Wall clock 212.983
 Average time per cell 7.33936e-09
  Step time per cell    7.31113e-09
 Step 124 time 0.0446051 control sound timestep  0.000366111 1,1 x 0 y 0
 Wall clock 214.715
 Average time per cell 7.33935e-09
  Step time per cell    7.33821e-09
 Step 125 time 0.0449712 control sound timestep  0.000366119 1,1 x 0 y 0
 Wall clock 216.442
 Average time per cell 7.3392e-09
  Step time per cell    7.31977e-09
 Step 126 time 0.0453373 control sound timestep  0.00036612 1,1 x 0 y 0
 Wall clock 218.168
 Average time per cell 7.33903e-09
  Step time per cell    7.31755e-09
 Step 127 time 0.0457034 control sound timestep  0.000366118 1,1 x 0 y 0
 Wall clock 219.893
 Average time per cell 7.3388e-09
  Step time per cell    7.30919e-09
 Step 128 time 0.0460695 control sound timestep  0.000366125 1,1 x 0 y 0
 Wall clock 221.623
 Average time per cell 7.33876e-09
  Step time per cell    7.33347e-09
 Step 129 time 0.0464357 control sound timestep  0.000366134 1,1 x 0 y 0
 Wall clock 223.356
 Average time per cell 7.33882e-09
  Step time per cell    7.34608e-09
 Step 130 time 0.0468018 control sound timestep  0.000366143 1,1 x 0 y 0
 Wall clock 225.218
 Average time per cell 7.34305e-09
  Step time per cell    7.88933e-09
 Step 131 time 0.0471679 control sound timestep  0.000366151 1,1 x 0 y 0
 Wall clock 226.963
 Average time per cell 7.34345e-09
  Step time per cell    7.3954e-09
 Step 132 time 0.0475341 control sound timestep  0.00036616 1,1 x 0 y 0
 Wall clock 228.672
 Average time per cell 7.34273e-09
  Step time per cell    7.24692e-09
 Step 133 time 0.0479003 control sound timestep  0.000366177 1,1 x 0 y 0
 Wall clock 230.401
 Average time per cell 7.3426e-09
  Step time per cell    7.32557e-09
 Step 134 time 0.0482664 control sound timestep  0.000366195 1,1 x 0 y 0
 Wall clock 232.133
 Average time per cell 7.34261e-09
  Step time per cell    7.34336e-09
 Step 135 time 0.0486326 control sound timestep  0.000366211 1,1 x 0 y 0
 Wall clock 233.857
 Average time per cell 7.34232e-09
  Step time per cell    7.30365e-09
 Step 136 time 0.0489988 control sound timestep  0.000366227 1,1 x 0 y 0
 Wall clock 235.584
 Average time per cell 7.34218e-09
  Step time per cell    7.32379e-09
 Step 137 time 0.0493651 control sound timestep  0.000366248 1,1 x 0 y 0
 Wall clock 237.319
 Average time per cell 7.34227e-09
  Step time per cell    7.35327e-09
 Step 138 time 0.0497313 control sound timestep  0.000366273 1,1 x 0 y 0
 Wall clock 239.047
 Average time per cell 7.34213e-09
  Step time per cell    7.32346e-09
 Step 139 time 0.0500976 control sound timestep  0.000366291 1,1 x 0 y 0
 Wall clock 240.779
 Average time per cell 7.34212e-09
  Step time per cell    7.33968e-09
 Step 140 time 0.0504639 control sound timestep  0.000366292 1,1 x 0 y 0
 Wall clock 242.631
 Average time per cell 7.34575e-09
  Step time per cell    7.85055e-09
 Step 141 time 0.0508302 control sound timestep  0.000366288 1,1 x 0 y 0
 Wall clock 244.393
 Average time per cell 7.3466e-09
  Step time per cell    7.46564e-09
 Step 142 time 0.0511965 control sound timestep  0.000366292 1,1 x 0 y 0
 Wall clock 246.098
 Average time per cell 7.34576e-09
  Step time per cell    7.2264e-09
 Step 143 time 0.0515627 control sound timestep  0.000366301 1,1 x 0 y 0
 Wall clock 247.832
 Average time per cell 7.34579e-09
  Step time per cell    7.3505e-09
 Step 144 time 0.051929 control sound timestep  0.000366308 1,1 x 0 y 0
 Wall clock 249.564
 Average time per cell 7.34577e-09
  Step time per cell    7.34226e-09
 Step 145 time 0.0522954 control sound timestep  0.000366316 1,1 x 0 y 0
 Wall clock 251.294
 Average time per cell 7.34568e-09
  Step time per cell    7.33212e-09
 Step 146 time 0.0526617 control sound timestep  0.000366324 1,1 x 0 y 0
 Wall clock 253.018
 Average time per cell 7.34542e-09
  Step time per cell    7.30817e-09
 Step 147 time 0.053028 control sound timestep  0.000366336 1,1 x 0 y 0
 Wall clock 254.755
 Average time per cell 7.34551e-09
  Step time per cell    7.35861e-09
 Step 148 time 0.0533943 control sound timestep  0.000366353 1,1 x 0 y 0
 Wall clock 256.491
 Average time per cell 7.3456e-09
  Step time per cell    7.35809e-09
 Step 149 time 0.0537607 control sound timestep  0.000366368 1,1 x 0 y 0
 Wall clock 258.225
 Average time per cell 7.34565e-09
  Step time per cell    7.35285e-09
 Step 150 time 0.0541271 control sound timestep  0.000366382 1,1 x 0 y 0
 Wall clock 260.082
 Average time per cell 7.34913e-09
  Step time per cell    7.86797e-09
 Step 151 time 0.0544934 control sound timestep  0.000366399 1,1 x 0 y 0
 Wall clock 261.815
 Average time per cell 7.34911e-09
  Step time per cell    7.34589e-09
 Step 152 time 0.0548598 control sound timestep  0.000366421 1,1 x 0 y 0
 Wall clock 263.55
 Average time per cell 7.34915e-09
  Step time per cell    7.35422e-09
 Step 153 time 0.0552263 control sound timestep  0.000366444 1,1 x 0 y 0
 Wall clock 265.3
 Average time per cell 7.34958e-09
  Step time per cell    7.41552e-09
 Step 154 time 0.0555927 control sound timestep  0.000366446 1,1 x 0 y 0
 Wall clock 267.024
 Average time per cell 7.34932e-09
  Step time per cell    7.30845e-09
 Step 155 time 0.0559591 control sound timestep  0.000366445 1,1 x 0 y 0
 Wall clock 268.76
 Average time per cell 7.34939e-09
  Step time per cell    7.35957e-09
 Step 156 time 0.0563256 control sound timestep  0.000366445 1,1 x 0 y 0
 Wall clock 270.497
 Average time per cell 7.34947e-09
  Step time per cell    7.36191e-09
 Step 157 time 0.056692 control sound timestep  0.000366452 1,1 x 0 y 0
 Wall clock 272.237
 Average time per cell 7.34962e-09
  Step time per cell    7.37271e-09
 Step 158 time 0.0570585 control sound timestep  0.000366459 1,1 x 0 y 0
 Wall clock 273.971
 Average time per cell 7.34962e-09
  Step time per cell    7.34975e-09
 Step 159 time 0.0574249 control sound timestep  0.000366466 1,1 x 0 y 0
 Wall clock 275.705
 Average time per cell 7.34961e-09
  Step time per cell    7.34813e-09
 Step 160 time 0.0577914 control sound timestep  0.000366473 1,1 x 0 y 0
 Wall clock 277.569
 Average time per cell 7.35307e-09
  Step time per cell    7.90187e-09
 Step 161 time 0.0581579 control sound timestep  0.000366482 1,1 x 0 y 0
 Wall clock 279.329
 Average time per cell 7.35372e-09
  Step time per cell    7.45802e-09
 Step 162 time 0.0585244 control sound timestep  0.000366498 1,1 x 0 y 0
 Wall clock 281.043
 Average time per cell 7.35319e-09
  Step time per cell    7.26844e-09
 Step 163 time 0.0588909 control sound timestep  0.000366512 1,1 x 0 y 0
 Wall clock 282.813
 Average time per cell 7.35409e-09
  Step time per cell    7.49847e-09
 Step 164 time 0.0592574 control sound timestep  0.000366525 1,1 x 0 y 0
 Wall clock 284.531
 Average time per cell 7.35366e-09
  Step time per cell    7.28455e-09
 Step 165 time 0.0596239 control sound timestep  0.000366539 1,1 x 0 y 0
 Wall clock 286.285
 Average time per cell 7.35415e-09
  Step time per cell    7.43312e-09
 Step 166 time 0.0599904 control sound timestep  0.000366558 1,1 x 0 y 0
 Wall clock 288.006
 Average time per cell 7.35378e-09
  Step time per cell    7.29291e-09
 Step 167 time 0.060357 control sound timestep  0.00036658 1,1 x 0 y 0
 Wall clock 289.745
 Average time per cell 7.35389e-09
  Step time per cell    7.37136e-09
 Step 168 time 0.0607236 control sound timestep  0.000366586 1,1 x 0 y 0
 Wall clock 291.471
 Average time per cell 7.35366e-09
  Step time per cell    7.31491e-09
 Step 169 time 0.0610902 control sound timestep  0.000366586 1,1 x 0 y 0
 Wall clock 293.221
 Average time per cell 7.35403e-09
  Step time per cell    7.41619e-09
 Step 170 time 0.0614568 control sound timestep  0.000366585 1,1 x 0 y 0
 Wall clock 295.091
 Average time per cell 7.3574e-09
  Step time per cell    7.92643e-09
 Step 171 time 0.0618233 control sound timestep  0.00036659 1,1 x 0 y 0
 Wall clock 296.836
 Average time per cell 7.35762e-09
  Step time per cell    7.39591e-09
 Step 172 time 0.0621899 control sound timestep  0.000366597 1,1 x 0 y 0
 Wall clock 298.558
 Average time per cell 7.35729e-09
  Step time per cell    7.29961e-09
 Step 173 time 0.0625565 control sound timestep  0.000366603 1,1 x 0 y 0
 Wall clock 300.292
 Average time per cell 7.35725e-09
  Step time per cell    7.35132e-09
 Step 174 time 0.0629231 control sound timestep  0.000366609 1,1 x 0 y 0
 Wall clock 302.023
 Average time per cell 7.35714e-09
  Step time per cell    7.33663e-09
 Step 175 time 0.0632897 control sound timestep  0.000366616 1,1 x 0 y 0
 Wall clock 303.76
 Average time per cell 7.35716e-09
  Step time per cell    7.36109e-09
 Step 176 time 0.0636564 control sound timestep  0.000366631 1,1 x 0 y 0
 Wall clock 305.494
 Average time per cell 7.35712e-09
  Step time per cell    7.34967e-09
 Step 177 time 0.064023 control sound timestep  0.000366644 1,1 x 0 y 0
 Wall clock 307.237
 Average time per cell 7.3573e-09
  Step time per cell    7.38806e-09
 Step 178 time 0.0643896 control sound timestep  0.000366656 1,1 x 0 y 0
 Wall clock 308.97
 Average time per cell 7.35723e-09
  Step time per cell    7.34516e-09
 Step 179 time 0.0647563 control sound timestep  0.000366668 1,1 x 0 y 0
 Wall clock 310.708
 Average time per cell 7.35728e-09
  Step time per cell    7.36593e-09
 Step 180 time 0.065123 control sound timestep  0.000366685 1,1 x 0 y 0
 Wall clock 312.561
 Average time per cell 7.36004e-09
  Step time per cell    7.8548e-09
 Step 181 time 0.0654896 control sound timestep  0.000366704 1,1 x 0 y 0
 Wall clock 314.331
 Average time per cell 7.36081e-09
  Step time per cell    7.49902e-09
 Step 182 time 0.0658563 control sound timestep  0.000366715 1,1 x 0 y 0
 Wall clock 316.042
 Average time per cell 7.36022e-09
  Step time per cell    7.25356e-09
 Step 183 time 0.0662231 control sound timestep  0.000366716 1,1 x 0 y 0
 Wall clock 317.807
 Average time per cell 7.36087e-09
  Step time per cell    7.47836e-09
 Step 184 time 0.0665898 control sound timestep  0.000366713 1,1 x 0 y 0
 Wall clock 319.527
 Average time per cell 7.3605e-09
  Step time per cell    7.29137e-09
 Step 185 time 0.0669565 control sound timestep  0.000366717 1,1 x 0 y 0
 Wall clock 321.283
 Average time per cell 7.36096e-09
  Step time per cell    7.44544e-09
 Step 186 time 0.0673232 control sound timestep  0.000366724 1,1 x 0 y 0
 Wall clock 323
 Average time per cell 7.3605e-09
  Step time per cell    7.27592e-09
 Step 187 time 0.0676899 control sound timestep  0.000366729 1,1 x 0 y 0
 Wall clock 324.748
 Average time per cell 7.36076e-09
  Step time per cell    7.40962e-09
 Step 188 time 0.0680567 control sound timestep  0.000366735 1,1 x 0 y 0
 Wall clock 326.464
 Average time per cell 7.36029e-09
  Step time per cell    7.27194e-09
 Step 189 time 0.0684234 control sound timestep  0.000366742 1,1 x 0 y 0
 Wall clock 328.22
 Average time per cell 7.36072e-09
  Step time per cell    7.44052e-09
 Step 190 time 0.0687901 control sound timestep  0.000366754 1,1 x 0 y 0
 Wall clock 330.099
 Average time per cell 7.36391e-09
  Step time per cell    7.96628e-09
 Step 191 time 0.0691569 control sound timestep  0.000366766 1,1 x 0 y 0
 Wall clock 331.844
 Average time per cell 7.36408e-09
  Step time per cell    7.39649e-09
 Step 192 time 0.0695237 control sound timestep  0.000366777 1,1 x 0 y 0
 Wall clock 333.571
 Average time per cell 7.36384e-09
  Step time per cell    7.31812e-09
 Step 193 time 0.0698904 control sound timestep  0.000366789 1,1 x 0 y 0
 Wall clock 335.315
 Average time per cell 7.36399e-09
  Step time per cell    7.39178e-09
 Step 194 time 0.0702572 control sound timestep  0.000366803 1,1 x 0 y 0
 Wall clock 337.051
 Average time per cell 7.36396e-09
  Step time per cell    7.35923e-09
 Step 195 time 0.070624 control sound timestep  0.000366821 1,1 x 0 y 0
 Wall clock 338.796
 Average time per cell 7.36412e-09
  Step time per cell    7.39368e-09
 Step 196 time 0.0709908 control sound timestep  0.000366835 1,1 x 0 y 0
 Wall clock 340.528
 Average time per cell 7.36401e-09
  Step time per cell    7.34271e-09
 Step 197 time 0.0713577 control sound timestep  0.000366836 1,1 x 0 y 0
 Wall clock 342.276
 Average time per cell 7.36424e-09
  Step time per cell    7.40913e-09
 Step 198 time 0.0717245 control sound timestep  0.000366833 1,1 x 0 y 0
 Wall clock 344.007
 Average time per cell 7.3641e-09
  Step time per cell    7.337e-09
 Step 199 time 0.0720913 control sound timestep  0.000366836 1,1 x 0 y 0
 Wall clock 345.749
 Average time per cell 7.3642e-09
  Step time per cell    7.38393e-09
 Step 200 time 0.0724582 control sound timestep  0.000366842 1,1 x 0 y 0
 Wall clock 347.613
 Average time per cell 7.36687e-09
  Step time per cell    7.89706e-09
 Step 201 time 0.072825 control sound timestep  0.000366847 1,1 x 0 y 0
 Wall clock 349.367
 Average time per cell 7.36721e-09
  Step time per cell    7.43441e-09
 Step 202 time 0.0731919 control sound timestep  0.000366853 1,1 x 0 y 0
 Wall clock 351.087
 Average time per cell 7.36683e-09
  Step time per cell    7.28976e-09
 Step 203 time 0.0735587 control sound timestep  0.000366859 1,1 x 0 y 0
 Wall clock 352.855
 Average time per cell 7.36746e-09
  Step time per cell    7.49576e-09
 Step 204 time 0.0739256 control sound timestep  0.000366869 1,1 x 0 y 0
 Wall clock 354.578
 Average time per cell 7.36713e-09
  Step time per cell    7.30037e-09
 Step 205 time 0.0742925 control sound timestep  0.000366881 1,1 x 0 y 0
 Wall clock 356.337
 Average time per cell 7.36757e-09
  Step time per cell    7.45632e-09
 Step 206 time 0.0746593 control sound timestep  0.000366892 1,1 x 0 y 0
 Wall clock 358.065
 Average time per cell 7.36736e-09
  Step time per cell    7.32477e-09
 Step 207 time 0.0750262 control sound timestep  0.000366902 1,1 x 0 y 0
 Wall clock 359.822
 Average time per cell 7.36775e-09
  Step time per cell    7.44615e-09
 Step 208 time 0.0753931 control sound timestep  0.000366915 1,1 x 0 y 0
 Wall clock 361.565
 Average time per cell 7.36785e-09
  Step time per cell    7.38839e-09
 Step 209 time 0.07576 control sound timestep  0.000366932 1,1 x 0 y 0
 Wall clock 363.319
 Average time per cell 7.36817e-09
  Step time per cell    7.43571e-09
 Step 210 time 0.076127 control sound timestep  0.000366947 1,1 x 0 y 0
 Wall clock 365.187
 Average time per cell 7.37078e-09
  Step time per cell    7.91578e-09
 Step 211 time 0.0764939 control sound timestep  0.000366948 1,1 x 0 y 0
 Wall clock 366.96
 Average time per cell 7.37147e-09
  Step time per cell    7.51533e-09
 Step 212 time 0.0768609 control sound timestep  0.000366945 1,1 x 0 y 0
 Wall clock 368.684
 Average time per cell 7.37116e-09
  Step time per cell    7.30701e-09
 Step 213 time 0.0772278 control sound timestep  0.000366947 1,1 x 0 y 0
 Wall clock 370.435
 Average time per cell 7.3714e-09
  Step time per cell    7.42191e-09
 Step 214 time 0.0775948 control sound timestep  0.000366952 1,1 x 0 y 0
 Wall clock 372.187
 Average time per cell 7.37166e-09
  Step time per cell    7.427e-09
 Step 215 time 0.0779617 control sound timestep  0.000366958 1,1 x 0 y 0
 Wall clock 373.938
 Average time per cell 7.37189e-09
  Step time per cell    7.42005e-09
 Step 216 time 0.0783287 control sound timestep  0.000366963 1,1 x 0 y 0
 Wall clock 375.67
 Average time per cell 7.37175e-09
  Step time per cell    7.34056e-09
 Step 217 time 0.0786956 control sound timestep  0.000366968 1,1 x 0 y 0
 Wall clock 377.441
 Average time per cell 7.37236e-09
  Step time per cell    7.50437e-09
 Step 218 time 0.0790626 control sound timestep  0.000366977 1,1 x 0 y 0
 Wall clock 379.166
 Average time per cell 7.37209e-09
  Step time per cell    7.31379e-09
 Step 219 time 0.0794296 control sound timestep  0.000366989 1,1 x 0 y 0
 Wall clock 380.928
 Average time per cell 7.37253e-09
  Step time per cell    7.4666e-09
 Step 220 time 0.0797966 control sound timestep  0.000366999 1,1 x 0 y 0
 Wall clock 382.79
 Average time per cell 7.37488e-09
  Step time per cell    7.89042e-09
 Step 221 time 0.0801636 control sound timestep  0.000367009 1,1 x 0 y 0
 Wall clock 384.543
 Average time per cell 7.37515e-09
  Step time per cell    7.43379e-09
 Step 222 time 0.0805306 control sound timestep  0.000367021 1,1 x 0 y 0
 Wall clock 386.286
 Average time per cell 7.37519e-09
  Step time per cell    7.38351e-09
 Step 223 time 0.0808976 control sound timestep  0.000367036 1,1 x 0 y 0
 Wall clock 388.062
 Average time per cell 7.37587e-09
  Step time per cell    7.52812e-09
 Step 224 time 0.0812646 control sound timestep  0.000367052 1,1 x 0 y 0
 Wall clock 389.791
 Average time per cell 7.37566e-09
  Step time per cell    7.32855e-09
 Step 225 time 0.0816317 control sound timestep  0.000367052 1,1 x 0 y 0
 Wall clock 391.552
 Average time per cell 7.37606e-09
  Step time per cell    7.46431e-09
 Step 226 time 0.0819987 control sound timestep  0.00036705 1,1 x 0 y 0
 Wall clock 393.299
 Average time per cell 7.37619e-09
  Step time per cell    7.40533e-09
 Step 227 time 0.0823658 control sound timestep  0.000367051 1,1 x 0 y 0
 Wall clock 395.056
 Average time per cell 7.3765e-09
  Step time per cell    7.44567e-09
 Step 228 time 0.0827328 control sound timestep  0.000367056 1,1 x 0 y 0
 Wall clock 396.792
 Average time per cell 7.37642e-09
  Step time per cell    7.35769e-09
 Step 229 time 0.0830999 control sound timestep  0.000367062 1,1 x 0 y 0
 Wall clock 398.545
 Average time per cell 7.37665e-09
  Step time per cell    7.43036e-09
 Step 230 time 0.083467 control sound timestep  0.000367066 1,1 x 0 y 0
 Wall clock 400.407
 Average time per cell 7.3789e-09
  Step time per cell    7.89269e-09
 Step 231 time 0.083834 control sound timestep  0.000367071 1,1 x 0 y 0
 Wall clock 402.181
 Average time per cell 7.3795e-09
  Step time per cell    7.51717e-09
 Step 232 time 0.0842011 control sound timestep  0.000367079 1,1 x 0 y 0
 Wall clock 403.907
 Average time per cell 7.37923e-09
  Step time per cell    7.31746e-09
 Step 233 time 0.0845682 control sound timestep  0.000367091 1,1 x 0 y 0
 Wall clock 405.669
 Average time per cell 7.3796e-09
  Step time per cell    7.46646e-09
 Step 234 time 0.0849353 control sound timestep  0.0003671 1,1 x 0 y 0
 Wall clock 407.423
 Average time per cell 7.37985e-09
  Step time per cell    7.43582e-09
 Step 235 time 0.0853024 control sound timestep  0.00036711 1,1 x 0 y 0
 Wall clock 409.169
 Average time per cell 7.37994e-09
  Step time per cell    7.40125e-09
 Step 236 time 0.0856695 control sound timestep  0.000367121 1,1 x 0 y 0
 Wall clock 410.897
 Average time per cell 7.3797e-09
  Step time per cell    7.32289e-09
 Step 237 time 0.0860366 control sound timestep  0.000367135 1,1 x 0 y 0
 Wall clock 412.644
 Average time per cell 7.3798e-09
  Step time per cell    7.40437e-09
 Step 238 time 0.0864037 control sound timestep  0.000367151 1,1 x 0 y 0
 Wall clock 414.393
 Average time per cell 7.37994e-09
  Step time per cell    7.41334e-09
 Step 239 time 0.0867709 control sound timestep  0.000367151 1,1 x 0 y 0
 Wall clock 416.157
 Average time per cell 7.38034e-09
  Step time per cell    7.47484e-09
 Step 240 time 0.087138 control sound timestep  0.00036715 1,1 x 0 y 0
 Wall clock 418.019
 Average time per cell 7.38248e-09
  Step time per cell    7.89206e-09
 Step 241 time 0.0875052 control sound timestep  0.00036715 1,1 x 0 y 0
 Wall clock 419.783
 Average time per cell 7.38287e-09
  Step time per cell    7.47773e-09
 Step 242 time 0.0878723 control sound timestep  0.000367155 1,1 x 0 y 0
 Wall clock 421.534
 Average time per cell 7.38304e-09
  Step time per cell    7.4233e-09
 Step 243 time 0.0882395 control sound timestep  0.00036716 1,1 x 0 y 0
 Wall clock 423.283
 Average time per cell 7.38315e-09
  Step time per cell    7.40924e-09
 Step 244 time 0.0886066 control sound timestep  0.000367164 1,1 x 0 y 0
 Wall clock 425.018
 Average time per cell 7.38303e-09
  Step time per cell    7.35462e-09
 Step 245 time 0.0889738 control sound timestep  0.000367169 1,1 x 0 y 0
 Wall clock 426.789
 Average time per cell 7.38354e-09
  Step time per cell    7.50646e-09
 Step 246 time 0.089341 control sound timestep  0.000367177 1,1 x 0 y 0
 Wall clock 428.547
 Average time per cell 7.38382e-09
  Step time per cell    7.45297e-09
 Step 247 time 0.0897082 control sound timestep  0.000367187 1,1 x 0 y 0
 Wall clock 430.307
 Average time per cell 7.38412e-09
  Step time per cell    7.45785e-09
 Step 248 time 0.0900753 control sound timestep  0.000367197 1,1 x 0 y 0
 Wall clock 432.045
 Average time per cell 7.38405e-09
  Step time per cell    7.36561e-09
 Step 249 time 0.0904425 control sound timestep  0.000367205 1,1 x 0 y 0
 Wall clock 433.822
 Average time per cell 7.38465e-09
  Step time per cell    7.53471e-09
 Step 250 time 0.0908097 control sound timestep  0.000367216 1,1 x 0 y 0
 Wall clock 435.699
 Average time per cell 7.38692e-09
  Step time per cell    7.95195e-09
 Step 251 time 0.091177 control sound timestep  0.000367229 1,1 x 0 y 0
 Wall clock 437.465
 Average time per cell 7.38732e-09
  Step time per cell    7.48564e-09
 Step 252 time 0.0915442 control sound timestep  0.000367244 1,1 x 0 y 0
 Wall clock 439.191
 Average time per cell 7.38704e-09
  Step time per cell    7.31712e-09
 Step 253 time 0.0919114 control sound timestep  0.000367245 1,1 x 0 y 0
 Wall clock 440.962
 Average time per cell 7.3875e-09
  Step time per cell    7.50399e-09
 Step 254 time 0.0922787 control sound timestep  0.000367243 1,1 x 0 y 0
 Wall clock 442.7
 Average time per cell 7.38743e-09
  Step time per cell    7.36952e-09
 Step 255 time 0.0926459 control sound timestep  0.000367244 1,1 x 0 y 0
 Wall clock 444.463
 Average time per cell 7.38777e-09
  Step time per cell    7.47301e-09
 Step 256 time 0.0930132 control sound timestep  0.000367248 1,1 x 0 y 0
 Wall clock 446.197
 Average time per cell 7.38762e-09
  Step time per cell    7.34904e-09
 Step 257 time 0.0933804 control sound timestep  0.000367253 1,1 x 0 y 0
 Wall clock 447.974
 Average time per cell 7.38817e-09
  Step time per cell    7.52886e-09
 Step 258 time 0.0937477 control sound timestep  0.000367257 1,1 x 0 y 0
 Wall clock 449.718
 Average time per cell 7.38819e-09
  Step time per cell    7.39231e-09
 Step 259 time 0.0941149 control sound timestep  0.000367262 1,1 x 0 y 0
 Wall clock 451.48
 Average time per cell 7.38849e-09
  Step time per cell    7.46725e-09
 Step 260 time 0.0944822 control sound timestep  0.000367269 1,1 x 0 y 0
 Wall clock 453.349
 Average time per cell 7.39056e-09
  Step time per cell    7.92506e-09
 Step 261 time 0.0948495 control sound timestep  0.000367279 1,1 x 0 y 0
 Wall clock 455.134
 Average time per cell 7.39122e-09
  Step time per cell    7.56256e-09
 Step 262 time 0.0952167 control sound timestep  0.000367288 1,1 x 0 y 0
 Wall clock 456.886
 Average time per cell 7.39136e-09
  Step time per cell    7.42858e-09
 Step 263 time 0.095584 control sound timestep  0.000367297 1,1 x 0 y 0
 Wall clock 458.642
 Average time per cell 7.39155e-09
  Step time per cell    7.44073e-09
 Step 264 time 0.0959513 control sound timestep  0.000367307 1,1 x 0 y 0
 Wall clock 460.389
 Average time per cell 7.39161e-09
  Step time per cell    7.40604e-09
 Step 265 time 0.0963186 control sound timestep  0.00036732 1,1 x 0 y 0
 Wall clock 462.154
 Average time per cell 7.39194e-09
  Step time per cell    7.47893e-09
 Step 266 time 0.0966859 control sound timestep  0.000367334 1,1 x 0 y 0
 Wall clock 463.892
 Average time per cell 7.39184e-09
  Step time per cell    7.36594e-09
 Step 267 time 0.0970533 control sound timestep  0.000367334 1,1 x 0 y 0
 Wall clock 465.66
 Average time per cell 7.39222e-09
  Step time per cell    7.49249e-09
 Step 268 time 0.0974206 control sound timestep  0.000367332 1,1 x 0 y 0
 Wall clock 467.393
 Average time per cell 7.39204e-09
  Step time per cell    7.34517e-09
 Step 269 time 0.0977879 control sound timestep  0.000367333 1,1 x 0 y 0
 Wall clock 469.158
 Average time per cell 7.39238e-09
  Step time per cell    7.48216e-09
 Step 270 time 0.0981553 control sound timestep  0.000367338 1,1 x 0 y 0
 Wall clock 471.044
 Average time per cell 7.39461e-09
  Step time per cell    7.99399e-09
 Step 271 time 0.0985226 control sound timestep  0.000367342 1,1 x 0 y 0
 Wall clock 472.819
 Average time per cell 7.39508e-09
  Step time per cell    7.52312e-09
 Step 272 time 0.09889 control sound timestep  0.000367346 1,1 x 0 y 0
 Wall clock 474.561
 Average time per cell 7.39505e-09
  Step time per cell    7.38529e-09
 Step 273 time 0.0992573 control sound timestep  0.00036735 1,1 x 0 y 0
 Wall clock 476.322
 Average time per cell 7.39529e-09
  Step time per cell    7.46135e-09
 Step 274 time 0.0996247 control sound timestep  0.000367358 1,1 x 0 y 0
 Wall clock 478.07
 Average time per cell 7.39534e-09
  Step time per cell    7.40756e-09
 Step 275 time 0.099992 control sound timestep  0.000367367 1,1 x 0 y 0
 Wall clock 479.841
 Average time per cell 7.39575e-09
  Step time per cell    7.50702e-09
 Step 276 time 0.100359 control sound timestep  0.000367376 1,1 x 0 y 0
 Wall clock 481.58
 Average time per cell 7.39565e-09
  Step time per cell    7.37033e-09
 Step 277 time 0.100727 control sound timestep  0.000367384 1,1 x 0 y 0
 Wall clock 483.348
 Average time per cell 7.39602e-09
  Step time per cell    7.49599e-09
 Step 278 time 0.101094 control sound timestep  0.000367394 1,1 x 0 y 0
 Wall clock 485.103
 Average time per cell 7.39617e-09
  Step time per cell    7.4371e-09
 Step 279 time 0.101462 control sound timestep  0.000367406 1,1 x 0 y 0
 Wall clock 486.872
 Average time per cell 7.39654e-09
  Step time per cell    7.50005e-09
 Step 280 time 0.101829 control sound timestep  0.000367419 1,1 x 0 y 0
 Wall clock 488.746
 Average time per cell 7.39848e-09
  Step time per cell    7.93865e-09
 Step 281 time 0.102196 control sound timestep  0.000367419 1,1 x 0 y 0
 Wall clock 490.508
 Average time per cell 7.39873e-09
  Step time per cell    7.46957e-09
 Step 282 time 0.102564 control sound timestep  0.000367417 1,1 x 0 y 0
 Wall clock 492.274
 Average time per cell 7.39905e-09
  Step time per cell    7.48726e-09
 Step 283 time 0.102931 control sound timestep  0.000367418 1,1 x 0 y 0
 Wall clock 494.045
 Average time per cell 7.39942e-09
  Step time per cell    7.50353e-09
 Step 284 time 0.103299 control sound timestep  0.000367423 1,1 x 0 y 0
 Wall clock 495.786
 Average time per cell 7.39934e-09
  Step time per cell    7.37817e-09
 Step 285 time 0.103666 control sound timestep  0.000367427 1,1 x 0 y 0
 Wall clock 497.558
 Average time per cell 7.39974e-09
  Step time per cell    7.51247e-09
 Step 286 time 0.104033 control sound timestep  0.000367431 1,1 x 0 y 0
 Wall clock 499.326
 Average time per cell 7.40007e-09
  Step time per cell    7.49303e-09
 Step 287 time 0.104401 control sound timestep  0.000367435 1,1 x 0 y 0
 Wall clock 501.1
 Average time per cell 7.40048e-09
  Step time per cell    7.51955e-09
 Step 288 time 0.104768 control sound timestep  0.000367442 1,1 x 0 y 0
 Wall clock 502.846
 Average time per cell 7.40048e-09
  Step time per cell    7.3989e-09
 Step 289 time 0.105136 control sound timestep  0.000367452 1,1 x 0 y 0
 Wall clock 504.623
 Average time per cell 7.40094e-09
  Step time per cell    7.53463e-09
 Step 290 time 0.105503 control sound timestep  0.00036746 1,1 x 0 y 0
 Wall clock 506.519
 Average time per cell 7.40313e-09
  Step time per cell    8.03382e-09
 Step 291 time 0.105871 control sound timestep  0.000367468 1,1 x 0 y 0
 Wall clock 508.294
 Average time per cell 7.40354e-09
  Step time per cell    7.52424e-09
 Step 292 time 0.106238 control sound timestep  0.000367477 1,1 x 0 y 0
 Wall clock 510.038
 Average time per cell 7.4035e-09
  Step time per cell    7.39115e-09
 Step 293 time 0.106606 control sound timestep  0.00036749 1,1 x 0 y 0
 Wall clock 511.81
 Average time per cell 7.40386e-09
  Step time per cell    7.50887e-09
 Step 294 time 0.106973 control sound timestep  0.0003675 1,1 x 0 y 0
 Wall clock 513.563
 Average time per cell 7.40396e-09
  Step time per cell    7.43338e-09
 Step 295 time 0.107341 control sound timestep  0.000367501 1,1 x 0 y 0
 Wall clock 515.334
 Average time per cell 7.4043e-09
  Step time per cell    7.50268e-09
 Step 296 time 0.107708 control sound timestep  0.000367498 1,1 x 0 y 0
 Wall clock 517.081
 Average time per cell 7.40431e-09
  Step time per cell    7.40694e-09
 Step 297 time 0.108076 control sound timestep  0.0003675 1,1 x 0 y 0
 Wall clock 518.86
 Average time per cell 7.40477e-09
  Step time per cell    7.54058e-09
 Step 298 time 0.108443 control sound timestep  0.000367504 1,1 x 0 y 0
 Wall clock 520.623
 Average time per cell 7.405e-09
  Step time per cell    7.47231e-09
 Step 299 time 0.108811 control sound timestep  0.000367508 1,1 x 0 y 0
 Wall clock 522.402
 Average time per cell 7.40544e-09
  Step time per cell    7.53713e-09
 Step 300 time 0.109178 control sound timestep  0.000367512 1,1 x 0 y 0
 Wall clock 524.403
 First step overhead 0
Result:
 - Problem: none
 - Outcome: PASSED
