---
Devices:
 0: Host CPU
CloverLeaf:
 - Ver.:     2.000
 - Deck:     /home/labpc/work/cipp/CloverLeaf/InputDecks/clover_bm256_300.in
 - Out:      clover.out
 - Profiler: deck-specified
MPI:
 - Enabled:     false
 - Total ranks: 1
 - Header device-awareness (CUDA-awareness):  unknown
 - Runtime device-awareness (CUDA-awareness): unknown
 - Host-Device halo exchange staging buffer:  true
Model:
 - Name:      OpenMP (CPU)
 - Execution: Host
# ---- 
Output: |+1
 Output file clover.out opened. All output will go there.
 Args: --file /home/labpc/work/cipp/CloverLeaf/InputDecks/clover_bm256_300.in
 Using input: `/home/labpc/work/cipp/CloverLeaf/InputDecks/clover_bm256_300.in`
 Problem initialised and generated
 Launching hydro
 Step 1 time 0 control sound timestep  0.000385161 1,1 x 0 y 0
 Wall clock 0.957414
 Average time per cell 4.05805e-09
  Step time per cell    4.05805e-09
 Step 2 time 0.000385161 control sound timestep  0.000235099 1,1 x 0 y 0
 Wall clock 1.93225
 Average time per cell 4.09497e-09
  Step time per cell    4.13164e-09
 Step 3 time 0.000620261 control sound timestep  0.000298723 1,1 x 0 y 0
 Wall clock 2.91246
 Average time per cell 4.11488e-09
  Step time per cell    4.15446e-09
 Step 4 time 0.000918984 control sound timestep  0.000314746 1,1 x 0 y 0
 Wall clock 3.86931
 Average time per cell 4.10006e-09
  Step time per cell    4.05535e-09
 Step 5 time 0.00123373 control sound timestep  0.000346361 1,1 x 0 y 0
 Wall clock 4.8466
 Average time per cell 4.10852e-09
  Step time per cell    4.14207e-09
 Step 6 time 0.00158009 control sound timestep  0.00034558 1,1 x 0 y 0
 Wall clock 5.82887
 Average time per cell 4.11766e-09
  Step time per cell    4.16316e-09
 Step 7 time 0.00192567 control sound timestep  0.000352154 1,1 x 0 y 0
 Wall clock 6.80712
 Average time per cell 4.12176e-09
  Step time per cell    4.14607e-09
 Step 8 time 0.00227782 control sound timestep  0.000370384 1,1 x 0 y 0
 Wall clock 7.76932
 Average time per cell 4.11634e-09
  Step time per cell    4.07806e-09
 Step 9 time 0.00264821 control sound timestep  0.000366391 1,1 x 0 y 0
 Wall clock 8.74744
 Average time per cell 4.11961e-09
  Step time per cell    4.14553e-09
 Step 10 time 0.0030146 control sound timestep  0.000363789 1,1 x 0 y 0
 Wall clock 9.79724
 Average time per cell 4.15261e-09
  Step time per cell    4.44936e-09
 Step 11 time 0.00337839 control sound timestep  0.000361224 1,1 x 0 y 0
 Wall clock 10.7826
 Average time per cell 4.15479e-09
  Step time per cell    4.1765e-09
 Step 12 time 0.00373961 control sound timestep  0.000359796 1,1 x 0 y 0
 Wall clock 11.757
 Average time per cell 4.15272e-09
  Step time per cell    4.12974e-09
 Step 13 time 0.00409941 control sound timestep  0.000360678 1,1 x 0 y 0
 Wall clock 12.7344
 Average time per cell 4.15197e-09
  Step time per cell    4.14272e-09
 Step 14 time 0.00446009 control sound timestep  0.000362113 1,1 x 0 y 0
 Wall clock 13.6963
 Average time per cell 4.1466e-09
  Step time per cell    4.07642e-09
 Step 15 time 0.0048222 control sound timestep  0.000362661 1,1 x 0 y 0
 Wall clock 14.6884
 Average time per cell 4.1505e-09
  Step time per cell    4.20483e-09
 Step 16 time 0.00518486 control sound timestep  0.000362812 1,1 x 0 y 0
 Wall clock 15.6578
 Average time per cell 4.1479e-09
  Step time per cell    4.10875e-09
 Step 17 time 0.00554767 control sound timestep  0.000362988 1,1 x 0 y 0
 Wall clock 16.6584
 Average time per cell 4.15338e-09
  Step time per cell    4.24068e-09
 Step 18 time 0.00591066 control sound timestep  0.000363082 1,1 x 0 y 0
 Wall clock 17.6222
 Average time per cell 4.14959e-09
  Step time per cell    4.08486e-09
 Step 19 time 0.00627374 control sound timestep  0.000363112 1,1 x 0 y 0
 Wall clock 18.6092
 Average time per cell 4.15137e-09
  Step time per cell    4.18312e-09
 Step 20 time 0.00663686 control sound timestep  0.00036317 1,1 x 0 y 0
 Wall clock 19.6638
 Average time per cell 4.16731e-09
  Step time per cell    4.46999e-09
 Step 21 time 0.00700003 control sound timestep  0.000363365 1,1 x 0 y 0
 Wall clock 20.6302
 Average time per cell 4.16392e-09
  Step time per cell    4.09594e-09
 Step 22 time 0.00736339 control sound timestep  0.00036347 1,1 x 0 y 0
 Wall clock 21.6114
 Average time per cell 4.16369e-09
  Step time per cell    4.15855e-09
 Step 23 time 0.00772686 control sound timestep  0.000363513 1,1 x 0 y 0
 Wall clock 22.5994
 Average time per cell 4.16472e-09
  Step time per cell    4.18712e-09
 Step 24 time 0.00809037 control sound timestep  0.000363629 1,1 x 0 y 0
 Wall clock 23.5782
 Average time per cell 4.16406e-09
  Step time per cell    4.14861e-09
 Step 25 time 0.008454 control sound timestep  0.000363732 1,1 x 0 y 0
 Wall clock 24.5576
 Average time per cell 4.16354e-09
  Step time per cell    4.15087e-09
 Step 26 time 0.00881773 control sound timestep  0.000363825 1,1 x 0 y 0
 Wall clock 25.5228
 Average time per cell 4.16075e-09
  Step time per cell    4.09069e-09
 Step 27 time 0.00918156 control sound timestep  0.000363914 1,1 x 0 y 0
 Wall clock 26.511
 Average time per cell 4.16178e-09
  Step time per cell    4.18837e-09
 Step 28 time 0.00954547 control sound timestep  0.000363943 1,1 x 0 y 0
 Wall clock 27.4947
 Average time per cell 4.16207e-09
  Step time per cell    4.16947e-09
 Step 29 time 0.00990942 control sound timestep  0.000363973 1,1 x 0 y 0
 Wall clock 28.4753
 Average time per cell 4.16186e-09
  Step time per cell    4.15575e-09
 Step 30 time 0.0102734 control sound timestep  0.000363988 1,1 x 0 y 0
 Wall clock 29.5118
 Average time per cell 4.16958e-09
  Step time per cell    4.39317e-09
 Step 31 time 0.0106374 control sound timestep  0.000364002 1,1 x 0 y 0
 Wall clock 30.4867
 Average time per cell 4.16837e-09
  Step time per cell    4.13183e-09
 Step 32 time 0.0110014 control sound timestep  0.000364043 1,1 x 0 y 0
 Wall clock 31.4525
 Average time per cell 4.16603e-09
  Step time per cell    4.09331e-09
 Step 33 time 0.0113654 control sound timestep  0.000364085 1,1 x 0 y 0
 Wall clock 32.4325
 Average time per cell 4.16566e-09
  Step time per cell    4.1536e-09
 Step 34 time 0.0117295 control sound timestep  0.000364133 1,1 x 0 y 0
 Wall clock 33.4122
 Average time per cell 4.16527e-09
  Step time per cell    4.15228e-09
 Step 35 time 0.0120936 control sound timestep  0.000364198 1,1 x 0 y 0
 Wall clock 34.4062
 Average time per cell 4.16665e-09
  Step time per cell    4.21306e-09
 Step 36 time 0.0124578 control sound timestep  0.000364259 1,1 x 0 y 0
 Wall clock 35.3721
 Average time per cell 4.16462e-09
  Step time per cell    4.09352e-09
 Step 37 time 0.0128221 control sound timestep  0.000364318 1,1 x 0 y 0
 Wall clock 36.3509
 Average time per cell 4.16419e-09
  Step time per cell    4.14839e-09
 Step 38 time 0.0131864 control sound timestep  0.000364383 1,1 x 0 y 0
 Wall clock 37.3293
 Average time per cell 4.16374e-09
  Step time per cell    4.14689e-09
 Step 39 time 0.0135508 control sound timestep  0.000364422 1,1 x 0 y 0
 Wall clock 38.3093
 Average time per cell 4.16349e-09
  Step time per cell    4.15349e-09
 Step 40 time 0.0139152 control sound timestep  0.000364431 1,1 x 0 y 0
 Wall clock 39.3519
 Average time per cell 4.16988e-09
  Step time per cell    4.41875e-09
 Step 41 time 0.0142797 control sound timestep  0.000364435 1,1 x 0 y 0
 Wall clock 40.3361
 Average time per cell 4.16992e-09
  Step time per cell    4.17171e-09
 Step 42 time 0.0146441 control sound timestep  0.000364445 1,1 x 0 y 0
 Wall clock 41.3135
 Average time per cell 4.16928e-09
  Step time per cell    4.14254e-09
 Step 43 time 0.0150085 control sound timestep  0.000364471 1,1 x 0 y 0
 Wall clock 42.2906
 Average time per cell 4.16862e-09
  Step time per cell    4.14092e-09
 Step 44 time 0.015373 control sound timestep  0.000364495 1,1 x 0 y 0
 Wall clock 43.25
 Average time per cell 4.1663e-09
  Step time per cell    4.0663e-09
 Step 45 time 0.0157375 control sound timestep  0.000364518 1,1 x 0 y 0
 Wall clock 44.244
 Average time per cell 4.16734e-09
  Step time per cell    4.21277e-09
 Step 46 time 0.016102 control sound timestep  0.000364543 1,1 x 0 y 0
 Wall clock 45.2232
 Average time per cell 4.16697e-09
  Step time per cell    4.15019e-09
 Step 47 time 0.0164666 control sound timestep  0.000364585 1,1 x 0 y 0
 Wall clock 46.2016
 Average time per cell 4.16655e-09
  Step time per cell    4.14689e-09
 Step 48 time 0.0168311 control sound timestep  0.000364628 1,1 x 0 y 0
 Wall clock 47.1703
 Average time per cell 4.16529e-09
  Step time per cell    4.10563e-09
 Step 49 time 0.0171958 control sound timestep  0.000364667 1,1 x 0 y 0
 Wall clock 48.157
 Average time per cell 4.16563e-09
  Step time per cell    4.18185e-09
 Step 50 time 0.0175604 control sound timestep  0.000364708 1,1 x 0 y 0
 Wall clock 49.2152
 Average time per cell 4.17202e-09
  Step time per cell    4.48487e-09
 Step 51 time 0.0179251 control sound timestep  0.000364758 1,1 x 0 y 0
 Wall clock 50.1828
 Average time per cell 4.17064e-09
  Step time per cell    4.10121e-09
 Step 52 time 0.0182899 control sound timestep  0.000364817 1,1 x 0 y 0
 Wall clock 51.1637
 Average time per cell 4.17039e-09
  Step time per cell    4.1574e-09
 Step 53 time 0.0186547 control sound timestep  0.000364826 1,1 x 0 y 0
 Wall clock 52.1496
 Average time per cell 4.17055e-09
  Step time per cell    4.17863e-09
 Step 54 time 0.0190195 control sound timestep  0.00036483 1,1 x 0 y 0
 Wall clock 53.1187
 Average time per cell 4.16938e-09
  Step time per cell    4.10704e-09
 Step 55 time 0.0193844 control sound timestep  0.000364831 1,1 x 0 y 0
 Wall clock 54.102
 Average time per cell 4.16935e-09
  Step time per cell    4.16741e-09
 Step 56 time 0.0197492 control sound timestep  0.000364846 1,1 x 0 y 0
 Wall clock 55.0838
 Average time per cell 4.16921e-09
  Step time per cell    4.16125e-09
 Step 57 time 0.0201141 control sound timestep  0.000364866 1,1 x 0 y 0
 Wall clock 56.0666
 Average time per cell 4.16915e-09
  Step time per cell    4.16558e-09
 Step 58 time 0.0204789 control sound timestep  0.000364884 1,1 x 0 y 0
 Wall clock 57.0422
 Average time per cell 4.16855e-09
  Step time per cell    4.13452e-09
 Step 59 time 0.0208438 control sound timestep  0.000364902 1,1 x 0 y 0
 Wall clock 58.0156
 Average time per cell 4.16783e-09
  Step time per cell    4.12559e-09
 Step 60 time 0.0212087 control sound timestep  0.000364922 1,1 x 0 y 0
 Wall clock 59.0775
 Average time per cell 4.17339e-09
  Step time per cell    4.5008e-09
 Step 61 time 0.0215736 control sound timestep  0.000364956 1,1 x 0 y 0
 Wall clock 60.054
 Average time per cell 4.17282e-09
  Step time per cell    4.13875e-09
 Step 62 time 0.0219386 control sound timestep  0.000364991 1,1 x 0 y 0
 Wall clock 61.024
 Average time per cell 4.17183e-09
  Step time per cell    4.11135e-09
 Step 63 time 0.0223036 control sound timestep  0.000365022 1,1 x 0 y 0
 Wall clock 62.016
 Average time per cell 4.17235e-09
  Step time per cell    4.20406e-09
 Step 64 time 0.0226686 control sound timestep  0.000365056 1,1 x 0 y 0
 Wall clock 63.0065
 Average time per cell 4.17276e-09
  Step time per cell    4.19823e-09
 Step 65 time 0.0230337 control sound timestep  0.000365098 1,1 x 0 y 0
 Wall clock 63.9918
 Average time per cell 4.17281e-09
  Step time per cell    4.17567e-09
 Step 66 time 0.0233988 control sound timestep  0.000365146 1,1 x 0 y 0
 Wall clock 64.9561
 Average time per cell 4.17151e-09
  Step time per cell    4.08717e-09
 Step 67 time 0.0237639 control sound timestep  0.000365166 1,1 x 0 y 0
 Wall clock 65.9105
 Average time per cell 4.16963e-09
  Step time per cell    4.04507e-09
 Step 68 time 0.0241291 control sound timestep  0.000365169 1,1 x 0 y 0
 Wall clock 66.8803
 Average time per cell 4.16876e-09
  Step time per cell    4.11033e-09
 Step 69 time 0.0244942 control sound timestep  0.000365167 1,1 x 0 y 0
 Wall clock 67.8344
 Average time per cell 4.16695e-09
  Step time per cell    4.04357e-09
 Step 70 time 0.0248594 control sound timestep  0.000365177 1,1 x 0 y 0
 Wall clock 68.8702
 Average time per cell 4.17014e-09
  Step time per cell    4.39003e-09
 Step 71 time 0.0252246 control sound timestep  0.000365194 1,1 x 0 y 0
 Wall clock 69.8205
 Average time per cell 4.16814e-09
  Step time per cell    4.0278e-09
 Step 72 time 0.0255898 control sound timestep  0.000365209 1,1 x 0 y 0
 Wall clock 70.7891
 Average time per cell 4.16727e-09
  Step time per cell    4.10542e-09
 Step 73 time 0.025955 control sound timestep  0.000365223 1,1 x 0 y 0
 Wall clock 71.7622
 Average time per cell 4.16668e-09
  Step time per cell    4.12425e-09
 Step 74 time 0.0263202 control sound timestep  0.000365239 1,1 x 0 y 0
 Wall clock 72.7105
 Average time per cell 4.16469e-09
  Step time per cell    4.01891e-09
 Step 75 time 0.0266854 control sound timestep  0.000365263 1,1 x 0 y 0
 Wall clock 73.6849
 Average time per cell 4.16423e-09
  Step time per cell    4.12977e-09
 Step 76 time 0.0270507 control sound timestep  0.000365294 1,1 x 0 y 0
 Wall clock 74.6501
 Average time per cell 4.16327e-09
  Step time per cell    4.0909e-09
 Step 77 time 0.027416 control sound timestep  0.000365322 1,1 x 0 y 0
 Wall clock 75.6083
 Average time per cell 4.16194e-09
  Step time per cell    4.06107e-09
 Step 78 time 0.0277813 control sound timestep  0.000365349 1,1 x 0 y 0
 Wall clock 76.5832
 Average time per cell 4.16156e-09
  Step time per cell    4.13212e-09
 Step 79 time 0.0281467 control sound timestep  0.000365381 1,1 x 0 y 0
 Wall clock 77.5639
 Average time per cell 4.1615e-09
  Step time per cell    4.15658e-09
 Step 80 time 0.0285121 control sound timestep  0.000365421 1,1 x 0 y 0
 Wall clock 78.5831
 Average time per cell 4.16348e-09
  Step time per cell    4.31965e-09
 Step 81 time 0.0288775 control sound timestep  0.000365457 1,1 x 0 y 0
 Wall clock 79.5246
 Average time per cell 4.16135e-09
  Step time per cell    3.99027e-09
 Step 82 time 0.0292429 control sound timestep  0.000365459 1,1 x 0 y 0
 Wall clock 80.491
 Average time per cell 4.16055e-09
  Step time per cell    4.09593e-09
 Step 83 time 0.0296084 control sound timestep  0.000365461 1,1 x 0 y 0
 Wall clock 81.4305
 Average time per cell 4.1584e-09
  Step time per cell    3.98201e-09
 Step 84 time 0.0299738 control sound timestep  0.000365461 1,1 x 0 y 0
 Wall clock 82.3958
 Average time per cell 4.1576e-09
  Step time per cell    4.09096e-09
 Step 85 time 0.0303393 control sound timestep  0.000365475 1,1 x 0 y 0
 Wall clock 83.3611
 Average time per cell 4.15683e-09
  Step time per cell    4.0915e-09
 Step 86 time 0.0307048 control sound timestep  0.000365488 1,1 x 0 y 0
 Wall clock 84.3119
 Average time per cell 4.15535e-09
  Step time per cell    4.02962e-09
 Step 87 time 0.0310703 control sound timestep  0.0003655 1,1 x 0 y 0
 Wall clock 85.2829
 Average time per cell 4.1549e-09
  Step time per cell    4.11541e-09
 Step 88 time 0.0314358 control sound timestep  0.000365513 1,1 x 0 y 0
 Wall clock 86.2558
 Average time per cell 4.15454e-09
  Step time per cell    4.12323e-09
 Step 89 time 0.0318013 control sound timestep  0.000365528 1,1 x 0 y 0
 Wall clock 87.2247
 Average time per cell 4.15401e-09
  Step time per cell    4.10648e-09
 Step 90 time 0.0321668 control sound timestep  0.000365555 1,1 x 0 y 0
 Wall clock 88.2749
 Average time per cell 4.15731e-09
  Step time per cell    4.45118e-09
 Step 91 time 0.0325324 control sound timestep  0.00036558 1,1 x 0 y 0
 Wall clock 89.2352
 Average time per cell 4.15635e-09
  Step time per cell    4.07015e-09
 Step 92 time 0.0328979 control sound timestep  0.000365603 1,1 x 0 y 0
 Wall clock 90.2091
 Average time per cell 4.15604e-09
  Step time per cell    4.12754e-09
 Step 93 time 0.0332636 control sound timestep  0.000365628 1,1 x 0 y 0
 Wall clock 91.1882
 Average time per cell 4.15598e-09
  Step time per cell    4.14957e-09
 Step 94 time 0.0336292 control sound timestep  0.000365659 1,1 x 0 y 0
 Wall clock 92.1528
 Average time per cell 4.15526e-09
  Step time per cell    4.0884e-09
 Step 95 time 0.0339948 control sound timestep  0.000365696 1,1 x 0 y 0
 Wall clock 93.1325
 Average time per cell 4.15523e-09
  Step time per cell    4.15245e-09
 Step 96 time 0.0343605 control sound timestep  0.000365709 1,1 x 0 y 0
 Wall clock 94.1114
 Average time per cell 4.15517e-09
  Step time per cell    4.14865e-09
 Step 97 time 0.0347262 control sound timestep  0.00036571 1,1 x 0 y 0
 Wall clock 95.0947
 Average time per cell 4.1553e-09
  Step time per cell    4.16756e-09
 Step 98 time 0.035092 control sound timestep  0.000365708 1,1 x 0 y 0
 Wall clock 96.0682
 Average time per cell 4.155e-09
  Step time per cell    4.12588e-09
 Step 99 time 0.0354577 control sound timestep  0.000365716 1,1 x 0 y 0
 Wall clock 97.0385
 Average time per cell 4.15457e-09
  Step time per cell    4.1126e-09
 Step 100 time 0.0358234 control sound timestep  0.000365728 1,1 x 0 y 0
 Wall clock 98.0864
 Average time per cell 4.15744e-09
  Step time per cell    4.44121e-09
 Step 101 time 0.0361891 control sound timestep  0.000365739 1,1 x 0 y 0
 Wall clock 99.0499
 Average time per cell 4.15671e-09
  Step time per cell    4.08362e-09
 Step 102 time 0.0365548 control sound timestep  0.000365749 1,1 x 0 y 0
 Wall clock 100.037
 Average time per cell 4.15696e-09
  Step time per cell    4.18174e-09
 Step 103 time 0.0369206 control sound timestep  0.000365761 1,1 x 0 y 0
 Wall clock 101.012
 Average time per cell 4.15675e-09
  Step time per cell    4.13492e-09
 Step 104 time 0.0372864 control sound timestep  0.00036578 1,1 x 0 y 0
 Wall clock 101.977
 Average time per cell 4.15611e-09
  Step time per cell    4.08982e-09
 Step 105 time 0.0376521 control sound timestep  0.000365803 1,1 x 0 y 0
 Wall clock 102.948
 Average time per cell 4.15572e-09
  Step time per cell    4.11247e-09
 Step 106 time 0.0380179 control sound timestep  0.000365823 1,1 x 0 y 0
 Wall clock 103.926
 Average time per cell 4.15562e-09
  Step time per cell    4.14467e-09
 Step 107 time 0.0383838 control sound timestep  0.000365844 1,1 x 0 y 0
 Wall clock 104.888
 Average time per cell 4.15489e-09
  Step time per cell    4.07658e-09
 Step 108 time 0.0387496 control sound timestep  0.000365869 1,1 x 0 y 0
 Wall clock 105.863
 Average time per cell 4.15467e-09
  Step time per cell    4.13169e-09
 Step 109 time 0.0391155 control sound timestep  0.000365899 1,1 x 0 y 0
 Wall clock 106.846
 Average time per cell 4.15479e-09
  Step time per cell    4.16663e-09
 Step 110 time 0.0394814 control sound timestep  0.000365927 1,1 x 0 y 0
 Wall clock 107.883
 Average time per cell 4.15697e-09
  Step time per cell    4.39479e-09
 Step 111 time 0.0398473 control sound timestep  0.000365928 1,1 x 0 y 0
 Wall clock 108.861
 Average time per cell 4.15688e-09
  Step time per cell    4.14714e-09
 Step 112 time 0.0402132 control sound timestep  0.000365927 1,1 x 0 y 0
 Wall clock 109.844
 Average time per cell 4.15697e-09
  Step time per cell    4.1663e-09
 Step 113 time 0.0405792 control sound timestep  0.000365929 1,1 x 0 y 0
 Wall clock 110.817
 Average time per cell 4.15667e-09
  Step time per cell    4.12327e-09
 Step 114 time 0.0409451 control sound timestep  0.000365939 1,1 x 0 y 0
 Wall clock 111.772
 Average time per cell 4.15572e-09
  Step time per cell    4.04734e-09
 Step 115 time 0.041311 control sound timestep  0.000365949 1,1 x 0 y 0
 Wall clock 112.758
 Average time per cell 4.15593e-09
  Step time per cell    4.18012e-09
 Step 116 time 0.041677 control sound timestep  0.000365958 1,1 x 0 y 0
 Wall clock 113.73
 Average time per cell 4.15562e-09
  Step time per cell    4.11968e-09
 Step 117 time 0.0420429 control sound timestep  0.000365968 1,1 x 0 y 0
 Wall clock 114.688
 Average time per cell 4.1548e-09
  Step time per cell    4.05924e-09
 Step 118 time 0.0424089 control sound timestep  0.00036598 1,1 x 0 y 0
 Wall clock 115.662
 Average time per cell 4.15456e-09
  Step time per cell    4.12618e-09
 Step 119 time 0.0427749 control sound timestep  0.000366001 1,1 x 0 y 0
 Wall clock 116.634
 Average time per cell 4.15429e-09
  Step time per cell    4.12302e-09
 Step 120 time 0.0431409 control sound timestep  0.00036602 1,1 x 0 y 0
 Wall clock 117.676
 Average time per cell 4.15648e-09
  Step time per cell    4.41609e-09
 Step 121 time 0.0435069 control sound timestep  0.000366037 1,1 x 0 y 0
 Wall clock 118.662
 Average time per cell 4.15667e-09
  Step time per cell    4.17963e-09
 Step 122 time 0.0438729 control sound timestep  0.000366057 1,1 x 0 y 0
 Wall clock 119.631
 Average time per cell 4.15623e-09
  Step time per cell    4.10321e-09
 Step 123 time 0.044239 control sound timestep  0.000366082 1,1 x 0 y 0
 Wall clock 120.591
 Average time per cell 4.15555e-09
  Step time per cell    4.07196e-09
 Step 124 time 0.0446051 control sound timestep  0.000366111 1,1 x 0 y 0
 Wall clock 121.566
 Average time per cell 4.15535e-09
  Step time per cell    4.13081e-09
 Step 125 time 0.0449712 control sound timestep  0.000366119 1,1 x 0 y 0
 Wall clock 122.541
 Average time per cell 4.15518e-09
  Step time per cell    4.13358e-09
 Step 126 time 0.0453373 control sound timestep  0.00036612 1,1 x 0 y 0
 Wall clock 123.52
 Average time per cell 4.15511e-09
  Step time per cell    4.14673e-09
 Step 127 time 0.0457034 control sound timestep  0.000366118 1,1 x 0 y 0
 Wall clock 124.478
 Average time per cell 4.15439e-09
  Step time per cell    4.06335e-09
 Step 128 time 0.0460695 control sound timestep  0.000366125 1,1 x 0 y 0
 Wall clock 125.46
 Average time per cell 4.15445e-09
  Step time per cell    4.16102e-09
 Step 129 time 0.0464357 control sound timestep  0.000366134 1,1 x 0 y 0
 Wall clock 126.44
 Average time per cell 4.15444e-09
  Step time per cell    4.15392e-09
 Step 130 time 0.0468018 control sound timestep  0.000366143 1,1 x 0 y 0
 Wall clock 127.473
 Average time per cell 4.15615e-09
  Step time per cell    4.37589e-09
 Step 131 time 0.0471679 control sound timestep  0.000366151 1,1 x 0 y 0
 Wall clock 128.456
 Average time per cell 4.15625e-09
  Step time per cell    4.16872e-09
 Step 132 time 0.0475341 control sound timestep  0.00036616 1,1 x 0 y 0
 Wall clock 129.438
 Average time per cell 4.1563e-09
  Step time per cell    4.16252e-09
 Step 133 time 0.0479003 control sound timestep  0.000366177 1,1 x 0 y 0
 Wall clock 130.405
 Average time per cell 4.15586e-09
  Step time per cell    4.09844e-09
 Step 134 time 0.0482664 control sound timestep  0.000366195 1,1 x 0 y 0
 Wall clock 131.362
 Average time per cell 4.1551e-09
  Step time per cell    4.0534e-09
 Step 135 time 0.0486326 control sound timestep  0.000366211 1,1 x 0 y 0
 Wall clock 132.348
 Average time per cell 4.15529e-09
  Step time per cell    4.18092e-09
 Step 136 time 0.0489988 control sound timestep  0.000366227 1,1 x 0 y 0
 Wall clock 133.316
 Average time per cell 4.15489e-09
  Step time per cell    4.10052e-09
 Step 137 time 0.0493651 control sound timestep  0.000366248 1,1 x 0 y 0
 Wall clock 134.273
 Average time per cell 4.1542e-09
  Step time per cell    4.05924e-09
 Step 138 time 0.0497313 control sound timestep  0.000366273 1,1 x 0 y 0
 Wall clock 135.253
 Average time per cell 4.15419e-09
  Step time per cell    4.15279e-09
 Step 139 time 0.0500976 control sound timestep  0.000366291 1,1 x 0 y 0
 Wall clock 136.237
 Average time per cell 4.15431e-09
  Step time per cell    4.17058e-09
 Step 140 time 0.0504639 control sound timestep  0.000366292 1,1 x 0 y 0
 Wall clock 137.274
 Average time per cell 4.15601e-09
  Step time per cell    4.392e-09
 Step 141 time 0.0508302 control sound timestep  0.000366288 1,1 x 0 y 0
 Wall clock 138.259
 Average time per cell 4.15617e-09
  Step time per cell    4.17809e-09
 Step 142 time 0.0511965 control sound timestep  0.000366292 1,1 x 0 y 0
 Wall clock 139.24
 Average time per cell 4.15618e-09
  Step time per cell    4.15831e-09
 Step 143 time 0.0515627 control sound timestep  0.000366301 1,1 x 0 y 0
 Wall clock 140.221
 Average time per cell 4.15619e-09
  Step time per cell    4.15693e-09
 Step 144 time 0.051929 control sound timestep  0.000366308 1,1 x 0 y 0
 Wall clock 141.185
 Average time per cell 4.1557e-09
  Step time per cell    4.08535e-09
 Step 145 time 0.0522954 control sound timestep  0.000366316 1,1 x 0 y 0
 Wall clock 142.146
 Average time per cell 4.15514e-09
  Step time per cell    4.07364e-09
 Step 146 time 0.0526617 control sound timestep  0.000366324 1,1 x 0 y 0
 Wall clock 143.131
 Average time per cell 4.15527e-09
  Step time per cell    4.17389e-09
 Step 147 time 0.053028 control sound timestep  0.000366336 1,1 x 0 y 0
 Wall clock 144.11
 Average time per cell 4.15523e-09
  Step time per cell    4.15052e-09
 Step 148 time 0.0533943 control sound timestep  0.000366353 1,1 x 0 y 0
 Wall clock 145.059
 Average time per cell 4.15431e-09
  Step time per cell    4.0187e-09
 Step 149 time 0.0537607 control sound timestep  0.000366368 1,1 x 0 y 0
 Wall clock 146.048
 Average time per cell 4.15459e-09
  Step time per cell    4.19539e-09
 Step 150 time 0.0541271 control sound timestep  0.000366382 1,1 x 0 y 0
 Wall clock 147.101
 Average time per cell 4.15665e-09
  Step time per cell    4.46288e-09
 Step 151 time 0.0544934 control sound timestep  0.000366399 1,1 x 0 y 0
 Wall clock 148.062
 Average time per cell 4.15609e-09
  Step time per cell    4.07256e-09
 Step 152 time 0.0548598 control sound timestep  0.000366421 1,1 x 0 y 0
 Wall clock 149.046
 Average time per cell 4.15618e-09
  Step time per cell    4.16865e-09
 Step 153 time 0.0552263 control sound timestep  0.000366444 1,1 x 0 y 0
 Wall clock 150.026
 Average time per cell 4.15617e-09
  Step time per cell    4.15428e-09
 Step 154 time 0.0555927 control sound timestep  0.000366446 1,1 x 0 y 0
 Wall clock 150.996
 Average time per cell 4.15587e-09
  Step time per cell    4.11008e-09
 Step 155 time 0.0559591 control sound timestep  0.000366445 1,1 x 0 y 0
 Wall clock 151.957
 Average time per cell 4.15534e-09
  Step time per cell    4.07334e-09
 Step 156 time 0.0563256 control sound timestep  0.000366445 1,1 x 0 y 0
 Wall clock 152.931
 Average time per cell 4.15517e-09
  Step time per cell    4.12947e-09
 Step 157 time 0.056692 control sound timestep  0.000366452 1,1 x 0 y 0
 Wall clock 153.919
 Average time per cell 4.15538e-09
  Step time per cell    4.18702e-09
 Step 158 time 0.0570585 control sound timestep  0.000366459 1,1 x 0 y 0
 Wall clock 154.887
 Average time per cell 4.15503e-09
  Step time per cell    4.10032e-09
 Step 159 time 0.0574249 control sound timestep  0.000366466 1,1 x 0 y 0
 Wall clock 155.841
 Average time per cell 4.15435e-09
  Step time per cell    4.04568e-09
 Step 160 time 0.0577914 control sound timestep  0.000366473 1,1 x 0 y 0
 Wall clock 156.899
 Average time per cell 4.15641e-09
  Step time per cell    4.48383e-09
 Step 161 time 0.0581579 control sound timestep  0.000366482 1,1 x 0 y 0
 Wall clock 157.875
 Average time per cell 4.15628e-09
  Step time per cell    4.13633e-09
 Step 162 time 0.0585244 control sound timestep  0.000366498 1,1 x 0 y 0
 Wall clock 158.83
 Average time per cell 4.15562e-09
  Step time per cell    4.0485e-09
 Step 163 time 0.0588909 control sound timestep  0.000366512 1,1 x 0 y 0
 Wall clock 159.821
 Average time per cell 4.1559e-09
  Step time per cell    4.20061e-09
 Step 164 time 0.0592574 control sound timestep  0.000366525 1,1 x 0 y 0
 Wall clock 160.805
 Average time per cell 4.15598e-09
  Step time per cell    4.16883e-09
 Step 165 time 0.0596239 control sound timestep  0.000366539 1,1 x 0 y 0
 Wall clock 161.78
 Average time per cell 4.15584e-09
  Step time per cell    4.13291e-09
 Step 166 time 0.0599904 control sound timestep  0.000366558 1,1 x 0 y 0
 Wall clock 162.735
 Average time per cell 4.15518e-09
  Step time per cell    4.04677e-09
 Step 167 time 0.060357 control sound timestep  0.00036658 1,1 x 0 y 0
 Wall clock 163.728
 Average time per cell 4.15551e-09
  Step time per cell    4.20952e-09
 Step 168 time 0.0607236 control sound timestep  0.000366586 1,1 x 0 y 0
 Wall clock 164.714
 Average time per cell 4.15565e-09
  Step time per cell    4.17843e-09
 Step 169 time 0.0610902 control sound timestep  0.000366586 1,1 x 0 y 0
 Wall clock 165.691
 Average time per cell 4.15557e-09
  Step time per cell    4.14213e-09
 Step 170 time 0.0614568 control sound timestep  0.000366585 1,1 x 0 y 0
 Wall clock 166.729
 Average time per cell 4.157e-09
  Step time per cell    4.39834e-09
 Step 171 time 0.0618233 control sound timestep  0.00036659 1,1 x 0 y 0
 Wall clock 167.719
 Average time per cell 4.15722e-09
  Step time per cell    4.1939e-09
 Step 172 time 0.0621899 control sound timestep  0.000366597 1,1 x 0 y 0
 Wall clock 168.695
 Average time per cell 4.1571e-09
  Step time per cell    4.13781e-09
 Step 173 time 0.0625565 control sound timestep  0.000366603 1,1 x 0 y 0
 Wall clock 169.65
 Average time per cell 4.15647e-09
  Step time per cell    4.04745e-09
 Step 174 time 0.0629231 control sound timestep  0.000366609 1,1 x 0 y 0
 Wall clock 170.636
 Average time per cell 4.15661e-09
  Step time per cell    4.17932e-09
 Step 175 time 0.0632897 control sound timestep  0.000366616 1,1 x 0 y 0
 Wall clock 171.63
 Average time per cell 4.15693e-09
  Step time per cell    4.21375e-09
 Step 176 time 0.0636564 control sound timestep  0.000366631 1,1 x 0 y 0
 Wall clock 172.616
 Average time per cell 4.15706e-09
  Step time per cell    4.17931e-09
 Step 177 time 0.064023 control sound timestep  0.000366644 1,1 x 0 y 0
 Wall clock 173.599
 Average time per cell 4.15712e-09
  Step time per cell    4.16735e-09
 Step 178 time 0.0643896 control sound timestep  0.000366656 1,1 x 0 y 0
 Wall clock 174.573
 Average time per cell 4.15696e-09
  Step time per cell    4.12763e-09
 Step 179 time 0.0647563 control sound timestep  0.000366668 1,1 x 0 y 0
 Wall clock 175.53
 Average time per cell 4.1564e-09
  Step time per cell    4.05658e-09
 Step 180 time 0.065123 control sound timestep  0.000366685 1,1 x 0 y 0
 Wall clock 176.592
 Average time per cell 4.1583e-09
  Step time per cell    4.49888e-09
 Step 181 time 0.0654896 control sound timestep  0.000366704 1,1 x 0 y 0
 Wall clock 177.572
 Average time per cell 4.15828e-09
  Step time per cell    4.15513e-09
 Step 182 time 0.0658563 control sound timestep  0.000366715 1,1 x 0 y 0
 Wall clock 178.526
 Average time per cell 4.15764e-09
  Step time per cell    4.04098e-09
 Step 183 time 0.0662231 control sound timestep  0.000366716 1,1 x 0 y 0
 Wall clock 179.52
 Average time per cell 4.15795e-09
  Step time per cell    4.21391e-09
 Step 184 time 0.0665898 control sound timestep  0.000366713 1,1 x 0 y 0
 Wall clock 180.505
 Average time per cell 4.15804e-09
  Step time per cell    4.17365e-09
 Step 185 time 0.0669565 control sound timestep  0.000366717 1,1 x 0 y 0
 Wall clock 181.488
 Average time per cell 4.15808e-09
  Step time per cell    4.16551e-09
 Step 186 time 0.0673232 control sound timestep  0.000366724 1,1 x 0 y 0
 Wall clock 182.46
 Average time per cell 4.15789e-09
  Step time per cell    4.12286e-09
 Step 187 time 0.0676899 control sound timestep  0.000366729 1,1 x 0 y 0
 Wall clock 183.422
 Average time per cell 4.15745e-09
  Step time per cell    4.07455e-09
 Step 188 time 0.0680567 control sound timestep  0.000366735 1,1 x 0 y 0
 Wall clock 184.414
 Average time per cell 4.15771e-09
  Step time per cell    4.20725e-09
 Step 189 time 0.0684234 control sound timestep  0.000366742 1,1 x 0 y 0
 Wall clock 185.417
 Average time per cell 4.15819e-09
  Step time per cell    4.24766e-09
 Step 190 time 0.0687901 control sound timestep  0.000366754 1,1 x 0 y 0
 Wall clock 186.475
 Average time per cell 4.15992e-09
  Step time per cell    4.48736e-09
 Step 191 time 0.0691569 control sound timestep  0.000366766 1,1 x 0 y 0
 Wall clock 187.435
 Average time per cell 4.15945e-09
  Step time per cell    4.06932e-09
 Step 192 time 0.0695237 control sound timestep  0.000366777 1,1 x 0 y 0
 Wall clock 188.425
 Average time per cell 4.15964e-09
  Step time per cell    4.19465e-09
 Step 193 time 0.0698904 control sound timestep  0.000366789 1,1 x 0 y 0
 Wall clock 189.42
 Average time per cell 4.15992e-09
  Step time per cell    4.21527e-09
 Step 194 time 0.0702572 control sound timestep  0.000366803 1,1 x 0 y 0
 Wall clock 190.406
 Average time per cell 4.16003e-09
  Step time per cell    4.1807e-09
 Step 195 time 0.070624 control sound timestep  0.000366821 1,1 x 0 y 0
 Wall clock 191.387
 Average time per cell 4.16002e-09
  Step time per cell    4.15682e-09
 Step 196 time 0.0709908 control sound timestep  0.000366835 1,1 x 0 y 0
 Wall clock 192.356
 Average time per cell 4.15974e-09
  Step time per cell    4.10527e-09
 Step 197 time 0.0713577 control sound timestep  0.000366836 1,1 x 0 y 0
 Wall clock 193.328
 Average time per cell 4.15955e-09
  Step time per cell    4.12253e-09
 Step 198 time 0.0717245 control sound timestep  0.000366833 1,1 x 0 y 0
 Wall clock 194.315
 Average time per cell 4.15966e-09
  Step time per cell    4.18019e-09
 Step 199 time 0.0720913 control sound timestep  0.000366836 1,1 x 0 y 0
 Wall clock 195.293
 Average time per cell 4.1596e-09
  Step time per cell    4.1481e-09
 Step 200 time 0.0724582 control sound timestep  0.000366842 1,1 x 0 y 0
 Wall clock 196.331
 Average time per cell 4.1608e-09
  Step time per cell    4.39876e-09
 Step 201 time 0.072825 control sound timestep  0.000366847 1,1 x 0 y 0
 Wall clock 197.327
 Average time per cell 4.1611e-09
  Step time per cell    4.22086e-09
 Step 202 time 0.0731919 control sound timestep  0.000366853 1,1 x 0 y 0
 Wall clock 198.309
 Average time per cell 4.16111e-09
  Step time per cell    4.16285e-09
 Step 203 time 0.0735587 control sound timestep  0.000366859 1,1 x 0 y 0
 Wall clock 199.29
 Average time per cell 4.16109e-09
  Step time per cell    4.15651e-09
 Step 204 time 0.0739256 control sound timestep  0.000366869 1,1 x 0 y 0
 Wall clock 200.257
 Average time per cell 4.16079e-09
  Step time per cell    4.10032e-09
 Step 205 time 0.0742925 control sound timestep  0.000366881 1,1 x 0 y 0
 Wall clock 201.221
 Average time per cell 4.16041e-09
  Step time per cell    4.08298e-09
 Step 206 time 0.0746593 control sound timestep  0.000366892 1,1 x 0 y 0
 Wall clock 202.207
 Average time per cell 4.16052e-09
  Step time per cell    4.18161e-09
 Step 207 time 0.0750262 control sound timestep  0.000366902 1,1 x 0 y 0
 Wall clock 203.199
 Average time per cell 4.16072e-09
  Step time per cell    4.20289e-09
 Step 208 time 0.0753931 control sound timestep  0.000366915 1,1 x 0 y 0
 Wall clock 204.17
 Average time per cell 4.1605e-09
  Step time per cell    4.11412e-09
 Step 209 time 0.07576 control sound timestep  0.000366932 1,1 x 0 y 0
 Wall clock 205.125
 Average time per cell 4.15997e-09
  Step time per cell    4.04858e-09
 Step 210 time 0.076127 control sound timestep  0.000366947 1,1 x 0 y 0
 Wall clock 206.183
 Average time per cell 4.16151e-09
  Step time per cell    4.48342e-09
 Step 211 time 0.0764939 control sound timestep  0.000366948 1,1 x 0 y 0
 Wall clock 207.159
 Average time per cell 4.1614e-09
  Step time per cell    4.13882e-09
 Step 212 time 0.0768609 control sound timestep  0.000366945 1,1 x 0 y 0
 Wall clock 208.113
 Average time per cell 4.16083e-09
  Step time per cell    4.04032e-09
 Step 213 time 0.0772278 control sound timestep  0.000366947 1,1 x 0 y 0
 Wall clock 209.1
 Average time per cell 4.16095e-09
  Step time per cell    4.1863e-09
 Step 214 time 0.0775948 control sound timestep  0.000366952 1,1 x 0 y 0
 Wall clock 210.084
 Average time per cell 4.16099e-09
  Step time per cell    4.16982e-09
 Step 215 time 0.0779617 control sound timestep  0.000366958 1,1 x 0 y 0
 Wall clock 211.066
 Average time per cell 4.161e-09
  Step time per cell    4.16124e-09
 Step 216 time 0.0783287 control sound timestep  0.000366963 1,1 x 0 y 0
 Wall clock 212.039
 Average time per cell 4.16082e-09
  Step time per cell    4.12319e-09
 Step 217 time 0.0786956 control sound timestep  0.000366968 1,1 x 0 y 0
 Wall clock 213.001
 Average time per cell 4.16045e-09
  Step time per cell    4.0791e-09
 Step 218 time 0.0790626 control sound timestep  0.000366977 1,1 x 0 y 0
 Wall clock 213.993
 Average time per cell 4.16064e-09
  Step time per cell    4.20314e-09
 Step 219 time 0.0794296 control sound timestep  0.000366989 1,1 x 0 y 0
 Wall clock 214.986
 Average time per cell 4.16087e-09
  Step time per cell    4.21075e-09
 Step 220 time 0.0797966 control sound timestep  0.000366999 1,1 x 0 y 0
 Wall clock 216.022
 Average time per cell 4.1619e-09
  Step time per cell    4.38672e-09
 Step 221 time 0.0801636 control sound timestep  0.000367009 1,1 x 0 y 0
 Wall clock 216.987
 Average time per cell 4.16159e-09
  Step time per cell    4.0918e-09
 Step 222 time 0.0805306 control sound timestep  0.000367021 1,1 x 0 y 0
 Wall clock 217.971
 Average time per cell 4.16163e-09
  Step time per cell    4.17115e-09
 Step 223 time 0.0808976 control sound timestep  0.000367036 1,1 x 0 y 0
 Wall clock 218.956
 Average time per cell 4.1617e-09
  Step time per cell    4.17587e-09
 Step 224 time 0.0812646 control sound timestep  0.000367052 1,1 x 0 y 0
 Wall clock 219.922
 Average time per cell 4.16139e-09
  Step time per cell    4.09216e-09
 Step 225 time 0.0816317 control sound timestep  0.000367052 1,1 x 0 y 0
 Wall clock 220.899
 Average time per cell 4.1613e-09
  Step time per cell    4.14174e-09
 Step 226 time 0.0819987 control sound timestep  0.00036705 1,1 x 0 y 0
 Wall clock 221.887
 Average time per cell 4.16142e-09
  Step time per cell    4.18904e-09
 Step 227 time 0.0823658 control sound timestep  0.000367051 1,1 x 0 y 0
 Wall clock 222.878
 Average time per cell 4.16158e-09
  Step time per cell    4.19612e-09
 Step 228 time 0.0827328 control sound timestep  0.000367056 1,1 x 0 y 0
 Wall clock 223.855
 Average time per cell 4.16149e-09
  Step time per cell    4.14188e-09
 Step 229 time 0.0830999 control sound timestep  0.000367062 1,1 x 0 y 0
 Wall clock 224.822
 Average time per cell 4.16122e-09
  Step time per cell    4.09996e-09
 Step 230 time 0.083467 control sound timestep  0.000367066 1,1 x 0 y 0
 Wall clock 225.866
 Average time per cell 4.16237e-09
  Step time per cell    4.42467e-09
 Step 231 time 0.083834 control sound timestep  0.000367071 1,1 x 0 y 0
 Wall clock 226.845
 Average time per cell 4.16231e-09
  Step time per cell    4.1482e-09
 Step 232 time 0.0842011 control sound timestep  0.000367079 1,1 x 0 y 0
 Wall clock 227.803
 Average time per cell 4.16187e-09
  Step time per cell    4.06002e-09
 Step 233 time 0.0845682 control sound timestep  0.000367091 1,1 x 0 y 0
 Wall clock 228.795
 Average time per cell 4.16206e-09
  Step time per cell    4.20572e-09
 Step 234 time 0.0849353 control sound timestep  0.0003671 1,1 x 0 y 0
 Wall clock 229.782
 Average time per cell 4.16215e-09
  Step time per cell    4.18205e-09
 Step 235 time 0.0853024 control sound timestep  0.00036711 1,1 x 0 y 0
 Wall clock 230.771
 Average time per cell 4.16227e-09
  Step time per cell    4.19061e-09
 Step 236 time 0.0856695 control sound timestep  0.000367121 1,1 x 0 y 0
 Wall clock 231.744
 Average time per cell 4.16212e-09
  Step time per cell    4.12663e-09
 Step 237 time 0.0860366 control sound timestep  0.000367135 1,1 x 0 y 0
 Wall clock 232.706
 Average time per cell 4.16176e-09
  Step time per cell    4.07682e-09
 Step 238 time 0.0864037 control sound timestep  0.000367151 1,1 x 0 y 0
 Wall clock 233.689
 Average time per cell 4.16179e-09
  Step time per cell    4.16735e-09
 Step 239 time 0.0867709 control sound timestep  0.000367151 1,1 x 0 y 0
 Wall clock 234.688
 Average time per cell 4.16208e-09
  Step time per cell    4.23097e-09
 Step 240 time 0.087138 control sound timestep  0.00036715 1,1 x 0 y 0
 Wall clock 235.744
 Average time per cell 4.16339e-09
  Step time per cell    4.47794e-09
 Step 241 time 0.0875052 control sound timestep  0.00036715 1,1 x 0 y 0
 Wall clock 236.706
 Average time per cell 4.16303e-09
  Step time per cell    4.07552e-09
 Step 242 time 0.0878723 control sound timestep  0.000367155 1,1 x 0 y 0
 Wall clock 237.695
 Average time per cell 4.16315e-09
  Step time per cell    4.19262e-09
 Step 243 time 0.0882395 control sound timestep  0.00036716 1,1 x 0 y 0
 Wall clock 238.676
 Average time per cell 4.16314e-09
  Step time per cell    4.15908e-09
 Step 244 time 0.0886066 control sound timestep  0.000367164 1,1 x 0 y 0
 Wall clock 239.644
 Average time per cell 4.16288e-09
  Step time per cell    4.10091e-09
 Step 245 time 0.0889738 control sound timestep  0.000367169 1,1 x 0 y 0
 Wall clock 240.619
 Average time per cell 4.16275e-09
  Step time per cell    4.13076e-09
 Step 246 time 0.089341 control sound timestep  0.000367177 1,1 x 0 y 0
 Wall clock 241.607
 Average time per cell 4.16285e-09
  Step time per cell    4.18765e-09
 Step 247 time 0.0897082 control sound timestep  0.000367187 1,1 x 0 y 0
 Wall clock 242.592
 Average time per cell 4.16291e-09
  Step time per cell    4.1768e-09
 Step 248 time 0.0900753 control sound timestep  0.000367197 1,1 x 0 y 0
 Wall clock 243.562
 Average time per cell 4.16271e-09
  Step time per cell    4.11244e-09
 Step 249 time 0.0904425 control sound timestep  0.000367205 1,1 x 0 y 0
 Wall clock 244.518
 Average time per cell 4.16226e-09
  Step time per cell    4.05022e-09
 Step 250 time 0.0908097 control sound timestep  0.000367216 1,1 x 0 y 0
 Wall clock 245.571
 Average time per cell 4.16346e-09
  Step time per cell    4.46217e-09
 Step 251 time 0.091177 control sound timestep  0.000367229 1,1 x 0 y 0
 Wall clock 246.526
 Average time per cell 4.16301e-09
  Step time per cell    4.04928e-09
 Step 252 time 0.0915442 control sound timestep  0.000367244 1,1 x 0 y 0
 Wall clock 247.501
 Average time per cell 4.16288e-09
  Step time per cell    4.13017e-09
 Step 253 time 0.0919114 control sound timestep  0.000367245 1,1 x 0 y 0
 Wall clock 248.473
 Average time per cell 4.16271e-09
  Step time per cell    4.1218e-09
 Step 254 time 0.0922787 control sound timestep  0.000367243 1,1 x 0 y 0
 Wall clock 249.417
 Average time per cell 4.16207e-09
  Step time per cell    3.99797e-09
 Step 255 time 0.0926459 control sound timestep  0.000367244 1,1 x 0 y 0
 Wall clock 250.398
 Average time per cell 4.16206e-09
  Step time per cell    4.16048e-09
 Step 256 time 0.0930132 control sound timestep  0.000367248 1,1 x 0 y 0
 Wall clock 251.365
 Average time per cell 4.16182e-09
  Step time per cell    4.099e-09
 Step 257 time 0.0933804 control sound timestep  0.000367253 1,1 x 0 y 0
 Wall clock 252.317
 Average time per cell 4.16131e-09
  Step time per cell    4.03239e-09
 Step 258 time 0.0937477 control sound timestep  0.000367257 1,1 x 0 y 0
 Wall clock 253.291
 Average time per cell 4.16119e-09
  Step time per cell    4.12975e-09
 Step 259 time 0.0941149 control sound timestep  0.000367262 1,1 x 0 y 0
 Wall clock 254.278
 Average time per cell 4.16127e-09
  Step time per cell    4.18202e-09
 Step 260 time 0.0944822 control sound timestep  0.000367269 1,1 x 0 y 0
 Wall clock 255.308
 Average time per cell 4.16207e-09
  Step time per cell    4.36774e-09
 Step 261 time 0.0948495 control sound timestep  0.000367279 1,1 x 0 y 0
 Wall clock 256.291
 Average time per cell 4.16208e-09
  Step time per cell    4.16608e-09
 Step 262 time 0.0952167 control sound timestep  0.000367288 1,1 x 0 y 0
 Wall clock 257.255
 Average time per cell 4.1618e-09
  Step time per cell    4.08621e-09
 Step 263 time 0.095584 control sound timestep  0.000367297 1,1 x 0 y 0
 Wall clock 258.211
 Average time per cell 4.16137e-09
  Step time per cell    4.04945e-09
 Step 264 time 0.0959513 control sound timestep  0.000367307 1,1 x 0 y 0
 Wall clock 259.185
 Average time per cell 4.16125e-09
  Step time per cell    4.1292e-09
 Step 265 time 0.0963186 control sound timestep  0.00036732 1,1 x 0 y 0
 Wall clock 260.163
 Average time per cell 4.16119e-09
  Step time per cell    4.14534e-09
 Step 266 time 0.0966859 control sound timestep  0.000367334 1,1 x 0 y 0
 Wall clock 261.12
 Average time per cell 4.1608e-09
  Step time per cell    4.05617e-09
 Step 267 time 0.0970533 control sound timestep  0.000367334 1,1 x 0 y 0
 Wall clock 262.086
 Average time per cell 4.16054e-09
  Step time per cell    4.09231e-09
 Step 268 time 0.0974206 control sound timestep  0.000367332 1,1 x 0 y 0
 Wall clock 263.061
 Average time per cell 4.16045e-09
  Step time per cell    4.13529e-09
 Step 269 time 0.0977879 control sound timestep  0.000367333 1,1 x 0 y 0
 Wall clock 264.016
 Average time per cell 4.16003e-09
  Step time per cell    4.04742e-09
 Step 270 time 0.0981553 control sound timestep  0.000367338 1,1 x 0 y 0
 Wall clock 265.058
 Average time per cell 4.16097e-09
  Step time per cell    4.41339e-09
 Step 271 time 0.0985226 control sound timestep  0.000367342 1,1 x 0 y 0
 Wall clock 266.01
 Average time per cell 4.16051e-09
  Step time per cell    4.03582e-09
 Step 272 time 0.09889 control sound timestep  0.000367346 1,1 x 0 y 0
 Wall clock 266.985
 Average time per cell 4.1604e-09
  Step time per cell    4.1318e-09
 Step 273 time 0.0992573 control sound timestep  0.00036735 1,1 x 0 y 0
 Wall clock 267.95
 Average time per cell 4.16015e-09
  Step time per cell    4.09169e-09
 Step 274 time 0.0996247 control sound timestep  0.000367358 1,1 x 0 y 0
 Wall clock 268.908
 Average time per cell 4.15979e-09
  Step time per cell    4.06065e-09
 Step 275 time 0.099992 control sound timestep  0.000367367 1,1 x 0 y 0
 Wall clock 269.889
 Average time per cell 4.15977e-09
  Step time per cell    4.15448e-09
 Step 276 time 0.100359 control sound timestep  0.000367376 1,1 x 0 y 0
 Wall clock 270.87
 Average time per cell 4.15977e-09
  Step time per cell    4.15955e-09
 Step 277 time 0.100727 control sound timestep  0.000367384 1,1 x 0 y 0
 Wall clock 271.843
 Average time per cell 4.15964e-09
  Step time per cell    4.12434e-09
 Step 278 time 0.101094 control sound timestep  0.000367394 1,1 x 0 y 0
 Wall clock 272.789
 Average time per cell 4.15911e-09
  Step time per cell    4.01017e-09
 Step 279 time 0.101462 control sound timestep  0.000367406 1,1 x 0 y 0
 Wall clock 273.77
 Average time per cell 4.1591e-09
  Step time per cell    4.15604e-09
 Step 280 time 0.101829 control sound timestep  0.000367419 1,1 x 0 y 0
 Wall clock 274.819
 Average time per cell 4.16012e-09
  Step time per cell    4.44488e-09
 Step 281 time 0.102196 control sound timestep  0.000367419 1,1 x 0 y 0
 Wall clock 275.777
 Average time per cell 4.15977e-09
  Step time per cell    4.06316e-09
 Step 282 time 0.102564 control sound timestep  0.000367417 1,1 x 0 y 0
 Wall clock 276.756
 Average time per cell 4.15973e-09
  Step time per cell    4.14686e-09
 Step 283 time 0.102931 control sound timestep  0.000367418 1,1 x 0 y 0
 Wall clock 277.724
 Average time per cell 4.15953e-09
  Step time per cell    4.10289e-09
 Step 284 time 0.103299 control sound timestep  0.000367423 1,1 x 0 y 0
 Wall clock 278.682
 Average time per cell 4.15919e-09
  Step time per cell    4.0616e-09
 Step 285 time 0.103666 control sound timestep  0.000367427 1,1 x 0 y 0
 Wall clock 279.666
 Average time per cell 4.15922e-09
  Step time per cell    4.16851e-09
 Step 286 time 0.104033 control sound timestep  0.000367431 1,1 x 0 y 0
 Wall clock 280.644
 Average time per cell 4.15917e-09
  Step time per cell    4.14619e-09
 Step 287 time 0.104401 control sound timestep  0.000367435 1,1 x 0 y 0
 Wall clock 281.623
 Average time per cell 4.15914e-09
  Step time per cell    4.14992e-09
 Step 288 time 0.104768 control sound timestep  0.000367442 1,1 x 0 y 0
 Wall clock 282.569
 Average time per cell 4.15862e-09
  Step time per cell    4.00782e-09
 Step 289 time 0.105136 control sound timestep  0.000367452 1,1 x 0 y 0
 Wall clock 283.554
 Average time per cell 4.15868e-09
  Step time per cell    4.17553e-09
 Step 290 time 0.105503 control sound timestep  0.00036746 1,1 x 0 y 0
 Wall clock 284.609
 Average time per cell 4.15976e-09
  Step time per cell    4.47341e-09
 Step 291 time 0.105871 control sound timestep  0.000367468 1,1 x 0 y 0
 Wall clock 285.571
 Average time per cell 4.15948e-09
  Step time per cell    4.07763e-09
 Step 292 time 0.106238 control sound timestep  0.000367477 1,1 x 0 y 0
 Wall clock 286.546
 Average time per cell 4.15939e-09
  Step time per cell    4.13256e-09
 Step 293 time 0.106606 control sound timestep  0.00036749 1,1 x 0 y 0
 Wall clock 287.528
 Average time per cell 4.1594e-09
  Step time per cell    4.16085e-09
 Step 294 time 0.106973 control sound timestep  0.0003675 1,1 x 0 y 0
 Wall clock 288.493
 Average time per cell 4.15915e-09
  Step time per cell    4.08784e-09
 Step 295 time 0.107341 control sound timestep  0.000367501 1,1 x 0 y 0
 Wall clock 289.451
 Average time per cell 4.15883e-09
  Step time per cell    4.06361e-09
 Step 296 time 0.107708 control sound timestep  0.000367498 1,1 x 0 y 0
 Wall clock 290.429
 Average time per cell 4.15877e-09
  Step time per cell    4.14172e-09
 Step 297 time 0.108076 control sound timestep  0.0003675 1,1 x 0 y 0
 Wall clock 291.408
 Average time per cell 4.15875e-09
  Step time per cell    4.15007e-09
 Step 298 time 0.108443 control sound timestep  0.000367504 1,1 x 0 y 0
 Wall clock 292.369
 Average time per cell 4.15847e-09
  Step time per cell    4.07551e-09
 Step 299 time 0.108811 control sound timestep  0.000367508 1,1 x 0 y 0
 Wall clock 293.334
 Average time per cell 4.15823e-09
  Step time per cell    4.08602e-09
 Step 300 time 0.109178 control sound timestep  0.000367512 1,1 x 0 y 0
 Wall clock 294.451
 First step overhead 0
Result:
 - Problem: none
 - Outcome: PASSED
