---
Devices:
 0: Host CPU
CloverLeaf:
 - Ver.:     2.000
 - Deck:     /home/labpc/work/cipp/CloverLeaf/InputDecks/clover_bm256_300.in
 - Out:      clover.out
 - Profiler: deck-specified
MPI:
 - Enabled:     false
 - Total ranks: 1
 - Header device-awareness (CUDA-awareness):  unknown
 - Runtime device-awareness (CUDA-awareness): unknown
 - Host-Device halo exchange staging buffer:  true
Model:
 - Name:      OpenMP (CPU)
 - Execution: Host
# ---- 
Output: |+1
 Output file clover.out opened. All output will go there.
 Args: --file /home/labpc/work/cipp/CloverLeaf/InputDecks/clover_bm256_300.in
 Using input: `/home/labpc/work/cipp/CloverLeaf/InputDecks/clover_bm256_300.in`
 Problem initialised and generated
 Launching hydro
 Step 1 time 0 control sound timestep  0.000385161 1,1 x 0 y 0
 Wall clock 1.61458
 Average time per cell 6.84347e-09
  Step time per cell    6.84347e-09
 Step 2 time 0.000385161 control sound timestep  0.000235099 1,1 x 0 y 0
 Wall clock 3.21143
 Average time per cell 6.8059e-09
  Step time per cell    6.76808e-09
 Step 3 time 0.000620261 control sound timestep  0.000298723 1,1 x 0 y 0
 Wall clock 4.84115
 Average time per cell 6.83983e-09
  Step time per cell    6.9074e-09
 Step 4 time 0.000918984 control sound timestep  0.000314746 1,1 x 0 y 0
 Wall clock 6.43192
 Average time per cell 6.81551e-09
  Step time per cell    6.74229e-09
 Step 5 time 0.00123373 control sound timestep  0.000346361 1,1 x 0 y 0
 Wall clock 8.03437
 Average time per cell 6.81082e-09
  Step time per cell    6.79177e-09
 Step 6 time 0.00158009 control sound timestep  0.00034558 1,1 x 0 y 0
 Wall clock 9.62927
 Average time per cell 6.80236e-09
  Step time per cell    6.7598e-09
 Step 7 time 0.00192567 control sound timestep  0.000352154 1,1 x 0 y 0
 Wall clock 11.2437
 Average time per cell 6.80814e-09
  Step time per cell    6.84252e-09
 Step 8 time 0.00227782 control sound timestep  0.000370384 1,1 x 0 y 0
 Wall clock 12.8395
 Average time per cell 6.80259e-09
  Step time per cell    6.76348e-09
 Step 9 time 0.00264821 control sound timestep  0.000366391 1,1 x 0 y 0
 Wall clock 14.4615
 Average time per cell 6.81065e-09
  Step time per cell    6.87484e-09
 Step 10 time 0.0030146 control sound timestep  0.000363789 1,1 x 0 y 0
 Wall clock 16.1881
 Average time per cell 6.86143e-09
  Step time per cell    7.31813e-09
 Step 11 time 0.00337839 control sound timestep  0.000361224 1,1 x 0 y 0
 Wall clock 17.8147
 Average time per cell 6.86443e-09
  Step time per cell    6.89431e-09
 Step 12 time 0.00373961 control sound timestep  0.000359796 1,1 x 0 y 0
 Wall clock 19.4095
 Average time per cell 6.8557e-09
  Step time per cell    6.75937e-09
 Step 13 time 0.00409941 control sound timestep  0.000360678 1,1 x 0 y 0
 Wall clock 21.0329
 Average time per cell 6.85764e-09
  Step time per cell    6.88062e-09
 Step 14 time 0.00446009 control sound timestep  0.000362113 1,1 x 0 y 0
 Wall clock 22.6309
 Average time per cell 6.85158e-09
  Step time per cell    6.77255e-09
 Step 15 time 0.0048222 control sound timestep  0.000362661 1,1 x 0 y 0
 Wall clock 24.2617
 Average time per cell 6.85563e-09
  Step time per cell    6.91206e-09
 Step 16 time 0.00518486 control sound timestep  0.000362812 1,1 x 0 y 0
 Wall clock 25.8526
 Average time per cell 6.8486e-09
  Step time per cell    6.74271e-09
 Step 17 time 0.00554767 control sound timestep  0.000362988 1,1 x 0 y 0
 Wall clock 27.4519
 Average time per cell 6.84448e-09
  Step time per cell    6.77836e-09
 Step 18 time 0.00591066 control sound timestep  0.000363082 1,1 x 0 y 0
 Wall clock 29.0504
 Average time per cell 6.84065e-09
  Step time per cell    6.77508e-09
 Step 19 time 0.00627374 control sound timestep  0.000363112 1,1 x 0 y 0
 Wall clock 30.6655
 Average time per cell 6.84091e-09
  Step time per cell    6.84541e-09
 Step 20 time 0.00663686 control sound timestep  0.00036317 1,1 x 0 y 0
 Wall clock 32.397
 Average time per cell 6.86582e-09
  Step time per cell    7.33884e-09
 Step 21 time 0.00700003 control sound timestep  0.000363365 1,1 x 0 y 0
 Wall clock 34.0168
 Average time per cell 6.86581e-09
  Step time per cell    6.86538e-09
 Step 22 time 0.00736339 control sound timestep  0.00036347 1,1 x 0 y 0
 Wall clock 35.6103
 Average time per cell 6.86073e-09
  Step time per cell    6.75382e-09
 Step 23 time 0.00772686 control sound timestep  0.000363513 1,1 x 0 y 0
 Wall clock 37.2269
 Average time per cell 6.86036e-09
  Step time per cell    6.85187e-09
 Step 24 time 0.00809037 control sound timestep  0.000363629 1,1 x 0 y 0
 Wall clock 38.8176
 Average time per cell 6.85544e-09
  Step time per cell    6.74209e-09
 Step 25 time 0.008454 control sound timestep  0.000363732 1,1 x 0 y 0
 Wall clock 40.4123
 Average time per cell 6.85158e-09
  Step time per cell    6.75853e-09
 Step 26 time 0.00881773 control sound timestep  0.000363825 1,1 x 0 y 0
 Wall clock 42.0127
 Average time per cell 6.84896e-09
  Step time per cell    6.78319e-09
 Step 27 time 0.00918156 control sound timestep  0.000363914 1,1 x 0 y 0
 Wall clock 43.6296
 Average time per cell 6.84913e-09
  Step time per cell    6.85334e-09
 Step 28 time 0.00954547 control sound timestep  0.000363943 1,1 x 0 y 0
 Wall clock 45.2219
 Average time per cell 6.84554e-09
  Step time per cell    6.74835e-09
 Step 29 time 0.00990942 control sound timestep  0.000363973 1,1 x 0 y 0
 Wall clock 46.8437
 Average time per cell 6.84653e-09
  Step time per cell    6.87365e-09
 Step 30 time 0.0102734 control sound timestep  0.000363988 1,1 x 0 y 0
 Wall clock 48.5649
 Average time per cell 6.86149e-09
  Step time per cell    7.29527e-09
 Step 31 time 0.0106374 control sound timestep  0.000364002 1,1 x 0 y 0
 Wall clock 50.1855
 Average time per cell 6.86174e-09
  Step time per cell    6.869e-09
 Step 32 time 0.0110014 control sound timestep  0.000364043 1,1 x 0 y 0
 Wall clock 51.7879
 Average time per cell 6.85956e-09
  Step time per cell    6.79162e-09
 Step 33 time 0.0113654 control sound timestep  0.000364085 1,1 x 0 y 0
 Wall clock 53.4127
 Average time per cell 6.86039e-09
  Step time per cell    6.88663e-09
 Step 34 time 0.0117295 control sound timestep  0.000364133 1,1 x 0 y 0
 Wall clock 55.01
 Average time per cell 6.85773e-09
  Step time per cell    6.76983e-09
 Step 35 time 0.0120936 control sound timestep  0.000364198 1,1 x 0 y 0
 Wall clock 56.6315
 Average time per cell 6.85816e-09
  Step time per cell    6.87239e-09
 Step 36 time 0.0124578 control sound timestep  0.000364259 1,1 x 0 y 0
 Wall clock 58.2265
 Average time per cell 6.85545e-09
  Step time per cell    6.76022e-09
 Step 37 time 0.0128221 control sound timestep  0.000364318 1,1 x 0 y 0
 Wall clock 59.8225
 Average time per cell 6.853e-09
  Step time per cell    6.76467e-09
 Step 38 time 0.0131864 control sound timestep  0.000364383 1,1 x 0 y 0
 Wall clock 61.4259
 Average time per cell 6.8515e-09
  Step time per cell    6.79559e-09
 Step 39 time 0.0135508 control sound timestep  0.000364422 1,1 x 0 y 0
 Wall clock 63.0377
 Average time per cell 6.85099e-09
  Step time per cell    6.83134e-09
 Step 40 time 0.0139152 control sound timestep  0.000364431 1,1 x 0 y 0
 Wall clock 64.7681
 Average time per cell 6.86308e-09
  Step time per cell    7.33433e-09
 Step 41 time 0.0142797 control sound timestep  0.000364435 1,1 x 0 y 0
 Wall clock 66.3808
 Average time per cell 6.8624e-09
  Step time per cell    6.83516e-09
 Step 42 time 0.0146441 control sound timestep  0.000364445 1,1 x 0 y 0
 Wall clock 67.9874
 Average time per cell 6.86115e-09
  Step time per cell    6.80954e-09
 Step 43 time 0.0150085 control sound timestep  0.000364471 1,1 x 0 y 0
 Wall clock 69.6102
 Average time per cell 6.86154e-09
  Step time per cell    6.87784e-09
 Step 44 time 0.015373 control sound timestep  0.000364495 1,1 x 0 y 0
 Wall clock 71.2102
 Average time per cell 6.85973e-09
  Step time per cell    6.78144e-09
 Step 45 time 0.0157375 control sound timestep  0.000364518 1,1 x 0 y 0
 Wall clock 72.8411
 Average time per cell 6.86091e-09
  Step time per cell    6.91251e-09
 Step 46 time 0.016102 control sound timestep  0.000364543 1,1 x 0 y 0
 Wall clock 74.4348
 Average time per cell 6.8586e-09
  Step time per cell    6.75445e-09
 Step 47 time 0.0164666 control sound timestep  0.000364585 1,1 x 0 y 0
 Wall clock 76.0566
 Average time per cell 6.85893e-09
  Step time per cell    6.87378e-09
 Step 48 time 0.0168311 control sound timestep  0.000364628 1,1 x 0 y 0
 Wall clock 77.6527
 Average time per cell 6.85698e-09
  Step time per cell    6.76476e-09
 Step 49 time 0.0171958 control sound timestep  0.000364667 1,1 x 0 y 0
 Wall clock 79.2575
 Average time per cell 6.85586e-09
  Step time per cell    6.802e-09
 Step 50 time 0.0175604 control sound timestep  0.000364708 1,1 x 0 y 0
 Wall clock 80.9885
 Average time per cell 6.86548e-09
  Step time per cell    7.33662e-09
 Step 51 time 0.0179251 control sound timestep  0.000364758 1,1 x 0 y 0
 Wall clock 82.5985
 Average time per cell 6.86467e-09
  Step time per cell    6.82404e-09
 Step 52 time 0.0182899 control sound timestep  0.000364817 1,1 x 0 y 0
 Wall clock 84.2092
 Average time per cell 6.86395e-09
  Step time per cell    6.82677e-09
 Step 53 time 0.0186547 control sound timestep  0.000364826 1,1 x 0 y 0
 Wall clock 85.8216
 Average time per cell 6.86339e-09
  Step time per cell    6.83405e-09
 Step 54 time 0.0190195 control sound timestep  0.00036483 1,1 x 0 y 0
 Wall clock 87.4309
 Average time per cell 6.8626e-09
  Step time per cell    6.82076e-09
 Step 55 time 0.0193844 control sound timestep  0.000364831 1,1 x 0 y 0
 Wall clock 89.042
 Average time per cell 6.86199e-09
  Step time per cell    6.8284e-09
 Step 56 time 0.0197492 control sound timestep  0.000364846 1,1 x 0 y 0
 Wall clock 90.6492
 Average time per cell 6.86109e-09
  Step time per cell    6.81182e-09
 Step 57 time 0.0201141 control sound timestep  0.000364866 1,1 x 0 y 0
 Wall clock 92.2594
 Average time per cell 6.86046e-09
  Step time per cell    6.82466e-09
 Step 58 time 0.0204789 control sound timestep  0.000364884 1,1 x 0 y 0
 Wall clock 93.8654
 Average time per cell 6.85954e-09
  Step time per cell    6.80671e-09
 Step 59 time 0.0208438 control sound timestep  0.000364902 1,1 x 0 y 0
 Wall clock 95.4792
 Average time per cell 6.85922e-09
  Step time per cell    6.84023e-09
 Step 60 time 0.0212087 control sound timestep  0.000364922 1,1 x 0 y 0
 Wall clock 97.2135
 Average time per cell 6.86741e-09
  Step time per cell    7.35046e-09
 Step 61 time 0.0215736 control sound timestep  0.000364956 1,1 x 0 y 0
 Wall clock 98.8189
 Average time per cell 6.86638e-09
  Step time per cell    6.8046e-09
 Step 62 time 0.0219386 control sound timestep  0.000364991 1,1 x 0 y 0
 Wall clock 100.414
 Average time per cell 6.86469e-09
  Step time per cell    6.76143e-09
 Step 63 time 0.0223036 control sound timestep  0.000365022 1,1 x 0 y 0
 Wall clock 102.029
 Average time per cell 6.86437e-09
  Step time per cell    6.84387e-09
 Step 64 time 0.0226686 control sound timestep  0.000365056 1,1 x 0 y 0
 Wall clock 103.631
 Average time per cell 6.86318e-09
  Step time per cell    6.78801e-09
 Step 65 time 0.0230337 control sound timestep  0.000365098 1,1 x 0 y 0
 Wall clock 105.255
 Average time per cell 6.86354e-09
  Step time per cell    6.88646e-09
 Step 66 time 0.0233988 control sound timestep  0.000365146 1,1 x 0 y 0
 Wall clock 106.857
 Average time per cell 6.8624e-09
  Step time per cell    6.78826e-09
 Step 67 time 0.0237639 control sound timestep  0.000365166 1,1 x 0 y 0
 Wall clock 108.478
 Average time per cell 6.86254e-09
  Step time per cell    6.87155e-09
 Step 68 time 0.0241291 control sound timestep  0.000365169 1,1 x 0 y 0
 Wall clock 110.085
 Average time per cell 6.86176e-09
  Step time per cell    6.80868e-09
 Step 69 time 0.0244942 control sound timestep  0.000365167 1,1 x 0 y 0
 Wall clock 111.707
 Average time per cell 6.86195e-09
  Step time per cell    6.87501e-09
 Step 70 time 0.0248594 control sound timestep  0.000365177 1,1 x 0 y 0
 Wall clock 113.436
 Average time per cell 6.86865e-09
  Step time per cell    7.33047e-09
 Step 71 time 0.0252246 control sound timestep  0.000365194 1,1 x 0 y 0
 Wall clock 115.036
 Average time per cell 6.86743e-09
  Step time per cell    6.7821e-09
 Step 72 time 0.0255898 control sound timestep  0.000365209 1,1 x 0 y 0
 Wall clock 116.639
 Average time per cell 6.86639e-09
  Step time per cell    6.79201e-09
 Step 73 time 0.025955 control sound timestep  0.000365223 1,1 x 0 y 0
 Wall clock 118.245
 Average time per cell 6.86556e-09
  Step time per cell    6.80531e-09
 Step 74 time 0.0263202 control sound timestep  0.000365239 1,1 x 0 y 0
 Wall clock 119.848
 Average time per cell 6.86464e-09
  Step time per cell    6.79723e-09
 Step 75 time 0.0266854 control sound timestep  0.000365263 1,1 x 0 y 0
 Wall clock 121.461
 Average time per cell 6.86423e-09
  Step time per cell    6.83389e-09
 Step 76 time 0.0270507 control sound timestep  0.000365294 1,1 x 0 y 0
 Wall clock 123.064
 Average time per cell 6.86333e-09
  Step time per cell    6.79559e-09
 Step 77 time 0.027416 control sound timestep  0.000365322 1,1 x 0 y 0
 Wall clock 124.672
 Average time per cell 6.86272e-09
  Step time per cell    6.81616e-09
 Step 78 time 0.0277813 control sound timestep  0.000365349 1,1 x 0 y 0
 Wall clock 126.277
 Average time per cell 6.86192e-09
  Step time per cell    6.79984e-09
 Step 79 time 0.0281467 control sound timestep  0.000365381 1,1 x 0 y 0
 Wall clock 127.886
 Average time per cell 6.86144e-09
  Step time per cell    6.82346e-09
 Step 80 time 0.0285121 control sound timestep  0.000365421 1,1 x 0 y 0
 Wall clock 129.62
 Average time per cell 6.86751e-09
  Step time per cell    7.34696e-09
 Step 81 time 0.0288775 control sound timestep  0.000365457 1,1 x 0 y 0
 Wall clock 131.227
 Average time per cell 6.86681e-09
  Step time per cell    6.81081e-09
 Step 82 time 0.0292429 control sound timestep  0.000365459 1,1 x 0 y 0
 Wall clock 132.823
 Average time per cell 6.8656e-09
  Step time per cell    6.76702e-09
 Step 83 time 0.0296084 control sound timestep  0.000365461 1,1 x 0 y 0
 Wall clock 134.441
 Average time per cell 6.86546e-09
  Step time per cell    6.85407e-09
 Step 84 time 0.0299738 control sound timestep  0.000365461 1,1 x 0 y 0
 Wall clock 136.044
 Average time per cell 6.86466e-09
  Step time per cell    6.7978e-09
 Step 85 time 0.0303393 control sound timestep  0.000365475 1,1 x 0 y 0
 Wall clock 137.667
 Average time per cell 6.86481e-09
  Step time per cell    6.87709e-09
 Step 86 time 0.0307048 control sound timestep  0.000365488 1,1 x 0 y 0
 Wall clock 139.278
 Average time per cell 6.86436e-09
  Step time per cell    6.82588e-09
 Step 87 time 0.0310703 control sound timestep  0.0003655 1,1 x 0 y 0
 Wall clock 140.897
 Average time per cell 6.86435e-09
  Step time per cell    6.86306e-09
 Step 88 time 0.0314358 control sound timestep  0.000365513 1,1 x 0 y 0
 Wall clock 142.501
 Average time per cell 6.86363e-09
  Step time per cell    6.80082e-09
 Step 89 time 0.0318013 control sound timestep  0.000365528 1,1 x 0 y 0
 Wall clock 144.134
 Average time per cell 6.86425e-09
  Step time per cell    6.91849e-09
 Step 90 time 0.0321668 control sound timestep  0.000365555 1,1 x 0 y 0
 Wall clock 145.867
 Average time per cell 6.86963e-09
  Step time per cell    7.34796e-09
 Step 91 time 0.0325324 control sound timestep  0.00036558 1,1 x 0 y 0
 Wall clock 147.491
 Average time per cell 6.86976e-09
  Step time per cell    6.88142e-09
 Step 92 time 0.0328979 control sound timestep  0.000365603 1,1 x 0 y 0
 Wall clock 149.091
 Average time per cell 6.86882e-09
  Step time per cell    6.78338e-09
 Step 93 time 0.0332636 control sound timestep  0.000365628 1,1 x 0 y 0
 Wall clock 150.71
 Average time per cell 6.86874e-09
  Step time per cell    6.86061e-09
 Step 94 time 0.0336292 control sound timestep  0.000365659 1,1 x 0 y 0
 Wall clock 152.317
 Average time per cell 6.86812e-09
  Step time per cell    6.80987e-09
 Step 95 time 0.0339948 control sound timestep  0.000365696 1,1 x 0 y 0
 Wall clock 153.934
 Average time per cell 6.86797e-09
  Step time per cell    6.85345e-09
 Step 96 time 0.0343605 control sound timestep  0.000365709 1,1 x 0 y 0
 Wall clock 155.529
 Average time per cell 6.86687e-09
  Step time per cell    6.76281e-09
 Step 97 time 0.0347262 control sound timestep  0.00036571 1,1 x 0 y 0
 Wall clock 157.157
 Average time per cell 6.86718e-09
  Step time per cell    6.89595e-09
 Step 98 time 0.035092 control sound timestep  0.000365708 1,1 x 0 y 0
 Wall clock 158.76
 Average time per cell 6.86645e-09
  Step time per cell    6.79582e-09
 Step 99 time 0.0354577 control sound timestep  0.000365716 1,1 x 0 y 0
 Wall clock 160.39
 Average time per cell 6.86688e-09
  Step time per cell    6.90823e-09
 Step 100 time 0.0358234 control sound timestep  0.000365728 1,1 x 0 y 0
 Wall clock 162.123
 Average time per cell 6.87167e-09
  Step time per cell    7.34588e-09
 Step 101 time 0.0361891 control sound timestep  0.000365739 1,1 x 0 y 0
 Wall clock 163.741
 Average time per cell 6.87154e-09
  Step time per cell    6.85811e-09
 Step 102 time 0.0365548 control sound timestep  0.000365749 1,1 x 0 y 0
 Wall clock 165.349
 Average time per cell 6.87098e-09
  Step time per cell    6.81406e-09
 Step 103 time 0.0369206 control sound timestep  0.000365761 1,1 x 0 y 0
 Wall clock 166.976
 Average time per cell 6.87122e-09
  Step time per cell    6.89605e-09
 Step 104 time 0.0372864 control sound timestep  0.00036578 1,1 x 0 y 0
 Wall clock 168.581
 Average time per cell 6.87058e-09
  Step time per cell    6.80359e-09
 Step 105 time 0.0376521 control sound timestep  0.000365803 1,1 x 0 y 0
 Wall clock 170.21
 Average time per cell 6.87091e-09
  Step time per cell    6.90519e-09
 Step 106 time 0.0380179 control sound timestep  0.000365823 1,1 x 0 y 0
 Wall clock 171.81
 Average time per cell 6.87005e-09
  Step time per cell    6.77935e-09
 Step 107 time 0.0383838 control sound timestep  0.000365844 1,1 x 0 y 0
 Wall clock 173.434
 Average time per cell 6.87016e-09
  Step time per cell    6.88173e-09
 Step 108 time 0.0387496 control sound timestep  0.000365869 1,1 x 0 y 0
 Wall clock 175.033
 Average time per cell 6.86933e-09
  Step time per cell    6.78062e-09
 Step 109 time 0.0391155 control sound timestep  0.000365899 1,1 x 0 y 0
 Wall clock 176.655
 Average time per cell 6.86938e-09
  Step time per cell    6.87387e-09
 Step 110 time 0.0394814 control sound timestep  0.000365927 1,1 x 0 y 0
 Wall clock 178.393
 Average time per cell 6.87389e-09
  Step time per cell    7.36546e-09
 Step 111 time 0.0398473 control sound timestep  0.000365928 1,1 x 0 y 0
 Wall clock 180.017
 Average time per cell 6.874e-09
  Step time per cell    6.88547e-09
 Step 112 time 0.0402132 control sound timestep  0.000365927 1,1 x 0 y 0
 Wall clock 181.623
 Average time per cell 6.87336e-09
  Step time per cell    6.80266e-09
 Step 113 time 0.0405792 control sound timestep  0.000365929 1,1 x 0 y 0
 Wall clock 183.251
 Average time per cell 6.87364e-09
  Step time per cell    6.90393e-09
 Step 114 time 0.0409451 control sound timestep  0.000365939 1,1 x 0 y 0
 Wall clock 184.861
 Average time per cell 6.87318e-09
  Step time per cell    6.82169e-09
 Step 115 time 0.041311 control sound timestep  0.000365949 1,1 x 0 y 0
 Wall clock 186.492
 Average time per cell 6.87354e-09
  Step time per cell    6.91444e-09
 Step 116 time 0.041677 control sound timestep  0.000365958 1,1 x 0 y 0
 Wall clock 188.098
 Average time per cell 6.87296e-09
  Step time per cell    6.80527e-09
 Step 117 time 0.0420429 control sound timestep  0.000365968 1,1 x 0 y 0
 Wall clock 189.726
 Average time per cell 6.87319e-09
  Step time per cell    6.8999e-09
 Step 118 time 0.0424089 control sound timestep  0.00036598 1,1 x 0 y 0
 Wall clock 191.331
 Average time per cell 6.87261e-09
  Step time per cell    6.80429e-09
 Step 119 time 0.0427749 control sound timestep  0.000366001 1,1 x 0 y 0
 Wall clock 192.964
 Average time per cell 6.87299e-09
  Step time per cell    6.91791e-09
 Step 120 time 0.0431409 control sound timestep  0.00036602 1,1 x 0 y 0
 Wall clock 194.693
 Average time per cell 6.87679e-09
  Step time per cell    7.32825e-09
 Step 121 time 0.0435069 control sound timestep  0.000366037 1,1 x 0 y 0
 Wall clock 196.325
 Average time per cell 6.87714e-09
  Step time per cell    6.91885e-09
 Step 122 time 0.0438729 control sound timestep  0.000366057 1,1 x 0 y 0
 Wall clock 197.925
 Average time per cell 6.87634e-09
  Step time per cell    6.78029e-09
 Step 123 time 0.044239 control sound timestep  0.000366082 1,1 x 0 y 0
 Wall clock 199.552
 Average time per cell 6.87651e-09
  Step time per cell    6.89679e-09
 Step 124 time 0.0446051 control sound timestep  0.000366111 1,1 x 0 y 0
 Wall clock 201.159
 Average time per cell 6.87598e-09
  Step time per cell    6.80987e-09
 Step 125 time 0.0449712 control sound timestep  0.000366119 1,1 x 0 y 0
 Wall clock 202.791
 Average time per cell 6.87633e-09
  Step time per cell    6.91926e-09
 Step 126 time 0.0453373 control sound timestep  0.00036612 1,1 x 0 y 0
 Wall clock 204.4
 Average time per cell 6.87588e-09
  Step time per cell    6.81918e-09
 Step 127 time 0.0457034 control sound timestep  0.000366118 1,1 x 0 y 0
 Wall clock 206.024
 Average time per cell 6.87592e-09
  Step time per cell    6.8809e-09
 Step 128 time 0.0460695 control sound timestep  0.000366125 1,1 x 0 y 0
 Wall clock 207.631
 Average time per cell 6.87541e-09
  Step time per cell    6.81119e-09
 Step 129 time 0.0464357 control sound timestep  0.000366134 1,1 x 0 y 0
 Wall clock 209.257
 Average time per cell 6.87556e-09
  Step time per cell    6.89333e-09
 Step 130 time 0.0468018 control sound timestep  0.000366143 1,1 x 0 y 0
 Wall clock 210.997
 Average time per cell 6.8794e-09
  Step time per cell    7.37553e-09
 Step 131 time 0.0471679 control sound timestep  0.000366151 1,1 x 0 y 0
 Wall clock 212.61
 Average time per cell 6.87909e-09
  Step time per cell    6.83781e-09
 Step 132 time 0.0475341 control sound timestep  0.00036616 1,1 x 0 y 0
 Wall clock 214.222
 Average time per cell 6.87874e-09
  Step time per cell    6.83227e-09
 Step 133 time 0.0479003 control sound timestep  0.000366177 1,1 x 0 y 0
 Wall clock 215.849
 Average time per cell 6.87886e-09
  Step time per cell    6.89489e-09
 Step 134 time 0.0482664 control sound timestep  0.000366195 1,1 x 0 y 0
 Wall clock 217.456
 Average time per cell 6.87836e-09
  Step time per cell    6.81156e-09
 Step 135 time 0.0486326 control sound timestep  0.000366211 1,1 x 0 y 0
 Wall clock 219.075
 Average time per cell 6.87821e-09
  Step time per cell    6.85844e-09
 Step 136 time 0.0489988 control sound timestep  0.000366227 1,1 x 0 y 0
 Wall clock 220.685
 Average time per cell 6.87783e-09
  Step time per cell    6.82528e-09
 Step 137 time 0.0493651 control sound timestep  0.000366248 1,1 x 0 y 0
 Wall clock 222.304
 Average time per cell 6.87773e-09
  Step time per cell    6.86375e-09
 Step 138 time 0.0497313 control sound timestep  0.000366273 1,1 x 0 y 0
 Wall clock 223.915
 Average time per cell 6.87736e-09
  Step time per cell    6.82641e-09
 Step 139 time 0.0500976 control sound timestep  0.000366291 1,1 x 0 y 0
 Wall clock 225.534
 Average time per cell 6.87725e-09
  Step time per cell    6.86244e-09
 Step 140 time 0.0504639 control sound timestep  0.000366292 1,1 x 0 y 0
 Wall clock 227.277
 Average time per cell 6.88088e-09
  Step time per cell    7.38548e-09
 Step 141 time 0.0508302 control sound timestep  0.000366288 1,1 x 0 y 0
 Wall clock 228.89
 Average time per cell 6.8806e-09
  Step time per cell    6.8403e-09
 Step 142 time 0.0511965 control sound timestep  0.000366292 1,1 x 0 y 0
 Wall clock 230.501
 Average time per cell 6.8802e-09
  Step time per cell    6.82482e-09
 Step 143 time 0.0515627 control sound timestep  0.000366301 1,1 x 0 y 0
 Wall clock 232.118
 Average time per cell 6.88004e-09
  Step time per cell    6.85585e-09
 Step 144 time 0.051929 control sound timestep  0.000366308 1,1 x 0 y 0
 Wall clock 233.731
 Average time per cell 6.87972e-09
  Step time per cell    6.83417e-09
 Step 145 time 0.0522954 control sound timestep  0.000366316 1,1 x 0 y 0
 Wall clock 235.35
 Average time per cell 6.87962e-09
  Step time per cell    6.86485e-09
 Step 146 time 0.0526617 control sound timestep  0.000366324 1,1 x 0 y 0
 Wall clock 236.96
 Average time per cell 6.87924e-09
  Step time per cell    6.82364e-09
 Step 147 time 0.053028 control sound timestep  0.000366336 1,1 x 0 y 0
 Wall clock 238.578
 Average time per cell 6.87908e-09
  Step time per cell    6.85647e-09
 Step 148 time 0.0533943 control sound timestep  0.000366353 1,1 x 0 y 0
 Wall clock 240.187
 Average time per cell 6.87869e-09
  Step time per cell    6.82067e-09
 Step 149 time 0.0537607 control sound timestep  0.000366368 1,1 x 0 y 0
 Wall clock 241.809
 Average time per cell 6.87865e-09
  Step time per cell    6.87161e-09
 Step 150 time 0.0541271 control sound timestep  0.000366382 1,1 x 0 y 0
 Wall clock 243.556
 Average time per cell 6.88215e-09
  Step time per cell    7.40441e-09
 Step 151 time 0.0544934 control sound timestep  0.000366399 1,1 x 0 y 0
 Wall clock 245.165
 Average time per cell 6.88175e-09
  Step time per cell    6.82095e-09
 Step 152 time 0.0548598 control sound timestep  0.000366421 1,1 x 0 y 0
 Wall clock 246.779
 Average time per cell 6.88148e-09
  Step time per cell    6.84055e-09
 Step 153 time 0.0552263 control sound timestep  0.000366444 1,1 x 0 y 0
 Wall clock 248.402
 Average time per cell 6.88146e-09
  Step time per cell    6.87857e-09
 Step 154 time 0.0555927 control sound timestep  0.000366446 1,1 x 0 y 0
 Wall clock 250.014
 Average time per cell 6.88116e-09
  Step time per cell    6.83394e-09
 Step 155 time 0.0559591 control sound timestep  0.000366445 1,1 x 0 y 0
 Wall clock 251.631
 Average time per cell 6.88097e-09
  Step time per cell    6.85194e-09
 Step 156 time 0.0563256 control sound timestep  0.000366445 1,1 x 0 y 0
 Wall clock 253.247
 Average time per cell 6.88078e-09
  Step time per cell    6.85151e-09
 Step 157 time 0.056692 control sound timestep  0.000366452 1,1 x 0 y 0
 Wall clock 254.869
 Average time per cell 6.88075e-09
  Step time per cell    6.87544e-09
 Step 158 time 0.0570585 control sound timestep  0.000366459 1,1 x 0 y 0
 Wall clock 256.481
 Average time per cell 6.88043e-09
  Step time per cell    6.83066e-09
 Step 159 time 0.0574249 control sound timestep  0.000366466 1,1 x 0 y 0
 Wall clock 258.102
 Average time per cell 6.88037e-09
  Step time per cell    6.86968e-09
 Step 160 time 0.0577914 control sound timestep  0.000366473 1,1 x 0 y 0
 Wall clock 259.844
 Average time per cell 6.88352e-09
  Step time per cell    7.38499e-09
 Step 161 time 0.0581579 control sound timestep  0.000366482 1,1 x 0 y 0
 Wall clock 261.461
 Average time per cell 6.88333e-09
  Step time per cell    6.85232e-09
 Step 162 time 0.0585244 control sound timestep  0.000366498 1,1 x 0 y 0
 Wall clock 263.074
 Average time per cell 6.88305e-09
  Step time per cell    6.83787e-09
 Step 163 time 0.0588909 control sound timestep  0.000366512 1,1 x 0 y 0
 Wall clock 264.699
 Average time per cell 6.88306e-09
  Step time per cell    6.88493e-09
 Step 164 time 0.0592574 control sound timestep  0.000366525 1,1 x 0 y 0
 Wall clock 266.312
 Average time per cell 6.8828e-09
  Step time per cell    6.83954e-09
 Step 165 time 0.0596239 control sound timestep  0.000366539 1,1 x 0 y 0
 Wall clock 267.936
 Average time per cell 6.8828e-09
  Step time per cell    6.8817e-09
 Step 166 time 0.0599904 control sound timestep  0.000366558 1,1 x 0 y 0
 Wall clock 269.546
 Average time per cell 6.88243e-09
  Step time per cell    6.82234e-09
 Step 167 time 0.060357 control sound timestep  0.00036658 1,1 x 0 y 0
 Wall clock 271.167
 Average time per cell 6.88238e-09
  Step time per cell    6.8725e-09
 Step 168 time 0.0607236 control sound timestep  0.000366586 1,1 x 0 y 0
 Wall clock 272.784
 Average time per cell 6.88219e-09
  Step time per cell    6.85082e-09
 Step 169 time 0.0610902 control sound timestep  0.000366586 1,1 x 0 y 0
 Wall clock 274.405
 Average time per cell 6.88212e-09
  Step time per cell    6.87049e-09
 Step 170 time 0.0614568 control sound timestep  0.000366585 1,1 x 0 y 0
 Wall clock 276.149
 Average time per cell 6.88512e-09
  Step time per cell    7.39174e-09
 Step 171 time 0.0618233 control sound timestep  0.00036659 1,1 x 0 y 0
 Wall clock 277.761
 Average time per cell 6.88481e-09
  Step time per cell    6.83262e-09
 Step 172 time 0.0621899 control sound timestep  0.000366597 1,1 x 0 y 0
 Wall clock 279.374
 Average time per cell 6.88455e-09
  Step time per cell    6.8383e-09
 Step 173 time 0.0625565 control sound timestep  0.000366603 1,1 x 0 y 0
 Wall clock 280.998
 Average time per cell 6.88453e-09
  Step time per cell    6.88205e-09
 Step 174 time 0.0629231 control sound timestep  0.000366609 1,1 x 0 y 0
 Wall clock 282.613
 Average time per cell 6.8843e-09
  Step time per cell    6.84447e-09
 Step 175 time 0.0632897 control sound timestep  0.000366616 1,1 x 0 y 0
 Wall clock 284.24
 Average time per cell 6.88439e-09
  Step time per cell    6.89896e-09
 Step 176 time 0.0636564 control sound timestep  0.000366631 1,1 x 0 y 0
 Wall clock 285.855
 Average time per cell 6.88415e-09
  Step time per cell    6.84272e-09
 Step 177 time 0.064023 control sound timestep  0.000366644 1,1 x 0 y 0
 Wall clock 287.477
 Average time per cell 6.88411e-09
  Step time per cell    6.87673e-09
 Step 178 time 0.0643896 control sound timestep  0.000366656 1,1 x 0 y 0
 Wall clock 289.096
 Average time per cell 6.88399e-09
  Step time per cell    6.86164e-09
 Step 179 time 0.0647563 control sound timestep  0.000366668 1,1 x 0 y 0
 Wall clock 290.721
 Average time per cell 6.884e-09
  Step time per cell    6.88579e-09
 Step 180 time 0.065123 control sound timestep  0.000366685 1,1 x 0 y 0
 Wall clock 292.465
 Average time per cell 6.88682e-09
  Step time per cell    7.39073e-09
 Step 181 time 0.0654896 control sound timestep  0.000366704 1,1 x 0 y 0
 Wall clock 294.081
 Average time per cell 6.88661e-09
  Step time per cell    6.84989e-09
 Step 182 time 0.0658563 control sound timestep  0.000366715 1,1 x 0 y 0
 Wall clock 295.695
 Average time per cell 6.88638e-09
  Step time per cell    6.84277e-09
 Step 183 time 0.0662231 control sound timestep  0.000366716 1,1 x 0 y 0
 Wall clock 297.319
 Average time per cell 6.88635e-09
  Step time per cell    6.88093e-09
 Step 184 time 0.0665898 control sound timestep  0.000366713 1,1 x 0 y 0
 Wall clock 298.934
 Average time per cell 6.88613e-09
  Step time per cell    6.84654e-09
 Step 185 time 0.0669565 control sound timestep  0.000366717 1,1 x 0 y 0
 Wall clock 300.555
 Average time per cell 6.88605e-09
  Step time per cell    6.87068e-09
 Step 186 time 0.0673232 control sound timestep  0.000366724 1,1 x 0 y 0
 Wall clock 302.174
 Average time per cell 6.88591e-09
  Step time per cell    6.86e-09
 Step 187 time 0.0676899 control sound timestep  0.000366729 1,1 x 0 y 0
 Wall clock 303.8
 Average time per cell 6.88594e-09
  Step time per cell    6.8902e-09
 Step 188 time 0.0680567 control sound timestep  0.000366735 1,1 x 0 y 0
 Wall clock 305.416
 Average time per cell 6.88576e-09
  Step time per cell    6.85192e-09
 Step 189 time 0.0684234 control sound timestep  0.000366742 1,1 x 0 y 0
 Wall clock 307.026
 Average time per cell 6.88543e-09
  Step time per cell    6.8238e-09
 Step 190 time 0.0687901 control sound timestep  0.000366754 1,1 x 0 y 0
 Wall clock 308.768
 Average time per cell 6.88805e-09
  Step time per cell    7.38233e-09
 Step 191 time 0.0691569 control sound timestep  0.000366766 1,1 x 0 y 0
 Wall clock 310.386
 Average time per cell 6.88789e-09
  Step time per cell    6.85761e-09
 Step 192 time 0.0695237 control sound timestep  0.000366777 1,1 x 0 y 0
 Wall clock 312
 Average time per cell 6.88766e-09
  Step time per cell    6.84293e-09
 Step 193 time 0.0698904 control sound timestep  0.000366789 1,1 x 0 y 0
 Wall clock 313.629
 Average time per cell 6.88774e-09
  Step time per cell    6.90289e-09
 Step 194 time 0.0702572 control sound timestep  0.000366803 1,1 x 0 y 0
 Wall clock 315.247
 Average time per cell 6.88757e-09
  Step time per cell    6.8554e-09
 Step 195 time 0.070624 control sound timestep  0.000366821 1,1 x 0 y 0
 Wall clock 316.866
 Average time per cell 6.88745e-09
  Step time per cell    6.86443e-09
 Step 196 time 0.0709908 control sound timestep  0.000366835 1,1 x 0 y 0
 Wall clock 318.48
 Average time per cell 6.88723e-09
  Step time per cell    6.84214e-09
 Step 197 time 0.0713577 control sound timestep  0.000366836 1,1 x 0 y 0
 Wall clock 320.111
 Average time per cell 6.88736e-09
  Step time per cell    6.91252e-09
 Step 198 time 0.0717245 control sound timestep  0.000366833 1,1 x 0 y 0
 Wall clock 321.731
 Average time per cell 6.88725e-09
  Step time per cell    6.86647e-09
 Step 199 time 0.0720913 control sound timestep  0.000366836 1,1 x 0 y 0
 Wall clock 323.357
 Average time per cell 6.88726e-09
  Step time per cell    6.88882e-09
 Step 200 time 0.0724582 control sound timestep  0.000366842 1,1 x 0 y 0
 Wall clock 325.1
 Average time per cell 6.88977e-09
  Step time per cell    7.38846e-09
 Step 201 time 0.072825 control sound timestep  0.000366847 1,1 x 0 y 0
 Wall clock 326.722
 Average time per cell 6.88969e-09
  Step time per cell    6.87463e-09
 Step 202 time 0.0731919 control sound timestep  0.000366853 1,1 x 0 y 0
 Wall clock 328.337
 Average time per cell 6.88947e-09
  Step time per cell    6.84487e-09
 Step 203 time 0.0735587 control sound timestep  0.000366859 1,1 x 0 y 0
 Wall clock 329.957
 Average time per cell 6.88936e-09
  Step time per cell    6.86609e-09
 Step 204 time 0.0739256 control sound timestep  0.000366869 1,1 x 0 y 0
 Wall clock 331.572
 Average time per cell 6.88914e-09
  Step time per cell    6.84385e-09
 Step 205 time 0.0742925 control sound timestep  0.000366881 1,1 x 0 y 0
 Wall clock 333.202
 Average time per cell 6.88924e-09
  Step time per cell    6.91045e-09
 Step 206 time 0.0746593 control sound timestep  0.000366892 1,1 x 0 y 0
 Wall clock 334.82
 Average time per cell 6.88909e-09
  Step time per cell    6.85761e-09
 Step 207 time 0.0750262 control sound timestep  0.000366902 1,1 x 0 y 0
 Wall clock 336.449
 Average time per cell 6.88916e-09
  Step time per cell    6.90284e-09
 Step 208 time 0.0753931 control sound timestep  0.000366915 1,1 x 0 y 0
 Wall clock 338.066
 Average time per cell 6.88899e-09
  Step time per cell    6.85427e-09
 Step 209 time 0.07576 control sound timestep  0.000366932 1,1 x 0 y 0
 Wall clock 339.694
 Average time per cell 6.88905e-09
  Step time per cell    6.90133e-09
 Step 210 time 0.076127 control sound timestep  0.000366947 1,1 x 0 y 0
 Wall clock 341.438
 Average time per cell 6.89145e-09
  Step time per cell    7.39167e-09
 Step 211 time 0.0764939 control sound timestep  0.000366948 1,1 x 0 y 0
 Wall clock 343.057
 Average time per cell 6.89131e-09
  Step time per cell    6.86318e-09
 Step 212 time 0.0768609 control sound timestep  0.000366945 1,1 x 0 y 0
 Wall clock 344.674
 Average time per cell 6.89113e-09
  Step time per cell    6.85289e-09
 Step 213 time 0.0772278 control sound timestep  0.000366947 1,1 x 0 y 0
 Wall clock 346.302
 Average time per cell 6.89117e-09
  Step time per cell    6.89855e-09
 Step 214 time 0.0775948 control sound timestep  0.000366952 1,1 x 0 y 0
 Wall clock 347.92
 Average time per cell 6.89101e-09
  Step time per cell    6.85644e-09
 Step 215 time 0.0779617 control sound timestep  0.000366958 1,1 x 0 y 0
 Wall clock 349.551
 Average time per cell 6.89112e-09
  Step time per cell    6.91502e-09
 Step 216 time 0.0783287 control sound timestep  0.000366963 1,1 x 0 y 0
 Wall clock 351.173
 Average time per cell 6.89103e-09
  Step time per cell    6.87225e-09
 Step 217 time 0.0786956 control sound timestep  0.000366968 1,1 x 0 y 0
 Wall clock 352.799
 Average time per cell 6.89104e-09
  Step time per cell    6.89194e-09
 Step 218 time 0.0790626 control sound timestep  0.000366977 1,1 x 0 y 0
 Wall clock 354.42
 Average time per cell 6.89095e-09
  Step time per cell    6.87064e-09
 Step 219 time 0.0794296 control sound timestep  0.000366989 1,1 x 0 y 0
 Wall clock 356.045
 Average time per cell 6.89093e-09
  Step time per cell    6.88761e-09
 Step 220 time 0.0797966 control sound timestep  0.000366999 1,1 x 0 y 0
 Wall clock 357.79
 Average time per cell 6.89324e-09
  Step time per cell    7.39738e-09
 Step 221 time 0.0801636 control sound timestep  0.000367009 1,1 x 0 y 0
 Wall clock 359.411
 Average time per cell 6.89313e-09
  Step time per cell    6.8691e-09
 Step 222 time 0.0805306 control sound timestep  0.000367021 1,1 x 0 y 0
 Wall clock 361.029
 Average time per cell 6.89298e-09
  Step time per cell    6.86026e-09
 Step 223 time 0.0808976 control sound timestep  0.000367036 1,1 x 0 y 0
 Wall clock 362.683
 Average time per cell 6.8935e-09
  Step time per cell    7.00917e-09
 Step 224 time 0.0812646 control sound timestep  0.000367052 1,1 x 0 y 0
 Wall clock 364.308
 Average time per cell 6.89348e-09
  Step time per cell    6.88821e-09
 Step 225 time 0.0816317 control sound timestep  0.000367052 1,1 x 0 y 0
 Wall clock 365.946
 Average time per cell 6.89369e-09
  Step time per cell    6.94071e-09
 Step 226 time 0.0819987 control sound timestep  0.00036705 1,1 x 0 y 0
 Wall clock 367.581
 Average time per cell 6.89385e-09
  Step time per cell    6.92922e-09
 Step 227 time 0.0823658 control sound timestep  0.000367051 1,1 x 0 y 0
 Wall clock 369.2
 Average time per cell 6.89372e-09
  Step time per cell    6.86426e-09
 Step 228 time 0.0827328 control sound timestep  0.000367056 1,1 x 0 y 0
 Wall clock 370.823
 Average time per cell 6.89365e-09
  Step time per cell    6.87625e-09
 Step 229 time 0.0830999 control sound timestep  0.000367062 1,1 x 0 y 0
 Wall clock 372.449
 Average time per cell 6.89364e-09
  Step time per cell    6.89195e-09
 Step 230 time 0.083467 control sound timestep  0.000367066 1,1 x 0 y 0
 Wall clock 374.196
 Average time per cell 6.89587e-09
  Step time per cell    7.40689e-09
 Step 231 time 0.083834 control sound timestep  0.000367071 1,1 x 0 y 0
 Wall clock 375.818
 Average time per cell 6.89578e-09
  Step time per cell    6.87519e-09
 Step 232 time 0.0842011 control sound timestep  0.000367079 1,1 x 0 y 0
 Wall clock 377.435
 Average time per cell 6.8956e-09
  Step time per cell    6.85271e-09
 Step 233 time 0.0845682 control sound timestep  0.000367091 1,1 x 0 y 0
 Wall clock 379.097
 Average time per cell 6.89624e-09
  Step time per cell    7.04506e-09
 Step 234 time 0.0849353 control sound timestep  0.0003671 1,1 x 0 y 0
 Wall clock 380.812
 Average time per cell 6.89782e-09
  Step time per cell    7.26564e-09
 Step 235 time 0.0853024 control sound timestep  0.00036711 1,1 x 0 y 0
 Wall clock 382.529
 Average time per cell 6.89945e-09
  Step time per cell    7.27987e-09
 Step 236 time 0.0856695 control sound timestep  0.000367121 1,1 x 0 y 0
 Wall clock 384.226
 Average time per cell 6.90069e-09
  Step time per cell    7.19101e-09
 Step 237 time 0.0860366 control sound timestep  0.000367135 1,1 x 0 y 0
 Wall clock 385.958
 Average time per cell 6.90254e-09
  Step time per cell    7.33955e-09
 Step 238 time 0.0864037 control sound timestep  0.000367151 1,1 x 0 y 0
 Wall clock 387.659
 Average time per cell 6.90384e-09
  Step time per cell    7.21111e-09
 Step 239 time 0.0867709 control sound timestep  0.000367151 1,1 x 0 y 0
 Wall clock 389.376
 Average time per cell 6.9054e-09
  Step time per cell    7.27719e-09
 Step 240 time 0.087138 control sound timestep  0.00036715 1,1 x 0 y 0
 Wall clock 391.218
 Average time per cell 6.90915e-09
  Step time per cell    7.80572e-09
 Step 241 time 0.0875052 control sound timestep  0.00036715 1,1 x 0 y 0
 Wall clock 392.936
 Average time per cell 6.9107e-09
  Step time per cell    7.28221e-09
 Step 242 time 0.0878723 control sound timestep  0.000367155 1,1 x 0 y 0
 Wall clock 394.629
 Average time per cell 6.91179e-09
  Step time per cell    7.17483e-09
 Step 243 time 0.0882395 control sound timestep  0.00036716 1,1 x 0 y 0
 Wall clock 396.366
 Average time per cell 6.91366e-09
  Step time per cell    7.36443e-09
 Step 244 time 0.0886066 control sound timestep  0.000367164 1,1 x 0 y 0
 Wall clock 398.055
 Average time per cell 6.91466e-09
  Step time per cell    7.15861e-09
 Step 245 time 0.0889738 control sound timestep  0.000367169 1,1 x 0 y 0
 Wall clock 399.775
 Average time per cell 6.9162e-09
  Step time per cell    7.28994e-09
 Step 246 time 0.089341 control sound timestep  0.000367177 1,1 x 0 y 0
 Wall clock 401.491
 Average time per cell 6.91764e-09
  Step time per cell    7.27144e-09
 Step 247 time 0.0897082 control sound timestep  0.000367187 1,1 x 0 y 0
 Wall clock 403.212
 Average time per cell 6.91918e-09
  Step time per cell    7.29678e-09
 Step 248 time 0.0900753 control sound timestep  0.000367197 1,1 x 0 y 0
 Wall clock 404.902
 Average time per cell 6.92016e-09
  Step time per cell    7.16292e-09
 Step 249 time 0.0904425 control sound timestep  0.000367205 1,1 x 0 y 0
 Wall clock 406.651
 Average time per cell 6.92213e-09
  Step time per cell    7.40985e-09
 Step 250 time 0.0908097 control sound timestep  0.000367216 1,1 x 0 y 0
 Wall clock 408.477
 Average time per cell 6.92541e-09
  Step time per cell    7.74125e-09
 Step 251 time 0.091177 control sound timestep  0.000367229 1,1 x 0 y 0
 Wall clock 410.216
 Average time per cell 6.92719e-09
  Step time per cell    7.37201e-09
 Step 252 time 0.0915442 control sound timestep  0.000367244 1,1 x 0 y 0
 Wall clock 411.902
 Average time per cell 6.92804e-09
  Step time per cell    7.14274e-09
 Step 253 time 0.0919114 control sound timestep  0.000367245 1,1 x 0 y 0
 Wall clock 413.636
 Average time per cell 6.92971e-09
  Step time per cell    7.35078e-09
 Step 254 time 0.0922787 control sound timestep  0.000367243 1,1 x 0 y 0
 Wall clock 415.338
 Average time per cell 6.93084e-09
  Step time per cell    7.21471e-09
 Step 255 time 0.0926459 control sound timestep  0.000367244 1,1 x 0 y 0
 Wall clock 417.059
 Average time per cell 6.93226e-09
  Step time per cell    7.29351e-09
 Step 256 time 0.0930132 control sound timestep  0.000367248 1,1 x 0 y 0
 Wall clock 418.774
 Average time per cell 6.93357e-09
  Step time per cell    7.26763e-09
 Step 257 time 0.0933804 control sound timestep  0.000367253 1,1 x 0 y 0
 Wall clock 420.504
 Average time per cell 6.93513e-09
  Step time per cell    7.3327e-09
 Step 258 time 0.0937477 control sound timestep  0.000367257 1,1 x 0 y 0
 Wall clock 422.216
 Average time per cell 6.93638e-09
  Step time per cell    7.25803e-09
 Step 259 time 0.0941149 control sound timestep  0.000367262 1,1 x 0 y 0
 Wall clock 423.944
 Average time per cell 6.93788e-09
  Step time per cell    7.32395e-09
 Step 260 time 0.0944822 control sound timestep  0.000367269 1,1 x 0 y 0
 Wall clock 425.772
 Average time per cell 6.94099e-09
  Step time per cell    7.74754e-09
 Step 261 time 0.0948495 control sound timestep  0.000367279 1,1 x 0 y 0
 Wall clock 427.495
 Average time per cell 6.94238e-09
  Step time per cell    7.30217e-09
 Step 262 time 0.0952167 control sound timestep  0.000367288 1,1 x 0 y 0
 Wall clock 429.184
 Average time per cell 6.94321e-09
  Step time per cell    7.16025e-09
 Step 263 time 0.095584 control sound timestep  0.000367297 1,1 x 0 y 0
 Wall clock 430.916
 Average time per cell 6.94471e-09
  Step time per cell    7.33707e-09
 Step 264 time 0.0959513 control sound timestep  0.000367307 1,1 x 0 y 0
 Wall clock 432.625
 Average time per cell 6.94584e-09
  Step time per cell    7.24385e-09
 Step 265 time 0.0963186 control sound timestep  0.00036732 1,1 x 0 y 0
 Wall clock 434.346
 Average time per cell 6.94716e-09
  Step time per cell    7.29472e-09
 Step 266 time 0.0966859 control sound timestep  0.000367334 1,1 x 0 y 0
 Wall clock 436.062
 Average time per cell 6.9484e-09
  Step time per cell    7.27597e-09
 Step 267 time 0.0970533 control sound timestep  0.000367334 1,1 x 0 y 0
 Wall clock 437.782
 Average time per cell 6.94968e-09
  Step time per cell    7.2896e-09
 Step 268 time 0.0974206 control sound timestep  0.000367332 1,1 x 0 y 0
 Wall clock 439.501
 Average time per cell 6.95093e-09
  Step time per cell    7.28611e-09
 Step 269 time 0.0977879 control sound timestep  0.000367333 1,1 x 0 y 0
 Wall clock 441.224
 Average time per cell 6.95223e-09
  Step time per cell    7.29968e-09
 Step 270 time 0.0981553 control sound timestep  0.000367338 1,1 x 0 y 0
 Wall clock 443.051
 Average time per cell 6.95517e-09
  Step time per cell    7.74476e-09
 Step 271 time 0.0985226 control sound timestep  0.000367342 1,1 x 0 y 0
 Wall clock 444.775
 Average time per cell 6.95647e-09
  Step time per cell    7.30896e-09
 Step 272 time 0.09889 control sound timestep  0.000367346 1,1 x 0 y 0
 Wall clock 446.464
 Average time per cell 6.95722e-09
  Step time per cell    7.15894e-09
 Step 273 time 0.0992573 control sound timestep  0.00036735 1,1 x 0 y 0
 Wall clock 448.187
 Average time per cell 6.95847e-09
  Step time per cell    7.29895e-09
 Step 274 time 0.0996247 control sound timestep  0.000367358 1,1 x 0 y 0
 Wall clock 449.913
 Average time per cell 6.95978e-09
  Step time per cell    7.31601e-09
 Step 275 time 0.099992 control sound timestep  0.000367367 1,1 x 0 y 0
 Wall clock 451.639
 Average time per cell 6.96107e-09
  Step time per cell    7.31626e-09
 Step 276 time 0.100359 control sound timestep  0.000367376 1,1 x 0 y 0
 Wall clock 453.342
 Average time per cell 6.962e-09
  Step time per cell    7.21614e-09
 Step 277 time 0.100727 control sound timestep  0.000367384 1,1 x 0 y 0
 Wall clock 455.076
 Average time per cell 6.96341e-09
  Step time per cell    7.35304e-09
 Step 278 time 0.101094 control sound timestep  0.000367394 1,1 x 0 y 0
 Wall clock 456.772
 Average time per cell 6.96421e-09
  Step time per cell    7.18579e-09
 Step 279 time 0.101462 control sound timestep  0.000367406 1,1 x 0 y 0
 Wall clock 458.504
 Average time per cell 6.96557e-09
  Step time per cell    7.34306e-09
 Step 280 time 0.101829 control sound timestep  0.000367419 1,1 x 0 y 0
 Wall clock 460.356
 Average time per cell 6.96873e-09
  Step time per cell    7.84863e-09
 Step 281 time 0.102196 control sound timestep  0.000367419 1,1 x 0 y 0
 Wall clock 462.083
 Average time per cell 6.96998e-09
  Step time per cell    7.32046e-09
 Step 282 time 0.102564 control sound timestep  0.000367417 1,1 x 0 y 0
 Wall clock 463.803
 Average time per cell 6.97111e-09
  Step time per cell    7.28953e-09
 Step 283 time 0.102931 control sound timestep  0.000367418 1,1 x 0 y 0
 Wall clock 465.529
 Average time per cell 6.97233e-09
  Step time per cell    7.31462e-09
 Step 284 time 0.103299 control sound timestep  0.000367423 1,1 x 0 y 0
 Wall clock 467.253
 Average time per cell 6.97351e-09
  Step time per cell    7.30727e-09
 Step 285 time 0.103666 control sound timestep  0.000367427 1,1 x 0 y 0
 Wall clock 468.98
 Average time per cell 6.97473e-09
  Step time per cell    7.32079e-09
 Step 286 time 0.104033 control sound timestep  0.000367431 1,1 x 0 y 0
 Wall clock 470.707
 Average time per cell 6.97594e-09
  Step time per cell    7.31979e-09
 Step 287 time 0.104401 control sound timestep  0.000367435 1,1 x 0 y 0
 Wall clock 472.431
 Average time per cell 6.97708e-09
  Step time per cell    7.3048e-09
 Step 288 time 0.104768 control sound timestep  0.000367442 1,1 x 0 y 0
 Wall clock 474.163
 Average time per cell 6.97835e-09
  Step time per cell    7.34117e-09
 Step 289 time 0.105136 control sound timestep  0.000367452 1,1 x 0 y 0
 Wall clock 475.889
 Average time per cell 6.97952e-09
  Step time per cell    7.31685e-09
 Step 290 time 0.105503 control sound timestep  0.00036746 1,1 x 0 y 0
 Wall clock 477.742
 Average time per cell 6.98253e-09
  Step time per cell    7.85149e-09
 Step 291 time 0.105871 control sound timestep  0.000367468 1,1 x 0 y 0
 Wall clock 479.468
 Average time per cell 6.98368e-09
  Step time per cell    7.31715e-09
 Step 292 time 0.106238 control sound timestep  0.000367477 1,1 x 0 y 0
 Wall clock 481.192
 Average time per cell 6.98479e-09
  Step time per cell    7.30834e-09
 Step 293 time 0.106606 control sound timestep  0.00036749 1,1 x 0 y 0
 Wall clock 482.919
 Average time per cell 6.98594e-09
  Step time per cell    7.32031e-09
 Step 294 time 0.106973 control sound timestep  0.0003675 1,1 x 0 y 0
 Wall clock 484.648
 Average time per cell 6.9871e-09
  Step time per cell    7.32728e-09
 Step 295 time 0.107341 control sound timestep  0.000367501 1,1 x 0 y 0
 Wall clock 486.378
 Average time per cell 6.98827e-09
  Step time per cell    7.33107e-09
 Step 296 time 0.107708 control sound timestep  0.000367498 1,1 x 0 y 0
 Wall clock 488.106
 Average time per cell 6.9894e-09
  Step time per cell    7.32339e-09
 Step 297 time 0.108076 control sound timestep  0.0003675 1,1 x 0 y 0
 Wall clock 489.839
 Average time per cell 6.9906e-09
  Step time per cell    7.34556e-09
 Step 298 time 0.108443 control sound timestep  0.000367504 1,1 x 0 y 0
 Wall clock 491.558
 Average time per cell 6.99159e-09
  Step time per cell    7.28501e-09
 Step 299 time 0.108811 control sound timestep  0.000367508 1,1 x 0 y 0
 Wall clock 493.298
 Average time per cell 6.99287e-09
  Step time per cell    7.37588e-09
 Step 300 time 0.109178 control sound timestep  0.000367512 1,1 x 0 y 0
 Wall clock 495.285
 First step overhead 0
Result:
 - Problem: none
 - Outcome: PASSED
