---
Devices:
 0: Host CPU
CloverLeaf:
 - Ver.:     2.000
 - Deck:     /home/labpc/work/cipp/CloverLeaf/InputDecks/clover_bm256_300.in
 - Out:      clover.out
 - Profiler: deck-specified
MPI:
 - Enabled:     false
 - Total ranks: 1
 - Header device-awareness (CUDA-awareness):  unknown
 - Runtime device-awareness (CUDA-awareness): unknown
 - Host-Device halo exchange staging buffer:  true
Model:
 - Name:      OpenMP (CPU)
 - Execution: Host
# ---- 
Output: |+1
 Output file clover.out opened. All output will go there.
 Args: --file /home/labpc/work/cipp/CloverLeaf/InputDecks/clover_bm256_300.in
 Using input: `/home/labpc/work/cipp/CloverLeaf/InputDecks/clover_bm256_300.in`
 Problem initialised and generated
 Launching hydro
 Step 1 time 0 control sound timestep  0.000385161 1,1 x 0 y 0
 Wall clock 1.0766
 Average time per cell 4.56323e-09
  Step time per cell    4.56323e-09
 Step 2 time 0.000385161 control sound timestep  0.000235099 1,1 x 0 y 0
 Wall clock 2.1385
 Average time per cell 4.53206e-09
  Step time per cell    4.50059e-09
 Step 3 time 0.000620261 control sound timestep  0.000298723 1,1 x 0 y 0
 Wall clock 3.20921
 Average time per cell 4.53413e-09
  Step time per cell    4.53802e-09
 Step 4 time 0.000918984 control sound timestep  0.000314746 1,1 x 0 y 0
 Wall clock 4.27122
 Average time per cell 4.52595e-09
  Step time per cell    4.50118e-09
 Step 5 time 0.00123373 control sound timestep  0.000346361 1,1 x 0 y 0
 Wall clock 5.34115
 Average time per cell 4.52775e-09
  Step time per cell    4.5347e-09
 Step 6 time 0.00158009 control sound timestep  0.00034558 1,1 x 0 y 0
 Wall clock 6.40005
 Average time per cell 4.52116e-09
  Step time per cell    4.488e-09
 Step 7 time 0.00192567 control sound timestep  0.000352154 1,1 x 0 y 0
 Wall clock 7.47156
 Average time per cell 4.52409e-09
  Step time per cell    4.5414e-09
 Step 8 time 0.00227782 control sound timestep  0.000370384 1,1 x 0 y 0
 Wall clock 8.54658
 Average time per cell 4.52814e-09
  Step time per cell    4.55628e-09
 Step 9 time 0.00264821 control sound timestep  0.000366391 1,1 x 0 y 0
 Wall clock 9.60821
 Average time per cell 4.52499e-09
  Step time per cell    4.49956e-09
 Step 10 time 0.0030146 control sound timestep  0.000363789 1,1 x 0 y 0
 Wall clock 10.738
 Average time per cell 4.55137e-09
  Step time per cell    4.78856e-09
 Step 11 time 0.00337839 control sound timestep  0.000361224 1,1 x 0 y 0
 Wall clock 11.8162
 Average time per cell 4.55306e-09
  Step time per cell    4.56989e-09
 Step 12 time 0.00373961 control sound timestep  0.000359796 1,1 x 0 y 0
 Wall clock 12.8748
 Average time per cell 4.54754e-09
  Step time per cell    4.48662e-09
 Step 13 time 0.00409941 control sound timestep  0.000360678 1,1 x 0 y 0
 Wall clock 13.9516
 Average time per cell 4.5488e-09
  Step time per cell    4.56368e-09
 Step 14 time 0.00446009 control sound timestep  0.000362113 1,1 x 0 y 0
 Wall clock 15.0123
 Average time per cell 4.54502e-09
  Step time per cell    4.49571e-09
 Step 15 time 0.0048222 control sound timestep  0.000362661 1,1 x 0 y 0
 Wall clock 16.0876
 Average time per cell 4.54589e-09
  Step time per cell    4.55772e-09
 Step 16 time 0.00518486 control sound timestep  0.000362812 1,1 x 0 y 0
 Wall clock 17.145
 Average time per cell 4.54188e-09
  Step time per cell    4.48152e-09
 Step 17 time 0.00554767 control sound timestep  0.000362988 1,1 x 0 y 0
 Wall clock 18.2175
 Average time per cell 4.5421e-09
  Step time per cell    4.54534e-09
 Step 18 time 0.00591066 control sound timestep  0.000363082 1,1 x 0 y 0
 Wall clock 19.2839
 Average time per cell 4.54087e-09
  Step time per cell    4.51975e-09
 Step 19 time 0.00627374 control sound timestep  0.000363112 1,1 x 0 y 0
 Wall clock 20.3531
 Average time per cell 4.54042e-09
  Step time per cell    4.53194e-09
 Step 20 time 0.00663686 control sound timestep  0.00036317 1,1 x 0 y 0
 Wall clock 21.4903
 Average time per cell 4.55438e-09
  Step time per cell    4.81944e-09
 Step 21 time 0.00700003 control sound timestep  0.000363365 1,1 x 0 y 0
 Wall clock 22.5709
 Average time per cell 4.55562e-09
  Step time per cell    4.58037e-09
 Step 22 time 0.00736339 control sound timestep  0.00036347 1,1 x 0 y 0
 Wall clock 23.6409
 Average time per cell 4.55468e-09
  Step time per cell    4.53468e-09
 Step 23 time 0.00772686 control sound timestep  0.000363513 1,1 x 0 y 0
 Wall clock 24.7056
 Average time per cell 4.55286e-09
  Step time per cell    4.51249e-09
 Step 24 time 0.00809037 control sound timestep  0.000363629 1,1 x 0 y 0
 Wall clock 25.7683
 Average time per cell 4.55085e-09
  Step time per cell    4.50441e-09
 Step 25 time 0.008454 control sound timestep  0.000363732 1,1 x 0 y 0
 Wall clock 26.8449
 Average time per cell 4.55135e-09
  Step time per cell    4.56299e-09
 Step 26 time 0.00881773 control sound timestep  0.000363825 1,1 x 0 y 0
 Wall clock 27.9058
 Average time per cell 4.54923e-09
  Step time per cell    4.49608e-09
 Step 27 time 0.00918156 control sound timestep  0.000363914 1,1 x 0 y 0
 Wall clock 28.9788
 Average time per cell 4.54919e-09
  Step time per cell    4.54794e-09
 Step 28 time 0.00954547 control sound timestep  0.000363943 1,1 x 0 y 0
 Wall clock 30.0558
 Average time per cell 4.54975e-09
  Step time per cell    4.56454e-09
 Step 29 time 0.00990942 control sound timestep  0.000363973 1,1 x 0 y 0
 Wall clock 31.1194
 Average time per cell 4.54832e-09
  Step time per cell    4.50804e-09
 Step 30 time 0.0102734 control sound timestep  0.000363988 1,1 x 0 y 0
 Wall clock 32.2549
 Average time per cell 4.55713e-09
  Step time per cell    4.81238e-09
 Step 31 time 0.0106374 control sound timestep  0.000364002 1,1 x 0 y 0
 Wall clock 33.3338
 Average time per cell 4.55764e-09
  Step time per cell    4.57299e-09
 Step 32 time 0.0110014 control sound timestep  0.000364043 1,1 x 0 y 0
 Wall clock 34.41
 Average time per cell 4.55777e-09
  Step time per cell    4.56153e-09
 Step 33 time 0.0113654 control sound timestep  0.000364085 1,1 x 0 y 0
 Wall clock 35.4738
 Average time per cell 4.55629e-09
  Step time per cell    4.50862e-09
 Step 34 time 0.0117295 control sound timestep  0.000364133 1,1 x 0 y 0
 Wall clock 36.5446
 Average time per cell 4.55578e-09
  Step time per cell    4.5385e-09
 Step 35 time 0.0120936 control sound timestep  0.000364198 1,1 x 0 y 0
 Wall clock 37.6142
 Average time per cell 4.55513e-09
  Step time per cell    4.53291e-09
 Step 36 time 0.0124578 control sound timestep  0.000364259 1,1 x 0 y 0
 Wall clock 38.6989
 Average time per cell 4.55632e-09
  Step time per cell    4.59754e-09
 Step 37 time 0.0128221 control sound timestep  0.000364318 1,1 x 0 y 0
 Wall clock 39.7726
 Average time per cell 4.55617e-09
  Step time per cell    4.55076e-09
 Step 38 time 0.0131864 control sound timestep  0.000364383 1,1 x 0 y 0
 Wall clock 40.8505
 Average time per cell 4.5565e-09
  Step time per cell    4.56824e-09
 Step 39 time 0.0135508 control sound timestep  0.000364422 1,1 x 0 y 0
 Wall clock 41.9319
 Average time per cell 4.5572e-09
  Step time per cell    4.58349e-09
 Step 40 time 0.0139152 control sound timestep  0.000364431 1,1 x 0 y 0
 Wall clock 43.065
 Average time per cell 4.56334e-09
  Step time per cell    4.8026e-09
 Step 41 time 0.0142797 control sound timestep  0.000364435 1,1 x 0 y 0
 Wall clock 44.1353
 Average time per cell 4.56268e-09
  Step time per cell    4.5363e-09
 Step 42 time 0.0146441 control sound timestep  0.000364445 1,1 x 0 y 0
 Wall clock 45.2203
 Average time per cell 4.56354e-09
  Step time per cell    4.59849e-09
 Step 43 time 0.0150085 control sound timestep  0.000364471 1,1 x 0 y 0
 Wall clock 46.3033
 Average time per cell 4.56416e-09
  Step time per cell    4.58995e-09
 Step 44 time 0.015373 control sound timestep  0.000364495 1,1 x 0 y 0
 Wall clock 47.3663
 Average time per cell 4.56283e-09
  Step time per cell    4.50553e-09
 Step 45 time 0.0157375 control sound timestep  0.000364518 1,1 x 0 y 0
 Wall clock 48.4477
 Average time per cell 4.56329e-09
  Step time per cell    4.58337e-09
 Step 46 time 0.016102 control sound timestep  0.000364543 1,1 x 0 y 0
 Wall clock 49.5085
 Average time per cell 4.56183e-09
  Step time per cell    4.49575e-09
 Step 47 time 0.0164666 control sound timestep  0.000364585 1,1 x 0 y 0
 Wall clock 50.5839
 Average time per cell 4.56176e-09
  Step time per cell    4.55802e-09
 Step 48 time 0.0168311 control sound timestep  0.000364628 1,1 x 0 y 0
 Wall clock 51.6465
 Average time per cell 4.56055e-09
  Step time per cell    4.50378e-09
 Step 49 time 0.0171958 control sound timestep  0.000364667 1,1 x 0 y 0
 Wall clock 52.7263
 Average time per cell 4.56088e-09
  Step time per cell    4.57632e-09
 Step 50 time 0.0175604 control sound timestep  0.000364708 1,1 x 0 y 0
 Wall clock 53.8657
 Average time per cell 4.56626e-09
  Step time per cell    4.8294e-09
 Step 51 time 0.0179251 control sound timestep  0.000364758 1,1 x 0 y 0
 Wall clock 54.9469
 Average time per cell 4.56657e-09
  Step time per cell    4.58236e-09
 Step 52 time 0.0182899 control sound timestep  0.000364817 1,1 x 0 y 0
 Wall clock 56.0219
 Average time per cell 4.56638e-09
  Step time per cell    4.55613e-09
 Step 53 time 0.0186547 control sound timestep  0.000364826 1,1 x 0 y 0
 Wall clock 57.0864
 Average time per cell 4.56536e-09
  Step time per cell    4.51205e-09
 Step 54 time 0.0190195 control sound timestep  0.00036483 1,1 x 0 y 0
 Wall clock 58.1584
 Average time per cell 4.56495e-09
  Step time per cell    4.54344e-09
 Step 55 time 0.0193844 control sound timestep  0.000364831 1,1 x 0 y 0
 Wall clock 59.2302
 Average time per cell 4.56455e-09
  Step time per cell    4.5424e-09
 Step 56 time 0.0197492 control sound timestep  0.000364846 1,1 x 0 y 0
 Wall clock 60.315
 Average time per cell 4.56515e-09
  Step time per cell    4.59771e-09
 Step 57 time 0.0201141 control sound timestep  0.000364866 1,1 x 0 y 0
 Wall clock 61.4024
 Average time per cell 4.56592e-09
  Step time per cell    4.60896e-09
 Step 58 time 0.0204789 control sound timestep  0.000364884 1,1 x 0 y 0
 Wall clock 62.4712
 Average time per cell 4.5653e-09
  Step time per cell    4.52994e-09
 Step 59 time 0.0208438 control sound timestep  0.000364902 1,1 x 0 y 0
 Wall clock 63.5524
 Average time per cell 4.56559e-09
  Step time per cell    4.58216e-09
 Step 60 time 0.0212087 control sound timestep  0.000364922 1,1 x 0 y 0
 Wall clock 64.6933
 Average time per cell 4.5701e-09
  Step time per cell    4.83572e-09
 Step 61 time 0.0215736 control sound timestep  0.000364956 1,1 x 0 y 0
 Wall clock 65.7741
 Average time per cell 4.57028e-09
  Step time per cell    4.58091e-09
 Step 62 time 0.0219386 control sound timestep  0.000364991 1,1 x 0 y 0
 Wall clock 66.8499
 Average time per cell 4.57011e-09
  Step time per cell    4.55959e-09
 Step 63 time 0.0223036 control sound timestep  0.000365022 1,1 x 0 y 0
 Wall clock 67.9195
 Average time per cell 4.56953e-09
  Step time per cell    4.53339e-09
 Step 64 time 0.0226686 control sound timestep  0.000365056 1,1 x 0 y 0
 Wall clock 69.0018
 Average time per cell 4.56981e-09
  Step time per cell    4.58702e-09
 Step 65 time 0.0230337 control sound timestep  0.000365098 1,1 x 0 y 0
 Wall clock 70.0823
 Average time per cell 4.56996e-09
  Step time per cell    4.57956e-09
 Step 66 time 0.0233988 control sound timestep  0.000365146 1,1 x 0 y 0
 Wall clock 71.1624
 Average time per cell 4.57008e-09
  Step time per cell    4.57773e-09
 Step 67 time 0.0237639 control sound timestep  0.000365166 1,1 x 0 y 0
 Wall clock 72.2505
 Average time per cell 4.57071e-09
  Step time per cell    4.61186e-09
 Step 68 time 0.0241291 control sound timestep  0.000365169 1,1 x 0 y 0
 Wall clock 73.3137
 Average time per cell 4.56977e-09
  Step time per cell    4.50623e-09
 Step 69 time 0.0244942 control sound timestep  0.000365167 1,1 x 0 y 0
 Wall clock 74.3991
 Average time per cell 4.57021e-09
  Step time per cell    4.60004e-09
 Step 70 time 0.0248594 control sound timestep  0.000365177 1,1 x 0 y 0
 Wall clock 75.541
 Average time per cell 4.57406e-09
  Step time per cell    4.83963e-09
 Step 71 time 0.0252246 control sound timestep  0.000365194 1,1 x 0 y 0
 Wall clock 76.6237
 Average time per cell 4.57427e-09
  Step time per cell    4.58898e-09
 Step 72 time 0.0255898 control sound timestep  0.000365209 1,1 x 0 y 0
 Wall clock 77.684
 Average time per cell 4.57317e-09
  Step time per cell    4.49426e-09
 Step 73 time 0.025955 control sound timestep  0.000365223 1,1 x 0 y 0
 Wall clock 78.7635
 Average time per cell 4.57319e-09
  Step time per cell    4.5749e-09
 Step 74 time 0.0263202 control sound timestep  0.000365239 1,1 x 0 y 0
 Wall clock 79.8383
 Average time per cell 4.57296e-09
  Step time per cell    4.55539e-09
 Step 75 time 0.0266854 control sound timestep  0.000365263 1,1 x 0 y 0
 Wall clock 80.9038
 Average time per cell 4.5722e-09
  Step time per cell    4.51605e-09
 Step 76 time 0.0270507 control sound timestep  0.000365294 1,1 x 0 y 0
 Wall clock 81.9765
 Average time per cell 4.57186e-09
  Step time per cell    4.54636e-09
 Step 77 time 0.027416 control sound timestep  0.000365322 1,1 x 0 y 0
 Wall clock 83.0421
 Average time per cell 4.57114e-09
  Step time per cell    4.51632e-09
 Step 78 time 0.0277813 control sound timestep  0.000365349 1,1 x 0 y 0
 Wall clock 84.117
 Average time per cell 4.57095e-09
  Step time per cell    4.55584e-09
 Step 79 time 0.0281467 control sound timestep  0.000365381 1,1 x 0 y 0
 Wall clock 85.1811
 Average time per cell 4.57019e-09
  Step time per cell    4.51022e-09
 Step 80 time 0.0285121 control sound timestep  0.000365421 1,1 x 0 y 0
 Wall clock 86.3243
 Average time per cell 4.57363e-09
  Step time per cell    4.8451e-09
 Step 81 time 0.0288775 control sound timestep  0.000365457 1,1 x 0 y 0
 Wall clock 87.4108
 Average time per cell 4.57401e-09
  Step time per cell    4.60503e-09
 Step 82 time 0.0292429 control sound timestep  0.000365459 1,1 x 0 y 0
 Wall clock 88.4851
 Average time per cell 4.57376e-09
  Step time per cell    4.55327e-09
 Step 83 time 0.0296084 control sound timestep  0.000365461 1,1 x 0 y 0
 Wall clock 89.5512
 Average time per cell 4.5731e-09
  Step time per cell    4.51865e-09
 Step 84 time 0.0299738 control sound timestep  0.000365461 1,1 x 0 y 0
 Wall clock 90.6278
 Average time per cell 4.57298e-09
  Step time per cell    4.56279e-09
 Step 85 time 0.0303393 control sound timestep  0.000365475 1,1 x 0 y 0
 Wall clock 91.6993
 Average time per cell 4.57262e-09
  Step time per cell    4.54162e-09
 Step 86 time 0.0307048 control sound timestep  0.000365488 1,1 x 0 y 0
 Wall clock 92.7868
 Average time per cell 4.57304e-09
  Step time per cell    4.60891e-09
 Step 87 time 0.0310703 control sound timestep  0.0003655 1,1 x 0 y 0
 Wall clock 93.8764
 Average time per cell 4.57356e-09
  Step time per cell    4.61802e-09
 Step 88 time 0.0314358 control sound timestep  0.000365513 1,1 x 0 y 0
 Wall clock 94.9444
 Average time per cell 4.57303e-09
  Step time per cell    4.5266e-09
 Step 89 time 0.0318013 control sound timestep  0.000365528 1,1 x 0 y 0
 Wall clock 96.0264
 Average time per cell 4.57318e-09
  Step time per cell    4.58604e-09
 Step 90 time 0.0321668 control sound timestep  0.000365555 1,1 x 0 y 0
 Wall clock 97.1664
 Average time per cell 4.57605e-09
  Step time per cell    4.83147e-09
 Step 91 time 0.0325324 control sound timestep  0.00036558 1,1 x 0 y 0
 Wall clock 98.2519
 Average time per cell 4.57633e-09
  Step time per cell    4.60122e-09
 Step 92 time 0.0328979 control sound timestep  0.000365603 1,1 x 0 y 0
 Wall clock 99.3159
 Average time per cell 4.5756e-09
  Step time per cell    4.5092e-09
 Step 93 time 0.0332636 control sound timestep  0.000365628 1,1 x 0 y 0
 Wall clock 100.4
 Average time per cell 4.57582e-09
  Step time per cell    4.5951e-09
 Step 94 time 0.0336292 control sound timestep  0.000365659 1,1 x 0 y 0
 Wall clock 101.471
 Average time per cell 4.57545e-09
  Step time per cell    4.54102e-09
 Step 95 time 0.0339948 control sound timestep  0.000365696 1,1 x 0 y 0
 Wall clock 102.538
 Average time per cell 4.57487e-09
  Step time per cell    4.51987e-09
 Step 96 time 0.0343605 control sound timestep  0.000365709 1,1 x 0 y 0
 Wall clock 103.616
 Average time per cell 4.5748e-09
  Step time per cell    4.56818e-09
 Step 97 time 0.0347262 control sound timestep  0.00036571 1,1 x 0 y 0
 Wall clock 104.689
 Average time per cell 4.57452e-09
  Step time per cell    4.54742e-09
 Step 98 time 0.035092 control sound timestep  0.000365708 1,1 x 0 y 0
 Wall clock 105.783
 Average time per cell 4.57516e-09
  Step time per cell    4.63745e-09
 Step 99 time 0.0354577 control sound timestep  0.000365716 1,1 x 0 y 0
 Wall clock 106.871
 Average time per cell 4.57555e-09
  Step time per cell    4.61329e-09
 Step 100 time 0.0358234 control sound timestep  0.000365728 1,1 x 0 y 0
 Wall clock 108.021
 Average time per cell 4.57851e-09
  Step time per cell    4.87119e-09
 Step 101 time 0.0361891 control sound timestep  0.000365739 1,1 x 0 y 0
 Wall clock 109.104
 Average time per cell 4.57863e-09
  Step time per cell    4.59092e-09
 Step 102 time 0.0365548 control sound timestep  0.000365749 1,1 x 0 y 0
 Wall clock 110.177
 Average time per cell 4.57833e-09
  Step time per cell    4.54744e-09
 Step 103 time 0.0369206 control sound timestep  0.000365761 1,1 x 0 y 0
 Wall clock 111.267
 Average time per cell 4.57876e-09
  Step time per cell    4.62246e-09
 Step 104 time 0.0372864 control sound timestep  0.00036578 1,1 x 0 y 0
 Wall clock 112.345
 Average time per cell 4.57865e-09
  Step time per cell    4.56698e-09
 Step 105 time 0.0376521 control sound timestep  0.000365803 1,1 x 0 y 0
 Wall clock 113.41
 Average time per cell 4.57805e-09
  Step time per cell    4.5151e-09
 Step 106 time 0.0380179 control sound timestep  0.000365823 1,1 x 0 y 0
 Wall clock 114.492
 Average time per cell 4.57812e-09
  Step time per cell    4.58574e-09
 Step 107 time 0.0383838 control sound timestep  0.000365844 1,1 x 0 y 0
 Wall clock 115.575
 Average time per cell 4.57823e-09
  Step time per cell    4.58909e-09
 Step 108 time 0.0387496 control sound timestep  0.000365869 1,1 x 0 y 0
 Wall clock 116.652
 Average time per cell 4.57811e-09
  Step time per cell    4.56564e-09
 Step 109 time 0.0391155 control sound timestep  0.000365899 1,1 x 0 y 0
 Wall clock 117.741
 Average time per cell 4.57844e-09
  Step time per cell    4.61396e-09
 Step 110 time 0.0394814 control sound timestep  0.000365927 1,1 x 0 y 0
 Wall clock 118.878
 Average time per cell 4.58065e-09
  Step time per cell    4.82101e-09
 Step 111 time 0.0398473 control sound timestep  0.000365928 1,1 x 0 y 0
 Wall clock 119.969
 Average time per cell 4.58102e-09
  Step time per cell    4.62162e-09
 Step 112 time 0.0402132 control sound timestep  0.000365927 1,1 x 0 y 0
 Wall clock 121.04
 Average time per cell 4.58066e-09
  Step time per cell    4.54015e-09
 Step 113 time 0.0405792 control sound timestep  0.000365929 1,1 x 0 y 0
 Wall clock 122.122
 Average time per cell 4.58071e-09
  Step time per cell    4.58609e-09
 Step 114 time 0.0409451 control sound timestep  0.000365939 1,1 x 0 y 0
 Wall clock 123.201
 Average time per cell 4.58065e-09
  Step time per cell    4.57418e-09
 Step 115 time 0.041311 control sound timestep  0.000365949 1,1 x 0 y 0
 Wall clock 124.275
 Average time per cell 4.5804e-09
  Step time per cell    4.5517e-09
 Step 116 time 0.041677 control sound timestep  0.000365958 1,1 x 0 y 0
 Wall clock 125.369
 Average time per cell 4.58088e-09
  Step time per cell    4.63512e-09
 Step 117 time 0.0420429 control sound timestep  0.000365968 1,1 x 0 y 0
 Wall clock 126.459
 Average time per cell 4.58121e-09
  Step time per cell    4.61884e-09
 Step 118 time 0.0424089 control sound timestep  0.00036598 1,1 x 0 y 0
 Wall clock 127.528
 Average time per cell 4.58078e-09
  Step time per cell    4.53131e-09
 Step 119 time 0.0427749 control sound timestep  0.000366001 1,1 x 0 y 0
 Wall clock 128.631
 Average time per cell 4.58158e-09
  Step time per cell    4.67479e-09
 Step 120 time 0.0431409 control sound timestep  0.00036602 1,1 x 0 y 0
 Wall clock 129.798
 Average time per cell 4.58461e-09
  Step time per cell    4.94583e-09
 Step 121 time 0.0435069 control sound timestep  0.000366037 1,1 x 0 y 0
 Wall clock 130.872
 Average time per cell 4.58437e-09
  Step time per cell    4.55491e-09
 Step 122 time 0.0438729 control sound timestep  0.000366057 1,1 x 0 y 0
 Wall clock 131.972
 Average time per cell 4.58501e-09
  Step time per cell    4.66251e-09
 Step 123 time 0.044239 control sound timestep  0.000366082 1,1 x 0 y 0
 Wall clock 133.06
 Average time per cell 4.58523e-09
  Step time per cell    4.61148e-09
 Step 124 time 0.0446051 control sound timestep  0.000366111 1,1 x 0 y 0
 Wall clock 134.128
 Average time per cell 4.58475e-09
  Step time per cell    4.52538e-09
 Step 125 time 0.0449712 control sound timestep  0.000366119 1,1 x 0 y 0
 Wall clock 135.212
 Average time per cell 4.58482e-09
  Step time per cell    4.59359e-09
 Step 126 time 0.0453373 control sound timestep  0.00036612 1,1 x 0 y 0
 Wall clock 136.288
 Average time per cell 4.58464e-09
  Step time per cell    4.56115e-09
 Step 127 time 0.0457034 control sound timestep  0.000366118 1,1 x 0 y 0
 Wall clock 137.357
 Average time per cell 4.58421e-09
  Step time per cell    4.52973e-09
 Step 128 time 0.0460695 control sound timestep  0.000366125 1,1 x 0 y 0
 Wall clock 138.435
 Average time per cell 4.58408e-09
  Step time per cell    4.5678e-09
 Step 129 time 0.0464357 control sound timestep  0.000366134 1,1 x 0 y 0
 Wall clock 139.51
 Average time per cell 4.58388e-09
  Step time per cell    4.55764e-09
 Step 130 time 0.0468018 control sound timestep  0.000366143 1,1 x 0 y 0
 Wall clock 140.671
 Average time per cell 4.58647e-09
  Step time per cell    4.92024e-09
 Step 131 time 0.0471679 control sound timestep  0.000366151 1,1 x 0 y 0
 Wall clock 141.738
 Average time per cell 4.58599e-09
  Step time per cell    4.52338e-09
 Step 132 time 0.0475341 control sound timestep  0.00036616 1,1 x 0 y 0
 Wall clock 142.82
 Average time per cell 4.58598e-09
  Step time per cell    4.58436e-09
 Step 133 time 0.0479003 control sound timestep  0.000366177 1,1 x 0 y 0
 Wall clock 143.892
 Average time per cell 4.58566e-09
  Step time per cell    4.54422e-09
 Step 134 time 0.0482664 control sound timestep  0.000366195 1,1 x 0 y 0
 Wall clock 144.984
 Average time per cell 4.586e-09
  Step time per cell    4.63039e-09
 Step 135 time 0.0486326 control sound timestep  0.000366211 1,1 x 0 y 0
 Wall clock 146.069
 Average time per cell 4.58608e-09
  Step time per cell    4.59643e-09
 Step 136 time 0.0489988 control sound timestep  0.000366227 1,1 x 0 y 0
 Wall clock 147.142
 Average time per cell 4.5858e-09
  Step time per cell    4.54837e-09
 Step 137 time 0.0493651 control sound timestep  0.000366248 1,1 x 0 y 0
 Wall clock 148.242
 Average time per cell 4.58637e-09
  Step time per cell    4.66351e-09
 Step 138 time 0.0497313 control sound timestep  0.000366273 1,1 x 0 y 0
 Wall clock 149.325
 Average time per cell 4.5864e-09
  Step time per cell    4.58949e-09
 Step 139 time 0.0500976 control sound timestep  0.000366291 1,1 x 0 y 0
 Wall clock 150.414
 Average time per cell 4.58661e-09
  Step time per cell    4.61611e-09
 Step 140 time 0.0504639 control sound timestep  0.000366292 1,1 x 0 y 0
 Wall clock 151.558
 Average time per cell 4.58848e-09
  Step time per cell    4.84769e-09
 Step 141 time 0.0508302 control sound timestep  0.000366288 1,1 x 0 y 0
 Wall clock 152.638
 Average time per cell 4.58839e-09
  Step time per cell    4.57521e-09
 Step 142 time 0.0511965 control sound timestep  0.000366292 1,1 x 0 y 0
 Wall clock 153.722
 Average time per cell 4.58844e-09
  Step time per cell    4.59621e-09
 Step 143 time 0.0515627 control sound timestep  0.000366301 1,1 x 0 y 0
 Wall clock 154.815
 Average time per cell 4.58875e-09
  Step time per cell    4.63167e-09
 Step 144 time 0.051929 control sound timestep  0.000366308 1,1 x 0 y 0
 Wall clock 155.881
 Average time per cell 4.58828e-09
  Step time per cell    4.52068e-09
 Step 145 time 0.0522954 control sound timestep  0.000366316 1,1 x 0 y 0
 Wall clock 156.966
 Average time per cell 4.58835e-09
  Step time per cell    4.59802e-09
 Step 146 time 0.0526617 control sound timestep  0.000366324 1,1 x 0 y 0
 Wall clock 158.067
 Average time per cell 4.58886e-09
  Step time per cell    4.66382e-09
 Step 147 time 0.053028 control sound timestep  0.000366336 1,1 x 0 y 0
 Wall clock 159.151
 Average time per cell 4.58891e-09
  Step time per cell    4.59474e-09
 Step 148 time 0.0533943 control sound timestep  0.000366353 1,1 x 0 y 0
 Wall clock 160.224
 Average time per cell 4.58863e-09
  Step time per cell    4.54738e-09
 Step 149 time 0.0537607 control sound timestep  0.000366368 1,1 x 0 y 0
 Wall clock 161.312
 Average time per cell 4.58878e-09
  Step time per cell    4.61055e-09
 Step 150 time 0.0541271 control sound timestep  0.000366382 1,1 x 0 y 0
 Wall clock 162.452
 Average time per cell 4.59041e-09
  Step time per cell    4.83419e-09
 Step 151 time 0.0544934 control sound timestep  0.000366399 1,1 x 0 y 0
 Wall clock 163.546
 Average time per cell 4.59073e-09
  Step time per cell    4.63746e-09
 Step 152 time 0.0548598 control sound timestep  0.000366421 1,1 x 0 y 0
 Wall clock 164.621
 Average time per cell 4.59048e-09
  Step time per cell    4.55354e-09
 Step 153 time 0.0552263 control sound timestep  0.000366444 1,1 x 0 y 0
 Wall clock 165.688
 Average time per cell 4.59006e-09
  Step time per cell    4.52483e-09
 Step 154 time 0.0555927 control sound timestep  0.000366446 1,1 x 0 y 0
 Wall clock 166.772
 Average time per cell 4.59006e-09
  Step time per cell    4.59113e-09
 Step 155 time 0.0559591 control sound timestep  0.000366445 1,1 x 0 y 0
 Wall clock 167.844
 Average time per cell 4.58978e-09
  Step time per cell    4.54537e-09
 Step 156 time 0.0563256 control sound timestep  0.000366445 1,1 x 0 y 0
 Wall clock 168.94
 Average time per cell 4.59014e-09
  Step time per cell    4.64678e-09
 Step 157 time 0.056692 control sound timestep  0.000366452 1,1 x 0 y 0
 Wall clock 170.025
 Average time per cell 4.59018e-09
  Step time per cell    4.59504e-09
 Step 158 time 0.0570585 control sound timestep  0.000366459 1,1 x 0 y 0
 Wall clock 171.098
 Average time per cell 4.58991e-09
  Step time per cell    4.54805e-09
 Step 159 time 0.0574249 control sound timestep  0.000366466 1,1 x 0 y 0
 Wall clock 172.189
 Average time per cell 4.59014e-09
  Step time per cell    4.62522e-09
 Step 160 time 0.0577914 control sound timestep  0.000366473 1,1 x 0 y 0
 Wall clock 173.33
 Average time per cell 4.59168e-09
  Step time per cell    4.83704e-09
 Step 161 time 0.0581579 control sound timestep  0.000366482 1,1 x 0 y 0
 Wall clock 174.424
 Average time per cell 4.59196e-09
  Step time per cell    4.63577e-09
 Step 162 time 0.0585244 control sound timestep  0.000366498 1,1 x 0 y 0
 Wall clock 175.5
 Average time per cell 4.59176e-09
  Step time per cell    4.56047e-09
 Step 163 time 0.0588909 control sound timestep  0.000366512 1,1 x 0 y 0
 Wall clock 176.574
 Average time per cell 4.59152e-09
  Step time per cell    4.55261e-09
 Step 164 time 0.0592574 control sound timestep  0.000366525 1,1 x 0 y 0
 Wall clock 177.669
 Average time per cell 4.59182e-09
  Step time per cell    4.63935e-09
 Step 165 time 0.0596239 control sound timestep  0.000366539 1,1 x 0 y 0
 Wall clock 178.754
 Average time per cell 4.59187e-09
  Step time per cell    4.60095e-09
 Step 166 time 0.0599904 control sound timestep  0.000366558 1,1 x 0 y 0
 Wall clock 179.824
 Average time per cell 4.59154e-09
  Step time per cell    4.53586e-09
 Step 167 time 0.060357 control sound timestep  0.00036658 1,1 x 0 y 0
 Wall clock 180.912
 Average time per cell 4.59165e-09
  Step time per cell    4.60998e-09
 Step 168 time 0.0607236 control sound timestep  0.000366586 1,1 x 0 y 0
 Wall clock 181.981
 Average time per cell 4.59129e-09
  Step time per cell    4.53164e-09
 Step 169 time 0.0610902 control sound timestep  0.000366586 1,1 x 0 y 0
 Wall clock 183.066
 Average time per cell 4.59134e-09
  Step time per cell    4.59889e-09
 Step 170 time 0.0614568 control sound timestep  0.000366585 1,1 x 0 y 0
 Wall clock 184.239
 Average time per cell 4.59357e-09
  Step time per cell    4.97036e-09
 Step 171 time 0.0618233 control sound timestep  0.00036659 1,1 x 0 y 0
 Wall clock 185.317
 Average time per cell 4.59343e-09
  Step time per cell    4.56888e-09
 Step 172 time 0.0621899 control sound timestep  0.000366597 1,1 x 0 y 0
 Wall clock 186.412
 Average time per cell 4.59369e-09
  Step time per cell    4.63848e-09
 Step 173 time 0.0625565 control sound timestep  0.000366603 1,1 x 0 y 0
 Wall clock 187.499
 Average time per cell 4.59377e-09
  Step time per cell    4.60707e-09
 Step 174 time 0.0629231 control sound timestep  0.000366609 1,1 x 0 y 0
 Wall clock 188.574
 Average time per cell 4.59358e-09
  Step time per cell    4.55961e-09
 Step 175 time 0.0632897 control sound timestep  0.000366616 1,1 x 0 y 0
 Wall clock 189.663
 Average time per cell 4.5937e-09
  Step time per cell    4.61532e-09
 Step 176 time 0.0636564 control sound timestep  0.000366631 1,1 x 0 y 0
 Wall clock 190.746
 Average time per cell 4.59367e-09
  Step time per cell    4.58825e-09
 Step 177 time 0.064023 control sound timestep  0.000366644 1,1 x 0 y 0
 Wall clock 191.831
 Average time per cell 4.5937e-09
  Step time per cell    4.59811e-09
 Step 178 time 0.0643896 control sound timestep  0.000366656 1,1 x 0 y 0
 Wall clock 192.92
 Average time per cell 4.59383e-09
  Step time per cell    4.61756e-09
 Step 179 time 0.0647563 control sound timestep  0.000366668 1,1 x 0 y 0
 Wall clock 194.022
 Average time per cell 4.59425e-09
  Step time per cell    4.66777e-09
 Step 180 time 0.065123 control sound timestep  0.000366685 1,1 x 0 y 0
 Wall clock 195.174
 Average time per cell 4.59587e-09
  Step time per cell    4.88656e-09
 Step 181 time 0.0654896 control sound timestep  0.000366704 1,1 x 0 y 0
 Wall clock 196.272
 Average time per cell 4.59617e-09
  Step time per cell    4.65007e-09
 Step 182 time 0.0658563 control sound timestep  0.000366715 1,1 x 0 y 0
 Wall clock 197.354
 Average time per cell 4.59613e-09
  Step time per cell    4.58886e-09
 Step 183 time 0.0662231 control sound timestep  0.000366716 1,1 x 0 y 0
 Wall clock 198.43
 Average time per cell 4.59593e-09
  Step time per cell    4.55812e-09
 Step 184 time 0.0665898 control sound timestep  0.000366713 1,1 x 0 y 0
 Wall clock 199.531
 Average time per cell 4.59632e-09
  Step time per cell    4.66732e-09
 Step 185 time 0.0669565 control sound timestep  0.000366717 1,1 x 0 y 0
 Wall clock 200.627
 Average time per cell 4.59658e-09
  Step time per cell    4.64457e-09
 Step 186 time 0.0673232 control sound timestep  0.000366724 1,1 x 0 y 0
 Wall clock 201.694
 Average time per cell 4.59618e-09
  Step time per cell    4.52145e-09
 Step 187 time 0.0676899 control sound timestep  0.000366729 1,1 x 0 y 0
 Wall clock 202.786
 Average time per cell 4.59637e-09
  Step time per cell    4.63102e-09
 Step 188 time 0.0680567 control sound timestep  0.000366735 1,1 x 0 y 0
 Wall clock 203.887
 Average time per cell 4.59673e-09
  Step time per cell    4.66401e-09
 Step 189 time 0.0684234 control sound timestep  0.000366742 1,1 x 0 y 0
 Wall clock 204.979
 Average time per cell 4.59691e-09
  Step time per cell    4.63059e-09
 Step 190 time 0.0687901 control sound timestep  0.000366754 1,1 x 0 y 0
 Wall clock 206.124
 Average time per cell 4.59826e-09
  Step time per cell    4.85291e-09
 Step 191 time 0.0691569 control sound timestep  0.000366766 1,1 x 0 y 0
 Wall clock 207.216
 Average time per cell 4.5984e-09
  Step time per cell    4.62601e-09
 Step 192 time 0.0695237 control sound timestep  0.000366777 1,1 x 0 y 0
 Wall clock 208.282
 Average time per cell 4.59799e-09
  Step time per cell    4.5192e-09
 Step 193 time 0.0698904 control sound timestep  0.000366789 1,1 x 0 y 0
 Wall clock 209.375
 Average time per cell 4.59817e-09
  Step time per cell    4.63313e-09
 Step 194 time 0.0702572 control sound timestep  0.000366803 1,1 x 0 y 0
 Wall clock 210.495
 Average time per cell 4.59894e-09
  Step time per cell    4.7467e-09
 Step 195 time 0.070624 control sound timestep  0.000366821 1,1 x 0 y 0
 Wall clock 211.593
 Average time per cell 4.59923e-09
  Step time per cell    4.65506e-09
 Step 196 time 0.0709908 control sound timestep  0.000366835 1,1 x 0 y 0
 Wall clock 212.678
 Average time per cell 4.59922e-09
  Step time per cell    4.59618e-09
 Step 197 time 0.0713577 control sound timestep  0.000366836 1,1 x 0 y 0
 Wall clock 213.764
 Average time per cell 4.59923e-09
  Step time per cell    4.60202e-09
 Step 198 time 0.0717245 control sound timestep  0.000366833 1,1 x 0 y 0
 Wall clock 214.855
 Average time per cell 4.59936e-09
  Step time per cell    4.62404e-09
 Step 199 time 0.0720913 control sound timestep  0.000366836 1,1 x 0 y 0
 Wall clock 215.956
 Average time per cell 4.5997e-09
  Step time per cell    4.66719e-09
 Step 200 time 0.0724582 control sound timestep  0.000366842 1,1 x 0 y 0
 Wall clock 217.109
 Average time per cell 4.60114e-09
  Step time per cell    4.8876e-09
 Step 201 time 0.072825 control sound timestep  0.000366847 1,1 x 0 y 0
 Wall clock 218.213
 Average time per cell 4.60153e-09
  Step time per cell    4.67904e-09
 Step 202 time 0.0731919 control sound timestep  0.000366853 1,1 x 0 y 0
 Wall clock 219.314
 Average time per cell 4.60184e-09
  Step time per cell    4.66473e-09
 Step 203 time 0.0735587 control sound timestep  0.000366859 1,1 x 0 y 0
 Wall clock 220.406
 Average time per cell 4.60198e-09
  Step time per cell    4.62848e-09
 Step 204 time 0.0739256 control sound timestep  0.000366869 1,1 x 0 y 0
 Wall clock 221.479
 Average time per cell 4.60172e-09
  Step time per cell    4.54904e-09
 Step 205 time 0.0742925 control sound timestep  0.000366881 1,1 x 0 y 0
 Wall clock 222.57
 Average time per cell 4.60183e-09
  Step time per cell    4.62373e-09
 Step 206 time 0.0746593 control sound timestep  0.000366892 1,1 x 0 y 0
 Wall clock 223.67
 Average time per cell 4.60212e-09
  Step time per cell    4.66118e-09
 Step 207 time 0.0750262 control sound timestep  0.000366902 1,1 x 0 y 0
 Wall clock 224.763
 Average time per cell 4.60226e-09
  Step time per cell    4.63221e-09
 Step 208 time 0.0753931 control sound timestep  0.000366915 1,1 x 0 y 0
 Wall clock 225.831
 Average time per cell 4.60191e-09
  Step time per cell    4.52773e-09
 Step 209 time 0.07576 control sound timestep  0.000366932 1,1 x 0 y 0
 Wall clock 226.911
 Average time per cell 4.60178e-09
  Step time per cell    4.57616e-09
 Step 210 time 0.076127 control sound timestep  0.000366947 1,1 x 0 y 0
 Wall clock 228.077
 Average time per cell 4.60341e-09
  Step time per cell    4.94253e-09
 Step 211 time 0.0764939 control sound timestep  0.000366948 1,1 x 0 y 0
 Wall clock 229.157
 Average time per cell 4.60328e-09
  Step time per cell    4.5772e-09
 Step 212 time 0.0768609 control sound timestep  0.000366945 1,1 x 0 y 0
 Wall clock 230.257
 Average time per cell 4.60356e-09
  Step time per cell    4.66211e-09
 Step 213 time 0.0772278 control sound timestep  0.000366947 1,1 x 0 y 0
 Wall clock 231.351
 Average time per cell 4.60373e-09
  Step time per cell    4.63829e-09
 Step 214 time 0.0775948 control sound timestep  0.000366952 1,1 x 0 y 0
 Wall clock 232.423
 Average time per cell 4.60345e-09
  Step time per cell    4.54475e-09
 Step 215 time 0.0779617 control sound timestep  0.000366958 1,1 x 0 y 0
 Wall clock 233.512
 Average time per cell 4.6035e-09
  Step time per cell    4.61344e-09
 Step 216 time 0.0783287 control sound timestep  0.000366963 1,1 x 0 y 0
 Wall clock 234.59
 Average time per cell 4.60334e-09
  Step time per cell    4.56801e-09
 Step 217 time 0.0786956 control sound timestep  0.000366968 1,1 x 0 y 0
 Wall clock 235.662
 Average time per cell 4.60307e-09
  Step time per cell    4.54551e-09
 Step 218 time 0.0790626 control sound timestep  0.000366977 1,1 x 0 y 0
 Wall clock 236.771
 Average time per cell 4.60352e-09
  Step time per cell    4.70065e-09
 Step 219 time 0.0794296 control sound timestep  0.000366989 1,1 x 0 y 0
 Wall clock 237.861
 Average time per cell 4.6036e-09
  Step time per cell    4.62057e-09
 Step 220 time 0.0797966 control sound timestep  0.000366999 1,1 x 0 y 0
 Wall clock 239.007
 Average time per cell 4.60474e-09
  Step time per cell    4.85406e-09
 Step 221 time 0.0801636 control sound timestep  0.000367009 1,1 x 0 y 0
 Wall clock 240.096
 Average time per cell 4.60479e-09
  Step time per cell    4.61676e-09
 Step 222 time 0.0805306 control sound timestep  0.000367021 1,1 x 0 y 0
 Wall clock 241.174
 Average time per cell 4.60464e-09
  Step time per cell    4.57106e-09
 Step 223 time 0.0808976 control sound timestep  0.000367036 1,1 x 0 y 0
 Wall clock 242.274
 Average time per cell 4.6049e-09
  Step time per cell    4.66183e-09
 Step 224 time 0.0812646 control sound timestep  0.000367052 1,1 x 0 y 0
 Wall clock 243.359
 Average time per cell 4.60486e-09
  Step time per cell    4.59561e-09
 Step 225 time 0.0816317 control sound timestep  0.000367052 1,1 x 0 y 0
 Wall clock 244.439
 Average time per cell 4.60475e-09
  Step time per cell    4.57947e-09
 Step 226 time 0.0819987 control sound timestep  0.00036705 1,1 x 0 y 0
 Wall clock 245.535
 Average time per cell 4.60492e-09
  Step time per cell    4.6431e-09
 Step 227 time 0.0823658 control sound timestep  0.000367051 1,1 x 0 y 0
 Wall clock 246.626
 Average time per cell 4.60501e-09
  Step time per cell    4.6256e-09
 Step 228 time 0.0827328 control sound timestep  0.000367056 1,1 x 0 y 0
 Wall clock 247.701
 Average time per cell 4.6048e-09
  Step time per cell    4.55598e-09
 Step 229 time 0.0830999 control sound timestep  0.000367062 1,1 x 0 y 0
 Wall clock 248.804
 Average time per cell 4.60511e-09
  Step time per cell    4.67569e-09
 Step 230 time 0.083467 control sound timestep  0.000367066 1,1 x 0 y 0
 Wall clock 249.95
 Average time per cell 4.6062e-09
  Step time per cell    4.85675e-09
 Step 231 time 0.083834 control sound timestep  0.000367071 1,1 x 0 y 0
 Wall clock 251.046
 Average time per cell 4.60638e-09
  Step time per cell    4.64623e-09
 Step 232 time 0.0842011 control sound timestep  0.000367079 1,1 x 0 y 0
 Wall clock 252.126
 Average time per cell 4.60626e-09
  Step time per cell    4.5778e-09
 Step 233 time 0.0845682 control sound timestep  0.000367091 1,1 x 0 y 0
 Wall clock 253.206
 Average time per cell 4.60612e-09
  Step time per cell    4.57342e-09
 Step 234 time 0.0849353 control sound timestep  0.0003671 1,1 x 0 y 0
 Wall clock 254.305
 Average time per cell 4.60634e-09
  Step time per cell    4.65874e-09
 Step 235 time 0.0853024 control sound timestep  0.00036711 1,1 x 0 y 0
 Wall clock 255.397
 Average time per cell 4.60644e-09
  Step time per cell    4.62829e-09
 Step 236 time 0.0856695 control sound timestep  0.000367121 1,1 x 0 y 0
 Wall clock 256.468
 Average time per cell 4.60615e-09
  Step time per cell    4.53884e-09
 Step 237 time 0.0860366 control sound timestep  0.000367135 1,1 x 0 y 0
 Wall clock 257.556
 Average time per cell 4.60617e-09
  Step time per cell    4.61135e-09
 Step 238 time 0.0864037 control sound timestep  0.000367151 1,1 x 0 y 0
 Wall clock 258.641
 Average time per cell 4.60615e-09
  Step time per cell    4.60041e-09
 Step 239 time 0.0867709 control sound timestep  0.000367151 1,1 x 0 y 0
 Wall clock 259.712
 Average time per cell 4.60587e-09
  Step time per cell    4.5379e-09
 Step 240 time 0.087138 control sound timestep  0.00036715 1,1 x 0 y 0
 Wall clock 260.886
 Average time per cell 4.60742e-09
  Step time per cell    4.97782e-09
 Step 241 time 0.0875052 control sound timestep  0.00036715 1,1 x 0 y 0
 Wall clock 261.957
 Average time per cell 4.60713e-09
  Step time per cell    4.53924e-09
 Step 242 time 0.0878723 control sound timestep  0.000367155 1,1 x 0 y 0
 Wall clock 263.058
 Average time per cell 4.60737e-09
  Step time per cell    4.66364e-09
 Step 243 time 0.0882395 control sound timestep  0.00036716 1,1 x 0 y 0
 Wall clock 264.15
 Average time per cell 4.60746e-09
  Step time per cell    4.62808e-09
 Step 244 time 0.0886066 control sound timestep  0.000367164 1,1 x 0 y 0
 Wall clock 265.217
 Average time per cell 4.60712e-09
  Step time per cell    4.52502e-09
 Step 245 time 0.0889738 control sound timestep  0.000367169 1,1 x 0 y 0
 Wall clock 266.306
 Average time per cell 4.60714e-09
  Step time per cell    4.61297e-09
 Step 246 time 0.089341 control sound timestep  0.000367177 1,1 x 0 y 0
 Wall clock 267.409
 Average time per cell 4.60743e-09
  Step time per cell    4.67819e-09
 Step 247 time 0.0897082 control sound timestep  0.000367187 1,1 x 0 y 0
 Wall clock 268.5
 Average time per cell 4.6075e-09
  Step time per cell    4.6233e-09
 Step 248 time 0.0900753 control sound timestep  0.000367197 1,1 x 0 y 0
 Wall clock 269.571
 Average time per cell 4.60722e-09
  Step time per cell    4.53693e-09
 Step 249 time 0.0904425 control sound timestep  0.000367205 1,1 x 0 y 0
 Wall clock 270.662
 Average time per cell 4.6073e-09
  Step time per cell    4.62734e-09
 Step 250 time 0.0908097 control sound timestep  0.000367216 1,1 x 0 y 0
 Wall clock 271.835
 Average time per cell 4.60874e-09
  Step time per cell    4.96844e-09
 Step 251 time 0.091177 control sound timestep  0.000367229 1,1 x 0 y 0
 Wall clock 272.909
 Average time per cell 4.60852e-09
  Step time per cell    4.55281e-09
 Step 252 time 0.0915442 control sound timestep  0.000367244 1,1 x 0 y 0
 Wall clock 274.016
 Average time per cell 4.60885e-09
  Step time per cell    4.69054e-09
 Step 253 time 0.0919114 control sound timestep  0.000367245 1,1 x 0 y 0
 Wall clock 275.113
 Average time per cell 4.60901e-09
  Step time per cell    4.65024e-09
 Step 254 time 0.0922787 control sound timestep  0.000367243 1,1 x 0 y 0
 Wall clock 276.193
 Average time per cell 4.6089e-09
  Step time per cell    4.57952e-09
 Step 255 time 0.0926459 control sound timestep  0.000367244 1,1 x 0 y 0
 Wall clock 277.288
 Average time per cell 4.60902e-09
  Step time per cell    4.64061e-09
 Step 256 time 0.0930132 control sound timestep  0.000367248 1,1 x 0 y 0
 Wall clock 278.365
 Average time per cell 4.60884e-09
  Step time per cell    4.56308e-09
 Step 257 time 0.0933804 control sound timestep  0.000367253 1,1 x 0 y 0
 Wall clock 279.468
 Average time per cell 4.6091e-09
  Step time per cell    4.67348e-09
 Step 258 time 0.0937477 control sound timestep  0.000367257 1,1 x 0 y 0
 Wall clock 280.549
 Average time per cell 4.609e-09
  Step time per cell    4.58378e-09
 Step 259 time 0.0941149 control sound timestep  0.000367262 1,1 x 0 y 0
 Wall clock 281.624
 Average time per cell 4.60879e-09
  Step time per cell    4.55472e-09
 Step 260 time 0.0944822 control sound timestep  0.000367269 1,1 x 0 y 0
 Wall clock 282.798
 Average time per cell 4.6102e-09
  Step time per cell    4.97549e-09
 Step 261 time 0.0948495 control sound timestep  0.000367279 1,1 x 0 y 0
 Wall clock 283.891
 Average time per cell 4.6103e-09
  Step time per cell    4.63486e-09
 Step 262 time 0.0952167 control sound timestep  0.000367288 1,1 x 0 y 0
 Wall clock 284.972
 Average time per cell 4.61018e-09
  Step time per cell    4.57987e-09
 Step 263 time 0.095584 control sound timestep  0.000367297 1,1 x 0 y 0
 Wall clock 286.072
 Average time per cell 4.61039e-09
  Step time per cell    4.66367e-09
 Step 264 time 0.0959513 control sound timestep  0.000367307 1,1 x 0 y 0
 Wall clock 287.154
 Average time per cell 4.6103e-09
  Step time per cell    4.58743e-09
 Step 265 time 0.0963186 control sound timestep  0.00036732 1,1 x 0 y 0
 Wall clock 288.242
 Average time per cell 4.61029e-09
  Step time per cell    4.60869e-09
 Step 266 time 0.0966859 control sound timestep  0.000367334 1,1 x 0 y 0
 Wall clock 289.332
 Average time per cell 4.61033e-09
  Step time per cell    4.62032e-09
 Step 267 time 0.0970533 control sound timestep  0.000367334 1,1 x 0 y 0
 Wall clock 290.432
 Average time per cell 4.61053e-09
  Step time per cell    4.66367e-09
 Step 268 time 0.0974206 control sound timestep  0.000367332 1,1 x 0 y 0
 Wall clock 291.515
 Average time per cell 4.61046e-09
  Step time per cell    4.58983e-09
 Step 269 time 0.0977879 control sound timestep  0.000367333 1,1 x 0 y 0
 Wall clock 292.591
 Average time per cell 4.61027e-09
  Step time per cell    4.56096e-09
 Step 270 time 0.0981553 control sound timestep  0.000367338 1,1 x 0 y 0
 Wall clock 293.763
 Average time per cell 4.6116e-09
  Step time per cell    4.96654e-09
 Step 271 time 0.0985226 control sound timestep  0.000367342 1,1 x 0 y 0
 Wall clock 294.84
 Average time per cell 4.61142e-09
  Step time per cell    4.56338e-09
 Step 272 time 0.09889 control sound timestep  0.000367346 1,1 x 0 y 0
 Wall clock 295.937
 Average time per cell 4.61156e-09
  Step time per cell    4.65123e-09
 Step 273 time 0.0992573 control sound timestep  0.00036735 1,1 x 0 y 0
 Wall clock 297.029
 Average time per cell 4.61163e-09
  Step time per cell    4.62807e-09
 Step 274 time 0.0996247 control sound timestep  0.000367358 1,1 x 0 y 0
 Wall clock 298.098
 Average time per cell 4.61133e-09
  Step time per cell    4.5299e-09
 Step 275 time 0.099992 control sound timestep  0.000367367 1,1 x 0 y 0
 Wall clock 299.185
 Average time per cell 4.61131e-09
  Step time per cell    4.60645e-09
 Step 276 time 0.100359 control sound timestep  0.000367376 1,1 x 0 y 0
 Wall clock 300.285
 Average time per cell 4.6115e-09
  Step time per cell    4.66383e-09
 Step 277 time 0.100727 control sound timestep  0.000367384 1,1 x 0 y 0
 Wall clock 301.379
 Average time per cell 4.61159e-09
  Step time per cell    4.63506e-09
 Step 278 time 0.101094 control sound timestep  0.000367394 1,1 x 0 y 0
 Wall clock 302.447
 Average time per cell 4.61129e-09
  Step time per cell    4.52838e-09
 Step 279 time 0.101462 control sound timestep  0.000367406 1,1 x 0 y 0
 Wall clock 303.54
 Average time per cell 4.61136e-09
  Step time per cell    4.62909e-09
 Step 280 time 0.101829 control sound timestep  0.000367419 1,1 x 0 y 0
 Wall clock 304.692
 Average time per cell 4.61233e-09
  Step time per cell    4.88409e-09
 Step 281 time 0.102196 control sound timestep  0.000367419 1,1 x 0 y 0
 Wall clock 305.782
 Average time per cell 4.61236e-09
  Step time per cell    4.62102e-09
 Step 282 time 0.102564 control sound timestep  0.000367417 1,1 x 0 y 0
 Wall clock 306.889
 Average time per cell 4.61264e-09
  Step time per cell    4.68971e-09
 Step 283 time 0.102931 control sound timestep  0.000367418 1,1 x 0 y 0
 Wall clock 307.992
 Average time per cell 4.61286e-09
  Step time per cell    4.67604e-09
 Step 284 time 0.103299 control sound timestep  0.000367423 1,1 x 0 y 0
 Wall clock 309.065
 Average time per cell 4.61263e-09
  Step time per cell    4.54591e-09
 Step 285 time 0.103666 control sound timestep  0.000367427 1,1 x 0 y 0
 Wall clock 310.153
 Average time per cell 4.61263e-09
  Step time per cell    4.61378e-09
 Step 286 time 0.104033 control sound timestep  0.000367431 1,1 x 0 y 0
 Wall clock 311.264
 Average time per cell 4.61297e-09
  Step time per cell    4.70804e-09
 Step 287 time 0.104401 control sound timestep  0.000367435 1,1 x 0 y 0
 Wall clock 312.367
 Average time per cell 4.61318e-09
  Step time per cell    4.67456e-09
 Step 288 time 0.104768 control sound timestep  0.000367442 1,1 x 0 y 0
 Wall clock 313.453
 Average time per cell 4.61315e-09
  Step time per cell    4.60347e-09
 Step 289 time 0.105136 control sound timestep  0.000367452 1,1 x 0 y 0
 Wall clock 314.535
 Average time per cell 4.61305e-09
  Step time per cell    4.58527e-09
 Step 290 time 0.105503 control sound timestep  0.00036746 1,1 x 0 y 0
 Wall clock 315.705
 Average time per cell 4.61424e-09
  Step time per cell    4.95792e-09
 Step 291 time 0.105871 control sound timestep  0.000367468 1,1 x 0 y 0
 Wall clock 316.793
 Average time per cell 4.61424e-09
  Step time per cell    4.61253e-09
 Step 292 time 0.106238 control sound timestep  0.000367477 1,1 x 0 y 0
 Wall clock 317.886
 Average time per cell 4.6143e-09
  Step time per cell    4.63186e-09
 Step 293 time 0.106606 control sound timestep  0.00036749 1,1 x 0 y 0
 Wall clock 318.989
 Average time per cell 4.61451e-09
  Step time per cell    4.67409e-09
 Step 294 time 0.106973 control sound timestep  0.0003675 1,1 x 0 y 0
 Wall clock 320.071
 Average time per cell 4.61442e-09
  Step time per cell    4.58908e-09
 Step 295 time 0.107341 control sound timestep  0.000367501 1,1 x 0 y 0
 Wall clock 321.168
 Average time per cell 4.61453e-09
  Step time per cell    4.64597e-09
 Step 296 time 0.107708 control sound timestep  0.000367498 1,1 x 0 y 0
 Wall clock 322.252
 Average time per cell 4.61447e-09
  Step time per cell    4.59801e-09
 Step 297 time 0.108076 control sound timestep  0.0003675 1,1 x 0 y 0
 Wall clock 323.354
 Average time per cell 4.61465e-09
  Step time per cell    4.66835e-09
 Step 298 time 0.108443 control sound timestep  0.000367504 1,1 x 0 y 0
 Wall clock 324.439
 Average time per cell 4.6146e-09
  Step time per cell    4.599e-09
 Step 299 time 0.108811 control sound timestep  0.000367508 1,1 x 0 y 0
 Wall clock 325.52
 Average time per cell 4.61449e-09
  Step time per cell    4.5813e-09
 Step 300 time 0.109178 control sound timestep  0.000367512 1,1 x 0 y 0
 Wall clock 326.758
 First step overhead 0
Result:
 - Problem: none
 - Outcome: PASSED
