pgdemote_kswapd 0
pgdemote_direct 0
pgdemote_khugepaged 0
pgmigrate_success 66084951
pgdemote_kswapd 0
pgdemote_direct 0
pgdemote_khugepaged 0
pgmigrate_success 66084951
pgdemote_kswapd 0
pgdemote_direct 0
pgdemote_khugepaged 0
pgmigrate_success 66084951
pgdemote_kswapd 0
pgdemote_direct 0
pgdemote_khugepaged 0
pgmigrate_success 66084951
pgdemote_kswapd 0
pgdemote_direct 0
pgdemote_khugepaged 0
pgmigrate_success 66084951
pgdemote_kswapd 0
pgdemote_direct 0
pgdemote_khugepaged 0
pgmigrate_success 66084951
pgdemote_kswapd 0
pgdemote_direct 0
pgdemote_khugepaged 0
pgmigrate_success 66084951
pgdemote_kswapd 0
pgdemote_direct 0
pgdemote_khugepaged 0
pgmigrate_success 66226775
pgdemote_kswapd 0
pgdemote_direct 0
pgdemote_khugepaged 0
pgmigrate_success 66226775
pgdemote_kswapd 0
pgdemote_direct 0
pgdemote_khugepaged 0
pgmigrate_success 66226775
pgdemote_kswapd 0
pgdemote_direct 0
pgdemote_khugepaged 0
pgmigrate_success 66226775
pgdemote_kswapd 0
pgdemote_direct 0
pgdemote_khugepaged 0
pgmigrate_success 66821750
pgdemote_kswapd 0
pgdemote_direct 0
pgdemote_khugepaged 0
pgmigrate_success 66976886
pgdemote_kswapd 0
pgdemote_direct 0
pgdemote_khugepaged 0
pgmigrate_success 66976886
pgdemote_kswapd 0
pgdemote_direct 0
pgdemote_khugepaged 0
pgmigrate_success 66976886
pgdemote_kswapd 0
pgdemote_direct 0
pgdemote_khugepaged 0
pgmigrate_success 67305349
pgdemote_kswapd 0
pgdemote_direct 0
pgdemote_khugepaged 0
pgmigrate_success 67516805
pgdemote_kswapd 0
pgdemote_direct 0
pgdemote_khugepaged 0
pgmigrate_success 67516805
pgdemote_kswapd 0
pgdemote_direct 0
pgdemote_khugepaged 0
pgmigrate_success 67516805
pgdemote_kswapd 0
pgdemote_direct 0
pgdemote_khugepaged 0
pgmigrate_success 67565473
pgdemote_kswapd 0
pgdemote_direct 0
pgdemote_khugepaged 0
pgmigrate_success 67565473
pgdemote_kswapd 0
pgdemote_direct 0
pgdemote_khugepaged 0
pgmigrate_success 67565473
pgdemote_kswapd 0
pgdemote_direct 0
pgdemote_khugepaged 0
pgmigrate_success 67565473
pgdemote_kswapd 0
pgdemote_direct 0
pgdemote_khugepaged 0
pgmigrate_success 67994748
pgdemote_kswapd 0
pgdemote_direct 0
pgdemote_khugepaged 0
pgmigrate_success 67994748
pgdemote_kswapd 0
pgdemote_direct 0
pgdemote_khugepaged 0
pgmigrate_success 67994748
pgdemote_kswapd 0
pgdemote_direct 0
pgdemote_khugepaged 0
pgmigrate_success 67994748
pgdemote_kswapd 0
pgdemote_direct 0
pgdemote_khugepaged 0
pgmigrate_success 68180168
pgdemote_kswapd 0
pgdemote_direct 0
pgdemote_khugepaged 0
pgmigrate_success 68180168
pgdemote_kswapd 0
pgdemote_direct 0
pgdemote_khugepaged 0
pgmigrate_success 68180168
pgdemote_kswapd 0
pgdemote_direct 0
pgdemote_khugepaged 0
pgmigrate_success 68273409
pgdemote_kswapd 0
pgdemote_direct 0
pgdemote_khugepaged 0
pgmigrate_success 68273409
pgdemote_kswapd 0
pgdemote_direct 0
pgdemote_khugepaged 0
pgmigrate_success 68273409
pgdemote_kswapd 0
pgdemote_direct 0
pgdemote_khugepaged 0
pgmigrate_success 68273409
pgdemote_kswapd 0
pgdemote_direct 0
pgdemote_khugepaged 0
pgmigrate_success 68517238
pgdemote_kswapd 0
pgdemote_direct 0
pgdemote_khugepaged 0
pgmigrate_success 68517238
pgdemote_kswapd 0
pgdemote_direct 0
pgdemote_khugepaged 0
pgmigrate_success 68517238
pgdemote_kswapd 0
pgdemote_direct 0
pgdemote_khugepaged 0
pgmigrate_success 68525959
pgdemote_kswapd 0
pgdemote_direct 0
pgdemote_khugepaged 0
pgmigrate_success 68525959
pgdemote_kswapd 0
pgdemote_direct 0
pgdemote_khugepaged 0
pgmigrate_success 68525959
pgdemote_kswapd 0
pgdemote_direct 0
pgdemote_khugepaged 0
pgmigrate_success 68551080
pgdemote_kswapd 0
pgdemote_direct 0
pgdemote_khugepaged 0
pgmigrate_success 68746738
pgdemote_kswapd 0
pgdemote_direct 0
pgdemote_khugepaged 0
pgmigrate_success 68746738
pgdemote_kswapd 0
pgdemote_direct 0
pgdemote_khugepaged 0
pgmigrate_success 68746738
pgdemote_kswapd 0
pgdemote_direct 0
pgdemote_khugepaged 0
pgmigrate_success 68755466
pgdemote_kswapd 0
pgdemote_direct 0
pgdemote_khugepaged 0
pgmigrate_success 68755466
pgdemote_kswapd 0
pgdemote_direct 0
pgdemote_khugepaged 0
pgmigrate_success 68755466
pgdemote_kswapd 0
pgdemote_direct 0
pgdemote_khugepaged 0
pgmigrate_success 68820566
pgdemote_kswapd 0
pgdemote_direct 0
pgdemote_khugepaged 0
pgmigrate_success 68983925
pgdemote_kswapd 0
pgdemote_direct 0
pgdemote_khugepaged 0
pgmigrate_success 68983925
pgdemote_kswapd 0
pgdemote_direct 0
pgdemote_khugepaged 0
pgmigrate_success 68983925
pgdemote_kswapd 0
pgdemote_direct 0
pgdemote_khugepaged 0
pgmigrate_success 68996879
pgdemote_kswapd 0
pgdemote_direct 0
pgdemote_khugepaged 0
pgmigrate_success 68996879
pgdemote_kswapd 0
pgdemote_direct 0
pgdemote_khugepaged 0
pgmigrate_success 68996879
pgdemote_kswapd 0
pgdemote_direct 0
pgdemote_khugepaged 0
pgmigrate_success 69062985
pgdemote_kswapd 0
pgdemote_direct 0
pgdemote_khugepaged 0
pgmigrate_success 69207955
pgdemote_kswapd 0
pgdemote_direct 0
pgdemote_khugepaged 0
pgmigrate_success 69207955
pgdemote_kswapd 0
pgdemote_direct 0
pgdemote_khugepaged 0
pgmigrate_success 69207955
pgdemote_kswapd 0
pgdemote_direct 0
pgdemote_khugepaged 0
pgmigrate_success 69221826
pgdemote_kswapd 0
pgdemote_direct 0
pgdemote_khugepaged 0
pgmigrate_success 69221826
pgdemote_kswapd 0
pgdemote_direct 0
pgdemote_khugepaged 0
pgmigrate_success 69221826
pgdemote_kswapd 0
pgdemote_direct 0
pgdemote_khugepaged 0
pgmigrate_success 69221826
pgdemote_kswapd 0
pgdemote_direct 0
pgdemote_khugepaged 0
pgmigrate_success 69221826
pgdemote_kswapd 0
pgdemote_direct 0
pgdemote_khugepaged 0
pgmigrate_success 69221826
pgdemote_kswapd 0
pgdemote_direct 0
pgdemote_khugepaged 0
pgmigrate_success 69221826
pgdemote_kswapd 0
pgdemote_direct 0
pgdemote_khugepaged 0
pgmigrate_success 69221826
pgdemote_kswapd 0
pgdemote_direct 0
pgdemote_khugepaged 0
pgmigrate_success 69221826
pgdemote_kswapd 0
pgdemote_direct 0
pgdemote_khugepaged 0
pgmigrate_success 69221826
pgdemote_kswapd 0
pgdemote_direct 0
pgdemote_khugepaged 0
pgmigrate_success 69222850
pgdemote_kswapd 0
pgdemote_direct 0
pgdemote_khugepaged 0
pgmigrate_success 69222850
pgdemote_kswapd 0
pgdemote_direct 0
pgdemote_khugepaged 0
pgmigrate_success 69222850
pgdemote_kswapd 0
pgdemote_direct 0
pgdemote_khugepaged 0
pgmigrate_success 69222851
pgdemote_kswapd 0
pgdemote_direct 0
pgdemote_khugepaged 0
pgmigrate_success 69222851
pgdemote_kswapd 0
pgdemote_direct 0
pgdemote_khugepaged 0
pgmigrate_success 69222851
pgdemote_kswapd 0
pgdemote_direct 0
pgdemote_khugepaged 0
pgmigrate_success 69222851
pgdemote_kswapd 0
pgdemote_direct 0
pgdemote_khugepaged 0
pgmigrate_success 69222851
pgdemote_kswapd 0
pgdemote_direct 0
pgdemote_khugepaged 0
pgmigrate_success 69222851
pgdemote_kswapd 0
pgdemote_direct 0
pgdemote_khugepaged 0
pgmigrate_success 69222851
pgdemote_kswapd 0
pgdemote_direct 0
pgdemote_khugepaged 0
pgmigrate_success 69223875
pgdemote_kswapd 0
pgdemote_direct 0
pgdemote_khugepaged 0
pgmigrate_success 69223875
pgdemote_kswapd 0
pgdemote_direct 0
pgdemote_khugepaged 0
pgmigrate_success 69223875
pgdemote_kswapd 0
pgdemote_direct 0
pgdemote_khugepaged 0
pgmigrate_success 69223875
pgdemote_kswapd 0
pgdemote_direct 0
pgdemote_khugepaged 0
pgmigrate_success 69223875
pgdemote_kswapd 0
pgdemote_direct 0
pgdemote_khugepaged 0
pgmigrate_success 69223875
pgdemote_kswapd 0
pgdemote_direct 0
pgdemote_khugepaged 0
pgmigrate_success 69223875
pgdemote_kswapd 0
pgdemote_direct 0
pgdemote_khugepaged 0
pgmigrate_success 69223875
pgdemote_kswapd 0
pgdemote_direct 0
pgdemote_khugepaged 0
pgmigrate_success 69223875
pgdemote_kswapd 0
pgdemote_direct 0
pgdemote_khugepaged 0
pgmigrate_success 69223875
pgdemote_kswapd 0
pgdemote_direct 0
pgdemote_khugepaged 0
pgmigrate_success 69223875
pgdemote_kswapd 0
pgdemote_direct 0
pgdemote_khugepaged 0
pgmigrate_success 69223875
pgdemote_kswapd 0
pgdemote_direct 0
pgdemote_khugepaged 0
pgmigrate_success 69223875
pgdemote_kswapd 0
pgdemote_direct 0
pgdemote_khugepaged 0
pgmigrate_success 69223875
pgdemote_kswapd 0
pgdemote_direct 0
pgdemote_khugepaged 0
pgmigrate_success 69224941
pgdemote_kswapd 0
pgdemote_direct 0
pgdemote_khugepaged 0
pgmigrate_success 69224941
pgdemote_kswapd 0
pgdemote_direct 0
pgdemote_khugepaged 0
pgmigrate_success 69224941
pgdemote_kswapd 0
pgdemote_direct 0
pgdemote_khugepaged 0
pgmigrate_success 69224941
pgdemote_kswapd 0
pgdemote_direct 0
pgdemote_khugepaged 0
pgmigrate_success 69224941
pgdemote_kswapd 0
pgdemote_direct 0
pgdemote_khugepaged 0
pgmigrate_success 69224941
pgdemote_kswapd 0
pgdemote_direct 0
pgdemote_khugepaged 0
pgmigrate_success 69224941
pgdemote_kswapd 0
pgdemote_direct 0
pgdemote_khugepaged 0
pgmigrate_success 69224941
pgdemote_kswapd 0
pgdemote_direct 0
pgdemote_khugepaged 0
pgmigrate_success 69224941
pgdemote_kswapd 0
pgdemote_direct 0
pgdemote_khugepaged 0
pgmigrate_success 69224941
pgdemote_kswapd 0
pgdemote_direct 0
pgdemote_khugepaged 0
pgmigrate_success 69224941
pgdemote_kswapd 0
pgdemote_direct 0
pgdemote_khugepaged 0
pgmigrate_success 69224941
pgdemote_kswapd 0
pgdemote_direct 0
pgdemote_khugepaged 0
pgmigrate_success 69224941
pgdemote_kswapd 0
pgdemote_direct 0
pgdemote_khugepaged 0
pgmigrate_success 69224941
pgdemote_kswapd 0
pgdemote_direct 0
pgdemote_khugepaged 0
pgmigrate_success 69224941
pgdemote_kswapd 0
pgdemote_direct 0
pgdemote_khugepaged 0
pgmigrate_success 69224941
pgdemote_kswapd 0
pgdemote_direct 0
pgdemote_khugepaged 0
pgmigrate_success 69224941
pgdemote_kswapd 0
pgdemote_direct 0
pgdemote_khugepaged 0
pgmigrate_success 69224952
pgdemote_kswapd 0
pgdemote_direct 0
pgdemote_khugepaged 0
pgmigrate_success 69224952
pgdemote_kswapd 0
pgdemote_direct 0
pgdemote_khugepaged 0
pgmigrate_success 69224952
pgdemote_kswapd 0
pgdemote_direct 0
pgdemote_khugepaged 0
pgmigrate_success 69224952
pgdemote_kswapd 0
pgdemote_direct 0
pgdemote_khugepaged 0
pgmigrate_success 69224952
pgdemote_kswapd 0
pgdemote_direct 0
pgdemote_khugepaged 0
pgmigrate_success 69224952
pgdemote_kswapd 0
pgdemote_direct 0
pgdemote_khugepaged 0
pgmigrate_success 69224952
pgdemote_kswapd 0
pgdemote_direct 0
pgdemote_khugepaged 0
pgmigrate_success 69224952
pgdemote_kswapd 0
pgdemote_direct 0
pgdemote_khugepaged 0
pgmigrate_success 69224952
pgdemote_kswapd 0
pgdemote_direct 0
pgdemote_khugepaged 0
pgmigrate_success 69224952
pgdemote_kswapd 0
pgdemote_direct 0
pgdemote_khugepaged 0
pgmigrate_success 69224952
pgdemote_kswapd 0
pgdemote_direct 0
pgdemote_khugepaged 0
pgmigrate_success 69224952
pgdemote_kswapd 0
pgdemote_direct 0
pgdemote_khugepaged 0
pgmigrate_success 69224952
pgdemote_kswapd 0
pgdemote_direct 0
pgdemote_khugepaged 0
pgmigrate_success 69224964
pgdemote_kswapd 0
pgdemote_direct 0
pgdemote_khugepaged 0
pgmigrate_success 69224964
pgdemote_kswapd 0
pgdemote_direct 0
pgdemote_khugepaged 0
pgmigrate_success 69224964
pgdemote_kswapd 0
pgdemote_direct 0
pgdemote_khugepaged 0
pgmigrate_success 69224964
pgdemote_kswapd 0
pgdemote_direct 0
pgdemote_khugepaged 0
pgmigrate_success 69224964
pgdemote_kswapd 0
pgdemote_direct 0
pgdemote_khugepaged 0
pgmigrate_success 69224964
pgdemote_kswapd 0
pgdemote_direct 0
pgdemote_khugepaged 0
pgmigrate_success 69224964
pgdemote_kswapd 0
pgdemote_direct 0
pgdemote_khugepaged 0
pgmigrate_success 69224964
pgdemote_kswapd 0
pgdemote_direct 0
pgdemote_khugepaged 0
pgmigrate_success 69224964
pgdemote_kswapd 0
pgdemote_direct 0
pgdemote_khugepaged 0
pgmigrate_success 69224964
pgdemote_kswapd 0
pgdemote_direct 0
pgdemote_khugepaged 0
pgmigrate_success 69225988
pgdemote_kswapd 0
pgdemote_direct 0
pgdemote_khugepaged 0
pgmigrate_success 69225988
pgdemote_kswapd 0
pgdemote_direct 0
pgdemote_khugepaged 0
pgmigrate_success 69225988
pgdemote_kswapd 0
pgdemote_direct 0
pgdemote_khugepaged 0
pgmigrate_success 69225988
pgdemote_kswapd 0
pgdemote_direct 0
pgdemote_khugepaged 0
pgmigrate_success 69225988
pgdemote_kswapd 0
pgdemote_direct 0
pgdemote_khugepaged 0
pgmigrate_success 69225988
pgdemote_kswapd 0
pgdemote_direct 0
pgdemote_khugepaged 0
pgmigrate_success 69225988
pgdemote_kswapd 0
pgdemote_direct 0
pgdemote_khugepaged 0
pgmigrate_success 69225988
pgdemote_kswapd 0
pgdemote_direct 0
pgdemote_khugepaged 0
pgmigrate_success 69225988
pgdemote_kswapd 0
pgdemote_direct 0
pgdemote_khugepaged 0
pgmigrate_success 69225988
pgdemote_kswapd 0
pgdemote_direct 0
pgdemote_khugepaged 0
pgmigrate_success 69225988
pgdemote_kswapd 0
pgdemote_direct 0
pgdemote_khugepaged 0
pgmigrate_success 69225988
pgdemote_kswapd 0
pgdemote_direct 0
pgdemote_khugepaged 0
pgmigrate_success 69225988
pgdemote_kswapd 0
pgdemote_direct 0
pgdemote_khugepaged 0
pgmigrate_success 69225988
pgdemote_kswapd 0
pgdemote_direct 0
pgdemote_khugepaged 0
pgmigrate_success 69225988
pgdemote_kswapd 0
pgdemote_direct 0
pgdemote_khugepaged 0
pgmigrate_success 69225988
pgdemote_kswapd 0
pgdemote_direct 0
pgdemote_khugepaged 0
pgmigrate_success 69225988
pgdemote_kswapd 0
pgdemote_direct 0
pgdemote_khugepaged 0
pgmigrate_success 69225988
pgdemote_kswapd 0
pgdemote_direct 0
pgdemote_khugepaged 0
pgmigrate_success 69225988
pgdemote_kswapd 0
pgdemote_direct 0
pgdemote_khugepaged 0
pgmigrate_success 69225988
pgdemote_kswapd 0
pgdemote_direct 0
pgdemote_khugepaged 0
pgmigrate_success 69225988
pgdemote_kswapd 0
pgdemote_direct 0
pgdemote_khugepaged 0
pgmigrate_success 69225988
pgdemote_kswapd 0
pgdemote_direct 0
pgdemote_khugepaged 0
pgmigrate_success 69225988
pgdemote_kswapd 0
pgdemote_direct 0
pgdemote_khugepaged 0
pgmigrate_success 69225988
pgdemote_kswapd 0
pgdemote_direct 0
pgdemote_khugepaged 0
pgmigrate_success 69225988
pgdemote_kswapd 0
pgdemote_direct 0
pgdemote_khugepaged 0
pgmigrate_success 69225988
pgdemote_kswapd 0
pgdemote_direct 0
pgdemote_khugepaged 0
pgmigrate_success 69225988
pgdemote_kswapd 0
pgdemote_direct 0
pgdemote_khugepaged 0
pgmigrate_success 69225996
pgdemote_kswapd 0
pgdemote_direct 0
pgdemote_khugepaged 0
pgmigrate_success 69225996
pgdemote_kswapd 0
pgdemote_direct 0
pgdemote_khugepaged 0
pgmigrate_success 69225996
pgdemote_kswapd 0
pgdemote_direct 0
pgdemote_khugepaged 0
pgmigrate_success 69225996
pgdemote_kswapd 0
pgdemote_direct 0
pgdemote_khugepaged 0
pgmigrate_success 69225996
pgdemote_kswapd 0
pgdemote_direct 0
pgdemote_khugepaged 0
pgmigrate_success 69225996
pgdemote_kswapd 0
pgdemote_direct 0
pgdemote_khugepaged 0
pgmigrate_success 69225996
pgdemote_kswapd 0
pgdemote_direct 0
pgdemote_khugepaged 0
pgmigrate_success 69225996
pgdemote_kswapd 0
pgdemote_direct 0
pgdemote_khugepaged 0
pgmigrate_success 69225996
pgdemote_kswapd 0
pgdemote_direct 0
pgdemote_khugepaged 0
pgmigrate_success 69225996
pgdemote_kswapd 0
pgdemote_direct 0
pgdemote_khugepaged 0
pgmigrate_success 69225996
pgdemote_kswapd 0
pgdemote_direct 0
pgdemote_khugepaged 0
pgmigrate_success 69225996
pgdemote_kswapd 0
pgdemote_direct 0
pgdemote_khugepaged 0
pgmigrate_success 69225996
pgdemote_kswapd 0
pgdemote_direct 0
pgdemote_khugepaged 0
pgmigrate_success 69225996
pgdemote_kswapd 0
pgdemote_direct 0
pgdemote_khugepaged 0
pgmigrate_success 69225996
pgdemote_kswapd 0
pgdemote_direct 0
pgdemote_khugepaged 0
pgmigrate_success 69225996
pgdemote_kswapd 0
pgdemote_direct 0
pgdemote_khugepaged 0
pgmigrate_success 69225996
pgdemote_kswapd 0
pgdemote_direct 0
pgdemote_khugepaged 0
pgmigrate_success 69225996
pgdemote_kswapd 0
pgdemote_direct 0
pgdemote_khugepaged 0
pgmigrate_success 69225996
pgdemote_kswapd 0
pgdemote_direct 0
pgdemote_khugepaged 0
pgmigrate_success 69225996
pgdemote_kswapd 0
pgdemote_direct 0
pgdemote_khugepaged 0
pgmigrate_success 69225996
pgdemote_kswapd 0
pgdemote_direct 0
pgdemote_khugepaged 0
pgmigrate_success 69225996
pgdemote_kswapd 0
pgdemote_direct 0
pgdemote_khugepaged 0
pgmigrate_success 69225996
pgdemote_kswapd 0
pgdemote_direct 0
pgdemote_khugepaged 0
pgmigrate_success 69225996
pgdemote_kswapd 0
pgdemote_direct 0
pgdemote_khugepaged 0
pgmigrate_success 69225996
pgdemote_kswapd 0
pgdemote_direct 0
pgdemote_khugepaged 0
pgmigrate_success 69225996
pgdemote_kswapd 0
pgdemote_direct 0
pgdemote_khugepaged 0
pgmigrate_success 69225996
pgdemote_kswapd 0
pgdemote_direct 0
pgdemote_khugepaged 0
pgmigrate_success 69226004
pgdemote_kswapd 0
pgdemote_direct 0
pgdemote_khugepaged 0
pgmigrate_success 69226004
pgdemote_kswapd 0
pgdemote_direct 0
pgdemote_khugepaged 0
pgmigrate_success 69226004
pgdemote_kswapd 0
pgdemote_direct 0
pgdemote_khugepaged 0
pgmigrate_success 69226004
pgdemote_kswapd 0
pgdemote_direct 0
pgdemote_khugepaged 0
pgmigrate_success 69226004
pgdemote_kswapd 0
pgdemote_direct 0
pgdemote_khugepaged 0
pgmigrate_success 69226004
pgdemote_kswapd 0
pgdemote_direct 0
pgdemote_khugepaged 0
pgmigrate_success 69226004
pgdemote_kswapd 0
pgdemote_direct 0
pgdemote_khugepaged 0
pgmigrate_success 69226004
pgdemote_kswapd 0
pgdemote_direct 0
pgdemote_khugepaged 0
pgmigrate_success 69226004
pgdemote_kswapd 0
pgdemote_direct 0
pgdemote_khugepaged 0
pgmigrate_success 69226004
pgdemote_kswapd 0
pgdemote_direct 0
pgdemote_khugepaged 0
pgmigrate_success 69226004
pgdemote_kswapd 0
pgdemote_direct 0
pgdemote_khugepaged 0
pgmigrate_success 69226004
pgdemote_kswapd 0
pgdemote_direct 0
pgdemote_khugepaged 0
pgmigrate_success 69226004
pgdemote_kswapd 0
pgdemote_direct 0
pgdemote_khugepaged 0
pgmigrate_success 69226004
pgdemote_kswapd 0
pgdemote_direct 0
pgdemote_khugepaged 0
pgmigrate_success 69226004
pgdemote_kswapd 0
pgdemote_direct 0
pgdemote_khugepaged 0
pgmigrate_success 69226004
pgdemote_kswapd 0
pgdemote_direct 0
pgdemote_khugepaged 0
pgmigrate_success 69226004
pgdemote_kswapd 0
pgdemote_direct 0
pgdemote_khugepaged 0
pgmigrate_success 69226004
pgdemote_kswapd 0
pgdemote_direct 0
pgdemote_khugepaged 0
pgmigrate_success 69226004
pgdemote_kswapd 0
pgdemote_direct 0
pgdemote_khugepaged 0
pgmigrate_success 69226004
pgdemote_kswapd 0
pgdemote_direct 0
pgdemote_khugepaged 0
pgmigrate_success 69226004
pgdemote_kswapd 0
pgdemote_direct 0
pgdemote_khugepaged 0
pgmigrate_success 69226004
pgdemote_kswapd 0
pgdemote_direct 0
pgdemote_khugepaged 0
pgmigrate_success 69226004
pgdemote_kswapd 0
pgdemote_direct 0
pgdemote_khugepaged 0
pgmigrate_success 69226004
pgdemote_kswapd 0
pgdemote_direct 0
pgdemote_khugepaged 0
pgmigrate_success 69226004
pgdemote_kswapd 0
pgdemote_direct 0
pgdemote_khugepaged 0
pgmigrate_success 69226004
pgdemote_kswapd 0
pgdemote_direct 0
pgdemote_khugepaged 0
pgmigrate_success 69226004
pgdemote_kswapd 0
pgdemote_direct 0
pgdemote_khugepaged 0
pgmigrate_success 69226004
pgdemote_kswapd 0
pgdemote_direct 0
pgdemote_khugepaged 0
pgmigrate_success 69226004
pgdemote_kswapd 0
pgdemote_direct 0
pgdemote_khugepaged 0
pgmigrate_success 69226004
pgdemote_kswapd 0
pgdemote_direct 0
pgdemote_khugepaged 0
pgmigrate_success 69226004
pgdemote_kswapd 0
pgdemote_direct 0
pgdemote_khugepaged 0
pgmigrate_success 69226004
pgdemote_kswapd 0
pgdemote_direct 0
pgdemote_khugepaged 0
pgmigrate_success 69226004
pgdemote_kswapd 0
pgdemote_direct 0
pgdemote_khugepaged 0
pgmigrate_success 69226004
pgdemote_kswapd 0
pgdemote_direct 0
pgdemote_khugepaged 0
pgmigrate_success 69226004
pgdemote_kswapd 0
pgdemote_direct 0
pgdemote_khugepaged 0
pgmigrate_success 69226004
pgdemote_kswapd 0
pgdemote_direct 0
pgdemote_khugepaged 0
pgmigrate_success 69226004
pgdemote_kswapd 0
pgdemote_direct 0
pgdemote_khugepaged 0
pgmigrate_success 69226004
pgdemote_kswapd 0
pgdemote_direct 0
pgdemote_khugepaged 0
pgmigrate_success 69226004
pgdemote_kswapd 0
pgdemote_direct 0
pgdemote_khugepaged 0
pgmigrate_success 69226004
pgdemote_kswapd 0
pgdemote_direct 0
pgdemote_khugepaged 0
pgmigrate_success 69226004
pgdemote_kswapd 0
pgdemote_direct 0
pgdemote_khugepaged 0
pgmigrate_success 69226004
pgdemote_kswapd 0
pgdemote_direct 0
pgdemote_khugepaged 0
pgmigrate_success 69226004
pgdemote_kswapd 0
pgdemote_direct 0
pgdemote_khugepaged 0
pgmigrate_success 69226004
pgdemote_kswapd 0
pgdemote_direct 0
pgdemote_khugepaged 0
pgmigrate_success 69226004
pgdemote_kswapd 0
pgdemote_direct 0
pgdemote_khugepaged 0
pgmigrate_success 69226004
pgdemote_kswapd 0
pgdemote_direct 0
pgdemote_khugepaged 0
pgmigrate_success 69226004
pgdemote_kswapd 0
pgdemote_direct 0
pgdemote_khugepaged 0
pgmigrate_success 69226004
pgdemote_kswapd 0
pgdemote_direct 0
pgdemote_khugepaged 0
pgmigrate_success 69226004
pgdemote_kswapd 0
pgdemote_direct 0
pgdemote_khugepaged 0
pgmigrate_success 69226004
pgdemote_kswapd 0
pgdemote_direct 0
pgdemote_khugepaged 0
pgmigrate_success 69226004
pgdemote_kswapd 0
pgdemote_direct 0
pgdemote_khugepaged 0
pgmigrate_success 69226004
pgdemote_kswapd 0
pgdemote_direct 0
pgdemote_khugepaged 0
pgmigrate_success 69226004
pgdemote_kswapd 0
pgdemote_direct 0
pgdemote_khugepaged 0
pgmigrate_success 69226004
pgdemote_kswapd 0
pgdemote_direct 0
pgdemote_khugepaged 0
pgmigrate_success 69226004
pgdemote_kswapd 0
pgdemote_direct 0
pgdemote_khugepaged 0
pgmigrate_success 69226004
pgdemote_kswapd 0
pgdemote_direct 0
pgdemote_khugepaged 0
pgmigrate_success 69226004
pgdemote_kswapd 0
pgdemote_direct 0
pgdemote_khugepaged 0
pgmigrate_success 69226004
pgdemote_kswapd 0
pgdemote_direct 0
pgdemote_khugepaged 0
pgmigrate_success 69226004
pgdemote_kswapd 0
pgdemote_direct 0
pgdemote_khugepaged 0
pgmigrate_success 69226004
pgdemote_kswapd 0
pgdemote_direct 0
pgdemote_khugepaged 0
pgmigrate_success 69226004
pgdemote_kswapd 0
pgdemote_direct 0
pgdemote_khugepaged 0
pgmigrate_success 69226004
pgdemote_kswapd 0
pgdemote_direct 0
pgdemote_khugepaged 0
pgmigrate_success 69226004
pgdemote_kswapd 0
pgdemote_direct 0
pgdemote_khugepaged 0
pgmigrate_success 69226004
pgdemote_kswapd 0
pgdemote_direct 0
pgdemote_khugepaged 0
pgmigrate_success 69226004
pgdemote_kswapd 0
pgdemote_direct 0
pgdemote_khugepaged 0
pgmigrate_success 69226004
pgdemote_kswapd 0
pgdemote_direct 0
pgdemote_khugepaged 0
pgmigrate_success 69226004
pgdemote_kswapd 0
pgdemote_direct 0
pgdemote_khugepaged 0
pgmigrate_success 69226004
pgdemote_kswapd 0
pgdemote_direct 0
pgdemote_khugepaged 0
pgmigrate_success 69226004
pgdemote_kswapd 0
pgdemote_direct 0
pgdemote_khugepaged 0
pgmigrate_success 69226004
pgdemote_kswapd 0
pgdemote_direct 0
pgdemote_khugepaged 0
pgmigrate_success 69226004
pgdemote_kswapd 0
pgdemote_direct 0
pgdemote_khugepaged 0
pgmigrate_success 69226004
pgdemote_kswapd 0
pgdemote_direct 0
pgdemote_khugepaged 0
pgmigrate_success 69226004
pgdemote_kswapd 0
pgdemote_direct 0
pgdemote_khugepaged 0
pgmigrate_success 69226004
pgdemote_kswapd 0
pgdemote_direct 0
pgdemote_khugepaged 0
pgmigrate_success 69226004
pgdemote_kswapd 0
pgdemote_direct 0
pgdemote_khugepaged 0
pgmigrate_success 69226004
pgdemote_kswapd 0
pgdemote_direct 0
pgdemote_khugepaged 0
pgmigrate_success 69226004
pgdemote_kswapd 0
pgdemote_direct 0
pgdemote_khugepaged 0
pgmigrate_success 69226004
pgdemote_kswapd 0
pgdemote_direct 0
pgdemote_khugepaged 0
pgmigrate_success 69226004
pgdemote_kswapd 0
pgdemote_direct 0
pgdemote_khugepaged 0
pgmigrate_success 69226004
pgdemote_kswapd 0
pgdemote_direct 0
pgdemote_khugepaged 0
pgmigrate_success 69226004
pgdemote_kswapd 0
pgdemote_direct 0
pgdemote_khugepaged 0
pgmigrate_success 69226004
pgdemote_kswapd 0
pgdemote_direct 0
pgdemote_khugepaged 0
pgmigrate_success 69226004
pgdemote_kswapd 0
pgdemote_direct 0
pgdemote_khugepaged 0
pgmigrate_success 69226004
pgdemote_kswapd 0
pgdemote_direct 0
pgdemote_khugepaged 0
pgmigrate_success 69226004
pgdemote_kswapd 0
pgdemote_direct 0
pgdemote_khugepaged 0
pgmigrate_success 69226004
pgdemote_kswapd 0
pgdemote_direct 0
pgdemote_khugepaged 0
pgmigrate_success 69226004
pgdemote_kswapd 0
pgdemote_direct 0
pgdemote_khugepaged 0
pgmigrate_success 69226004
pgdemote_kswapd 0
pgdemote_direct 0
pgdemote_khugepaged 0
pgmigrate_success 69226004
pgdemote_kswapd 0
pgdemote_direct 0
pgdemote_khugepaged 0
pgmigrate_success 69226004
pgdemote_kswapd 0
pgdemote_direct 0
pgdemote_khugepaged 0
pgmigrate_success 69226004
pgdemote_kswapd 0
pgdemote_direct 0
pgdemote_khugepaged 0
pgmigrate_success 69226004
pgdemote_kswapd 0
pgdemote_direct 0
pgdemote_khugepaged 0
pgmigrate_success 69226004
pgdemote_kswapd 0
pgdemote_direct 0
pgdemote_khugepaged 0
pgmigrate_success 69226004
pgdemote_kswapd 0
pgdemote_direct 0
pgdemote_khugepaged 0
pgmigrate_success 69226004
pgdemote_kswapd 0
pgdemote_direct 0
pgdemote_khugepaged 0
pgmigrate_success 69226004
pgdemote_kswapd 0
pgdemote_direct 0
pgdemote_khugepaged 0
pgmigrate_success 69226004
pgdemote_kswapd 0
pgdemote_direct 0
pgdemote_khugepaged 0
pgmigrate_success 69226004
pgdemote_kswapd 0
pgdemote_direct 0
pgdemote_khugepaged 0
pgmigrate_success 69226004
pgdemote_kswapd 0
pgdemote_direct 0
pgdemote_khugepaged 0
pgmigrate_success 69226004
pgdemote_kswapd 0
pgdemote_direct 0
pgdemote_khugepaged 0
pgmigrate_success 69226004
pgdemote_kswapd 0
pgdemote_direct 0
pgdemote_khugepaged 0
pgmigrate_success 69226004
pgdemote_kswapd 0
pgdemote_direct 0
pgdemote_khugepaged 0
pgmigrate_success 69226004
pgdemote_kswapd 0
pgdemote_direct 0
pgdemote_khugepaged 0
pgmigrate_success 69226004
pgdemote_kswapd 0
pgdemote_direct 0
pgdemote_khugepaged 0
pgmigrate_success 69226004
pgdemote_kswapd 0
pgdemote_direct 0
pgdemote_khugepaged 0
pgmigrate_success 69226004
pgdemote_kswapd 0
pgdemote_direct 0
pgdemote_khugepaged 0
pgmigrate_success 69226004
pgdemote_kswapd 0
pgdemote_direct 0
pgdemote_khugepaged 0
pgmigrate_success 69226004
pgdemote_kswapd 0
pgdemote_direct 0
pgdemote_khugepaged 0
pgmigrate_success 69226004
pgdemote_kswapd 0
pgdemote_direct 0
pgdemote_khugepaged 0
pgmigrate_success 69226004
pgdemote_kswapd 0
pgdemote_direct 0
pgdemote_khugepaged 0
pgmigrate_success 69226004
pgdemote_kswapd 0
pgdemote_direct 0
pgdemote_khugepaged 0
pgmigrate_success 69226004
pgdemote_kswapd 0
pgdemote_direct 0
pgdemote_khugepaged 0
pgmigrate_success 69226004
pgdemote_kswapd 0
pgdemote_direct 0
pgdemote_khugepaged 0
pgmigrate_success 69226004
pgdemote_kswapd 0
pgdemote_direct 0
pgdemote_khugepaged 0
pgmigrate_success 69226004
pgdemote_kswapd 0
pgdemote_direct 0
pgdemote_khugepaged 0
pgmigrate_success 69226004
pgdemote_kswapd 0
pgdemote_direct 0
pgdemote_khugepaged 0
pgmigrate_success 69226004
pgdemote_kswapd 0
pgdemote_direct 0
pgdemote_khugepaged 0
pgmigrate_success 69226004
pgdemote_kswapd 0
pgdemote_direct 0
pgdemote_khugepaged 0
pgmigrate_success 69226004
pgdemote_kswapd 0
pgdemote_direct 0
pgdemote_khugepaged 0
pgmigrate_success 69226004
pgdemote_kswapd 0
pgdemote_direct 0
pgdemote_khugepaged 0
pgmigrate_success 69226004
pgdemote_kswapd 0
pgdemote_direct 0
pgdemote_khugepaged 0
pgmigrate_success 69226004
pgdemote_kswapd 0
pgdemote_direct 0
pgdemote_khugepaged 0
pgmigrate_success 69226004
pgdemote_kswapd 0
pgdemote_direct 0
pgdemote_khugepaged 0
pgmigrate_success 69226004
pgdemote_kswapd 0
pgdemote_direct 0
pgdemote_khugepaged 0
pgmigrate_success 69226004
pgdemote_kswapd 0
pgdemote_direct 0
pgdemote_khugepaged 0
pgmigrate_success 69226004
pgdemote_kswapd 0
pgdemote_direct 0
pgdemote_khugepaged 0
pgmigrate_success 69226004
pgdemote_kswapd 0
pgdemote_direct 0
pgdemote_khugepaged 0
pgmigrate_success 69226004
pgdemote_kswapd 0
pgdemote_direct 0
pgdemote_khugepaged 0
pgmigrate_success 69226004
pgdemote_kswapd 0
pgdemote_direct 0
pgdemote_khugepaged 0
pgmigrate_success 69226004
pgdemote_kswapd 0
pgdemote_direct 0
pgdemote_khugepaged 0
pgmigrate_success 69226004
pgdemote_kswapd 0
pgdemote_direct 0
pgdemote_khugepaged 0
pgmigrate_success 69226004
pgdemote_kswapd 0
pgdemote_direct 0
pgdemote_khugepaged 0
pgmigrate_success 69226004
pgdemote_kswapd 0
pgdemote_direct 0
pgdemote_khugepaged 0
pgmigrate_success 69226004
pgdemote_kswapd 0
pgdemote_direct 0
pgdemote_khugepaged 0
pgmigrate_success 69226004
pgdemote_kswapd 0
pgdemote_direct 0
pgdemote_khugepaged 0
pgmigrate_success 69226004
pgdemote_kswapd 0
pgdemote_direct 0
pgdemote_khugepaged 0
pgmigrate_success 69226004
pgdemote_kswapd 0
pgdemote_direct 0
pgdemote_khugepaged 0
pgmigrate_success 69226004
pgdemote_kswapd 0
pgdemote_direct 0
pgdemote_khugepaged 0
pgmigrate_success 69226004
pgdemote_kswapd 0
pgdemote_direct 0
pgdemote_khugepaged 0
pgmigrate_success 69226004
pgdemote_kswapd 0
pgdemote_direct 0
pgdemote_khugepaged 0
pgmigrate_success 69226004
pgdemote_kswapd 0
pgdemote_direct 0
pgdemote_khugepaged 0
pgmigrate_success 69226004
pgdemote_kswapd 0
pgdemote_direct 0
pgdemote_khugepaged 0
pgmigrate_success 69226004
pgdemote_kswapd 0
pgdemote_direct 0
pgdemote_khugepaged 0
pgmigrate_success 69226004
pgdemote_kswapd 0
pgdemote_direct 0
pgdemote_khugepaged 0
pgmigrate_success 69226004
pgdemote_kswapd 0
pgdemote_direct 0
pgdemote_khugepaged 0
pgmigrate_success 69226004
pgdemote_kswapd 0
pgdemote_direct 0
pgdemote_khugepaged 0
pgmigrate_success 69226004
pgdemote_kswapd 0
pgdemote_direct 0
pgdemote_khugepaged 0
pgmigrate_success 69226004
pgdemote_kswapd 0
pgdemote_direct 0
pgdemote_khugepaged 0
pgmigrate_success 69226004
pgdemote_kswapd 0
pgdemote_direct 0
pgdemote_khugepaged 0
pgmigrate_success 69226004
pgdemote_kswapd 0
pgdemote_direct 0
pgdemote_khugepaged 0
pgmigrate_success 69226004
pgdemote_kswapd 0
pgdemote_direct 0
pgdemote_khugepaged 0
pgmigrate_success 69226004
pgdemote_kswapd 0
pgdemote_direct 0
pgdemote_khugepaged 0
pgmigrate_success 69226004
pgdemote_kswapd 0
pgdemote_direct 0
pgdemote_khugepaged 0
pgmigrate_success 69226004
pgdemote_kswapd 0
pgdemote_direct 0
pgdemote_khugepaged 0
pgmigrate_success 69226004
pgdemote_kswapd 0
pgdemote_direct 0
pgdemote_khugepaged 0
pgmigrate_success 69226004
pgdemote_kswapd 0
pgdemote_direct 0
pgdemote_khugepaged 0
pgmigrate_success 69226004
pgdemote_kswapd 0
pgdemote_direct 0
pgdemote_khugepaged 0
pgmigrate_success 69226004
pgdemote_kswapd 0
pgdemote_direct 0
pgdemote_khugepaged 0
pgmigrate_success 69226004
pgdemote_kswapd 0
pgdemote_direct 0
pgdemote_khugepaged 0
pgmigrate_success 69226004
pgdemote_kswapd 0
pgdemote_direct 0
pgdemote_khugepaged 0
pgmigrate_success 69226004
pgdemote_kswapd 0
pgdemote_direct 0
pgdemote_khugepaged 0
pgmigrate_success 69226004
pgdemote_kswapd 0
pgdemote_direct 0
pgdemote_khugepaged 0
pgmigrate_success 69226004
pgdemote_kswapd 0
pgdemote_direct 0
pgdemote_khugepaged 0
pgmigrate_success 69226004
