Running with 
	Sample interval: 100 ms
	Adjust interval: 6000 ms
	Bandwidth saturation cutoff: 250000 MB/s
0
92
8
Target ratio: 92 BW Change: 0 Int Change: 1600 BW: 416508
84
16
Target ratio: 84 BW Change: 21 Int Change: 800 BW: 415630
76
24
Target ratio: 76 BW Change: -88 Int Change: 800 BW: 419301
68
32
Target ratio: 68 BW Change: 32 Int Change: 800 BW: 417947
62
38
Target ratio: 62 BW Change: 394 Int Change: 800 BW: 401441
56
44
Target ratio: 56 BW Change: 72 Int Change: 600 BW: 398522
53
47
Target ratio: 53 BW Change: 514 Int Change: 600 BW: 378025
53
47
Target ratio: 53 BW Change: 395 Int Change: 300 BW: 363062
57
43
Target ratio: 57 BW Change: 1278 Int Change: 0 BW: 316643
61
39
Target ratio: 61 BW Change: -758 Int Change: -400 BW: 340656
65
35
Target ratio: 65 BW Change: -750 Int Change: -400 BW: 366235
63
37
Target ratio: 63 BW Change: -89 Int Change: -400 BW: 369531
61
39
Target ratio: 61 BW Change: -401 Int Change: 200 BW: 384360
61
39
Target ratio: 61 BW Change: 68 Int Change: 200 BW: 381712
61
39
Target ratio: 61 BW Change: 50 Int Change: 0 BW: 379767
61
39
Target ratio: 61 BW Change: 102 Int Change: 0 BW: 377792
61
39
Target ratio: 61 BW Change: 149 Int Change: 0 BW: 376005
